Jul 31 00:44:40 INFO >> {"message": "Waiting for suitable server to become available", "selector": "Primary()", "operation": "find", "topologyDescription": "<TopologyDescription id: 66a988f8bf248bf237296011, topology_type: Unknown, servers: [<ServerDescription ('localhost', 27017) server_type: Unknown, rtt: None>]>", "clientId": {"$oid": "66a988f8bf248bf237296011"}, "remainingTimeMS": 29}
Jul 31 00:44:40 INFO >> Features initialized as the following:
Jul 31 00:44:40 INFO >> num_unique_dms
Jul 31 00:44:40 INFO >> num_unique_freqs
Jul 31 00:44:40 INFO >> ndetections
Jul 31 00:44:40 INFO >> nharm
Jul 31 00:44:40 INFO >> log_p_dm
Jul 31 00:44:40 INFO >> ['dm_sigma_FitGaussWidth_gauss_sigma', 'dm_sigma_FitGaussWidth_gauss_sigma_rel_err', 'dm_sigma_FitGaussWidth_ndof', 'dm_sigma_FitGaussWidth_rms_err']
Jul 31 00:44:40 INFO >> ['dm_sigma_FitGauss_amplitude', 'dm_sigma_FitGauss_mu', 'dm_sigma_FitGauss_gauss_sigma', 'dm_sigma_FitGauss_amplitude_rel_err', 'dm_sigma_FitGauss_mu_rel_err', 'dm_sigma_FitGauss_gauss_sigma_rel_err', 'dm_sigma_FitGauss_amplitude-detection', 'dm_sigma_FitGauss_mu-detection', 'dm_sigma_FitGauss_ndof', 'dm_sigma_FitGauss_rms_err']
Jul 31 00:44:40 INFO >> ['freq_sigma_FitGaussWidth_gauss_sigma', 'freq_sigma_FitGaussWidth_gauss_sigma_rel_err', 'freq_sigma_FitGaussWidth_ndof', 'freq_sigma_FitGaussWidth_rms_err']
Jul 31 00:44:40 INFO >> ['freq_sigma_FitGauss_amplitude', 'freq_sigma_FitGauss_mu', 'freq_sigma_FitGauss_gauss_sigma', 'freq_sigma_FitGauss_amplitude_rel_err', 'freq_sigma_FitGauss_mu_rel_err', 'freq_sigma_FitGauss_gauss_sigma_rel_err', 'freq_sigma_FitGauss_amplitude-detection', 'freq_sigma_FitGauss_mu-detection', 'freq_sigma_FitGauss_ndof', 'freq_sigma_FitGauss_rms_err']
Jul 31 00:44:40 INFO >> Performing searching on cumulative stack 315.95 49.23
Jul 31 00:44:40 INFO >> Loading the cumulative power spectra stack to search
Jul 31 00:45:15 INFO >> DM: 107.3817479147
Jul 31 00:45:15 INFO >> sigma: 11.28372911
Jul 31 00:45:15 INFO >> frequency: 199.52623149688787
Jul 31 00:45:15 INFO >> Injecting 2 harmonics.
Jul 31 00:45:15 INFO >> Starting DM: 106.86501736113578
Jul 31 00:45:15 INFO >> Stopping DM: 107.87699669220714
Jul 31 00:45:21 INFO >> Start searching 6558 dm trials using 32 harmonics.
Jul 31 00:45:21 INFO >> Number of dm trials in single multi processing job: 10
Jul 31 00:46:09 INFO >> Total number of detections=15583
Jul 31 00:46:09 INFO >> Clustering the detections
Jul 31 00:46:09 INFO >> Starting clustering
Jul 31 00:46:09 INFO >> Rogue harmonic power filter reduced detections from 15583 to 8525
Jul 31 00:46:09 INFO >> Filtering out duplicate freq,dm detections at multiple nharms removes 789 detections
Jul 31 00:46:09 INFO >> Duplicate freq,dm filter reduced detections to 7736
Jul 31 00:46:09 INFO >> Number of detections over threshold sigma (6.0): 7736
Jul 31 00:46:09 INFO >> Grouping duplicate frequencies together first
Jul 31 00:46:09 INFO >> Grouping duplicate frequencies removed 7214 detections from the harmonic metric computation
Jul 31 00:46:09 INFO >> Starting freq-DM distance metric computation
Jul 31 00:46:09 INFO >> Finished freq-DM distance metric computation
Jul 31 00:46:09 INFO >> Largest group size for metric computation is 97
Jul 31 00:46:09 INFO >> Starting harmonic distance metric computation
Jul 31 00:46:10 INFO >> Finished harmonic distance metric computation
Jul 31 00:46:10 INFO >> Starting DBSCAN
Jul 31 00:46:10 INFO >> Finished DBSCAN
Jul 31 00:46:10 INFO >> Clusters found: 75
Jul 31 00:46:10 INFO >> Filtered 32 clusters below or equal 2 DM.
Jul 31 00:46:10 INFO >> Total number of candidate clusters=0
Jul 31 00:46:10 INFO >> Candidate Processor of stack (315.95 49.23)
Jul 31 00:46:10 INFO >> Making SinglePointingCandidates from a list of 0 PowerSpectraDetectionClusters
Jul 31 00:46:12 INFO >> saved candidates to ./results//candidates_cumul/315.95_49.23_cumulative_power_spectra_stack_20220627_11_candidates.npz
Jul 31 00:46:12 INFO >> 0 candidates.
Jul 31 00:46:14 INFO >> Unlinked shared memory for cumulative stack.
Jul 31 00:46:14 INFO >> Pipeline execution time: 1.57 minutes
