Jul 31 03:50:25 INFO >> {"message": "Waiting for suitable server to become available", "selector": "Primary()", "operation": "find", "topologyDescription": "<TopologyDescription id: 66a9b48143c5bd61fd0a8e1e, topology_type: Unknown, servers: [<ServerDescription ('localhost', 27017) server_type: Unknown, rtt: None>]>", "clientId": {"$oid": "66a9b48143c5bd61fd0a8e1e"}, "remainingTimeMS": 29}
Jul 31 03:50:26 INFO >> Features initialized as the following:
Jul 31 03:50:26 INFO >> num_unique_dms
Jul 31 03:50:26 INFO >> num_unique_freqs
Jul 31 03:50:26 INFO >> ndetections
Jul 31 03:50:26 INFO >> nharm
Jul 31 03:50:26 INFO >> log_p_dm
Jul 31 03:50:26 INFO >> ['dm_sigma_FitGaussWidth_gauss_sigma', 'dm_sigma_FitGaussWidth_gauss_sigma_rel_err', 'dm_sigma_FitGaussWidth_ndof', 'dm_sigma_FitGaussWidth_rms_err']
Jul 31 03:50:26 INFO >> ['dm_sigma_FitGauss_amplitude', 'dm_sigma_FitGauss_mu', 'dm_sigma_FitGauss_gauss_sigma', 'dm_sigma_FitGauss_amplitude_rel_err', 'dm_sigma_FitGauss_mu_rel_err', 'dm_sigma_FitGauss_gauss_sigma_rel_err', 'dm_sigma_FitGauss_amplitude-detection', 'dm_sigma_FitGauss_mu-detection', 'dm_sigma_FitGauss_ndof', 'dm_sigma_FitGauss_rms_err']
Jul 31 03:50:26 INFO >> ['freq_sigma_FitGaussWidth_gauss_sigma', 'freq_sigma_FitGaussWidth_gauss_sigma_rel_err', 'freq_sigma_FitGaussWidth_ndof', 'freq_sigma_FitGaussWidth_rms_err']
Jul 31 03:50:26 INFO >> ['freq_sigma_FitGauss_amplitude', 'freq_sigma_FitGauss_mu', 'freq_sigma_FitGauss_gauss_sigma', 'freq_sigma_FitGauss_amplitude_rel_err', 'freq_sigma_FitGauss_mu_rel_err', 'freq_sigma_FitGauss_gauss_sigma_rel_err', 'freq_sigma_FitGauss_amplitude-detection', 'freq_sigma_FitGauss_mu-detection', 'freq_sigma_FitGauss_ndof', 'freq_sigma_FitGauss_rms_err']
Jul 31 03:50:26 INFO >> Performing searching on cumulative stack 315.95 49.23
Jul 31 03:50:26 INFO >> Loading the cumulative power spectra stack to search
Jul 31 03:50:54 INFO >> DM: 107.3817479147
Jul 31 03:50:54 INFO >> sigma: 11.28372911
Jul 31 03:50:54 INFO >> frequency: 179.6989148532594
Jul 31 03:50:54 INFO >> Injecting 2 harmonics.
Jul 31 03:50:54 INFO >> Starting DM: 106.76381942802864
Jul 31 03:50:54 INFO >> Stopping DM: 107.97819462531429
Jul 31 03:50:59 INFO >> Start searching 6558 dm trials using 32 harmonics.
Jul 31 03:50:59 INFO >> Number of dm trials in single multi processing job: 10
Jul 31 03:51:46 INFO >> Total number of detections=15582
Jul 31 03:51:46 INFO >> Clustering the detections
Jul 31 03:51:46 INFO >> Starting clustering
Jul 31 03:51:46 INFO >> Rogue harmonic power filter reduced detections from 15582 to 8524
Jul 31 03:51:46 INFO >> Filtering out duplicate freq,dm detections at multiple nharms removes 789 detections
Jul 31 03:51:46 INFO >> Duplicate freq,dm filter reduced detections to 7735
Jul 31 03:51:46 INFO >> Number of detections over threshold sigma (6.0): 7735
Jul 31 03:51:46 INFO >> Grouping duplicate frequencies together first
Jul 31 03:51:46 INFO >> Grouping duplicate frequencies removed 7215 detections from the harmonic metric computation
Jul 31 03:51:46 INFO >> Starting freq-DM distance metric computation
Jul 31 03:51:46 INFO >> Finished freq-DM distance metric computation
Jul 31 03:51:47 INFO >> Largest group size for metric computation is 97
Jul 31 03:51:47 INFO >> Starting harmonic distance metric computation
Jul 31 03:51:47 INFO >> Finished harmonic distance metric computation
Jul 31 03:51:47 INFO >> Starting DBSCAN
Jul 31 03:51:47 INFO >> Finished DBSCAN
Jul 31 03:51:47 INFO >> Clusters found: 75
Jul 31 03:51:47 INFO >> Filtered 32 clusters below or equal 2 DM.
Jul 31 03:51:47 INFO >> Total number of candidate clusters=0
Jul 31 03:51:47 INFO >> Candidate Processor of stack (315.95 49.23)
Jul 31 03:51:47 INFO >> Making SinglePointingCandidates from a list of 0 PowerSpectraDetectionClusters
Jul 31 03:51:50 INFO >> saved candidates to ./results//candidates_cumul/315.95_49.23_cumulative_power_spectra_stack_20220627_11_candidates.npz
Jul 31 03:51:50 INFO >> 0 candidates.
Jul 31 03:51:51 INFO >> Unlinked shared memory for cumulative stack.
Jul 31 03:51:51 INFO >> Pipeline execution time: 1.43 minutes
