Jul 31 02:45:24 INFO >> {"message": "Waiting for suitable server to become available", "selector": "Primary()", "operation": "find", "topologyDescription": "<TopologyDescription id: 66a9a544425d41f7aff419f9, topology_type: Unknown, servers: [<ServerDescription ('localhost', 27017) server_type: Unknown, rtt: None>]>", "clientId": {"$oid": "66a9a544425d41f7aff419f9"}, "remainingTimeMS": 29}
Jul 31 02:45:24 INFO >> Features initialized as the following:
Jul 31 02:45:24 INFO >> num_unique_dms
Jul 31 02:45:24 INFO >> num_unique_freqs
Jul 31 02:45:24 INFO >> ndetections
Jul 31 02:45:24 INFO >> nharm
Jul 31 02:45:24 INFO >> log_p_dm
Jul 31 02:45:24 INFO >> ['dm_sigma_FitGaussWidth_gauss_sigma', 'dm_sigma_FitGaussWidth_gauss_sigma_rel_err', 'dm_sigma_FitGaussWidth_ndof', 'dm_sigma_FitGaussWidth_rms_err']
Jul 31 02:45:24 INFO >> ['dm_sigma_FitGauss_amplitude', 'dm_sigma_FitGauss_mu', 'dm_sigma_FitGauss_gauss_sigma', 'dm_sigma_FitGauss_amplitude_rel_err', 'dm_sigma_FitGauss_mu_rel_err', 'dm_sigma_FitGauss_gauss_sigma_rel_err', 'dm_sigma_FitGauss_amplitude-detection', 'dm_sigma_FitGauss_mu-detection', 'dm_sigma_FitGauss_ndof', 'dm_sigma_FitGauss_rms_err']
Jul 31 02:45:24 INFO >> ['freq_sigma_FitGaussWidth_gauss_sigma', 'freq_sigma_FitGaussWidth_gauss_sigma_rel_err', 'freq_sigma_FitGaussWidth_ndof', 'freq_sigma_FitGaussWidth_rms_err']
Jul 31 02:45:24 INFO >> ['freq_sigma_FitGauss_amplitude', 'freq_sigma_FitGauss_mu', 'freq_sigma_FitGauss_gauss_sigma', 'freq_sigma_FitGauss_amplitude_rel_err', 'freq_sigma_FitGauss_mu_rel_err', 'freq_sigma_FitGauss_gauss_sigma_rel_err', 'freq_sigma_FitGauss_amplitude-detection', 'freq_sigma_FitGauss_mu-detection', 'freq_sigma_FitGauss_ndof', 'freq_sigma_FitGauss_rms_err']
Jul 31 02:45:25 INFO >> Performing searching on cumulative stack 315.95 49.23
Jul 31 02:45:25 INFO >> Loading the cumulative power spectra stack to search
Jul 31 02:45:54 INFO >> DM: 107.3817479147
Jul 31 02:45:54 INFO >> sigma: 11.28372911
Jul 31 02:45:54 INFO >> frequency: 121.01195656561856
Jul 31 02:45:54 INFO >> Injecting 4 harmonics.
Jul 31 02:45:54 INFO >> Starting DM: 106.56142356181435
Jul 31 02:45:54 INFO >> Stopping DM: 108.28178842463568
Jul 31 02:45:59 INFO >> Start searching 6558 dm trials using 32 harmonics.
Jul 31 02:45:59 INFO >> Number of dm trials in single multi processing job: 10
Jul 31 02:46:46 INFO >> Total number of detections=15593
Jul 31 02:46:46 INFO >> Clustering the detections
Jul 31 02:46:46 INFO >> Starting clustering
Jul 31 02:46:46 INFO >> Rogue harmonic power filter reduced detections from 15593 to 8535
Jul 31 02:46:46 INFO >> Filtering out duplicate freq,dm detections at multiple nharms removes 794 detections
Jul 31 02:46:46 INFO >> Duplicate freq,dm filter reduced detections to 7741
Jul 31 02:46:46 INFO >> Number of detections over threshold sigma (6.0): 7741
Jul 31 02:46:46 INFO >> Grouping duplicate frequencies together first
Jul 31 02:46:46 INFO >> Grouping duplicate frequencies removed 7217 detections from the harmonic metric computation
Jul 31 02:46:46 INFO >> Starting freq-DM distance metric computation
Jul 31 02:46:47 INFO >> Finished freq-DM distance metric computation
Jul 31 02:46:47 INFO >> Largest group size for metric computation is 97
Jul 31 02:46:47 INFO >> Starting harmonic distance metric computation
Jul 31 02:46:48 INFO >> Finished harmonic distance metric computation
Jul 31 02:46:48 INFO >> Starting DBSCAN
Jul 31 02:46:48 INFO >> Finished DBSCAN
Jul 31 02:46:48 INFO >> Clusters found: 76
Jul 31 02:46:48 INFO >> Filtered 32 clusters below or equal 2 DM.
Jul 31 02:46:48 INFO >> Total number of candidate clusters=1
Jul 31 02:46:48 INFO >> Candidate Processor of stack (315.95 49.23)
Jul 31 02:46:48 INFO >> Making SinglePointingCandidates from a list of 1 PowerSpectraDetectionClusters
Jul 31 02:46:50 INFO >> saved candidates to ./results//candidates_cumul/315.95_49.23_cumulative_power_spectra_stack_20220627_11_candidates.npz
Jul 31 02:46:50 INFO >> 1 candidates.
Jul 31 02:46:52 INFO >> Unlinked shared memory for cumulative stack.
Jul 31 02:46:52 INFO >> Pipeline execution time: 1.46 minutes
