Jul 31 00:56:14 INFO >> {"message": "Waiting for suitable server to become available", "selector": "Primary()", "operation": "find", "topologyDescription": "<TopologyDescription id: 66a98baed36b2af2b38da269, topology_type: Unknown, servers: [<ServerDescription ('localhost', 27017) server_type: Unknown, rtt: None>]>", "clientId": {"$oid": "66a98baed36b2af2b38da269"}, "remainingTimeMS": 29}
Jul 31 00:56:14 INFO >> Features initialized as the following:
Jul 31 00:56:14 INFO >> num_unique_dms
Jul 31 00:56:14 INFO >> num_unique_freqs
Jul 31 00:56:14 INFO >> ndetections
Jul 31 00:56:14 INFO >> nharm
Jul 31 00:56:14 INFO >> log_p_dm
Jul 31 00:56:14 INFO >> ['dm_sigma_FitGaussWidth_gauss_sigma', 'dm_sigma_FitGaussWidth_gauss_sigma_rel_err', 'dm_sigma_FitGaussWidth_ndof', 'dm_sigma_FitGaussWidth_rms_err']
Jul 31 00:56:14 INFO >> ['dm_sigma_FitGauss_amplitude', 'dm_sigma_FitGauss_mu', 'dm_sigma_FitGauss_gauss_sigma', 'dm_sigma_FitGauss_amplitude_rel_err', 'dm_sigma_FitGauss_mu_rel_err', 'dm_sigma_FitGauss_gauss_sigma_rel_err', 'dm_sigma_FitGauss_amplitude-detection', 'dm_sigma_FitGauss_mu-detection', 'dm_sigma_FitGauss_ndof', 'dm_sigma_FitGauss_rms_err']
Jul 31 00:56:14 INFO >> ['freq_sigma_FitGaussWidth_gauss_sigma', 'freq_sigma_FitGaussWidth_gauss_sigma_rel_err', 'freq_sigma_FitGaussWidth_ndof', 'freq_sigma_FitGaussWidth_rms_err']
Jul 31 00:56:14 INFO >> ['freq_sigma_FitGauss_amplitude', 'freq_sigma_FitGauss_mu', 'freq_sigma_FitGauss_gauss_sigma', 'freq_sigma_FitGauss_amplitude_rel_err', 'freq_sigma_FitGauss_mu_rel_err', 'freq_sigma_FitGauss_gauss_sigma_rel_err', 'freq_sigma_FitGauss_amplitude-detection', 'freq_sigma_FitGauss_mu-detection', 'freq_sigma_FitGauss_ndof', 'freq_sigma_FitGauss_rms_err']
Jul 31 00:56:15 INFO >> Performing searching on cumulative stack 315.95 49.23
Jul 31 00:56:15 INFO >> Loading the cumulative power spectra stack to search
Jul 31 00:56:49 INFO >> DM: 107.3817479147
Jul 31 00:56:49 INFO >> sigma: 11.28372911
Jul 31 00:56:49 INFO >> frequency: 63.833771555654685
Jul 31 00:56:49 INFO >> Injecting 7 harmonics.
Jul 31 00:56:49 INFO >> Starting DM: 105.75184009695727
Jul 31 00:56:49 INFO >> Stopping DM: 108.99017395638563
Jul 31 00:56:55 INFO >> Start searching 6558 dm trials using 32 harmonics.
Jul 31 00:56:55 INFO >> Number of dm trials in single multi processing job: 10
Jul 31 00:57:41 INFO >> Total number of detections=15586
Jul 31 00:57:41 INFO >> Clustering the detections
Jul 31 00:57:41 INFO >> Starting clustering
Jul 31 00:57:41 INFO >> Rogue harmonic power filter reduced detections from 15586 to 8528
Jul 31 00:57:42 INFO >> Filtering out duplicate freq,dm detections at multiple nharms removes 787 detections
Jul 31 00:57:42 INFO >> Duplicate freq,dm filter reduced detections to 7741
Jul 31 00:57:42 INFO >> Number of detections over threshold sigma (6.0): 7741
Jul 31 00:57:42 INFO >> Grouping duplicate frequencies together first
Jul 31 00:57:42 INFO >> Grouping duplicate frequencies removed 7217 detections from the harmonic metric computation
Jul 31 00:57:42 INFO >> Starting freq-DM distance metric computation
Jul 31 00:57:42 INFO >> Finished freq-DM distance metric computation
Jul 31 00:57:42 INFO >> Largest group size for metric computation is 97
Jul 31 00:57:42 INFO >> Starting harmonic distance metric computation
Jul 31 00:57:43 INFO >> Finished harmonic distance metric computation
Jul 31 00:57:43 INFO >> Starting DBSCAN
Jul 31 00:57:43 INFO >> Finished DBSCAN
Jul 31 00:57:43 INFO >> Clusters found: 76
Jul 31 00:57:43 INFO >> Filtered 32 clusters below or equal 2 DM.
Jul 31 00:57:43 INFO >> Total number of candidate clusters=1
Jul 31 00:57:43 INFO >> Candidate Processor of stack (315.95 49.23)
Jul 31 00:57:43 INFO >> Making SinglePointingCandidates from a list of 1 PowerSpectraDetectionClusters
Jul 31 00:57:46 INFO >> saved candidates to ./results//candidates_cumul/315.95_49.23_cumulative_power_spectra_stack_20220627_11_candidates.npz
Jul 31 00:57:46 INFO >> 1 candidates.
Jul 31 00:57:47 INFO >> Unlinked shared memory for cumulative stack.
Jul 31 00:57:47 INFO >> Pipeline execution time: 1.54 minutes
