Aug 12 20:05:51 INFO >> {"message": "Waiting for suitable server to become available", "selector": "Primary()", "operation": "find", "topologyDescription": "<TopologyDescription id: 66ba6b1f5b8c4d9cf0927e38, topology_type: Unknown, servers: [<ServerDescription ('localhost', 27017) server_type: Unknown, rtt: None>]>", "clientId": {"$oid": "66ba6b1f5b8c4d9cf0927e38"}, "remainingTimeMS": 29}
Aug 12 20:05:51 INFO >> Features initialized as the following:
Aug 12 20:05:51 INFO >> num_unique_dms
Aug 12 20:05:51 INFO >> num_unique_freqs
Aug 12 20:05:51 INFO >> ndetections
Aug 12 20:05:51 INFO >> nharm
Aug 12 20:05:51 INFO >> log_p_dm
Aug 12 20:05:51 INFO >> ['dm_sigma_FitGaussWidth_gauss_sigma', 'dm_sigma_FitGaussWidth_gauss_sigma_rel_err', 'dm_sigma_FitGaussWidth_ndof', 'dm_sigma_FitGaussWidth_rms_err']
Aug 12 20:05:51 INFO >> ['dm_sigma_FitGauss_amplitude', 'dm_sigma_FitGauss_mu', 'dm_sigma_FitGauss_gauss_sigma', 'dm_sigma_FitGauss_amplitude_rel_err', 'dm_sigma_FitGauss_mu_rel_err', 'dm_sigma_FitGauss_gauss_sigma_rel_err', 'dm_sigma_FitGauss_amplitude-detection', 'dm_sigma_FitGauss_mu-detection', 'dm_sigma_FitGauss_ndof', 'dm_sigma_FitGauss_rms_err']
Aug 12 20:05:51 INFO >> ['freq_sigma_FitGaussWidth_gauss_sigma', 'freq_sigma_FitGaussWidth_gauss_sigma_rel_err', 'freq_sigma_FitGaussWidth_ndof', 'freq_sigma_FitGaussWidth_rms_err']
Aug 12 20:05:51 INFO >> ['freq_sigma_FitGauss_amplitude', 'freq_sigma_FitGauss_mu', 'freq_sigma_FitGauss_gauss_sigma', 'freq_sigma_FitGauss_amplitude_rel_err', 'freq_sigma_FitGauss_mu_rel_err', 'freq_sigma_FitGauss_gauss_sigma_rel_err', 'freq_sigma_FitGauss_amplitude-detection', 'freq_sigma_FitGauss_mu-detection', 'freq_sigma_FitGauss_ndof', 'freq_sigma_FitGauss_rms_err']
Aug 12 20:05:51 INFO >> Performing searching on cumulative stack 315.95 49.23
Aug 12 20:05:51 INFO >> Loading the cumulative power spectra stack to search
Aug 12 20:06:29 INFO >> DM: 107.3817479147
Aug 12 20:06:29 INFO >> sigma: 7.666666666666666
Aug 12 20:06:29 INFO >> frequency: 8.138748235982394
Aug 12 20:06:29 INFO >> power pre subtraction = 339.8060554390201
Aug 12 20:06:29 INFO >> Nsignif = 19
Aug 12 20:06:29 INFO >> ndays = 11
Aug 12 20:06:29 INFO >> power after subtraction = 130.8060554390201
Aug 12 20:06:29 INFO >> sum of scaled_fft = 129.69872564236067
Aug 12 20:06:29 INFO >> Injecting 62 harmonics.
Aug 12 20:06:29 INFO >> Starting DM: 94.72126538827945
Aug 12 20:06:29 INFO >> Stopping DM: 120.02074866506348
Aug 12 20:06:34 INFO >> Start searching 6558 dm trials using 32 harmonics.
Aug 12 20:06:34 INFO >> Number of dm trials in single multi processing job: 10
Aug 12 20:07:29 INFO >> Total number of detections=15593
Aug 12 20:07:29 INFO >> Clustering the detections
Aug 12 20:07:29 INFO >> Starting clustering
Aug 12 20:07:29 INFO >> Rogue harmonic power filter reduced detections from 15593 to 8535
Aug 12 20:07:29 INFO >> Filtering out duplicate freq,dm detections at multiple nharms removes 792 detections
Aug 12 20:07:29 INFO >> Duplicate freq,dm filter reduced detections to 7743
Aug 12 20:07:29 INFO >> Number of detections over threshold sigma (6.0): 7743
Aug 12 20:07:29 INFO >> Grouping duplicate frequencies together first
Aug 12 20:07:29 INFO >> Grouping duplicate frequencies removed 7223 detections from the harmonic metric computation
Aug 12 20:07:29 INFO >> Starting freq-DM distance metric computation
Aug 12 20:07:29 INFO >> Finished freq-DM distance metric computation
Aug 12 20:07:30 INFO >> Largest group size for metric computation is 97
Aug 12 20:07:30 INFO >> Starting harmonic distance metric computation
Aug 12 20:07:30 INFO >> Finished harmonic distance metric computation
Aug 12 20:07:30 INFO >> Starting DBSCAN
Aug 12 20:07:31 INFO >> Finished DBSCAN
Aug 12 20:07:31 INFO >> Clusters found: 76
Aug 12 20:07:31 INFO >> Filtered 32 clusters below or equal 2 DM.
Aug 12 20:07:31 INFO >> Total number of candidate clusters=1
Aug 12 20:07:31 INFO >> Candidate Processor of stack (315.95 49.23)
Aug 12 20:07:31 INFO >> Making SinglePointingCandidates from a list of 1 PowerSpectraDetectionClusters
Aug 12 20:07:33 INFO >> saved candidates to ./results//candidates_cumul/315.95_49.23_cumulative_power_spectra_stack_20220627_11_candidates.npz
Aug 12 20:07:33 INFO >> 1 candidates.
Aug 12 20:07:35 INFO >> Unlinked shared memory for cumulative stack.
Aug 12 20:07:35 INFO >> Pipeline execution time: 1.73 minutes
