Aug 12 20:02:11 INFO >> {"message": "Waiting for suitable server to become available", "selector": "Primary()", "operation": "find", "topologyDescription": "<TopologyDescription id: 66ba6a43d5baebb31223ac88, topology_type: Unknown, servers: [<ServerDescription ('localhost', 27017) server_type: Unknown, rtt: None>]>", "clientId": {"$oid": "66ba6a43d5baebb31223ac88"}, "remainingTimeMS": 29}
Aug 12 20:02:11 INFO >> Features initialized as the following:
Aug 12 20:02:11 INFO >> num_unique_dms
Aug 12 20:02:11 INFO >> num_unique_freqs
Aug 12 20:02:11 INFO >> ndetections
Aug 12 20:02:11 INFO >> nharm
Aug 12 20:02:11 INFO >> log_p_dm
Aug 12 20:02:11 INFO >> ['dm_sigma_FitGaussWidth_gauss_sigma', 'dm_sigma_FitGaussWidth_gauss_sigma_rel_err', 'dm_sigma_FitGaussWidth_ndof', 'dm_sigma_FitGaussWidth_rms_err']
Aug 12 20:02:11 INFO >> ['dm_sigma_FitGauss_amplitude', 'dm_sigma_FitGauss_mu', 'dm_sigma_FitGauss_gauss_sigma', 'dm_sigma_FitGauss_amplitude_rel_err', 'dm_sigma_FitGauss_mu_rel_err', 'dm_sigma_FitGauss_gauss_sigma_rel_err', 'dm_sigma_FitGauss_amplitude-detection', 'dm_sigma_FitGauss_mu-detection', 'dm_sigma_FitGauss_ndof', 'dm_sigma_FitGauss_rms_err']
Aug 12 20:02:11 INFO >> ['freq_sigma_FitGaussWidth_gauss_sigma', 'freq_sigma_FitGaussWidth_gauss_sigma_rel_err', 'freq_sigma_FitGaussWidth_ndof', 'freq_sigma_FitGaussWidth_rms_err']
Aug 12 20:02:11 INFO >> ['freq_sigma_FitGauss_amplitude', 'freq_sigma_FitGauss_mu', 'freq_sigma_FitGauss_gauss_sigma', 'freq_sigma_FitGauss_amplitude_rel_err', 'freq_sigma_FitGauss_mu_rel_err', 'freq_sigma_FitGauss_gauss_sigma_rel_err', 'freq_sigma_FitGauss_amplitude-detection', 'freq_sigma_FitGauss_mu-detection', 'freq_sigma_FitGauss_ndof', 'freq_sigma_FitGauss_rms_err']
Aug 12 20:02:11 INFO >> Performing searching on cumulative stack 315.95 49.23
Aug 12 20:02:11 INFO >> Loading the cumulative power spectra stack to search
Aug 12 20:02:49 INFO >> DM: 107.3817479147
Aug 12 20:02:49 INFO >> sigma: 6.555555555555555
Aug 12 20:02:49 INFO >> frequency: 8.138748235982394
Aug 12 20:02:49 INFO >> power pre subtraction = 318.1846176971157
Aug 12 20:02:49 INFO >> Nsignif = 19
Aug 12 20:02:49 INFO >> ndays = 11
Aug 12 20:02:49 INFO >> power after subtraction = 109.1846176971157
Aug 12 20:02:49 INFO >> sum of scaled_fft = 108.2603227162213
Aug 12 20:02:49 INFO >> Injecting 62 harmonics.
Aug 12 20:02:49 INFO >> Starting DM: 94.72126538827945
Aug 12 20:02:49 INFO >> Stopping DM: 120.02074866506348
Aug 12 20:02:55 INFO >> Start searching 6558 dm trials using 32 harmonics.
Aug 12 20:02:55 INFO >> Number of dm trials in single multi processing job: 10
Aug 12 20:03:54 INFO >> Total number of detections=15582
Aug 12 20:03:54 INFO >> Clustering the detections
Aug 12 20:03:54 INFO >> Starting clustering
Aug 12 20:03:54 INFO >> Rogue harmonic power filter reduced detections from 15582 to 8524
Aug 12 20:03:54 INFO >> Filtering out duplicate freq,dm detections at multiple nharms removes 789 detections
Aug 12 20:03:54 INFO >> Duplicate freq,dm filter reduced detections to 7735
Aug 12 20:03:54 INFO >> Number of detections over threshold sigma (6.0): 7735
Aug 12 20:03:54 INFO >> Grouping duplicate frequencies together first
Aug 12 20:03:54 INFO >> Grouping duplicate frequencies removed 7216 detections from the harmonic metric computation
Aug 12 20:03:54 INFO >> Starting freq-DM distance metric computation
Aug 12 20:03:55 INFO >> Finished freq-DM distance metric computation
Aug 12 20:03:55 INFO >> Largest group size for metric computation is 97
Aug 12 20:03:55 INFO >> Starting harmonic distance metric computation
Aug 12 20:03:56 INFO >> Finished harmonic distance metric computation
Aug 12 20:03:56 INFO >> Starting DBSCAN
Aug 12 20:03:56 INFO >> Finished DBSCAN
Aug 12 20:03:56 INFO >> Clusters found: 75
Aug 12 20:03:56 INFO >> Filtered 32 clusters below or equal 2 DM.
Aug 12 20:03:56 INFO >> Total number of candidate clusters=0
Aug 12 20:03:56 INFO >> Candidate Processor of stack (315.95 49.23)
Aug 12 20:03:56 INFO >> Making SinglePointingCandidates from a list of 0 PowerSpectraDetectionClusters
Aug 12 20:03:58 INFO >> saved candidates to ./results//candidates_cumul/315.95_49.23_cumulative_power_spectra_stack_20220627_11_candidates.npz
Aug 12 20:03:58 INFO >> 0 candidates.
Aug 12 20:04:00 INFO >> Unlinked shared memory for cumulative stack.
Aug 12 20:04:00 INFO >> Pipeline execution time: 1.81 minutes
