Aug 12 18:36:04 INFO >> {"message": "Waiting for suitable server to become available", "selector": "Primary()", "operation": "find", "topologyDescription": "<TopologyDescription id: 66ba5614a5be3d69ef731f1d, topology_type: Unknown, servers: [<ServerDescription ('localhost', 27017) server_type: Unknown, rtt: None>]>", "clientId": {"$oid": "66ba5614a5be3d69ef731f1d"}, "remainingTimeMS": 29}
Aug 12 18:36:05 INFO >> Features initialized as the following:
Aug 12 18:36:05 INFO >> num_unique_dms
Aug 12 18:36:05 INFO >> num_unique_freqs
Aug 12 18:36:05 INFO >> ndetections
Aug 12 18:36:05 INFO >> nharm
Aug 12 18:36:05 INFO >> log_p_dm
Aug 12 18:36:05 INFO >> ['dm_sigma_FitGaussWidth_gauss_sigma', 'dm_sigma_FitGaussWidth_gauss_sigma_rel_err', 'dm_sigma_FitGaussWidth_ndof', 'dm_sigma_FitGaussWidth_rms_err']
Aug 12 18:36:05 INFO >> ['dm_sigma_FitGauss_amplitude', 'dm_sigma_FitGauss_mu', 'dm_sigma_FitGauss_gauss_sigma', 'dm_sigma_FitGauss_amplitude_rel_err', 'dm_sigma_FitGauss_mu_rel_err', 'dm_sigma_FitGauss_gauss_sigma_rel_err', 'dm_sigma_FitGauss_amplitude-detection', 'dm_sigma_FitGauss_mu-detection', 'dm_sigma_FitGauss_ndof', 'dm_sigma_FitGauss_rms_err']
Aug 12 18:36:05 INFO >> ['freq_sigma_FitGaussWidth_gauss_sigma', 'freq_sigma_FitGaussWidth_gauss_sigma_rel_err', 'freq_sigma_FitGaussWidth_ndof', 'freq_sigma_FitGaussWidth_rms_err']
Aug 12 18:36:05 INFO >> ['freq_sigma_FitGauss_amplitude', 'freq_sigma_FitGauss_mu', 'freq_sigma_FitGauss_gauss_sigma', 'freq_sigma_FitGauss_amplitude_rel_err', 'freq_sigma_FitGauss_mu_rel_err', 'freq_sigma_FitGauss_gauss_sigma_rel_err', 'freq_sigma_FitGauss_amplitude-detection', 'freq_sigma_FitGauss_mu-detection', 'freq_sigma_FitGauss_ndof', 'freq_sigma_FitGauss_rms_err']
Aug 12 18:36:05 INFO >> Performing searching on cumulative stack 315.95 49.23
Aug 12 18:36:05 INFO >> Loading the cumulative power spectra stack to search
Aug 12 18:36:42 INFO >> DM: 107.3817479147
Aug 12 18:36:42 INFO >> sigma: 13.222222222222221
Aug 12 18:36:42 INFO >> frequency: 8.138748235982394
Aug 12 18:36:42 INFO >> Injecting 62 harmonics.
Aug 12 18:36:42 INFO >> Starting DM: 94.72126538827945
Aug 12 18:36:42 INFO >> Stopping DM: 120.02074866506348
Aug 12 18:36:48 INFO >> Start searching 6558 dm trials using 32 harmonics.
Aug 12 18:36:48 INFO >> Number of dm trials in single multi processing job: 10
Aug 12 18:37:44 INFO >> Total number of detections=15867
Aug 12 18:37:44 INFO >> Clustering the detections
Aug 12 18:37:44 INFO >> Starting clustering
Aug 12 18:37:44 INFO >> Rogue harmonic power filter reduced detections from 15867 to 8809
Aug 12 18:37:44 INFO >> Filtering out duplicate freq,dm detections at multiple nharms removes 867 detections
Aug 12 18:37:44 INFO >> Duplicate freq,dm filter reduced detections to 7942
Aug 12 18:37:44 INFO >> Number of detections over threshold sigma (6.0): 7942
Aug 12 18:37:44 INFO >> Grouping duplicate frequencies together first
Aug 12 18:37:44 INFO >> Grouping duplicate frequencies removed 7404 detections from the harmonic metric computation
Aug 12 18:37:44 INFO >> Starting freq-DM distance metric computation
Aug 12 18:37:45 INFO >> Finished freq-DM distance metric computation
Aug 12 18:37:45 INFO >> Largest group size for metric computation is 97
Aug 12 18:37:45 INFO >> Starting harmonic distance metric computation
Aug 12 18:37:46 INFO >> Finished harmonic distance metric computation
Aug 12 18:37:46 INFO >> Starting DBSCAN
Aug 12 18:37:46 INFO >> Finished DBSCAN
Aug 12 18:37:46 INFO >> Clusters found: 76
Aug 12 18:37:46 INFO >> Filtered 32 clusters below or equal 2 DM.
Aug 12 18:37:46 INFO >> Total number of candidate clusters=1
Aug 12 18:37:46 INFO >> Candidate Processor of stack (315.95 49.23)
Aug 12 18:37:46 INFO >> Making SinglePointingCandidates from a list of 1 PowerSpectraDetectionClusters
Aug 12 18:37:49 INFO >> saved candidates to ./results//candidates_cumul/315.95_49.23_cumulative_power_spectra_stack_20220627_11_candidates.npz
Aug 12 18:37:49 INFO >> 1 candidates.
Aug 12 18:37:50 INFO >> Unlinked shared memory for cumulative stack.
Aug 12 18:37:50 INFO >> Pipeline execution time: 1.76 minutes
