Aug 12 18:46:57 INFO >> {"message": "Waiting for suitable server to become available", "selector": "Primary()", "operation": "find", "topologyDescription": "<TopologyDescription id: 66ba58a166e2edbe4d816550, topology_type: Unknown, servers: [<ServerDescription ('localhost', 27017) server_type: Unknown, rtt: None>]>", "clientId": {"$oid": "66ba58a166e2edbe4d816550"}, "remainingTimeMS": 29}
Aug 12 18:46:58 INFO >> Features initialized as the following:
Aug 12 18:46:58 INFO >> num_unique_dms
Aug 12 18:46:58 INFO >> num_unique_freqs
Aug 12 18:46:58 INFO >> ndetections
Aug 12 18:46:58 INFO >> nharm
Aug 12 18:46:58 INFO >> log_p_dm
Aug 12 18:46:58 INFO >> ['dm_sigma_FitGaussWidth_gauss_sigma', 'dm_sigma_FitGaussWidth_gauss_sigma_rel_err', 'dm_sigma_FitGaussWidth_ndof', 'dm_sigma_FitGaussWidth_rms_err']
Aug 12 18:46:58 INFO >> ['dm_sigma_FitGauss_amplitude', 'dm_sigma_FitGauss_mu', 'dm_sigma_FitGauss_gauss_sigma', 'dm_sigma_FitGauss_amplitude_rel_err', 'dm_sigma_FitGauss_mu_rel_err', 'dm_sigma_FitGauss_gauss_sigma_rel_err', 'dm_sigma_FitGauss_amplitude-detection', 'dm_sigma_FitGauss_mu-detection', 'dm_sigma_FitGauss_ndof', 'dm_sigma_FitGauss_rms_err']
Aug 12 18:46:58 INFO >> ['freq_sigma_FitGaussWidth_gauss_sigma', 'freq_sigma_FitGaussWidth_gauss_sigma_rel_err', 'freq_sigma_FitGaussWidth_ndof', 'freq_sigma_FitGaussWidth_rms_err']
Aug 12 18:46:58 INFO >> ['freq_sigma_FitGauss_amplitude', 'freq_sigma_FitGauss_mu', 'freq_sigma_FitGauss_gauss_sigma', 'freq_sigma_FitGauss_amplitude_rel_err', 'freq_sigma_FitGauss_mu_rel_err', 'freq_sigma_FitGauss_gauss_sigma_rel_err', 'freq_sigma_FitGauss_amplitude-detection', 'freq_sigma_FitGauss_mu-detection', 'freq_sigma_FitGauss_ndof', 'freq_sigma_FitGauss_rms_err']
Aug 12 18:46:58 INFO >> Performing searching on cumulative stack 315.95 49.23
Aug 12 18:46:58 INFO >> Loading the cumulative power spectra stack to search
Aug 12 18:47:36 INFO >> DM: 107.3817479147
Aug 12 18:47:36 INFO >> sigma: 16.555555555555557
Aug 12 18:47:36 INFO >> frequency: 8.138748235982394
Aug 12 18:47:36 INFO >> Injecting 62 harmonics.
Aug 12 18:47:36 INFO >> Starting DM: 94.72126538827945
Aug 12 18:47:36 INFO >> Stopping DM: 120.02074866506348
Aug 12 18:47:41 INFO >> Start searching 6558 dm trials using 32 harmonics.
Aug 12 18:47:41 INFO >> Number of dm trials in single multi processing job: 10
Aug 12 18:48:38 INFO >> Total number of detections=16244
Aug 12 18:48:38 INFO >> Clustering the detections
Aug 12 18:48:38 INFO >> Starting clustering
Aug 12 18:48:38 INFO >> Rogue harmonic power filter reduced detections from 16244 to 9185
Aug 12 18:48:38 INFO >> Filtering out duplicate freq,dm detections at multiple nharms removes 954 detections
Aug 12 18:48:38 INFO >> Duplicate freq,dm filter reduced detections to 8231
Aug 12 18:48:38 INFO >> Number of detections over threshold sigma (6.0): 8231
Aug 12 18:48:38 INFO >> Grouping duplicate frequencies together first
Aug 12 18:48:38 INFO >> Grouping duplicate frequencies removed 7679 detections from the harmonic metric computation
Aug 12 18:48:38 INFO >> Starting freq-DM distance metric computation
Aug 12 18:48:39 INFO >> Finished freq-DM distance metric computation
Aug 12 18:48:39 INFO >> Largest group size for metric computation is 97
Aug 12 18:48:39 INFO >> Starting harmonic distance metric computation
Aug 12 18:48:40 INFO >> Finished harmonic distance metric computation
Aug 12 18:48:40 INFO >> Starting DBSCAN
Aug 12 18:48:40 INFO >> Finished DBSCAN
Aug 12 18:48:40 INFO >> Clusters found: 76
Aug 12 18:48:40 INFO >> Filtered 32 clusters below or equal 2 DM.
Aug 12 18:48:40 INFO >> Total number of candidate clusters=1
Aug 12 18:48:40 INFO >> Candidate Processor of stack (315.95 49.23)
Aug 12 18:48:40 INFO >> Making SinglePointingCandidates from a list of 1 PowerSpectraDetectionClusters
Aug 12 18:48:42 INFO >> saved candidates to ./results//candidates_cumul/315.95_49.23_cumulative_power_spectra_stack_20220627_11_candidates.npz
Aug 12 18:48:42 INFO >> 1 candidates.
Aug 12 18:48:44 INFO >> Unlinked shared memory for cumulative stack.
Aug 12 18:48:44 INFO >> Pipeline execution time: 1.77 minutes
