Aug 12 20:23:58 INFO >> {"message": "Waiting for suitable server to become available", "selector": "Primary()", "operation": "find", "topologyDescription": "<TopologyDescription id: 66ba6f5ea6a15e4bd77b8ccb, topology_type: Unknown, servers: [<ServerDescription ('localhost', 27017) server_type: Unknown, rtt: None>]>", "clientId": {"$oid": "66ba6f5ea6a15e4bd77b8ccb"}, "remainingTimeMS": 29}
Aug 12 20:23:58 INFO >> Features initialized as the following:
Aug 12 20:23:58 INFO >> num_unique_dms
Aug 12 20:23:58 INFO >> num_unique_freqs
Aug 12 20:23:58 INFO >> ndetections
Aug 12 20:23:58 INFO >> nharm
Aug 12 20:23:58 INFO >> log_p_dm
Aug 12 20:23:58 INFO >> ['dm_sigma_FitGaussWidth_gauss_sigma', 'dm_sigma_FitGaussWidth_gauss_sigma_rel_err', 'dm_sigma_FitGaussWidth_ndof', 'dm_sigma_FitGaussWidth_rms_err']
Aug 12 20:23:58 INFO >> ['dm_sigma_FitGauss_amplitude', 'dm_sigma_FitGauss_mu', 'dm_sigma_FitGauss_gauss_sigma', 'dm_sigma_FitGauss_amplitude_rel_err', 'dm_sigma_FitGauss_mu_rel_err', 'dm_sigma_FitGauss_gauss_sigma_rel_err', 'dm_sigma_FitGauss_amplitude-detection', 'dm_sigma_FitGauss_mu-detection', 'dm_sigma_FitGauss_ndof', 'dm_sigma_FitGauss_rms_err']
Aug 12 20:23:58 INFO >> ['freq_sigma_FitGaussWidth_gauss_sigma', 'freq_sigma_FitGaussWidth_gauss_sigma_rel_err', 'freq_sigma_FitGaussWidth_ndof', 'freq_sigma_FitGaussWidth_rms_err']
Aug 12 20:23:58 INFO >> ['freq_sigma_FitGauss_amplitude', 'freq_sigma_FitGauss_mu', 'freq_sigma_FitGauss_gauss_sigma', 'freq_sigma_FitGauss_amplitude_rel_err', 'freq_sigma_FitGauss_mu_rel_err', 'freq_sigma_FitGauss_gauss_sigma_rel_err', 'freq_sigma_FitGauss_amplitude-detection', 'freq_sigma_FitGauss_mu-detection', 'freq_sigma_FitGauss_ndof', 'freq_sigma_FitGauss_rms_err']
Aug 12 20:23:58 INFO >> Performing searching on cumulative stack 315.95 49.23
Aug 12 20:23:58 INFO >> Loading the cumulative power spectra stack to search
Aug 12 20:24:35 INFO >> DM: 107.3817479147
Aug 12 20:24:35 INFO >> sigma: 13.222222222222221
Aug 12 20:24:35 INFO >> frequency: 8.138748235982394
Aug 12 20:24:35 INFO >> power pre subtraction = 461.8504940843513
Aug 12 20:24:35 INFO >> Nsignif = 19
Aug 12 20:24:35 INFO >> ndays = 11
Aug 12 20:24:35 INFO >> power after subtraction = 252.85049408435128
Aug 12 20:24:35 INFO >> sum of scaled_fft = 250.71000536416224
Aug 12 20:24:35 INFO >> Injecting 62 harmonics.
Aug 12 20:24:35 INFO >> Starting DM: 94.72126538827945
Aug 12 20:24:35 INFO >> Stopping DM: 120.02074866506348
Aug 12 20:24:41 INFO >> Start searching 6558 dm trials using 32 harmonics.
Aug 12 20:24:41 INFO >> Number of dm trials in single multi processing job: 10
Aug 12 20:25:39 INFO >> Total number of detections=15867
Aug 12 20:25:39 INFO >> Clustering the detections
Aug 12 20:25:39 INFO >> Starting clustering
Aug 12 20:25:39 INFO >> Rogue harmonic power filter reduced detections from 15867 to 8809
Aug 12 20:25:39 INFO >> Filtering out duplicate freq,dm detections at multiple nharms removes 867 detections
Aug 12 20:25:39 INFO >> Duplicate freq,dm filter reduced detections to 7942
Aug 12 20:25:39 INFO >> Number of detections over threshold sigma (6.0): 7942
Aug 12 20:25:39 INFO >> Grouping duplicate frequencies together first
Aug 12 20:25:39 INFO >> Grouping duplicate frequencies removed 7404 detections from the harmonic metric computation
Aug 12 20:25:39 INFO >> Starting freq-DM distance metric computation
Aug 12 20:25:39 INFO >> Finished freq-DM distance metric computation
Aug 12 20:25:40 INFO >> Largest group size for metric computation is 97
Aug 12 20:25:40 INFO >> Starting harmonic distance metric computation
Aug 12 20:25:40 INFO >> Finished harmonic distance metric computation
Aug 12 20:25:40 INFO >> Starting DBSCAN
Aug 12 20:25:41 INFO >> Finished DBSCAN
Aug 12 20:25:41 INFO >> Clusters found: 76
Aug 12 20:25:41 INFO >> Filtered 32 clusters below or equal 2 DM.
Aug 12 20:25:41 INFO >> Total number of candidate clusters=1
Aug 12 20:25:41 INFO >> Candidate Processor of stack (315.95 49.23)
Aug 12 20:25:41 INFO >> Making SinglePointingCandidates from a list of 1 PowerSpectraDetectionClusters
Aug 12 20:25:43 INFO >> saved candidates to ./results//candidates_cumul/315.95_49.23_cumulative_power_spectra_stack_20220627_11_candidates.npz
Aug 12 20:25:43 INFO >> 1 candidates.
Aug 12 20:25:45 INFO >> Unlinked shared memory for cumulative stack.
Aug 12 20:25:45 INFO >> Pipeline execution time: 1.78 minutes
