Aug 12 20:29:26 INFO >> {"message": "Waiting for suitable server to become available", "selector": "Primary()", "operation": "find", "topologyDescription": "<TopologyDescription id: 66ba70a6dea444cd4d368e40, topology_type: Unknown, servers: [<ServerDescription ('localhost', 27017) server_type: Unknown, rtt: None>]>", "clientId": {"$oid": "66ba70a6dea444cd4d368e40"}, "remainingTimeMS": 29}
Aug 12 20:29:26 INFO >> Features initialized as the following:
Aug 12 20:29:26 INFO >> num_unique_dms
Aug 12 20:29:26 INFO >> num_unique_freqs
Aug 12 20:29:26 INFO >> ndetections
Aug 12 20:29:26 INFO >> nharm
Aug 12 20:29:26 INFO >> log_p_dm
Aug 12 20:29:26 INFO >> ['dm_sigma_FitGaussWidth_gauss_sigma', 'dm_sigma_FitGaussWidth_gauss_sigma_rel_err', 'dm_sigma_FitGaussWidth_ndof', 'dm_sigma_FitGaussWidth_rms_err']
Aug 12 20:29:26 INFO >> ['dm_sigma_FitGauss_amplitude', 'dm_sigma_FitGauss_mu', 'dm_sigma_FitGauss_gauss_sigma', 'dm_sigma_FitGauss_amplitude_rel_err', 'dm_sigma_FitGauss_mu_rel_err', 'dm_sigma_FitGauss_gauss_sigma_rel_err', 'dm_sigma_FitGauss_amplitude-detection', 'dm_sigma_FitGauss_mu-detection', 'dm_sigma_FitGauss_ndof', 'dm_sigma_FitGauss_rms_err']
Aug 12 20:29:26 INFO >> ['freq_sigma_FitGaussWidth_gauss_sigma', 'freq_sigma_FitGaussWidth_gauss_sigma_rel_err', 'freq_sigma_FitGaussWidth_ndof', 'freq_sigma_FitGaussWidth_rms_err']
Aug 12 20:29:26 INFO >> ['freq_sigma_FitGauss_amplitude', 'freq_sigma_FitGauss_mu', 'freq_sigma_FitGauss_gauss_sigma', 'freq_sigma_FitGauss_amplitude_rel_err', 'freq_sigma_FitGauss_mu_rel_err', 'freq_sigma_FitGauss_gauss_sigma_rel_err', 'freq_sigma_FitGauss_amplitude-detection', 'freq_sigma_FitGauss_mu-detection', 'freq_sigma_FitGauss_ndof', 'freq_sigma_FitGauss_rms_err']
Aug 12 20:29:26 INFO >> Performing searching on cumulative stack 315.95 49.23
Aug 12 20:29:26 INFO >> Loading the cumulative power spectra stack to search
Aug 12 20:30:04 INFO >> DM: 107.3817479147
Aug 12 20:30:04 INFO >> sigma: 14.88888888888889
Aug 12 20:30:04 INFO >> frequency: 8.138748235982394
Aug 12 20:30:04 INFO >> power pre subtraction = 503.13725341491397
Aug 12 20:30:04 INFO >> Nsignif = 19
Aug 12 20:30:04 INFO >> ndays = 11
Aug 12 20:30:04 INFO >> power after subtraction = 294.13725341491397
Aug 12 20:30:04 INFO >> sum of scaled_fft = 291.6472544319102
Aug 12 20:30:04 INFO >> Injecting 62 harmonics.
Aug 12 20:30:04 INFO >> Starting DM: 94.72126538827945
Aug 12 20:30:04 INFO >> Stopping DM: 120.02074866506348
Aug 12 20:30:10 INFO >> Start searching 6558 dm trials using 32 harmonics.
Aug 12 20:30:10 INFO >> Number of dm trials in single multi processing job: 10
Aug 12 20:31:06 INFO >> Total number of detections=16070
Aug 12 20:31:06 INFO >> Clustering the detections
Aug 12 20:31:06 INFO >> Starting clustering
Aug 12 20:31:06 INFO >> Rogue harmonic power filter reduced detections from 16070 to 9012
Aug 12 20:31:06 INFO >> Filtering out duplicate freq,dm detections at multiple nharms removes 906 detections
Aug 12 20:31:06 INFO >> Duplicate freq,dm filter reduced detections to 8106
Aug 12 20:31:06 INFO >> Number of detections over threshold sigma (6.0): 8106
Aug 12 20:31:06 INFO >> Grouping duplicate frequencies together first
Aug 12 20:31:06 INFO >> Grouping duplicate frequencies removed 7558 detections from the harmonic metric computation
Aug 12 20:31:06 INFO >> Starting freq-DM distance metric computation
Aug 12 20:31:06 INFO >> Finished freq-DM distance metric computation
Aug 12 20:31:07 INFO >> Largest group size for metric computation is 97
Aug 12 20:31:07 INFO >> Starting harmonic distance metric computation
Aug 12 20:31:07 INFO >> Finished harmonic distance metric computation
Aug 12 20:31:07 INFO >> Starting DBSCAN
Aug 12 20:31:08 INFO >> Finished DBSCAN
Aug 12 20:31:08 INFO >> Clusters found: 76
Aug 12 20:31:08 INFO >> Filtered 32 clusters below or equal 2 DM.
Aug 12 20:31:08 INFO >> Total number of candidate clusters=1
Aug 12 20:31:08 INFO >> Candidate Processor of stack (315.95 49.23)
Aug 12 20:31:08 INFO >> Making SinglePointingCandidates from a list of 1 PowerSpectraDetectionClusters
Aug 12 20:31:10 INFO >> saved candidates to ./results//candidates_cumul/315.95_49.23_cumulative_power_spectra_stack_20220627_11_candidates.npz
Aug 12 20:31:10 INFO >> 1 candidates.
Aug 12 20:31:12 INFO >> Unlinked shared memory for cumulative stack.
Aug 12 20:31:12 INFO >> Pipeline execution time: 1.76 minutes
