Aug 25 02:28:29 INFO >> {"message": "Waiting for suitable server to become available", "selector": "Primary()", "operation": "find", "topologyDescription": "<TopologyDescription id: 66ca96cd78cec8cccd00662d, topology_type: Unknown, servers: [<ServerDescription ('localhost', 27017) server_type: Unknown, rtt: None>]>", "clientId": {"$oid": "66ca96cd78cec8cccd00662d"}, "remainingTimeMS": 29}
Aug 25 02:28:29 INFO >> Features initialized as the following:
Aug 25 02:28:29 INFO >> num_unique_dms
Aug 25 02:28:29 INFO >> num_unique_freqs
Aug 25 02:28:29 INFO >> ndetections
Aug 25 02:28:29 INFO >> nharm
Aug 25 02:28:29 INFO >> log_p_dm
Aug 25 02:28:29 INFO >> ['dm_sigma_FitGaussWidth_gauss_sigma', 'dm_sigma_FitGaussWidth_gauss_sigma_rel_err', 'dm_sigma_FitGaussWidth_ndof', 'dm_sigma_FitGaussWidth_rms_err']
Aug 25 02:28:29 INFO >> ['dm_sigma_FitGauss_amplitude', 'dm_sigma_FitGauss_mu', 'dm_sigma_FitGauss_gauss_sigma', 'dm_sigma_FitGauss_amplitude_rel_err', 'dm_sigma_FitGauss_mu_rel_err', 'dm_sigma_FitGauss_gauss_sigma_rel_err', 'dm_sigma_FitGauss_amplitude-detection', 'dm_sigma_FitGauss_mu-detection', 'dm_sigma_FitGauss_ndof', 'dm_sigma_FitGauss_rms_err']
Aug 25 02:28:29 INFO >> ['freq_sigma_FitGaussWidth_gauss_sigma', 'freq_sigma_FitGaussWidth_gauss_sigma_rel_err', 'freq_sigma_FitGaussWidth_ndof', 'freq_sigma_FitGaussWidth_rms_err']
Aug 25 02:28:29 INFO >> ['freq_sigma_FitGauss_amplitude', 'freq_sigma_FitGauss_mu', 'freq_sigma_FitGauss_gauss_sigma', 'freq_sigma_FitGauss_amplitude_rel_err', 'freq_sigma_FitGauss_mu_rel_err', 'freq_sigma_FitGauss_gauss_sigma_rel_err', 'freq_sigma_FitGauss_amplitude-detection', 'freq_sigma_FitGauss_mu-detection', 'freq_sigma_FitGauss_ndof', 'freq_sigma_FitGauss_rms_err']
Aug 25 02:28:29 INFO >> Performing searching on cumulative stack 315.95 49.23
Aug 25 02:28:29 INFO >> Loading the cumulative power spectra stack to search
Aug 25 02:29:00 INFO >> DM: 57.3817479147
Aug 25 02:29:00 INFO >> sigma: 11.28372911
Aug 25 02:29:00 INFO >> frequency: 15.269977032561215
Aug 25 02:29:00 INFO >> Injecting 33 harmonics.
Aug 25 02:29:00 INFO >> Starting DM: 50.598966553568076
Aug 25 02:29:00 INFO >> Stopping DM: 64.15948958992432
Aug 25 02:29:00 INFO >> Expected detection at 9.57 sigma with 8 harmonics.
Aug 25 02:29:12 INFO >> Start searching 6558 dm trials using 32 harmonics.
Aug 25 02:29:19 INFO >> Moved power spectra to shared memory.
Aug 25 02:29:19 INFO >> Number of dm trials in single multi processing job: 10
Aug 25 02:30:08 INFO >> Total number of detections=15699
Aug 25 02:30:08 INFO >> Clustering the detections
Aug 25 02:30:08 INFO >> Starting clustering
Aug 25 02:30:08 INFO >> Rogue harmonic power filter reduced detections from 15699 to 8641
Aug 25 02:30:08 INFO >> Filtering out duplicate freq,dm detections at multiple nharms removes 816 detections
Aug 25 02:30:08 INFO >> Duplicate freq,dm filter reduced detections to 7825
Aug 25 02:30:08 INFO >> Number of detections over threshold sigma (6.0): 7825
Aug 25 02:30:08 INFO >> Grouping duplicate frequencies together first
Aug 25 02:30:08 INFO >> Grouping duplicate frequencies removed 7292 detections from the harmonic metric computation
Aug 25 02:30:08 INFO >> Starting freq-DM distance metric computation
Aug 25 02:30:08 INFO >> Finished freq-DM distance metric computation
Aug 25 02:30:09 INFO >> Largest group size for metric computation is 97
Aug 25 02:30:09 INFO >> Starting harmonic distance metric computation
Aug 25 02:30:09 INFO >> Finished harmonic distance metric computation
Aug 25 02:30:09 INFO >> Starting DBSCAN
Aug 25 02:30:09 INFO >> Finished DBSCAN
Aug 25 02:30:09 INFO >> Clusters found: 76
Aug 25 02:30:09 INFO >> Filtered 32 clusters below or equal 2 DM.
Aug 25 02:30:09 INFO >> Total number of candidate clusters=1
Aug 25 02:30:09 INFO >> Candidate Processor of stack (315.95 49.23)
Aug 25 02:30:09 INFO >> Making SinglePointingCandidates from a list of 1 PowerSpectraDetectionClusters
Aug 25 02:30:12 INFO >> saved candidates to ./results//injections/315.95_49.23_cumulative_power_spectra_stack_20220627_11_freq_dm_57.yml_(14,)_candidates.npz
Aug 25 02:30:12 INFO >> Injected Pulsars:     1
Aug 25 02:30:12 INFO >> Injection Candidates: 1
Aug 25 02:30:12 INFO >> Recovered Injections: 1
Aug 25 02:30:12 INFO >> 1 candidates.
Aug 25 02:30:12 INFO >> Best candidate: F0: 15.270 DM: 57.48 Sigma: 9.52
Aug 25 02:30:13 INFO >> Unlinked shared memory for cumulative stack.
Aug 25 02:30:13 INFO >> Pipeline execution time: 1.74 minutes
