Aug 25 04:58:43 INFO >> {"message": "Waiting for suitable server to become available", "selector": "Primary()", "operation": "find", "topologyDescription": "<TopologyDescription id: 66caba03f7d6ce401797edb3, topology_type: Unknown, servers: [<ServerDescription ('localhost', 27017) server_type: Unknown, rtt: None>]>", "clientId": {"$oid": "66caba03f7d6ce401797edb3"}, "remainingTimeMS": 29}
Aug 25 04:58:43 INFO >> Features initialized as the following:
Aug 25 04:58:43 INFO >> num_unique_dms
Aug 25 04:58:43 INFO >> num_unique_freqs
Aug 25 04:58:43 INFO >> ndetections
Aug 25 04:58:43 INFO >> nharm
Aug 25 04:58:43 INFO >> log_p_dm
Aug 25 04:58:43 INFO >> ['dm_sigma_FitGaussWidth_gauss_sigma', 'dm_sigma_FitGaussWidth_gauss_sigma_rel_err', 'dm_sigma_FitGaussWidth_ndof', 'dm_sigma_FitGaussWidth_rms_err']
Aug 25 04:58:43 INFO >> ['dm_sigma_FitGauss_amplitude', 'dm_sigma_FitGauss_mu', 'dm_sigma_FitGauss_gauss_sigma', 'dm_sigma_FitGauss_amplitude_rel_err', 'dm_sigma_FitGauss_mu_rel_err', 'dm_sigma_FitGauss_gauss_sigma_rel_err', 'dm_sigma_FitGauss_amplitude-detection', 'dm_sigma_FitGauss_mu-detection', 'dm_sigma_FitGauss_ndof', 'dm_sigma_FitGauss_rms_err']
Aug 25 04:58:43 INFO >> ['freq_sigma_FitGaussWidth_gauss_sigma', 'freq_sigma_FitGaussWidth_gauss_sigma_rel_err', 'freq_sigma_FitGaussWidth_ndof', 'freq_sigma_FitGaussWidth_rms_err']
Aug 25 04:58:43 INFO >> ['freq_sigma_FitGauss_amplitude', 'freq_sigma_FitGauss_mu', 'freq_sigma_FitGauss_gauss_sigma', 'freq_sigma_FitGauss_amplitude_rel_err', 'freq_sigma_FitGauss_mu_rel_err', 'freq_sigma_FitGauss_gauss_sigma_rel_err', 'freq_sigma_FitGauss_amplitude-detection', 'freq_sigma_FitGauss_mu-detection', 'freq_sigma_FitGauss_ndof', 'freq_sigma_FitGauss_rms_err']
Aug 25 04:58:43 INFO >> Performing searching on cumulative stack 315.95 49.23
Aug 25 04:58:43 INFO >> Loading the cumulative power spectra stack to search
Aug 25 04:59:14 INFO >> DM: 57.3817479147
Aug 25 04:59:14 INFO >> sigma: 11.28372911
Aug 25 04:59:14 INFO >> frequency: 193.58365565687814
Aug 25 04:59:14 INFO >> Injecting 2 harmonics.
Aug 25 04:59:14 INFO >> Starting DM: 56.873238406210525
Aug 25 04:59:14 INFO >> Stopping DM: 57.88521773728188
Aug 25 04:59:14 INFO >> Expected detection at 7.32 sigma with 2 harmonics.
Aug 25 04:59:26 INFO >> Start searching 6558 dm trials using 32 harmonics.
Aug 25 04:59:33 INFO >> Moved power spectra to shared memory.
Aug 25 04:59:33 INFO >> Number of dm trials in single multi processing job: 10
Aug 25 05:00:24 INFO >> Total number of detections=15580
Aug 25 05:00:24 INFO >> Clustering the detections
Aug 25 05:00:24 INFO >> Starting clustering
Aug 25 05:00:24 INFO >> Rogue harmonic power filter reduced detections from 15580 to 8522
Aug 25 05:00:24 INFO >> Filtering out duplicate freq,dm detections at multiple nharms removes 787 detections
Aug 25 05:00:24 INFO >> Duplicate freq,dm filter reduced detections to 7735
Aug 25 05:00:24 INFO >> Number of detections over threshold sigma (6.0): 7735
Aug 25 05:00:24 INFO >> Grouping duplicate frequencies together first
Aug 25 05:00:24 INFO >> Grouping duplicate frequencies removed 7214 detections from the harmonic metric computation
Aug 25 05:00:24 INFO >> Starting freq-DM distance metric computation
Aug 25 05:00:25 INFO >> Finished freq-DM distance metric computation
Aug 25 05:00:25 INFO >> Largest group size for metric computation is 97
Aug 25 05:00:25 INFO >> Starting harmonic distance metric computation
Aug 25 05:00:26 INFO >> Finished harmonic distance metric computation
Aug 25 05:00:26 INFO >> Starting DBSCAN
Aug 25 05:00:26 INFO >> Finished DBSCAN
Aug 25 05:00:26 INFO >> Clusters found: 75
Aug 25 05:00:26 INFO >> Filtered 32 clusters below or equal 2 DM.
Aug 25 05:00:26 INFO >> Total number of candidate clusters=0
Aug 25 05:00:26 INFO >> Candidate Processor of stack (315.95 49.23)
Aug 25 05:00:26 INFO >> Making SinglePointingCandidates from a list of 0 PowerSpectraDetectionClusters
Aug 25 05:00:28 INFO >> saved candidates to ./results//injections/315.95_49.23_cumulative_power_spectra_stack_20220627_11_freq_dm_57.yml_(98,)_candidates.npz
Aug 25 05:00:28 INFO >> Injected Pulsars:     1
Aug 25 05:00:28 INFO >> Injection Candidates: 0
Aug 25 05:00:28 INFO >> Recovered Injections: 0
Aug 25 05:00:28 INFO >> 0 candidates.
Aug 25 05:00:29 INFO >> Unlinked shared memory for cumulative stack.
Aug 25 05:00:29 INFO >> Pipeline execution time: 1.78 minutes
