Aug 25 03:50:55 INFO >> {"message": "Waiting for suitable server to become available", "selector": "Primary()", "operation": "find", "topologyDescription": "<TopologyDescription id: 66caaa1ffd09c90ba59f325d, topology_type: Unknown, servers: [<ServerDescription ('localhost', 27017) server_type: Unknown, rtt: None>]>", "clientId": {"$oid": "66caaa1ffd09c90ba59f325d"}, "remainingTimeMS": 29}
Aug 25 03:50:55 INFO >> Features initialized as the following:
Aug 25 03:50:55 INFO >> num_unique_dms
Aug 25 03:50:55 INFO >> num_unique_freqs
Aug 25 03:50:55 INFO >> ndetections
Aug 25 03:50:55 INFO >> nharm
Aug 25 03:50:55 INFO >> log_p_dm
Aug 25 03:50:55 INFO >> ['dm_sigma_FitGaussWidth_gauss_sigma', 'dm_sigma_FitGaussWidth_gauss_sigma_rel_err', 'dm_sigma_FitGaussWidth_ndof', 'dm_sigma_FitGaussWidth_rms_err']
Aug 25 03:50:55 INFO >> ['dm_sigma_FitGauss_amplitude', 'dm_sigma_FitGauss_mu', 'dm_sigma_FitGauss_gauss_sigma', 'dm_sigma_FitGauss_amplitude_rel_err', 'dm_sigma_FitGauss_mu_rel_err', 'dm_sigma_FitGauss_gauss_sigma_rel_err', 'dm_sigma_FitGauss_amplitude-detection', 'dm_sigma_FitGauss_mu-detection', 'dm_sigma_FitGauss_ndof', 'dm_sigma_FitGauss_rms_err']
Aug 25 03:50:55 INFO >> ['freq_sigma_FitGaussWidth_gauss_sigma', 'freq_sigma_FitGaussWidth_gauss_sigma_rel_err', 'freq_sigma_FitGaussWidth_ndof', 'freq_sigma_FitGaussWidth_rms_err']
Aug 25 03:50:55 INFO >> ['freq_sigma_FitGauss_amplitude', 'freq_sigma_FitGauss_mu', 'freq_sigma_FitGauss_gauss_sigma', 'freq_sigma_FitGauss_amplitude_rel_err', 'freq_sigma_FitGauss_mu_rel_err', 'freq_sigma_FitGauss_gauss_sigma_rel_err', 'freq_sigma_FitGauss_amplitude-detection', 'freq_sigma_FitGauss_mu-detection', 'freq_sigma_FitGauss_ndof', 'freq_sigma_FitGauss_rms_err']
Aug 25 03:50:55 INFO >> Performing searching on cumulative stack 315.95 49.23
Aug 25 03:50:55 INFO >> Loading the cumulative power spectra stack to search
Aug 25 03:51:24 INFO >> DM: 57.3817479147
Aug 25 03:51:24 INFO >> sigma: 11.28372911
Aug 25 03:51:24 INFO >> frequency: 61.35907273413169
Aug 25 03:51:24 INFO >> Injecting 8 harmonics.
Aug 25 03:51:24 INFO >> Starting DM: 55.658863208924885
Aug 25 03:51:24 INFO >> Stopping DM: 59.09959293456752
Aug 25 03:51:24 INFO >> Expected detection at 9.51 sigma with 8 harmonics.
Aug 25 03:51:36 INFO >> Start searching 6558 dm trials using 32 harmonics.
Aug 25 03:51:43 INFO >> Moved power spectra to shared memory.
Aug 25 03:51:43 INFO >> Number of dm trials in single multi processing job: 10
Aug 25 03:52:31 INFO >> Total number of detections=15590
Aug 25 03:52:31 INFO >> Clustering the detections
Aug 25 03:52:31 INFO >> Starting clustering
Aug 25 03:52:31 INFO >> Rogue harmonic power filter reduced detections from 15590 to 8532
Aug 25 03:52:31 INFO >> Filtering out duplicate freq,dm detections at multiple nharms removes 790 detections
Aug 25 03:52:31 INFO >> Duplicate freq,dm filter reduced detections to 7742
Aug 25 03:52:31 INFO >> Number of detections over threshold sigma (6.0): 7742
Aug 25 03:52:31 INFO >> Grouping duplicate frequencies together first
Aug 25 03:52:31 INFO >> Grouping duplicate frequencies removed 7218 detections from the harmonic metric computation
Aug 25 03:52:31 INFO >> Starting freq-DM distance metric computation
Aug 25 03:52:32 INFO >> Finished freq-DM distance metric computation
Aug 25 03:52:32 INFO >> Largest group size for metric computation is 97
Aug 25 03:52:32 INFO >> Starting harmonic distance metric computation
Aug 25 03:52:33 INFO >> Finished harmonic distance metric computation
Aug 25 03:52:33 INFO >> Starting DBSCAN
Aug 25 03:52:33 INFO >> Finished DBSCAN
Aug 25 03:52:33 INFO >> Clusters found: 76
Aug 25 03:52:33 INFO >> Filtered 32 clusters below or equal 2 DM.
Aug 25 03:52:33 INFO >> Total number of candidate clusters=1
Aug 25 03:52:33 INFO >> Candidate Processor of stack (315.95 49.23)
Aug 25 03:52:33 INFO >> Making SinglePointingCandidates from a list of 1 PowerSpectraDetectionClusters
Aug 25 03:52:35 INFO >> saved candidates to ./results//injections/315.95_49.23_cumulative_power_spectra_stack_20220627_11_freq_dm_57.yml_(60,)_candidates.npz
Aug 25 03:52:35 INFO >> Injected Pulsars:     1
Aug 25 03:52:35 INFO >> Injection Candidates: 1
Aug 25 03:52:35 INFO >> Recovered Injections: 1
Aug 25 03:52:35 INFO >> 1 candidates.
Aug 25 03:52:35 INFO >> Best candidate: F0: 61.359 DM: 57.38 Sigma: 8.41
Aug 25 03:52:37 INFO >> Unlinked shared memory for cumulative stack.
Aug 25 03:52:37 INFO >> Pipeline execution time: 1.70 minutes
