Aug 25 03:01:01 INFO >> {"message": "Waiting for suitable server to become available", "selector": "Primary()", "operation": "find", "topologyDescription": "<TopologyDescription id: 66ca9e6d3deec380cf7d5f22, topology_type: Unknown, servers: [<ServerDescription ('localhost', 27017) server_type: Unknown, rtt: None>]>", "clientId": {"$oid": "66ca9e6d3deec380cf7d5f22"}, "remainingTimeMS": 29}
Aug 25 03:01:02 INFO >> Features initialized as the following:
Aug 25 03:01:02 INFO >> num_unique_dms
Aug 25 03:01:02 INFO >> num_unique_freqs
Aug 25 03:01:02 INFO >> ndetections
Aug 25 03:01:02 INFO >> nharm
Aug 25 03:01:02 INFO >> log_p_dm
Aug 25 03:01:02 INFO >> ['dm_sigma_FitGaussWidth_gauss_sigma', 'dm_sigma_FitGaussWidth_gauss_sigma_rel_err', 'dm_sigma_FitGaussWidth_ndof', 'dm_sigma_FitGaussWidth_rms_err']
Aug 25 03:01:02 INFO >> ['dm_sigma_FitGauss_amplitude', 'dm_sigma_FitGauss_mu', 'dm_sigma_FitGauss_gauss_sigma', 'dm_sigma_FitGauss_amplitude_rel_err', 'dm_sigma_FitGauss_mu_rel_err', 'dm_sigma_FitGauss_gauss_sigma_rel_err', 'dm_sigma_FitGauss_amplitude-detection', 'dm_sigma_FitGauss_mu-detection', 'dm_sigma_FitGauss_ndof', 'dm_sigma_FitGauss_rms_err']
Aug 25 03:01:02 INFO >> ['freq_sigma_FitGaussWidth_gauss_sigma', 'freq_sigma_FitGaussWidth_gauss_sigma_rel_err', 'freq_sigma_FitGaussWidth_ndof', 'freq_sigma_FitGaussWidth_rms_err']
Aug 25 03:01:02 INFO >> ['freq_sigma_FitGauss_amplitude', 'freq_sigma_FitGauss_mu', 'freq_sigma_FitGauss_gauss_sigma', 'freq_sigma_FitGauss_amplitude_rel_err', 'freq_sigma_FitGauss_mu_rel_err', 'freq_sigma_FitGauss_gauss_sigma_rel_err', 'freq_sigma_FitGauss_amplitude-detection', 'freq_sigma_FitGauss_mu-detection', 'freq_sigma_FitGauss_ndof', 'freq_sigma_FitGauss_rms_err']
Aug 25 03:01:02 INFO >> Performing searching on cumulative stack 315.95 49.23
Aug 25 03:01:02 INFO >> Loading the cumulative power spectra stack to search
Aug 25 03:01:31 INFO >> DM: 57.3817479147
Aug 25 03:01:31 INFO >> sigma: 11.28372911
Aug 25 03:01:31 INFO >> frequency: 26.314917948680538
Aug 25 03:01:31 INFO >> Injecting 19 harmonics.
Aug 25 03:01:31 INFO >> Starting DM: 53.43250868056789
Aug 25 03:01:31 INFO >> Stopping DM: 61.32594746292451
Aug 25 03:01:31 INFO >> Expected detection at 9.69 sigma with 8 harmonics.
Aug 25 03:01:43 INFO >> Start searching 6558 dm trials using 32 harmonics.
Aug 25 03:01:50 INFO >> Moved power spectra to shared memory.
Aug 25 03:01:50 INFO >> Number of dm trials in single multi processing job: 10
Aug 25 03:02:40 INFO >> Total number of detections=15646
Aug 25 03:02:40 INFO >> Clustering the detections
Aug 25 03:02:40 INFO >> Starting clustering
Aug 25 03:02:40 INFO >> Rogue harmonic power filter reduced detections from 15646 to 8588
Aug 25 03:02:40 INFO >> Filtering out duplicate freq,dm detections at multiple nharms removes 812 detections
Aug 25 03:02:40 INFO >> Duplicate freq,dm filter reduced detections to 7776
Aug 25 03:02:40 INFO >> Number of detections over threshold sigma (6.0): 7776
Aug 25 03:02:40 INFO >> Grouping duplicate frequencies together first
Aug 25 03:02:40 INFO >> Grouping duplicate frequencies removed 7248 detections from the harmonic metric computation
Aug 25 03:02:40 INFO >> Starting freq-DM distance metric computation
Aug 25 03:02:41 INFO >> Finished freq-DM distance metric computation
Aug 25 03:02:41 INFO >> Largest group size for metric computation is 97
Aug 25 03:02:41 INFO >> Starting harmonic distance metric computation
Aug 25 03:02:42 INFO >> Finished harmonic distance metric computation
Aug 25 03:02:42 INFO >> Starting DBSCAN
Aug 25 03:02:42 INFO >> Finished DBSCAN
Aug 25 03:02:42 INFO >> Clusters found: 76
Aug 25 03:02:42 INFO >> Filtered 32 clusters below or equal 2 DM.
Aug 25 03:02:42 INFO >> Total number of candidate clusters=1
Aug 25 03:02:42 INFO >> Candidate Processor of stack (315.95 49.23)
Aug 25 03:02:42 INFO >> Making SinglePointingCandidates from a list of 1 PowerSpectraDetectionClusters
Aug 25 03:02:44 INFO >> saved candidates to ./results//injections/315.95_49.23_cumulative_power_spectra_stack_20220627_11_freq_dm_57.yml_(32,)_candidates.npz
Aug 25 03:02:44 INFO >> Injected Pulsars:     1
Aug 25 03:02:44 INFO >> Injection Candidates: 1
Aug 25 03:02:44 INFO >> Recovered Injections: 1
Aug 25 03:02:44 INFO >> 1 candidates.
Aug 25 03:02:44 INFO >> Best candidate: F0: 26.315 DM: 57.38 Sigma: 9.74
Aug 25 03:02:46 INFO >> Unlinked shared memory for cumulative stack.
Aug 25 03:02:46 INFO >> Pipeline execution time: 1.74 minutes
