Aug 25 02:15:55 INFO >> {"message": "Waiting for suitable server to become available", "selector": "Primary()", "operation": "find", "topologyDescription": "<TopologyDescription id: 66ca93db366320a0e4a063d2, topology_type: Unknown, servers: [<ServerDescription ('localhost', 27017) server_type: Unknown, rtt: None>]>", "clientId": {"$oid": "66ca93db366320a0e4a063d2"}, "remainingTimeMS": 29}
Aug 25 02:15:55 INFO >> Features initialized as the following:
Aug 25 02:15:55 INFO >> num_unique_dms
Aug 25 02:15:55 INFO >> num_unique_freqs
Aug 25 02:15:55 INFO >> ndetections
Aug 25 02:15:55 INFO >> nharm
Aug 25 02:15:55 INFO >> log_p_dm
Aug 25 02:15:55 INFO >> ['dm_sigma_FitGaussWidth_gauss_sigma', 'dm_sigma_FitGaussWidth_gauss_sigma_rel_err', 'dm_sigma_FitGaussWidth_ndof', 'dm_sigma_FitGaussWidth_rms_err']
Aug 25 02:15:55 INFO >> ['dm_sigma_FitGauss_amplitude', 'dm_sigma_FitGauss_mu', 'dm_sigma_FitGauss_gauss_sigma', 'dm_sigma_FitGauss_amplitude_rel_err', 'dm_sigma_FitGauss_mu_rel_err', 'dm_sigma_FitGauss_gauss_sigma_rel_err', 'dm_sigma_FitGauss_amplitude-detection', 'dm_sigma_FitGauss_mu-detection', 'dm_sigma_FitGauss_ndof', 'dm_sigma_FitGauss_rms_err']
Aug 25 02:15:55 INFO >> ['freq_sigma_FitGaussWidth_gauss_sigma', 'freq_sigma_FitGaussWidth_gauss_sigma_rel_err', 'freq_sigma_FitGaussWidth_ndof', 'freq_sigma_FitGaussWidth_rms_err']
Aug 25 02:15:55 INFO >> ['freq_sigma_FitGauss_amplitude', 'freq_sigma_FitGauss_mu', 'freq_sigma_FitGauss_gauss_sigma', 'freq_sigma_FitGauss_amplitude_rel_err', 'freq_sigma_FitGauss_mu_rel_err', 'freq_sigma_FitGauss_gauss_sigma_rel_err', 'freq_sigma_FitGauss_amplitude-detection', 'freq_sigma_FitGauss_mu-detection', 'freq_sigma_FitGauss_ndof', 'freq_sigma_FitGauss_rms_err']
Aug 25 02:15:56 INFO >> Performing searching on cumulative stack 315.95 49.23
Aug 25 02:15:56 INFO >> Loading the cumulative power spectra stack to search
Aug 25 02:16:27 INFO >> DM: 57.3817479147
Aug 25 02:16:27 INFO >> sigma: 11.28372911
Aug 25 02:16:27 INFO >> frequency: 12.35717485210969
Aug 25 02:16:27 INFO >> Injecting 41 harmonics.
Aug 25 02:16:27 INFO >> Starting DM: 49.08099755696104
Aug 25 02:16:27 INFO >> Stopping DM: 65.67745858653136
Aug 25 02:16:27 INFO >> Expected detection at 9.25 sigma with 16 harmonics.
Aug 25 02:16:40 INFO >> Start searching 6558 dm trials using 32 harmonics.
Aug 25 02:16:47 INFO >> Moved power spectra to shared memory.
Aug 25 02:16:47 INFO >> Number of dm trials in single multi processing job: 10
Aug 25 02:17:35 INFO >> Total number of detections=15681
Aug 25 02:17:35 INFO >> Clustering the detections
Aug 25 02:17:35 INFO >> Starting clustering
Aug 25 02:17:35 INFO >> Rogue harmonic power filter reduced detections from 15681 to 8623
Aug 25 02:17:35 INFO >> Filtering out duplicate freq,dm detections at multiple nharms removes 793 detections
Aug 25 02:17:35 INFO >> Duplicate freq,dm filter reduced detections to 7830
Aug 25 02:17:35 INFO >> Number of detections over threshold sigma (6.0): 7830
Aug 25 02:17:35 INFO >> Grouping duplicate frequencies together first
Aug 25 02:17:35 INFO >> Grouping duplicate frequencies removed 7298 detections from the harmonic metric computation
Aug 25 02:17:35 INFO >> Starting freq-DM distance metric computation
Aug 25 02:17:35 INFO >> Finished freq-DM distance metric computation
Aug 25 02:17:36 INFO >> Largest group size for metric computation is 97
Aug 25 02:17:36 INFO >> Starting harmonic distance metric computation
Aug 25 02:17:36 INFO >> Finished harmonic distance metric computation
Aug 25 02:17:36 INFO >> Starting DBSCAN
Aug 25 02:17:36 INFO >> Finished DBSCAN
Aug 25 02:17:36 INFO >> Clusters found: 76
Aug 25 02:17:37 INFO >> Filtered 32 clusters below or equal 2 DM.
Aug 25 02:17:37 INFO >> Total number of candidate clusters=1
Aug 25 02:17:37 INFO >> Candidate Processor of stack (315.95 49.23)
Aug 25 02:17:37 INFO >> Making SinglePointingCandidates from a list of 1 PowerSpectraDetectionClusters
Aug 25 02:17:39 INFO >> saved candidates to ./results//injections/315.95_49.23_cumulative_power_spectra_stack_20220627_11_freq_dm_57.yml_(7,)_candidates.npz
Aug 25 02:17:39 INFO >> Injected Pulsars:     1
Aug 25 02:17:39 INFO >> Injection Candidates: 1
Aug 25 02:17:39 INFO >> Recovered Injections: 1
Aug 25 02:17:39 INFO >> 1 candidates.
Aug 25 02:17:39 INFO >> Best candidate: F0: 12.357 DM: 57.38 Sigma: 10.29
Aug 25 02:17:40 INFO >> Unlinked shared memory for cumulative stack.
Aug 25 02:17:40 INFO >> Pipeline execution time: 1.75 minutes
