Aug 25 04:53:21 INFO >> {"message": "Waiting for suitable server to become available", "selector": "Primary()", "operation": "find", "topologyDescription": "<TopologyDescription id: 66cab8c1001008d6ddb0aded, topology_type: Unknown, servers: [<ServerDescription ('localhost', 27017) server_type: Unknown, rtt: None>]>", "clientId": {"$oid": "66cab8c1001008d6ddb0aded"}, "remainingTimeMS": 29}
Aug 25 04:53:21 INFO >> Features initialized as the following:
Aug 25 04:53:21 INFO >> num_unique_dms
Aug 25 04:53:21 INFO >> num_unique_freqs
Aug 25 04:53:21 INFO >> ndetections
Aug 25 04:53:21 INFO >> nharm
Aug 25 04:53:21 INFO >> log_p_dm
Aug 25 04:53:21 INFO >> ['dm_sigma_FitGaussWidth_gauss_sigma', 'dm_sigma_FitGaussWidth_gauss_sigma_rel_err', 'dm_sigma_FitGaussWidth_ndof', 'dm_sigma_FitGaussWidth_rms_err']
Aug 25 04:53:21 INFO >> ['dm_sigma_FitGauss_amplitude', 'dm_sigma_FitGauss_mu', 'dm_sigma_FitGauss_gauss_sigma', 'dm_sigma_FitGauss_amplitude_rel_err', 'dm_sigma_FitGauss_mu_rel_err', 'dm_sigma_FitGauss_gauss_sigma_rel_err', 'dm_sigma_FitGauss_amplitude-detection', 'dm_sigma_FitGauss_mu-detection', 'dm_sigma_FitGauss_ndof', 'dm_sigma_FitGauss_rms_err']
Aug 25 04:53:21 INFO >> ['freq_sigma_FitGaussWidth_gauss_sigma', 'freq_sigma_FitGaussWidth_gauss_sigma_rel_err', 'freq_sigma_FitGaussWidth_ndof', 'freq_sigma_FitGaussWidth_rms_err']
Aug 25 04:53:21 INFO >> ['freq_sigma_FitGauss_amplitude', 'freq_sigma_FitGauss_mu', 'freq_sigma_FitGauss_gauss_sigma', 'freq_sigma_FitGauss_amplitude_rel_err', 'freq_sigma_FitGauss_mu_rel_err', 'freq_sigma_FitGauss_gauss_sigma_rel_err', 'freq_sigma_FitGauss_amplitude-detection', 'freq_sigma_FitGauss_mu-detection', 'freq_sigma_FitGauss_ndof', 'freq_sigma_FitGauss_rms_err']
Aug 25 04:53:21 INFO >> Performing searching on cumulative stack 315.95 49.23
Aug 25 04:53:21 INFO >> Loading the cumulative power spectra stack to search
Aug 25 04:53:52 INFO >> DM: 57.3817479147
Aug 25 04:53:52 INFO >> sigma: 11.28372911
Aug 25 04:53:52 INFO >> frequency: 176.79694142400302
Aug 25 04:53:52 INFO >> Injecting 2 harmonics.
Aug 25 04:53:52 INFO >> Starting DM: 56.772040473103374
Aug 25 04:53:52 INFO >> Stopping DM: 57.986415670389015
Aug 25 04:53:52 INFO >> Expected detection at 9.35 sigma with 2 harmonics.
Aug 25 04:54:04 INFO >> Start searching 6558 dm trials using 32 harmonics.
Aug 25 04:54:11 INFO >> Moved power spectra to shared memory.
Aug 25 04:54:11 INFO >> Number of dm trials in single multi processing job: 10
Aug 25 04:55:01 INFO >> Total number of detections=15584
Aug 25 04:55:01 INFO >> Clustering the detections
Aug 25 04:55:01 INFO >> Starting clustering
Aug 25 04:55:01 INFO >> Rogue harmonic power filter reduced detections from 15584 to 8526
Aug 25 04:55:01 INFO >> Filtering out duplicate freq,dm detections at multiple nharms removes 789 detections
Aug 25 04:55:01 INFO >> Duplicate freq,dm filter reduced detections to 7737
Aug 25 04:55:01 INFO >> Number of detections over threshold sigma (6.0): 7737
Aug 25 04:55:01 INFO >> Grouping duplicate frequencies together first
Aug 25 04:55:01 INFO >> Grouping duplicate frequencies removed 7215 detections from the harmonic metric computation
Aug 25 04:55:01 INFO >> Starting freq-DM distance metric computation
Aug 25 04:55:02 INFO >> Finished freq-DM distance metric computation
Aug 25 04:55:02 INFO >> Largest group size for metric computation is 97
Aug 25 04:55:02 INFO >> Starting harmonic distance metric computation
Aug 25 04:55:03 INFO >> Finished harmonic distance metric computation
Aug 25 04:55:03 INFO >> Starting DBSCAN
Aug 25 04:55:03 INFO >> Finished DBSCAN
Aug 25 04:55:03 INFO >> Clusters found: 76
Aug 25 04:55:03 INFO >> Filtered 32 clusters below or equal 2 DM.
Aug 25 04:55:03 INFO >> Total number of candidate clusters=1
Aug 25 04:55:03 INFO >> Candidate Processor of stack (315.95 49.23)
Aug 25 04:55:03 INFO >> Making SinglePointingCandidates from a list of 1 PowerSpectraDetectionClusters
Aug 25 04:55:05 INFO >> saved candidates to ./results//injections/315.95_49.23_cumulative_power_spectra_stack_20220627_11_freq_dm_57.yml_(95,)_candidates.npz
Aug 25 04:55:05 INFO >> Injected Pulsars:     1
Aug 25 04:55:05 INFO >> Injection Candidates: 1
Aug 25 04:55:05 INFO >> Recovered Injections: 1
Aug 25 04:55:05 INFO >> 1 candidates.
Aug 25 04:55:05 INFO >> Best candidate: F0: 176.797 DM: 57.38 Sigma: 9.55
Aug 25 04:55:06 INFO >> Unlinked shared memory for cumulative stack.
Aug 25 04:55:06 INFO >> Pipeline execution time: 1.77 minutes
