Aug 25 02:42:56 INFO >> {"message": "Waiting for suitable server to become available", "selector": "Primary()", "operation": "find", "topologyDescription": "<TopologyDescription id: 66ca9a30005837b315c0f246, topology_type: Unknown, servers: [<ServerDescription ('localhost', 27017) server_type: Unknown, rtt: None>]>", "clientId": {"$oid": "66ca9a30005837b315c0f246"}, "remainingTimeMS": 29}
Aug 25 02:42:56 INFO >> Features initialized as the following:
Aug 25 02:42:56 INFO >> num_unique_dms
Aug 25 02:42:56 INFO >> num_unique_freqs
Aug 25 02:42:56 INFO >> ndetections
Aug 25 02:42:56 INFO >> nharm
Aug 25 02:42:56 INFO >> log_p_dm
Aug 25 02:42:56 INFO >> ['dm_sigma_FitGaussWidth_gauss_sigma', 'dm_sigma_FitGaussWidth_gauss_sigma_rel_err', 'dm_sigma_FitGaussWidth_ndof', 'dm_sigma_FitGaussWidth_rms_err']
Aug 25 02:42:56 INFO >> ['dm_sigma_FitGauss_amplitude', 'dm_sigma_FitGauss_mu', 'dm_sigma_FitGauss_gauss_sigma', 'dm_sigma_FitGauss_amplitude_rel_err', 'dm_sigma_FitGauss_mu_rel_err', 'dm_sigma_FitGauss_gauss_sigma_rel_err', 'dm_sigma_FitGauss_amplitude-detection', 'dm_sigma_FitGauss_mu-detection', 'dm_sigma_FitGauss_ndof', 'dm_sigma_FitGauss_rms_err']
Aug 25 02:42:56 INFO >> ['freq_sigma_FitGaussWidth_gauss_sigma', 'freq_sigma_FitGaussWidth_gauss_sigma_rel_err', 'freq_sigma_FitGaussWidth_ndof', 'freq_sigma_FitGaussWidth_rms_err']
Aug 25 02:42:56 INFO >> ['freq_sigma_FitGauss_amplitude', 'freq_sigma_FitGauss_mu', 'freq_sigma_FitGauss_gauss_sigma', 'freq_sigma_FitGauss_amplitude_rel_err', 'freq_sigma_FitGauss_mu_rel_err', 'freq_sigma_FitGauss_gauss_sigma_rel_err', 'freq_sigma_FitGauss_amplitude-detection', 'freq_sigma_FitGauss_mu-detection', 'freq_sigma_FitGauss_ndof', 'freq_sigma_FitGauss_rms_err']
Aug 25 02:42:56 INFO >> Performing searching on cumulative stack 315.95 49.23
Aug 25 02:42:56 INFO >> Loading the cumulative power spectra stack to search
Aug 25 02:43:28 INFO >> DM: 57.3817479147
Aug 25 02:43:28 INFO >> sigma: 11.28372911
Aug 25 02:43:28 INFO >> frequency: 19.448624389373617
Aug 25 02:43:28 INFO >> Injecting 26 harmonics.
Aug 25 02:43:28 INFO >> Starting DM: 52.11693555017512
Aug 25 02:43:28 INFO >> Stopping DM: 62.64152059331728
Aug 25 02:43:29 INFO >> Expected detection at 9.41 sigma with 8 harmonics.
Aug 25 02:43:41 INFO >> Start searching 6558 dm trials using 32 harmonics.
Aug 25 02:43:48 INFO >> Moved power spectra to shared memory.
Aug 25 02:43:48 INFO >> Number of dm trials in single multi processing job: 10
Aug 25 02:44:38 INFO >> Total number of detections=15653
Aug 25 02:44:38 INFO >> Clustering the detections
Aug 25 02:44:38 INFO >> Starting clustering
Aug 25 02:44:38 INFO >> Rogue harmonic power filter reduced detections from 15653 to 8595
Aug 25 02:44:38 INFO >> Filtering out duplicate freq,dm detections at multiple nharms removes 830 detections
Aug 25 02:44:38 INFO >> Duplicate freq,dm filter reduced detections to 7765
Aug 25 02:44:38 INFO >> Number of detections over threshold sigma (6.0): 7765
Aug 25 02:44:38 INFO >> Grouping duplicate frequencies together first
Aug 25 02:44:38 INFO >> Grouping duplicate frequencies removed 7239 detections from the harmonic metric computation
Aug 25 02:44:38 INFO >> Starting freq-DM distance metric computation
Aug 25 02:44:39 INFO >> Finished freq-DM distance metric computation
Aug 25 02:44:39 INFO >> Largest group size for metric computation is 97
Aug 25 02:44:39 INFO >> Starting harmonic distance metric computation
Aug 25 02:44:40 INFO >> Finished harmonic distance metric computation
Aug 25 02:44:40 INFO >> Starting DBSCAN
Aug 25 02:44:40 INFO >> Finished DBSCAN
Aug 25 02:44:40 INFO >> Clusters found: 77
Aug 25 02:44:40 INFO >> Filtered 32 clusters below or equal 2 DM.
Aug 25 02:44:40 INFO >> Total number of candidate clusters=2
Aug 25 02:44:40 INFO >> Candidate Processor of stack (315.95 49.23)
Aug 25 02:44:40 INFO >> Making SinglePointingCandidates from a list of 2 PowerSpectraDetectionClusters
Aug 25 02:44:42 INFO >> saved candidates to ./results//injections/315.95_49.23_cumulative_power_spectra_stack_20220627_11_freq_dm_57.yml_(22,)_candidates.npz
Aug 25 02:44:42 INFO >> Injected Pulsars:     1
Aug 25 02:44:42 INFO >> Injection Candidates: 2
Aug 25 02:44:42 INFO >> Recovered Injections: 1
Aug 25 02:44:42 INFO >> 2 candidates.
Aug 25 02:44:42 INFO >> Best candidate: F0: 19.449 DM: 57.38 Sigma: 9.42
Aug 25 02:44:44 INFO >> Unlinked shared memory for cumulative stack.
Aug 25 02:44:44 INFO >> Pipeline execution time: 1.80 minutes
