Aug 25 03:11:48 INFO >> {"message": "Waiting for suitable server to become available", "selector": "Primary()", "operation": "find", "topologyDescription": "<TopologyDescription id: 66caa0f4bd378b050f100157, topology_type: Unknown, servers: [<ServerDescription ('localhost', 27017) server_type: Unknown, rtt: None>]>", "clientId": {"$oid": "66caa0f4bd378b050f100157"}, "remainingTimeMS": 29}
Aug 25 03:11:48 INFO >> Features initialized as the following:
Aug 25 03:11:48 INFO >> num_unique_dms
Aug 25 03:11:48 INFO >> num_unique_freqs
Aug 25 03:11:48 INFO >> ndetections
Aug 25 03:11:48 INFO >> nharm
Aug 25 03:11:48 INFO >> log_p_dm
Aug 25 03:11:48 INFO >> ['dm_sigma_FitGaussWidth_gauss_sigma', 'dm_sigma_FitGaussWidth_gauss_sigma_rel_err', 'dm_sigma_FitGaussWidth_ndof', 'dm_sigma_FitGaussWidth_rms_err']
Aug 25 03:11:48 INFO >> ['dm_sigma_FitGauss_amplitude', 'dm_sigma_FitGauss_mu', 'dm_sigma_FitGauss_gauss_sigma', 'dm_sigma_FitGauss_amplitude_rel_err', 'dm_sigma_FitGauss_mu_rel_err', 'dm_sigma_FitGauss_gauss_sigma_rel_err', 'dm_sigma_FitGauss_amplitude-detection', 'dm_sigma_FitGauss_mu-detection', 'dm_sigma_FitGauss_ndof', 'dm_sigma_FitGauss_rms_err']
Aug 25 03:11:48 INFO >> ['freq_sigma_FitGaussWidth_gauss_sigma', 'freq_sigma_FitGaussWidth_gauss_sigma_rel_err', 'freq_sigma_FitGaussWidth_ndof', 'freq_sigma_FitGaussWidth_rms_err']
Aug 25 03:11:48 INFO >> ['freq_sigma_FitGauss_amplitude', 'freq_sigma_FitGauss_mu', 'freq_sigma_FitGauss_gauss_sigma', 'freq_sigma_FitGauss_amplitude_rel_err', 'freq_sigma_FitGauss_mu_rel_err', 'freq_sigma_FitGauss_gauss_sigma_rel_err', 'freq_sigma_FitGauss_amplitude-detection', 'freq_sigma_FitGauss_mu-detection', 'freq_sigma_FitGauss_ndof', 'freq_sigma_FitGauss_rms_err']
Aug 25 03:11:48 INFO >> Performing searching on cumulative stack 315.95 49.23
Aug 25 03:11:48 INFO >> Loading the cumulative power spectra stack to search
Aug 25 03:12:18 INFO >> DM: 57.3817479147
Aug 25 03:12:18 INFO >> sigma: 11.28372911
Aug 25 03:12:18 INFO >> frequency: 31.54931243757127
Aug 25 03:12:18 INFO >> Injecting 16 harmonics.
Aug 25 03:12:18 INFO >> Starting DM: 54.14089421231784
Aug 25 03:12:18 INFO >> Stopping DM: 60.617561931174556
Aug 25 03:12:18 INFO >> Expected detection at 9.79 sigma with 8 harmonics.
Aug 25 03:12:30 INFO >> Start searching 6558 dm trials using 32 harmonics.
Aug 25 03:12:38 INFO >> Moved power spectra to shared memory.
Aug 25 03:12:38 INFO >> Number of dm trials in single multi processing job: 10
Aug 25 03:13:27 INFO >> Total number of detections=15627
Aug 25 03:13:27 INFO >> Clustering the detections
Aug 25 03:13:27 INFO >> Starting clustering
Aug 25 03:13:27 INFO >> Rogue harmonic power filter reduced detections from 15627 to 8569
Aug 25 03:13:27 INFO >> Filtering out duplicate freq,dm detections at multiple nharms removes 805 detections
Aug 25 03:13:27 INFO >> Duplicate freq,dm filter reduced detections to 7764
Aug 25 03:13:27 INFO >> Number of detections over threshold sigma (6.0): 7764
Aug 25 03:13:27 INFO >> Grouping duplicate frequencies together first
Aug 25 03:13:27 INFO >> Grouping duplicate frequencies removed 7234 detections from the harmonic metric computation
Aug 25 03:13:27 INFO >> Starting freq-DM distance metric computation
Aug 25 03:13:27 INFO >> Finished freq-DM distance metric computation
Aug 25 03:13:27 INFO >> Largest group size for metric computation is 97
Aug 25 03:13:27 INFO >> Starting harmonic distance metric computation
Aug 25 03:13:28 INFO >> Finished harmonic distance metric computation
Aug 25 03:13:28 INFO >> Starting DBSCAN
Aug 25 03:13:28 INFO >> Finished DBSCAN
Aug 25 03:13:28 INFO >> Clusters found: 76
Aug 25 03:13:28 INFO >> Filtered 32 clusters below or equal 2 DM.
Aug 25 03:13:28 INFO >> Total number of candidate clusters=1
Aug 25 03:13:28 INFO >> Candidate Processor of stack (315.95 49.23)
Aug 25 03:13:28 INFO >> Making SinglePointingCandidates from a list of 1 PowerSpectraDetectionClusters
Aug 25 03:13:31 INFO >> saved candidates to ./results//injections/315.95_49.23_cumulative_power_spectra_stack_20220627_11_freq_dm_57.yml_(38,)_candidates.npz
Aug 25 03:13:31 INFO >> Injected Pulsars:     1
Aug 25 03:13:31 INFO >> Injection Candidates: 1
Aug 25 03:13:31 INFO >> Recovered Injections: 1
Aug 25 03:13:31 INFO >> 1 candidates.
Aug 25 03:13:31 INFO >> Best candidate: F0: 31.549 DM: 57.48 Sigma: 9.35
Aug 25 03:13:32 INFO >> Unlinked shared memory for cumulative stack.
Aug 25 03:13:32 INFO >> Pipeline execution time: 1.74 minutes
