Aug 25 03:15:21 INFO >> {"message": "Waiting for suitable server to become available", "selector": "Primary()", "operation": "find", "topologyDescription": "<TopologyDescription id: 66caa1c97a18d2401c54c32f, topology_type: Unknown, servers: [<ServerDescription ('localhost', 27017) server_type: Unknown, rtt: None>]>", "clientId": {"$oid": "66caa1c97a18d2401c54c32f"}, "remainingTimeMS": 29}
Aug 25 03:15:21 INFO >> Features initialized as the following:
Aug 25 03:15:21 INFO >> num_unique_dms
Aug 25 03:15:21 INFO >> num_unique_freqs
Aug 25 03:15:21 INFO >> ndetections
Aug 25 03:15:21 INFO >> nharm
Aug 25 03:15:21 INFO >> log_p_dm
Aug 25 03:15:21 INFO >> ['dm_sigma_FitGaussWidth_gauss_sigma', 'dm_sigma_FitGaussWidth_gauss_sigma_rel_err', 'dm_sigma_FitGaussWidth_ndof', 'dm_sigma_FitGaussWidth_rms_err']
Aug 25 03:15:21 INFO >> ['dm_sigma_FitGauss_amplitude', 'dm_sigma_FitGauss_mu', 'dm_sigma_FitGauss_gauss_sigma', 'dm_sigma_FitGauss_amplitude_rel_err', 'dm_sigma_FitGauss_mu_rel_err', 'dm_sigma_FitGauss_gauss_sigma_rel_err', 'dm_sigma_FitGauss_amplitude-detection', 'dm_sigma_FitGauss_mu-detection', 'dm_sigma_FitGauss_ndof', 'dm_sigma_FitGauss_rms_err']
Aug 25 03:15:21 INFO >> ['freq_sigma_FitGaussWidth_gauss_sigma', 'freq_sigma_FitGaussWidth_gauss_sigma_rel_err', 'freq_sigma_FitGaussWidth_ndof', 'freq_sigma_FitGaussWidth_rms_err']
Aug 25 03:15:21 INFO >> ['freq_sigma_FitGauss_amplitude', 'freq_sigma_FitGauss_mu', 'freq_sigma_FitGauss_gauss_sigma', 'freq_sigma_FitGauss_amplitude_rel_err', 'freq_sigma_FitGauss_mu_rel_err', 'freq_sigma_FitGauss_gauss_sigma_rel_err', 'freq_sigma_FitGauss_amplitude-detection', 'freq_sigma_FitGauss_mu-detection', 'freq_sigma_FitGauss_ndof', 'freq_sigma_FitGauss_rms_err']
Aug 25 03:15:21 INFO >> Performing searching on cumulative stack 315.95 49.23
Aug 25 03:15:21 INFO >> Loading the cumulative power spectra stack to search
Aug 25 03:15:53 INFO >> DM: 57.3817479147
Aug 25 03:15:53 INFO >> sigma: 11.28372911
Aug 25 03:15:53 INFO >> frequency: 33.51602650938841
Aug 25 03:15:53 INFO >> Injecting 15 harmonics.
Aug 25 03:15:53 INFO >> Starting DM: 54.343290078532114
Aug 25 03:15:53 INFO >> Stopping DM: 60.41516606496029
Aug 25 03:15:53 INFO >> Expected detection at 11.48 sigma with 8 harmonics.
Aug 25 03:16:06 INFO >> Start searching 6558 dm trials using 32 harmonics.
Aug 25 03:16:13 INFO >> Moved power spectra to shared memory.
Aug 25 03:16:13 INFO >> Number of dm trials in single multi processing job: 10
Aug 25 03:17:03 INFO >> Total number of detections=15676
Aug 25 03:17:03 INFO >> Clustering the detections
Aug 25 03:17:03 INFO >> Starting clustering
Aug 25 03:17:03 INFO >> Rogue harmonic power filter reduced detections from 15676 to 8618
Aug 25 03:17:03 INFO >> Filtering out duplicate freq,dm detections at multiple nharms removes 837 detections
Aug 25 03:17:03 INFO >> Duplicate freq,dm filter reduced detections to 7781
Aug 25 03:17:03 INFO >> Number of detections over threshold sigma (6.0): 7781
Aug 25 03:17:03 INFO >> Grouping duplicate frequencies together first
Aug 25 03:17:03 INFO >> Grouping duplicate frequencies removed 7250 detections from the harmonic metric computation
Aug 25 03:17:03 INFO >> Starting freq-DM distance metric computation
Aug 25 03:17:04 INFO >> Finished freq-DM distance metric computation
Aug 25 03:17:04 INFO >> Largest group size for metric computation is 97
Aug 25 03:17:04 INFO >> Starting harmonic distance metric computation
Aug 25 03:17:05 INFO >> Finished harmonic distance metric computation
Aug 25 03:17:05 INFO >> Starting DBSCAN
Aug 25 03:17:05 INFO >> Finished DBSCAN
Aug 25 03:17:05 INFO >> Clusters found: 78
Aug 25 03:17:05 INFO >> Filtered 32 clusters below or equal 2 DM.
Aug 25 03:17:05 INFO >> Total number of candidate clusters=3
Aug 25 03:17:05 INFO >> Candidate Processor of stack (315.95 49.23)
Aug 25 03:17:05 INFO >> Making SinglePointingCandidates from a list of 3 PowerSpectraDetectionClusters
Aug 25 03:17:08 INFO >> saved candidates to ./results//injections/315.95_49.23_cumulative_power_spectra_stack_20220627_11_freq_dm_57.yml_(40,)_candidates.npz
Aug 25 03:17:08 INFO >> Injected Pulsars:     1
Aug 25 03:17:08 INFO >> Injection Candidates: 3
Aug 25 03:17:08 INFO >> Recovered Injections: 1
Aug 25 03:17:08 INFO >> 3 candidates.
Aug 25 03:17:08 INFO >> Best candidate: F0: 33.516 DM: 57.38 Sigma: 11.54
Aug 25 03:17:09 INFO >> Unlinked shared memory for cumulative stack.
Aug 25 03:17:09 INFO >> Pipeline execution time: 1.81 minutes
