Aug 25 04:17:28 INFO >> {"message": "Waiting for suitable server to become available", "selector": "Primary()", "operation": "find", "topologyDescription": "<TopologyDescription id: 66cab058088c31450d321ccd, topology_type: Unknown, servers: [<ServerDescription ('localhost', 27017) server_type: Unknown, rtt: None>]>", "clientId": {"$oid": "66cab058088c31450d321ccd"}, "remainingTimeMS": 29}
Aug 25 04:17:28 INFO >> Features initialized as the following:
Aug 25 04:17:28 INFO >> num_unique_dms
Aug 25 04:17:28 INFO >> num_unique_freqs
Aug 25 04:17:28 INFO >> ndetections
Aug 25 04:17:28 INFO >> nharm
Aug 25 04:17:28 INFO >> log_p_dm
Aug 25 04:17:28 INFO >> ['dm_sigma_FitGaussWidth_gauss_sigma', 'dm_sigma_FitGaussWidth_gauss_sigma_rel_err', 'dm_sigma_FitGaussWidth_ndof', 'dm_sigma_FitGaussWidth_rms_err']
Aug 25 04:17:28 INFO >> ['dm_sigma_FitGauss_amplitude', 'dm_sigma_FitGauss_mu', 'dm_sigma_FitGauss_gauss_sigma', 'dm_sigma_FitGauss_amplitude_rel_err', 'dm_sigma_FitGauss_mu_rel_err', 'dm_sigma_FitGauss_gauss_sigma_rel_err', 'dm_sigma_FitGauss_amplitude-detection', 'dm_sigma_FitGauss_mu-detection', 'dm_sigma_FitGauss_ndof', 'dm_sigma_FitGauss_rms_err']
Aug 25 04:17:28 INFO >> ['freq_sigma_FitGaussWidth_gauss_sigma', 'freq_sigma_FitGaussWidth_gauss_sigma_rel_err', 'freq_sigma_FitGaussWidth_ndof', 'freq_sigma_FitGaussWidth_rms_err']
Aug 25 04:17:28 INFO >> ['freq_sigma_FitGauss_amplitude', 'freq_sigma_FitGauss_mu', 'freq_sigma_FitGauss_gauss_sigma', 'freq_sigma_FitGauss_amplitude_rel_err', 'freq_sigma_FitGauss_mu_rel_err', 'freq_sigma_FitGauss_gauss_sigma_rel_err', 'freq_sigma_FitGauss_amplitude-detection', 'freq_sigma_FitGauss_mu-detection', 'freq_sigma_FitGauss_ndof', 'freq_sigma_FitGauss_rms_err']
Aug 25 04:17:28 INFO >> Performing searching on cumulative stack 315.95 49.23
Aug 25 04:17:28 INFO >> Loading the cumulative power spectra stack to search
Aug 25 04:17:57 INFO >> DM: 57.3817479147
Aug 25 04:17:57 INFO >> sigma: 11.28372911
Aug 25 04:17:57 INFO >> frequency: 96.57139052966043
Aug 25 04:17:57 INFO >> Injecting 5 harmonics.
Aug 25 04:17:57 INFO >> Starting DM: 56.2660508075677
Aug 25 04:17:57 INFO >> Stopping DM: 58.4924053359247
Aug 25 04:17:57 INFO >> Expected detection at 11.78 sigma with 4 harmonics.
Aug 25 04:18:09 INFO >> Start searching 6558 dm trials using 32 harmonics.
Aug 25 04:18:16 INFO >> Moved power spectra to shared memory.
Aug 25 04:18:16 INFO >> Number of dm trials in single multi processing job: 10
Aug 25 04:19:06 INFO >> Total number of detections=15613
Aug 25 04:19:06 INFO >> Clustering the detections
Aug 25 04:19:06 INFO >> Starting clustering
Aug 25 04:19:06 INFO >> Rogue harmonic power filter reduced detections from 15613 to 8553
Aug 25 04:19:06 INFO >> Filtering out duplicate freq,dm detections at multiple nharms removes 803 detections
Aug 25 04:19:06 INFO >> Duplicate freq,dm filter reduced detections to 7750
Aug 25 04:19:06 INFO >> Number of detections over threshold sigma (6.0): 7750
Aug 25 04:19:06 INFO >> Grouping duplicate frequencies together first
Aug 25 04:19:06 INFO >> Grouping duplicate frequencies removed 7221 detections from the harmonic metric computation
Aug 25 04:19:06 INFO >> Starting freq-DM distance metric computation
Aug 25 04:19:07 INFO >> Finished freq-DM distance metric computation
Aug 25 04:19:07 INFO >> Largest group size for metric computation is 97
Aug 25 04:19:07 INFO >> Starting harmonic distance metric computation
Aug 25 04:19:07 INFO >> Finished harmonic distance metric computation
Aug 25 04:19:07 INFO >> Starting DBSCAN
Aug 25 04:19:08 INFO >> Finished DBSCAN
Aug 25 04:19:08 INFO >> Clusters found: 76
Aug 25 04:19:08 INFO >> Filtered 32 clusters below or equal 2 DM.
Aug 25 04:19:08 INFO >> Total number of candidate clusters=1
Aug 25 04:19:08 INFO >> Candidate Processor of stack (315.95 49.23)
Aug 25 04:19:08 INFO >> Making SinglePointingCandidates from a list of 1 PowerSpectraDetectionClusters
Aug 25 04:19:10 INFO >> saved candidates to ./results//injections/315.95_49.23_cumulative_power_spectra_stack_20220627_11_freq_dm_57.yml_(75,)_candidates.npz
Aug 25 04:19:10 INFO >> Injected Pulsars:     1
Aug 25 04:19:10 INFO >> Injection Candidates: 1
Aug 25 04:19:10 INFO >> Recovered Injections: 1
Aug 25 04:19:10 INFO >> 1 candidates.
Aug 25 04:19:10 INFO >> Best candidate: F0: 96.571 DM: 57.38 Sigma: 12.06
Aug 25 04:19:11 INFO >> Unlinked shared memory for cumulative stack.
Aug 25 04:19:11 INFO >> Pipeline execution time: 1.73 minutes
