Aug 25 04:19:14 INFO >> {"message": "Waiting for suitable server to become available", "selector": "Primary()", "operation": "find", "topologyDescription": "<TopologyDescription id: 66cab0c2d20a421e743436cd, topology_type: Unknown, servers: [<ServerDescription ('localhost', 27017) server_type: Unknown, rtt: None>]>", "clientId": {"$oid": "66cab0c2d20a421e743436cd"}, "remainingTimeMS": 29}
Aug 25 04:19:14 INFO >> Features initialized as the following:
Aug 25 04:19:14 INFO >> num_unique_dms
Aug 25 04:19:14 INFO >> num_unique_freqs
Aug 25 04:19:14 INFO >> ndetections
Aug 25 04:19:14 INFO >> nharm
Aug 25 04:19:14 INFO >> log_p_dm
Aug 25 04:19:14 INFO >> ['dm_sigma_FitGaussWidth_gauss_sigma', 'dm_sigma_FitGaussWidth_gauss_sigma_rel_err', 'dm_sigma_FitGaussWidth_ndof', 'dm_sigma_FitGaussWidth_rms_err']
Aug 25 04:19:14 INFO >> ['dm_sigma_FitGauss_amplitude', 'dm_sigma_FitGauss_mu', 'dm_sigma_FitGauss_gauss_sigma', 'dm_sigma_FitGauss_amplitude_rel_err', 'dm_sigma_FitGauss_mu_rel_err', 'dm_sigma_FitGauss_gauss_sigma_rel_err', 'dm_sigma_FitGauss_amplitude-detection', 'dm_sigma_FitGauss_mu-detection', 'dm_sigma_FitGauss_ndof', 'dm_sigma_FitGauss_rms_err']
Aug 25 04:19:14 INFO >> ['freq_sigma_FitGaussWidth_gauss_sigma', 'freq_sigma_FitGaussWidth_gauss_sigma_rel_err', 'freq_sigma_FitGaussWidth_ndof', 'freq_sigma_FitGaussWidth_rms_err']
Aug 25 04:19:14 INFO >> ['freq_sigma_FitGauss_amplitude', 'freq_sigma_FitGauss_mu', 'freq_sigma_FitGauss_gauss_sigma', 'freq_sigma_FitGauss_amplitude_rel_err', 'freq_sigma_FitGauss_mu_rel_err', 'freq_sigma_FitGauss_gauss_sigma_rel_err', 'freq_sigma_FitGauss_amplitude-detection', 'freq_sigma_FitGauss_mu-detection', 'freq_sigma_FitGauss_ndof', 'freq_sigma_FitGauss_rms_err']
Aug 25 04:19:14 INFO >> Performing searching on cumulative stack 315.95 49.23
Aug 25 04:19:14 INFO >> Loading the cumulative power spectra stack to search
Aug 25 04:19:45 INFO >> DM: 57.3817479147
Aug 25 04:19:45 INFO >> sigma: 11.28372911
Aug 25 04:19:45 INFO >> frequency: 99.53591152834892
Aug 25 04:19:45 INFO >> Injecting 5 harmonics.
Aug 25 04:19:45 INFO >> Starting DM: 56.36724874067484
Aug 25 04:19:45 INFO >> Stopping DM: 58.39120740281755
Aug 25 04:19:45 INFO >> Expected detection at 9.28 sigma with 4 harmonics.
Aug 25 04:19:58 INFO >> Start searching 6558 dm trials using 32 harmonics.
Aug 25 04:20:05 INFO >> Moved power spectra to shared memory.
Aug 25 04:20:05 INFO >> Number of dm trials in single multi processing job: 10
Aug 25 04:20:53 INFO >> Total number of detections=15598
Aug 25 04:20:53 INFO >> Clustering the detections
Aug 25 04:20:53 INFO >> Starting clustering
Aug 25 04:20:53 INFO >> Rogue harmonic power filter reduced detections from 15598 to 8540
Aug 25 04:20:53 INFO >> Filtering out duplicate freq,dm detections at multiple nharms removes 794 detections
Aug 25 04:20:53 INFO >> Duplicate freq,dm filter reduced detections to 7746
Aug 25 04:20:53 INFO >> Number of detections over threshold sigma (6.0): 7746
Aug 25 04:20:53 INFO >> Grouping duplicate frequencies together first
Aug 25 04:20:53 INFO >> Grouping duplicate frequencies removed 7220 detections from the harmonic metric computation
Aug 25 04:20:53 INFO >> Starting freq-DM distance metric computation
Aug 25 04:20:53 INFO >> Finished freq-DM distance metric computation
Aug 25 04:20:54 INFO >> Largest group size for metric computation is 105
Aug 25 04:20:54 INFO >> Starting harmonic distance metric computation
Aug 25 04:20:54 INFO >> Finished harmonic distance metric computation
Aug 25 04:20:54 INFO >> Starting DBSCAN
Aug 25 04:20:54 INFO >> Finished DBSCAN
Aug 25 04:20:54 INFO >> Clusters found: 76
Aug 25 04:20:54 INFO >> Filtered 32 clusters below or equal 2 DM.
Aug 25 04:20:54 INFO >> Total number of candidate clusters=1
Aug 25 04:20:55 INFO >> Candidate Processor of stack (315.95 49.23)
Aug 25 04:20:55 INFO >> Making SinglePointingCandidates from a list of 1 PowerSpectraDetectionClusters
Aug 25 04:20:57 INFO >> saved candidates to ./results//injections/315.95_49.23_cumulative_power_spectra_stack_20220627_11_freq_dm_57.yml_(76,)_candidates.npz
Aug 25 04:20:57 INFO >> Injected Pulsars:     1
Aug 25 04:20:57 INFO >> Injection Candidates: 1
Aug 25 04:20:57 INFO >> Recovered Injections: 1
Aug 25 04:20:57 INFO >> 1 candidates.
Aug 25 04:20:57 INFO >> Best candidate: F0: 99.536 DM: 57.38 Sigma: 10.13
Aug 25 04:20:58 INFO >> Unlinked shared memory for cumulative stack.
Aug 25 04:20:58 INFO >> Pipeline execution time: 1.74 minutes
