Aug 25 02:55:38 INFO >> {"message": "Waiting for suitable server to become available", "selector": "Primary()", "operation": "find", "topologyDescription": "<TopologyDescription id: 66ca9d2af3ac785eb2ee79d1, topology_type: Unknown, servers: [<ServerDescription ('localhost', 27017) server_type: Unknown, rtt: None>]>", "clientId": {"$oid": "66ca9d2af3ac785eb2ee79d1"}, "remainingTimeMS": 29}
Aug 25 02:55:38 INFO >> Features initialized as the following:
Aug 25 02:55:38 INFO >> num_unique_dms
Aug 25 02:55:38 INFO >> num_unique_freqs
Aug 25 02:55:38 INFO >> ndetections
Aug 25 02:55:38 INFO >> nharm
Aug 25 02:55:38 INFO >> log_p_dm
Aug 25 02:55:38 INFO >> ['dm_sigma_FitGaussWidth_gauss_sigma', 'dm_sigma_FitGaussWidth_gauss_sigma_rel_err', 'dm_sigma_FitGaussWidth_ndof', 'dm_sigma_FitGaussWidth_rms_err']
Aug 25 02:55:38 INFO >> ['dm_sigma_FitGauss_amplitude', 'dm_sigma_FitGauss_mu', 'dm_sigma_FitGauss_gauss_sigma', 'dm_sigma_FitGauss_amplitude_rel_err', 'dm_sigma_FitGauss_mu_rel_err', 'dm_sigma_FitGauss_gauss_sigma_rel_err', 'dm_sigma_FitGauss_amplitude-detection', 'dm_sigma_FitGauss_mu-detection', 'dm_sigma_FitGauss_ndof', 'dm_sigma_FitGauss_rms_err']
Aug 25 02:55:38 INFO >> ['freq_sigma_FitGaussWidth_gauss_sigma', 'freq_sigma_FitGaussWidth_gauss_sigma_rel_err', 'freq_sigma_FitGaussWidth_ndof', 'freq_sigma_FitGaussWidth_rms_err']
Aug 25 02:55:38 INFO >> ['freq_sigma_FitGauss_amplitude', 'freq_sigma_FitGauss_mu', 'freq_sigma_FitGauss_gauss_sigma', 'freq_sigma_FitGauss_amplitude_rel_err', 'freq_sigma_FitGauss_mu_rel_err', 'freq_sigma_FitGauss_gauss_sigma_rel_err', 'freq_sigma_FitGauss_amplitude-detection', 'freq_sigma_FitGauss_mu-detection', 'freq_sigma_FitGauss_ndof', 'freq_sigma_FitGauss_rms_err']
Aug 25 02:55:38 INFO >> Performing searching on cumulative stack 315.95 49.23
Aug 25 02:55:38 INFO >> Loading the cumulative power spectra stack to search
Aug 25 02:56:09 INFO >> DM: 57.3817479147
Aug 25 02:56:09 INFO >> sigma: 11.28372911
Aug 25 02:56:09 INFO >> frequency: 24.033005221249482
Aug 25 02:56:09 INFO >> Injecting 21 harmonics.
Aug 25 02:56:09 INFO >> Starting DM: 53.12891488124648
Aug 25 02:56:09 INFO >> Stopping DM: 61.62954126224592
Aug 25 02:56:09 INFO >> Expected detection at 12.33 sigma with 8 harmonics.
Aug 25 02:56:21 INFO >> Start searching 6558 dm trials using 32 harmonics.
Aug 25 02:56:29 INFO >> Moved power spectra to shared memory.
Aug 25 02:56:29 INFO >> Number of dm trials in single multi processing job: 10
Aug 25 02:57:18 INFO >> Total number of detections=15777
Aug 25 02:57:18 INFO >> Clustering the detections
Aug 25 02:57:18 INFO >> Starting clustering
Aug 25 02:57:18 INFO >> Rogue harmonic power filter reduced detections from 15777 to 8719
Aug 25 02:57:18 INFO >> Filtering out duplicate freq,dm detections at multiple nharms removes 881 detections
Aug 25 02:57:18 INFO >> Duplicate freq,dm filter reduced detections to 7838
Aug 25 02:57:18 INFO >> Number of detections over threshold sigma (6.0): 7838
Aug 25 02:57:18 INFO >> Grouping duplicate frequencies together first
Aug 25 02:57:18 INFO >> Grouping duplicate frequencies removed 7298 detections from the harmonic metric computation
Aug 25 02:57:18 INFO >> Starting freq-DM distance metric computation
Aug 25 02:57:19 INFO >> Finished freq-DM distance metric computation
Aug 25 02:57:19 INFO >> Largest group size for metric computation is 97
Aug 25 02:57:19 INFO >> Starting harmonic distance metric computation
Aug 25 02:57:20 INFO >> Finished harmonic distance metric computation
Aug 25 02:57:20 INFO >> Starting DBSCAN
Aug 25 02:57:20 INFO >> Finished DBSCAN
Aug 25 02:57:20 INFO >> Clusters found: 79
Aug 25 02:57:20 INFO >> Filtered 32 clusters below or equal 2 DM.
Aug 25 02:57:20 INFO >> Total number of candidate clusters=4
Aug 25 02:57:20 INFO >> Candidate Processor of stack (315.95 49.23)
Aug 25 02:57:20 INFO >> Making SinglePointingCandidates from a list of 4 PowerSpectraDetectionClusters
Aug 25 02:57:23 INFO >> saved candidates to ./results//injections/315.95_49.23_cumulative_power_spectra_stack_20220627_11_freq_dm_57.yml_(29,)_candidates.npz
Aug 25 02:57:23 INFO >> Injected Pulsars:     1
Aug 25 02:57:23 INFO >> Injection Candidates: 4
Aug 25 02:57:23 INFO >> Recovered Injections: 1
Aug 25 02:57:23 INFO >> 4 candidates.
Aug 25 02:57:23 INFO >> Best candidate: F0: 24.033 DM: 57.38 Sigma: 12.85
Aug 25 02:57:24 INFO >> Unlinked shared memory for cumulative stack.
Aug 25 02:57:24 INFO >> Pipeline execution time: 1.77 minutes
