Aug 25 02:26:41 INFO >> {"message": "Waiting for suitable server to become available", "selector": "Primary()", "operation": "find", "topologyDescription": "<TopologyDescription id: 66ca966176d9a44e9c991865, topology_type: Unknown, servers: [<ServerDescription ('localhost', 27017) server_type: Unknown, rtt: None>]>", "clientId": {"$oid": "66ca966176d9a44e9c991865"}, "remainingTimeMS": 29}
Aug 25 02:26:42 INFO >> Features initialized as the following:
Aug 25 02:26:42 INFO >> num_unique_dms
Aug 25 02:26:42 INFO >> num_unique_freqs
Aug 25 02:26:42 INFO >> ndetections
Aug 25 02:26:42 INFO >> nharm
Aug 25 02:26:42 INFO >> log_p_dm
Aug 25 02:26:42 INFO >> ['dm_sigma_FitGaussWidth_gauss_sigma', 'dm_sigma_FitGaussWidth_gauss_sigma_rel_err', 'dm_sigma_FitGaussWidth_ndof', 'dm_sigma_FitGaussWidth_rms_err']
Aug 25 02:26:42 INFO >> ['dm_sigma_FitGauss_amplitude', 'dm_sigma_FitGauss_mu', 'dm_sigma_FitGauss_gauss_sigma', 'dm_sigma_FitGauss_amplitude_rel_err', 'dm_sigma_FitGauss_mu_rel_err', 'dm_sigma_FitGauss_gauss_sigma_rel_err', 'dm_sigma_FitGauss_amplitude-detection', 'dm_sigma_FitGauss_mu-detection', 'dm_sigma_FitGauss_ndof', 'dm_sigma_FitGauss_rms_err']
Aug 25 02:26:42 INFO >> ['freq_sigma_FitGaussWidth_gauss_sigma', 'freq_sigma_FitGaussWidth_gauss_sigma_rel_err', 'freq_sigma_FitGaussWidth_ndof', 'freq_sigma_FitGaussWidth_rms_err']
Aug 25 02:26:42 INFO >> ['freq_sigma_FitGauss_amplitude', 'freq_sigma_FitGauss_mu', 'freq_sigma_FitGauss_gauss_sigma', 'freq_sigma_FitGauss_amplitude_rel_err', 'freq_sigma_FitGauss_mu_rel_err', 'freq_sigma_FitGauss_gauss_sigma_rel_err', 'freq_sigma_FitGauss_amplitude-detection', 'freq_sigma_FitGauss_mu-detection', 'freq_sigma_FitGauss_ndof', 'freq_sigma_FitGauss_rms_err']
Aug 25 02:26:42 INFO >> Performing searching on cumulative stack 315.95 49.23
Aug 25 02:26:42 INFO >> Loading the cumulative power spectra stack to search
Aug 25 02:27:12 INFO >> DM: 57.3817479147
Aug 25 02:27:12 INFO >> sigma: 11.28372911
Aug 25 02:27:12 INFO >> frequency: 14.81518471823528
Aug 25 02:27:12 INFO >> Injecting 34 harmonics.
Aug 25 02:27:12 INFO >> Starting DM: 50.3965706873538
Aug 25 02:27:12 INFO >> Stopping DM: 64.3618854561386
Aug 25 02:27:12 INFO >> Expected detection at 10.27 sigma with 8 harmonics.
Aug 25 02:27:24 INFO >> Start searching 6558 dm trials using 32 harmonics.
Aug 25 02:27:31 INFO >> Moved power spectra to shared memory.
Aug 25 02:27:31 INFO >> Number of dm trials in single multi processing job: 10
Aug 25 02:28:21 INFO >> Total number of detections=15641
Aug 25 02:28:21 INFO >> Clustering the detections
Aug 25 02:28:21 INFO >> Starting clustering
Aug 25 02:28:21 INFO >> Rogue harmonic power filter reduced detections from 15641 to 8583
Aug 25 02:28:21 INFO >> Filtering out duplicate freq,dm detections at multiple nharms removes 799 detections
Aug 25 02:28:21 INFO >> Duplicate freq,dm filter reduced detections to 7784
Aug 25 02:28:21 INFO >> Number of detections over threshold sigma (6.0): 7784
Aug 25 02:28:21 INFO >> Grouping duplicate frequencies together first
Aug 25 02:28:21 INFO >> Grouping duplicate frequencies removed 7249 detections from the harmonic metric computation
Aug 25 02:28:21 INFO >> Starting freq-DM distance metric computation
Aug 25 02:28:22 INFO >> Finished freq-DM distance metric computation
Aug 25 02:28:22 INFO >> Largest group size for metric computation is 97
Aug 25 02:28:22 INFO >> Starting harmonic distance metric computation
Aug 25 02:28:23 INFO >> Finished harmonic distance metric computation
Aug 25 02:28:23 INFO >> Starting DBSCAN
Aug 25 02:28:23 INFO >> Finished DBSCAN
Aug 25 02:28:23 INFO >> Clusters found: 76
Aug 25 02:28:23 INFO >> Filtered 32 clusters below or equal 2 DM.
Aug 25 02:28:23 INFO >> Total number of candidate clusters=1
Aug 25 02:28:23 INFO >> Candidate Processor of stack (315.95 49.23)
Aug 25 02:28:23 INFO >> Making SinglePointingCandidates from a list of 1 PowerSpectraDetectionClusters
Aug 25 02:28:25 INFO >> saved candidates to ./results//injections/315.95_49.23_cumulative_power_spectra_stack_20220627_11_freq_dm_57.yml_(13,)_candidates.npz
Aug 25 02:28:25 INFO >> Injected Pulsars:     1
Aug 25 02:28:25 INFO >> Injection Candidates: 1
Aug 25 02:28:25 INFO >> Recovered Injections: 1
Aug 25 02:28:25 INFO >> 1 candidates.
Aug 25 02:28:25 INFO >> Best candidate: F0: 14.815 DM: 57.38 Sigma: 10.09
Aug 25 02:28:27 INFO >> Unlinked shared memory for cumulative stack.
Aug 25 02:28:27 INFO >> Pipeline execution time: 1.75 minutes
