Aug 25 03:49:09 INFO >> {"message": "Waiting for suitable server to become available", "selector": "Primary()", "operation": "find", "topologyDescription": "<TopologyDescription id: 66caa9b5a9012daed36737e0, topology_type: Unknown, servers: [<ServerDescription ('localhost', 27017) server_type: Unknown, rtt: None>]>", "clientId": {"$oid": "66caa9b5a9012daed36737e0"}, "remainingTimeMS": 29}
Aug 25 03:49:09 INFO >> Features initialized as the following:
Aug 25 03:49:09 INFO >> num_unique_dms
Aug 25 03:49:09 INFO >> num_unique_freqs
Aug 25 03:49:09 INFO >> ndetections
Aug 25 03:49:09 INFO >> nharm
Aug 25 03:49:09 INFO >> log_p_dm
Aug 25 03:49:09 INFO >> ['dm_sigma_FitGaussWidth_gauss_sigma', 'dm_sigma_FitGaussWidth_gauss_sigma_rel_err', 'dm_sigma_FitGaussWidth_ndof', 'dm_sigma_FitGaussWidth_rms_err']
Aug 25 03:49:09 INFO >> ['dm_sigma_FitGauss_amplitude', 'dm_sigma_FitGauss_mu', 'dm_sigma_FitGauss_gauss_sigma', 'dm_sigma_FitGauss_amplitude_rel_err', 'dm_sigma_FitGauss_mu_rel_err', 'dm_sigma_FitGauss_gauss_sigma_rel_err', 'dm_sigma_FitGauss_amplitude-detection', 'dm_sigma_FitGauss_mu-detection', 'dm_sigma_FitGauss_ndof', 'dm_sigma_FitGauss_rms_err']
Aug 25 03:49:09 INFO >> ['freq_sigma_FitGaussWidth_gauss_sigma', 'freq_sigma_FitGaussWidth_gauss_sigma_rel_err', 'freq_sigma_FitGaussWidth_ndof', 'freq_sigma_FitGaussWidth_rms_err']
Aug 25 03:49:09 INFO >> ['freq_sigma_FitGauss_amplitude', 'freq_sigma_FitGauss_mu', 'freq_sigma_FitGauss_gauss_sigma', 'freq_sigma_FitGauss_amplitude_rel_err', 'freq_sigma_FitGauss_mu_rel_err', 'freq_sigma_FitGauss_gauss_sigma_rel_err', 'freq_sigma_FitGauss_amplitude-detection', 'freq_sigma_FitGauss_mu-detection', 'freq_sigma_FitGauss_ndof', 'freq_sigma_FitGauss_rms_err']
Aug 25 03:49:09 INFO >> Performing searching on cumulative stack 315.95 49.23
Aug 25 03:49:09 INFO >> Loading the cumulative power spectra stack to search
Aug 25 03:49:38 INFO >> DM: 57.3817479147
Aug 25 03:49:38 INFO >> sigma: 11.28372911
Aug 25 03:49:38 INFO >> frequency: 59.53158899698244
Aug 25 03:49:38 INFO >> Injecting 8 harmonics.
Aug 25 03:49:38 INFO >> Starting DM: 55.658863208924885
Aug 25 03:49:38 INFO >> Stopping DM: 59.09959293456752
Aug 25 03:49:38 INFO >> Expected detection at 9.42 sigma with 8 harmonics.
Aug 25 03:49:50 INFO >> Start searching 6558 dm trials using 32 harmonics.
Aug 25 03:49:57 INFO >> Moved power spectra to shared memory.
Aug 25 03:49:57 INFO >> Number of dm trials in single multi processing job: 10
Aug 25 03:50:47 INFO >> Total number of detections=15595
Aug 25 03:50:47 INFO >> Clustering the detections
Aug 25 03:50:47 INFO >> Starting clustering
Aug 25 03:50:47 INFO >> Rogue harmonic power filter reduced detections from 15595 to 8537
Aug 25 03:50:47 INFO >> Filtering out duplicate freq,dm detections at multiple nharms removes 790 detections
Aug 25 03:50:47 INFO >> Duplicate freq,dm filter reduced detections to 7747
Aug 25 03:50:47 INFO >> Number of detections over threshold sigma (6.0): 7747
Aug 25 03:50:47 INFO >> Grouping duplicate frequencies together first
Aug 25 03:50:47 INFO >> Grouping duplicate frequencies removed 7220 detections from the harmonic metric computation
Aug 25 03:50:47 INFO >> Starting freq-DM distance metric computation
Aug 25 03:50:48 INFO >> Finished freq-DM distance metric computation
Aug 25 03:50:48 INFO >> Largest group size for metric computation is 97
Aug 25 03:50:48 INFO >> Starting harmonic distance metric computation
Aug 25 03:50:49 INFO >> Finished harmonic distance metric computation
Aug 25 03:50:49 INFO >> Starting DBSCAN
Aug 25 03:50:49 INFO >> Finished DBSCAN
Aug 25 03:50:49 INFO >> Clusters found: 76
Aug 25 03:50:49 INFO >> Filtered 32 clusters below or equal 2 DM.
Aug 25 03:50:49 INFO >> Total number of candidate clusters=1
Aug 25 03:50:49 INFO >> Candidate Processor of stack (315.95 49.23)
Aug 25 03:50:49 INFO >> Making SinglePointingCandidates from a list of 1 PowerSpectraDetectionClusters
Aug 25 03:50:51 INFO >> saved candidates to ./results//injections/315.95_49.23_cumulative_power_spectra_stack_20220627_11_freq_dm_57.yml_(59,)_candidates.npz
Aug 25 03:50:51 INFO >> Injected Pulsars:     1
Aug 25 03:50:51 INFO >> Injection Candidates: 1
Aug 25 03:50:51 INFO >> Recovered Injections: 1
Aug 25 03:50:51 INFO >> 1 candidates.
Aug 25 03:50:51 INFO >> Best candidate: F0: 59.532 DM: 57.38 Sigma: 9.90
Aug 25 03:50:52 INFO >> Unlinked shared memory for cumulative stack.
Aug 25 03:50:52 INFO >> Pipeline execution time: 1.73 minutes
