Aug 25 05:00:32 INFO >> {"message": "Waiting for suitable server to become available", "selector": "Primary()", "operation": "find", "topologyDescription": "<TopologyDescription id: 66caba70f09724a20c1eac4e, topology_type: Unknown, servers: [<ServerDescription ('localhost', 27017) server_type: Unknown, rtt: None>]>", "clientId": {"$oid": "66caba70f09724a20c1eac4e"}, "remainingTimeMS": 29}
Aug 25 05:00:32 INFO >> Features initialized as the following:
Aug 25 05:00:32 INFO >> num_unique_dms
Aug 25 05:00:32 INFO >> num_unique_freqs
Aug 25 05:00:32 INFO >> ndetections
Aug 25 05:00:32 INFO >> nharm
Aug 25 05:00:32 INFO >> log_p_dm
Aug 25 05:00:32 INFO >> ['dm_sigma_FitGaussWidth_gauss_sigma', 'dm_sigma_FitGaussWidth_gauss_sigma_rel_err', 'dm_sigma_FitGaussWidth_ndof', 'dm_sigma_FitGaussWidth_rms_err']
Aug 25 05:00:32 INFO >> ['dm_sigma_FitGauss_amplitude', 'dm_sigma_FitGauss_mu', 'dm_sigma_FitGauss_gauss_sigma', 'dm_sigma_FitGauss_amplitude_rel_err', 'dm_sigma_FitGauss_mu_rel_err', 'dm_sigma_FitGauss_gauss_sigma_rel_err', 'dm_sigma_FitGauss_amplitude-detection', 'dm_sigma_FitGauss_mu-detection', 'dm_sigma_FitGauss_ndof', 'dm_sigma_FitGauss_rms_err']
Aug 25 05:00:32 INFO >> ['freq_sigma_FitGaussWidth_gauss_sigma', 'freq_sigma_FitGaussWidth_gauss_sigma_rel_err', 'freq_sigma_FitGaussWidth_ndof', 'freq_sigma_FitGaussWidth_rms_err']
Aug 25 05:00:32 INFO >> ['freq_sigma_FitGauss_amplitude', 'freq_sigma_FitGauss_mu', 'freq_sigma_FitGauss_gauss_sigma', 'freq_sigma_FitGauss_amplitude_rel_err', 'freq_sigma_FitGauss_mu_rel_err', 'freq_sigma_FitGauss_gauss_sigma_rel_err', 'freq_sigma_FitGauss_amplitude-detection', 'freq_sigma_FitGauss_mu-detection', 'freq_sigma_FitGauss_ndof', 'freq_sigma_FitGauss_rms_err']
Aug 25 05:00:32 INFO >> Performing searching on cumulative stack 315.95 49.23
Aug 25 05:00:32 INFO >> Loading the cumulative power spectra stack to search
Aug 25 05:01:03 INFO >> DM: 57.3817479147
Aug 25 05:01:03 INFO >> sigma: 11.28372911
Aug 25 05:01:03 INFO >> frequency: 199.52623149688787
Aug 25 05:01:03 INFO >> Injecting 2 harmonics.
Aug 25 05:01:03 INFO >> Starting DM: 56.873238406210525
Aug 25 05:01:03 INFO >> Stopping DM: 57.88521773728188
Aug 25 05:01:03 INFO >> Expected detection at 9.57 sigma with 2 harmonics.
Aug 25 05:01:14 INFO >> Start searching 6558 dm trials using 32 harmonics.
Aug 25 05:01:22 INFO >> Moved power spectra to shared memory.
Aug 25 05:01:22 INFO >> Number of dm trials in single multi processing job: 10
Aug 25 05:02:12 INFO >> Total number of detections=15584
Aug 25 05:02:12 INFO >> Clustering the detections
Aug 25 05:02:12 INFO >> Starting clustering
Aug 25 05:02:12 INFO >> Rogue harmonic power filter reduced detections from 15584 to 8526
Aug 25 05:02:12 INFO >> Filtering out duplicate freq,dm detections at multiple nharms removes 790 detections
Aug 25 05:02:12 INFO >> Duplicate freq,dm filter reduced detections to 7736
Aug 25 05:02:12 INFO >> Number of detections over threshold sigma (6.0): 7736
Aug 25 05:02:12 INFO >> Grouping duplicate frequencies together first
Aug 25 05:02:12 INFO >> Grouping duplicate frequencies removed 7214 detections from the harmonic metric computation
Aug 25 05:02:12 INFO >> Starting freq-DM distance metric computation
Aug 25 05:02:12 INFO >> Finished freq-DM distance metric computation
Aug 25 05:02:13 INFO >> Largest group size for metric computation is 97
Aug 25 05:02:13 INFO >> Starting harmonic distance metric computation
Aug 25 05:02:13 INFO >> Finished harmonic distance metric computation
Aug 25 05:02:13 INFO >> Starting DBSCAN
Aug 25 05:02:13 INFO >> Finished DBSCAN
Aug 25 05:02:13 INFO >> Clusters found: 75
Aug 25 05:02:13 INFO >> Filtered 32 clusters below or equal 2 DM.
Aug 25 05:02:13 INFO >> Total number of candidate clusters=0
Aug 25 05:02:13 INFO >> Candidate Processor of stack (315.95 49.23)
Aug 25 05:02:13 INFO >> Making SinglePointingCandidates from a list of 0 PowerSpectraDetectionClusters
Aug 25 05:02:15 INFO >> saved candidates to ./results//injections/315.95_49.23_cumulative_power_spectra_stack_20220627_11_freq_dm_57.yml_(99,)_candidates.npz
Aug 25 05:02:15 INFO >> Injected Pulsars:     1
Aug 25 05:02:15 INFO >> Injection Candidates: 0
Aug 25 05:02:15 INFO >> Recovered Injections: 0
Aug 25 05:02:15 INFO >> 0 candidates.
Aug 25 05:02:17 INFO >> Unlinked shared memory for cumulative stack.
Aug 25 05:02:17 INFO >> Pipeline execution time: 1.75 minutes
