Aug 25 03:09:58 INFO >> {"message": "Waiting for suitable server to become available", "selector": "Primary()", "operation": "find", "topologyDescription": "<TopologyDescription id: 66caa086c0acbc8bb618139c, topology_type: Unknown, servers: [<ServerDescription ('localhost', 27017) server_type: Unknown, rtt: None>]>", "clientId": {"$oid": "66caa086c0acbc8bb618139c"}, "remainingTimeMS": 29}
Aug 25 03:09:58 INFO >> Features initialized as the following:
Aug 25 03:09:58 INFO >> num_unique_dms
Aug 25 03:09:58 INFO >> num_unique_freqs
Aug 25 03:09:58 INFO >> ndetections
Aug 25 03:09:58 INFO >> nharm
Aug 25 03:09:58 INFO >> log_p_dm
Aug 25 03:09:58 INFO >> ['dm_sigma_FitGaussWidth_gauss_sigma', 'dm_sigma_FitGaussWidth_gauss_sigma_rel_err', 'dm_sigma_FitGaussWidth_ndof', 'dm_sigma_FitGaussWidth_rms_err']
Aug 25 03:09:58 INFO >> ['dm_sigma_FitGauss_amplitude', 'dm_sigma_FitGauss_mu', 'dm_sigma_FitGauss_gauss_sigma', 'dm_sigma_FitGauss_amplitude_rel_err', 'dm_sigma_FitGauss_mu_rel_err', 'dm_sigma_FitGauss_gauss_sigma_rel_err', 'dm_sigma_FitGauss_amplitude-detection', 'dm_sigma_FitGauss_mu-detection', 'dm_sigma_FitGauss_ndof', 'dm_sigma_FitGauss_rms_err']
Aug 25 03:09:58 INFO >> ['freq_sigma_FitGaussWidth_gauss_sigma', 'freq_sigma_FitGaussWidth_gauss_sigma_rel_err', 'freq_sigma_FitGaussWidth_ndof', 'freq_sigma_FitGaussWidth_rms_err']
Aug 25 03:09:58 INFO >> ['freq_sigma_FitGauss_amplitude', 'freq_sigma_FitGauss_mu', 'freq_sigma_FitGauss_gauss_sigma', 'freq_sigma_FitGauss_amplitude_rel_err', 'freq_sigma_FitGauss_mu_rel_err', 'freq_sigma_FitGauss_gauss_sigma_rel_err', 'freq_sigma_FitGauss_amplitude-detection', 'freq_sigma_FitGauss_mu-detection', 'freq_sigma_FitGauss_ndof', 'freq_sigma_FitGauss_rms_err']
Aug 25 03:09:58 INFO >> Performing searching on cumulative stack 315.95 49.23
Aug 25 03:09:58 INFO >> Loading the cumulative power spectra stack to search
Aug 25 03:10:28 INFO >> DM: 57.3817479147
Aug 25 03:10:28 INFO >> sigma: 11.28372911
Aug 25 03:10:28 INFO >> frequency: 30.609665653016272
Aug 25 03:10:28 INFO >> Injecting 16 harmonics.
Aug 25 03:10:28 INFO >> Starting DM: 54.03969627921071
Aug 25 03:10:28 INFO >> Stopping DM: 60.718759864281694
Aug 25 03:10:28 INFO >> Expected detection at 9.55 sigma with 4 harmonics.
Aug 25 03:10:40 INFO >> Start searching 6558 dm trials using 32 harmonics.
Aug 25 03:10:49 INFO >> Moved power spectra to shared memory.
Aug 25 03:10:49 INFO >> Number of dm trials in single multi processing job: 10
Aug 25 03:11:40 INFO >> Total number of detections=15625
Aug 25 03:11:40 INFO >> Clustering the detections
Aug 25 03:11:40 INFO >> Starting clustering
Aug 25 03:11:40 INFO >> Rogue harmonic power filter reduced detections from 15625 to 8567
Aug 25 03:11:40 INFO >> Filtering out duplicate freq,dm detections at multiple nharms removes 802 detections
Aug 25 03:11:40 INFO >> Duplicate freq,dm filter reduced detections to 7765
Aug 25 03:11:40 INFO >> Number of detections over threshold sigma (6.0): 7765
Aug 25 03:11:40 INFO >> Grouping duplicate frequencies together first
Aug 25 03:11:40 INFO >> Grouping duplicate frequencies removed 7238 detections from the harmonic metric computation
Aug 25 03:11:40 INFO >> Starting freq-DM distance metric computation
Aug 25 03:11:41 INFO >> Finished freq-DM distance metric computation
Aug 25 03:11:41 INFO >> Largest group size for metric computation is 97
Aug 25 03:11:41 INFO >> Starting harmonic distance metric computation
Aug 25 03:11:41 INFO >> Finished harmonic distance metric computation
Aug 25 03:11:41 INFO >> Starting DBSCAN
Aug 25 03:11:42 INFO >> Finished DBSCAN
Aug 25 03:11:42 INFO >> Clusters found: 76
Aug 25 03:11:42 INFO >> Filtered 32 clusters below or equal 2 DM.
Aug 25 03:11:42 INFO >> Total number of candidate clusters=1
Aug 25 03:11:42 INFO >> Candidate Processor of stack (315.95 49.23)
Aug 25 03:11:42 INFO >> Making SinglePointingCandidates from a list of 1 PowerSpectraDetectionClusters
Aug 25 03:11:44 INFO >> saved candidates to ./results//injections/315.95_49.23_cumulative_power_spectra_stack_20220627_11_freq_dm_57.yml_(37,)_candidates.npz
Aug 25 03:11:44 INFO >> Injected Pulsars:     1
Aug 25 03:11:44 INFO >> Injection Candidates: 1
Aug 25 03:11:44 INFO >> Recovered Injections: 1
Aug 25 03:11:44 INFO >> 1 candidates.
Aug 25 03:11:44 INFO >> Best candidate: F0: 30.610 DM: 57.38 Sigma: 9.72
Aug 25 03:11:45 INFO >> Unlinked shared memory for cumulative stack.
Aug 25 03:11:45 INFO >> Pipeline execution time: 1.79 minutes
