Aug 25 04:29:52 INFO >> {"message": "Waiting for suitable server to become available", "selector": "Primary()", "operation": "find", "topologyDescription": "<TopologyDescription id: 66cab3401b1ca34e6f6c0517, topology_type: Unknown, servers: [<ServerDescription ('localhost', 27017) server_type: Unknown, rtt: None>]>", "clientId": {"$oid": "66cab3401b1ca34e6f6c0517"}, "remainingTimeMS": 29}
Aug 25 04:29:52 INFO >> Features initialized as the following:
Aug 25 04:29:52 INFO >> num_unique_dms
Aug 25 04:29:52 INFO >> num_unique_freqs
Aug 25 04:29:52 INFO >> ndetections
Aug 25 04:29:52 INFO >> nharm
Aug 25 04:29:52 INFO >> log_p_dm
Aug 25 04:29:52 INFO >> ['dm_sigma_FitGaussWidth_gauss_sigma', 'dm_sigma_FitGaussWidth_gauss_sigma_rel_err', 'dm_sigma_FitGaussWidth_ndof', 'dm_sigma_FitGaussWidth_rms_err']
Aug 25 04:29:52 INFO >> ['dm_sigma_FitGauss_amplitude', 'dm_sigma_FitGauss_mu', 'dm_sigma_FitGauss_gauss_sigma', 'dm_sigma_FitGauss_amplitude_rel_err', 'dm_sigma_FitGauss_mu_rel_err', 'dm_sigma_FitGauss_gauss_sigma_rel_err', 'dm_sigma_FitGauss_amplitude-detection', 'dm_sigma_FitGauss_mu-detection', 'dm_sigma_FitGauss_ndof', 'dm_sigma_FitGauss_rms_err']
Aug 25 04:29:52 INFO >> ['freq_sigma_FitGaussWidth_gauss_sigma', 'freq_sigma_FitGaussWidth_gauss_sigma_rel_err', 'freq_sigma_FitGaussWidth_ndof', 'freq_sigma_FitGaussWidth_rms_err']
Aug 25 04:29:52 INFO >> ['freq_sigma_FitGauss_amplitude', 'freq_sigma_FitGauss_mu', 'freq_sigma_FitGauss_gauss_sigma', 'freq_sigma_FitGauss_amplitude_rel_err', 'freq_sigma_FitGauss_mu_rel_err', 'freq_sigma_FitGauss_gauss_sigma_rel_err', 'freq_sigma_FitGauss_amplitude-detection', 'freq_sigma_FitGauss_mu-detection', 'freq_sigma_FitGauss_ndof', 'freq_sigma_FitGauss_rms_err']
Aug 25 04:29:53 INFO >> Performing searching on cumulative stack 315.95 49.23
Aug 25 04:29:53 INFO >> Loading the cumulative power spectra stack to search
Aug 25 04:30:22 INFO >> DM: 57.3817479147
Aug 25 04:30:22 INFO >> sigma: 11.28372911
Aug 25 04:30:22 INFO >> frequency: 119.33495584863844
Aug 25 04:30:22 INFO >> Injecting 4 harmonics.
Aug 25 04:30:22 INFO >> Starting DM: 56.569644606889106
Aug 25 04:30:22 INFO >> Stopping DM: 58.29000946971043
Aug 25 04:30:22 INFO >> Expected detection at 8.62 sigma with 4 harmonics.
Aug 25 04:30:34 INFO >> Start searching 6558 dm trials using 32 harmonics.
Aug 25 04:30:41 INFO >> Moved power spectra to shared memory.
Aug 25 04:30:41 INFO >> Number of dm trials in single multi processing job: 10
Aug 25 04:31:31 INFO >> Total number of detections=15584
Aug 25 04:31:31 INFO >> Clustering the detections
Aug 25 04:31:31 INFO >> Starting clustering
Aug 25 04:31:31 INFO >> Rogue harmonic power filter reduced detections from 15584 to 8526
Aug 25 04:31:31 INFO >> Filtering out duplicate freq,dm detections at multiple nharms removes 790 detections
Aug 25 04:31:31 INFO >> Duplicate freq,dm filter reduced detections to 7736
Aug 25 04:31:31 INFO >> Number of detections over threshold sigma (6.0): 7736
Aug 25 04:31:31 INFO >> Grouping duplicate frequencies together first
Aug 25 04:31:31 INFO >> Grouping duplicate frequencies removed 7214 detections from the harmonic metric computation
Aug 25 04:31:31 INFO >> Starting freq-DM distance metric computation
Aug 25 04:31:32 INFO >> Finished freq-DM distance metric computation
Aug 25 04:31:32 INFO >> Largest group size for metric computation is 97
Aug 25 04:31:32 INFO >> Starting harmonic distance metric computation
Aug 25 04:31:33 INFO >> Finished harmonic distance metric computation
Aug 25 04:31:33 INFO >> Starting DBSCAN
Aug 25 04:31:33 INFO >> Finished DBSCAN
Aug 25 04:31:33 INFO >> Clusters found: 75
Aug 25 04:31:33 INFO >> Filtered 32 clusters below or equal 2 DM.
Aug 25 04:31:33 INFO >> Total number of candidate clusters=0
Aug 25 04:31:33 INFO >> Candidate Processor of stack (315.95 49.23)
Aug 25 04:31:33 INFO >> Making SinglePointingCandidates from a list of 0 PowerSpectraDetectionClusters
Aug 25 04:31:35 INFO >> saved candidates to ./results//injections/315.95_49.23_cumulative_power_spectra_stack_20220627_11_freq_dm_57.yml_(82,)_candidates.npz
Aug 25 04:31:35 INFO >> Injected Pulsars:     1
Aug 25 04:31:35 INFO >> Injection Candidates: 0
Aug 25 04:31:35 INFO >> Recovered Injections: 0
Aug 25 04:31:35 INFO >> 0 candidates.
Aug 25 04:31:36 INFO >> Unlinked shared memory for cumulative stack.
Aug 25 04:31:36 INFO >> Pipeline execution time: 1.73 minutes
