Aug 25 02:19:28 INFO >> {"message": "Waiting for suitable server to become available", "selector": "Primary()", "operation": "find", "topologyDescription": "<TopologyDescription id: 66ca94b0f2407dc4104f7b4e, topology_type: Unknown, servers: [<ServerDescription ('localhost', 27017) server_type: Unknown, rtt: None>]>", "clientId": {"$oid": "66ca94b0f2407dc4104f7b4e"}, "remainingTimeMS": 29}
Aug 25 02:19:29 INFO >> Features initialized as the following:
Aug 25 02:19:29 INFO >> num_unique_dms
Aug 25 02:19:29 INFO >> num_unique_freqs
Aug 25 02:19:29 INFO >> ndetections
Aug 25 02:19:29 INFO >> nharm
Aug 25 02:19:29 INFO >> log_p_dm
Aug 25 02:19:29 INFO >> ['dm_sigma_FitGaussWidth_gauss_sigma', 'dm_sigma_FitGaussWidth_gauss_sigma_rel_err', 'dm_sigma_FitGaussWidth_ndof', 'dm_sigma_FitGaussWidth_rms_err']
Aug 25 02:19:29 INFO >> ['dm_sigma_FitGauss_amplitude', 'dm_sigma_FitGauss_mu', 'dm_sigma_FitGauss_gauss_sigma', 'dm_sigma_FitGauss_amplitude_rel_err', 'dm_sigma_FitGauss_mu_rel_err', 'dm_sigma_FitGauss_gauss_sigma_rel_err', 'dm_sigma_FitGauss_amplitude-detection', 'dm_sigma_FitGauss_mu-detection', 'dm_sigma_FitGauss_ndof', 'dm_sigma_FitGauss_rms_err']
Aug 25 02:19:29 INFO >> ['freq_sigma_FitGaussWidth_gauss_sigma', 'freq_sigma_FitGaussWidth_gauss_sigma_rel_err', 'freq_sigma_FitGaussWidth_ndof', 'freq_sigma_FitGaussWidth_rms_err']
Aug 25 02:19:29 INFO >> ['freq_sigma_FitGauss_amplitude', 'freq_sigma_FitGauss_mu', 'freq_sigma_FitGauss_gauss_sigma', 'freq_sigma_FitGauss_amplitude_rel_err', 'freq_sigma_FitGauss_mu_rel_err', 'freq_sigma_FitGauss_gauss_sigma_rel_err', 'freq_sigma_FitGauss_amplitude-detection', 'freq_sigma_FitGauss_mu-detection', 'freq_sigma_FitGauss_ndof', 'freq_sigma_FitGauss_rms_err']
Aug 25 02:19:29 INFO >> Performing searching on cumulative stack 315.95 49.23
Aug 25 02:19:29 INFO >> Loading the cumulative power spectra stack to search
Aug 25 02:19:58 INFO >> DM: 57.3817479147
Aug 25 02:19:58 INFO >> sigma: 11.28372911
Aug 25 02:19:58 INFO >> frequency: 13.12749368925199
Aug 25 02:19:58 INFO >> Injecting 38 harmonics.
Aug 25 02:19:58 INFO >> Starting DM: 49.58698722249672
Aug 25 02:19:58 INFO >> Stopping DM: 65.27266685410282
Aug 25 02:19:58 INFO >> Expected detection at 9.93 sigma with 8 harmonics.
Aug 25 02:20:10 INFO >> Start searching 6558 dm trials using 32 harmonics.
Aug 25 02:20:18 INFO >> Moved power spectra to shared memory.
Aug 25 02:20:18 INFO >> Number of dm trials in single multi processing job: 10
Aug 25 02:21:07 INFO >> Total number of detections=15670
Aug 25 02:21:07 INFO >> Clustering the detections
Aug 25 02:21:07 INFO >> Starting clustering
Aug 25 02:21:07 INFO >> Rogue harmonic power filter reduced detections from 15670 to 8612
Aug 25 02:21:07 INFO >> Filtering out duplicate freq,dm detections at multiple nharms removes 806 detections
Aug 25 02:21:07 INFO >> Duplicate freq,dm filter reduced detections to 7806
Aug 25 02:21:07 INFO >> Number of detections over threshold sigma (6.0): 7806
Aug 25 02:21:07 INFO >> Grouping duplicate frequencies together first
Aug 25 02:21:07 INFO >> Grouping duplicate frequencies removed 7277 detections from the harmonic metric computation
Aug 25 02:21:07 INFO >> Starting freq-DM distance metric computation
Aug 25 02:21:07 INFO >> Finished freq-DM distance metric computation
Aug 25 02:21:08 INFO >> Largest group size for metric computation is 97
Aug 25 02:21:08 INFO >> Starting harmonic distance metric computation
Aug 25 02:21:08 INFO >> Finished harmonic distance metric computation
Aug 25 02:21:08 INFO >> Starting DBSCAN
Aug 25 02:21:08 INFO >> Finished DBSCAN
Aug 25 02:21:08 INFO >> Clusters found: 76
Aug 25 02:21:08 INFO >> Filtered 32 clusters below or equal 2 DM.
Aug 25 02:21:08 INFO >> Total number of candidate clusters=1
Aug 25 02:21:08 INFO >> Candidate Processor of stack (315.95 49.23)
Aug 25 02:21:08 INFO >> Making SinglePointingCandidates from a list of 1 PowerSpectraDetectionClusters
Aug 25 02:21:11 INFO >> saved candidates to ./results//injections/315.95_49.23_cumulative_power_spectra_stack_20220627_11_freq_dm_57.yml_(9,)_candidates.npz
Aug 25 02:21:11 INFO >> Injected Pulsars:     1
Aug 25 02:21:11 INFO >> Injection Candidates: 1
Aug 25 02:21:11 INFO >> Recovered Injections: 1
Aug 25 02:21:11 INFO >> 1 candidates.
Aug 25 02:21:11 INFO >> Best candidate: F0: 13.128 DM: 57.38 Sigma: 9.54
Aug 25 02:21:12 INFO >> Unlinked shared memory for cumulative stack.
Aug 25 02:21:12 INFO >> Pipeline execution time: 1.73 minutes
