Aug 25 02:46:35 INFO >> {"message": "Waiting for suitable server to become available", "selector": "Primary()", "operation": "find", "topologyDescription": "<TopologyDescription id: 66ca9b0ba2cff065bd191c3e, topology_type: Unknown, servers: [<ServerDescription ('localhost', 27017) server_type: Unknown, rtt: None>]>", "clientId": {"$oid": "66ca9b0ba2cff065bd191c3e"}, "remainingTimeMS": 29}
Aug 25 02:46:35 INFO >> Features initialized as the following:
Aug 25 02:46:35 INFO >> num_unique_dms
Aug 25 02:46:35 INFO >> num_unique_freqs
Aug 25 02:46:35 INFO >> ndetections
Aug 25 02:46:35 INFO >> nharm
Aug 25 02:46:35 INFO >> log_p_dm
Aug 25 02:46:35 INFO >> ['dm_sigma_FitGaussWidth_gauss_sigma', 'dm_sigma_FitGaussWidth_gauss_sigma_rel_err', 'dm_sigma_FitGaussWidth_ndof', 'dm_sigma_FitGaussWidth_rms_err']
Aug 25 02:46:35 INFO >> ['dm_sigma_FitGauss_amplitude', 'dm_sigma_FitGauss_mu', 'dm_sigma_FitGauss_gauss_sigma', 'dm_sigma_FitGauss_amplitude_rel_err', 'dm_sigma_FitGauss_mu_rel_err', 'dm_sigma_FitGauss_gauss_sigma_rel_err', 'dm_sigma_FitGauss_amplitude-detection', 'dm_sigma_FitGauss_mu-detection', 'dm_sigma_FitGauss_ndof', 'dm_sigma_FitGauss_rms_err']
Aug 25 02:46:35 INFO >> ['freq_sigma_FitGaussWidth_gauss_sigma', 'freq_sigma_FitGaussWidth_gauss_sigma_rel_err', 'freq_sigma_FitGaussWidth_ndof', 'freq_sigma_FitGaussWidth_rms_err']
Aug 25 02:46:35 INFO >> ['freq_sigma_FitGauss_amplitude', 'freq_sigma_FitGauss_mu', 'freq_sigma_FitGauss_gauss_sigma', 'freq_sigma_FitGauss_amplitude_rel_err', 'freq_sigma_FitGauss_mu_rel_err', 'freq_sigma_FitGauss_gauss_sigma_rel_err', 'freq_sigma_FitGauss_amplitude-detection', 'freq_sigma_FitGauss_mu-detection', 'freq_sigma_FitGauss_ndof', 'freq_sigma_FitGauss_rms_err']
Aug 25 02:46:35 INFO >> Performing searching on cumulative stack 315.95 49.23
Aug 25 02:46:35 INFO >> Loading the cumulative power spectra stack to search
Aug 25 02:47:05 INFO >> DM: 57.3817479147
Aug 25 02:47:05 INFO >> sigma: 11.28372911
Aug 25 02:47:05 INFO >> frequency: 20.661008441791704
Aug 25 02:47:05 INFO >> Injecting 24 harmonics.
Aug 25 02:47:05 INFO >> Starting DM: 52.42052934949653
Aug 25 02:47:05 INFO >> Stopping DM: 62.33792679399587
Aug 25 02:47:05 INFO >> Expected detection at 9.59 sigma with 8 harmonics.
Aug 25 02:47:17 INFO >> Start searching 6558 dm trials using 32 harmonics.
Aug 25 02:47:25 INFO >> Moved power spectra to shared memory.
Aug 25 02:47:25 INFO >> Number of dm trials in single multi processing job: 10
Aug 25 02:48:14 INFO >> Total number of detections=15695
Aug 25 02:48:14 INFO >> Clustering the detections
Aug 25 02:48:14 INFO >> Starting clustering
Aug 25 02:48:14 INFO >> Rogue harmonic power filter reduced detections from 15695 to 8630
Aug 25 02:48:14 INFO >> Filtering out duplicate freq,dm detections at multiple nharms removes 816 detections
Aug 25 02:48:14 INFO >> Duplicate freq,dm filter reduced detections to 7814
Aug 25 02:48:14 INFO >> Number of detections over threshold sigma (6.0): 7814
Aug 25 02:48:14 INFO >> Grouping duplicate frequencies together first
Aug 25 02:48:14 INFO >> Grouping duplicate frequencies removed 7276 detections from the harmonic metric computation
Aug 25 02:48:14 INFO >> Starting freq-DM distance metric computation
Aug 25 02:48:14 INFO >> Finished freq-DM distance metric computation
Aug 25 02:48:15 INFO >> Largest group size for metric computation is 117
Aug 25 02:48:15 INFO >> Starting harmonic distance metric computation
Aug 25 02:48:15 INFO >> Finished harmonic distance metric computation
Aug 25 02:48:15 INFO >> Starting DBSCAN
Aug 25 02:48:16 INFO >> Finished DBSCAN
Aug 25 02:48:16 INFO >> Clusters found: 76
Aug 25 02:48:16 INFO >> Filtered 32 clusters below or equal 2 DM.
Aug 25 02:48:16 INFO >> Total number of candidate clusters=1
Aug 25 02:48:16 INFO >> Candidate Processor of stack (315.95 49.23)
Aug 25 02:48:16 INFO >> Making SinglePointingCandidates from a list of 1 PowerSpectraDetectionClusters
Aug 25 02:48:18 INFO >> saved candidates to ./results//injections/315.95_49.23_cumulative_power_spectra_stack_20220627_11_freq_dm_57.yml_(24,)_candidates.npz
Aug 25 02:48:18 INFO >> Injected Pulsars:     1
Aug 25 02:48:18 INFO >> Injection Candidates: 1
Aug 25 02:48:18 INFO >> Recovered Injections: 1
Aug 25 02:48:18 INFO >> 1 candidates.
Aug 25 02:48:18 INFO >> Best candidate: F0: 20.661 DM: 57.38 Sigma: 9.49
Aug 25 02:48:19 INFO >> Unlinked shared memory for cumulative stack.
Aug 25 02:48:19 INFO >> Pipeline execution time: 1.74 minutes
