Aug 25 03:31:25 INFO >> {"message": "Waiting for suitable server to become available", "selector": "Primary()", "operation": "find", "topologyDescription": "<TopologyDescription id: 66caa58dc1ad6a90e29988b7, topology_type: Unknown, servers: [<ServerDescription ('localhost', 27017) server_type: Unknown, rtt: None>]>", "clientId": {"$oid": "66caa58dc1ad6a90e29988b7"}, "remainingTimeMS": 29}
Aug 25 03:31:25 INFO >> Features initialized as the following:
Aug 25 03:31:25 INFO >> num_unique_dms
Aug 25 03:31:25 INFO >> num_unique_freqs
Aug 25 03:31:25 INFO >> ndetections
Aug 25 03:31:25 INFO >> nharm
Aug 25 03:31:25 INFO >> log_p_dm
Aug 25 03:31:25 INFO >> ['dm_sigma_FitGaussWidth_gauss_sigma', 'dm_sigma_FitGaussWidth_gauss_sigma_rel_err', 'dm_sigma_FitGaussWidth_ndof', 'dm_sigma_FitGaussWidth_rms_err']
Aug 25 03:31:25 INFO >> ['dm_sigma_FitGauss_amplitude', 'dm_sigma_FitGauss_mu', 'dm_sigma_FitGauss_gauss_sigma', 'dm_sigma_FitGauss_amplitude_rel_err', 'dm_sigma_FitGauss_mu_rel_err', 'dm_sigma_FitGauss_gauss_sigma_rel_err', 'dm_sigma_FitGauss_amplitude-detection', 'dm_sigma_FitGauss_mu-detection', 'dm_sigma_FitGauss_ndof', 'dm_sigma_FitGauss_rms_err']
Aug 25 03:31:25 INFO >> ['freq_sigma_FitGaussWidth_gauss_sigma', 'freq_sigma_FitGaussWidth_gauss_sigma_rel_err', 'freq_sigma_FitGaussWidth_ndof', 'freq_sigma_FitGaussWidth_rms_err']
Aug 25 03:31:25 INFO >> ['freq_sigma_FitGauss_amplitude', 'freq_sigma_FitGauss_mu', 'freq_sigma_FitGauss_gauss_sigma', 'freq_sigma_FitGauss_amplitude_rel_err', 'freq_sigma_FitGauss_mu_rel_err', 'freq_sigma_FitGauss_gauss_sigma_rel_err', 'freq_sigma_FitGauss_amplitude-detection', 'freq_sigma_FitGauss_mu-detection', 'freq_sigma_FitGauss_ndof', 'freq_sigma_FitGauss_rms_err']
Aug 25 03:31:25 INFO >> Performing searching on cumulative stack 315.95 49.23
Aug 25 03:31:25 INFO >> Loading the cumulative power spectra stack to search
Aug 25 03:31:54 INFO >> DM: 57.3817479147
Aug 25 03:31:54 INFO >> sigma: 11.28372911
Aug 25 03:31:54 INFO >> frequency: 43.998142649079874
Aug 25 03:31:54 INFO >> Injecting 11 harmonics.
Aug 25 03:31:54 INFO >> Starting DM: 55.05167561028207
Aug 25 03:31:54 INFO >> Stopping DM: 59.706780533210335
Aug 25 03:31:54 INFO >> Expected detection at 11.37 sigma with 4 harmonics.
Aug 25 03:32:06 INFO >> Start searching 6558 dm trials using 32 harmonics.
Aug 25 03:32:15 INFO >> Moved power spectra to shared memory.
Aug 25 03:32:15 INFO >> Number of dm trials in single multi processing job: 10
Aug 25 03:33:04 INFO >> Total number of detections=15671
Aug 25 03:33:04 INFO >> Clustering the detections
Aug 25 03:33:04 INFO >> Starting clustering
Aug 25 03:33:04 INFO >> Rogue harmonic power filter reduced detections from 15671 to 8611
Aug 25 03:33:04 INFO >> Filtering out duplicate freq,dm detections at multiple nharms removes 829 detections
Aug 25 03:33:04 INFO >> Duplicate freq,dm filter reduced detections to 7782
Aug 25 03:33:04 INFO >> Number of detections over threshold sigma (6.0): 7782
Aug 25 03:33:04 INFO >> Grouping duplicate frequencies together first
Aug 25 03:33:04 INFO >> Grouping duplicate frequencies removed 7246 detections from the harmonic metric computation
Aug 25 03:33:04 INFO >> Starting freq-DM distance metric computation
Aug 25 03:33:04 INFO >> Finished freq-DM distance metric computation
Aug 25 03:33:05 INFO >> Largest group size for metric computation is 97
Aug 25 03:33:05 INFO >> Starting harmonic distance metric computation
Aug 25 03:33:05 INFO >> Finished harmonic distance metric computation
Aug 25 03:33:05 INFO >> Starting DBSCAN
Aug 25 03:33:05 INFO >> Finished DBSCAN
Aug 25 03:33:05 INFO >> Clusters found: 76
Aug 25 03:33:05 INFO >> Filtered 32 clusters below or equal 2 DM.
Aug 25 03:33:05 INFO >> Total number of candidate clusters=1
Aug 25 03:33:06 INFO >> Candidate Processor of stack (315.95 49.23)
Aug 25 03:33:06 INFO >> Making SinglePointingCandidates from a list of 1 PowerSpectraDetectionClusters
Aug 25 03:33:08 INFO >> saved candidates to ./results//injections/315.95_49.23_cumulative_power_spectra_stack_20220627_11_freq_dm_57.yml_(49,)_candidates.npz
Aug 25 03:33:08 INFO >> Injected Pulsars:     1
Aug 25 03:33:08 INFO >> Injection Candidates: 1
Aug 25 03:33:08 INFO >> Recovered Injections: 1
Aug 25 03:33:08 INFO >> 1 candidates.
Aug 25 03:33:08 INFO >> Best candidate: F0: 43.998 DM: 57.38 Sigma: 11.09
Aug 25 03:33:09 INFO >> Unlinked shared memory for cumulative stack.
Aug 25 03:33:09 INFO >> Pipeline execution time: 1.74 minutes
