Aug 25 03:26:04 INFO >> {"message": "Waiting for suitable server to become available", "selector": "Primary()", "operation": "find", "topologyDescription": "<TopologyDescription id: 66caa44c903d3098525e1349, topology_type: Unknown, servers: [<ServerDescription ('localhost', 27017) server_type: Unknown, rtt: None>]>", "clientId": {"$oid": "66caa44c903d3098525e1349"}, "remainingTimeMS": 29}
Aug 25 03:26:04 INFO >> Features initialized as the following:
Aug 25 03:26:04 INFO >> num_unique_dms
Aug 25 03:26:04 INFO >> num_unique_freqs
Aug 25 03:26:04 INFO >> ndetections
Aug 25 03:26:04 INFO >> nharm
Aug 25 03:26:04 INFO >> log_p_dm
Aug 25 03:26:04 INFO >> ['dm_sigma_FitGaussWidth_gauss_sigma', 'dm_sigma_FitGaussWidth_gauss_sigma_rel_err', 'dm_sigma_FitGaussWidth_ndof', 'dm_sigma_FitGaussWidth_rms_err']
Aug 25 03:26:04 INFO >> ['dm_sigma_FitGauss_amplitude', 'dm_sigma_FitGauss_mu', 'dm_sigma_FitGauss_gauss_sigma', 'dm_sigma_FitGauss_amplitude_rel_err', 'dm_sigma_FitGauss_mu_rel_err', 'dm_sigma_FitGauss_gauss_sigma_rel_err', 'dm_sigma_FitGauss_amplitude-detection', 'dm_sigma_FitGauss_mu-detection', 'dm_sigma_FitGauss_ndof', 'dm_sigma_FitGauss_rms_err']
Aug 25 03:26:04 INFO >> ['freq_sigma_FitGaussWidth_gauss_sigma', 'freq_sigma_FitGaussWidth_gauss_sigma_rel_err', 'freq_sigma_FitGaussWidth_ndof', 'freq_sigma_FitGaussWidth_rms_err']
Aug 25 03:26:04 INFO >> ['freq_sigma_FitGauss_amplitude', 'freq_sigma_FitGauss_mu', 'freq_sigma_FitGauss_gauss_sigma', 'freq_sigma_FitGauss_amplitude_rel_err', 'freq_sigma_FitGauss_mu_rel_err', 'freq_sigma_FitGauss_gauss_sigma_rel_err', 'freq_sigma_FitGauss_amplitude-detection', 'freq_sigma_FitGauss_mu-detection', 'freq_sigma_FitGauss_ndof', 'freq_sigma_FitGauss_rms_err']
Aug 25 03:26:04 INFO >> Performing searching on cumulative stack 315.95 49.23
Aug 25 03:26:04 INFO >> Loading the cumulative power spectra stack to search
Aug 25 03:26:33 INFO >> DM: 57.3817479147
Aug 25 03:26:33 INFO >> sigma: 11.28372911
Aug 25 03:26:33 INFO >> frequency: 40.18281926900845
Aug 25 03:26:33 INFO >> Injecting 12 harmonics.
Aug 25 03:26:33 INFO >> Starting DM: 54.84927974406779
Aug 25 03:26:33 INFO >> Stopping DM: 59.9091763994246
Aug 25 03:26:33 INFO >> Expected detection at 10.40 sigma with 8 harmonics.
Aug 25 03:26:45 INFO >> Start searching 6558 dm trials using 32 harmonics.
Aug 25 03:26:53 INFO >> Moved power spectra to shared memory.
Aug 25 03:26:53 INFO >> Number of dm trials in single multi processing job: 10
Aug 25 03:27:42 INFO >> Total number of detections=15624
Aug 25 03:27:42 INFO >> Clustering the detections
Aug 25 03:27:42 INFO >> Starting clustering
Aug 25 03:27:42 INFO >> Rogue harmonic power filter reduced detections from 15624 to 8566
Aug 25 03:27:42 INFO >> Filtering out duplicate freq,dm detections at multiple nharms removes 805 detections
Aug 25 03:27:42 INFO >> Duplicate freq,dm filter reduced detections to 7761
Aug 25 03:27:42 INFO >> Number of detections over threshold sigma (6.0): 7761
Aug 25 03:27:42 INFO >> Grouping duplicate frequencies together first
Aug 25 03:27:42 INFO >> Grouping duplicate frequencies removed 7233 detections from the harmonic metric computation
Aug 25 03:27:42 INFO >> Starting freq-DM distance metric computation
Aug 25 03:27:43 INFO >> Finished freq-DM distance metric computation
Aug 25 03:27:43 INFO >> Largest group size for metric computation is 97
Aug 25 03:27:43 INFO >> Starting harmonic distance metric computation
Aug 25 03:27:44 INFO >> Finished harmonic distance metric computation
Aug 25 03:27:44 INFO >> Starting DBSCAN
Aug 25 03:27:44 INFO >> Finished DBSCAN
Aug 25 03:27:44 INFO >> Clusters found: 76
Aug 25 03:27:44 INFO >> Filtered 32 clusters below or equal 2 DM.
Aug 25 03:27:44 INFO >> Total number of candidate clusters=1
Aug 25 03:27:44 INFO >> Candidate Processor of stack (315.95 49.23)
Aug 25 03:27:44 INFO >> Making SinglePointingCandidates from a list of 1 PowerSpectraDetectionClusters
Aug 25 03:27:46 INFO >> saved candidates to ./results//injections/315.95_49.23_cumulative_power_spectra_stack_20220627_11_freq_dm_57.yml_(46,)_candidates.npz
Aug 25 03:27:46 INFO >> Injected Pulsars:     1
Aug 25 03:27:46 INFO >> Injection Candidates: 1
Aug 25 03:27:46 INFO >> Recovered Injections: 1
Aug 25 03:27:46 INFO >> 1 candidates.
Aug 25 03:27:46 INFO >> Best candidate: F0: 40.183 DM: 57.38 Sigma: 9.41
Aug 25 03:27:48 INFO >> Unlinked shared memory for cumulative stack.
Aug 25 03:27:48 INFO >> Pipeline execution time: 1.73 minutes
