Aug 25 04:47:56 INFO >> {"message": "Waiting for suitable server to become available", "selector": "Primary()", "operation": "find", "topologyDescription": "<TopologyDescription id: 66cab77c4697b1228e07c2e0, topology_type: Unknown, servers: [<ServerDescription ('localhost', 27017) server_type: Unknown, rtt: None>]>", "clientId": {"$oid": "66cab77c4697b1228e07c2e0"}, "remainingTimeMS": 29}
Aug 25 04:47:56 INFO >> Features initialized as the following:
Aug 25 04:47:56 INFO >> num_unique_dms
Aug 25 04:47:56 INFO >> num_unique_freqs
Aug 25 04:47:56 INFO >> ndetections
Aug 25 04:47:56 INFO >> nharm
Aug 25 04:47:56 INFO >> log_p_dm
Aug 25 04:47:56 INFO >> ['dm_sigma_FitGaussWidth_gauss_sigma', 'dm_sigma_FitGaussWidth_gauss_sigma_rel_err', 'dm_sigma_FitGaussWidth_ndof', 'dm_sigma_FitGaussWidth_rms_err']
Aug 25 04:47:56 INFO >> ['dm_sigma_FitGauss_amplitude', 'dm_sigma_FitGauss_mu', 'dm_sigma_FitGauss_gauss_sigma', 'dm_sigma_FitGauss_amplitude_rel_err', 'dm_sigma_FitGauss_mu_rel_err', 'dm_sigma_FitGauss_gauss_sigma_rel_err', 'dm_sigma_FitGauss_amplitude-detection', 'dm_sigma_FitGauss_mu-detection', 'dm_sigma_FitGauss_ndof', 'dm_sigma_FitGauss_rms_err']
Aug 25 04:47:56 INFO >> ['freq_sigma_FitGaussWidth_gauss_sigma', 'freq_sigma_FitGaussWidth_gauss_sigma_rel_err', 'freq_sigma_FitGaussWidth_ndof', 'freq_sigma_FitGaussWidth_rms_err']
Aug 25 04:47:56 INFO >> ['freq_sigma_FitGauss_amplitude', 'freq_sigma_FitGauss_mu', 'freq_sigma_FitGauss_gauss_sigma', 'freq_sigma_FitGauss_amplitude_rel_err', 'freq_sigma_FitGauss_mu_rel_err', 'freq_sigma_FitGauss_gauss_sigma_rel_err', 'freq_sigma_FitGauss_amplitude-detection', 'freq_sigma_FitGauss_mu-detection', 'freq_sigma_FitGauss_ndof', 'freq_sigma_FitGauss_rms_err']
Aug 25 04:47:57 INFO >> Performing searching on cumulative stack 315.95 49.23
Aug 25 04:47:57 INFO >> Loading the cumulative power spectra stack to search
Aug 25 04:48:26 INFO >> DM: 57.3817479147
Aug 25 04:48:26 INFO >> sigma: 11.28372911
Aug 25 04:48:26 INFO >> frequency: 161.46589644057968
Aug 25 04:48:26 INFO >> Injecting 3 harmonics.
Aug 25 04:48:26 INFO >> Starting DM: 56.772040473103374
Aug 25 04:48:26 INFO >> Stopping DM: 57.986415670389015
Aug 25 04:48:26 INFO >> Expected detection at 7.68 sigma with 2 harmonics.
Aug 25 04:48:38 INFO >> Start searching 6558 dm trials using 32 harmonics.
Aug 25 04:48:45 INFO >> Moved power spectra to shared memory.
Aug 25 04:48:45 INFO >> Number of dm trials in single multi processing job: 10
Aug 25 04:49:34 INFO >> Total number of detections=15582
Aug 25 04:49:34 INFO >> Clustering the detections
Aug 25 04:49:34 INFO >> Starting clustering
Aug 25 04:49:34 INFO >> Rogue harmonic power filter reduced detections from 15582 to 8523
Aug 25 04:49:34 INFO >> Filtering out duplicate freq,dm detections at multiple nharms removes 789 detections
Aug 25 04:49:34 INFO >> Duplicate freq,dm filter reduced detections to 7734
Aug 25 04:49:34 INFO >> Number of detections over threshold sigma (6.0): 7734
Aug 25 04:49:35 INFO >> Grouping duplicate frequencies together first
Aug 25 04:49:35 INFO >> Grouping duplicate frequencies removed 7214 detections from the harmonic metric computation
Aug 25 04:49:35 INFO >> Starting freq-DM distance metric computation
Aug 25 04:49:35 INFO >> Finished freq-DM distance metric computation
Aug 25 04:49:35 INFO >> Largest group size for metric computation is 97
Aug 25 04:49:35 INFO >> Starting harmonic distance metric computation
Aug 25 04:49:36 INFO >> Finished harmonic distance metric computation
Aug 25 04:49:36 INFO >> Starting DBSCAN
Aug 25 04:49:36 INFO >> Finished DBSCAN
Aug 25 04:49:36 INFO >> Clusters found: 75
Aug 25 04:49:36 INFO >> Filtered 32 clusters below or equal 2 DM.
Aug 25 04:49:36 INFO >> Total number of candidate clusters=0
Aug 25 04:49:36 INFO >> Candidate Processor of stack (315.95 49.23)
Aug 25 04:49:36 INFO >> Making SinglePointingCandidates from a list of 0 PowerSpectraDetectionClusters
Aug 25 04:49:38 INFO >> saved candidates to ./results//injections/315.95_49.23_cumulative_power_spectra_stack_20220627_11_freq_dm_57.yml_(92,)_candidates.npz
Aug 25 04:49:38 INFO >> Injected Pulsars:     1
Aug 25 04:49:38 INFO >> Injection Candidates: 0
Aug 25 04:49:38 INFO >> Recovered Injections: 0
Aug 25 04:49:38 INFO >> 0 candidates.
Aug 25 04:49:39 INFO >> Unlinked shared memory for cumulative stack.
Aug 25 04:49:39 INFO >> Pipeline execution time: 1.72 minutes
