Aug 25 03:38:30 INFO >> {"message": "Waiting for suitable server to become available", "selector": "Primary()", "operation": "find", "topologyDescription": "<TopologyDescription id: 66caa736107bda9ae919edb7, topology_type: Unknown, servers: [<ServerDescription ('localhost', 27017) server_type: Unknown, rtt: None>]>", "clientId": {"$oid": "66caa736107bda9ae919edb7"}, "remainingTimeMS": 29}
Aug 25 03:38:30 INFO >> Features initialized as the following:
Aug 25 03:38:30 INFO >> num_unique_dms
Aug 25 03:38:30 INFO >> num_unique_freqs
Aug 25 03:38:30 INFO >> ndetections
Aug 25 03:38:30 INFO >> nharm
Aug 25 03:38:30 INFO >> log_p_dm
Aug 25 03:38:30 INFO >> ['dm_sigma_FitGaussWidth_gauss_sigma', 'dm_sigma_FitGaussWidth_gauss_sigma_rel_err', 'dm_sigma_FitGaussWidth_ndof', 'dm_sigma_FitGaussWidth_rms_err']
Aug 25 03:38:30 INFO >> ['dm_sigma_FitGauss_amplitude', 'dm_sigma_FitGauss_mu', 'dm_sigma_FitGauss_gauss_sigma', 'dm_sigma_FitGauss_amplitude_rel_err', 'dm_sigma_FitGauss_mu_rel_err', 'dm_sigma_FitGauss_gauss_sigma_rel_err', 'dm_sigma_FitGauss_amplitude-detection', 'dm_sigma_FitGauss_mu-detection', 'dm_sigma_FitGauss_ndof', 'dm_sigma_FitGauss_rms_err']
Aug 25 03:38:30 INFO >> ['freq_sigma_FitGaussWidth_gauss_sigma', 'freq_sigma_FitGaussWidth_gauss_sigma_rel_err', 'freq_sigma_FitGaussWidth_ndof', 'freq_sigma_FitGaussWidth_rms_err']
Aug 25 03:38:30 INFO >> ['freq_sigma_FitGauss_amplitude', 'freq_sigma_FitGauss_mu', 'freq_sigma_FitGauss_gauss_sigma', 'freq_sigma_FitGauss_amplitude_rel_err', 'freq_sigma_FitGauss_mu_rel_err', 'freq_sigma_FitGauss_gauss_sigma_rel_err', 'freq_sigma_FitGauss_amplitude-detection', 'freq_sigma_FitGauss_mu-detection', 'freq_sigma_FitGauss_ndof', 'freq_sigma_FitGauss_rms_err']
Aug 25 03:38:31 INFO >> Performing searching on cumulative stack 315.95 49.23
Aug 25 03:38:31 INFO >> Loading the cumulative power spectra stack to search
Aug 25 03:39:00 INFO >> DM: 57.3817479147
Aug 25 03:39:00 INFO >> sigma: 11.28372911
Aug 25 03:39:00 INFO >> frequency: 49.654612375785995
Aug 25 03:39:00 INFO >> Injecting 10 harmonics.
Aug 25 03:39:00 INFO >> Starting DM: 55.35526940960348
Aug 25 03:39:00 INFO >> Stopping DM: 59.50438466699605
Aug 25 03:39:00 INFO >> Expected detection at 10.21 sigma with 8 harmonics.
Aug 25 03:39:12 INFO >> Start searching 6558 dm trials using 32 harmonics.
Aug 25 03:39:20 INFO >> Moved power spectra to shared memory.
Aug 25 03:39:20 INFO >> Number of dm trials in single multi processing job: 10
Aug 25 03:40:08 INFO >> Total number of detections=15618
Aug 25 03:40:08 INFO >> Clustering the detections
Aug 25 03:40:08 INFO >> Starting clustering
Aug 25 03:40:08 INFO >> Rogue harmonic power filter reduced detections from 15618 to 8560
Aug 25 03:40:08 INFO >> Filtering out duplicate freq,dm detections at multiple nharms removes 798 detections
Aug 25 03:40:08 INFO >> Duplicate freq,dm filter reduced detections to 7762
Aug 25 03:40:08 INFO >> Number of detections over threshold sigma (6.0): 7762
Aug 25 03:40:08 INFO >> Grouping duplicate frequencies together first
Aug 25 03:40:08 INFO >> Grouping duplicate frequencies removed 7233 detections from the harmonic metric computation
Aug 25 03:40:08 INFO >> Starting freq-DM distance metric computation
Aug 25 03:40:08 INFO >> Finished freq-DM distance metric computation
Aug 25 03:40:08 INFO >> Largest group size for metric computation is 97
Aug 25 03:40:08 INFO >> Starting harmonic distance metric computation
Aug 25 03:40:09 INFO >> Finished harmonic distance metric computation
Aug 25 03:40:09 INFO >> Starting DBSCAN
Aug 25 03:40:09 INFO >> Finished DBSCAN
Aug 25 03:40:09 INFO >> Clusters found: 76
Aug 25 03:40:09 INFO >> Filtered 32 clusters below or equal 2 DM.
Aug 25 03:40:09 INFO >> Total number of candidate clusters=1
Aug 25 03:40:09 INFO >> Candidate Processor of stack (315.95 49.23)
Aug 25 03:40:09 INFO >> Making SinglePointingCandidates from a list of 1 PowerSpectraDetectionClusters
Aug 25 03:40:11 INFO >> saved candidates to ./results//injections/315.95_49.23_cumulative_power_spectra_stack_20220627_11_freq_dm_57.yml_(53,)_candidates.npz
Aug 25 03:40:11 INFO >> Injected Pulsars:     1
Aug 25 03:40:11 INFO >> Injection Candidates: 1
Aug 25 03:40:11 INFO >> Recovered Injections: 1
Aug 25 03:40:11 INFO >> 1 candidates.
Aug 25 03:40:11 INFO >> Best candidate: F0: 49.655 DM: 57.38 Sigma: 11.77
Aug 25 03:40:13 INFO >> Unlinked shared memory for cumulative stack.
Aug 25 03:40:13 INFO >> Pipeline execution time: 1.71 minutes
