Aug 25 02:50:11 INFO >> {"message": "Waiting for suitable server to become available", "selector": "Primary()", "operation": "find", "topologyDescription": "<TopologyDescription id: 66ca9be3f55648c06211de3d, topology_type: Unknown, servers: [<ServerDescription ('localhost', 27017) server_type: Unknown, rtt: None>]>", "clientId": {"$oid": "66ca9be3f55648c06211de3d"}, "remainingTimeMS": 29}
Aug 25 02:50:11 INFO >> Features initialized as the following:
Aug 25 02:50:11 INFO >> num_unique_dms
Aug 25 02:50:11 INFO >> num_unique_freqs
Aug 25 02:50:11 INFO >> ndetections
Aug 25 02:50:11 INFO >> nharm
Aug 25 02:50:11 INFO >> log_p_dm
Aug 25 02:50:11 INFO >> ['dm_sigma_FitGaussWidth_gauss_sigma', 'dm_sigma_FitGaussWidth_gauss_sigma_rel_err', 'dm_sigma_FitGaussWidth_ndof', 'dm_sigma_FitGaussWidth_rms_err']
Aug 25 02:50:11 INFO >> ['dm_sigma_FitGauss_amplitude', 'dm_sigma_FitGauss_mu', 'dm_sigma_FitGauss_gauss_sigma', 'dm_sigma_FitGauss_amplitude_rel_err', 'dm_sigma_FitGauss_mu_rel_err', 'dm_sigma_FitGauss_gauss_sigma_rel_err', 'dm_sigma_FitGauss_amplitude-detection', 'dm_sigma_FitGauss_mu-detection', 'dm_sigma_FitGauss_ndof', 'dm_sigma_FitGauss_rms_err']
Aug 25 02:50:11 INFO >> ['freq_sigma_FitGaussWidth_gauss_sigma', 'freq_sigma_FitGaussWidth_gauss_sigma_rel_err', 'freq_sigma_FitGaussWidth_ndof', 'freq_sigma_FitGaussWidth_rms_err']
Aug 25 02:50:11 INFO >> ['freq_sigma_FitGauss_amplitude', 'freq_sigma_FitGauss_mu', 'freq_sigma_FitGauss_gauss_sigma', 'freq_sigma_FitGauss_amplitude_rel_err', 'freq_sigma_FitGauss_mu_rel_err', 'freq_sigma_FitGauss_gauss_sigma_rel_err', 'freq_sigma_FitGauss_amplitude-detection', 'freq_sigma_FitGauss_mu-detection', 'freq_sigma_FitGauss_ndof', 'freq_sigma_FitGauss_rms_err']
Aug 25 02:50:11 INFO >> Performing searching on cumulative stack 315.95 49.23
Aug 25 02:50:11 INFO >> Loading the cumulative power spectra stack to search
Aug 25 02:50:42 INFO >> DM: 57.3817479147
Aug 25 02:50:42 INFO >> sigma: 11.28372911
Aug 25 02:50:42 INFO >> frequency: 21.948969823543226
Aug 25 02:50:42 INFO >> Injecting 23 harmonics.
Aug 25 02:50:42 INFO >> Starting DM: 52.72412314881794
Aug 25 02:50:42 INFO >> Stopping DM: 62.034332994674465
Aug 25 02:50:42 INFO >> Expected detection at 9.51 sigma with 8 harmonics.
Aug 25 02:50:54 INFO >> Start searching 6558 dm trials using 32 harmonics.
Aug 25 02:51:01 INFO >> Moved power spectra to shared memory.
Aug 25 02:51:01 INFO >> Number of dm trials in single multi processing job: 10
Aug 25 02:51:51 INFO >> Total number of detections=15650
Aug 25 02:51:51 INFO >> Clustering the detections
Aug 25 02:51:51 INFO >> Starting clustering
Aug 25 02:51:51 INFO >> Rogue harmonic power filter reduced detections from 15650 to 8592
Aug 25 02:51:51 INFO >> Filtering out duplicate freq,dm detections at multiple nharms removes 804 detections
Aug 25 02:51:51 INFO >> Duplicate freq,dm filter reduced detections to 7788
Aug 25 02:51:51 INFO >> Number of detections over threshold sigma (6.0): 7788
Aug 25 02:51:51 INFO >> Grouping duplicate frequencies together first
Aug 25 02:51:51 INFO >> Grouping duplicate frequencies removed 7259 detections from the harmonic metric computation
Aug 25 02:51:51 INFO >> Starting freq-DM distance metric computation
Aug 25 02:51:52 INFO >> Finished freq-DM distance metric computation
Aug 25 02:51:52 INFO >> Largest group size for metric computation is 97
Aug 25 02:51:52 INFO >> Starting harmonic distance metric computation
Aug 25 02:51:53 INFO >> Finished harmonic distance metric computation
Aug 25 02:51:53 INFO >> Starting DBSCAN
Aug 25 02:51:53 INFO >> Finished DBSCAN
Aug 25 02:51:53 INFO >> Clusters found: 76
Aug 25 02:51:53 INFO >> Filtered 32 clusters below or equal 2 DM.
Aug 25 02:51:53 INFO >> Total number of candidate clusters=1
Aug 25 02:51:53 INFO >> Candidate Processor of stack (315.95 49.23)
Aug 25 02:51:53 INFO >> Making SinglePointingCandidates from a list of 1 PowerSpectraDetectionClusters
Aug 25 02:51:55 INFO >> saved candidates to ./results//injections/315.95_49.23_cumulative_power_spectra_stack_20220627_11_freq_dm_57.yml_(26,)_candidates.npz
Aug 25 02:51:55 INFO >> Injected Pulsars:     1
Aug 25 02:51:55 INFO >> Injection Candidates: 1
Aug 25 02:51:55 INFO >> Recovered Injections: 1
Aug 25 02:51:55 INFO >> 1 candidates.
Aug 25 02:51:55 INFO >> Best candidate: F0: 21.949 DM: 57.48 Sigma: 9.49
Aug 25 02:51:57 INFO >> Unlinked shared memory for cumulative stack.
Aug 25 02:51:57 INFO >> Pipeline execution time: 1.76 minutes
