Aug 25 03:33:11 INFO >> {"message": "Waiting for suitable server to become available", "selector": "Primary()", "operation": "find", "topologyDescription": "<TopologyDescription id: 66caa5f74ab531edde232510, topology_type: Unknown, servers: [<ServerDescription ('localhost', 27017) server_type: Unknown, rtt: None>]>", "clientId": {"$oid": "66caa5f74ab531edde232510"}, "remainingTimeMS": 29}
Aug 25 03:33:12 INFO >> Features initialized as the following:
Aug 25 03:33:12 INFO >> num_unique_dms
Aug 25 03:33:12 INFO >> num_unique_freqs
Aug 25 03:33:12 INFO >> ndetections
Aug 25 03:33:12 INFO >> nharm
Aug 25 03:33:12 INFO >> log_p_dm
Aug 25 03:33:12 INFO >> ['dm_sigma_FitGaussWidth_gauss_sigma', 'dm_sigma_FitGaussWidth_gauss_sigma_rel_err', 'dm_sigma_FitGaussWidth_ndof', 'dm_sigma_FitGaussWidth_rms_err']
Aug 25 03:33:12 INFO >> ['dm_sigma_FitGauss_amplitude', 'dm_sigma_FitGauss_mu', 'dm_sigma_FitGauss_gauss_sigma', 'dm_sigma_FitGauss_amplitude_rel_err', 'dm_sigma_FitGauss_mu_rel_err', 'dm_sigma_FitGauss_gauss_sigma_rel_err', 'dm_sigma_FitGauss_amplitude-detection', 'dm_sigma_FitGauss_mu-detection', 'dm_sigma_FitGauss_ndof', 'dm_sigma_FitGauss_rms_err']
Aug 25 03:33:12 INFO >> ['freq_sigma_FitGaussWidth_gauss_sigma', 'freq_sigma_FitGaussWidth_gauss_sigma_rel_err', 'freq_sigma_FitGaussWidth_ndof', 'freq_sigma_FitGaussWidth_rms_err']
Aug 25 03:33:12 INFO >> ['freq_sigma_FitGauss_amplitude', 'freq_sigma_FitGauss_mu', 'freq_sigma_FitGauss_gauss_sigma', 'freq_sigma_FitGauss_amplitude_rel_err', 'freq_sigma_FitGauss_mu_rel_err', 'freq_sigma_FitGauss_gauss_sigma_rel_err', 'freq_sigma_FitGauss_amplitude-detection', 'freq_sigma_FitGauss_mu-detection', 'freq_sigma_FitGauss_ndof', 'freq_sigma_FitGauss_rms_err']
Aug 25 03:33:12 INFO >> Performing searching on cumulative stack 315.95 49.23
Aug 25 03:33:12 INFO >> Loading the cumulative power spectra stack to search
Aug 25 03:33:42 INFO >> DM: 57.3817479147
Aug 25 03:33:42 INFO >> sigma: 11.28372911
Aug 25 03:33:42 INFO >> frequency: 45.34878508128582
Aug 25 03:33:42 INFO >> Injecting 11 harmonics.
Aug 25 03:33:42 INFO >> Starting DM: 55.1528735433892
Aug 25 03:33:42 INFO >> Stopping DM: 59.60558260010319
Aug 25 03:33:42 INFO >> Expected detection at 9.59 sigma with 8 harmonics.
Aug 25 03:33:53 INFO >> Start searching 6558 dm trials using 32 harmonics.
Aug 25 03:34:01 INFO >> Moved power spectra to shared memory.
Aug 25 03:34:01 INFO >> Number of dm trials in single multi processing job: 10
Aug 25 03:34:50 INFO >> Total number of detections=15630
Aug 25 03:34:50 INFO >> Clustering the detections
Aug 25 03:34:50 INFO >> Starting clustering
Aug 25 03:34:50 INFO >> Rogue harmonic power filter reduced detections from 15630 to 8572
Aug 25 03:34:50 INFO >> Filtering out duplicate freq,dm detections at multiple nharms removes 804 detections
Aug 25 03:34:50 INFO >> Duplicate freq,dm filter reduced detections to 7768
Aug 25 03:34:50 INFO >> Number of detections over threshold sigma (6.0): 7768
Aug 25 03:34:50 INFO >> Grouping duplicate frequencies together first
Aug 25 03:34:50 INFO >> Grouping duplicate frequencies removed 7236 detections from the harmonic metric computation
Aug 25 03:34:50 INFO >> Starting freq-DM distance metric computation
Aug 25 03:34:51 INFO >> Finished freq-DM distance metric computation
Aug 25 03:34:51 INFO >> Largest group size for metric computation is 97
Aug 25 03:34:51 INFO >> Starting harmonic distance metric computation
Aug 25 03:34:52 INFO >> Finished harmonic distance metric computation
Aug 25 03:34:52 INFO >> Starting DBSCAN
Aug 25 03:34:52 INFO >> Finished DBSCAN
Aug 25 03:34:52 INFO >> Clusters found: 76
Aug 25 03:34:52 INFO >> Filtered 32 clusters below or equal 2 DM.
Aug 25 03:34:52 INFO >> Total number of candidate clusters=1
Aug 25 03:34:52 INFO >> Candidate Processor of stack (315.95 49.23)
Aug 25 03:34:52 INFO >> Making SinglePointingCandidates from a list of 1 PowerSpectraDetectionClusters
Aug 25 03:34:54 INFO >> saved candidates to ./results//injections/315.95_49.23_cumulative_power_spectra_stack_20220627_11_freq_dm_57.yml_(50,)_candidates.npz
Aug 25 03:34:54 INFO >> Injected Pulsars:     1
Aug 25 03:34:54 INFO >> Injection Candidates: 1
Aug 25 03:34:54 INFO >> Recovered Injections: 1
Aug 25 03:34:54 INFO >> 1 candidates.
Aug 25 03:34:54 INFO >> Best candidate: F0: 45.349 DM: 57.38 Sigma: 10.68
Aug 25 03:34:55 INFO >> Unlinked shared memory for cumulative stack.
Aug 25 03:34:55 INFO >> Pipeline execution time: 1.73 minutes
