Aug 25 03:47:23 INFO >> {"message": "Waiting for suitable server to become available", "selector": "Primary()", "operation": "find", "topologyDescription": "<TopologyDescription id: 66caa94b9003b2aff0ead768, topology_type: Unknown, servers: [<ServerDescription ('localhost', 27017) server_type: Unknown, rtt: None>]>", "clientId": {"$oid": "66caa94b9003b2aff0ead768"}, "remainingTimeMS": 29}
Aug 25 03:47:23 INFO >> Features initialized as the following:
Aug 25 03:47:23 INFO >> num_unique_dms
Aug 25 03:47:23 INFO >> num_unique_freqs
Aug 25 03:47:23 INFO >> ndetections
Aug 25 03:47:23 INFO >> nharm
Aug 25 03:47:23 INFO >> log_p_dm
Aug 25 03:47:23 INFO >> ['dm_sigma_FitGaussWidth_gauss_sigma', 'dm_sigma_FitGaussWidth_gauss_sigma_rel_err', 'dm_sigma_FitGaussWidth_ndof', 'dm_sigma_FitGaussWidth_rms_err']
Aug 25 03:47:23 INFO >> ['dm_sigma_FitGauss_amplitude', 'dm_sigma_FitGauss_mu', 'dm_sigma_FitGauss_gauss_sigma', 'dm_sigma_FitGauss_amplitude_rel_err', 'dm_sigma_FitGauss_mu_rel_err', 'dm_sigma_FitGauss_gauss_sigma_rel_err', 'dm_sigma_FitGauss_amplitude-detection', 'dm_sigma_FitGauss_mu-detection', 'dm_sigma_FitGauss_ndof', 'dm_sigma_FitGauss_rms_err']
Aug 25 03:47:23 INFO >> ['freq_sigma_FitGaussWidth_gauss_sigma', 'freq_sigma_FitGaussWidth_gauss_sigma_rel_err', 'freq_sigma_FitGaussWidth_ndof', 'freq_sigma_FitGaussWidth_rms_err']
Aug 25 03:47:23 INFO >> ['freq_sigma_FitGauss_amplitude', 'freq_sigma_FitGauss_mu', 'freq_sigma_FitGauss_gauss_sigma', 'freq_sigma_FitGauss_amplitude_rel_err', 'freq_sigma_FitGauss_mu_rel_err', 'freq_sigma_FitGauss_gauss_sigma_rel_err', 'freq_sigma_FitGauss_amplitude-detection', 'freq_sigma_FitGauss_mu-detection', 'freq_sigma_FitGauss_ndof', 'freq_sigma_FitGauss_rms_err']
Aug 25 03:47:23 INFO >> Performing searching on cumulative stack 315.95 49.23
Aug 25 03:47:23 INFO >> Loading the cumulative power spectra stack to search
Aug 25 03:47:52 INFO >> DM: 57.3817479147
Aug 25 03:47:52 INFO >> sigma: 11.28372911
Aug 25 03:47:52 INFO >> frequency: 57.758533996460486
Aug 25 03:47:52 INFO >> Injecting 8 harmonics.
Aug 25 03:47:52 INFO >> Starting DM: 55.557665275817754
Aug 25 03:47:52 INFO >> Stopping DM: 59.20079086767465
Aug 25 03:47:52 INFO >> Expected detection at 12.00 sigma with 8 harmonics.
Aug 25 03:48:04 INFO >> Start searching 6558 dm trials using 32 harmonics.
Aug 25 03:48:11 INFO >> Moved power spectra to shared memory.
Aug 25 03:48:11 INFO >> Number of dm trials in single multi processing job: 10
Aug 25 03:49:01 INFO >> Total number of detections=15636
Aug 25 03:49:01 INFO >> Clustering the detections
Aug 25 03:49:01 INFO >> Starting clustering
Aug 25 03:49:01 INFO >> Rogue harmonic power filter reduced detections from 15636 to 8578
Aug 25 03:49:01 INFO >> Filtering out duplicate freq,dm detections at multiple nharms removes 813 detections
Aug 25 03:49:01 INFO >> Duplicate freq,dm filter reduced detections to 7765
Aug 25 03:49:01 INFO >> Number of detections over threshold sigma (6.0): 7765
Aug 25 03:49:01 INFO >> Grouping duplicate frequencies together first
Aug 25 03:49:01 INFO >> Grouping duplicate frequencies removed 7233 detections from the harmonic metric computation
Aug 25 03:49:01 INFO >> Starting freq-DM distance metric computation
Aug 25 03:49:02 INFO >> Finished freq-DM distance metric computation
Aug 25 03:49:02 INFO >> Largest group size for metric computation is 97
Aug 25 03:49:02 INFO >> Starting harmonic distance metric computation
Aug 25 03:49:02 INFO >> Finished harmonic distance metric computation
Aug 25 03:49:02 INFO >> Starting DBSCAN
Aug 25 03:49:03 INFO >> Finished DBSCAN
Aug 25 03:49:03 INFO >> Clusters found: 77
Aug 25 03:49:03 INFO >> Filtered 32 clusters below or equal 2 DM.
Aug 25 03:49:03 INFO >> Total number of candidate clusters=2
Aug 25 03:49:03 INFO >> Candidate Processor of stack (315.95 49.23)
Aug 25 03:49:03 INFO >> Making SinglePointingCandidates from a list of 2 PowerSpectraDetectionClusters
Aug 25 03:49:05 INFO >> saved candidates to ./results//injections/315.95_49.23_cumulative_power_spectra_stack_20220627_11_freq_dm_57.yml_(58,)_candidates.npz
Aug 25 03:49:05 INFO >> Injected Pulsars:     1
Aug 25 03:49:05 INFO >> Injection Candidates: 2
Aug 25 03:49:05 INFO >> Recovered Injections: 1
Aug 25 03:49:05 INFO >> 2 candidates.
Aug 25 03:49:05 INFO >> Best candidate: F0: 57.758 DM: 57.38 Sigma: 12.24
Aug 25 03:49:06 INFO >> Unlinked shared memory for cumulative stack.
Aug 25 03:49:06 INFO >> Pipeline execution time: 1.73 minutes
