Aug 25 04:10:22 INFO >> {"message": "Waiting for suitable server to become available", "selector": "Primary()", "operation": "find", "topologyDescription": "<TopologyDescription id: 66caaeaef7b19514765a7276, topology_type: Unknown, servers: [<ServerDescription ('localhost', 27017) server_type: Unknown, rtt: None>]>", "clientId": {"$oid": "66caaeaef7b19514765a7276"}, "remainingTimeMS": 29}
Aug 25 04:10:22 INFO >> Features initialized as the following:
Aug 25 04:10:22 INFO >> num_unique_dms
Aug 25 04:10:22 INFO >> num_unique_freqs
Aug 25 04:10:22 INFO >> ndetections
Aug 25 04:10:22 INFO >> nharm
Aug 25 04:10:22 INFO >> log_p_dm
Aug 25 04:10:22 INFO >> ['dm_sigma_FitGaussWidth_gauss_sigma', 'dm_sigma_FitGaussWidth_gauss_sigma_rel_err', 'dm_sigma_FitGaussWidth_ndof', 'dm_sigma_FitGaussWidth_rms_err']
Aug 25 04:10:22 INFO >> ['dm_sigma_FitGauss_amplitude', 'dm_sigma_FitGauss_mu', 'dm_sigma_FitGauss_gauss_sigma', 'dm_sigma_FitGauss_amplitude_rel_err', 'dm_sigma_FitGauss_mu_rel_err', 'dm_sigma_FitGauss_gauss_sigma_rel_err', 'dm_sigma_FitGauss_amplitude-detection', 'dm_sigma_FitGauss_mu-detection', 'dm_sigma_FitGauss_ndof', 'dm_sigma_FitGauss_rms_err']
Aug 25 04:10:22 INFO >> ['freq_sigma_FitGaussWidth_gauss_sigma', 'freq_sigma_FitGaussWidth_gauss_sigma_rel_err', 'freq_sigma_FitGaussWidth_ndof', 'freq_sigma_FitGaussWidth_rms_err']
Aug 25 04:10:22 INFO >> ['freq_sigma_FitGauss_amplitude', 'freq_sigma_FitGauss_mu', 'freq_sigma_FitGauss_gauss_sigma', 'freq_sigma_FitGauss_amplitude_rel_err', 'freq_sigma_FitGauss_mu_rel_err', 'freq_sigma_FitGauss_gauss_sigma_rel_err', 'freq_sigma_FitGauss_amplitude-detection', 'freq_sigma_FitGauss_mu-detection', 'freq_sigma_FitGauss_ndof', 'freq_sigma_FitGauss_rms_err']
Aug 25 04:10:22 INFO >> Performing searching on cumulative stack 315.95 49.23
Aug 25 04:10:22 INFO >> Loading the cumulative power spectra stack to search
Aug 25 04:10:52 INFO >> DM: 57.3817479147
Aug 25 04:10:52 INFO >> sigma: 11.28372911
Aug 25 04:10:52 INFO >> frequency: 85.57033502120348
Aug 25 04:10:52 INFO >> Injecting 5 harmonics.
Aug 25 04:10:52 INFO >> Starting DM: 56.16485287446056
Aug 25 04:10:52 INFO >> Stopping DM: 58.59360326903183
Aug 25 04:10:52 INFO >> Expected detection at 9.61 sigma with 4 harmonics.
Aug 25 04:11:04 INFO >> Start searching 6558 dm trials using 32 harmonics.
Aug 25 04:11:11 INFO >> Moved power spectra to shared memory.
Aug 25 04:11:11 INFO >> Number of dm trials in single multi processing job: 10
Aug 25 04:11:59 INFO >> Total number of detections=15585
Aug 25 04:11:59 INFO >> Clustering the detections
Aug 25 04:11:59 INFO >> Starting clustering
Aug 25 04:11:59 INFO >> Rogue harmonic power filter reduced detections from 15585 to 8527
Aug 25 04:11:59 INFO >> Filtering out duplicate freq,dm detections at multiple nharms removes 788 detections
Aug 25 04:11:59 INFO >> Duplicate freq,dm filter reduced detections to 7739
Aug 25 04:11:59 INFO >> Number of detections over threshold sigma (6.0): 7739
Aug 25 04:11:59 INFO >> Grouping duplicate frequencies together first
Aug 25 04:11:59 INFO >> Grouping duplicate frequencies removed 7217 detections from the harmonic metric computation
Aug 25 04:11:59 INFO >> Starting freq-DM distance metric computation
Aug 25 04:12:00 INFO >> Finished freq-DM distance metric computation
Aug 25 04:12:00 INFO >> Largest group size for metric computation is 97
Aug 25 04:12:00 INFO >> Starting harmonic distance metric computation
Aug 25 04:12:01 INFO >> Finished harmonic distance metric computation
Aug 25 04:12:01 INFO >> Starting DBSCAN
Aug 25 04:12:01 INFO >> Finished DBSCAN
Aug 25 04:12:01 INFO >> Clusters found: 76
Aug 25 04:12:01 INFO >> Filtered 32 clusters below or equal 2 DM.
Aug 25 04:12:01 INFO >> Total number of candidate clusters=1
Aug 25 04:12:01 INFO >> Candidate Processor of stack (315.95 49.23)
Aug 25 04:12:01 INFO >> Making SinglePointingCandidates from a list of 1 PowerSpectraDetectionClusters
Aug 25 04:12:03 INFO >> saved candidates to ./results//injections/315.95_49.23_cumulative_power_spectra_stack_20220627_11_freq_dm_57.yml_(71,)_candidates.npz
Aug 25 04:12:03 INFO >> Injected Pulsars:     1
Aug 25 04:12:03 INFO >> Injection Candidates: 1
Aug 25 04:12:03 INFO >> Recovered Injections: 1
Aug 25 04:12:03 INFO >> 1 candidates.
Aug 25 04:12:03 INFO >> Best candidate: F0: 85.570 DM: 57.38 Sigma: 9.38
Aug 25 04:12:04 INFO >> Unlinked shared memory for cumulative stack.
Aug 25 04:12:04 INFO >> Pipeline execution time: 1.71 minutes
