Aug 25 03:56:14 INFO >> {"message": "Waiting for suitable server to become available", "selector": "Primary()", "operation": "find", "topologyDescription": "<TopologyDescription id: 66caab5ecfbbb2c585479946, topology_type: Unknown, servers: [<ServerDescription ('localhost', 27017) server_type: Unknown, rtt: None>]>", "clientId": {"$oid": "66caab5ecfbbb2c585479946"}, "remainingTimeMS": 29}
Aug 25 03:56:14 INFO >> Features initialized as the following:
Aug 25 03:56:14 INFO >> num_unique_dms
Aug 25 03:56:14 INFO >> num_unique_freqs
Aug 25 03:56:14 INFO >> ndetections
Aug 25 03:56:14 INFO >> nharm
Aug 25 03:56:14 INFO >> log_p_dm
Aug 25 03:56:14 INFO >> ['dm_sigma_FitGaussWidth_gauss_sigma', 'dm_sigma_FitGaussWidth_gauss_sigma_rel_err', 'dm_sigma_FitGaussWidth_ndof', 'dm_sigma_FitGaussWidth_rms_err']
Aug 25 03:56:14 INFO >> ['dm_sigma_FitGauss_amplitude', 'dm_sigma_FitGauss_mu', 'dm_sigma_FitGauss_gauss_sigma', 'dm_sigma_FitGauss_amplitude_rel_err', 'dm_sigma_FitGauss_mu_rel_err', 'dm_sigma_FitGauss_gauss_sigma_rel_err', 'dm_sigma_FitGauss_amplitude-detection', 'dm_sigma_FitGauss_mu-detection', 'dm_sigma_FitGauss_ndof', 'dm_sigma_FitGauss_rms_err']
Aug 25 03:56:14 INFO >> ['freq_sigma_FitGaussWidth_gauss_sigma', 'freq_sigma_FitGaussWidth_gauss_sigma_rel_err', 'freq_sigma_FitGaussWidth_ndof', 'freq_sigma_FitGaussWidth_rms_err']
Aug 25 03:56:14 INFO >> ['freq_sigma_FitGauss_amplitude', 'freq_sigma_FitGauss_mu', 'freq_sigma_FitGauss_gauss_sigma', 'freq_sigma_FitGauss_amplitude_rel_err', 'freq_sigma_FitGauss_mu_rel_err', 'freq_sigma_FitGauss_gauss_sigma_rel_err', 'freq_sigma_FitGauss_amplitude-detection', 'freq_sigma_FitGauss_mu-detection', 'freq_sigma_FitGauss_ndof', 'freq_sigma_FitGauss_rms_err']
Aug 25 03:56:14 INFO >> Performing searching on cumulative stack 315.95 49.23
Aug 25 03:56:14 INFO >> Loading the cumulative power spectra stack to search
Aug 25 03:56:43 INFO >> DM: 57.3817479147
Aug 25 03:56:43 INFO >> sigma: 11.28372911
Aug 25 03:56:43 INFO >> frequency: 67.18506277268017
Aug 25 03:56:43 INFO >> Injecting 7 harmonics.
Aug 25 03:56:43 INFO >> Starting DM: 55.861259075139166
Aug 25 03:56:43 INFO >> Stopping DM: 58.897197068353236
Aug 25 03:56:43 INFO >> Expected detection at 9.29 sigma with 4 harmonics.
Aug 25 03:56:55 INFO >> Start searching 6558 dm trials using 32 harmonics.
Aug 25 03:57:02 INFO >> Moved power spectra to shared memory.
Aug 25 03:57:02 INFO >> Number of dm trials in single multi processing job: 10
Aug 25 03:57:50 INFO >> Total number of detections=15577
Aug 25 03:57:50 INFO >> Clustering the detections
Aug 25 03:57:50 INFO >> Starting clustering
Aug 25 03:57:50 INFO >> Rogue harmonic power filter reduced detections from 15577 to 8519
Aug 25 03:57:50 INFO >> Filtering out duplicate freq,dm detections at multiple nharms removes 787 detections
Aug 25 03:57:50 INFO >> Duplicate freq,dm filter reduced detections to 7732
Aug 25 03:57:50 INFO >> Number of detections over threshold sigma (6.0): 7732
Aug 25 03:57:50 INFO >> Grouping duplicate frequencies together first
Aug 25 03:57:51 INFO >> Grouping duplicate frequencies removed 7214 detections from the harmonic metric computation
Aug 25 03:57:51 INFO >> Starting freq-DM distance metric computation
Aug 25 03:57:51 INFO >> Finished freq-DM distance metric computation
Aug 25 03:57:51 INFO >> Largest group size for metric computation is 97
Aug 25 03:57:51 INFO >> Starting harmonic distance metric computation
Aug 25 03:57:52 INFO >> Finished harmonic distance metric computation
Aug 25 03:57:52 INFO >> Starting DBSCAN
Aug 25 03:57:52 INFO >> Finished DBSCAN
Aug 25 03:57:52 INFO >> Clusters found: 75
Aug 25 03:57:52 INFO >> Filtered 32 clusters below or equal 2 DM.
Aug 25 03:57:52 INFO >> Total number of candidate clusters=0
Aug 25 03:57:52 INFO >> Candidate Processor of stack (315.95 49.23)
Aug 25 03:57:52 INFO >> Making SinglePointingCandidates from a list of 0 PowerSpectraDetectionClusters
Aug 25 03:57:54 INFO >> saved candidates to ./results//injections/315.95_49.23_cumulative_power_spectra_stack_20220627_11_freq_dm_57.yml_(63,)_candidates.npz
Aug 25 03:57:54 INFO >> Injected Pulsars:     1
Aug 25 03:57:54 INFO >> Injection Candidates: 0
Aug 25 03:57:54 INFO >> Recovered Injections: 0
Aug 25 03:57:54 INFO >> 0 candidates.
Aug 25 03:57:55 INFO >> Unlinked shared memory for cumulative stack.
Aug 25 03:57:55 INFO >> Pipeline execution time: 1.70 minutes
