Aug 25 04:28:07 INFO >> {"message": "Waiting for suitable server to become available", "selector": "Primary()", "operation": "find", "topologyDescription": "<TopologyDescription id: 66cab2d7a143dd9302c78807, topology_type: Unknown, servers: [<ServerDescription ('localhost', 27017) server_type: Unknown, rtt: None>]>", "clientId": {"$oid": "66cab2d7a143dd9302c78807"}, "remainingTimeMS": 29}
Aug 25 04:28:07 INFO >> Features initialized as the following:
Aug 25 04:28:07 INFO >> num_unique_dms
Aug 25 04:28:07 INFO >> num_unique_freqs
Aug 25 04:28:07 INFO >> ndetections
Aug 25 04:28:07 INFO >> nharm
Aug 25 04:28:07 INFO >> log_p_dm
Aug 25 04:28:07 INFO >> ['dm_sigma_FitGaussWidth_gauss_sigma', 'dm_sigma_FitGaussWidth_gauss_sigma_rel_err', 'dm_sigma_FitGaussWidth_ndof', 'dm_sigma_FitGaussWidth_rms_err']
Aug 25 04:28:07 INFO >> ['dm_sigma_FitGauss_amplitude', 'dm_sigma_FitGauss_mu', 'dm_sigma_FitGauss_gauss_sigma', 'dm_sigma_FitGauss_amplitude_rel_err', 'dm_sigma_FitGauss_mu_rel_err', 'dm_sigma_FitGauss_gauss_sigma_rel_err', 'dm_sigma_FitGauss_amplitude-detection', 'dm_sigma_FitGauss_mu-detection', 'dm_sigma_FitGauss_ndof', 'dm_sigma_FitGauss_rms_err']
Aug 25 04:28:07 INFO >> ['freq_sigma_FitGaussWidth_gauss_sigma', 'freq_sigma_FitGaussWidth_gauss_sigma_rel_err', 'freq_sigma_FitGaussWidth_ndof', 'freq_sigma_FitGaussWidth_rms_err']
Aug 25 04:28:07 INFO >> ['freq_sigma_FitGauss_amplitude', 'freq_sigma_FitGauss_mu', 'freq_sigma_FitGauss_gauss_sigma', 'freq_sigma_FitGauss_amplitude_rel_err', 'freq_sigma_FitGauss_mu_rel_err', 'freq_sigma_FitGauss_gauss_sigma_rel_err', 'freq_sigma_FitGauss_amplitude-detection', 'freq_sigma_FitGauss_mu-detection', 'freq_sigma_FitGauss_ndof', 'freq_sigma_FitGauss_rms_err']
Aug 25 04:28:07 INFO >> Performing searching on cumulative stack 315.95 49.23
Aug 25 04:28:07 INFO >> Loading the cumulative power spectra stack to search
Aug 25 04:28:36 INFO >> DM: 57.3817479147
Aug 25 04:28:36 INFO >> sigma: 11.28372911
Aug 25 04:28:36 INFO >> frequency: 115.78075137048786
Aug 25 04:28:36 INFO >> Injecting 4 harmonics.
Aug 25 04:28:36 INFO >> Starting DM: 56.46844667378197
Aug 25 04:28:36 INFO >> Stopping DM: 58.29000946971043
Aug 25 04:28:36 INFO >> Expected detection at 10.17 sigma with 4 harmonics.
Aug 25 04:28:49 INFO >> Start searching 6558 dm trials using 32 harmonics.
Aug 25 04:28:56 INFO >> Moved power spectra to shared memory.
Aug 25 04:28:56 INFO >> Number of dm trials in single multi processing job: 10
Aug 25 04:29:45 INFO >> Total number of detections=15599
Aug 25 04:29:45 INFO >> Clustering the detections
Aug 25 04:29:45 INFO >> Starting clustering
Aug 25 04:29:45 INFO >> Rogue harmonic power filter reduced detections from 15599 to 8540
Aug 25 04:29:45 INFO >> Filtering out duplicate freq,dm detections at multiple nharms removes 797 detections
Aug 25 04:29:45 INFO >> Duplicate freq,dm filter reduced detections to 7743
Aug 25 04:29:45 INFO >> Number of detections over threshold sigma (6.0): 7743
Aug 25 04:29:45 INFO >> Grouping duplicate frequencies together first
Aug 25 04:29:45 INFO >> Grouping duplicate frequencies removed 7218 detections from the harmonic metric computation
Aug 25 04:29:45 INFO >> Starting freq-DM distance metric computation
Aug 25 04:29:46 INFO >> Finished freq-DM distance metric computation
Aug 25 04:29:46 INFO >> Largest group size for metric computation is 97
Aug 25 04:29:46 INFO >> Starting harmonic distance metric computation
Aug 25 04:29:46 INFO >> Finished harmonic distance metric computation
Aug 25 04:29:46 INFO >> Starting DBSCAN
Aug 25 04:29:47 INFO >> Finished DBSCAN
Aug 25 04:29:47 INFO >> Clusters found: 76
Aug 25 04:29:47 INFO >> Filtered 32 clusters below or equal 2 DM.
Aug 25 04:29:47 INFO >> Total number of candidate clusters=1
Aug 25 04:29:47 INFO >> Candidate Processor of stack (315.95 49.23)
Aug 25 04:29:47 INFO >> Making SinglePointingCandidates from a list of 1 PowerSpectraDetectionClusters
Aug 25 04:29:49 INFO >> saved candidates to ./results//injections/315.95_49.23_cumulative_power_spectra_stack_20220627_11_freq_dm_57.yml_(81,)_candidates.npz
Aug 25 04:29:49 INFO >> Injected Pulsars:     1
Aug 25 04:29:49 INFO >> Injection Candidates: 1
Aug 25 04:29:49 INFO >> Recovered Injections: 1
Aug 25 04:29:49 INFO >> 1 candidates.
Aug 25 04:29:49 INFO >> Best candidate: F0: 115.781 DM: 57.38 Sigma: 10.15
Aug 25 04:29:50 INFO >> Unlinked shared memory for cumulative stack.
Aug 25 04:29:50 INFO >> Pipeline execution time: 1.73 minutes
