Aug 25 02:03:08 INFO >> {"message": "Waiting for suitable server to become available", "selector": "Primary()", "operation": "find", "topologyDescription": "<TopologyDescription id: 66ca90dc1bfd65fae803c373, topology_type: Unknown, servers: [<ServerDescription ('localhost', 27017) server_type: Unknown, rtt: None>]>", "clientId": {"$oid": "66ca90dc1bfd65fae803c373"}, "remainingTimeMS": 29}
Aug 25 02:03:08 INFO >> Features initialized as the following:
Aug 25 02:03:08 INFO >> num_unique_dms
Aug 25 02:03:08 INFO >> num_unique_freqs
Aug 25 02:03:08 INFO >> ndetections
Aug 25 02:03:08 INFO >> nharm
Aug 25 02:03:08 INFO >> log_p_dm
Aug 25 02:03:08 INFO >> ['dm_sigma_FitGaussWidth_gauss_sigma', 'dm_sigma_FitGaussWidth_gauss_sigma_rel_err', 'dm_sigma_FitGaussWidth_ndof', 'dm_sigma_FitGaussWidth_rms_err']
Aug 25 02:03:08 INFO >> ['dm_sigma_FitGauss_amplitude', 'dm_sigma_FitGauss_mu', 'dm_sigma_FitGauss_gauss_sigma', 'dm_sigma_FitGauss_amplitude_rel_err', 'dm_sigma_FitGauss_mu_rel_err', 'dm_sigma_FitGauss_gauss_sigma_rel_err', 'dm_sigma_FitGauss_amplitude-detection', 'dm_sigma_FitGauss_mu-detection', 'dm_sigma_FitGauss_ndof', 'dm_sigma_FitGauss_rms_err']
Aug 25 02:03:08 INFO >> ['freq_sigma_FitGaussWidth_gauss_sigma', 'freq_sigma_FitGaussWidth_gauss_sigma_rel_err', 'freq_sigma_FitGaussWidth_ndof', 'freq_sigma_FitGaussWidth_rms_err']
Aug 25 02:03:08 INFO >> ['freq_sigma_FitGauss_amplitude', 'freq_sigma_FitGauss_mu', 'freq_sigma_FitGauss_gauss_sigma', 'freq_sigma_FitGauss_amplitude_rel_err', 'freq_sigma_FitGauss_mu_rel_err', 'freq_sigma_FitGauss_gauss_sigma_rel_err', 'freq_sigma_FitGauss_amplitude-detection', 'freq_sigma_FitGauss_mu-detection', 'freq_sigma_FitGauss_ndof', 'freq_sigma_FitGauss_rms_err']
Aug 25 02:03:08 INFO >> Performing searching on cumulative stack 315.95 49.23
Aug 25 02:03:08 INFO >> Loading the cumulative power spectra stack to search
Aug 25 02:03:40 INFO >> DM: 57.3817479147
Aug 25 02:03:40 INFO >> sigma: 11.28372911
Aug 25 02:03:40 INFO >> frequency: 10.0
Aug 25 02:03:40 INFO >> Injecting 50 harmonics.
Aug 25 02:03:40 INFO >> Starting DM: 47.05703889481831
Aug 25 02:03:40 INFO >> Stopping DM: 67.70141724867409
Aug 25 02:03:40 INFO >> Expected detection at 10.99 sigma with 4 harmonics.
Aug 25 02:03:53 INFO >> Start searching 6558 dm trials using 32 harmonics.
Aug 25 02:04:00 INFO >> Moved power spectra to shared memory.
Aug 25 02:04:00 INFO >> Number of dm trials in single multi processing job: 10
Aug 25 02:04:50 INFO >> Total number of detections=16157
Aug 25 02:04:50 INFO >> Clustering the detections
Aug 25 02:04:50 INFO >> Starting clustering
Aug 25 02:04:50 INFO >> Rogue harmonic power filter reduced detections from 16157 to 9084
Aug 25 02:04:50 INFO >> Filtering out duplicate freq,dm detections at multiple nharms removes 1025 detections
Aug 25 02:04:50 INFO >> Duplicate freq,dm filter reduced detections to 8059
Aug 25 02:04:50 INFO >> Number of detections over threshold sigma (6.0): 8059
Aug 25 02:04:50 INFO >> Grouping duplicate frequencies together first
Aug 25 02:04:50 INFO >> Grouping duplicate frequencies removed 7510 detections from the harmonic metric computation
Aug 25 02:04:50 INFO >> Starting freq-DM distance metric computation
Aug 25 02:04:50 INFO >> Finished freq-DM distance metric computation
Aug 25 02:04:51 INFO >> Largest group size for metric computation is 97
Aug 25 02:04:51 INFO >> Starting harmonic distance metric computation
Aug 25 02:04:51 INFO >> Finished harmonic distance metric computation
Aug 25 02:04:51 INFO >> Starting DBSCAN
Aug 25 02:04:52 INFO >> Finished DBSCAN
Aug 25 02:04:52 INFO >> Clusters found: 77
Aug 25 02:04:52 INFO >> Filtered 32 clusters below or equal 2 DM.
Aug 25 02:04:52 INFO >> Total number of candidate clusters=2
Aug 25 02:04:52 INFO >> Candidate Processor of stack (315.95 49.23)
Aug 25 02:04:52 INFO >> Making SinglePointingCandidates from a list of 2 PowerSpectraDetectionClusters
Aug 25 02:04:54 INFO >> saved candidates to ./results//injections/315.95_49.23_cumulative_power_spectra_stack_20220627_11_freq_dm_57.yml_(0,)_candidates.npz
Aug 25 02:04:54 INFO >> Injected Pulsars:     1
Aug 25 02:04:54 INFO >> Injection Candidates: 2
Aug 25 02:04:54 INFO >> Recovered Injections: 1
Aug 25 02:04:54 INFO >> 2 candidates.
Aug 25 02:04:54 INFO >> Best candidate: F0: 10.000 DM: 57.38 Sigma: 11.48
Aug 25 02:04:55 INFO >> Unlinked shared memory for cumulative stack.
Aug 25 02:04:55 INFO >> Pipeline execution time: 1.79 minutes
