Aug 25 02:30:16 INFO >> {"message": "Waiting for suitable server to become available", "selector": "Primary()", "operation": "find", "topologyDescription": "<TopologyDescription id: 66ca9738406224e92f3f77f1, topology_type: Unknown, servers: [<ServerDescription ('localhost', 27017) server_type: Unknown, rtt: None>]>", "clientId": {"$oid": "66ca9738406224e92f3f77f1"}, "remainingTimeMS": 29}
Aug 25 02:30:16 INFO >> Features initialized as the following:
Aug 25 02:30:16 INFO >> num_unique_dms
Aug 25 02:30:16 INFO >> num_unique_freqs
Aug 25 02:30:16 INFO >> ndetections
Aug 25 02:30:16 INFO >> nharm
Aug 25 02:30:16 INFO >> log_p_dm
Aug 25 02:30:16 INFO >> ['dm_sigma_FitGaussWidth_gauss_sigma', 'dm_sigma_FitGaussWidth_gauss_sigma_rel_err', 'dm_sigma_FitGaussWidth_ndof', 'dm_sigma_FitGaussWidth_rms_err']
Aug 25 02:30:16 INFO >> ['dm_sigma_FitGauss_amplitude', 'dm_sigma_FitGauss_mu', 'dm_sigma_FitGauss_gauss_sigma', 'dm_sigma_FitGauss_amplitude_rel_err', 'dm_sigma_FitGauss_mu_rel_err', 'dm_sigma_FitGauss_gauss_sigma_rel_err', 'dm_sigma_FitGauss_amplitude-detection', 'dm_sigma_FitGauss_mu-detection', 'dm_sigma_FitGauss_ndof', 'dm_sigma_FitGauss_rms_err']
Aug 25 02:30:16 INFO >> ['freq_sigma_FitGaussWidth_gauss_sigma', 'freq_sigma_FitGaussWidth_gauss_sigma_rel_err', 'freq_sigma_FitGaussWidth_ndof', 'freq_sigma_FitGaussWidth_rms_err']
Aug 25 02:30:16 INFO >> ['freq_sigma_FitGauss_amplitude', 'freq_sigma_FitGauss_mu', 'freq_sigma_FitGauss_gauss_sigma', 'freq_sigma_FitGauss_amplitude_rel_err', 'freq_sigma_FitGauss_mu_rel_err', 'freq_sigma_FitGauss_gauss_sigma_rel_err', 'freq_sigma_FitGauss_amplitude-detection', 'freq_sigma_FitGauss_mu-detection', 'freq_sigma_FitGauss_ndof', 'freq_sigma_FitGauss_rms_err']
Aug 25 02:30:16 INFO >> Performing searching on cumulative stack 315.95 49.23
Aug 25 02:30:16 INFO >> Loading the cumulative power spectra stack to search
Aug 25 02:30:47 INFO >> DM: 57.3817479147
Aug 25 02:30:47 INFO >> sigma: 11.28372911
Aug 25 02:30:47 INFO >> frequency: 15.738730431619036
Aug 25 02:30:47 INFO >> Injecting 32 harmonics.
Aug 25 02:30:47 INFO >> Starting DM: 50.80136241978235
Aug 25 02:30:47 INFO >> Stopping DM: 63.957093723710045
Aug 25 02:30:47 INFO >> Expected detection at 10.04 sigma with 8 harmonics.
Aug 25 02:31:00 INFO >> Start searching 6558 dm trials using 32 harmonics.
Aug 25 02:31:07 INFO >> Moved power spectra to shared memory.
Aug 25 02:31:07 INFO >> Number of dm trials in single multi processing job: 10
Aug 25 02:31:57 INFO >> Total number of detections=15626
Aug 25 02:31:57 INFO >> Clustering the detections
Aug 25 02:31:57 INFO >> Starting clustering
Aug 25 02:31:57 INFO >> Rogue harmonic power filter reduced detections from 15626 to 8568
Aug 25 02:31:57 INFO >> Filtering out duplicate freq,dm detections at multiple nharms removes 794 detections
Aug 25 02:31:57 INFO >> Duplicate freq,dm filter reduced detections to 7774
Aug 25 02:31:57 INFO >> Number of detections over threshold sigma (6.0): 7774
Aug 25 02:31:57 INFO >> Grouping duplicate frequencies together first
Aug 25 02:31:57 INFO >> Grouping duplicate frequencies removed 7245 detections from the harmonic metric computation
Aug 25 02:31:57 INFO >> Starting freq-DM distance metric computation
Aug 25 02:31:57 INFO >> Finished freq-DM distance metric computation
Aug 25 02:31:58 INFO >> Largest group size for metric computation is 97
Aug 25 02:31:58 INFO >> Starting harmonic distance metric computation
Aug 25 02:31:58 INFO >> Finished harmonic distance metric computation
Aug 25 02:31:58 INFO >> Starting DBSCAN
Aug 25 02:31:59 INFO >> Finished DBSCAN
Aug 25 02:31:59 INFO >> Clusters found: 76
Aug 25 02:31:59 INFO >> Filtered 32 clusters below or equal 2 DM.
Aug 25 02:31:59 INFO >> Total number of candidate clusters=1
Aug 25 02:31:59 INFO >> Candidate Processor of stack (315.95 49.23)
Aug 25 02:31:59 INFO >> Making SinglePointingCandidates from a list of 1 PowerSpectraDetectionClusters
Aug 25 02:32:01 INFO >> saved candidates to ./results//injections/315.95_49.23_cumulative_power_spectra_stack_20220627_11_freq_dm_57.yml_(15,)_candidates.npz
Aug 25 02:32:01 INFO >> Injected Pulsars:     1
Aug 25 02:32:01 INFO >> Injection Candidates: 1
Aug 25 02:32:01 INFO >> Recovered Injections: 1
Aug 25 02:32:01 INFO >> 1 candidates.
Aug 25 02:32:01 INFO >> Best candidate: F0: 15.739 DM: 57.38 Sigma: 9.82
Aug 25 02:32:02 INFO >> Unlinked shared memory for cumulative stack.
Aug 25 02:32:02 INFO >> Pipeline execution time: 1.78 minutes
