Aug 25 03:29:37 INFO >> {"message": "Waiting for suitable server to become available", "selector": "Primary()", "operation": "find", "topologyDescription": "<TopologyDescription id: 66caa521a78f7ba11c2cc0c4, topology_type: Unknown, servers: [<ServerDescription ('localhost', 27017) server_type: Unknown, rtt: None>]>", "clientId": {"$oid": "66caa521a78f7ba11c2cc0c4"}, "remainingTimeMS": 29}
Aug 25 03:29:37 INFO >> Features initialized as the following:
Aug 25 03:29:37 INFO >> num_unique_dms
Aug 25 03:29:37 INFO >> num_unique_freqs
Aug 25 03:29:37 INFO >> ndetections
Aug 25 03:29:37 INFO >> nharm
Aug 25 03:29:37 INFO >> log_p_dm
Aug 25 03:29:37 INFO >> ['dm_sigma_FitGaussWidth_gauss_sigma', 'dm_sigma_FitGaussWidth_gauss_sigma_rel_err', 'dm_sigma_FitGaussWidth_ndof', 'dm_sigma_FitGaussWidth_rms_err']
Aug 25 03:29:37 INFO >> ['dm_sigma_FitGauss_amplitude', 'dm_sigma_FitGauss_mu', 'dm_sigma_FitGauss_gauss_sigma', 'dm_sigma_FitGauss_amplitude_rel_err', 'dm_sigma_FitGauss_mu_rel_err', 'dm_sigma_FitGauss_gauss_sigma_rel_err', 'dm_sigma_FitGauss_amplitude-detection', 'dm_sigma_FitGauss_mu-detection', 'dm_sigma_FitGauss_ndof', 'dm_sigma_FitGauss_rms_err']
Aug 25 03:29:37 INFO >> ['freq_sigma_FitGaussWidth_gauss_sigma', 'freq_sigma_FitGaussWidth_gauss_sigma_rel_err', 'freq_sigma_FitGaussWidth_ndof', 'freq_sigma_FitGaussWidth_rms_err']
Aug 25 03:29:37 INFO >> ['freq_sigma_FitGauss_amplitude', 'freq_sigma_FitGauss_mu', 'freq_sigma_FitGauss_gauss_sigma', 'freq_sigma_FitGauss_amplitude_rel_err', 'freq_sigma_FitGauss_mu_rel_err', 'freq_sigma_FitGauss_gauss_sigma_rel_err', 'freq_sigma_FitGauss_amplitude-detection', 'freq_sigma_FitGauss_mu-detection', 'freq_sigma_FitGauss_ndof', 'freq_sigma_FitGauss_rms_err']
Aug 25 03:29:37 INFO >> Performing searching on cumulative stack 315.95 49.23
Aug 25 03:29:37 INFO >> Loading the cumulative power spectra stack to search
Aug 25 03:30:07 INFO >> DM: 57.3817479147
Aug 25 03:30:07 INFO >> sigma: 11.28372911
Aug 25 03:30:07 INFO >> frequency: 42.68772698317883
Aug 25 03:30:07 INFO >> Injecting 11 harmonics.
Aug 25 03:30:07 INFO >> Starting DM: 54.95047767717493
Aug 25 03:30:07 INFO >> Stopping DM: 59.80797846631747
Aug 25 03:30:07 INFO >> Expected detection at 9.52 sigma with 8 harmonics.
Aug 25 03:30:19 INFO >> Start searching 6558 dm trials using 32 harmonics.
Aug 25 03:30:26 INFO >> Moved power spectra to shared memory.
Aug 25 03:30:26 INFO >> Number of dm trials in single multi processing job: 10
Aug 25 03:31:17 INFO >> Total number of detections=15622
Aug 25 03:31:17 INFO >> Clustering the detections
Aug 25 03:31:17 INFO >> Starting clustering
Aug 25 03:31:17 INFO >> Rogue harmonic power filter reduced detections from 15622 to 8564
Aug 25 03:31:17 INFO >> Filtering out duplicate freq,dm detections at multiple nharms removes 801 detections
Aug 25 03:31:17 INFO >> Duplicate freq,dm filter reduced detections to 7763
Aug 25 03:31:17 INFO >> Number of detections over threshold sigma (6.0): 7763
Aug 25 03:31:17 INFO >> Grouping duplicate frequencies together first
Aug 25 03:31:17 INFO >> Grouping duplicate frequencies removed 7235 detections from the harmonic metric computation
Aug 25 03:31:17 INFO >> Starting freq-DM distance metric computation
Aug 25 03:31:18 INFO >> Finished freq-DM distance metric computation
Aug 25 03:31:18 INFO >> Largest group size for metric computation is 97
Aug 25 03:31:18 INFO >> Starting harmonic distance metric computation
Aug 25 03:31:19 INFO >> Finished harmonic distance metric computation
Aug 25 03:31:19 INFO >> Starting DBSCAN
Aug 25 03:31:19 INFO >> Finished DBSCAN
Aug 25 03:31:19 INFO >> Clusters found: 76
Aug 25 03:31:19 INFO >> Filtered 32 clusters below or equal 2 DM.
Aug 25 03:31:19 INFO >> Total number of candidate clusters=1
Aug 25 03:31:19 INFO >> Candidate Processor of stack (315.95 49.23)
Aug 25 03:31:19 INFO >> Making SinglePointingCandidates from a list of 1 PowerSpectraDetectionClusters
Aug 25 03:31:21 INFO >> saved candidates to ./results//injections/315.95_49.23_cumulative_power_spectra_stack_20220627_11_freq_dm_57.yml_(48,)_candidates.npz
Aug 25 03:31:21 INFO >> Injected Pulsars:     1
Aug 25 03:31:21 INFO >> Injection Candidates: 1
Aug 25 03:31:21 INFO >> Recovered Injections: 1
Aug 25 03:31:21 INFO >> 1 candidates.
Aug 25 03:31:21 INFO >> Best candidate: F0: 42.688 DM: 57.38 Sigma: 9.49
Aug 25 03:31:22 INFO >> Unlinked shared memory for cumulative stack.
Aug 25 03:31:22 INFO >> Pipeline execution time: 1.76 minutes
