Aug 25 04:22:48 INFO >> {"message": "Waiting for suitable server to become available", "selector": "Primary()", "operation": "find", "topologyDescription": "<TopologyDescription id: 66cab198b92762bb5170134f, topology_type: Unknown, servers: [<ServerDescription ('localhost', 27017) server_type: Unknown, rtt: None>]>", "clientId": {"$oid": "66cab198b92762bb5170134f"}, "remainingTimeMS": 29}
Aug 25 04:22:48 INFO >> Features initialized as the following:
Aug 25 04:22:48 INFO >> num_unique_dms
Aug 25 04:22:48 INFO >> num_unique_freqs
Aug 25 04:22:48 INFO >> ndetections
Aug 25 04:22:48 INFO >> nharm
Aug 25 04:22:48 INFO >> log_p_dm
Aug 25 04:22:48 INFO >> ['dm_sigma_FitGaussWidth_gauss_sigma', 'dm_sigma_FitGaussWidth_gauss_sigma_rel_err', 'dm_sigma_FitGaussWidth_ndof', 'dm_sigma_FitGaussWidth_rms_err']
Aug 25 04:22:48 INFO >> ['dm_sigma_FitGauss_amplitude', 'dm_sigma_FitGauss_mu', 'dm_sigma_FitGauss_gauss_sigma', 'dm_sigma_FitGauss_amplitude_rel_err', 'dm_sigma_FitGauss_mu_rel_err', 'dm_sigma_FitGauss_gauss_sigma_rel_err', 'dm_sigma_FitGauss_amplitude-detection', 'dm_sigma_FitGauss_mu-detection', 'dm_sigma_FitGauss_ndof', 'dm_sigma_FitGauss_rms_err']
Aug 25 04:22:48 INFO >> ['freq_sigma_FitGaussWidth_gauss_sigma', 'freq_sigma_FitGaussWidth_gauss_sigma_rel_err', 'freq_sigma_FitGaussWidth_ndof', 'freq_sigma_FitGaussWidth_rms_err']
Aug 25 04:22:48 INFO >> ['freq_sigma_FitGauss_amplitude', 'freq_sigma_FitGauss_mu', 'freq_sigma_FitGauss_gauss_sigma', 'freq_sigma_FitGauss_amplitude_rel_err', 'freq_sigma_FitGauss_mu_rel_err', 'freq_sigma_FitGauss_gauss_sigma_rel_err', 'freq_sigma_FitGauss_amplitude-detection', 'freq_sigma_FitGauss_mu-detection', 'freq_sigma_FitGauss_ndof', 'freq_sigma_FitGauss_rms_err']
Aug 25 04:22:48 INFO >> Performing searching on cumulative stack 315.95 49.23
Aug 25 04:22:48 INFO >> Loading the cumulative power spectra stack to search
Aug 25 04:23:18 INFO >> DM: 57.3817479147
Aug 25 04:23:18 INFO >> sigma: 11.28372911
Aug 25 04:23:18 INFO >> frequency: 105.74075920106172
Aug 25 04:23:18 INFO >> Injecting 4 harmonics.
Aug 25 04:23:18 INFO >> Starting DM: 56.36724874067484
Aug 25 04:23:18 INFO >> Stopping DM: 58.39120740281755
Aug 25 04:23:18 INFO >> Expected detection at 9.53 sigma with 4 harmonics.
Aug 25 04:23:29 INFO >> Start searching 6558 dm trials using 32 harmonics.
Aug 25 04:23:37 INFO >> Moved power spectra to shared memory.
Aug 25 04:23:37 INFO >> Number of dm trials in single multi processing job: 10
Aug 25 04:24:26 INFO >> Total number of detections=15584
Aug 25 04:24:26 INFO >> Clustering the detections
Aug 25 04:24:26 INFO >> Starting clustering
Aug 25 04:24:26 INFO >> Rogue harmonic power filter reduced detections from 15584 to 8526
Aug 25 04:24:26 INFO >> Filtering out duplicate freq,dm detections at multiple nharms removes 788 detections
Aug 25 04:24:26 INFO >> Duplicate freq,dm filter reduced detections to 7738
Aug 25 04:24:26 INFO >> Number of detections over threshold sigma (6.0): 7738
Aug 25 04:24:26 INFO >> Grouping duplicate frequencies together first
Aug 25 04:24:26 INFO >> Grouping duplicate frequencies removed 7216 detections from the harmonic metric computation
Aug 25 04:24:26 INFO >> Starting freq-DM distance metric computation
Aug 25 04:24:27 INFO >> Finished freq-DM distance metric computation
Aug 25 04:24:27 INFO >> Largest group size for metric computation is 97
Aug 25 04:24:27 INFO >> Starting harmonic distance metric computation
Aug 25 04:24:28 INFO >> Finished harmonic distance metric computation
Aug 25 04:24:28 INFO >> Starting DBSCAN
Aug 25 04:24:28 INFO >> Finished DBSCAN
Aug 25 04:24:28 INFO >> Clusters found: 76
Aug 25 04:24:28 INFO >> Filtered 32 clusters below or equal 2 DM.
Aug 25 04:24:28 INFO >> Total number of candidate clusters=1
Aug 25 04:24:28 INFO >> Candidate Processor of stack (315.95 49.23)
Aug 25 04:24:28 INFO >> Making SinglePointingCandidates from a list of 1 PowerSpectraDetectionClusters
Aug 25 04:24:30 INFO >> saved candidates to ./results//injections/315.95_49.23_cumulative_power_spectra_stack_20220627_11_freq_dm_57.yml_(78,)_candidates.npz
Aug 25 04:24:30 INFO >> Injected Pulsars:     1
Aug 25 04:24:30 INFO >> Injection Candidates: 1
Aug 25 04:24:30 INFO >> Recovered Injections: 1
Aug 25 04:24:30 INFO >> 1 candidates.
Aug 25 04:24:30 INFO >> Best candidate: F0: 105.741 DM: 57.38 Sigma: 8.90
Aug 25 04:24:32 INFO >> Unlinked shared memory for cumulative stack.
Aug 25 04:24:32 INFO >> Pipeline execution time: 1.74 minutes
