Aug 25 02:06:46 INFO >> {"message": "Waiting for suitable server to become available", "selector": "Primary()", "operation": "find", "topologyDescription": "<TopologyDescription id: 66ca91b6d01c22c8deadb939, topology_type: Unknown, servers: [<ServerDescription ('localhost', 27017) server_type: Unknown, rtt: None>]>", "clientId": {"$oid": "66ca91b6d01c22c8deadb939"}, "remainingTimeMS": 29}
Aug 25 02:06:46 INFO >> Features initialized as the following:
Aug 25 02:06:46 INFO >> num_unique_dms
Aug 25 02:06:46 INFO >> num_unique_freqs
Aug 25 02:06:46 INFO >> ndetections
Aug 25 02:06:46 INFO >> nharm
Aug 25 02:06:46 INFO >> log_p_dm
Aug 25 02:06:46 INFO >> ['dm_sigma_FitGaussWidth_gauss_sigma', 'dm_sigma_FitGaussWidth_gauss_sigma_rel_err', 'dm_sigma_FitGaussWidth_ndof', 'dm_sigma_FitGaussWidth_rms_err']
Aug 25 02:06:46 INFO >> ['dm_sigma_FitGauss_amplitude', 'dm_sigma_FitGauss_mu', 'dm_sigma_FitGauss_gauss_sigma', 'dm_sigma_FitGauss_amplitude_rel_err', 'dm_sigma_FitGauss_mu_rel_err', 'dm_sigma_FitGauss_gauss_sigma_rel_err', 'dm_sigma_FitGauss_amplitude-detection', 'dm_sigma_FitGauss_mu-detection', 'dm_sigma_FitGauss_ndof', 'dm_sigma_FitGauss_rms_err']
Aug 25 02:06:46 INFO >> ['freq_sigma_FitGaussWidth_gauss_sigma', 'freq_sigma_FitGaussWidth_gauss_sigma_rel_err', 'freq_sigma_FitGaussWidth_ndof', 'freq_sigma_FitGaussWidth_rms_err']
Aug 25 02:06:46 INFO >> ['freq_sigma_FitGauss_amplitude', 'freq_sigma_FitGauss_mu', 'freq_sigma_FitGauss_gauss_sigma', 'freq_sigma_FitGauss_amplitude_rel_err', 'freq_sigma_FitGauss_mu_rel_err', 'freq_sigma_FitGauss_gauss_sigma_rel_err', 'freq_sigma_FitGauss_amplitude-detection', 'freq_sigma_FitGauss_mu-detection', 'freq_sigma_FitGauss_ndof', 'freq_sigma_FitGauss_rms_err']
Aug 25 02:06:46 INFO >> Performing searching on cumulative stack 315.95 49.23
Aug 25 02:06:46 INFO >> Loading the cumulative power spectra stack to search
Aug 25 02:07:17 INFO >> DM: 57.3817479147
Aug 25 02:07:17 INFO >> sigma: 11.28372911
Aug 25 02:07:17 INFO >> frequency: 10.623377791737555
Aug 25 02:07:17 INFO >> Injecting 47 harmonics.
Aug 25 02:07:17 INFO >> Starting DM: 47.66422649346113
Aug 25 02:07:17 INFO >> Stopping DM: 67.09422965003128
Aug 25 02:07:17 INFO >> Expected detection at 9.39 sigma with 8 harmonics.
Aug 25 02:07:30 INFO >> Start searching 6558 dm trials using 32 harmonics.
Aug 25 02:07:39 INFO >> Moved power spectra to shared memory.
Aug 25 02:07:39 INFO >> Number of dm trials in single multi processing job: 10
Aug 25 02:08:29 INFO >> Total number of detections=15737
Aug 25 02:08:29 INFO >> Clustering the detections
Aug 25 02:08:29 INFO >> Starting clustering
Aug 25 02:08:29 INFO >> Rogue harmonic power filter reduced detections from 15737 to 8679
Aug 25 02:08:29 INFO >> Filtering out duplicate freq,dm detections at multiple nharms removes 870 detections
Aug 25 02:08:29 INFO >> Duplicate freq,dm filter reduced detections to 7809
Aug 25 02:08:29 INFO >> Number of detections over threshold sigma (6.0): 7809
Aug 25 02:08:29 INFO >> Grouping duplicate frequencies together first
Aug 25 02:08:29 INFO >> Grouping duplicate frequencies removed 7278 detections from the harmonic metric computation
Aug 25 02:08:29 INFO >> Starting freq-DM distance metric computation
Aug 25 02:08:29 INFO >> Finished freq-DM distance metric computation
Aug 25 02:08:30 INFO >> Largest group size for metric computation is 97
Aug 25 02:08:30 INFO >> Starting harmonic distance metric computation
Aug 25 02:08:30 INFO >> Finished harmonic distance metric computation
Aug 25 02:08:30 INFO >> Starting DBSCAN
Aug 25 02:08:31 INFO >> Finished DBSCAN
Aug 25 02:08:31 INFO >> Clusters found: 77
Aug 25 02:08:31 INFO >> Filtered 32 clusters below or equal 2 DM.
Aug 25 02:08:31 INFO >> Total number of candidate clusters=2
Aug 25 02:08:31 INFO >> Candidate Processor of stack (315.95 49.23)
Aug 25 02:08:31 INFO >> Making SinglePointingCandidates from a list of 2 PowerSpectraDetectionClusters
Aug 25 02:08:33 INFO >> saved candidates to ./results//injections/315.95_49.23_cumulative_power_spectra_stack_20220627_11_freq_dm_57.yml_(2,)_candidates.npz
Aug 25 02:08:33 INFO >> Injected Pulsars:     1
Aug 25 02:08:33 INFO >> Injection Candidates: 2
Aug 25 02:08:33 INFO >> Recovered Injections: 1
Aug 25 02:08:33 INFO >> 2 candidates.
Aug 25 02:08:33 INFO >> Best candidate: F0: 10.623 DM: 57.38 Sigma: 8.91
Aug 25 02:08:34 INFO >> Unlinked shared memory for cumulative stack.
Aug 25 02:08:34 INFO >> Pipeline execution time: 1.81 minutes
