Aug 25 04:31:39 INFO >> {"message": "Waiting for suitable server to become available", "selector": "Primary()", "operation": "find", "topologyDescription": "<TopologyDescription id: 66cab3ab57b8e00e301817b7, topology_type: Unknown, servers: [<ServerDescription ('localhost', 27017) server_type: Unknown, rtt: None>]>", "clientId": {"$oid": "66cab3ab57b8e00e301817b7"}, "remainingTimeMS": 29}
Aug 25 04:31:39 INFO >> Features initialized as the following:
Aug 25 04:31:39 INFO >> num_unique_dms
Aug 25 04:31:39 INFO >> num_unique_freqs
Aug 25 04:31:39 INFO >> ndetections
Aug 25 04:31:39 INFO >> nharm
Aug 25 04:31:39 INFO >> log_p_dm
Aug 25 04:31:39 INFO >> ['dm_sigma_FitGaussWidth_gauss_sigma', 'dm_sigma_FitGaussWidth_gauss_sigma_rel_err', 'dm_sigma_FitGaussWidth_ndof', 'dm_sigma_FitGaussWidth_rms_err']
Aug 25 04:31:39 INFO >> ['dm_sigma_FitGauss_amplitude', 'dm_sigma_FitGauss_mu', 'dm_sigma_FitGauss_gauss_sigma', 'dm_sigma_FitGauss_amplitude_rel_err', 'dm_sigma_FitGauss_mu_rel_err', 'dm_sigma_FitGauss_gauss_sigma_rel_err', 'dm_sigma_FitGauss_amplitude-detection', 'dm_sigma_FitGauss_mu-detection', 'dm_sigma_FitGauss_ndof', 'dm_sigma_FitGauss_rms_err']
Aug 25 04:31:39 INFO >> ['freq_sigma_FitGaussWidth_gauss_sigma', 'freq_sigma_FitGaussWidth_gauss_sigma_rel_err', 'freq_sigma_FitGaussWidth_ndof', 'freq_sigma_FitGaussWidth_rms_err']
Aug 25 04:31:39 INFO >> ['freq_sigma_FitGauss_amplitude', 'freq_sigma_FitGauss_mu', 'freq_sigma_FitGauss_gauss_sigma', 'freq_sigma_FitGauss_amplitude_rel_err', 'freq_sigma_FitGauss_mu_rel_err', 'freq_sigma_FitGauss_gauss_sigma_rel_err', 'freq_sigma_FitGauss_amplitude-detection', 'freq_sigma_FitGauss_mu-detection', 'freq_sigma_FitGauss_ndof', 'freq_sigma_FitGauss_rms_err']
Aug 25 04:31:39 INFO >> Performing searching on cumulative stack 315.95 49.23
Aug 25 04:31:39 INFO >> Loading the cumulative power spectra stack to search
Aug 25 04:32:09 INFO >> DM: 57.3817479147
Aug 25 04:32:09 INFO >> sigma: 11.28372911
Aug 25 04:32:09 INFO >> frequency: 122.99826628199284
Aug 25 04:32:09 INFO >> Injecting 4 harmonics.
Aug 25 04:32:09 INFO >> Starting DM: 56.569644606889106
Aug 25 04:32:09 INFO >> Stopping DM: 58.188811536603296
Aug 25 04:32:09 INFO >> Expected detection at 7.90 sigma with 4 harmonics.
Aug 25 04:32:21 INFO >> Start searching 6558 dm trials using 32 harmonics.
Aug 25 04:32:29 INFO >> Moved power spectra to shared memory.
Aug 25 04:32:29 INFO >> Number of dm trials in single multi processing job: 10
Aug 25 04:33:18 INFO >> Total number of detections=15584
Aug 25 04:33:18 INFO >> Clustering the detections
Aug 25 04:33:18 INFO >> Starting clustering
Aug 25 04:33:18 INFO >> Rogue harmonic power filter reduced detections from 15584 to 8526
Aug 25 04:33:18 INFO >> Filtering out duplicate freq,dm detections at multiple nharms removes 788 detections
Aug 25 04:33:18 INFO >> Duplicate freq,dm filter reduced detections to 7738
Aug 25 04:33:18 INFO >> Number of detections over threshold sigma (6.0): 7738
Aug 25 04:33:18 INFO >> Grouping duplicate frequencies together first
Aug 25 04:33:18 INFO >> Grouping duplicate frequencies removed 7217 detections from the harmonic metric computation
Aug 25 04:33:18 INFO >> Starting freq-DM distance metric computation
Aug 25 04:33:18 INFO >> Finished freq-DM distance metric computation
Aug 25 04:33:19 INFO >> Largest group size for metric computation is 97
Aug 25 04:33:19 INFO >> Starting harmonic distance metric computation
Aug 25 04:33:19 INFO >> Finished harmonic distance metric computation
Aug 25 04:33:19 INFO >> Starting DBSCAN
Aug 25 04:33:20 INFO >> Finished DBSCAN
Aug 25 04:33:20 INFO >> Clusters found: 75
Aug 25 04:33:20 INFO >> Filtered 32 clusters below or equal 2 DM.
Aug 25 04:33:20 INFO >> Total number of candidate clusters=0
Aug 25 04:33:20 INFO >> Candidate Processor of stack (315.95 49.23)
Aug 25 04:33:20 INFO >> Making SinglePointingCandidates from a list of 0 PowerSpectraDetectionClusters
Aug 25 04:33:22 INFO >> saved candidates to ./results//injections/315.95_49.23_cumulative_power_spectra_stack_20220627_11_freq_dm_57.yml_(83,)_candidates.npz
Aug 25 04:33:22 INFO >> Injected Pulsars:     1
Aug 25 04:33:22 INFO >> Injection Candidates: 0
Aug 25 04:33:22 INFO >> Recovered Injections: 0
Aug 25 04:33:22 INFO >> 0 candidates.
Aug 25 04:33:23 INFO >> Unlinked shared memory for cumulative stack.
Aug 25 04:33:23 INFO >> Pipeline execution time: 1.74 minutes
