Aug 25 03:43:49 INFO >> {"message": "Waiting for suitable server to become available", "selector": "Primary()", "operation": "find", "topologyDescription": "<TopologyDescription id: 66caa8752b61426d638c1f7a, topology_type: Unknown, servers: [<ServerDescription ('localhost', 27017) server_type: Unknown, rtt: None>]>", "clientId": {"$oid": "66caa8752b61426d638c1f7a"}, "remainingTimeMS": 29}
Aug 25 03:43:49 INFO >> Features initialized as the following:
Aug 25 03:43:49 INFO >> num_unique_dms
Aug 25 03:43:49 INFO >> num_unique_freqs
Aug 25 03:43:49 INFO >> ndetections
Aug 25 03:43:49 INFO >> nharm
Aug 25 03:43:49 INFO >> log_p_dm
Aug 25 03:43:49 INFO >> ['dm_sigma_FitGaussWidth_gauss_sigma', 'dm_sigma_FitGaussWidth_gauss_sigma_rel_err', 'dm_sigma_FitGaussWidth_ndof', 'dm_sigma_FitGaussWidth_rms_err']
Aug 25 03:43:49 INFO >> ['dm_sigma_FitGauss_amplitude', 'dm_sigma_FitGauss_mu', 'dm_sigma_FitGauss_gauss_sigma', 'dm_sigma_FitGauss_amplitude_rel_err', 'dm_sigma_FitGauss_mu_rel_err', 'dm_sigma_FitGauss_gauss_sigma_rel_err', 'dm_sigma_FitGauss_amplitude-detection', 'dm_sigma_FitGauss_mu-detection', 'dm_sigma_FitGauss_ndof', 'dm_sigma_FitGauss_rms_err']
Aug 25 03:43:49 INFO >> ['freq_sigma_FitGaussWidth_gauss_sigma', 'freq_sigma_FitGaussWidth_gauss_sigma_rel_err', 'freq_sigma_FitGaussWidth_ndof', 'freq_sigma_FitGaussWidth_rms_err']
Aug 25 03:43:49 INFO >> ['freq_sigma_FitGauss_amplitude', 'freq_sigma_FitGauss_mu', 'freq_sigma_FitGauss_gauss_sigma', 'freq_sigma_FitGauss_amplitude_rel_err', 'freq_sigma_FitGauss_mu_rel_err', 'freq_sigma_FitGauss_gauss_sigma_rel_err', 'freq_sigma_FitGauss_amplitude-detection', 'freq_sigma_FitGauss_mu-detection', 'freq_sigma_FitGauss_ndof', 'freq_sigma_FitGauss_rms_err']
Aug 25 03:43:49 INFO >> Performing searching on cumulative stack 315.95 49.23
Aug 25 03:43:49 INFO >> Loading the cumulative power spectra stack to search
Aug 25 03:44:18 INFO >> DM: 57.3817479147
Aug 25 03:44:18 INFO >> sigma: 11.28372911
Aug 25 03:44:18 INFO >> frequency: 54.36927418827447
Aug 25 03:44:18 INFO >> Injecting 9 harmonics.
Aug 25 03:44:18 INFO >> Starting DM: 55.45646734271061
Aug 25 03:44:18 INFO >> Stopping DM: 59.301988800781785
Aug 25 03:44:18 INFO >> Expected detection at 10.13 sigma with 8 harmonics.
Aug 25 03:44:30 INFO >> Start searching 6558 dm trials using 32 harmonics.
Aug 25 03:44:37 INFO >> Moved power spectra to shared memory.
Aug 25 03:44:37 INFO >> Number of dm trials in single multi processing job: 10
Aug 25 03:45:27 INFO >> Total number of detections=15597
Aug 25 03:45:27 INFO >> Clustering the detections
Aug 25 03:45:27 INFO >> Starting clustering
Aug 25 03:45:27 INFO >> Rogue harmonic power filter reduced detections from 15597 to 8539
Aug 25 03:45:27 INFO >> Filtering out duplicate freq,dm detections at multiple nharms removes 792 detections
Aug 25 03:45:27 INFO >> Duplicate freq,dm filter reduced detections to 7747
Aug 25 03:45:27 INFO >> Number of detections over threshold sigma (6.0): 7747
Aug 25 03:45:27 INFO >> Grouping duplicate frequencies together first
Aug 25 03:45:27 INFO >> Grouping duplicate frequencies removed 7222 detections from the harmonic metric computation
Aug 25 03:45:27 INFO >> Starting freq-DM distance metric computation
Aug 25 03:45:27 INFO >> Finished freq-DM distance metric computation
Aug 25 03:45:27 INFO >> Largest group size for metric computation is 97
Aug 25 03:45:27 INFO >> Starting harmonic distance metric computation
Aug 25 03:45:28 INFO >> Finished harmonic distance metric computation
Aug 25 03:45:28 INFO >> Starting DBSCAN
Aug 25 03:45:28 INFO >> Finished DBSCAN
Aug 25 03:45:28 INFO >> Clusters found: 76
Aug 25 03:45:28 INFO >> Filtered 32 clusters below or equal 2 DM.
Aug 25 03:45:28 INFO >> Total number of candidate clusters=1
Aug 25 03:45:28 INFO >> Candidate Processor of stack (315.95 49.23)
Aug 25 03:45:28 INFO >> Making SinglePointingCandidates from a list of 1 PowerSpectraDetectionClusters
Aug 25 03:45:31 INFO >> saved candidates to ./results//injections/315.95_49.23_cumulative_power_spectra_stack_20220627_11_freq_dm_57.yml_(56,)_candidates.npz
Aug 25 03:45:31 INFO >> Injected Pulsars:     1
Aug 25 03:45:31 INFO >> Injection Candidates: 1
Aug 25 03:45:31 INFO >> Recovered Injections: 1
Aug 25 03:45:31 INFO >> 1 candidates.
Aug 25 03:45:31 INFO >> Best candidate: F0: 54.369 DM: 57.38 Sigma: 10.17
Aug 25 03:45:32 INFO >> Unlinked shared memory for cumulative stack.
Aug 25 03:45:32 INFO >> Pipeline execution time: 1.72 minutes
