Aug 25 02:41:04 INFO >> {"message": "Waiting for suitable server to become available", "selector": "Primary()", "operation": "find", "topologyDescription": "<TopologyDescription id: 66ca99c062823f220af6556b, topology_type: Unknown, servers: [<ServerDescription ('localhost', 27017) server_type: Unknown, rtt: None>]>", "clientId": {"$oid": "66ca99c062823f220af6556b"}, "remainingTimeMS": 29}
Aug 25 02:41:04 INFO >> Features initialized as the following:
Aug 25 02:41:04 INFO >> num_unique_dms
Aug 25 02:41:04 INFO >> num_unique_freqs
Aug 25 02:41:04 INFO >> ndetections
Aug 25 02:41:04 INFO >> nharm
Aug 25 02:41:04 INFO >> log_p_dm
Aug 25 02:41:04 INFO >> ['dm_sigma_FitGaussWidth_gauss_sigma', 'dm_sigma_FitGaussWidth_gauss_sigma_rel_err', 'dm_sigma_FitGaussWidth_ndof', 'dm_sigma_FitGaussWidth_rms_err']
Aug 25 02:41:04 INFO >> ['dm_sigma_FitGauss_amplitude', 'dm_sigma_FitGauss_mu', 'dm_sigma_FitGauss_gauss_sigma', 'dm_sigma_FitGauss_amplitude_rel_err', 'dm_sigma_FitGauss_mu_rel_err', 'dm_sigma_FitGauss_gauss_sigma_rel_err', 'dm_sigma_FitGauss_amplitude-detection', 'dm_sigma_FitGauss_mu-detection', 'dm_sigma_FitGauss_ndof', 'dm_sigma_FitGauss_rms_err']
Aug 25 02:41:04 INFO >> ['freq_sigma_FitGaussWidth_gauss_sigma', 'freq_sigma_FitGaussWidth_gauss_sigma_rel_err', 'freq_sigma_FitGaussWidth_ndof', 'freq_sigma_FitGaussWidth_rms_err']
Aug 25 02:41:04 INFO >> ['freq_sigma_FitGauss_amplitude', 'freq_sigma_FitGauss_mu', 'freq_sigma_FitGauss_gauss_sigma', 'freq_sigma_FitGauss_amplitude_rel_err', 'freq_sigma_FitGauss_mu_rel_err', 'freq_sigma_FitGauss_gauss_sigma_rel_err', 'freq_sigma_FitGauss_amplitude-detection', 'freq_sigma_FitGauss_mu-detection', 'freq_sigma_FitGauss_ndof', 'freq_sigma_FitGauss_rms_err']
Aug 25 02:41:04 INFO >> Performing searching on cumulative stack 315.95 49.23
Aug 25 02:41:04 INFO >> Loading the cumulative power spectra stack to search
Aug 25 02:41:37 INFO >> DM: 57.3817479147
Aug 25 02:41:37 INFO >> sigma: 11.28372911
Aug 25 02:41:37 INFO >> frequency: 18.86937761790579
Aug 25 02:41:37 INFO >> Injecting 26 harmonics.
Aug 25 02:41:37 INFO >> Starting DM: 51.91453968396085
Aug 25 02:41:37 INFO >> Stopping DM: 62.84391645953155
Aug 25 02:41:37 INFO >> Expected detection at 10.30 sigma with 8 harmonics.
Aug 25 02:41:50 INFO >> Start searching 6558 dm trials using 32 harmonics.
Aug 25 02:41:57 INFO >> Moved power spectra to shared memory.
Aug 25 02:41:57 INFO >> Number of dm trials in single multi processing job: 10
Aug 25 02:42:48 INFO >> Total number of detections=15681
Aug 25 02:42:48 INFO >> Clustering the detections
Aug 25 02:42:48 INFO >> Starting clustering
Aug 25 02:42:48 INFO >> Rogue harmonic power filter reduced detections from 15681 to 8623
Aug 25 02:42:48 INFO >> Filtering out duplicate freq,dm detections at multiple nharms removes 817 detections
Aug 25 02:42:48 INFO >> Duplicate freq,dm filter reduced detections to 7806
Aug 25 02:42:48 INFO >> Number of detections over threshold sigma (6.0): 7806
Aug 25 02:42:48 INFO >> Grouping duplicate frequencies together first
Aug 25 02:42:48 INFO >> Grouping duplicate frequencies removed 7275 detections from the harmonic metric computation
Aug 25 02:42:48 INFO >> Starting freq-DM distance metric computation
Aug 25 02:42:48 INFO >> Finished freq-DM distance metric computation
Aug 25 02:42:49 INFO >> Largest group size for metric computation is 97
Aug 25 02:42:49 INFO >> Starting harmonic distance metric computation
Aug 25 02:42:49 INFO >> Finished harmonic distance metric computation
Aug 25 02:42:49 INFO >> Starting DBSCAN
Aug 25 02:42:50 INFO >> Finished DBSCAN
Aug 25 02:42:50 INFO >> Clusters found: 76
Aug 25 02:42:50 INFO >> Filtered 32 clusters below or equal 2 DM.
Aug 25 02:42:50 INFO >> Total number of candidate clusters=1
Aug 25 02:42:50 INFO >> Candidate Processor of stack (315.95 49.23)
Aug 25 02:42:50 INFO >> Making SinglePointingCandidates from a list of 1 PowerSpectraDetectionClusters
Aug 25 02:42:52 INFO >> saved candidates to ./results//injections/315.95_49.23_cumulative_power_spectra_stack_20220627_11_freq_dm_57.yml_(21,)_candidates.npz
Aug 25 02:42:52 INFO >> Injected Pulsars:     1
Aug 25 02:42:52 INFO >> Injection Candidates: 1
Aug 25 02:42:52 INFO >> Recovered Injections: 1
Aug 25 02:42:52 INFO >> 1 candidates.
Aug 25 02:42:52 INFO >> Best candidate: F0: 18.869 DM: 57.38 Sigma: 10.34
Aug 25 02:42:53 INFO >> Unlinked shared memory for cumulative stack.
Aug 25 02:42:53 INFO >> Pipeline execution time: 1.82 minutes
