Aug 25 02:23:04 INFO >> {"message": "Waiting for suitable server to become available", "selector": "Primary()", "operation": "find", "topologyDescription": "<TopologyDescription id: 66ca958879af3415292668c5, topology_type: Unknown, servers: [<ServerDescription ('localhost', 27017) server_type: Unknown, rtt: None>]>", "clientId": {"$oid": "66ca958879af3415292668c5"}, "remainingTimeMS": 29}
Aug 25 02:23:04 INFO >> Features initialized as the following:
Aug 25 02:23:04 INFO >> num_unique_dms
Aug 25 02:23:04 INFO >> num_unique_freqs
Aug 25 02:23:04 INFO >> ndetections
Aug 25 02:23:04 INFO >> nharm
Aug 25 02:23:04 INFO >> log_p_dm
Aug 25 02:23:04 INFO >> ['dm_sigma_FitGaussWidth_gauss_sigma', 'dm_sigma_FitGaussWidth_gauss_sigma_rel_err', 'dm_sigma_FitGaussWidth_ndof', 'dm_sigma_FitGaussWidth_rms_err']
Aug 25 02:23:04 INFO >> ['dm_sigma_FitGauss_amplitude', 'dm_sigma_FitGauss_mu', 'dm_sigma_FitGauss_gauss_sigma', 'dm_sigma_FitGauss_amplitude_rel_err', 'dm_sigma_FitGauss_mu_rel_err', 'dm_sigma_FitGauss_gauss_sigma_rel_err', 'dm_sigma_FitGauss_amplitude-detection', 'dm_sigma_FitGauss_mu-detection', 'dm_sigma_FitGauss_ndof', 'dm_sigma_FitGauss_rms_err']
Aug 25 02:23:04 INFO >> ['freq_sigma_FitGaussWidth_gauss_sigma', 'freq_sigma_FitGaussWidth_gauss_sigma_rel_err', 'freq_sigma_FitGaussWidth_ndof', 'freq_sigma_FitGaussWidth_rms_err']
Aug 25 02:23:04 INFO >> ['freq_sigma_FitGauss_amplitude', 'freq_sigma_FitGauss_mu', 'freq_sigma_FitGauss_gauss_sigma', 'freq_sigma_FitGauss_amplitude_rel_err', 'freq_sigma_FitGauss_mu_rel_err', 'freq_sigma_FitGauss_gauss_sigma_rel_err', 'freq_sigma_FitGauss_amplitude-detection', 'freq_sigma_FitGauss_mu-detection', 'freq_sigma_FitGauss_ndof', 'freq_sigma_FitGauss_rms_err']
Aug 25 02:23:04 INFO >> Performing searching on cumulative stack 315.95 49.23
Aug 25 02:23:04 INFO >> Loading the cumulative power spectra stack to search
Aug 25 02:23:36 INFO >> DM: 57.3817479147
Aug 25 02:23:36 INFO >> sigma: 11.28372911
Aug 25 02:23:36 INFO >> frequency: 13.94583249195745
Aug 25 02:23:36 INFO >> Injecting 36 harmonics.
Aug 25 02:23:36 INFO >> Starting DM: 49.99177895492526
Aug 25 02:23:36 INFO >> Stopping DM: 64.76667718856713
Aug 25 02:23:36 INFO >> Expected detection at 10.15 sigma with 8 harmonics.
Aug 25 02:23:48 INFO >> Start searching 6558 dm trials using 32 harmonics.
Aug 25 02:23:55 INFO >> Moved power spectra to shared memory.
Aug 25 02:23:55 INFO >> Number of dm trials in single multi processing job: 10
Aug 25 02:24:44 INFO >> Total number of detections=15678
Aug 25 02:24:44 INFO >> Clustering the detections
Aug 25 02:24:44 INFO >> Starting clustering
Aug 25 02:24:44 INFO >> Rogue harmonic power filter reduced detections from 15678 to 8620
Aug 25 02:24:44 INFO >> Filtering out duplicate freq,dm detections at multiple nharms removes 827 detections
Aug 25 02:24:44 INFO >> Duplicate freq,dm filter reduced detections to 7793
Aug 25 02:24:44 INFO >> Number of detections over threshold sigma (6.0): 7793
Aug 25 02:24:44 INFO >> Grouping duplicate frequencies together first
Aug 25 02:24:44 INFO >> Grouping duplicate frequencies removed 7264 detections from the harmonic metric computation
Aug 25 02:24:44 INFO >> Starting freq-DM distance metric computation
Aug 25 02:24:45 INFO >> Finished freq-DM distance metric computation
Aug 25 02:24:45 INFO >> Largest group size for metric computation is 97
Aug 25 02:24:45 INFO >> Starting harmonic distance metric computation
Aug 25 02:24:46 INFO >> Finished harmonic distance metric computation
Aug 25 02:24:46 INFO >> Starting DBSCAN
Aug 25 02:24:46 INFO >> Finished DBSCAN
Aug 25 02:24:46 INFO >> Clusters found: 76
Aug 25 02:24:46 INFO >> Filtered 32 clusters below or equal 2 DM.
Aug 25 02:24:46 INFO >> Total number of candidate clusters=1
Aug 25 02:24:46 INFO >> Candidate Processor of stack (315.95 49.23)
Aug 25 02:24:46 INFO >> Making SinglePointingCandidates from a list of 1 PowerSpectraDetectionClusters
Aug 25 02:24:48 INFO >> saved candidates to ./results//injections/315.95_49.23_cumulative_power_spectra_stack_20220627_11_freq_dm_57.yml_(11,)_candidates.npz
Aug 25 02:24:48 INFO >> Injected Pulsars:     1
Aug 25 02:24:48 INFO >> Injection Candidates: 1
Aug 25 02:24:48 INFO >> Recovered Injections: 1
Aug 25 02:24:48 INFO >> 1 candidates.
Aug 25 02:24:48 INFO >> Best candidate: F0: 13.946 DM: 57.38 Sigma: 10.79
Aug 25 02:24:50 INFO >> Unlinked shared memory for cumulative stack.
Aug 25 02:24:50 INFO >> Pipeline execution time: 1.77 minutes
