Aug 25 03:57:58 INFO >> {"message": "Waiting for suitable server to become available", "selector": "Primary()", "operation": "find", "topologyDescription": "<TopologyDescription id: 66caabc67e58bad2498d924a, topology_type: Unknown, servers: [<ServerDescription ('localhost', 27017) server_type: Unknown, rtt: None>]>", "clientId": {"$oid": "66caabc67e58bad2498d924a"}, "remainingTimeMS": 29}
Aug 25 03:57:58 INFO >> Features initialized as the following:
Aug 25 03:57:58 INFO >> num_unique_dms
Aug 25 03:57:58 INFO >> num_unique_freqs
Aug 25 03:57:58 INFO >> ndetections
Aug 25 03:57:58 INFO >> nharm
Aug 25 03:57:58 INFO >> log_p_dm
Aug 25 03:57:58 INFO >> ['dm_sigma_FitGaussWidth_gauss_sigma', 'dm_sigma_FitGaussWidth_gauss_sigma_rel_err', 'dm_sigma_FitGaussWidth_ndof', 'dm_sigma_FitGaussWidth_rms_err']
Aug 25 03:57:58 INFO >> ['dm_sigma_FitGauss_amplitude', 'dm_sigma_FitGauss_mu', 'dm_sigma_FitGauss_gauss_sigma', 'dm_sigma_FitGauss_amplitude_rel_err', 'dm_sigma_FitGauss_mu_rel_err', 'dm_sigma_FitGauss_gauss_sigma_rel_err', 'dm_sigma_FitGauss_amplitude-detection', 'dm_sigma_FitGauss_mu-detection', 'dm_sigma_FitGauss_ndof', 'dm_sigma_FitGauss_rms_err']
Aug 25 03:57:58 INFO >> ['freq_sigma_FitGaussWidth_gauss_sigma', 'freq_sigma_FitGaussWidth_gauss_sigma_rel_err', 'freq_sigma_FitGaussWidth_ndof', 'freq_sigma_FitGaussWidth_rms_err']
Aug 25 03:57:58 INFO >> ['freq_sigma_FitGauss_amplitude', 'freq_sigma_FitGauss_mu', 'freq_sigma_FitGauss_gauss_sigma', 'freq_sigma_FitGauss_amplitude_rel_err', 'freq_sigma_FitGauss_mu_rel_err', 'freq_sigma_FitGauss_gauss_sigma_rel_err', 'freq_sigma_FitGauss_amplitude-detection', 'freq_sigma_FitGauss_mu-detection', 'freq_sigma_FitGauss_ndof', 'freq_sigma_FitGauss_rms_err']
Aug 25 03:57:58 INFO >> Performing searching on cumulative stack 315.95 49.23
Aug 25 03:57:58 INFO >> Loading the cumulative power spectra stack to search
Aug 25 03:58:26 INFO >> DM: 57.3817479147
Aug 25 03:58:26 INFO >> sigma: 11.28372911
Aug 25 03:58:26 INFO >> frequency: 69.24749066457888
Aug 25 03:58:26 INFO >> Injecting 7 harmonics.
Aug 25 03:58:26 INFO >> Starting DM: 55.861259075139166
Aug 25 03:58:26 INFO >> Stopping DM: 58.897197068353236
Aug 25 03:58:26 INFO >> Expected detection at 9.61 sigma with 4 harmonics.
Aug 25 03:58:38 INFO >> Start searching 6558 dm trials using 32 harmonics.
Aug 25 03:58:45 INFO >> Moved power spectra to shared memory.
Aug 25 03:58:45 INFO >> Number of dm trials in single multi processing job: 10
Aug 25 03:59:34 INFO >> Total number of detections=15596
Aug 25 03:59:34 INFO >> Clustering the detections
Aug 25 03:59:34 INFO >> Starting clustering
Aug 25 03:59:34 INFO >> Rogue harmonic power filter reduced detections from 15596 to 8538
Aug 25 03:59:34 INFO >> Filtering out duplicate freq,dm detections at multiple nharms removes 791 detections
Aug 25 03:59:34 INFO >> Duplicate freq,dm filter reduced detections to 7747
Aug 25 03:59:34 INFO >> Number of detections over threshold sigma (6.0): 7747
Aug 25 03:59:34 INFO >> Grouping duplicate frequencies together first
Aug 25 03:59:34 INFO >> Grouping duplicate frequencies removed 7224 detections from the harmonic metric computation
Aug 25 03:59:34 INFO >> Starting freq-DM distance metric computation
Aug 25 03:59:35 INFO >> Finished freq-DM distance metric computation
Aug 25 03:59:35 INFO >> Largest group size for metric computation is 97
Aug 25 03:59:35 INFO >> Starting harmonic distance metric computation
Aug 25 03:59:35 INFO >> Finished harmonic distance metric computation
Aug 25 03:59:35 INFO >> Starting DBSCAN
Aug 25 03:59:36 INFO >> Finished DBSCAN
Aug 25 03:59:36 INFO >> Clusters found: 76
Aug 25 03:59:36 INFO >> Filtered 32 clusters below or equal 2 DM.
Aug 25 03:59:36 INFO >> Total number of candidate clusters=1
Aug 25 03:59:36 INFO >> Candidate Processor of stack (315.95 49.23)
Aug 25 03:59:36 INFO >> Making SinglePointingCandidates from a list of 1 PowerSpectraDetectionClusters
Aug 25 03:59:38 INFO >> saved candidates to ./results//injections/315.95_49.23_cumulative_power_spectra_stack_20220627_11_freq_dm_57.yml_(64,)_candidates.npz
Aug 25 03:59:38 INFO >> Injected Pulsars:     1
Aug 25 03:59:38 INFO >> Injection Candidates: 1
Aug 25 03:59:38 INFO >> Recovered Injections: 1
Aug 25 03:59:38 INFO >> 1 candidates.
Aug 25 03:59:38 INFO >> Best candidate: F0: 69.247 DM: 57.38 Sigma: 9.33
Aug 25 03:59:39 INFO >> Unlinked shared memory for cumulative stack.
Aug 25 03:59:39 INFO >> Pipeline execution time: 1.69 minutes
