Aug 25 02:51:59 INFO >> {"message": "Waiting for suitable server to become available", "selector": "Primary()", "operation": "find", "topologyDescription": "<TopologyDescription id: 66ca9c4f3f4eeac7dbf46c38, topology_type: Unknown, servers: [<ServerDescription ('localhost', 27017) server_type: Unknown, rtt: None>]>", "clientId": {"$oid": "66ca9c4f3f4eeac7dbf46c38"}, "remainingTimeMS": 29}
Aug 25 02:51:59 INFO >> Features initialized as the following:
Aug 25 02:51:59 INFO >> num_unique_dms
Aug 25 02:51:59 INFO >> num_unique_freqs
Aug 25 02:51:59 INFO >> ndetections
Aug 25 02:51:59 INFO >> nharm
Aug 25 02:51:59 INFO >> log_p_dm
Aug 25 02:51:59 INFO >> ['dm_sigma_FitGaussWidth_gauss_sigma', 'dm_sigma_FitGaussWidth_gauss_sigma_rel_err', 'dm_sigma_FitGaussWidth_ndof', 'dm_sigma_FitGaussWidth_rms_err']
Aug 25 02:51:59 INFO >> ['dm_sigma_FitGauss_amplitude', 'dm_sigma_FitGauss_mu', 'dm_sigma_FitGauss_gauss_sigma', 'dm_sigma_FitGauss_amplitude_rel_err', 'dm_sigma_FitGauss_mu_rel_err', 'dm_sigma_FitGauss_gauss_sigma_rel_err', 'dm_sigma_FitGauss_amplitude-detection', 'dm_sigma_FitGauss_mu-detection', 'dm_sigma_FitGauss_ndof', 'dm_sigma_FitGauss_rms_err']
Aug 25 02:51:59 INFO >> ['freq_sigma_FitGaussWidth_gauss_sigma', 'freq_sigma_FitGaussWidth_gauss_sigma_rel_err', 'freq_sigma_FitGaussWidth_ndof', 'freq_sigma_FitGaussWidth_rms_err']
Aug 25 02:51:59 INFO >> ['freq_sigma_FitGauss_amplitude', 'freq_sigma_FitGauss_mu', 'freq_sigma_FitGauss_gauss_sigma', 'freq_sigma_FitGauss_amplitude_rel_err', 'freq_sigma_FitGauss_mu_rel_err', 'freq_sigma_FitGauss_gauss_sigma_rel_err', 'freq_sigma_FitGauss_amplitude-detection', 'freq_sigma_FitGauss_mu-detection', 'freq_sigma_FitGauss_ndof', 'freq_sigma_FitGauss_rms_err']
Aug 25 02:51:59 INFO >> Performing searching on cumulative stack 315.95 49.23
Aug 25 02:51:59 INFO >> Loading the cumulative power spectra stack to search
Aug 25 02:52:30 INFO >> DM: 57.3817479147
Aug 25 02:52:30 INFO >> sigma: 11.28372911
Aug 25 02:52:30 INFO >> frequency: 22.622753038060463
Aug 25 02:52:30 INFO >> Injecting 22 harmonics.
Aug 25 02:52:30 INFO >> Starting DM: 52.82532108192507
Aug 25 02:52:30 INFO >> Stopping DM: 61.933135061567334
Aug 25 02:52:30 INFO >> Expected detection at 9.98 sigma with 8 harmonics.
Aug 25 02:52:43 INFO >> Start searching 6558 dm trials using 32 harmonics.
Aug 25 02:52:53 INFO >> Moved power spectra to shared memory.
Aug 25 02:52:53 INFO >> Number of dm trials in single multi processing job: 10
Aug 25 02:53:42 INFO >> Total number of detections=15611
Aug 25 02:53:42 INFO >> Clustering the detections
Aug 25 02:53:42 INFO >> Starting clustering
Aug 25 02:53:42 INFO >> Rogue harmonic power filter reduced detections from 15611 to 8553
Aug 25 02:53:42 INFO >> Filtering out duplicate freq,dm detections at multiple nharms removes 789 detections
Aug 25 02:53:42 INFO >> Duplicate freq,dm filter reduced detections to 7764
Aug 25 02:53:42 INFO >> Number of detections over threshold sigma (6.0): 7764
Aug 25 02:53:42 INFO >> Grouping duplicate frequencies together first
Aug 25 02:53:42 INFO >> Grouping duplicate frequencies removed 7235 detections from the harmonic metric computation
Aug 25 02:53:42 INFO >> Starting freq-DM distance metric computation
Aug 25 02:53:42 INFO >> Finished freq-DM distance metric computation
Aug 25 02:53:42 INFO >> Largest group size for metric computation is 97
Aug 25 02:53:42 INFO >> Starting harmonic distance metric computation
Aug 25 02:53:43 INFO >> Finished harmonic distance metric computation
Aug 25 02:53:43 INFO >> Starting DBSCAN
Aug 25 02:53:43 INFO >> Finished DBSCAN
Aug 25 02:53:43 INFO >> Clusters found: 76
Aug 25 02:53:43 INFO >> Filtered 32 clusters below or equal 2 DM.
Aug 25 02:53:43 INFO >> Total number of candidate clusters=1
Aug 25 02:53:43 INFO >> Candidate Processor of stack (315.95 49.23)
Aug 25 02:53:43 INFO >> Making SinglePointingCandidates from a list of 1 PowerSpectraDetectionClusters
Aug 25 02:53:46 INFO >> saved candidates to ./results//injections/315.95_49.23_cumulative_power_spectra_stack_20220627_11_freq_dm_57.yml_(27,)_candidates.npz
Aug 25 02:53:46 INFO >> Injected Pulsars:     1
Aug 25 02:53:46 INFO >> Injection Candidates: 1
Aug 25 02:53:46 INFO >> Recovered Injections: 1
Aug 25 02:53:46 INFO >> 1 candidates.
Aug 25 02:53:46 INFO >> Best candidate: F0: 22.623 DM: 57.38 Sigma: 10.01
Aug 25 02:53:47 INFO >> Unlinked shared memory for cumulative stack.
Aug 25 02:53:47 INFO >> Pipeline execution time: 1.80 minutes
