Aug 25 04:13:53 INFO >> {"message": "Waiting for suitable server to become available", "selector": "Primary()", "operation": "find", "topologyDescription": "<TopologyDescription id: 66caaf81eff0a6f1acf9788c, topology_type: Unknown, servers: [<ServerDescription ('localhost', 27017) server_type: Unknown, rtt: None>]>", "clientId": {"$oid": "66caaf81eff0a6f1acf9788c"}, "remainingTimeMS": 29}
Aug 25 04:13:53 INFO >> Features initialized as the following:
Aug 25 04:13:53 INFO >> num_unique_dms
Aug 25 04:13:53 INFO >> num_unique_freqs
Aug 25 04:13:53 INFO >> ndetections
Aug 25 04:13:53 INFO >> nharm
Aug 25 04:13:53 INFO >> log_p_dm
Aug 25 04:13:53 INFO >> ['dm_sigma_FitGaussWidth_gauss_sigma', 'dm_sigma_FitGaussWidth_gauss_sigma_rel_err', 'dm_sigma_FitGaussWidth_ndof', 'dm_sigma_FitGaussWidth_rms_err']
Aug 25 04:13:53 INFO >> ['dm_sigma_FitGauss_amplitude', 'dm_sigma_FitGauss_mu', 'dm_sigma_FitGauss_gauss_sigma', 'dm_sigma_FitGauss_amplitude_rel_err', 'dm_sigma_FitGauss_mu_rel_err', 'dm_sigma_FitGauss_gauss_sigma_rel_err', 'dm_sigma_FitGauss_amplitude-detection', 'dm_sigma_FitGauss_mu-detection', 'dm_sigma_FitGauss_ndof', 'dm_sigma_FitGauss_rms_err']
Aug 25 04:13:53 INFO >> ['freq_sigma_FitGaussWidth_gauss_sigma', 'freq_sigma_FitGaussWidth_gauss_sigma_rel_err', 'freq_sigma_FitGaussWidth_ndof', 'freq_sigma_FitGaussWidth_rms_err']
Aug 25 04:13:53 INFO >> ['freq_sigma_FitGauss_amplitude', 'freq_sigma_FitGauss_mu', 'freq_sigma_FitGauss_gauss_sigma', 'freq_sigma_FitGauss_amplitude_rel_err', 'freq_sigma_FitGauss_mu_rel_err', 'freq_sigma_FitGauss_gauss_sigma_rel_err', 'freq_sigma_FitGauss_amplitude-detection', 'freq_sigma_FitGauss_mu-detection', 'freq_sigma_FitGauss_ndof', 'freq_sigma_FitGauss_rms_err']
Aug 25 04:13:53 INFO >> Performing searching on cumulative stack 315.95 49.23
Aug 25 04:13:53 INFO >> Loading the cumulative power spectra stack to search
Aug 25 04:14:23 INFO >> DM: 57.3817479147
Aug 25 04:14:23 INFO >> sigma: 11.28372911
Aug 25 04:14:23 INFO >> frequency: 90.90459966957954
Aug 25 04:14:23 INFO >> Injecting 5 harmonics.
Aug 25 04:14:23 INFO >> Starting DM: 56.2660508075677
Aug 25 04:14:23 INFO >> Stopping DM: 58.4924053359247
Aug 25 04:14:24 INFO >> Expected detection at 9.55 sigma with 4 harmonics.
Aug 25 04:14:36 INFO >> Start searching 6558 dm trials using 32 harmonics.
Aug 25 04:14:45 INFO >> Moved power spectra to shared memory.
Aug 25 04:14:45 INFO >> Number of dm trials in single multi processing job: 10
Aug 25 04:15:34 INFO >> Total number of detections=15596
Aug 25 04:15:34 INFO >> Clustering the detections
Aug 25 04:15:34 INFO >> Starting clustering
Aug 25 04:15:34 INFO >> Rogue harmonic power filter reduced detections from 15596 to 8537
Aug 25 04:15:34 INFO >> Filtering out duplicate freq,dm detections at multiple nharms removes 791 detections
Aug 25 04:15:34 INFO >> Duplicate freq,dm filter reduced detections to 7746
Aug 25 04:15:34 INFO >> Number of detections over threshold sigma (6.0): 7746
Aug 25 04:15:34 INFO >> Grouping duplicate frequencies together first
Aug 25 04:15:34 INFO >> Grouping duplicate frequencies removed 7218 detections from the harmonic metric computation
Aug 25 04:15:34 INFO >> Starting freq-DM distance metric computation
Aug 25 04:15:35 INFO >> Finished freq-DM distance metric computation
Aug 25 04:15:35 INFO >> Largest group size for metric computation is 97
Aug 25 04:15:35 INFO >> Starting harmonic distance metric computation
Aug 25 04:15:36 INFO >> Finished harmonic distance metric computation
Aug 25 04:15:36 INFO >> Starting DBSCAN
Aug 25 04:15:36 INFO >> Finished DBSCAN
Aug 25 04:15:36 INFO >> Clusters found: 76
Aug 25 04:15:36 INFO >> Filtered 32 clusters below or equal 2 DM.
Aug 25 04:15:36 INFO >> Total number of candidate clusters=1
Aug 25 04:15:36 INFO >> Candidate Processor of stack (315.95 49.23)
Aug 25 04:15:36 INFO >> Making SinglePointingCandidates from a list of 1 PowerSpectraDetectionClusters
Aug 25 04:15:38 INFO >> saved candidates to ./results//injections/315.95_49.23_cumulative_power_spectra_stack_20220627_11_freq_dm_57.yml_(73,)_candidates.npz
Aug 25 04:15:38 INFO >> Injected Pulsars:     1
Aug 25 04:15:38 INFO >> Injection Candidates: 1
Aug 25 04:15:38 INFO >> Recovered Injections: 1
Aug 25 04:15:38 INFO >> 1 candidates.
Aug 25 04:15:38 INFO >> Best candidate: F0: 90.905 DM: 57.38 Sigma: 9.88
Aug 25 04:15:39 INFO >> Unlinked shared memory for cumulative stack.
Aug 25 04:15:39 INFO >> Pipeline execution time: 1.78 minutes
