Aug 25 02:32:05 INFO >> {"message": "Waiting for suitable server to become available", "selector": "Primary()", "operation": "find", "topologyDescription": "<TopologyDescription id: 66ca97a5ae40c0977df57188, topology_type: Unknown, servers: [<ServerDescription ('localhost', 27017) server_type: Unknown, rtt: None>]>", "clientId": {"$oid": "66ca97a5ae40c0977df57188"}, "remainingTimeMS": 29}
Aug 25 02:32:05 INFO >> Features initialized as the following:
Aug 25 02:32:05 INFO >> num_unique_dms
Aug 25 02:32:05 INFO >> num_unique_freqs
Aug 25 02:32:05 INFO >> ndetections
Aug 25 02:32:05 INFO >> nharm
Aug 25 02:32:05 INFO >> log_p_dm
Aug 25 02:32:05 INFO >> ['dm_sigma_FitGaussWidth_gauss_sigma', 'dm_sigma_FitGaussWidth_gauss_sigma_rel_err', 'dm_sigma_FitGaussWidth_ndof', 'dm_sigma_FitGaussWidth_rms_err']
Aug 25 02:32:05 INFO >> ['dm_sigma_FitGauss_amplitude', 'dm_sigma_FitGauss_mu', 'dm_sigma_FitGauss_gauss_sigma', 'dm_sigma_FitGauss_amplitude_rel_err', 'dm_sigma_FitGauss_mu_rel_err', 'dm_sigma_FitGauss_gauss_sigma_rel_err', 'dm_sigma_FitGauss_amplitude-detection', 'dm_sigma_FitGauss_mu-detection', 'dm_sigma_FitGauss_ndof', 'dm_sigma_FitGauss_rms_err']
Aug 25 02:32:05 INFO >> ['freq_sigma_FitGaussWidth_gauss_sigma', 'freq_sigma_FitGaussWidth_gauss_sigma_rel_err', 'freq_sigma_FitGaussWidth_ndof', 'freq_sigma_FitGaussWidth_rms_err']
Aug 25 02:32:05 INFO >> ['freq_sigma_FitGauss_amplitude', 'freq_sigma_FitGauss_mu', 'freq_sigma_FitGauss_gauss_sigma', 'freq_sigma_FitGauss_amplitude_rel_err', 'freq_sigma_FitGauss_mu_rel_err', 'freq_sigma_FitGauss_gauss_sigma_rel_err', 'freq_sigma_FitGauss_amplitude-detection', 'freq_sigma_FitGauss_mu-detection', 'freq_sigma_FitGauss_ndof', 'freq_sigma_FitGauss_rms_err']
Aug 25 02:32:05 INFO >> Performing searching on cumulative stack 315.95 49.23
Aug 25 02:32:05 INFO >> Loading the cumulative power spectra stack to search
Aug 25 02:32:36 INFO >> DM: 57.3817479147
Aug 25 02:32:36 INFO >> sigma: 11.28372911
Aug 25 02:32:36 INFO >> frequency: 16.221873488805336
Aug 25 02:32:36 INFO >> Injecting 31 harmonics.
Aug 25 02:32:36 INFO >> Starting DM: 51.00375828599662
Aug 25 02:32:36 INFO >> Stopping DM: 63.75469785749578
Aug 25 02:32:36 INFO >> Expected detection at 10.31 sigma with 8 harmonics.
Aug 25 02:32:49 INFO >> Start searching 6558 dm trials using 32 harmonics.
Aug 25 02:32:56 INFO >> Moved power spectra to shared memory.
Aug 25 02:32:56 INFO >> Number of dm trials in single multi processing job: 10
Aug 25 02:33:46 INFO >> Total number of detections=15652
Aug 25 02:33:46 INFO >> Clustering the detections
Aug 25 02:33:46 INFO >> Starting clustering
Aug 25 02:33:46 INFO >> Rogue harmonic power filter reduced detections from 15652 to 8594
Aug 25 02:33:46 INFO >> Filtering out duplicate freq,dm detections at multiple nharms removes 798 detections
Aug 25 02:33:46 INFO >> Duplicate freq,dm filter reduced detections to 7796
Aug 25 02:33:46 INFO >> Number of detections over threshold sigma (6.0): 7796
Aug 25 02:33:46 INFO >> Grouping duplicate frequencies together first
Aug 25 02:33:46 INFO >> Grouping duplicate frequencies removed 7264 detections from the harmonic metric computation
Aug 25 02:33:46 INFO >> Starting freq-DM distance metric computation
Aug 25 02:33:47 INFO >> Finished freq-DM distance metric computation
Aug 25 02:33:47 INFO >> Largest group size for metric computation is 97
Aug 25 02:33:47 INFO >> Starting harmonic distance metric computation
Aug 25 02:33:48 INFO >> Finished harmonic distance metric computation
Aug 25 02:33:48 INFO >> Starting DBSCAN
Aug 25 02:33:48 INFO >> Finished DBSCAN
Aug 25 02:33:48 INFO >> Clusters found: 76
Aug 25 02:33:48 INFO >> Filtered 32 clusters below or equal 2 DM.
Aug 25 02:33:48 INFO >> Total number of candidate clusters=1
Aug 25 02:33:48 INFO >> Candidate Processor of stack (315.95 49.23)
Aug 25 02:33:48 INFO >> Making SinglePointingCandidates from a list of 1 PowerSpectraDetectionClusters
Aug 25 02:33:50 INFO >> saved candidates to ./results//injections/315.95_49.23_cumulative_power_spectra_stack_20220627_11_freq_dm_57.yml_(16,)_candidates.npz
Aug 25 02:33:50 INFO >> Injected Pulsars:     1
Aug 25 02:33:50 INFO >> Injection Candidates: 1
Aug 25 02:33:50 INFO >> Recovered Injections: 1
Aug 25 02:33:50 INFO >> 1 candidates.
Aug 25 02:33:50 INFO >> Best candidate: F0: 16.222 DM: 57.48 Sigma: 10.66
Aug 25 02:33:52 INFO >> Unlinked shared memory for cumulative stack.
Aug 25 02:33:52 INFO >> Pipeline execution time: 1.78 minutes
