Aug 23 13:51:42 INFO >> {"message": "Waiting for suitable server to become available", "selector": "Primary()", "operation": "find", "topologyDescription": "<TopologyDescription id: 66c893ee1eac7a1935bfba61, topology_type: Unknown, servers: [<ServerDescription ('localhost', 27017) server_type: Unknown, rtt: None>]>", "clientId": {"$oid": "66c893ee1eac7a1935bfba61"}, "remainingTimeMS": 29}
Aug 23 13:51:42 INFO >> Features initialized as the following:
Aug 23 13:51:42 INFO >> num_unique_dms
Aug 23 13:51:42 INFO >> num_unique_freqs
Aug 23 13:51:42 INFO >> ndetections
Aug 23 13:51:42 INFO >> nharm
Aug 23 13:51:42 INFO >> log_p_dm
Aug 23 13:51:42 INFO >> ['dm_sigma_FitGaussWidth_gauss_sigma', 'dm_sigma_FitGaussWidth_gauss_sigma_rel_err', 'dm_sigma_FitGaussWidth_ndof', 'dm_sigma_FitGaussWidth_rms_err']
Aug 23 13:51:42 INFO >> ['dm_sigma_FitGauss_amplitude', 'dm_sigma_FitGauss_mu', 'dm_sigma_FitGauss_gauss_sigma', 'dm_sigma_FitGauss_amplitude_rel_err', 'dm_sigma_FitGauss_mu_rel_err', 'dm_sigma_FitGauss_gauss_sigma_rel_err', 'dm_sigma_FitGauss_amplitude-detection', 'dm_sigma_FitGauss_mu-detection', 'dm_sigma_FitGauss_ndof', 'dm_sigma_FitGauss_rms_err']
Aug 23 13:51:42 INFO >> ['freq_sigma_FitGaussWidth_gauss_sigma', 'freq_sigma_FitGaussWidth_gauss_sigma_rel_err', 'freq_sigma_FitGaussWidth_ndof', 'freq_sigma_FitGaussWidth_rms_err']
Aug 23 13:51:42 INFO >> ['freq_sigma_FitGauss_amplitude', 'freq_sigma_FitGauss_mu', 'freq_sigma_FitGauss_gauss_sigma', 'freq_sigma_FitGauss_amplitude_rel_err', 'freq_sigma_FitGauss_mu_rel_err', 'freq_sigma_FitGauss_gauss_sigma_rel_err', 'freq_sigma_FitGauss_amplitude-detection', 'freq_sigma_FitGauss_mu-detection', 'freq_sigma_FitGauss_ndof', 'freq_sigma_FitGauss_rms_err']
Aug 23 13:51:42 INFO >> Performing searching on cumulative stack 315.95 49.23
Aug 23 13:51:42 INFO >> Loading the cumulative power spectra stack to search
Aug 23 13:52:19 INFO >> DM: 107.3817479147
Aug 23 13:52:19 INFO >> sigma: 11.28372911
Aug 23 13:52:19 INFO >> frequency: 10.0
Aug 23 13:52:19 INFO >> Injecting 50 harmonics.
Aug 23 13:52:19 INFO >> Starting DM: 97.04881784974357
Aug 23 13:52:19 INFO >> Stopping DM: 117.69319620359934
Aug 23 13:52:19 INFO >> Expected detection at 10.99 sigma with 4 harmonics.
Aug 23 13:52:24 INFO >> Start searching 6558 dm trials using 32 harmonics.
Aug 23 13:52:24 INFO >> Number of dm trials in single multi processing job: 10
Aug 23 13:53:11 INFO >> Total number of detections=15984
Aug 23 13:53:11 INFO >> Clustering the detections
Aug 23 13:53:11 INFO >> Starting clustering
Aug 23 13:53:11 INFO >> Rogue harmonic power filter reduced detections from 15984 to 8926
Aug 23 13:53:11 INFO >> Filtering out duplicate freq,dm detections at multiple nharms removes 971 detections
Aug 23 13:53:11 INFO >> Duplicate freq,dm filter reduced detections to 7955
Aug 23 13:53:11 INFO >> Number of detections over threshold sigma (6.0): 7955
Aug 23 13:53:11 INFO >> Grouping duplicate frequencies together first
Aug 23 13:53:11 INFO >> Grouping duplicate frequencies removed 7406 detections from the harmonic metric computation
Aug 23 13:53:11 INFO >> Starting freq-DM distance metric computation
Aug 23 13:53:11 INFO >> Finished freq-DM distance metric computation
Aug 23 13:53:12 INFO >> Largest group size for metric computation is 97
Aug 23 13:53:12 INFO >> Starting harmonic distance metric computation
Aug 23 13:53:12 INFO >> Finished harmonic distance metric computation
Aug 23 13:53:12 INFO >> Starting DBSCAN
Aug 23 13:53:13 INFO >> Finished DBSCAN
Aug 23 13:53:13 INFO >> Clusters found: 76
Aug 23 13:53:13 ERROR >> Exception hook activated. Will try to log error to process db.
Aug 23 13:53:13 INFO >> Pipeline execution time: 1.52 minutes
