Aug 23 13:54:52 INFO >> {"message": "Waiting for suitable server to become available", "selector": "Primary()", "operation": "find", "topologyDescription": "<TopologyDescription id: 66c894acdd94034318c1e3ca, topology_type: Unknown, servers: [<ServerDescription ('localhost', 27017) server_type: Unknown, rtt: None>]>", "clientId": {"$oid": "66c894acdd94034318c1e3ca"}, "remainingTimeMS": 29}
Aug 23 13:54:52 INFO >> Features initialized as the following:
Aug 23 13:54:52 INFO >> num_unique_dms
Aug 23 13:54:52 INFO >> num_unique_freqs
Aug 23 13:54:52 INFO >> ndetections
Aug 23 13:54:52 INFO >> nharm
Aug 23 13:54:52 INFO >> log_p_dm
Aug 23 13:54:52 INFO >> ['dm_sigma_FitGaussWidth_gauss_sigma', 'dm_sigma_FitGaussWidth_gauss_sigma_rel_err', 'dm_sigma_FitGaussWidth_ndof', 'dm_sigma_FitGaussWidth_rms_err']
Aug 23 13:54:52 INFO >> ['dm_sigma_FitGauss_amplitude', 'dm_sigma_FitGauss_mu', 'dm_sigma_FitGauss_gauss_sigma', 'dm_sigma_FitGauss_amplitude_rel_err', 'dm_sigma_FitGauss_mu_rel_err', 'dm_sigma_FitGauss_gauss_sigma_rel_err', 'dm_sigma_FitGauss_amplitude-detection', 'dm_sigma_FitGauss_mu-detection', 'dm_sigma_FitGauss_ndof', 'dm_sigma_FitGauss_rms_err']
Aug 23 13:54:52 INFO >> ['freq_sigma_FitGaussWidth_gauss_sigma', 'freq_sigma_FitGaussWidth_gauss_sigma_rel_err', 'freq_sigma_FitGaussWidth_ndof', 'freq_sigma_FitGaussWidth_rms_err']
Aug 23 13:54:52 INFO >> ['freq_sigma_FitGauss_amplitude', 'freq_sigma_FitGauss_mu', 'freq_sigma_FitGauss_gauss_sigma', 'freq_sigma_FitGauss_amplitude_rel_err', 'freq_sigma_FitGauss_mu_rel_err', 'freq_sigma_FitGauss_gauss_sigma_rel_err', 'freq_sigma_FitGauss_amplitude-detection', 'freq_sigma_FitGauss_mu-detection', 'freq_sigma_FitGauss_ndof', 'freq_sigma_FitGauss_rms_err']
Aug 23 13:54:53 INFO >> Performing searching on cumulative stack 315.95 49.23
Aug 23 13:54:53 INFO >> Loading the cumulative power spectra stack to search
Aug 23 13:55:30 INFO >> DM: 107.3817479147
Aug 23 13:55:30 INFO >> sigma: 11.28372911
Aug 23 13:55:30 INFO >> frequency: 12.736511880733019
Aug 23 13:55:30 INFO >> Injecting 39 harmonics.
Aug 23 13:55:30 INFO >> Starting DM: 99.27517237810056
Aug 23 13:55:30 INFO >> Stopping DM: 115.46684167524235
Aug 23 13:55:30 INFO >> Expected detection at 9.47 sigma with 8 harmonics.
Aug 23 13:55:35 INFO >> Start searching 6558 dm trials using 32 harmonics.
Aug 23 13:55:35 INFO >> Number of dm trials in single multi processing job: 10
Aug 23 13:56:22 INFO >> Total number of detections=15648
Aug 23 13:56:22 INFO >> Clustering the detections
Aug 23 13:56:22 INFO >> Starting clustering
Aug 23 13:56:22 INFO >> Rogue harmonic power filter reduced detections from 15648 to 8590
Aug 23 13:56:22 INFO >> Filtering out duplicate freq,dm detections at multiple nharms removes 803 detections
Aug 23 13:56:22 INFO >> Duplicate freq,dm filter reduced detections to 7787
Aug 23 13:56:22 INFO >> Number of detections over threshold sigma (6.0): 7787
Aug 23 13:56:22 INFO >> Grouping duplicate frequencies together first
Aug 23 13:56:22 INFO >> Grouping duplicate frequencies removed 7257 detections from the harmonic metric computation
Aug 23 13:56:22 INFO >> Starting freq-DM distance metric computation
Aug 23 13:56:23 INFO >> Finished freq-DM distance metric computation
Aug 23 13:56:23 INFO >> Largest group size for metric computation is 97
Aug 23 13:56:23 INFO >> Starting harmonic distance metric computation
Aug 23 13:56:24 INFO >> Finished harmonic distance metric computation
Aug 23 13:56:24 INFO >> Starting DBSCAN
Aug 23 13:56:24 INFO >> Finished DBSCAN
Aug 23 13:56:24 INFO >> Clusters found: 76
Aug 23 13:56:24 ERROR >> Exception hook activated. Will try to log error to process db.
Aug 23 13:56:24 INFO >> Pipeline execution time: 1.53 minutes
