Aug 14 16:30:35 INFO >> {"message": "Waiting for suitable server to become available", "selector": "Primary()", "operation": "find", "topologyDescription": "<TopologyDescription id: 66bcdbab0cf4772391d6c805, topology_type: Unknown, servers: [<ServerDescription ('localhost', 27017) server_type: Unknown, rtt: None>]>", "clientId": {"$oid": "66bcdbab0cf4772391d6c805"}, "remainingTimeMS": 29}
Aug 14 16:30:35 INFO >> Features initialized as the following:
Aug 14 16:30:35 INFO >> num_unique_dms
Aug 14 16:30:35 INFO >> num_unique_freqs
Aug 14 16:30:35 INFO >> ndetections
Aug 14 16:30:35 INFO >> nharm
Aug 14 16:30:35 INFO >> log_p_dm
Aug 14 16:30:35 INFO >> ['dm_sigma_FitGaussWidth_gauss_sigma', 'dm_sigma_FitGaussWidth_gauss_sigma_rel_err', 'dm_sigma_FitGaussWidth_ndof', 'dm_sigma_FitGaussWidth_rms_err']
Aug 14 16:30:35 INFO >> ['dm_sigma_FitGauss_amplitude', 'dm_sigma_FitGauss_mu', 'dm_sigma_FitGauss_gauss_sigma', 'dm_sigma_FitGauss_amplitude_rel_err', 'dm_sigma_FitGauss_mu_rel_err', 'dm_sigma_FitGauss_gauss_sigma_rel_err', 'dm_sigma_FitGauss_amplitude-detection', 'dm_sigma_FitGauss_mu-detection', 'dm_sigma_FitGauss_ndof', 'dm_sigma_FitGauss_rms_err']
Aug 14 16:30:35 INFO >> ['freq_sigma_FitGaussWidth_gauss_sigma', 'freq_sigma_FitGaussWidth_gauss_sigma_rel_err', 'freq_sigma_FitGaussWidth_ndof', 'freq_sigma_FitGaussWidth_rms_err']
Aug 14 16:30:35 INFO >> ['freq_sigma_FitGauss_amplitude', 'freq_sigma_FitGauss_mu', 'freq_sigma_FitGauss_gauss_sigma', 'freq_sigma_FitGauss_amplitude_rel_err', 'freq_sigma_FitGauss_mu_rel_err', 'freq_sigma_FitGauss_gauss_sigma_rel_err', 'freq_sigma_FitGauss_amplitude-detection', 'freq_sigma_FitGauss_mu-detection', 'freq_sigma_FitGauss_ndof', 'freq_sigma_FitGauss_rms_err']
Aug 14 16:30:36 INFO >> Performing searching on cumulative stack 315.95 49.23
Aug 14 16:30:36 INFO >> Loading the cumulative power spectra stack to search
Aug 14 16:31:07 INFO >> DM: 107.3817479147
Aug 14 16:31:07 INFO >> sigma: 13.777777777777779
Aug 14 16:31:07 INFO >> frequency: 8.138748235982394
Aug 14 16:31:07 INFO >> power pre subtraction = 475.3685408738118
Aug 14 16:31:07 INFO >> Nsignif = 19
Aug 14 16:31:07 INFO >> ndays = 11
Aug 14 16:31:07 INFO >> power after subtraction = 266.3685408738118
Aug 14 16:31:07 INFO >> sum of scaled_fft = 264.11361604474104
Aug 14 16:31:07 INFO >> Injecting 62 harmonics.
Aug 14 16:31:07 INFO >> Starting DM: 94.72126538827945
Aug 14 16:31:07 INFO >> Stopping DM: 120.02074866506348
Aug 14 16:31:12 INFO >> Start searching 6558 dm trials using 32 harmonics.
Aug 14 16:31:12 INFO >> Number of dm trials in single multi processing job: 10
Aug 14 16:31:58 INFO >> Total number of detections=16612
Aug 14 16:31:58 INFO >> Clustering the detections
Aug 14 16:31:58 INFO >> Starting clustering
Aug 14 16:31:59 INFO >> Rogue harmonic power filter reduced detections from 16612 to 9448
Aug 14 16:31:59 INFO >> Filtering out duplicate freq,dm detections at multiple nharms removes 1030 detections
Aug 14 16:31:59 INFO >> Duplicate freq,dm filter reduced detections to 8418
Aug 14 16:31:59 INFO >> Number of detections over threshold sigma (6.0): 8418
Aug 14 16:31:59 INFO >> Grouping duplicate frequencies together first
Aug 14 16:31:59 INFO >> Grouping duplicate frequencies removed 7860 detections from the harmonic metric computation
Aug 14 16:31:59 INFO >> Starting freq-DM distance metric computation
Aug 14 16:31:59 INFO >> Finished freq-DM distance metric computation
Aug 14 16:32:00 INFO >> Largest group size for metric computation is 97
Aug 14 16:32:00 INFO >> Starting harmonic distance metric computation
Aug 14 16:32:00 INFO >> Finished harmonic distance metric computation
Aug 14 16:32:00 INFO >> Starting DBSCAN
Aug 14 16:32:00 INFO >> Finished DBSCAN
Aug 14 16:32:00 INFO >> Clusters found: 76
Aug 14 16:32:01 INFO >> Filtered 32 clusters below or equal 2 DM.
Aug 14 16:32:01 INFO >> Total number of candidate clusters=1
Aug 14 16:32:01 INFO >> Candidate Processor of stack (315.95 49.23)
Aug 14 16:32:01 INFO >> Making SinglePointingCandidates from a list of 1 PowerSpectraDetectionClusters
Aug 14 16:32:03 INFO >> saved candidates to ./results//candidates_cumul/315.95_49.23_cumulative_power_spectra_stack_20220627_11_candidates.npz
Aug 14 16:32:03 INFO >> 1 candidates.
Aug 14 16:32:04 INFO >> Unlinked shared memory for cumulative stack.
Aug 14 16:32:04 INFO >> Pipeline execution time: 1.48 minutes
