Aug 14 14:24:48 INFO >> {"message": "Waiting for suitable server to become available", "selector": "Primary()", "operation": "find", "topologyDescription": "<TopologyDescription id: 66bcbe302a65e0c1176e03c9, topology_type: Unknown, servers: [<ServerDescription ('localhost', 27017) server_type: Unknown, rtt: None>]>", "clientId": {"$oid": "66bcbe302a65e0c1176e03c9"}, "remainingTimeMS": 29}
Aug 14 14:24:49 INFO >> Features initialized as the following:
Aug 14 14:24:49 INFO >> num_unique_dms
Aug 14 14:24:49 INFO >> num_unique_freqs
Aug 14 14:24:49 INFO >> ndetections
Aug 14 14:24:49 INFO >> nharm
Aug 14 14:24:49 INFO >> log_p_dm
Aug 14 14:24:49 INFO >> ['dm_sigma_FitGaussWidth_gauss_sigma', 'dm_sigma_FitGaussWidth_gauss_sigma_rel_err', 'dm_sigma_FitGaussWidth_ndof', 'dm_sigma_FitGaussWidth_rms_err']
Aug 14 14:24:49 INFO >> ['dm_sigma_FitGauss_amplitude', 'dm_sigma_FitGauss_mu', 'dm_sigma_FitGauss_gauss_sigma', 'dm_sigma_FitGauss_amplitude_rel_err', 'dm_sigma_FitGauss_mu_rel_err', 'dm_sigma_FitGauss_gauss_sigma_rel_err', 'dm_sigma_FitGauss_amplitude-detection', 'dm_sigma_FitGauss_mu-detection', 'dm_sigma_FitGauss_ndof', 'dm_sigma_FitGauss_rms_err']
Aug 14 14:24:49 INFO >> ['freq_sigma_FitGaussWidth_gauss_sigma', 'freq_sigma_FitGaussWidth_gauss_sigma_rel_err', 'freq_sigma_FitGaussWidth_ndof', 'freq_sigma_FitGaussWidth_rms_err']
Aug 14 14:24:49 INFO >> ['freq_sigma_FitGauss_amplitude', 'freq_sigma_FitGauss_mu', 'freq_sigma_FitGauss_gauss_sigma', 'freq_sigma_FitGauss_amplitude_rel_err', 'freq_sigma_FitGauss_mu_rel_err', 'freq_sigma_FitGauss_gauss_sigma_rel_err', 'freq_sigma_FitGauss_amplitude-detection', 'freq_sigma_FitGauss_mu-detection', 'freq_sigma_FitGauss_ndof', 'freq_sigma_FitGauss_rms_err']
Aug 14 14:24:49 INFO >> Performing searching on cumulative stack 315.95 49.23
Aug 14 14:24:49 INFO >> Loading the cumulative power spectra stack to search
Aug 14 14:25:20 INFO >> DM: 107.3817479147
Aug 14 14:25:20 INFO >> sigma: 16.0
Aug 14 14:25:20 INFO >> frequency: 8.138748235982394
Aug 14 14:25:20 INFO >> power pre subtraction = 531.8903377061689
Aug 14 14:25:20 INFO >> Nsignif = 19
Aug 14 14:25:20 INFO >> ndays = 11
Aug 14 14:25:20 INFO >> power after subtraction = 531.8903377061689
Aug 14 14:25:20 INFO >> sum of scaled_fft = 527.3876561023203
Aug 14 14:25:20 INFO >> Injecting 62 harmonics.
Aug 14 14:25:20 INFO >> Starting DM: 94.72126538827945
Aug 14 14:25:20 INFO >> Stopping DM: 120.02074866506348
Aug 14 14:25:25 INFO >> Start searching 6558 dm trials using 32 harmonics.
Aug 14 14:25:25 INFO >> Number of dm trials in single multi processing job: 10
Aug 14 14:26:11 INFO >> Total number of detections=16314
Aug 14 14:26:11 INFO >> Clustering the detections
Aug 14 14:26:11 INFO >> Starting clustering
Aug 14 14:26:11 INFO >> Rogue harmonic power filter reduced detections from 16314 to 9146
Aug 14 14:26:11 INFO >> Filtering out duplicate freq,dm detections at multiple nharms removes 900 detections
Aug 14 14:26:11 INFO >> Duplicate freq,dm filter reduced detections to 8246
Aug 14 14:26:11 INFO >> Number of detections over threshold sigma (6.0): 8246
Aug 14 14:26:12 INFO >> Grouping duplicate frequencies together first
Aug 14 14:26:12 INFO >> Grouping duplicate frequencies removed 7701 detections from the harmonic metric computation
Aug 14 14:26:12 INFO >> Starting freq-DM distance metric computation
Aug 14 14:26:12 INFO >> Finished freq-DM distance metric computation
Aug 14 14:26:12 INFO >> Largest group size for metric computation is 97
Aug 14 14:26:12 INFO >> Starting harmonic distance metric computation
Aug 14 14:26:13 INFO >> Finished harmonic distance metric computation
Aug 14 14:26:13 INFO >> Starting DBSCAN
Aug 14 14:26:13 INFO >> Finished DBSCAN
Aug 14 14:26:13 INFO >> Clusters found: 76
Aug 14 14:26:13 INFO >> Filtered 32 clusters below or equal 2 DM.
Aug 14 14:26:13 INFO >> Total number of candidate clusters=1
Aug 14 14:26:13 INFO >> Candidate Processor of stack (315.95 49.23)
Aug 14 14:26:13 INFO >> Making SinglePointingCandidates from a list of 1 PowerSpectraDetectionClusters
Aug 14 14:26:16 INFO >> saved candidates to ./results//candidates_cumul/315.95_49.23_cumulative_power_spectra_stack_20220627_11_candidates.npz
Aug 14 14:26:16 INFO >> 1 candidates.
Aug 14 14:26:17 INFO >> Unlinked shared memory for cumulative stack.
Aug 14 14:26:17 INFO >> Pipeline execution time: 1.48 minutes
