Aug 14 16:33:38 INFO >> {"message": "Waiting for suitable server to become available", "selector": "Primary()", "operation": "find", "topologyDescription": "<TopologyDescription id: 66bcdc62db8f8e69b377f2af, topology_type: Unknown, servers: [<ServerDescription ('localhost', 27017) server_type: Unknown, rtt: None>]>", "clientId": {"$oid": "66bcdc62db8f8e69b377f2af"}, "remainingTimeMS": 29}
Aug 14 16:33:38 INFO >> Features initialized as the following:
Aug 14 16:33:38 INFO >> num_unique_dms
Aug 14 16:33:38 INFO >> num_unique_freqs
Aug 14 16:33:38 INFO >> ndetections
Aug 14 16:33:38 INFO >> nharm
Aug 14 16:33:38 INFO >> log_p_dm
Aug 14 16:33:38 INFO >> ['dm_sigma_FitGaussWidth_gauss_sigma', 'dm_sigma_FitGaussWidth_gauss_sigma_rel_err', 'dm_sigma_FitGaussWidth_ndof', 'dm_sigma_FitGaussWidth_rms_err']
Aug 14 16:33:38 INFO >> ['dm_sigma_FitGauss_amplitude', 'dm_sigma_FitGauss_mu', 'dm_sigma_FitGauss_gauss_sigma', 'dm_sigma_FitGauss_amplitude_rel_err', 'dm_sigma_FitGauss_mu_rel_err', 'dm_sigma_FitGauss_gauss_sigma_rel_err', 'dm_sigma_FitGauss_amplitude-detection', 'dm_sigma_FitGauss_mu-detection', 'dm_sigma_FitGauss_ndof', 'dm_sigma_FitGauss_rms_err']
Aug 14 16:33:38 INFO >> ['freq_sigma_FitGaussWidth_gauss_sigma', 'freq_sigma_FitGaussWidth_gauss_sigma_rel_err', 'freq_sigma_FitGaussWidth_ndof', 'freq_sigma_FitGaussWidth_rms_err']
Aug 14 16:33:38 INFO >> ['freq_sigma_FitGauss_amplitude', 'freq_sigma_FitGauss_mu', 'freq_sigma_FitGauss_gauss_sigma', 'freq_sigma_FitGauss_amplitude_rel_err', 'freq_sigma_FitGauss_mu_rel_err', 'freq_sigma_FitGauss_gauss_sigma_rel_err', 'freq_sigma_FitGauss_amplitude-detection', 'freq_sigma_FitGauss_mu-detection', 'freq_sigma_FitGauss_ndof', 'freq_sigma_FitGauss_rms_err']
Aug 14 16:33:39 INFO >> Performing searching on cumulative stack 315.95 49.23
Aug 14 16:33:39 INFO >> Loading the cumulative power spectra stack to search
Aug 14 16:34:09 INFO >> DM: 107.3817479147
Aug 14 16:34:09 INFO >> sigma: 14.88888888888889
Aug 14 16:34:09 INFO >> frequency: 8.138748235982394
Aug 14 16:34:09 INFO >> power pre subtraction = 503.13725341491397
Aug 14 16:34:09 INFO >> Nsignif = 19
Aug 14 16:34:09 INFO >> ndays = 11
Aug 14 16:34:09 INFO >> power after subtraction = 294.13725341491397
Aug 14 16:34:09 INFO >> sum of scaled_fft = 291.6472544319102
Aug 14 16:34:09 INFO >> Injecting 62 harmonics.
Aug 14 16:34:09 INFO >> Starting DM: 94.72126538827945
Aug 14 16:34:09 INFO >> Stopping DM: 120.02074866506348
Aug 14 16:34:14 INFO >> Start searching 6558 dm trials using 32 harmonics.
Aug 14 16:34:14 INFO >> Number of dm trials in single multi processing job: 10
Aug 14 16:35:00 INFO >> Total number of detections=16852
Aug 14 16:35:00 INFO >> Clustering the detections
Aug 14 16:35:00 INFO >> Starting clustering
Aug 14 16:35:00 INFO >> Rogue harmonic power filter reduced detections from 16852 to 9593
Aug 14 16:35:00 INFO >> Filtering out duplicate freq,dm detections at multiple nharms removes 1066 detections
Aug 14 16:35:00 INFO >> Duplicate freq,dm filter reduced detections to 8527
Aug 14 16:35:00 INFO >> Number of detections over threshold sigma (6.0): 8527
Aug 14 16:35:00 INFO >> Grouping duplicate frequencies together first
Aug 14 16:35:00 INFO >> Grouping duplicate frequencies removed 7966 detections from the harmonic metric computation
Aug 14 16:35:00 INFO >> Starting freq-DM distance metric computation
Aug 14 16:35:01 INFO >> Finished freq-DM distance metric computation
Aug 14 16:35:01 INFO >> Largest group size for metric computation is 97
Aug 14 16:35:01 INFO >> Starting harmonic distance metric computation
Aug 14 16:35:02 INFO >> Finished harmonic distance metric computation
Aug 14 16:35:02 INFO >> Starting DBSCAN
Aug 14 16:35:02 INFO >> Finished DBSCAN
Aug 14 16:35:02 INFO >> Clusters found: 76
Aug 14 16:35:02 INFO >> Filtered 32 clusters below or equal 2 DM.
Aug 14 16:35:02 INFO >> Total number of candidate clusters=1
Aug 14 16:35:02 INFO >> Candidate Processor of stack (315.95 49.23)
Aug 14 16:35:02 INFO >> Making SinglePointingCandidates from a list of 1 PowerSpectraDetectionClusters
Aug 14 16:35:05 INFO >> saved candidates to ./results//candidates_cumul/315.95_49.23_cumulative_power_spectra_stack_20220627_11_candidates.npz
Aug 14 16:35:05 INFO >> 1 candidates.
Aug 14 16:35:06 INFO >> Unlinked shared memory for cumulative stack.
Aug 14 16:35:06 INFO >> Pipeline execution time: 1.47 minutes
