Aug 14 15:57:38 INFO >> {"message": "Waiting for suitable server to become available", "selector": "Primary()", "operation": "find", "topologyDescription": "<TopologyDescription id: 66bcd3f24208dacfc8c1a11d, topology_type: Unknown, servers: [<ServerDescription ('localhost', 27017) server_type: Unknown, rtt: None>]>", "clientId": {"$oid": "66bcd3f24208dacfc8c1a11d"}, "remainingTimeMS": 29}
Aug 14 15:57:38 INFO >> Features initialized as the following:
Aug 14 15:57:38 INFO >> num_unique_dms
Aug 14 15:57:38 INFO >> num_unique_freqs
Aug 14 15:57:38 INFO >> ndetections
Aug 14 15:57:38 INFO >> nharm
Aug 14 15:57:38 INFO >> log_p_dm
Aug 14 15:57:38 INFO >> ['dm_sigma_FitGaussWidth_gauss_sigma', 'dm_sigma_FitGaussWidth_gauss_sigma_rel_err', 'dm_sigma_FitGaussWidth_ndof', 'dm_sigma_FitGaussWidth_rms_err']
Aug 14 15:57:38 INFO >> ['dm_sigma_FitGauss_amplitude', 'dm_sigma_FitGauss_mu', 'dm_sigma_FitGauss_gauss_sigma', 'dm_sigma_FitGauss_amplitude_rel_err', 'dm_sigma_FitGauss_mu_rel_err', 'dm_sigma_FitGauss_gauss_sigma_rel_err', 'dm_sigma_FitGauss_amplitude-detection', 'dm_sigma_FitGauss_mu-detection', 'dm_sigma_FitGauss_ndof', 'dm_sigma_FitGauss_rms_err']
Aug 14 15:57:38 INFO >> ['freq_sigma_FitGaussWidth_gauss_sigma', 'freq_sigma_FitGaussWidth_gauss_sigma_rel_err', 'freq_sigma_FitGaussWidth_ndof', 'freq_sigma_FitGaussWidth_rms_err']
Aug 14 15:57:38 INFO >> ['freq_sigma_FitGauss_amplitude', 'freq_sigma_FitGauss_mu', 'freq_sigma_FitGauss_gauss_sigma', 'freq_sigma_FitGauss_amplitude_rel_err', 'freq_sigma_FitGauss_mu_rel_err', 'freq_sigma_FitGauss_gauss_sigma_rel_err', 'freq_sigma_FitGauss_amplitude-detection', 'freq_sigma_FitGauss_mu-detection', 'freq_sigma_FitGauss_ndof', 'freq_sigma_FitGauss_rms_err']
Aug 14 15:57:38 INFO >> Performing searching on cumulative stack 315.95 49.23
Aug 14 15:57:38 INFO >> Loading the cumulative power spectra stack to search
Aug 14 15:58:09 INFO >> DM: 107.3817479147
Aug 14 15:58:09 INFO >> sigma: 13.777777777777779
Aug 14 15:58:09 INFO >> frequency: 8.138748235982394
Aug 14 15:58:09 INFO >> power pre subtraction = 475.3685408738118
Aug 14 15:58:09 INFO >> Nsignif = 19
Aug 14 15:58:09 INFO >> ndays = 11
Aug 14 15:58:09 INFO >> power after subtraction = 266.3685408738118
Aug 14 15:58:09 INFO >> sum of scaled_fft = 264.11361604474104
Aug 14 15:58:09 INFO >> Injecting 62 harmonics.
Aug 14 15:58:09 INFO >> Starting DM: 94.72126538827945
Aug 14 15:58:09 INFO >> Stopping DM: 120.02074866506348
Aug 14 15:58:09 ERROR >> Exception hook activated. Will try to log error to process db.
Aug 14 15:58:09 INFO >> Pipeline execution time: 0.52 minutes
