Aug 14 14:17:12 INFO >> {"message": "Waiting for suitable server to become available", "selector": "Primary()", "operation": "find", "topologyDescription": "<TopologyDescription id: 66bcbc685f27e5c9f47312d4, topology_type: Unknown, servers: [<ServerDescription ('localhost', 27017) server_type: Unknown, rtt: None>]>", "clientId": {"$oid": "66bcbc685f27e5c9f47312d4"}, "remainingTimeMS": 29}
Aug 14 14:17:12 INFO >> Features initialized as the following:
Aug 14 14:17:12 INFO >> num_unique_dms
Aug 14 14:17:12 INFO >> num_unique_freqs
Aug 14 14:17:12 INFO >> ndetections
Aug 14 14:17:12 INFO >> nharm
Aug 14 14:17:12 INFO >> log_p_dm
Aug 14 14:17:12 INFO >> ['dm_sigma_FitGaussWidth_gauss_sigma', 'dm_sigma_FitGaussWidth_gauss_sigma_rel_err', 'dm_sigma_FitGaussWidth_ndof', 'dm_sigma_FitGaussWidth_rms_err']
Aug 14 14:17:12 INFO >> ['dm_sigma_FitGauss_amplitude', 'dm_sigma_FitGauss_mu', 'dm_sigma_FitGauss_gauss_sigma', 'dm_sigma_FitGauss_amplitude_rel_err', 'dm_sigma_FitGauss_mu_rel_err', 'dm_sigma_FitGauss_gauss_sigma_rel_err', 'dm_sigma_FitGauss_amplitude-detection', 'dm_sigma_FitGauss_mu-detection', 'dm_sigma_FitGauss_ndof', 'dm_sigma_FitGauss_rms_err']
Aug 14 14:17:12 INFO >> ['freq_sigma_FitGaussWidth_gauss_sigma', 'freq_sigma_FitGaussWidth_gauss_sigma_rel_err', 'freq_sigma_FitGaussWidth_ndof', 'freq_sigma_FitGaussWidth_rms_err']
Aug 14 14:17:12 INFO >> ['freq_sigma_FitGauss_amplitude', 'freq_sigma_FitGauss_mu', 'freq_sigma_FitGauss_gauss_sigma', 'freq_sigma_FitGauss_amplitude_rel_err', 'freq_sigma_FitGauss_mu_rel_err', 'freq_sigma_FitGauss_gauss_sigma_rel_err', 'freq_sigma_FitGauss_amplitude-detection', 'freq_sigma_FitGauss_mu-detection', 'freq_sigma_FitGauss_ndof', 'freq_sigma_FitGauss_rms_err']
Aug 14 14:17:12 INFO >> Performing searching on cumulative stack 315.95 49.23
Aug 14 14:17:12 INFO >> Loading the cumulative power spectra stack to search
Aug 14 14:17:44 INFO >> DM: 107.3817479147
Aug 14 14:17:44 INFO >> sigma: 13.222222222222221
Aug 14 14:17:44 INFO >> frequency: 8.138748235982394
Aug 14 14:17:44 INFO >> power pre subtraction = 461.8504940843513
Aug 14 14:17:44 INFO >> Nsignif = 19
Aug 14 14:17:44 INFO >> ndays = 11
Aug 14 14:17:44 INFO >> power after subtraction = 461.8504940843513
Aug 14 14:17:44 INFO >> sum of scaled_fft = 457.9407300295834
Aug 14 14:17:44 INFO >> Injecting 62 harmonics.
Aug 14 14:17:44 INFO >> Starting DM: 94.72126538827945
Aug 14 14:17:44 INFO >> Stopping DM: 120.02074866506348
Aug 14 14:17:49 INFO >> Start searching 6558 dm trials using 32 harmonics.
Aug 14 14:17:49 INFO >> Number of dm trials in single multi processing job: 10
Aug 14 14:18:35 INFO >> Total number of detections=16067
Aug 14 14:18:35 INFO >> Clustering the detections
Aug 14 14:18:35 INFO >> Starting clustering
Aug 14 14:18:35 INFO >> Rogue harmonic power filter reduced detections from 16067 to 8996
Aug 14 14:18:35 INFO >> Filtering out duplicate freq,dm detections at multiple nharms removes 865 detections
Aug 14 14:18:35 INFO >> Duplicate freq,dm filter reduced detections to 8131
Aug 14 14:18:35 INFO >> Number of detections over threshold sigma (6.0): 8131
Aug 14 14:18:36 INFO >> Grouping duplicate frequencies together first
Aug 14 14:18:36 INFO >> Grouping duplicate frequencies removed 7589 detections from the harmonic metric computation
Aug 14 14:18:36 INFO >> Starting freq-DM distance metric computation
Aug 14 14:18:36 INFO >> Finished freq-DM distance metric computation
Aug 14 14:18:36 INFO >> Largest group size for metric computation is 97
Aug 14 14:18:36 INFO >> Starting harmonic distance metric computation
Aug 14 14:18:37 INFO >> Finished harmonic distance metric computation
Aug 14 14:18:37 INFO >> Starting DBSCAN
Aug 14 14:18:37 INFO >> Finished DBSCAN
Aug 14 14:18:37 INFO >> Clusters found: 76
Aug 14 14:18:37 INFO >> Filtered 32 clusters below or equal 2 DM.
Aug 14 14:18:37 INFO >> Total number of candidate clusters=1
Aug 14 14:18:37 INFO >> Candidate Processor of stack (315.95 49.23)
Aug 14 14:18:37 INFO >> Making SinglePointingCandidates from a list of 1 PowerSpectraDetectionClusters
Aug 14 14:18:40 INFO >> saved candidates to ./results//candidates_cumul/315.95_49.23_cumulative_power_spectra_stack_20220627_11_candidates.npz
Aug 14 14:18:40 INFO >> 1 candidates.
Aug 14 14:18:41 INFO >> Unlinked shared memory for cumulative stack.
Aug 14 14:18:41 INFO >> Pipeline execution time: 1.49 minutes
