Aug 14 13:58:48 INFO >> {"message": "Waiting for suitable server to become available", "selector": "Primary()", "operation": "find", "topologyDescription": "<TopologyDescription id: 66bcb818e1bb7209869fee05, topology_type: Unknown, servers: [<ServerDescription ('localhost', 27017) server_type: Unknown, rtt: None>]>", "clientId": {"$oid": "66bcb818e1bb7209869fee05"}, "remainingTimeMS": 29}
Aug 14 13:58:48 INFO >> Features initialized as the following:
Aug 14 13:58:48 INFO >> num_unique_dms
Aug 14 13:58:48 INFO >> num_unique_freqs
Aug 14 13:58:48 INFO >> ndetections
Aug 14 13:58:48 INFO >> nharm
Aug 14 13:58:48 INFO >> log_p_dm
Aug 14 13:58:48 INFO >> ['dm_sigma_FitGaussWidth_gauss_sigma', 'dm_sigma_FitGaussWidth_gauss_sigma_rel_err', 'dm_sigma_FitGaussWidth_ndof', 'dm_sigma_FitGaussWidth_rms_err']
Aug 14 13:58:48 INFO >> ['dm_sigma_FitGauss_amplitude', 'dm_sigma_FitGauss_mu', 'dm_sigma_FitGauss_gauss_sigma', 'dm_sigma_FitGauss_amplitude_rel_err', 'dm_sigma_FitGauss_mu_rel_err', 'dm_sigma_FitGauss_gauss_sigma_rel_err', 'dm_sigma_FitGauss_amplitude-detection', 'dm_sigma_FitGauss_mu-detection', 'dm_sigma_FitGauss_ndof', 'dm_sigma_FitGauss_rms_err']
Aug 14 13:58:48 INFO >> ['freq_sigma_FitGaussWidth_gauss_sigma', 'freq_sigma_FitGaussWidth_gauss_sigma_rel_err', 'freq_sigma_FitGaussWidth_ndof', 'freq_sigma_FitGaussWidth_rms_err']
Aug 14 13:58:48 INFO >> ['freq_sigma_FitGauss_amplitude', 'freq_sigma_FitGauss_mu', 'freq_sigma_FitGauss_gauss_sigma', 'freq_sigma_FitGauss_amplitude_rel_err', 'freq_sigma_FitGauss_mu_rel_err', 'freq_sigma_FitGauss_gauss_sigma_rel_err', 'freq_sigma_FitGauss_amplitude-detection', 'freq_sigma_FitGauss_mu-detection', 'freq_sigma_FitGauss_ndof', 'freq_sigma_FitGauss_rms_err']
Aug 14 13:58:48 INFO >> Performing searching on cumulative stack 315.95 49.23
Aug 14 13:58:48 INFO >> Loading the cumulative power spectra stack to search
Aug 14 13:59:20 INFO >> DM: 107.3817479147
Aug 14 13:59:20 INFO >> sigma: 6.555555555555555
Aug 14 13:59:20 INFO >> frequency: 8.138748235982394
Aug 14 13:59:20 INFO >> power pre subtraction = 318.1846176971157
Aug 14 13:59:20 INFO >> Nsignif = 19
Aug 14 13:59:20 INFO >> ndays = 11
Aug 14 13:59:20 INFO >> power after subtraction = 318.1846176971157
Aug 14 13:59:20 INFO >> sum of scaled_fft = 315.4910473816424
Aug 14 13:59:20 INFO >> Injecting 62 harmonics.
Aug 14 13:59:20 INFO >> Starting DM: 94.72126538827945
Aug 14 13:59:20 INFO >> Stopping DM: 120.02074866506348
Aug 14 13:59:25 INFO >> Start searching 6558 dm trials using 32 harmonics.
Aug 14 13:59:25 INFO >> Number of dm trials in single multi processing job: 10
Aug 14 14:00:12 INFO >> Total number of detections=15635
Aug 14 14:00:12 INFO >> Clustering the detections
Aug 14 14:00:12 INFO >> Starting clustering
Aug 14 14:00:12 INFO >> Rogue harmonic power filter reduced detections from 15635 to 8577
Aug 14 14:00:12 INFO >> Filtering out duplicate freq,dm detections at multiple nharms removes 787 detections
Aug 14 14:00:12 INFO >> Duplicate freq,dm filter reduced detections to 7790
Aug 14 14:00:12 INFO >> Number of detections over threshold sigma (6.0): 7790
Aug 14 14:00:12 INFO >> Grouping duplicate frequencies together first
Aug 14 14:00:12 INFO >> Grouping duplicate frequencies removed 7266 detections from the harmonic metric computation
Aug 14 14:00:12 INFO >> Starting freq-DM distance metric computation
Aug 14 14:00:12 INFO >> Finished freq-DM distance metric computation
Aug 14 14:00:13 INFO >> Largest group size for metric computation is 97
Aug 14 14:00:13 INFO >> Starting harmonic distance metric computation
Aug 14 14:00:13 INFO >> Finished harmonic distance metric computation
Aug 14 14:00:13 INFO >> Starting DBSCAN
Aug 14 14:00:14 INFO >> Finished DBSCAN
Aug 14 14:00:14 INFO >> Clusters found: 76
Aug 14 14:00:14 INFO >> Filtered 32 clusters below or equal 2 DM.
Aug 14 14:00:14 INFO >> Total number of candidate clusters=1
Aug 14 14:00:14 INFO >> Candidate Processor of stack (315.95 49.23)
Aug 14 14:00:14 INFO >> Making SinglePointingCandidates from a list of 1 PowerSpectraDetectionClusters
Aug 14 14:00:16 INFO >> saved candidates to ./results//candidates_cumul/315.95_49.23_cumulative_power_spectra_stack_20220627_11_candidates.npz
Aug 14 14:00:16 INFO >> 1 candidates.
Aug 14 14:00:17 INFO >> Unlinked shared memory for cumulative stack.
Aug 14 14:00:17 INFO >> Pipeline execution time: 1.49 minutes
