Aug 14 15:54:11 INFO >> {"message": "Waiting for suitable server to become available", "selector": "Primary()", "operation": "find", "topologyDescription": "<TopologyDescription id: 66bcd3233160deff3d47292d, topology_type: Unknown, servers: [<ServerDescription ('localhost', 27017) server_type: Unknown, rtt: None>]>", "clientId": {"$oid": "66bcd3233160deff3d47292d"}, "remainingTimeMS": 29}
Aug 14 15:54:11 INFO >> Features initialized as the following:
Aug 14 15:54:11 INFO >> num_unique_dms
Aug 14 15:54:11 INFO >> num_unique_freqs
Aug 14 15:54:11 INFO >> ndetections
Aug 14 15:54:11 INFO >> nharm
Aug 14 15:54:11 INFO >> log_p_dm
Aug 14 15:54:11 INFO >> ['dm_sigma_FitGaussWidth_gauss_sigma', 'dm_sigma_FitGaussWidth_gauss_sigma_rel_err', 'dm_sigma_FitGaussWidth_ndof', 'dm_sigma_FitGaussWidth_rms_err']
Aug 14 15:54:11 INFO >> ['dm_sigma_FitGauss_amplitude', 'dm_sigma_FitGauss_mu', 'dm_sigma_FitGauss_gauss_sigma', 'dm_sigma_FitGauss_amplitude_rel_err', 'dm_sigma_FitGauss_mu_rel_err', 'dm_sigma_FitGauss_gauss_sigma_rel_err', 'dm_sigma_FitGauss_amplitude-detection', 'dm_sigma_FitGauss_mu-detection', 'dm_sigma_FitGauss_ndof', 'dm_sigma_FitGauss_rms_err']
Aug 14 15:54:11 INFO >> ['freq_sigma_FitGaussWidth_gauss_sigma', 'freq_sigma_FitGaussWidth_gauss_sigma_rel_err', 'freq_sigma_FitGaussWidth_ndof', 'freq_sigma_FitGaussWidth_rms_err']
Aug 14 15:54:11 INFO >> ['freq_sigma_FitGauss_amplitude', 'freq_sigma_FitGauss_mu', 'freq_sigma_FitGauss_gauss_sigma', 'freq_sigma_FitGauss_amplitude_rel_err', 'freq_sigma_FitGauss_mu_rel_err', 'freq_sigma_FitGauss_gauss_sigma_rel_err', 'freq_sigma_FitGauss_amplitude-detection', 'freq_sigma_FitGauss_mu-detection', 'freq_sigma_FitGauss_ndof', 'freq_sigma_FitGauss_rms_err']
Aug 14 15:54:11 INFO >> Performing searching on cumulative stack 315.95 49.23
Aug 14 15:54:11 INFO >> Loading the cumulative power spectra stack to search
Aug 14 15:54:42 INFO >> DM: 107.3817479147
Aug 14 15:54:42 INFO >> sigma: 10.444444444444445
Aug 14 15:54:42 INFO >> frequency: 8.138748235982394
Aug 14 15:54:42 INFO >> power pre subtraction = 397.8753192716463
Aug 14 15:54:42 INFO >> Nsignif = 19
Aug 14 15:54:42 INFO >> ndays = 11
Aug 14 15:54:42 INFO >> power after subtraction = 188.87531927164628
Aug 14 15:54:42 INFO >> sum of scaled_fft = 187.27640805778012
Aug 14 15:54:42 INFO >> Injecting 62 harmonics.
Aug 14 15:54:42 INFO >> Starting DM: 94.72126538827945
Aug 14 15:54:42 INFO >> Stopping DM: 120.02074866506348
Aug 14 15:54:42 ERROR >> Exception hook activated. Will try to log error to process db.
Aug 14 15:54:42 INFO >> Pipeline execution time: 0.52 minutes
