Aug 14 14:21:46 INFO >> {"message": "Waiting for suitable server to become available", "selector": "Primary()", "operation": "find", "topologyDescription": "<TopologyDescription id: 66bcbd7ac16d9daacd89547c, topology_type: Unknown, servers: [<ServerDescription ('localhost', 27017) server_type: Unknown, rtt: None>]>", "clientId": {"$oid": "66bcbd7ac16d9daacd89547c"}, "remainingTimeMS": 29}
Aug 14 14:21:46 INFO >> Features initialized as the following:
Aug 14 14:21:46 INFO >> num_unique_dms
Aug 14 14:21:46 INFO >> num_unique_freqs
Aug 14 14:21:46 INFO >> ndetections
Aug 14 14:21:46 INFO >> nharm
Aug 14 14:21:46 INFO >> log_p_dm
Aug 14 14:21:46 INFO >> ['dm_sigma_FitGaussWidth_gauss_sigma', 'dm_sigma_FitGaussWidth_gauss_sigma_rel_err', 'dm_sigma_FitGaussWidth_ndof', 'dm_sigma_FitGaussWidth_rms_err']
Aug 14 14:21:46 INFO >> ['dm_sigma_FitGauss_amplitude', 'dm_sigma_FitGauss_mu', 'dm_sigma_FitGauss_gauss_sigma', 'dm_sigma_FitGauss_amplitude_rel_err', 'dm_sigma_FitGauss_mu_rel_err', 'dm_sigma_FitGauss_gauss_sigma_rel_err', 'dm_sigma_FitGauss_amplitude-detection', 'dm_sigma_FitGauss_mu-detection', 'dm_sigma_FitGauss_ndof', 'dm_sigma_FitGauss_rms_err']
Aug 14 14:21:46 INFO >> ['freq_sigma_FitGaussWidth_gauss_sigma', 'freq_sigma_FitGaussWidth_gauss_sigma_rel_err', 'freq_sigma_FitGaussWidth_ndof', 'freq_sigma_FitGaussWidth_rms_err']
Aug 14 14:21:46 INFO >> ['freq_sigma_FitGauss_amplitude', 'freq_sigma_FitGauss_mu', 'freq_sigma_FitGauss_gauss_sigma', 'freq_sigma_FitGauss_amplitude_rel_err', 'freq_sigma_FitGauss_mu_rel_err', 'freq_sigma_FitGauss_gauss_sigma_rel_err', 'freq_sigma_FitGauss_amplitude-detection', 'freq_sigma_FitGauss_mu-detection', 'freq_sigma_FitGauss_ndof', 'freq_sigma_FitGauss_rms_err']
Aug 14 14:21:46 INFO >> Performing searching on cumulative stack 315.95 49.23
Aug 14 14:21:46 INFO >> Loading the cumulative power spectra stack to search
Aug 14 14:22:18 INFO >> DM: 107.3817479147
Aug 14 14:22:18 INFO >> sigma: 14.88888888888889
Aug 14 14:22:18 INFO >> frequency: 8.138748235982394
Aug 14 14:22:18 INFO >> power pre subtraction = 503.13725341491397
Aug 14 14:22:18 INFO >> Nsignif = 19
Aug 14 14:22:18 INFO >> ndays = 11
Aug 14 14:22:18 INFO >> power after subtraction = 503.13725341491397
Aug 14 14:22:18 INFO >> sum of scaled_fft = 498.87797909733143
Aug 14 14:22:18 INFO >> Injecting 62 harmonics.
Aug 14 14:22:18 INFO >> Starting DM: 94.72126538827945
Aug 14 14:22:18 INFO >> Stopping DM: 120.02074866506348
Aug 14 14:22:23 INFO >> Start searching 6558 dm trials using 32 harmonics.
Aug 14 14:22:23 INFO >> Number of dm trials in single multi processing job: 10
Aug 14 14:23:09 INFO >> Total number of detections=16215
Aug 14 14:23:09 INFO >> Clustering the detections
Aug 14 14:23:09 INFO >> Starting clustering
Aug 14 14:23:09 INFO >> Rogue harmonic power filter reduced detections from 16215 to 9092
Aug 14 14:23:09 INFO >> Filtering out duplicate freq,dm detections at multiple nharms removes 888 detections
Aug 14 14:23:09 INFO >> Duplicate freq,dm filter reduced detections to 8204
Aug 14 14:23:09 INFO >> Number of detections over threshold sigma (6.0): 8204
Aug 14 14:23:10 INFO >> Grouping duplicate frequencies together first
Aug 14 14:23:10 INFO >> Grouping duplicate frequencies removed 7661 detections from the harmonic metric computation
Aug 14 14:23:10 INFO >> Starting freq-DM distance metric computation
Aug 14 14:23:10 INFO >> Finished freq-DM distance metric computation
Aug 14 14:23:10 INFO >> Largest group size for metric computation is 97
Aug 14 14:23:10 INFO >> Starting harmonic distance metric computation
Aug 14 14:23:11 INFO >> Finished harmonic distance metric computation
Aug 14 14:23:11 INFO >> Starting DBSCAN
Aug 14 14:23:11 INFO >> Finished DBSCAN
Aug 14 14:23:11 INFO >> Clusters found: 76
Aug 14 14:23:11 INFO >> Filtered 32 clusters below or equal 2 DM.
Aug 14 14:23:11 INFO >> Total number of candidate clusters=1
Aug 14 14:23:11 INFO >> Candidate Processor of stack (315.95 49.23)
Aug 14 14:23:11 INFO >> Making SinglePointingCandidates from a list of 1 PowerSpectraDetectionClusters
Aug 14 14:23:14 INFO >> saved candidates to ./results//candidates_cumul/315.95_49.23_cumulative_power_spectra_stack_20220627_11_candidates.npz
Aug 14 14:23:14 INFO >> 1 candidates.
Aug 14 14:23:15 INFO >> Unlinked shared memory for cumulative stack.
Aug 14 14:23:15 INFO >> Pipeline execution time: 1.49 minutes
