Aug 14 16:15:23 INFO >> {"message": "Waiting for suitable server to become available", "selector": "Primary()", "operation": "find", "topologyDescription": "<TopologyDescription id: 66bcd81bf06a69e40894e154, topology_type: Unknown, servers: [<ServerDescription ('localhost', 27017) server_type: Unknown, rtt: None>]>", "clientId": {"$oid": "66bcd81bf06a69e40894e154"}, "remainingTimeMS": 29}
Aug 14 16:15:23 INFO >> Features initialized as the following:
Aug 14 16:15:23 INFO >> num_unique_dms
Aug 14 16:15:23 INFO >> num_unique_freqs
Aug 14 16:15:23 INFO >> ndetections
Aug 14 16:15:23 INFO >> nharm
Aug 14 16:15:23 INFO >> log_p_dm
Aug 14 16:15:23 INFO >> ['dm_sigma_FitGaussWidth_gauss_sigma', 'dm_sigma_FitGaussWidth_gauss_sigma_rel_err', 'dm_sigma_FitGaussWidth_ndof', 'dm_sigma_FitGaussWidth_rms_err']
Aug 14 16:15:23 INFO >> ['dm_sigma_FitGauss_amplitude', 'dm_sigma_FitGauss_mu', 'dm_sigma_FitGauss_gauss_sigma', 'dm_sigma_FitGauss_amplitude_rel_err', 'dm_sigma_FitGauss_mu_rel_err', 'dm_sigma_FitGauss_gauss_sigma_rel_err', 'dm_sigma_FitGauss_amplitude-detection', 'dm_sigma_FitGauss_mu-detection', 'dm_sigma_FitGauss_ndof', 'dm_sigma_FitGauss_rms_err']
Aug 14 16:15:23 INFO >> ['freq_sigma_FitGaussWidth_gauss_sigma', 'freq_sigma_FitGaussWidth_gauss_sigma_rel_err', 'freq_sigma_FitGaussWidth_ndof', 'freq_sigma_FitGaussWidth_rms_err']
Aug 14 16:15:23 INFO >> ['freq_sigma_FitGauss_amplitude', 'freq_sigma_FitGauss_mu', 'freq_sigma_FitGauss_gauss_sigma', 'freq_sigma_FitGauss_amplitude_rel_err', 'freq_sigma_FitGauss_mu_rel_err', 'freq_sigma_FitGauss_gauss_sigma_rel_err', 'freq_sigma_FitGauss_amplitude-detection', 'freq_sigma_FitGauss_mu-detection', 'freq_sigma_FitGauss_ndof', 'freq_sigma_FitGauss_rms_err']
Aug 14 16:15:23 INFO >> Performing searching on cumulative stack 315.95 49.23
Aug 14 16:15:23 INFO >> Loading the cumulative power spectra stack to search
Aug 14 16:15:54 INFO >> DM: 107.3817479147
Aug 14 16:15:54 INFO >> sigma: 8.222222222222221
Aug 14 16:15:54 INFO >> frequency: 8.138748235982394
Aug 14 16:15:54 INFO >> power pre subtraction = 350.95573428153983
Aug 14 16:15:54 INFO >> Nsignif = 19
Aug 14 16:15:54 INFO >> ndays = 11
Aug 14 16:15:54 INFO >> power after subtraction = 141.95573428153983
Aug 14 16:15:54 INFO >> sum of scaled_fft = 140.7540176343324
Aug 14 16:15:54 INFO >> Injecting 62 harmonics.
Aug 14 16:15:54 INFO >> Starting DM: 94.72126538827945
Aug 14 16:15:54 INFO >> Stopping DM: 120.02074866506348
Aug 14 16:15:59 INFO >> Start searching 6558 dm trials using 32 harmonics.
Aug 14 16:15:59 INFO >> Number of dm trials in single multi processing job: 10
Aug 14 16:16:46 INFO >> Total number of detections=15714
Aug 14 16:16:46 INFO >> Clustering the detections
Aug 14 16:16:46 INFO >> Starting clustering
Aug 14 16:16:46 INFO >> Rogue harmonic power filter reduced detections from 15714 to 8656
Aug 14 16:16:46 INFO >> Filtering out duplicate freq,dm detections at multiple nharms removes 826 detections
Aug 14 16:16:46 INFO >> Duplicate freq,dm filter reduced detections to 7830
Aug 14 16:16:46 INFO >> Number of detections over threshold sigma (6.0): 7830
Aug 14 16:16:46 INFO >> Grouping duplicate frequencies together first
Aug 14 16:16:46 INFO >> Grouping duplicate frequencies removed 7305 detections from the harmonic metric computation
Aug 14 16:16:46 INFO >> Starting freq-DM distance metric computation
Aug 14 16:16:47 INFO >> Finished freq-DM distance metric computation
Aug 14 16:16:47 INFO >> Largest group size for metric computation is 97
Aug 14 16:16:47 INFO >> Starting harmonic distance metric computation
Aug 14 16:16:47 INFO >> Finished harmonic distance metric computation
Aug 14 16:16:47 INFO >> Starting DBSCAN
Aug 14 16:16:48 INFO >> Finished DBSCAN
Aug 14 16:16:48 INFO >> Clusters found: 76
Aug 14 16:16:48 INFO >> Filtered 32 clusters below or equal 2 DM.
Aug 14 16:16:48 INFO >> Total number of candidate clusters=1
Aug 14 16:16:48 INFO >> Candidate Processor of stack (315.95 49.23)
Aug 14 16:16:48 INFO >> Making SinglePointingCandidates from a list of 1 PowerSpectraDetectionClusters
Aug 14 16:16:50 INFO >> saved candidates to ./results//candidates_cumul/315.95_49.23_cumulative_power_spectra_stack_20220627_11_candidates.npz
Aug 14 16:16:50 INFO >> 1 candidates.
Aug 14 16:16:52 INFO >> Unlinked shared memory for cumulative stack.
Aug 14 16:16:52 INFO >> Pipeline execution time: 1.48 minutes
