Aug 14 14:03:25 INFO >> {"message": "Waiting for suitable server to become available", "selector": "Primary()", "operation": "find", "topologyDescription": "<TopologyDescription id: 66bcb92ded39cb10453dad3a, topology_type: Unknown, servers: [<ServerDescription ('localhost', 27017) server_type: Unknown, rtt: None>]>", "clientId": {"$oid": "66bcb92ded39cb10453dad3a"}, "remainingTimeMS": 29}
Aug 14 14:03:25 INFO >> Features initialized as the following:
Aug 14 14:03:25 INFO >> num_unique_dms
Aug 14 14:03:25 INFO >> num_unique_freqs
Aug 14 14:03:25 INFO >> ndetections
Aug 14 14:03:25 INFO >> nharm
Aug 14 14:03:25 INFO >> log_p_dm
Aug 14 14:03:25 INFO >> ['dm_sigma_FitGaussWidth_gauss_sigma', 'dm_sigma_FitGaussWidth_gauss_sigma_rel_err', 'dm_sigma_FitGaussWidth_ndof', 'dm_sigma_FitGaussWidth_rms_err']
Aug 14 14:03:25 INFO >> ['dm_sigma_FitGauss_amplitude', 'dm_sigma_FitGauss_mu', 'dm_sigma_FitGauss_gauss_sigma', 'dm_sigma_FitGauss_amplitude_rel_err', 'dm_sigma_FitGauss_mu_rel_err', 'dm_sigma_FitGauss_gauss_sigma_rel_err', 'dm_sigma_FitGauss_amplitude-detection', 'dm_sigma_FitGauss_mu-detection', 'dm_sigma_FitGauss_ndof', 'dm_sigma_FitGauss_rms_err']
Aug 14 14:03:25 INFO >> ['freq_sigma_FitGaussWidth_gauss_sigma', 'freq_sigma_FitGaussWidth_gauss_sigma_rel_err', 'freq_sigma_FitGaussWidth_ndof', 'freq_sigma_FitGaussWidth_rms_err']
Aug 14 14:03:25 INFO >> ['freq_sigma_FitGauss_amplitude', 'freq_sigma_FitGauss_mu', 'freq_sigma_FitGauss_gauss_sigma', 'freq_sigma_FitGauss_amplitude_rel_err', 'freq_sigma_FitGauss_mu_rel_err', 'freq_sigma_FitGauss_gauss_sigma_rel_err', 'freq_sigma_FitGauss_amplitude-detection', 'freq_sigma_FitGauss_mu-detection', 'freq_sigma_FitGauss_ndof', 'freq_sigma_FitGauss_rms_err']
Aug 14 14:03:25 INFO >> Performing searching on cumulative stack 315.95 49.23
Aug 14 14:03:25 INFO >> Loading the cumulative power spectra stack to search
Aug 14 14:03:57 INFO >> DM: 107.3817479147
Aug 14 14:03:57 INFO >> sigma: 8.222222222222221
Aug 14 14:03:57 INFO >> frequency: 8.138748235982394
Aug 14 14:03:57 INFO >> power pre subtraction = 350.95573428153983
Aug 14 14:03:57 INFO >> Nsignif = 19
Aug 14 14:03:57 INFO >> ndays = 11
Aug 14 14:03:57 INFO >> power after subtraction = 350.95573428153983
Aug 14 14:03:57 INFO >> sum of scaled_fft = 347.9847422997535
Aug 14 14:03:57 INFO >> Injecting 62 harmonics.
Aug 14 14:03:57 INFO >> Starting DM: 94.72126538827945
Aug 14 14:03:57 INFO >> Stopping DM: 120.02074866506348
Aug 14 14:04:02 INFO >> Start searching 6558 dm trials using 32 harmonics.
Aug 14 14:04:02 INFO >> Number of dm trials in single multi processing job: 10
Aug 14 14:04:50 INFO >> Total number of detections=15711
Aug 14 14:04:50 INFO >> Clustering the detections
Aug 14 14:04:50 INFO >> Starting clustering
Aug 14 14:04:50 INFO >> Rogue harmonic power filter reduced detections from 15711 to 8653
Aug 14 14:04:50 INFO >> Filtering out duplicate freq,dm detections at multiple nharms removes 792 detections
Aug 14 14:04:50 INFO >> Duplicate freq,dm filter reduced detections to 7861
Aug 14 14:04:50 INFO >> Number of detections over threshold sigma (6.0): 7861
Aug 14 14:04:50 INFO >> Grouping duplicate frequencies together first
Aug 14 14:04:50 INFO >> Grouping duplicate frequencies removed 7331 detections from the harmonic metric computation
Aug 14 14:04:50 INFO >> Starting freq-DM distance metric computation
Aug 14 14:04:50 INFO >> Finished freq-DM distance metric computation
Aug 14 14:04:51 INFO >> Largest group size for metric computation is 97
Aug 14 14:04:51 INFO >> Starting harmonic distance metric computation
Aug 14 14:04:51 INFO >> Finished harmonic distance metric computation
Aug 14 14:04:51 INFO >> Starting DBSCAN
Aug 14 14:04:52 INFO >> Finished DBSCAN
Aug 14 14:04:52 INFO >> Clusters found: 76
Aug 14 14:04:52 INFO >> Filtered 32 clusters below or equal 2 DM.
Aug 14 14:04:52 INFO >> Total number of candidate clusters=1
Aug 14 14:04:52 INFO >> Candidate Processor of stack (315.95 49.23)
Aug 14 14:04:52 INFO >> Making SinglePointingCandidates from a list of 1 PowerSpectraDetectionClusters
Aug 14 14:04:54 INFO >> saved candidates to ./results//candidates_cumul/315.95_49.23_cumulative_power_spectra_stack_20220627_11_candidates.npz
Aug 14 14:04:54 INFO >> 1 candidates.
Aug 14 14:04:55 INFO >> Unlinked shared memory for cumulative stack.
Aug 14 14:04:55 INFO >> Pipeline execution time: 1.51 minutes
