Aug 14 16:12:20 INFO >> {"message": "Waiting for suitable server to become available", "selector": "Primary()", "operation": "find", "topologyDescription": "<TopologyDescription id: 66bcd7647ca8c3210bd43fb6, topology_type: Unknown, servers: [<ServerDescription ('localhost', 27017) server_type: Unknown, rtt: None>]>", "clientId": {"$oid": "66bcd7647ca8c3210bd43fb6"}, "remainingTimeMS": 29}
Aug 14 16:12:20 INFO >> Features initialized as the following:
Aug 14 16:12:20 INFO >> num_unique_dms
Aug 14 16:12:20 INFO >> num_unique_freqs
Aug 14 16:12:20 INFO >> ndetections
Aug 14 16:12:20 INFO >> nharm
Aug 14 16:12:20 INFO >> log_p_dm
Aug 14 16:12:20 INFO >> ['dm_sigma_FitGaussWidth_gauss_sigma', 'dm_sigma_FitGaussWidth_gauss_sigma_rel_err', 'dm_sigma_FitGaussWidth_ndof', 'dm_sigma_FitGaussWidth_rms_err']
Aug 14 16:12:20 INFO >> ['dm_sigma_FitGauss_amplitude', 'dm_sigma_FitGauss_mu', 'dm_sigma_FitGauss_gauss_sigma', 'dm_sigma_FitGauss_amplitude_rel_err', 'dm_sigma_FitGauss_mu_rel_err', 'dm_sigma_FitGauss_gauss_sigma_rel_err', 'dm_sigma_FitGauss_amplitude-detection', 'dm_sigma_FitGauss_mu-detection', 'dm_sigma_FitGauss_ndof', 'dm_sigma_FitGauss_rms_err']
Aug 14 16:12:20 INFO >> ['freq_sigma_FitGaussWidth_gauss_sigma', 'freq_sigma_FitGaussWidth_gauss_sigma_rel_err', 'freq_sigma_FitGaussWidth_ndof', 'freq_sigma_FitGaussWidth_rms_err']
Aug 14 16:12:20 INFO >> ['freq_sigma_FitGauss_amplitude', 'freq_sigma_FitGauss_mu', 'freq_sigma_FitGauss_gauss_sigma', 'freq_sigma_FitGauss_amplitude_rel_err', 'freq_sigma_FitGauss_mu_rel_err', 'freq_sigma_FitGauss_gauss_sigma_rel_err', 'freq_sigma_FitGauss_amplitude-detection', 'freq_sigma_FitGauss_mu-detection', 'freq_sigma_FitGauss_ndof', 'freq_sigma_FitGauss_rms_err']
Aug 14 16:12:20 INFO >> Performing searching on cumulative stack 315.95 49.23
Aug 14 16:12:20 INFO >> Loading the cumulative power spectra stack to search
Aug 14 16:12:51 INFO >> DM: 107.3817479147
Aug 14 16:12:51 INFO >> sigma: 7.111111111111111
Aug 14 16:12:51 INFO >> frequency: 8.138748235982394
Aug 14 16:12:51 INFO >> power pre subtraction = 328.87707514931964
Aug 14 16:12:51 INFO >> Nsignif = 19
Aug 14 16:12:51 INFO >> ndays = 11
Aug 14 16:12:51 INFO >> power after subtraction = 119.87707514931964
Aug 14 16:12:51 INFO >> sum of scaled_fft = 118.86226389456776
Aug 14 16:12:51 INFO >> Injecting 62 harmonics.
Aug 14 16:12:51 INFO >> Starting DM: 94.72126538827945
Aug 14 16:12:51 INFO >> Stopping DM: 120.02074866506348
Aug 14 16:12:56 INFO >> Start searching 6558 dm trials using 32 harmonics.
Aug 14 16:12:56 INFO >> Number of dm trials in single multi processing job: 10
Aug 14 16:13:43 INFO >> Total number of detections=15630
Aug 14 16:13:43 INFO >> Clustering the detections
Aug 14 16:13:43 INFO >> Starting clustering
Aug 14 16:13:43 INFO >> Rogue harmonic power filter reduced detections from 15630 to 8572
Aug 14 16:13:43 INFO >> Filtering out duplicate freq,dm detections at multiple nharms removes 806 detections
Aug 14 16:13:43 INFO >> Duplicate freq,dm filter reduced detections to 7766
Aug 14 16:13:43 INFO >> Number of detections over threshold sigma (6.0): 7766
Aug 14 16:13:43 INFO >> Grouping duplicate frequencies together first
Aug 14 16:13:43 INFO >> Grouping duplicate frequencies removed 7245 detections from the harmonic metric computation
Aug 14 16:13:43 INFO >> Starting freq-DM distance metric computation
Aug 14 16:13:44 INFO >> Finished freq-DM distance metric computation
Aug 14 16:13:44 INFO >> Largest group size for metric computation is 97
Aug 14 16:13:44 INFO >> Starting harmonic distance metric computation
Aug 14 16:13:45 INFO >> Finished harmonic distance metric computation
Aug 14 16:13:45 INFO >> Starting DBSCAN
Aug 14 16:13:45 INFO >> Finished DBSCAN
Aug 14 16:13:45 INFO >> Clusters found: 77
Aug 14 16:13:45 INFO >> Filtered 32 clusters below or equal 2 DM.
Aug 14 16:13:45 INFO >> Total number of candidate clusters=2
Aug 14 16:13:45 INFO >> Candidate Processor of stack (315.95 49.23)
Aug 14 16:13:45 INFO >> Making SinglePointingCandidates from a list of 2 PowerSpectraDetectionClusters
Aug 14 16:13:47 INFO >> saved candidates to ./results//candidates_cumul/315.95_49.23_cumulative_power_spectra_stack_20220627_11_candidates.npz
Aug 14 16:13:47 INFO >> 2 candidates.
Aug 14 16:13:49 INFO >> Unlinked shared memory for cumulative stack.
Aug 14 16:13:49 INFO >> Pipeline execution time: 1.49 minutes
