Aug 14 16:09:18 INFO >> {"message": "Waiting for suitable server to become available", "selector": "Primary()", "operation": "find", "topologyDescription": "<TopologyDescription id: 66bcd6ae5167a94fba329b70, topology_type: Unknown, servers: [<ServerDescription ('localhost', 27017) server_type: Unknown, rtt: None>]>", "clientId": {"$oid": "66bcd6ae5167a94fba329b70"}, "remainingTimeMS": 29}
Aug 14 16:09:18 INFO >> Features initialized as the following:
Aug 14 16:09:18 INFO >> num_unique_dms
Aug 14 16:09:18 INFO >> num_unique_freqs
Aug 14 16:09:18 INFO >> ndetections
Aug 14 16:09:18 INFO >> nharm
Aug 14 16:09:18 INFO >> log_p_dm
Aug 14 16:09:18 INFO >> ['dm_sigma_FitGaussWidth_gauss_sigma', 'dm_sigma_FitGaussWidth_gauss_sigma_rel_err', 'dm_sigma_FitGaussWidth_ndof', 'dm_sigma_FitGaussWidth_rms_err']
Aug 14 16:09:18 INFO >> ['dm_sigma_FitGauss_amplitude', 'dm_sigma_FitGauss_mu', 'dm_sigma_FitGauss_gauss_sigma', 'dm_sigma_FitGauss_amplitude_rel_err', 'dm_sigma_FitGauss_mu_rel_err', 'dm_sigma_FitGauss_gauss_sigma_rel_err', 'dm_sigma_FitGauss_amplitude-detection', 'dm_sigma_FitGauss_mu-detection', 'dm_sigma_FitGauss_ndof', 'dm_sigma_FitGauss_rms_err']
Aug 14 16:09:18 INFO >> ['freq_sigma_FitGaussWidth_gauss_sigma', 'freq_sigma_FitGaussWidth_gauss_sigma_rel_err', 'freq_sigma_FitGaussWidth_ndof', 'freq_sigma_FitGaussWidth_rms_err']
Aug 14 16:09:18 INFO >> ['freq_sigma_FitGauss_amplitude', 'freq_sigma_FitGauss_mu', 'freq_sigma_FitGauss_gauss_sigma', 'freq_sigma_FitGauss_amplitude_rel_err', 'freq_sigma_FitGauss_mu_rel_err', 'freq_sigma_FitGauss_gauss_sigma_rel_err', 'freq_sigma_FitGauss_amplitude-detection', 'freq_sigma_FitGauss_mu-detection', 'freq_sigma_FitGauss_ndof', 'freq_sigma_FitGauss_rms_err']
Aug 14 16:09:19 INFO >> Performing searching on cumulative stack 315.95 49.23
Aug 14 16:09:19 INFO >> Loading the cumulative power spectra stack to search
Aug 14 16:09:49 INFO >> DM: 107.3817479147
Aug 14 16:09:49 INFO >> sigma: 6.0
Aug 14 16:09:49 INFO >> frequency: 8.138748235982394
Aug 14 16:09:49 INFO >> power pre subtraction = 307.7186868164124
Aug 14 16:09:49 INFO >> Nsignif = 19
Aug 14 16:09:49 INFO >> ndays = 11
Aug 14 16:09:49 INFO >> power after subtraction = 98.7186868164124
Aug 14 16:09:49 INFO >> sum of scaled_fft = 97.88299046403776
Aug 14 16:09:49 INFO >> Injecting 62 harmonics.
Aug 14 16:09:49 INFO >> Starting DM: 94.72126538827945
Aug 14 16:09:49 INFO >> Stopping DM: 120.02074866506348
Aug 14 16:09:55 INFO >> Start searching 6558 dm trials using 32 harmonics.
Aug 14 16:09:55 INFO >> Number of dm trials in single multi processing job: 10
Aug 14 16:10:41 INFO >> Total number of detections=15590
Aug 14 16:10:41 INFO >> Clustering the detections
Aug 14 16:10:41 INFO >> Starting clustering
Aug 14 16:10:41 INFO >> Rogue harmonic power filter reduced detections from 15590 to 8532
Aug 14 16:10:41 INFO >> Filtering out duplicate freq,dm detections at multiple nharms removes 793 detections
Aug 14 16:10:41 INFO >> Duplicate freq,dm filter reduced detections to 7739
Aug 14 16:10:41 INFO >> Number of detections over threshold sigma (6.0): 7739
Aug 14 16:10:41 INFO >> Grouping duplicate frequencies together first
Aug 14 16:10:41 INFO >> Grouping duplicate frequencies removed 7220 detections from the harmonic metric computation
Aug 14 16:10:41 INFO >> Starting freq-DM distance metric computation
Aug 14 16:10:41 INFO >> Finished freq-DM distance metric computation
Aug 14 16:10:42 INFO >> Largest group size for metric computation is 97
Aug 14 16:10:42 INFO >> Starting harmonic distance metric computation
Aug 14 16:10:42 INFO >> Finished harmonic distance metric computation
Aug 14 16:10:42 INFO >> Starting DBSCAN
Aug 14 16:10:43 INFO >> Finished DBSCAN
Aug 14 16:10:43 INFO >> Clusters found: 76
Aug 14 16:10:43 INFO >> Filtered 32 clusters below or equal 2 DM.
Aug 14 16:10:43 INFO >> Total number of candidate clusters=1
Aug 14 16:10:43 INFO >> Candidate Processor of stack (315.95 49.23)
Aug 14 16:10:43 INFO >> Making SinglePointingCandidates from a list of 1 PowerSpectraDetectionClusters
Aug 14 16:10:45 INFO >> saved candidates to ./results//candidates_cumul/315.95_49.23_cumulative_power_spectra_stack_20220627_11_candidates.npz
Aug 14 16:10:45 INFO >> 1 candidates.
Aug 14 16:10:46 INFO >> Unlinked shared memory for cumulative stack.
Aug 14 16:10:46 INFO >> Pipeline execution time: 1.47 minutes
