Aug 24 02:32:06 INFO >> {"message": "Waiting for suitable server to become available", "selector": "Primary()", "operation": "find", "topologyDescription": "<TopologyDescription id: 66c94626eed23ccb1bf22e64, topology_type: Unknown, servers: [<ServerDescription ('localhost', 27017) server_type: Unknown, rtt: None>]>", "clientId": {"$oid": "66c94626eed23ccb1bf22e64"}, "remainingTimeMS": 29}
Aug 24 02:32:07 INFO >> Features initialized as the following:
Aug 24 02:32:07 INFO >> num_unique_dms
Aug 24 02:32:07 INFO >> num_unique_freqs
Aug 24 02:32:07 INFO >> ndetections
Aug 24 02:32:07 INFO >> nharm
Aug 24 02:32:07 INFO >> log_p_dm
Aug 24 02:32:07 INFO >> ['dm_sigma_FitGaussWidth_gauss_sigma', 'dm_sigma_FitGaussWidth_gauss_sigma_rel_err', 'dm_sigma_FitGaussWidth_ndof', 'dm_sigma_FitGaussWidth_rms_err']
Aug 24 02:32:07 INFO >> ['dm_sigma_FitGauss_amplitude', 'dm_sigma_FitGauss_mu', 'dm_sigma_FitGauss_gauss_sigma', 'dm_sigma_FitGauss_amplitude_rel_err', 'dm_sigma_FitGauss_mu_rel_err', 'dm_sigma_FitGauss_gauss_sigma_rel_err', 'dm_sigma_FitGauss_amplitude-detection', 'dm_sigma_FitGauss_mu-detection', 'dm_sigma_FitGauss_ndof', 'dm_sigma_FitGauss_rms_err']
Aug 24 02:32:07 INFO >> ['freq_sigma_FitGaussWidth_gauss_sigma', 'freq_sigma_FitGaussWidth_gauss_sigma_rel_err', 'freq_sigma_FitGaussWidth_ndof', 'freq_sigma_FitGaussWidth_rms_err']
Aug 24 02:32:07 INFO >> ['freq_sigma_FitGauss_amplitude', 'freq_sigma_FitGauss_mu', 'freq_sigma_FitGauss_gauss_sigma', 'freq_sigma_FitGauss_amplitude_rel_err', 'freq_sigma_FitGauss_mu_rel_err', 'freq_sigma_FitGauss_gauss_sigma_rel_err', 'freq_sigma_FitGauss_amplitude-detection', 'freq_sigma_FitGauss_mu-detection', 'freq_sigma_FitGauss_ndof', 'freq_sigma_FitGauss_rms_err']
Aug 24 02:32:07 INFO >> Performing searching on cumulative stack 315.95 49.23
Aug 24 02:32:07 INFO >> Loading the cumulative power spectra stack to search
Aug 24 02:32:38 INFO >> DM: 107.3817479147
Aug 24 02:32:38 INFO >> sigma: 11.28372911
Aug 24 02:32:38 INFO >> frequency: 11.63205817806895
Aug 24 02:32:38 INFO >> Injecting 43 harmonics.
Aug 24 02:32:38 INFO >> Starting DM: 98.56678684635061
Aug 24 02:32:38 INFO >> Stopping DM: 116.27642514009945
Aug 24 02:32:38 INFO >> Expected detection at 10.03 sigma with 8 harmonics.
Aug 24 02:32:50 INFO >> Start searching 6558 dm trials using 32 harmonics.
Aug 24 02:32:57 INFO >> Moved power spectra to shared memory.
Aug 24 02:32:57 INFO >> Number of dm trials in single multi processing job: 10
Aug 24 02:33:48 INFO >> Total number of detections=15784
Aug 24 02:33:48 INFO >> Clustering the detections
Aug 24 02:33:48 INFO >> Starting clustering
Aug 24 02:33:49 INFO >> Rogue harmonic power filter reduced detections from 15784 to 8726
Aug 24 02:33:49 INFO >> Filtering out duplicate freq,dm detections at multiple nharms removes 863 detections
Aug 24 02:33:49 INFO >> Duplicate freq,dm filter reduced detections to 7863
Aug 24 02:33:49 INFO >> Number of detections over threshold sigma (6.0): 7863
Aug 24 02:33:49 INFO >> Grouping duplicate frequencies together first
Aug 24 02:33:49 INFO >> Grouping duplicate frequencies removed 7332 detections from the harmonic metric computation
Aug 24 02:33:49 INFO >> Starting freq-DM distance metric computation
Aug 24 02:33:49 INFO >> Finished freq-DM distance metric computation
Aug 24 02:33:49 INFO >> Largest group size for metric computation is 110
Aug 24 02:33:49 INFO >> Starting harmonic distance metric computation
Aug 24 02:33:50 INFO >> Finished harmonic distance metric computation
Aug 24 02:33:50 INFO >> Starting DBSCAN
Aug 24 02:33:50 INFO >> Finished DBSCAN
Aug 24 02:33:50 INFO >> Clusters found: 76
Aug 24 02:33:50 INFO >> Filtered 32 clusters below or equal 2 DM.
Aug 24 02:33:50 INFO >> Total number of candidate clusters=1
Aug 24 02:33:50 INFO >> Candidate Processor of stack (315.95 49.23)
Aug 24 02:33:50 INFO >> Making SinglePointingCandidates from a list of 1 PowerSpectraDetectionClusters
Aug 24 02:33:53 INFO >> saved candidates to ./results//injections/315.95_49.23_cumulative_power_spectra_stack_20220627_11_new_freq_test.yml_(5,)_candidates.npz
Aug 24 02:33:53 INFO >> Injected Pulsars:     1
Aug 24 02:33:53 INFO >> Injection Candidates: 1
Aug 24 02:33:53 INFO >> Recovered Injections: 1
Aug 24 02:33:53 INFO >> 1 candidates.
Aug 24 02:33:53 INFO >> Best candidate: F0: 11.632 DM: 107.47 Sigma: 9.87
Aug 24 02:33:54 INFO >> Unlinked shared memory for cumulative stack.
Aug 24 02:33:54 INFO >> Pipeline execution time: 1.79 minutes
