Aug 24 14:15:32 INFO >> {"message": "Waiting for suitable server to become available", "selector": "Primary()", "operation": "find", "topologyDescription": "<TopologyDescription id: 66c9eb04ec70e130e1d7606c, topology_type: Unknown, servers: [<ServerDescription ('localhost', 27017) server_type: Unknown, rtt: None>]>", "clientId": {"$oid": "66c9eb04ec70e130e1d7606c"}, "remainingTimeMS": 29}
Aug 24 14:15:32 INFO >> Features initialized as the following:
Aug 24 14:15:32 INFO >> num_unique_dms
Aug 24 14:15:32 INFO >> num_unique_freqs
Aug 24 14:15:32 INFO >> ndetections
Aug 24 14:15:32 INFO >> nharm
Aug 24 14:15:32 INFO >> log_p_dm
Aug 24 14:15:32 INFO >> ['dm_sigma_FitGaussWidth_gauss_sigma', 'dm_sigma_FitGaussWidth_gauss_sigma_rel_err', 'dm_sigma_FitGaussWidth_ndof', 'dm_sigma_FitGaussWidth_rms_err']
Aug 24 14:15:32 INFO >> ['dm_sigma_FitGauss_amplitude', 'dm_sigma_FitGauss_mu', 'dm_sigma_FitGauss_gauss_sigma', 'dm_sigma_FitGauss_amplitude_rel_err', 'dm_sigma_FitGauss_mu_rel_err', 'dm_sigma_FitGauss_gauss_sigma_rel_err', 'dm_sigma_FitGauss_amplitude-detection', 'dm_sigma_FitGauss_mu-detection', 'dm_sigma_FitGauss_ndof', 'dm_sigma_FitGauss_rms_err']
Aug 24 14:15:32 INFO >> ['freq_sigma_FitGaussWidth_gauss_sigma', 'freq_sigma_FitGaussWidth_gauss_sigma_rel_err', 'freq_sigma_FitGaussWidth_ndof', 'freq_sigma_FitGaussWidth_rms_err']
Aug 24 14:15:32 INFO >> ['freq_sigma_FitGauss_amplitude', 'freq_sigma_FitGauss_mu', 'freq_sigma_FitGauss_gauss_sigma', 'freq_sigma_FitGauss_amplitude_rel_err', 'freq_sigma_FitGauss_mu_rel_err', 'freq_sigma_FitGauss_gauss_sigma_rel_err', 'freq_sigma_FitGauss_amplitude-detection', 'freq_sigma_FitGauss_mu-detection', 'freq_sigma_FitGauss_ndof', 'freq_sigma_FitGauss_rms_err']
Aug 24 14:15:32 INFO >> Performing searching on cumulative stack 315.95 49.23
Aug 24 14:15:32 INFO >> Loading the cumulative power spectra stack to search
Aug 24 14:16:03 INFO >> DM: 17.3817479147
Aug 24 14:16:03 INFO >> sigma: 11.28372911
Aug 24 14:16:03 INFO >> frequency: 78.15005588690302
Aug 24 14:16:03 INFO >> Injecting 6 harmonics.
Aug 24 14:16:03 INFO >> Starting DM: 16.09047136403465
Aug 24 14:16:03 INFO >> Stopping DM: 18.721617624820187
Aug 24 14:16:03 INFO >> Expected detection at 8.46 sigma with 4 harmonics.
Aug 24 14:16:14 INFO >> Start searching 6558 dm trials using 32 harmonics.
Aug 24 14:16:21 INFO >> Moved power spectra to shared memory.
Aug 24 14:16:21 INFO >> Number of dm trials in single multi processing job: 10
Aug 24 14:17:10 INFO >> Total number of detections=15593
Aug 24 14:17:10 INFO >> Clustering the detections
Aug 24 14:17:10 INFO >> Starting clustering
Aug 24 14:17:10 INFO >> Rogue harmonic power filter reduced detections from 15593 to 8534
Aug 24 14:17:10 INFO >> Filtering out duplicate freq,dm detections at multiple nharms removes 793 detections
Aug 24 14:17:10 INFO >> Duplicate freq,dm filter reduced detections to 7741
Aug 24 14:17:10 INFO >> Number of detections over threshold sigma (6.0): 7741
Aug 24 14:17:10 INFO >> Grouping duplicate frequencies together first
Aug 24 14:17:10 INFO >> Grouping duplicate frequencies removed 7218 detections from the harmonic metric computation
Aug 24 14:17:10 INFO >> Starting freq-DM distance metric computation
Aug 24 14:17:11 INFO >> Finished freq-DM distance metric computation
Aug 24 14:17:11 INFO >> Largest group size for metric computation is 97
Aug 24 14:17:11 INFO >> Starting harmonic distance metric computation
Aug 24 14:17:11 INFO >> Finished harmonic distance metric computation
Aug 24 14:17:11 INFO >> Starting DBSCAN
Aug 24 14:17:12 INFO >> Finished DBSCAN
Aug 24 14:17:12 INFO >> Clusters found: 76
Aug 24 14:17:12 INFO >> Filtered 32 clusters below or equal 2 DM.
Aug 24 14:17:12 INFO >> Total number of candidate clusters=1
Aug 24 14:17:12 INFO >> Candidate Processor of stack (315.95 49.23)
Aug 24 14:17:12 INFO >> Making SinglePointingCandidates from a list of 1 PowerSpectraDetectionClusters
Aug 24 14:17:14 INFO >> saved candidates to ./results//injections/315.95_49.23_cumulative_power_spectra_stack_20220627_11_freq_dm_17.yml_(68,)_candidates.npz
Aug 24 14:17:14 INFO >> Injected Pulsars:     1
Aug 24 14:17:14 INFO >> Injection Candidates: 1
Aug 24 14:17:14 INFO >> Recovered Injections: 1
Aug 24 14:17:14 INFO >> 1 candidates.
Aug 24 14:17:14 INFO >> Best candidate: F0: 78.150 DM: 17.41 Sigma: 9.11
Aug 24 14:17:15 INFO >> Unlinked shared memory for cumulative stack.
Aug 24 14:17:15 INFO >> Pipeline execution time: 1.73 minutes
