Aug 24 14:24:23 INFO >> {"message": "Waiting for suitable server to become available", "selector": "Primary()", "operation": "find", "topologyDescription": "<TopologyDescription id: 66c9ed170a91df3430ff224e, topology_type: Unknown, servers: [<ServerDescription ('localhost', 27017) server_type: Unknown, rtt: None>]>", "clientId": {"$oid": "66c9ed170a91df3430ff224e"}, "remainingTimeMS": 29}
Aug 24 14:24:23 INFO >> Features initialized as the following:
Aug 24 14:24:23 INFO >> num_unique_dms
Aug 24 14:24:23 INFO >> num_unique_freqs
Aug 24 14:24:23 INFO >> ndetections
Aug 24 14:24:23 INFO >> nharm
Aug 24 14:24:23 INFO >> log_p_dm
Aug 24 14:24:23 INFO >> ['dm_sigma_FitGaussWidth_gauss_sigma', 'dm_sigma_FitGaussWidth_gauss_sigma_rel_err', 'dm_sigma_FitGaussWidth_ndof', 'dm_sigma_FitGaussWidth_rms_err']
Aug 24 14:24:23 INFO >> ['dm_sigma_FitGauss_amplitude', 'dm_sigma_FitGauss_mu', 'dm_sigma_FitGauss_gauss_sigma', 'dm_sigma_FitGauss_amplitude_rel_err', 'dm_sigma_FitGauss_mu_rel_err', 'dm_sigma_FitGauss_gauss_sigma_rel_err', 'dm_sigma_FitGauss_amplitude-detection', 'dm_sigma_FitGauss_mu-detection', 'dm_sigma_FitGauss_ndof', 'dm_sigma_FitGauss_rms_err']
Aug 24 14:24:23 INFO >> ['freq_sigma_FitGaussWidth_gauss_sigma', 'freq_sigma_FitGaussWidth_gauss_sigma_rel_err', 'freq_sigma_FitGaussWidth_ndof', 'freq_sigma_FitGaussWidth_rms_err']
Aug 24 14:24:23 INFO >> ['freq_sigma_FitGauss_amplitude', 'freq_sigma_FitGauss_mu', 'freq_sigma_FitGauss_gauss_sigma', 'freq_sigma_FitGauss_amplitude_rel_err', 'freq_sigma_FitGauss_mu_rel_err', 'freq_sigma_FitGauss_gauss_sigma_rel_err', 'freq_sigma_FitGauss_amplitude-detection', 'freq_sigma_FitGauss_mu-detection', 'freq_sigma_FitGauss_ndof', 'freq_sigma_FitGauss_rms_err']
Aug 24 14:24:23 INFO >> Performing searching on cumulative stack 315.95 49.23
Aug 24 14:24:23 INFO >> Loading the cumulative power spectra stack to search
Aug 24 14:24:53 INFO >> DM: 17.3817479147
Aug 24 14:24:53 INFO >> sigma: 11.28372911
Aug 24 14:24:53 INFO >> frequency: 90.90459966957954
Aug 24 14:24:53 INFO >> Injecting 5 harmonics.
Aug 24 14:24:53 INFO >> Starting DM: 16.292867230248923
Aug 24 14:24:53 INFO >> Stopping DM: 18.519221758605916
Aug 24 14:24:53 INFO >> Expected detection at 9.30 sigma with 4 harmonics.
Aug 24 14:25:06 INFO >> Start searching 6558 dm trials using 32 harmonics.
Aug 24 14:25:13 INFO >> Moved power spectra to shared memory.
Aug 24 14:25:13 INFO >> Number of dm trials in single multi processing job: 10
Aug 24 14:26:03 INFO >> Total number of detections=15590
Aug 24 14:26:03 INFO >> Clustering the detections
Aug 24 14:26:03 INFO >> Starting clustering
Aug 24 14:26:03 INFO >> Rogue harmonic power filter reduced detections from 15590 to 8532
Aug 24 14:26:03 INFO >> Filtering out duplicate freq,dm detections at multiple nharms removes 787 detections
Aug 24 14:26:03 INFO >> Duplicate freq,dm filter reduced detections to 7745
Aug 24 14:26:03 INFO >> Number of detections over threshold sigma (6.0): 7745
Aug 24 14:26:03 INFO >> Grouping duplicate frequencies together first
Aug 24 14:26:03 INFO >> Grouping duplicate frequencies removed 7218 detections from the harmonic metric computation
Aug 24 14:26:03 INFO >> Starting freq-DM distance metric computation
Aug 24 14:26:03 INFO >> Finished freq-DM distance metric computation
Aug 24 14:26:04 INFO >> Largest group size for metric computation is 97
Aug 24 14:26:04 INFO >> Starting harmonic distance metric computation
Aug 24 14:26:04 INFO >> Finished harmonic distance metric computation
Aug 24 14:26:04 INFO >> Starting DBSCAN
Aug 24 14:26:05 INFO >> Finished DBSCAN
Aug 24 14:26:05 INFO >> Clusters found: 76
Aug 24 14:26:05 INFO >> Filtered 32 clusters below or equal 2 DM.
Aug 24 14:26:05 INFO >> Total number of candidate clusters=1
Aug 24 14:26:05 INFO >> Candidate Processor of stack (315.95 49.23)
Aug 24 14:26:05 INFO >> Making SinglePointingCandidates from a list of 1 PowerSpectraDetectionClusters
Aug 24 14:26:07 INFO >> saved candidates to ./results//injections/315.95_49.23_cumulative_power_spectra_stack_20220627_11_freq_dm_17.yml_(73,)_candidates.npz
Aug 24 14:26:07 INFO >> Injected Pulsars:     1
Aug 24 14:26:07 INFO >> Injection Candidates: 1
Aug 24 14:26:07 INFO >> Recovered Injections: 1
Aug 24 14:26:07 INFO >> 1 candidates.
Aug 24 14:26:07 INFO >> Best candidate: F0: 90.905 DM: 17.41 Sigma: 9.85
Aug 24 14:26:08 INFO >> Unlinked shared memory for cumulative stack.
Aug 24 14:26:08 INFO >> Pipeline execution time: 1.75 minutes
