Aug 24 12:31:46 INFO >> {"message": "Waiting for suitable server to become available", "selector": "Primary()", "operation": "find", "topologyDescription": "<TopologyDescription id: 66c9d2b24a13be9c70f72b37, topology_type: Unknown, servers: [<ServerDescription ('localhost', 27017) server_type: Unknown, rtt: None>]>", "clientId": {"$oid": "66c9d2b24a13be9c70f72b37"}, "remainingTimeMS": 29}
Aug 24 12:31:46 INFO >> Features initialized as the following:
Aug 24 12:31:46 INFO >> num_unique_dms
Aug 24 12:31:46 INFO >> num_unique_freqs
Aug 24 12:31:46 INFO >> ndetections
Aug 24 12:31:46 INFO >> nharm
Aug 24 12:31:46 INFO >> log_p_dm
Aug 24 12:31:46 INFO >> ['dm_sigma_FitGaussWidth_gauss_sigma', 'dm_sigma_FitGaussWidth_gauss_sigma_rel_err', 'dm_sigma_FitGaussWidth_ndof', 'dm_sigma_FitGaussWidth_rms_err']
Aug 24 12:31:46 INFO >> ['dm_sigma_FitGauss_amplitude', 'dm_sigma_FitGauss_mu', 'dm_sigma_FitGauss_gauss_sigma', 'dm_sigma_FitGauss_amplitude_rel_err', 'dm_sigma_FitGauss_mu_rel_err', 'dm_sigma_FitGauss_gauss_sigma_rel_err', 'dm_sigma_FitGauss_amplitude-detection', 'dm_sigma_FitGauss_mu-detection', 'dm_sigma_FitGauss_ndof', 'dm_sigma_FitGauss_rms_err']
Aug 24 12:31:46 INFO >> ['freq_sigma_FitGaussWidth_gauss_sigma', 'freq_sigma_FitGaussWidth_gauss_sigma_rel_err', 'freq_sigma_FitGaussWidth_ndof', 'freq_sigma_FitGaussWidth_rms_err']
Aug 24 12:31:46 INFO >> ['freq_sigma_FitGauss_amplitude', 'freq_sigma_FitGauss_mu', 'freq_sigma_FitGauss_gauss_sigma', 'freq_sigma_FitGauss_amplitude_rel_err', 'freq_sigma_FitGauss_mu_rel_err', 'freq_sigma_FitGauss_gauss_sigma_rel_err', 'freq_sigma_FitGauss_amplitude-detection', 'freq_sigma_FitGauss_mu-detection', 'freq_sigma_FitGauss_ndof', 'freq_sigma_FitGauss_rms_err']
Aug 24 12:31:46 INFO >> Performing searching on cumulative stack 315.95 49.23
Aug 24 12:31:46 INFO >> Loading the cumulative power spectra stack to search
Aug 24 12:32:17 INFO >> DM: 17.3817479147
Aug 24 12:32:17 INFO >> sigma: 11.28372911
Aug 24 12:32:17 INFO >> frequency: 13.530477745798068
Aug 24 12:32:17 INFO >> Injecting 37 harmonics.
Aug 24 12:32:17 INFO >> Starting DM: 9.816199511392206
Aug 24 12:32:17 INFO >> Stopping DM: 24.99588947746263
Aug 24 12:32:17 INFO >> Expected detection at 10.52 sigma with 8 harmonics.
Aug 24 12:32:29 INFO >> Start searching 6558 dm trials using 32 harmonics.
Aug 24 12:32:37 INFO >> Moved power spectra to shared memory.
Aug 24 12:32:37 INFO >> Number of dm trials in single multi processing job: 10
Aug 24 12:33:25 INFO >> Total number of detections=15750
Aug 24 12:33:25 INFO >> Clustering the detections
Aug 24 12:33:25 INFO >> Starting clustering
Aug 24 12:33:25 INFO >> Rogue harmonic power filter reduced detections from 15750 to 8692
Aug 24 12:33:25 INFO >> Filtering out duplicate freq,dm detections at multiple nharms removes 871 detections
Aug 24 12:33:25 INFO >> Duplicate freq,dm filter reduced detections to 7821
Aug 24 12:33:25 INFO >> Number of detections over threshold sigma (6.0): 7821
Aug 24 12:33:25 INFO >> Grouping duplicate frequencies together first
Aug 24 12:33:25 INFO >> Grouping duplicate frequencies removed 7291 detections from the harmonic metric computation
Aug 24 12:33:25 INFO >> Starting freq-DM distance metric computation
Aug 24 12:33:25 INFO >> Finished freq-DM distance metric computation
Aug 24 12:33:26 INFO >> Largest group size for metric computation is 97
Aug 24 12:33:26 INFO >> Starting harmonic distance metric computation
Aug 24 12:33:26 INFO >> Finished harmonic distance metric computation
Aug 24 12:33:26 INFO >> Starting DBSCAN
Aug 24 12:33:27 INFO >> Finished DBSCAN
Aug 24 12:33:27 INFO >> Clusters found: 76
Aug 24 12:33:27 INFO >> Filtered 32 clusters below or equal 2 DM.
Aug 24 12:33:27 INFO >> Total number of candidate clusters=1
Aug 24 12:33:27 INFO >> Candidate Processor of stack (315.95 49.23)
Aug 24 12:33:27 INFO >> Making SinglePointingCandidates from a list of 1 PowerSpectraDetectionClusters
Aug 24 12:33:29 INFO >> saved candidates to ./results//injections/315.95_49.23_cumulative_power_spectra_stack_20220627_11_freq_dm_17.yml_(10,)_candidates.npz
Aug 24 12:33:29 INFO >> Injected Pulsars:     1
Aug 24 12:33:29 INFO >> Injection Candidates: 1
Aug 24 12:33:29 INFO >> Recovered Injections: 1
Aug 24 12:33:29 INFO >> 1 candidates.
Aug 24 12:33:29 INFO >> Best candidate: F0: 13.530 DM: 17.41 Sigma: 10.29
Aug 24 12:33:30 INFO >> Unlinked shared memory for cumulative stack.
Aug 24 12:33:30 INFO >> Pipeline execution time: 1.74 minutes
