Aug 24 14:03:01 INFO >> {"message": "Waiting for suitable server to become available", "selector": "Primary()", "operation": "find", "topologyDescription": "<TopologyDescription id: 66c9e8157d01714510fbc721, topology_type: Unknown, servers: [<ServerDescription ('localhost', 27017) server_type: Unknown, rtt: None>]>", "clientId": {"$oid": "66c9e8157d01714510fbc721"}, "remainingTimeMS": 29}
Aug 24 14:03:01 INFO >> Features initialized as the following:
Aug 24 14:03:01 INFO >> num_unique_dms
Aug 24 14:03:01 INFO >> num_unique_freqs
Aug 24 14:03:01 INFO >> ndetections
Aug 24 14:03:01 INFO >> nharm
Aug 24 14:03:01 INFO >> log_p_dm
Aug 24 14:03:01 INFO >> ['dm_sigma_FitGaussWidth_gauss_sigma', 'dm_sigma_FitGaussWidth_gauss_sigma_rel_err', 'dm_sigma_FitGaussWidth_ndof', 'dm_sigma_FitGaussWidth_rms_err']
Aug 24 14:03:01 INFO >> ['dm_sigma_FitGauss_amplitude', 'dm_sigma_FitGauss_mu', 'dm_sigma_FitGauss_gauss_sigma', 'dm_sigma_FitGauss_amplitude_rel_err', 'dm_sigma_FitGauss_mu_rel_err', 'dm_sigma_FitGauss_gauss_sigma_rel_err', 'dm_sigma_FitGauss_amplitude-detection', 'dm_sigma_FitGauss_mu-detection', 'dm_sigma_FitGauss_ndof', 'dm_sigma_FitGauss_rms_err']
Aug 24 14:03:01 INFO >> ['freq_sigma_FitGaussWidth_gauss_sigma', 'freq_sigma_FitGaussWidth_gauss_sigma_rel_err', 'freq_sigma_FitGaussWidth_ndof', 'freq_sigma_FitGaussWidth_rms_err']
Aug 24 14:03:01 INFO >> ['freq_sigma_FitGauss_amplitude', 'freq_sigma_FitGauss_mu', 'freq_sigma_FitGauss_gauss_sigma', 'freq_sigma_FitGauss_amplitude_rel_err', 'freq_sigma_FitGauss_mu_rel_err', 'freq_sigma_FitGauss_gauss_sigma_rel_err', 'freq_sigma_FitGauss_amplitude-detection', 'freq_sigma_FitGauss_mu-detection', 'freq_sigma_FitGauss_ndof', 'freq_sigma_FitGauss_rms_err']
Aug 24 14:03:01 INFO >> Performing searching on cumulative stack 315.95 49.23
Aug 24 14:03:01 INFO >> Loading the cumulative power spectra stack to search
Aug 24 14:03:32 INFO >> DM: 17.3817479147
Aug 24 14:03:32 INFO >> sigma: 11.28372911
Aug 24 14:03:32 INFO >> frequency: 63.24265604573911
Aug 24 14:03:32 INFO >> Injecting 8 harmonics.
Aug 24 14:03:32 INFO >> Starting DM: 15.786877564713238
Aug 24 14:03:32 INFO >> Stopping DM: 19.0252114241416
Aug 24 14:03:32 INFO >> Expected detection at 12.00 sigma with 8 harmonics.
Aug 24 14:03:44 INFO >> Start searching 6558 dm trials using 32 harmonics.
Aug 24 14:03:51 INFO >> Moved power spectra to shared memory.
Aug 24 14:03:51 INFO >> Number of dm trials in single multi processing job: 10
Aug 24 14:04:40 INFO >> Total number of detections=15636
Aug 24 14:04:40 INFO >> Clustering the detections
Aug 24 14:04:40 INFO >> Starting clustering
Aug 24 14:04:40 INFO >> Rogue harmonic power filter reduced detections from 15636 to 8578
Aug 24 14:04:40 INFO >> Filtering out duplicate freq,dm detections at multiple nharms removes 819 detections
Aug 24 14:04:40 INFO >> Duplicate freq,dm filter reduced detections to 7759
Aug 24 14:04:40 INFO >> Number of detections over threshold sigma (6.0): 7759
Aug 24 14:04:40 INFO >> Grouping duplicate frequencies together first
Aug 24 14:04:40 INFO >> Grouping duplicate frequencies removed 7229 detections from the harmonic metric computation
Aug 24 14:04:40 INFO >> Starting freq-DM distance metric computation
Aug 24 14:04:40 INFO >> Finished freq-DM distance metric computation
Aug 24 14:04:41 INFO >> Largest group size for metric computation is 97
Aug 24 14:04:41 INFO >> Starting harmonic distance metric computation
Aug 24 14:04:41 INFO >> Finished harmonic distance metric computation
Aug 24 14:04:41 INFO >> Starting DBSCAN
Aug 24 14:04:42 INFO >> Finished DBSCAN
Aug 24 14:04:42 INFO >> Clusters found: 76
Aug 24 14:04:42 INFO >> Filtered 32 clusters below or equal 2 DM.
Aug 24 14:04:42 INFO >> Total number of candidate clusters=1
Aug 24 14:04:42 INFO >> Candidate Processor of stack (315.95 49.23)
Aug 24 14:04:42 INFO >> Making SinglePointingCandidates from a list of 1 PowerSpectraDetectionClusters
Aug 24 14:04:44 INFO >> saved candidates to ./results//injections/315.95_49.23_cumulative_power_spectra_stack_20220627_11_freq_dm_17.yml_(61,)_candidates.npz
Aug 24 14:04:44 INFO >> Injected Pulsars:     1
Aug 24 14:04:44 INFO >> Injection Candidates: 1
Aug 24 14:04:44 INFO >> Recovered Injections: 1
Aug 24 14:04:44 INFO >> 1 candidates.
Aug 24 14:04:44 INFO >> Best candidate: F0: 63.243 DM: 17.41 Sigma: 12.93
Aug 24 14:04:45 INFO >> Unlinked shared memory for cumulative stack.
Aug 24 14:04:45 INFO >> Pipeline execution time: 1.73 minutes
