Aug 24 02:35:43 INFO >> {"message": "Waiting for suitable server to become available", "selector": "Primary()", "operation": "find", "topologyDescription": "<TopologyDescription id: 66c946ff27a82b7cf8a20075, topology_type: Unknown, servers: [<ServerDescription ('localhost', 27017) server_type: Unknown, rtt: None>]>", "clientId": {"$oid": "66c946ff27a82b7cf8a20075"}, "remainingTimeMS": 29}
Aug 24 02:35:43 INFO >> Features initialized as the following:
Aug 24 02:35:43 INFO >> num_unique_dms
Aug 24 02:35:43 INFO >> num_unique_freqs
Aug 24 02:35:43 INFO >> ndetections
Aug 24 02:35:43 INFO >> nharm
Aug 24 02:35:43 INFO >> log_p_dm
Aug 24 02:35:43 INFO >> ['dm_sigma_FitGaussWidth_gauss_sigma', 'dm_sigma_FitGaussWidth_gauss_sigma_rel_err', 'dm_sigma_FitGaussWidth_ndof', 'dm_sigma_FitGaussWidth_rms_err']
Aug 24 02:35:43 INFO >> ['dm_sigma_FitGauss_amplitude', 'dm_sigma_FitGauss_mu', 'dm_sigma_FitGauss_gauss_sigma', 'dm_sigma_FitGauss_amplitude_rel_err', 'dm_sigma_FitGauss_mu_rel_err', 'dm_sigma_FitGauss_gauss_sigma_rel_err', 'dm_sigma_FitGauss_amplitude-detection', 'dm_sigma_FitGauss_mu-detection', 'dm_sigma_FitGauss_ndof', 'dm_sigma_FitGauss_rms_err']
Aug 24 02:35:43 INFO >> ['freq_sigma_FitGaussWidth_gauss_sigma', 'freq_sigma_FitGaussWidth_gauss_sigma_rel_err', 'freq_sigma_FitGaussWidth_ndof', 'freq_sigma_FitGaussWidth_rms_err']
Aug 24 02:35:43 INFO >> ['freq_sigma_FitGauss_amplitude', 'freq_sigma_FitGauss_mu', 'freq_sigma_FitGauss_gauss_sigma', 'freq_sigma_FitGauss_amplitude_rel_err', 'freq_sigma_FitGauss_mu_rel_err', 'freq_sigma_FitGauss_gauss_sigma_rel_err', 'freq_sigma_FitGauss_amplitude-detection', 'freq_sigma_FitGauss_mu-detection', 'freq_sigma_FitGauss_ndof', 'freq_sigma_FitGauss_rms_err']
Aug 24 02:35:43 INFO >> Performing searching on cumulative stack 315.95 49.23
Aug 24 02:35:43 INFO >> Loading the cumulative power spectra stack to search
Aug 24 02:36:14 INFO >> DM: 107.3817479147
Aug 24 02:36:14 INFO >> sigma: 11.28372911
Aug 24 02:36:14 INFO >> frequency: 12.35717485210969
Aug 24 02:36:14 INFO >> Injecting 41 harmonics.
Aug 24 02:36:14 INFO >> Starting DM: 99.0727765118863
Aug 24 02:36:14 INFO >> Stopping DM: 115.66923754145662
Aug 24 02:36:14 INFO >> Expected detection at 9.25 sigma with 16 harmonics.
Aug 24 02:36:26 INFO >> Start searching 6558 dm trials using 32 harmonics.
Aug 24 02:36:33 INFO >> Moved power spectra to shared memory.
Aug 24 02:36:33 INFO >> Number of dm trials in single multi processing job: 10
Aug 24 02:37:21 INFO >> Total number of detections=15647
Aug 24 02:37:21 INFO >> Clustering the detections
Aug 24 02:37:21 INFO >> Starting clustering
Aug 24 02:37:21 INFO >> Rogue harmonic power filter reduced detections from 15647 to 8589
Aug 24 02:37:21 INFO >> Filtering out duplicate freq,dm detections at multiple nharms removes 800 detections
Aug 24 02:37:21 INFO >> Duplicate freq,dm filter reduced detections to 7789
Aug 24 02:37:21 INFO >> Number of detections over threshold sigma (6.0): 7789
Aug 24 02:37:21 INFO >> Grouping duplicate frequencies together first
Aug 24 02:37:21 INFO >> Grouping duplicate frequencies removed 7261 detections from the harmonic metric computation
Aug 24 02:37:21 INFO >> Starting freq-DM distance metric computation
Aug 24 02:37:22 INFO >> Finished freq-DM distance metric computation
Aug 24 02:37:22 INFO >> Largest group size for metric computation is 97
Aug 24 02:37:22 INFO >> Starting harmonic distance metric computation
Aug 24 02:37:23 INFO >> Finished harmonic distance metric computation
Aug 24 02:37:23 INFO >> Starting DBSCAN
Aug 24 02:37:23 INFO >> Finished DBSCAN
Aug 24 02:37:23 INFO >> Clusters found: 76
Aug 24 02:37:23 INFO >> Filtered 32 clusters below or equal 2 DM.
Aug 24 02:37:23 INFO >> Total number of candidate clusters=1
Aug 24 02:37:23 INFO >> Candidate Processor of stack (315.95 49.23)
Aug 24 02:37:23 INFO >> Making SinglePointingCandidates from a list of 1 PowerSpectraDetectionClusters
Aug 24 02:37:25 INFO >> saved candidates to ./results//injections/315.95_49.23_cumulative_power_spectra_stack_20220627_11_new_freq_test.yml_(7,)_candidates.npz
Aug 24 02:37:25 INFO >> Injected Pulsars:     1
Aug 24 02:37:25 INFO >> Injection Candidates: 1
Aug 24 02:37:25 INFO >> Recovered Injections: 1
Aug 24 02:37:25 INFO >> 1 candidates.
Aug 24 02:37:25 INFO >> Best candidate: F0: 12.357 DM: 107.37 Sigma: 8.85
Aug 24 02:37:27 INFO >> Unlinked shared memory for cumulative stack.
Aug 24 02:37:27 INFO >> Pipeline execution time: 1.73 minutes
