Aug 24 14:49:39 INFO >> {"message": "Waiting for suitable server to become available", "selector": "Primary()", "operation": "find", "topologyDescription": "<TopologyDescription id: 66c9f3035015b368b58a25cf, topology_type: Unknown, servers: [<ServerDescription ('localhost', 27017) server_type: Unknown, rtt: None>]>", "clientId": {"$oid": "66c9f3035015b368b58a25cf"}, "remainingTimeMS": 29}
Aug 24 14:49:39 INFO >> Features initialized as the following:
Aug 24 14:49:39 INFO >> num_unique_dms
Aug 24 14:49:39 INFO >> num_unique_freqs
Aug 24 14:49:39 INFO >> ndetections
Aug 24 14:49:39 INFO >> nharm
Aug 24 14:49:39 INFO >> log_p_dm
Aug 24 14:49:39 INFO >> ['dm_sigma_FitGaussWidth_gauss_sigma', 'dm_sigma_FitGaussWidth_gauss_sigma_rel_err', 'dm_sigma_FitGaussWidth_ndof', 'dm_sigma_FitGaussWidth_rms_err']
Aug 24 14:49:39 INFO >> ['dm_sigma_FitGauss_amplitude', 'dm_sigma_FitGauss_mu', 'dm_sigma_FitGauss_gauss_sigma', 'dm_sigma_FitGauss_amplitude_rel_err', 'dm_sigma_FitGauss_mu_rel_err', 'dm_sigma_FitGauss_gauss_sigma_rel_err', 'dm_sigma_FitGauss_amplitude-detection', 'dm_sigma_FitGauss_mu-detection', 'dm_sigma_FitGauss_ndof', 'dm_sigma_FitGauss_rms_err']
Aug 24 14:49:39 INFO >> ['freq_sigma_FitGaussWidth_gauss_sigma', 'freq_sigma_FitGaussWidth_gauss_sigma_rel_err', 'freq_sigma_FitGaussWidth_ndof', 'freq_sigma_FitGaussWidth_rms_err']
Aug 24 14:49:39 INFO >> ['freq_sigma_FitGauss_amplitude', 'freq_sigma_FitGauss_mu', 'freq_sigma_FitGauss_gauss_sigma', 'freq_sigma_FitGauss_amplitude_rel_err', 'freq_sigma_FitGauss_mu_rel_err', 'freq_sigma_FitGauss_gauss_sigma_rel_err', 'freq_sigma_FitGauss_amplitude-detection', 'freq_sigma_FitGauss_mu-detection', 'freq_sigma_FitGauss_ndof', 'freq_sigma_FitGauss_rms_err']
Aug 24 14:49:39 INFO >> Performing searching on cumulative stack 315.95 49.23
Aug 24 14:49:39 INFO >> Loading the cumulative power spectra stack to search
Aug 24 14:50:11 INFO >> DM: 17.3817479147
Aug 24 14:50:11 INFO >> sigma: 11.28372911
Aug 24 14:50:11 INFO >> frequency: 138.8111149108652
Aug 24 14:50:11 INFO >> Injecting 3 harmonics.
Aug 24 14:50:11 INFO >> Starting DM: 16.596461029570328
Aug 24 14:50:11 INFO >> Stopping DM: 18.11443002617737
Aug 24 14:50:12 INFO >> Expected detection at 6.19 sigma with 2 harmonics.
Aug 24 14:50:23 INFO >> Start searching 6558 dm trials using 32 harmonics.
Aug 24 14:50:31 INFO >> Moved power spectra to shared memory.
Aug 24 14:50:31 INFO >> Number of dm trials in single multi processing job: 10
Aug 24 14:51:19 INFO >> Total number of detections=15579
Aug 24 14:51:19 INFO >> Clustering the detections
Aug 24 14:51:19 INFO >> Starting clustering
Aug 24 14:51:19 INFO >> Rogue harmonic power filter reduced detections from 15579 to 8521
Aug 24 14:51:19 INFO >> Filtering out duplicate freq,dm detections at multiple nharms removes 787 detections
Aug 24 14:51:19 INFO >> Duplicate freq,dm filter reduced detections to 7734
Aug 24 14:51:19 INFO >> Number of detections over threshold sigma (6.0): 7734
Aug 24 14:51:19 INFO >> Grouping duplicate frequencies together first
Aug 24 14:51:19 INFO >> Grouping duplicate frequencies removed 7214 detections from the harmonic metric computation
Aug 24 14:51:19 INFO >> Starting freq-DM distance metric computation
Aug 24 14:51:20 INFO >> Finished freq-DM distance metric computation
Aug 24 14:51:20 INFO >> Largest group size for metric computation is 97
Aug 24 14:51:20 INFO >> Starting harmonic distance metric computation
Aug 24 14:51:21 INFO >> Finished harmonic distance metric computation
Aug 24 14:51:21 INFO >> Starting DBSCAN
Aug 24 14:51:21 INFO >> Finished DBSCAN
Aug 24 14:51:21 INFO >> Clusters found: 75
Aug 24 14:51:21 INFO >> Filtered 32 clusters below or equal 2 DM.
Aug 24 14:51:21 INFO >> Total number of candidate clusters=0
Aug 24 14:51:21 INFO >> Candidate Processor of stack (315.95 49.23)
Aug 24 14:51:21 INFO >> Making SinglePointingCandidates from a list of 0 PowerSpectraDetectionClusters
Aug 24 14:51:23 INFO >> saved candidates to ./results//injections/315.95_49.23_cumulative_power_spectra_stack_20220627_11_freq_dm_17.yml_(87,)_candidates.npz
Aug 24 14:51:23 INFO >> Injected Pulsars:     1
Aug 24 14:51:23 INFO >> Injection Candidates: 0
Aug 24 14:51:23 INFO >> Recovered Injections: 0
Aug 24 14:51:23 INFO >> 0 candidates.
Aug 24 14:51:25 INFO >> Unlinked shared memory for cumulative stack.
Aug 24 14:51:25 INFO >> Pipeline execution time: 1.76 minutes
