Aug 24 08:37:41 INFO >> {"message": "Waiting for suitable server to become available", "selector": "Primary()", "operation": "find", "topologyDescription": "<TopologyDescription id: 66c99bd5ca636a9dd544ba09, topology_type: Unknown, servers: [<ServerDescription ('localhost', 27017) server_type: Unknown, rtt: None>]>", "clientId": {"$oid": "66c99bd5ca636a9dd544ba09"}, "remainingTimeMS": 29}
Aug 24 08:37:41 INFO >> Features initialized as the following:
Aug 24 08:37:41 INFO >> num_unique_dms
Aug 24 08:37:41 INFO >> num_unique_freqs
Aug 24 08:37:41 INFO >> ndetections
Aug 24 08:37:41 INFO >> nharm
Aug 24 08:37:41 INFO >> log_p_dm
Aug 24 08:37:41 INFO >> ['dm_sigma_FitGaussWidth_gauss_sigma', 'dm_sigma_FitGaussWidth_gauss_sigma_rel_err', 'dm_sigma_FitGaussWidth_ndof', 'dm_sigma_FitGaussWidth_rms_err']
Aug 24 08:37:41 INFO >> ['dm_sigma_FitGauss_amplitude', 'dm_sigma_FitGauss_mu', 'dm_sigma_FitGauss_gauss_sigma', 'dm_sigma_FitGauss_amplitude_rel_err', 'dm_sigma_FitGauss_mu_rel_err', 'dm_sigma_FitGauss_gauss_sigma_rel_err', 'dm_sigma_FitGauss_amplitude-detection', 'dm_sigma_FitGauss_mu-detection', 'dm_sigma_FitGauss_ndof', 'dm_sigma_FitGauss_rms_err']
Aug 24 08:37:41 INFO >> ['freq_sigma_FitGaussWidth_gauss_sigma', 'freq_sigma_FitGaussWidth_gauss_sigma_rel_err', 'freq_sigma_FitGaussWidth_ndof', 'freq_sigma_FitGaussWidth_rms_err']
Aug 24 08:37:41 INFO >> ['freq_sigma_FitGauss_amplitude', 'freq_sigma_FitGauss_mu', 'freq_sigma_FitGauss_gauss_sigma', 'freq_sigma_FitGauss_amplitude_rel_err', 'freq_sigma_FitGauss_mu_rel_err', 'freq_sigma_FitGauss_gauss_sigma_rel_err', 'freq_sigma_FitGauss_amplitude-detection', 'freq_sigma_FitGauss_mu-detection', 'freq_sigma_FitGauss_ndof', 'freq_sigma_FitGauss_rms_err']
Aug 24 08:37:42 INFO >> Performing searching on cumulative stack 315.95 49.23
Aug 24 08:37:42 INFO >> Loading the cumulative power spectra stack to search
Aug 24 08:38:12 INFO >> DM: 107.3817479147
Aug 24 08:38:12 INFO >> sigma: 11.28372911
Aug 24 08:38:12 INFO >> frequency: 14.81518471823528
Aug 24 08:38:12 INFO >> Injecting 34 harmonics.
Aug 24 08:38:12 INFO >> Starting DM: 100.38834964227907
Aug 24 08:38:12 INFO >> Stopping DM: 114.35366441106386
Aug 24 08:38:12 INFO >> Expected detection at 10.27 sigma with 8 harmonics.
Aug 24 08:38:24 INFO >> Start searching 6558 dm trials using 32 harmonics.
Aug 24 08:38:31 INFO >> Moved power spectra to shared memory.
Aug 24 08:38:31 INFO >> Number of dm trials in single multi processing job: 10
Aug 24 08:39:19 INFO >> Total number of detections=15634
Aug 24 08:39:19 INFO >> Clustering the detections
Aug 24 08:39:19 INFO >> Starting clustering
Aug 24 08:39:19 INFO >> Rogue harmonic power filter reduced detections from 15634 to 8576
Aug 24 08:39:19 INFO >> Filtering out duplicate freq,dm detections at multiple nharms removes 797 detections
Aug 24 08:39:19 INFO >> Duplicate freq,dm filter reduced detections to 7779
Aug 24 08:39:19 INFO >> Number of detections over threshold sigma (6.0): 7779
Aug 24 08:39:19 INFO >> Grouping duplicate frequencies together first
Aug 24 08:39:19 INFO >> Grouping duplicate frequencies removed 7252 detections from the harmonic metric computation
Aug 24 08:39:19 INFO >> Starting freq-DM distance metric computation
Aug 24 08:39:20 INFO >> Finished freq-DM distance metric computation
Aug 24 08:39:20 INFO >> Largest group size for metric computation is 97
Aug 24 08:39:20 INFO >> Starting harmonic distance metric computation
Aug 24 08:39:21 INFO >> Finished harmonic distance metric computation
Aug 24 08:39:21 INFO >> Starting DBSCAN
Aug 24 08:39:21 INFO >> Finished DBSCAN
Aug 24 08:39:21 INFO >> Clusters found: 78
Aug 24 08:39:21 INFO >> Filtered 32 clusters below or equal 2 DM.
Aug 24 08:39:21 INFO >> Total number of candidate clusters=3
Aug 24 08:39:21 INFO >> Candidate Processor of stack (315.95 49.23)
Aug 24 08:39:21 INFO >> Making SinglePointingCandidates from a list of 3 PowerSpectraDetectionClusters
Aug 24 08:39:24 INFO >> saved candidates to ./results//injections/315.95_49.23_cumulative_power_spectra_stack_20220627_11_new_freq_test.yml_(13,)_candidates.npz
Aug 24 08:39:24 INFO >> Injected Pulsars:     1
Aug 24 08:39:24 INFO >> Injection Candidates: 3
Aug 24 08:39:24 INFO >> Recovered Injections: 1
Aug 24 08:39:24 INFO >> 3 candidates.
Aug 24 08:39:24 INFO >> Best candidate: F0: 14.815 DM: 107.37 Sigma: 9.73
Aug 24 08:39:25 INFO >> Unlinked shared memory for cumulative stack.
Aug 24 08:39:25 INFO >> Pipeline execution time: 1.73 minutes
