Aug 24 14:31:36 INFO >> {"message": "Waiting for suitable server to become available", "selector": "Primary()", "operation": "find", "topologyDescription": "<TopologyDescription id: 66c9eec86bc1d7fcc6fd78ef, topology_type: Unknown, servers: [<ServerDescription ('localhost', 27017) server_type: Unknown, rtt: None>]>", "clientId": {"$oid": "66c9eec86bc1d7fcc6fd78ef"}, "remainingTimeMS": 29}
Aug 24 14:31:36 INFO >> Features initialized as the following:
Aug 24 14:31:36 INFO >> num_unique_dms
Aug 24 14:31:36 INFO >> num_unique_freqs
Aug 24 14:31:36 INFO >> ndetections
Aug 24 14:31:36 INFO >> nharm
Aug 24 14:31:36 INFO >> log_p_dm
Aug 24 14:31:36 INFO >> ['dm_sigma_FitGaussWidth_gauss_sigma', 'dm_sigma_FitGaussWidth_gauss_sigma_rel_err', 'dm_sigma_FitGaussWidth_ndof', 'dm_sigma_FitGaussWidth_rms_err']
Aug 24 14:31:36 INFO >> ['dm_sigma_FitGauss_amplitude', 'dm_sigma_FitGauss_mu', 'dm_sigma_FitGauss_gauss_sigma', 'dm_sigma_FitGauss_amplitude_rel_err', 'dm_sigma_FitGauss_mu_rel_err', 'dm_sigma_FitGauss_gauss_sigma_rel_err', 'dm_sigma_FitGauss_amplitude-detection', 'dm_sigma_FitGauss_mu-detection', 'dm_sigma_FitGauss_ndof', 'dm_sigma_FitGauss_rms_err']
Aug 24 14:31:36 INFO >> ['freq_sigma_FitGaussWidth_gauss_sigma', 'freq_sigma_FitGaussWidth_gauss_sigma_rel_err', 'freq_sigma_FitGaussWidth_ndof', 'freq_sigma_FitGaussWidth_rms_err']
Aug 24 14:31:36 INFO >> ['freq_sigma_FitGauss_amplitude', 'freq_sigma_FitGauss_mu', 'freq_sigma_FitGauss_gauss_sigma', 'freq_sigma_FitGauss_amplitude_rel_err', 'freq_sigma_FitGauss_mu_rel_err', 'freq_sigma_FitGauss_gauss_sigma_rel_err', 'freq_sigma_FitGauss_amplitude-detection', 'freq_sigma_FitGauss_mu-detection', 'freq_sigma_FitGauss_ndof', 'freq_sigma_FitGauss_rms_err']
Aug 24 14:31:36 INFO >> Performing searching on cumulative stack 315.95 49.23
Aug 24 14:31:36 INFO >> Loading the cumulative power spectra stack to search
Aug 24 14:32:07 INFO >> DM: 17.3817479147
Aug 24 14:32:07 INFO >> sigma: 11.28372911
Aug 24 14:32:07 INFO >> frequency: 102.59143654700097
Aug 24 14:32:07 INFO >> Injecting 4 harmonics.
Aug 24 14:32:07 INFO >> Starting DM: 16.394065163356057
Aug 24 14:32:07 INFO >> Stopping DM: 18.41802382549878
Aug 24 14:32:07 INFO >> Expected detection at 8.14 sigma with 4 harmonics.
Aug 24 14:32:19 INFO >> Start searching 6558 dm trials using 32 harmonics.
Aug 24 14:32:26 INFO >> Moved power spectra to shared memory.
Aug 24 14:32:26 INFO >> Number of dm trials in single multi processing job: 10
Aug 24 14:33:15 INFO >> Total number of detections=15582
Aug 24 14:33:15 INFO >> Clustering the detections
Aug 24 14:33:15 INFO >> Starting clustering
Aug 24 14:33:15 INFO >> Rogue harmonic power filter reduced detections from 15582 to 8524
Aug 24 14:33:15 INFO >> Filtering out duplicate freq,dm detections at multiple nharms removes 789 detections
Aug 24 14:33:15 INFO >> Duplicate freq,dm filter reduced detections to 7735
Aug 24 14:33:15 INFO >> Number of detections over threshold sigma (6.0): 7735
Aug 24 14:33:15 INFO >> Grouping duplicate frequencies together first
Aug 24 14:33:15 INFO >> Grouping duplicate frequencies removed 7215 detections from the harmonic metric computation
Aug 24 14:33:15 INFO >> Starting freq-DM distance metric computation
Aug 24 14:33:15 INFO >> Finished freq-DM distance metric computation
Aug 24 14:33:16 INFO >> Largest group size for metric computation is 97
Aug 24 14:33:16 INFO >> Starting harmonic distance metric computation
Aug 24 14:33:16 INFO >> Finished harmonic distance metric computation
Aug 24 14:33:16 INFO >> Starting DBSCAN
Aug 24 14:33:17 INFO >> Finished DBSCAN
Aug 24 14:33:17 INFO >> Clusters found: 75
Aug 24 14:33:17 INFO >> Filtered 32 clusters below or equal 2 DM.
Aug 24 14:33:17 INFO >> Total number of candidate clusters=0
Aug 24 14:33:17 INFO >> Candidate Processor of stack (315.95 49.23)
Aug 24 14:33:17 INFO >> Making SinglePointingCandidates from a list of 0 PowerSpectraDetectionClusters
Aug 24 14:33:19 INFO >> saved candidates to ./results//injections/315.95_49.23_cumulative_power_spectra_stack_20220627_11_freq_dm_17.yml_(77,)_candidates.npz
Aug 24 14:33:19 INFO >> Injected Pulsars:     1
Aug 24 14:33:19 INFO >> Injection Candidates: 0
Aug 24 14:33:19 INFO >> Recovered Injections: 0
Aug 24 14:33:19 INFO >> 0 candidates.
Aug 24 14:33:20 INFO >> Unlinked shared memory for cumulative stack.
Aug 24 14:33:20 INFO >> Pipeline execution time: 1.74 minutes
