Aug 24 08:43:05 INFO >> {"message": "Waiting for suitable server to become available", "selector": "Primary()", "operation": "find", "topologyDescription": "<TopologyDescription id: 66c99d19b09ad165d5e39228, topology_type: Unknown, servers: [<ServerDescription ('localhost', 27017) server_type: Unknown, rtt: None>]>", "clientId": {"$oid": "66c99d19b09ad165d5e39228"}, "remainingTimeMS": 29}
Aug 24 08:43:05 INFO >> Features initialized as the following:
Aug 24 08:43:05 INFO >> num_unique_dms
Aug 24 08:43:05 INFO >> num_unique_freqs
Aug 24 08:43:05 INFO >> ndetections
Aug 24 08:43:05 INFO >> nharm
Aug 24 08:43:05 INFO >> log_p_dm
Aug 24 08:43:05 INFO >> ['dm_sigma_FitGaussWidth_gauss_sigma', 'dm_sigma_FitGaussWidth_gauss_sigma_rel_err', 'dm_sigma_FitGaussWidth_ndof', 'dm_sigma_FitGaussWidth_rms_err']
Aug 24 08:43:05 INFO >> ['dm_sigma_FitGauss_amplitude', 'dm_sigma_FitGauss_mu', 'dm_sigma_FitGauss_gauss_sigma', 'dm_sigma_FitGauss_amplitude_rel_err', 'dm_sigma_FitGauss_mu_rel_err', 'dm_sigma_FitGauss_gauss_sigma_rel_err', 'dm_sigma_FitGauss_amplitude-detection', 'dm_sigma_FitGauss_mu-detection', 'dm_sigma_FitGauss_ndof', 'dm_sigma_FitGauss_rms_err']
Aug 24 08:43:05 INFO >> ['freq_sigma_FitGaussWidth_gauss_sigma', 'freq_sigma_FitGaussWidth_gauss_sigma_rel_err', 'freq_sigma_FitGaussWidth_ndof', 'freq_sigma_FitGaussWidth_rms_err']
Aug 24 08:43:05 INFO >> ['freq_sigma_FitGauss_amplitude', 'freq_sigma_FitGauss_mu', 'freq_sigma_FitGauss_gauss_sigma', 'freq_sigma_FitGauss_amplitude_rel_err', 'freq_sigma_FitGauss_mu_rel_err', 'freq_sigma_FitGauss_gauss_sigma_rel_err', 'freq_sigma_FitGauss_amplitude-detection', 'freq_sigma_FitGauss_mu-detection', 'freq_sigma_FitGauss_ndof', 'freq_sigma_FitGauss_rms_err']
Aug 24 08:43:05 INFO >> Performing searching on cumulative stack 315.95 49.23
Aug 24 08:43:05 INFO >> Loading the cumulative power spectra stack to search
Aug 24 08:43:37 INFO >> DM: 107.3817479147
Aug 24 08:43:37 INFO >> sigma: 11.28372911
Aug 24 08:43:37 INFO >> frequency: 16.221873488805336
Aug 24 08:43:37 INFO >> Injecting 31 harmonics.
Aug 24 08:43:37 INFO >> Starting DM: 100.99553724092189
Aug 24 08:43:37 INFO >> Stopping DM: 113.74647681242105
Aug 24 08:43:37 INFO >> Expected detection at 10.30 sigma with 8 harmonics.
Aug 24 08:43:49 INFO >> Start searching 6558 dm trials using 32 harmonics.
Aug 24 08:43:55 INFO >> Moved power spectra to shared memory.
Aug 24 08:43:55 INFO >> Number of dm trials in single multi processing job: 10
Aug 24 08:44:44 INFO >> Total number of detections=15626
Aug 24 08:44:44 INFO >> Clustering the detections
Aug 24 08:44:44 INFO >> Starting clustering
Aug 24 08:44:44 INFO >> Rogue harmonic power filter reduced detections from 15626 to 8568
Aug 24 08:44:44 INFO >> Filtering out duplicate freq,dm detections at multiple nharms removes 796 detections
Aug 24 08:44:44 INFO >> Duplicate freq,dm filter reduced detections to 7772
Aug 24 08:44:44 INFO >> Number of detections over threshold sigma (6.0): 7772
Aug 24 08:44:44 INFO >> Grouping duplicate frequencies together first
Aug 24 08:44:44 INFO >> Grouping duplicate frequencies removed 7247 detections from the harmonic metric computation
Aug 24 08:44:44 INFO >> Starting freq-DM distance metric computation
Aug 24 08:44:44 INFO >> Finished freq-DM distance metric computation
Aug 24 08:44:44 INFO >> Largest group size for metric computation is 97
Aug 24 08:44:44 INFO >> Starting harmonic distance metric computation
Aug 24 08:44:45 INFO >> Finished harmonic distance metric computation
Aug 24 08:44:45 INFO >> Starting DBSCAN
Aug 24 08:44:45 INFO >> Finished DBSCAN
Aug 24 08:44:45 INFO >> Clusters found: 77
Aug 24 08:44:45 INFO >> Filtered 32 clusters below or equal 2 DM.
Aug 24 08:44:45 INFO >> Total number of candidate clusters=2
Aug 24 08:44:45 INFO >> Candidate Processor of stack (315.95 49.23)
Aug 24 08:44:45 INFO >> Making SinglePointingCandidates from a list of 2 PowerSpectraDetectionClusters
Aug 24 08:44:48 INFO >> saved candidates to ./results//injections/315.95_49.23_cumulative_power_spectra_stack_20220627_11_new_freq_test.yml_(16,)_candidates.npz
Aug 24 08:44:48 INFO >> Injected Pulsars:     1
Aug 24 08:44:48 INFO >> Injection Candidates: 2
Aug 24 08:44:48 INFO >> Recovered Injections: 1
Aug 24 08:44:48 INFO >> 2 candidates.
Aug 24 08:44:48 INFO >> Best candidate: F0: 16.222 DM: 107.37 Sigma: 9.74
Aug 24 08:44:49 INFO >> Unlinked shared memory for cumulative stack.
Aug 24 08:44:49 INFO >> Pipeline execution time: 1.73 minutes
