Aug 24 14:47:50 INFO >> {"message": "Waiting for suitable server to become available", "selector": "Primary()", "operation": "find", "topologyDescription": "<TopologyDescription id: 66c9f2963afee43d24c67dba, topology_type: Unknown, servers: [<ServerDescription ('localhost', 27017) server_type: Unknown, rtt: None>]>", "clientId": {"$oid": "66c9f2963afee43d24c67dba"}, "remainingTimeMS": 29}
Aug 24 14:47:50 INFO >> Features initialized as the following:
Aug 24 14:47:50 INFO >> num_unique_dms
Aug 24 14:47:50 INFO >> num_unique_freqs
Aug 24 14:47:50 INFO >> ndetections
Aug 24 14:47:50 INFO >> nharm
Aug 24 14:47:50 INFO >> log_p_dm
Aug 24 14:47:50 INFO >> ['dm_sigma_FitGaussWidth_gauss_sigma', 'dm_sigma_FitGaussWidth_gauss_sigma_rel_err', 'dm_sigma_FitGaussWidth_ndof', 'dm_sigma_FitGaussWidth_rms_err']
Aug 24 14:47:50 INFO >> ['dm_sigma_FitGauss_amplitude', 'dm_sigma_FitGauss_mu', 'dm_sigma_FitGauss_gauss_sigma', 'dm_sigma_FitGauss_amplitude_rel_err', 'dm_sigma_FitGauss_mu_rel_err', 'dm_sigma_FitGauss_gauss_sigma_rel_err', 'dm_sigma_FitGauss_amplitude-detection', 'dm_sigma_FitGauss_mu-detection', 'dm_sigma_FitGauss_ndof', 'dm_sigma_FitGauss_rms_err']
Aug 24 14:47:50 INFO >> ['freq_sigma_FitGaussWidth_gauss_sigma', 'freq_sigma_FitGaussWidth_gauss_sigma_rel_err', 'freq_sigma_FitGaussWidth_ndof', 'freq_sigma_FitGaussWidth_rms_err']
Aug 24 14:47:50 INFO >> ['freq_sigma_FitGauss_amplitude', 'freq_sigma_FitGauss_mu', 'freq_sigma_FitGauss_gauss_sigma', 'freq_sigma_FitGauss_amplitude_rel_err', 'freq_sigma_FitGauss_mu_rel_err', 'freq_sigma_FitGauss_gauss_sigma_rel_err', 'freq_sigma_FitGauss_amplitude-detection', 'freq_sigma_FitGauss_mu-detection', 'freq_sigma_FitGauss_ndof', 'freq_sigma_FitGauss_rms_err']
Aug 24 14:47:51 INFO >> Performing searching on cumulative stack 315.95 49.23
Aug 24 14:47:51 INFO >> Loading the cumulative power spectra stack to search
Aug 24 14:48:20 INFO >> DM: 17.3817479147
Aug 24 14:48:20 INFO >> sigma: 11.28372911
Aug 24 14:48:20 INFO >> frequency: 134.67684358420513
Aug 24 14:48:20 INFO >> Injecting 3 harmonics.
Aug 24 14:48:20 INFO >> Starting DM: 16.596461029570328
Aug 24 14:48:20 INFO >> Stopping DM: 18.11443002617737
Aug 24 14:48:20 INFO >> Expected detection at 8.40 sigma with 2 harmonics.
Aug 24 14:48:32 INFO >> Start searching 6558 dm trials using 32 harmonics.
Aug 24 14:48:41 INFO >> Moved power spectra to shared memory.
Aug 24 14:48:41 INFO >> Number of dm trials in single multi processing job: 10
Aug 24 14:49:32 INFO >> Total number of detections=15586
Aug 24 14:49:32 INFO >> Clustering the detections
Aug 24 14:49:32 INFO >> Starting clustering
Aug 24 14:49:32 INFO >> Rogue harmonic power filter reduced detections from 15586 to 8527
Aug 24 14:49:32 INFO >> Filtering out duplicate freq,dm detections at multiple nharms removes 791 detections
Aug 24 14:49:32 INFO >> Duplicate freq,dm filter reduced detections to 7736
Aug 24 14:49:32 INFO >> Number of detections over threshold sigma (6.0): 7736
Aug 24 14:49:32 INFO >> Grouping duplicate frequencies together first
Aug 24 14:49:32 INFO >> Grouping duplicate frequencies removed 7216 detections from the harmonic metric computation
Aug 24 14:49:32 INFO >> Starting freq-DM distance metric computation
Aug 24 14:49:32 INFO >> Finished freq-DM distance metric computation
Aug 24 14:49:32 INFO >> Largest group size for metric computation is 97
Aug 24 14:49:32 INFO >> Starting harmonic distance metric computation
Aug 24 14:49:33 INFO >> Finished harmonic distance metric computation
Aug 24 14:49:33 INFO >> Starting DBSCAN
Aug 24 14:49:33 INFO >> Finished DBSCAN
Aug 24 14:49:33 INFO >> Clusters found: 75
Aug 24 14:49:33 INFO >> Filtered 32 clusters below or equal 2 DM.
Aug 24 14:49:33 INFO >> Total number of candidate clusters=0
Aug 24 14:49:33 INFO >> Candidate Processor of stack (315.95 49.23)
Aug 24 14:49:33 INFO >> Making SinglePointingCandidates from a list of 0 PowerSpectraDetectionClusters
Aug 24 14:49:35 INFO >> saved candidates to ./results//injections/315.95_49.23_cumulative_power_spectra_stack_20220627_11_freq_dm_17.yml_(86,)_candidates.npz
Aug 24 14:49:35 INFO >> Injected Pulsars:     1
Aug 24 14:49:35 INFO >> Injection Candidates: 0
Aug 24 14:49:35 INFO >> Recovered Injections: 0
Aug 24 14:49:35 INFO >> 0 candidates.
Aug 24 14:49:37 INFO >> Unlinked shared memory for cumulative stack.
Aug 24 14:49:37 INFO >> Pipeline execution time: 1.77 minutes
