Aug 24 02:28:35 INFO >> {"message": "Waiting for suitable server to become available", "selector": "Primary()", "operation": "find", "topologyDescription": "<TopologyDescription id: 66c9455329d7a3890098adef, topology_type: Unknown, servers: [<ServerDescription ('localhost', 27017) server_type: Unknown, rtt: None>]>", "clientId": {"$oid": "66c9455329d7a3890098adef"}, "remainingTimeMS": 29}
Aug 24 02:28:35 INFO >> Features initialized as the following:
Aug 24 02:28:35 INFO >> num_unique_dms
Aug 24 02:28:35 INFO >> num_unique_freqs
Aug 24 02:28:35 INFO >> ndetections
Aug 24 02:28:35 INFO >> nharm
Aug 24 02:28:35 INFO >> log_p_dm
Aug 24 02:28:35 INFO >> ['dm_sigma_FitGaussWidth_gauss_sigma', 'dm_sigma_FitGaussWidth_gauss_sigma_rel_err', 'dm_sigma_FitGaussWidth_ndof', 'dm_sigma_FitGaussWidth_rms_err']
Aug 24 02:28:35 INFO >> ['dm_sigma_FitGauss_amplitude', 'dm_sigma_FitGauss_mu', 'dm_sigma_FitGauss_gauss_sigma', 'dm_sigma_FitGauss_amplitude_rel_err', 'dm_sigma_FitGauss_mu_rel_err', 'dm_sigma_FitGauss_gauss_sigma_rel_err', 'dm_sigma_FitGauss_amplitude-detection', 'dm_sigma_FitGauss_mu-detection', 'dm_sigma_FitGauss_ndof', 'dm_sigma_FitGauss_rms_err']
Aug 24 02:28:35 INFO >> ['freq_sigma_FitGaussWidth_gauss_sigma', 'freq_sigma_FitGaussWidth_gauss_sigma_rel_err', 'freq_sigma_FitGaussWidth_ndof', 'freq_sigma_FitGaussWidth_rms_err']
Aug 24 02:28:35 INFO >> ['freq_sigma_FitGauss_amplitude', 'freq_sigma_FitGauss_mu', 'freq_sigma_FitGauss_gauss_sigma', 'freq_sigma_FitGauss_amplitude_rel_err', 'freq_sigma_FitGauss_mu_rel_err', 'freq_sigma_FitGauss_gauss_sigma_rel_err', 'freq_sigma_FitGauss_amplitude-detection', 'freq_sigma_FitGauss_mu-detection', 'freq_sigma_FitGauss_ndof', 'freq_sigma_FitGauss_rms_err']
Aug 24 02:28:35 INFO >> Performing searching on cumulative stack 315.95 49.23
Aug 24 02:28:35 INFO >> Loading the cumulative power spectra stack to search
Aug 24 02:29:07 INFO >> DM: 107.3817479147
Aug 24 02:29:07 INFO >> sigma: 11.28372911
Aug 24 02:29:07 INFO >> frequency: 10.94949121278159
Aug 24 02:29:07 INFO >> Injecting 46 harmonics.
Aug 24 02:29:07 INFO >> Starting DM: 97.9595992477078
Aug 24 02:29:07 INFO >> Stopping DM: 116.7824148056351
Aug 24 02:29:07 INFO >> Expected detection at 9.85 sigma with 8 harmonics.
Aug 24 02:29:18 INFO >> Start searching 6558 dm trials using 32 harmonics.
Aug 24 02:29:24 INFO >> Moved power spectra to shared memory.
Aug 24 02:29:24 INFO >> Number of dm trials in single multi processing job: 10
Aug 24 02:30:13 INFO >> Total number of detections=15620
Aug 24 02:30:13 INFO >> Clustering the detections
Aug 24 02:30:13 INFO >> Starting clustering
Aug 24 02:30:13 INFO >> Rogue harmonic power filter reduced detections from 15620 to 8562
Aug 24 02:30:13 INFO >> Filtering out duplicate freq,dm detections at multiple nharms removes 790 detections
Aug 24 02:30:13 INFO >> Duplicate freq,dm filter reduced detections to 7772
Aug 24 02:30:13 INFO >> Number of detections over threshold sigma (6.0): 7772
Aug 24 02:30:13 INFO >> Grouping duplicate frequencies together first
Aug 24 02:30:13 INFO >> Grouping duplicate frequencies removed 7244 detections from the harmonic metric computation
Aug 24 02:30:13 INFO >> Starting freq-DM distance metric computation
Aug 24 02:30:13 INFO >> Finished freq-DM distance metric computation
Aug 24 02:30:13 INFO >> Largest group size for metric computation is 97
Aug 24 02:30:13 INFO >> Starting harmonic distance metric computation
Aug 24 02:30:14 INFO >> Finished harmonic distance metric computation
Aug 24 02:30:14 INFO >> Starting DBSCAN
Aug 24 02:30:14 INFO >> Finished DBSCAN
Aug 24 02:30:14 INFO >> Clusters found: 76
Aug 24 02:30:14 INFO >> Filtered 32 clusters below or equal 2 DM.
Aug 24 02:30:14 INFO >> Total number of candidate clusters=1
Aug 24 02:30:14 INFO >> Candidate Processor of stack (315.95 49.23)
Aug 24 02:30:14 INFO >> Making SinglePointingCandidates from a list of 1 PowerSpectraDetectionClusters
Aug 24 02:30:17 INFO >> saved candidates to ./results//injections/315.95_49.23_cumulative_power_spectra_stack_20220627_11_new_freq_test.yml_(3,)_candidates.npz
Aug 24 02:30:17 INFO >> Injected Pulsars:     1
Aug 24 02:30:17 INFO >> Injection Candidates: 1
Aug 24 02:30:17 INFO >> Recovered Injections: 1
Aug 24 02:30:17 INFO >> 1 candidates.
Aug 24 02:30:17 INFO >> Best candidate: F0: 10.949 DM: 107.37 Sigma: 8.91
Aug 24 02:30:18 INFO >> Unlinked shared memory for cumulative stack.
Aug 24 02:30:18 INFO >> Pipeline execution time: 1.72 minutes
