Aug 24 09:43:53 INFO >> {"message": "Waiting for suitable server to become available", "selector": "Primary()", "operation": "find", "topologyDescription": "<TopologyDescription id: 66c9ab59cb2522dc4690c0ed, topology_type: Unknown, servers: [<ServerDescription ('localhost', 27017) server_type: Unknown, rtt: None>]>", "clientId": {"$oid": "66c9ab59cb2522dc4690c0ed"}, "remainingTimeMS": 29}
Aug 24 09:43:53 INFO >> Features initialized as the following:
Aug 24 09:43:53 INFO >> num_unique_dms
Aug 24 09:43:53 INFO >> num_unique_freqs
Aug 24 09:43:53 INFO >> ndetections
Aug 24 09:43:53 INFO >> nharm
Aug 24 09:43:53 INFO >> log_p_dm
Aug 24 09:43:53 INFO >> ['dm_sigma_FitGaussWidth_gauss_sigma', 'dm_sigma_FitGaussWidth_gauss_sigma_rel_err', 'dm_sigma_FitGaussWidth_ndof', 'dm_sigma_FitGaussWidth_rms_err']
Aug 24 09:43:53 INFO >> ['dm_sigma_FitGauss_amplitude', 'dm_sigma_FitGauss_mu', 'dm_sigma_FitGauss_gauss_sigma', 'dm_sigma_FitGauss_amplitude_rel_err', 'dm_sigma_FitGauss_mu_rel_err', 'dm_sigma_FitGauss_gauss_sigma_rel_err', 'dm_sigma_FitGauss_amplitude-detection', 'dm_sigma_FitGauss_mu-detection', 'dm_sigma_FitGauss_ndof', 'dm_sigma_FitGauss_rms_err']
Aug 24 09:43:53 INFO >> ['freq_sigma_FitGaussWidth_gauss_sigma', 'freq_sigma_FitGaussWidth_gauss_sigma_rel_err', 'freq_sigma_FitGaussWidth_ndof', 'freq_sigma_FitGaussWidth_rms_err']
Aug 24 09:43:53 INFO >> ['freq_sigma_FitGauss_amplitude', 'freq_sigma_FitGauss_mu', 'freq_sigma_FitGauss_gauss_sigma', 'freq_sigma_FitGauss_amplitude_rel_err', 'freq_sigma_FitGauss_mu_rel_err', 'freq_sigma_FitGauss_gauss_sigma_rel_err', 'freq_sigma_FitGauss_amplitude-detection', 'freq_sigma_FitGauss_mu-detection', 'freq_sigma_FitGauss_ndof', 'freq_sigma_FitGauss_rms_err']
Aug 24 09:43:53 INFO >> Performing searching on cumulative stack 315.95 49.23
Aug 24 09:43:53 INFO >> Loading the cumulative power spectra stack to search
Aug 24 09:44:23 INFO >> DM: 107.3817479147
Aug 24 09:44:23 INFO >> sigma: 11.28372911
Aug 24 09:44:23 INFO >> frequency: 45.34878508128582
Aug 24 09:44:23 INFO >> Injecting 11 harmonics.
Aug 24 09:44:23 INFO >> Starting DM: 105.14465249831446
Aug 24 09:44:23 INFO >> Stopping DM: 109.69855948813559
Aug 24 09:44:23 INFO >> Expected detection at 9.56 sigma with 8 harmonics.
Aug 24 09:44:35 INFO >> Start searching 6558 dm trials using 32 harmonics.
Aug 24 09:44:44 INFO >> Moved power spectra to shared memory.
Aug 24 09:44:44 INFO >> Number of dm trials in single multi processing job: 10
Aug 24 09:45:34 INFO >> Total number of detections=15624
Aug 24 09:45:34 INFO >> Clustering the detections
Aug 24 09:45:34 INFO >> Starting clustering
Aug 24 09:45:34 INFO >> Rogue harmonic power filter reduced detections from 15624 to 8566
Aug 24 09:45:34 INFO >> Filtering out duplicate freq,dm detections at multiple nharms removes 802 detections
Aug 24 09:45:34 INFO >> Duplicate freq,dm filter reduced detections to 7764
Aug 24 09:45:34 INFO >> Number of detections over threshold sigma (6.0): 7764
Aug 24 09:45:34 INFO >> Grouping duplicate frequencies together first
Aug 24 09:45:34 INFO >> Grouping duplicate frequencies removed 7236 detections from the harmonic metric computation
Aug 24 09:45:34 INFO >> Starting freq-DM distance metric computation
Aug 24 09:45:34 INFO >> Finished freq-DM distance metric computation
Aug 24 09:45:35 INFO >> Largest group size for metric computation is 97
Aug 24 09:45:35 INFO >> Starting harmonic distance metric computation
Aug 24 09:45:35 INFO >> Finished harmonic distance metric computation
Aug 24 09:45:35 INFO >> Starting DBSCAN
Aug 24 09:45:36 INFO >> Finished DBSCAN
Aug 24 09:45:36 INFO >> Clusters found: 76
Aug 24 09:45:36 INFO >> Filtered 32 clusters below or equal 2 DM.
Aug 24 09:45:36 INFO >> Total number of candidate clusters=1
Aug 24 09:45:36 INFO >> Candidate Processor of stack (315.95 49.23)
Aug 24 09:45:36 INFO >> Making SinglePointingCandidates from a list of 1 PowerSpectraDetectionClusters
Aug 24 09:45:38 INFO >> saved candidates to ./results//injections/315.95_49.23_cumulative_power_spectra_stack_20220627_11_new_freq_test.yml_(50,)_candidates.npz
Aug 24 09:45:38 INFO >> Injected Pulsars:     1
Aug 24 09:45:38 INFO >> Injection Candidates: 1
Aug 24 09:45:38 INFO >> Recovered Injections: 1
Aug 24 09:45:38 INFO >> 1 candidates.
Aug 24 09:45:38 INFO >> Best candidate: F0: 45.349 DM: 107.37 Sigma: 9.07
Aug 24 09:45:39 INFO >> Unlinked shared memory for cumulative stack.
Aug 24 09:45:39 INFO >> Pipeline execution time: 1.77 minutes
