Aug 24 08:59:06 INFO >> {"message": "Waiting for suitable server to become available", "selector": "Primary()", "operation": "find", "topologyDescription": "<TopologyDescription id: 66c9a0da1371bfb5bd75fc6f, topology_type: Unknown, servers: [<ServerDescription ('localhost', 27017) server_type: Unknown, rtt: None>]>", "clientId": {"$oid": "66c9a0da1371bfb5bd75fc6f"}, "remainingTimeMS": 29}
Aug 24 08:59:07 INFO >> Features initialized as the following:
Aug 24 08:59:07 INFO >> num_unique_dms
Aug 24 08:59:07 INFO >> num_unique_freqs
Aug 24 08:59:07 INFO >> ndetections
Aug 24 08:59:07 INFO >> nharm
Aug 24 08:59:07 INFO >> log_p_dm
Aug 24 08:59:07 INFO >> ['dm_sigma_FitGaussWidth_gauss_sigma', 'dm_sigma_FitGaussWidth_gauss_sigma_rel_err', 'dm_sigma_FitGaussWidth_ndof', 'dm_sigma_FitGaussWidth_rms_err']
Aug 24 08:59:07 INFO >> ['dm_sigma_FitGauss_amplitude', 'dm_sigma_FitGauss_mu', 'dm_sigma_FitGauss_gauss_sigma', 'dm_sigma_FitGauss_amplitude_rel_err', 'dm_sigma_FitGauss_mu_rel_err', 'dm_sigma_FitGauss_gauss_sigma_rel_err', 'dm_sigma_FitGauss_amplitude-detection', 'dm_sigma_FitGauss_mu-detection', 'dm_sigma_FitGauss_ndof', 'dm_sigma_FitGauss_rms_err']
Aug 24 08:59:07 INFO >> ['freq_sigma_FitGaussWidth_gauss_sigma', 'freq_sigma_FitGaussWidth_gauss_sigma_rel_err', 'freq_sigma_FitGaussWidth_ndof', 'freq_sigma_FitGaussWidth_rms_err']
Aug 24 08:59:07 INFO >> ['freq_sigma_FitGauss_amplitude', 'freq_sigma_FitGauss_mu', 'freq_sigma_FitGauss_gauss_sigma', 'freq_sigma_FitGauss_amplitude_rel_err', 'freq_sigma_FitGauss_mu_rel_err', 'freq_sigma_FitGauss_gauss_sigma_rel_err', 'freq_sigma_FitGauss_amplitude-detection', 'freq_sigma_FitGauss_mu-detection', 'freq_sigma_FitGauss_ndof', 'freq_sigma_FitGauss_rms_err']
Aug 24 08:59:07 INFO >> Performing searching on cumulative stack 315.95 49.23
Aug 24 08:59:07 INFO >> Loading the cumulative power spectra stack to search
Aug 24 08:59:37 INFO >> DM: 107.3817479147
Aug 24 08:59:37 INFO >> sigma: 11.28372911
Aug 24 08:59:37 INFO >> frequency: 21.29525418521362
Aug 24 08:59:37 INFO >> Injecting 23 harmonics.
Aug 24 08:59:37 INFO >> Starting DM: 102.51350623752892
Aug 24 08:59:37 INFO >> Stopping DM: 112.22850781581398
Aug 24 08:59:37 INFO >> Expected detection at 12.65 sigma with 8 harmonics.
Aug 24 08:59:50 INFO >> Start searching 6558 dm trials using 32 harmonics.
Aug 24 08:59:59 INFO >> Moved power spectra to shared memory.
Aug 24 08:59:59 INFO >> Number of dm trials in single multi processing job: 10
Aug 24 09:00:49 INFO >> Total number of detections=15781
Aug 24 09:00:49 INFO >> Clustering the detections
Aug 24 09:00:49 INFO >> Starting clustering
Aug 24 09:00:49 INFO >> Rogue harmonic power filter reduced detections from 15781 to 8723
Aug 24 09:00:49 INFO >> Filtering out duplicate freq,dm detections at multiple nharms removes 890 detections
Aug 24 09:00:49 INFO >> Duplicate freq,dm filter reduced detections to 7833
Aug 24 09:00:49 INFO >> Number of detections over threshold sigma (6.0): 7833
Aug 24 09:00:49 INFO >> Grouping duplicate frequencies together first
Aug 24 09:00:49 INFO >> Grouping duplicate frequencies removed 7287 detections from the harmonic metric computation
Aug 24 09:00:49 INFO >> Starting freq-DM distance metric computation
Aug 24 09:00:50 INFO >> Finished freq-DM distance metric computation
Aug 24 09:00:50 INFO >> Largest group size for metric computation is 97
Aug 24 09:00:50 INFO >> Starting harmonic distance metric computation
Aug 24 09:00:51 INFO >> Finished harmonic distance metric computation
Aug 24 09:00:51 INFO >> Starting DBSCAN
Aug 24 09:00:51 INFO >> Finished DBSCAN
Aug 24 09:00:51 INFO >> Clusters found: 76
Aug 24 09:00:51 INFO >> Filtered 32 clusters below or equal 2 DM.
Aug 24 09:00:51 INFO >> Total number of candidate clusters=1
Aug 24 09:00:51 INFO >> Candidate Processor of stack (315.95 49.23)
Aug 24 09:00:51 INFO >> Making SinglePointingCandidates from a list of 1 PowerSpectraDetectionClusters
Aug 24 09:00:53 INFO >> saved candidates to ./results//injections/315.95_49.23_cumulative_power_spectra_stack_20220627_11_new_freq_test.yml_(25,)_candidates.npz
Aug 24 09:00:53 INFO >> Injected Pulsars:     1
Aug 24 09:00:53 INFO >> Injection Candidates: 1
Aug 24 09:00:53 INFO >> Recovered Injections: 1
Aug 24 09:00:53 INFO >> 1 candidates.
Aug 24 09:00:53 INFO >> Best candidate: F0: 21.295 DM: 107.37 Sigma: 12.81
Aug 24 09:00:55 INFO >> Unlinked shared memory for cumulative stack.
Aug 24 09:00:55 INFO >> Pipeline execution time: 1.81 minutes
