Aug 24 03:19:04 INFO >> {"message": "Waiting for suitable server to become available", "selector": "Primary()", "operation": "find", "topologyDescription": "<TopologyDescription id: 66c951284f0521c97bd2dd0c, topology_type: Unknown, servers: [<ServerDescription ('localhost', 27017) server_type: Unknown, rtt: None>]>", "clientId": {"$oid": "66c951284f0521c97bd2dd0c"}, "remainingTimeMS": 29}
Aug 24 03:19:04 INFO >> Features initialized as the following:
Aug 24 03:19:04 INFO >> num_unique_dms
Aug 24 03:19:04 INFO >> num_unique_freqs
Aug 24 03:19:04 INFO >> ndetections
Aug 24 03:19:04 INFO >> nharm
Aug 24 03:19:04 INFO >> log_p_dm
Aug 24 03:19:04 INFO >> ['dm_sigma_FitGaussWidth_gauss_sigma', 'dm_sigma_FitGaussWidth_gauss_sigma_rel_err', 'dm_sigma_FitGaussWidth_ndof', 'dm_sigma_FitGaussWidth_rms_err']
Aug 24 03:19:04 INFO >> ['dm_sigma_FitGauss_amplitude', 'dm_sigma_FitGauss_mu', 'dm_sigma_FitGauss_gauss_sigma', 'dm_sigma_FitGauss_amplitude_rel_err', 'dm_sigma_FitGauss_mu_rel_err', 'dm_sigma_FitGauss_gauss_sigma_rel_err', 'dm_sigma_FitGauss_amplitude-detection', 'dm_sigma_FitGauss_mu-detection', 'dm_sigma_FitGauss_ndof', 'dm_sigma_FitGauss_rms_err']
Aug 24 03:19:04 INFO >> ['freq_sigma_FitGaussWidth_gauss_sigma', 'freq_sigma_FitGaussWidth_gauss_sigma_rel_err', 'freq_sigma_FitGaussWidth_ndof', 'freq_sigma_FitGaussWidth_rms_err']
Aug 24 03:19:04 INFO >> ['freq_sigma_FitGauss_amplitude', 'freq_sigma_FitGauss_mu', 'freq_sigma_FitGauss_gauss_sigma', 'freq_sigma_FitGauss_amplitude_rel_err', 'freq_sigma_FitGauss_mu_rel_err', 'freq_sigma_FitGauss_gauss_sigma_rel_err', 'freq_sigma_FitGauss_amplitude-detection', 'freq_sigma_FitGauss_mu-detection', 'freq_sigma_FitGauss_ndof', 'freq_sigma_FitGauss_rms_err']
Aug 24 03:19:04 INFO >> Performing searching on cumulative stack 315.95 49.23
Aug 24 03:19:04 INFO >> Loading the cumulative power spectra stack to search
Aug 24 03:19:36 INFO >> DM: 107.3817479147
Aug 24 03:19:36 INFO >> sigma: 11.28372911
Aug 24 03:19:36 INFO >> frequency: 25.531169393613446
Aug 24 03:19:36 INFO >> Injecting 19 harmonics.
Aug 24 03:19:36 INFO >> Starting DM: 103.32308970238601
Aug 24 03:19:36 INFO >> Stopping DM: 111.4189243509569
Aug 24 03:19:36 INFO >> Expected detection at 9.28 sigma with 8 harmonics.
Aug 24 03:19:48 INFO >> Start searching 6558 dm trials using 32 harmonics.
Aug 24 03:19:55 INFO >> Moved power spectra to shared memory.
Aug 24 03:19:55 INFO >> Number of dm trials in single multi processing job: 10
Aug 24 03:20:44 INFO >> Total number of detections=15598
Aug 24 03:20:44 INFO >> Clustering the detections
Aug 24 03:20:44 INFO >> Starting clustering
Aug 24 03:20:44 INFO >> Rogue harmonic power filter reduced detections from 15598 to 8540
Aug 24 03:20:44 INFO >> Filtering out duplicate freq,dm detections at multiple nharms removes 789 detections
Aug 24 03:20:44 INFO >> Duplicate freq,dm filter reduced detections to 7751
Aug 24 03:20:44 INFO >> Number of detections over threshold sigma (6.0): 7751
Aug 24 03:20:44 INFO >> Grouping duplicate frequencies together first
Aug 24 03:20:44 INFO >> Grouping duplicate frequencies removed 7227 detections from the harmonic metric computation
Aug 24 03:20:44 INFO >> Starting freq-DM distance metric computation
Aug 24 03:20:45 INFO >> Finished freq-DM distance metric computation
Aug 24 03:20:45 INFO >> Largest group size for metric computation is 97
Aug 24 03:20:45 INFO >> Starting harmonic distance metric computation
Aug 24 03:20:46 INFO >> Finished harmonic distance metric computation
Aug 24 03:20:46 INFO >> Starting DBSCAN
Aug 24 03:20:46 INFO >> Finished DBSCAN
Aug 24 03:20:46 INFO >> Clusters found: 76
Aug 24 03:20:46 INFO >> Filtered 32 clusters below or equal 2 DM.
Aug 24 03:20:46 INFO >> Total number of candidate clusters=1
Aug 24 03:20:46 INFO >> Candidate Processor of stack (315.95 49.23)
Aug 24 03:20:46 INFO >> Making SinglePointingCandidates from a list of 1 PowerSpectraDetectionClusters
Aug 24 03:20:48 INFO >> saved candidates to ./results//injections/315.95_49.23_cumulative_power_spectra_stack_20220627_11_new_freq_test.yml_(31,)_candidates.npz
Aug 24 03:20:48 INFO >> Injected Pulsars:     1
Aug 24 03:20:48 INFO >> Injection Candidates: 1
Aug 24 03:20:48 INFO >> Recovered Injections: 1
Aug 24 03:20:48 INFO >> 1 candidates.
Aug 24 03:20:48 INFO >> Best candidate: F0: 25.531 DM: 107.47 Sigma: 8.24
Aug 24 03:20:50 INFO >> Unlinked shared memory for cumulative stack.
Aug 24 03:20:50 INFO >> Pipeline execution time: 1.76 minutes
