Aug 24 09:06:18 INFO >> {"message": "Waiting for suitable server to become available", "selector": "Primary()", "operation": "find", "topologyDescription": "<TopologyDescription id: 66c9a28a9f6b0c0b8cf44bef, topology_type: Unknown, servers: [<ServerDescription ('localhost', 27017) server_type: Unknown, rtt: None>]>", "clientId": {"$oid": "66c9a28a9f6b0c0b8cf44bef"}, "remainingTimeMS": 29}
Aug 24 09:06:18 INFO >> Features initialized as the following:
Aug 24 09:06:18 INFO >> num_unique_dms
Aug 24 09:06:18 INFO >> num_unique_freqs
Aug 24 09:06:18 INFO >> ndetections
Aug 24 09:06:18 INFO >> nharm
Aug 24 09:06:18 INFO >> log_p_dm
Aug 24 09:06:18 INFO >> ['dm_sigma_FitGaussWidth_gauss_sigma', 'dm_sigma_FitGaussWidth_gauss_sigma_rel_err', 'dm_sigma_FitGaussWidth_ndof', 'dm_sigma_FitGaussWidth_rms_err']
Aug 24 09:06:18 INFO >> ['dm_sigma_FitGauss_amplitude', 'dm_sigma_FitGauss_mu', 'dm_sigma_FitGauss_gauss_sigma', 'dm_sigma_FitGauss_amplitude_rel_err', 'dm_sigma_FitGauss_mu_rel_err', 'dm_sigma_FitGauss_gauss_sigma_rel_err', 'dm_sigma_FitGauss_amplitude-detection', 'dm_sigma_FitGauss_mu-detection', 'dm_sigma_FitGauss_ndof', 'dm_sigma_FitGauss_rms_err']
Aug 24 09:06:18 INFO >> ['freq_sigma_FitGaussWidth_gauss_sigma', 'freq_sigma_FitGaussWidth_gauss_sigma_rel_err', 'freq_sigma_FitGaussWidth_ndof', 'freq_sigma_FitGaussWidth_rms_err']
Aug 24 09:06:18 INFO >> ['freq_sigma_FitGauss_amplitude', 'freq_sigma_FitGauss_mu', 'freq_sigma_FitGauss_gauss_sigma', 'freq_sigma_FitGauss_amplitude_rel_err', 'freq_sigma_FitGauss_mu_rel_err', 'freq_sigma_FitGauss_gauss_sigma_rel_err', 'freq_sigma_FitGauss_amplitude-detection', 'freq_sigma_FitGauss_mu-detection', 'freq_sigma_FitGauss_ndof', 'freq_sigma_FitGauss_rms_err']
Aug 24 09:06:18 INFO >> Performing searching on cumulative stack 315.95 49.23
Aug 24 09:06:18 INFO >> Loading the cumulative power spectra stack to search
Aug 24 09:06:49 INFO >> DM: 107.3817479147
Aug 24 09:06:49 INFO >> sigma: 11.28372911
Aug 24 09:06:49 INFO >> frequency: 24.033005221249482
Aug 24 09:06:49 INFO >> Injecting 21 harmonics.
Aug 24 09:06:49 INFO >> Starting DM: 103.12069383617174
Aug 24 09:06:49 INFO >> Stopping DM: 111.62132021717117
Aug 24 09:06:49 INFO >> Expected detection at 12.32 sigma with 8 harmonics.
Aug 24 09:07:01 INFO >> Start searching 6558 dm trials using 32 harmonics.
Aug 24 09:07:08 INFO >> Moved power spectra to shared memory.
Aug 24 09:07:08 INFO >> Number of dm trials in single multi processing job: 10
Aug 24 09:07:57 INFO >> Total number of detections=15735
Aug 24 09:07:57 INFO >> Clustering the detections
Aug 24 09:07:57 INFO >> Starting clustering
Aug 24 09:07:57 INFO >> Rogue harmonic power filter reduced detections from 15735 to 8677
Aug 24 09:07:57 INFO >> Filtering out duplicate freq,dm detections at multiple nharms removes 854 detections
Aug 24 09:07:57 INFO >> Duplicate freq,dm filter reduced detections to 7823
Aug 24 09:07:57 INFO >> Number of detections over threshold sigma (6.0): 7823
Aug 24 09:07:57 INFO >> Grouping duplicate frequencies together first
Aug 24 09:07:57 INFO >> Grouping duplicate frequencies removed 7283 detections from the harmonic metric computation
Aug 24 09:07:57 INFO >> Starting freq-DM distance metric computation
Aug 24 09:07:57 INFO >> Finished freq-DM distance metric computation
Aug 24 09:07:58 INFO >> Largest group size for metric computation is 97
Aug 24 09:07:58 INFO >> Starting harmonic distance metric computation
Aug 24 09:07:58 INFO >> Finished harmonic distance metric computation
Aug 24 09:07:58 INFO >> Starting DBSCAN
Aug 24 09:07:59 INFO >> Finished DBSCAN
Aug 24 09:07:59 INFO >> Clusters found: 77
Aug 24 09:07:59 INFO >> Filtered 32 clusters below or equal 2 DM.
Aug 24 09:07:59 INFO >> Total number of candidate clusters=2
Aug 24 09:07:59 INFO >> Candidate Processor of stack (315.95 49.23)
Aug 24 09:07:59 INFO >> Making SinglePointingCandidates from a list of 2 PowerSpectraDetectionClusters
Aug 24 09:08:01 INFO >> saved candidates to ./results//injections/315.95_49.23_cumulative_power_spectra_stack_20220627_11_new_freq_test.yml_(29,)_candidates.npz
Aug 24 09:08:01 INFO >> Injected Pulsars:     1
Aug 24 09:08:01 INFO >> Injection Candidates: 2
Aug 24 09:08:01 INFO >> Recovered Injections: 1
Aug 24 09:08:01 INFO >> 2 candidates.
Aug 24 09:08:01 INFO >> Best candidate: F0: 24.033 DM: 107.37 Sigma: 13.25
Aug 24 09:08:02 INFO >> Unlinked shared memory for cumulative stack.
Aug 24 09:08:02 INFO >> Pipeline execution time: 1.74 minutes
