Aug 24 08:35:56 INFO >> {"message": "Waiting for suitable server to become available", "selector": "Primary()", "operation": "find", "topologyDescription": "<TopologyDescription id: 66c99b6cb147bf5da9d8f08c, topology_type: Unknown, servers: [<ServerDescription ('localhost', 27017) server_type: Unknown, rtt: None>]>", "clientId": {"$oid": "66c99b6cb147bf5da9d8f08c"}, "remainingTimeMS": 29}
Aug 24 08:35:56 INFO >> Features initialized as the following:
Aug 24 08:35:56 INFO >> num_unique_dms
Aug 24 08:35:56 INFO >> num_unique_freqs
Aug 24 08:35:56 INFO >> ndetections
Aug 24 08:35:56 INFO >> nharm
Aug 24 08:35:56 INFO >> log_p_dm
Aug 24 08:35:56 INFO >> ['dm_sigma_FitGaussWidth_gauss_sigma', 'dm_sigma_FitGaussWidth_gauss_sigma_rel_err', 'dm_sigma_FitGaussWidth_ndof', 'dm_sigma_FitGaussWidth_rms_err']
Aug 24 08:35:56 INFO >> ['dm_sigma_FitGauss_amplitude', 'dm_sigma_FitGauss_mu', 'dm_sigma_FitGauss_gauss_sigma', 'dm_sigma_FitGauss_amplitude_rel_err', 'dm_sigma_FitGauss_mu_rel_err', 'dm_sigma_FitGauss_gauss_sigma_rel_err', 'dm_sigma_FitGauss_amplitude-detection', 'dm_sigma_FitGauss_mu-detection', 'dm_sigma_FitGauss_ndof', 'dm_sigma_FitGauss_rms_err']
Aug 24 08:35:56 INFO >> ['freq_sigma_FitGaussWidth_gauss_sigma', 'freq_sigma_FitGaussWidth_gauss_sigma_rel_err', 'freq_sigma_FitGaussWidth_ndof', 'freq_sigma_FitGaussWidth_rms_err']
Aug 24 08:35:56 INFO >> ['freq_sigma_FitGauss_amplitude', 'freq_sigma_FitGauss_mu', 'freq_sigma_FitGauss_gauss_sigma', 'freq_sigma_FitGauss_amplitude_rel_err', 'freq_sigma_FitGauss_mu_rel_err', 'freq_sigma_FitGauss_gauss_sigma_rel_err', 'freq_sigma_FitGauss_amplitude-detection', 'freq_sigma_FitGauss_mu-detection', 'freq_sigma_FitGauss_ndof', 'freq_sigma_FitGauss_rms_err']
Aug 24 08:35:57 INFO >> Performing searching on cumulative stack 315.95 49.23
Aug 24 08:35:57 INFO >> Loading the cumulative power spectra stack to search
Aug 24 08:36:27 INFO >> DM: 107.3817479147
Aug 24 08:36:27 INFO >> sigma: 11.28372911
Aug 24 08:36:27 INFO >> frequency: 14.373937679631043
Aug 24 08:36:27 INFO >> Injecting 35 harmonics.
Aug 24 08:36:27 INFO >> Starting DM: 100.18595377606479
Aug 24 08:36:27 INFO >> Stopping DM: 114.55606027727812
Aug 24 08:36:27 INFO >> Expected detection at 9.32 sigma with 8 harmonics.
Aug 24 08:36:38 INFO >> Start searching 6558 dm trials using 32 harmonics.
Aug 24 08:36:46 INFO >> Moved power spectra to shared memory.
Aug 24 08:36:46 INFO >> Number of dm trials in single multi processing job: 10
Aug 24 08:37:34 INFO >> Total number of detections=15680
Aug 24 08:37:34 INFO >> Clustering the detections
Aug 24 08:37:34 INFO >> Starting clustering
Aug 24 08:37:34 INFO >> Rogue harmonic power filter reduced detections from 15680 to 8622
Aug 24 08:37:34 INFO >> Filtering out duplicate freq,dm detections at multiple nharms removes 833 detections
Aug 24 08:37:34 INFO >> Duplicate freq,dm filter reduced detections to 7789
Aug 24 08:37:34 INFO >> Number of detections over threshold sigma (6.0): 7789
Aug 24 08:37:34 INFO >> Grouping duplicate frequencies together first
Aug 24 08:37:34 INFO >> Grouping duplicate frequencies removed 7257 detections from the harmonic metric computation
Aug 24 08:37:34 INFO >> Starting freq-DM distance metric computation
Aug 24 08:37:34 INFO >> Finished freq-DM distance metric computation
Aug 24 08:37:35 INFO >> Largest group size for metric computation is 111
Aug 24 08:37:35 INFO >> Starting harmonic distance metric computation
Aug 24 08:37:35 INFO >> Finished harmonic distance metric computation
Aug 24 08:37:35 INFO >> Starting DBSCAN
Aug 24 08:37:36 INFO >> Finished DBSCAN
Aug 24 08:37:36 INFO >> Clusters found: 75
Aug 24 08:37:36 INFO >> Filtered 32 clusters below or equal 2 DM.
Aug 24 08:37:36 INFO >> Total number of candidate clusters=0
Aug 24 08:37:36 INFO >> Candidate Processor of stack (315.95 49.23)
Aug 24 08:37:36 INFO >> Making SinglePointingCandidates from a list of 0 PowerSpectraDetectionClusters
Aug 24 08:37:38 INFO >> saved candidates to ./results//injections/315.95_49.23_cumulative_power_spectra_stack_20220627_11_new_freq_test.yml_(12,)_candidates.npz
Aug 24 08:37:38 INFO >> Injected Pulsars:     1
Aug 24 08:37:38 INFO >> Injection Candidates: 0
Aug 24 08:37:38 INFO >> Recovered Injections: 0
Aug 24 08:37:38 INFO >> 0 candidates.
Aug 24 08:37:39 INFO >> Unlinked shared memory for cumulative stack.
Aug 24 08:37:39 INFO >> Pipeline execution time: 1.71 minutes
