Aug 24 08:01:10 INFO >> {"message": "Waiting for suitable server to become available", "selector": "Primary()", "operation": "find", "topologyDescription": "<TopologyDescription id: 66c9934652b4260412f3d0af, topology_type: Unknown, servers: [<ServerDescription ('localhost', 27017) server_type: Unknown, rtt: None>]>", "clientId": {"$oid": "66c9934652b4260412f3d0af"}, "remainingTimeMS": 29}
Aug 24 08:01:10 INFO >> Features initialized as the following:
Aug 24 08:01:10 INFO >> num_unique_dms
Aug 24 08:01:10 INFO >> num_unique_freqs
Aug 24 08:01:10 INFO >> ndetections
Aug 24 08:01:10 INFO >> nharm
Aug 24 08:01:10 INFO >> log_p_dm
Aug 24 08:01:10 INFO >> ['dm_sigma_FitGaussWidth_gauss_sigma', 'dm_sigma_FitGaussWidth_gauss_sigma_rel_err', 'dm_sigma_FitGaussWidth_ndof', 'dm_sigma_FitGaussWidth_rms_err']
Aug 24 08:01:10 INFO >> ['dm_sigma_FitGauss_amplitude', 'dm_sigma_FitGauss_mu', 'dm_sigma_FitGauss_gauss_sigma', 'dm_sigma_FitGauss_amplitude_rel_err', 'dm_sigma_FitGauss_mu_rel_err', 'dm_sigma_FitGauss_gauss_sigma_rel_err', 'dm_sigma_FitGauss_amplitude-detection', 'dm_sigma_FitGauss_mu-detection', 'dm_sigma_FitGauss_ndof', 'dm_sigma_FitGauss_rms_err']
Aug 24 08:01:10 INFO >> ['freq_sigma_FitGaussWidth_gauss_sigma', 'freq_sigma_FitGaussWidth_gauss_sigma_rel_err', 'freq_sigma_FitGaussWidth_ndof', 'freq_sigma_FitGaussWidth_rms_err']
Aug 24 08:01:10 INFO >> ['freq_sigma_FitGauss_amplitude', 'freq_sigma_FitGauss_mu', 'freq_sigma_FitGauss_gauss_sigma', 'freq_sigma_FitGauss_amplitude_rel_err', 'freq_sigma_FitGauss_mu_rel_err', 'freq_sigma_FitGauss_gauss_sigma_rel_err', 'freq_sigma_FitGauss_amplitude-detection', 'freq_sigma_FitGauss_mu-detection', 'freq_sigma_FitGauss_ndof', 'freq_sigma_FitGauss_rms_err']
Aug 24 08:01:10 INFO >> Performing searching on cumulative stack 315.95 49.23
Aug 24 08:01:10 INFO >> Loading the cumulative power spectra stack to search
Aug 24 08:01:40 INFO >> DM: 181.19608321099525
Aug 24 08:01:40 INFO >> sigma: 9.267018354489426
Aug 24 08:01:40 INFO >> frequency: 42.76644187492853
Aug 24 08:01:40 INFO >> Injecting 11 harmonics.
Aug 24 08:01:40 INFO >> Starting DM: 178.81674780030957
Aug 24 08:01:40 INFO >> Stopping DM: 183.57305065634498
Aug 24 08:01:40 INFO >> Expected detection at 7.20 sigma with 4 harmonics.
Aug 24 08:01:52 INFO >> Start searching 6558 dm trials using 32 harmonics.
Aug 24 08:01:59 INFO >> Moved power spectra to shared memory.
Aug 24 08:01:59 INFO >> Number of dm trials in single multi processing job: 10
Aug 24 08:02:49 INFO >> Total number of detections=15589
Aug 24 08:02:49 INFO >> Clustering the detections
Aug 24 08:02:49 INFO >> Starting clustering
Aug 24 08:02:50 INFO >> Rogue harmonic power filter reduced detections from 15589 to 8531
Aug 24 08:02:50 INFO >> Filtering out duplicate freq,dm detections at multiple nharms removes 789 detections
Aug 24 08:02:50 INFO >> Duplicate freq,dm filter reduced detections to 7742
Aug 24 08:02:50 INFO >> Number of detections over threshold sigma (6.0): 7742
Aug 24 08:02:50 INFO >> Grouping duplicate frequencies together first
Aug 24 08:02:50 INFO >> Grouping duplicate frequencies removed 7220 detections from the harmonic metric computation
Aug 24 08:02:50 INFO >> Starting freq-DM distance metric computation
Aug 24 08:02:50 INFO >> Finished freq-DM distance metric computation
Aug 24 08:02:50 INFO >> Largest group size for metric computation is 97
Aug 24 08:02:50 INFO >> Starting harmonic distance metric computation
Aug 24 08:02:51 INFO >> Finished harmonic distance metric computation
Aug 24 08:02:51 INFO >> Starting DBSCAN
Aug 24 08:02:51 INFO >> Finished DBSCAN
Aug 24 08:02:51 INFO >> Clusters found: 76
Aug 24 08:02:51 INFO >> Filtered 32 clusters below or equal 2 DM.
Aug 24 08:02:51 INFO >> Total number of candidate clusters=1
Aug 24 08:02:51 INFO >> Candidate Processor of stack (315.95 49.23)
Aug 24 08:02:51 INFO >> Making SinglePointingCandidates from a list of 1 PowerSpectraDetectionClusters
Aug 24 08:02:54 INFO >> saved candidates to ./results//injections/315.95_49.23_cumulative_power_spectra_stack_20220627_11_random.yml_(0,)_candidates.npz
Aug 24 08:02:54 INFO >> Injected Pulsars:     1
Aug 24 08:02:54 INFO >> Injection Candidates: 1
Aug 24 08:02:54 INFO >> Recovered Injections: 1
Aug 24 08:02:54 INFO >> 1 candidates.
Aug 24 08:02:54 INFO >> Best candidate: F0: 42.766 DM: 181.25 Sigma: 7.64
Aug 24 08:02:55 INFO >> Unlinked shared memory for cumulative stack.
Aug 24 08:02:55 INFO >> Pipeline execution time: 1.75 minutes
