Aug 24 03:49:52 INFO >> {"message": "Waiting for suitable server to become available", "selector": "Primary()", "operation": "find", "topologyDescription": "<TopologyDescription id: 66c9586022b942d7fc252e26, topology_type: Unknown, servers: [<ServerDescription ('localhost', 27017) server_type: Unknown, rtt: None>]>", "clientId": {"$oid": "66c9586022b942d7fc252e26"}, "remainingTimeMS": 29}
Aug 24 03:49:52 INFO >> Features initialized as the following:
Aug 24 03:49:52 INFO >> num_unique_dms
Aug 24 03:49:52 INFO >> num_unique_freqs
Aug 24 03:49:52 INFO >> ndetections
Aug 24 03:49:52 INFO >> nharm
Aug 24 03:49:52 INFO >> log_p_dm
Aug 24 03:49:52 INFO >> ['dm_sigma_FitGaussWidth_gauss_sigma', 'dm_sigma_FitGaussWidth_gauss_sigma_rel_err', 'dm_sigma_FitGaussWidth_ndof', 'dm_sigma_FitGaussWidth_rms_err']
Aug 24 03:49:52 INFO >> ['dm_sigma_FitGauss_amplitude', 'dm_sigma_FitGauss_mu', 'dm_sigma_FitGauss_gauss_sigma', 'dm_sigma_FitGauss_amplitude_rel_err', 'dm_sigma_FitGauss_mu_rel_err', 'dm_sigma_FitGauss_gauss_sigma_rel_err', 'dm_sigma_FitGauss_amplitude-detection', 'dm_sigma_FitGauss_mu-detection', 'dm_sigma_FitGauss_ndof', 'dm_sigma_FitGauss_rms_err']
Aug 24 03:49:52 INFO >> ['freq_sigma_FitGaussWidth_gauss_sigma', 'freq_sigma_FitGaussWidth_gauss_sigma_rel_err', 'freq_sigma_FitGaussWidth_ndof', 'freq_sigma_FitGaussWidth_rms_err']
Aug 24 03:49:52 INFO >> ['freq_sigma_FitGauss_amplitude', 'freq_sigma_FitGauss_mu', 'freq_sigma_FitGauss_gauss_sigma', 'freq_sigma_FitGauss_amplitude_rel_err', 'freq_sigma_FitGauss_mu_rel_err', 'freq_sigma_FitGauss_gauss_sigma_rel_err', 'freq_sigma_FitGauss_amplitude-detection', 'freq_sigma_FitGauss_mu-detection', 'freq_sigma_FitGauss_ndof', 'freq_sigma_FitGauss_rms_err']
Aug 24 03:49:52 INFO >> Performing searching on cumulative stack 315.95 49.23
Aug 24 03:49:52 INFO >> Loading the cumulative power spectra stack to search
Aug 24 03:50:22 INFO >> DM: 107.3817479147
Aug 24 03:50:22 INFO >> sigma: 11.28372911
Aug 24 03:50:22 INFO >> frequency: 42.68772698317883
Aug 24 03:50:22 INFO >> Injecting 11 harmonics.
Aug 24 03:50:22 INFO >> Starting DM: 104.9422566321002
Aug 24 03:50:22 INFO >> Stopping DM: 109.79975742124273
Aug 24 03:50:22 INFO >> Expected detection at 9.49 sigma with 8 harmonics.
Aug 24 03:50:34 INFO >> Start searching 6558 dm trials using 32 harmonics.
Aug 24 03:50:42 INFO >> Moved power spectra to shared memory.
Aug 24 03:50:42 INFO >> Number of dm trials in single multi processing job: 10
Aug 24 03:51:31 INFO >> Total number of detections=15624
Aug 24 03:51:31 INFO >> Clustering the detections
Aug 24 03:51:31 INFO >> Starting clustering
Aug 24 03:51:31 INFO >> Rogue harmonic power filter reduced detections from 15624 to 8566
Aug 24 03:51:31 INFO >> Filtering out duplicate freq,dm detections at multiple nharms removes 798 detections
Aug 24 03:51:31 INFO >> Duplicate freq,dm filter reduced detections to 7768
Aug 24 03:51:31 INFO >> Number of detections over threshold sigma (6.0): 7768
Aug 24 03:51:31 INFO >> Grouping duplicate frequencies together first
Aug 24 03:51:31 INFO >> Grouping duplicate frequencies removed 7239 detections from the harmonic metric computation
Aug 24 03:51:31 INFO >> Starting freq-DM distance metric computation
Aug 24 03:51:32 INFO >> Finished freq-DM distance metric computation
Aug 24 03:51:32 INFO >> Largest group size for metric computation is 97
Aug 24 03:51:32 INFO >> Starting harmonic distance metric computation
Aug 24 03:51:33 INFO >> Finished harmonic distance metric computation
Aug 24 03:51:33 INFO >> Starting DBSCAN
Aug 24 03:51:33 INFO >> Finished DBSCAN
Aug 24 03:51:33 INFO >> Clusters found: 76
Aug 24 03:51:33 INFO >> Filtered 32 clusters below or equal 2 DM.
Aug 24 03:51:33 INFO >> Total number of candidate clusters=1
Aug 24 03:51:33 INFO >> Candidate Processor of stack (315.95 49.23)
Aug 24 03:51:33 INFO >> Making SinglePointingCandidates from a list of 1 PowerSpectraDetectionClusters
Aug 24 03:51:35 INFO >> saved candidates to ./results//injections/315.95_49.23_cumulative_power_spectra_stack_20220627_11_new_freq_test.yml_(48,)_candidates.npz
Aug 24 03:51:35 INFO >> Injected Pulsars:     1
Aug 24 03:51:35 INFO >> Injection Candidates: 1
Aug 24 03:51:35 INFO >> Recovered Injections: 1
Aug 24 03:51:35 INFO >> 1 candidates.
Aug 24 03:51:35 INFO >> Best candidate: F0: 42.688 DM: 107.37 Sigma: 9.65
Aug 24 03:51:36 INFO >> Unlinked shared memory for cumulative stack.
Aug 24 03:51:36 INFO >> Pipeline execution time: 1.74 minutes
