Aug 24 03:33:34 INFO >> {"message": "Waiting for suitable server to become available", "selector": "Primary()", "operation": "find", "topologyDescription": "<TopologyDescription id: 66c9548e7ef9074e8d9350f3, topology_type: Unknown, servers: [<ServerDescription ('localhost', 27017) server_type: Unknown, rtt: None>]>", "clientId": {"$oid": "66c9548e7ef9074e8d9350f3"}, "remainingTimeMS": 29}
Aug 24 03:33:34 INFO >> Features initialized as the following:
Aug 24 03:33:34 INFO >> num_unique_dms
Aug 24 03:33:34 INFO >> num_unique_freqs
Aug 24 03:33:34 INFO >> ndetections
Aug 24 03:33:34 INFO >> nharm
Aug 24 03:33:34 INFO >> log_p_dm
Aug 24 03:33:34 INFO >> ['dm_sigma_FitGaussWidth_gauss_sigma', 'dm_sigma_FitGaussWidth_gauss_sigma_rel_err', 'dm_sigma_FitGaussWidth_ndof', 'dm_sigma_FitGaussWidth_rms_err']
Aug 24 03:33:34 INFO >> ['dm_sigma_FitGauss_amplitude', 'dm_sigma_FitGauss_mu', 'dm_sigma_FitGauss_gauss_sigma', 'dm_sigma_FitGauss_amplitude_rel_err', 'dm_sigma_FitGauss_mu_rel_err', 'dm_sigma_FitGauss_gauss_sigma_rel_err', 'dm_sigma_FitGauss_amplitude-detection', 'dm_sigma_FitGauss_mu-detection', 'dm_sigma_FitGauss_ndof', 'dm_sigma_FitGauss_rms_err']
Aug 24 03:33:34 INFO >> ['freq_sigma_FitGaussWidth_gauss_sigma', 'freq_sigma_FitGaussWidth_gauss_sigma_rel_err', 'freq_sigma_FitGaussWidth_ndof', 'freq_sigma_FitGaussWidth_rms_err']
Aug 24 03:33:34 INFO >> ['freq_sigma_FitGauss_amplitude', 'freq_sigma_FitGauss_mu', 'freq_sigma_FitGauss_gauss_sigma', 'freq_sigma_FitGauss_amplitude_rel_err', 'freq_sigma_FitGauss_mu_rel_err', 'freq_sigma_FitGauss_gauss_sigma_rel_err', 'freq_sigma_FitGauss_amplitude-detection', 'freq_sigma_FitGauss_mu-detection', 'freq_sigma_FitGauss_ndof', 'freq_sigma_FitGauss_rms_err']
Aug 24 03:33:34 INFO >> Performing searching on cumulative stack 315.95 49.23
Aug 24 03:33:34 INFO >> Loading the cumulative power spectra stack to search
Aug 24 03:34:04 INFO >> DM: 107.3817479147
Aug 24 03:34:04 INFO >> sigma: 11.28372911
Aug 24 03:34:04 INFO >> frequency: 32.51780423107651
Aug 24 03:34:04 INFO >> Injecting 15 harmonics.
Aug 24 03:34:04 INFO >> Starting DM: 104.23387110035024
Aug 24 03:34:04 INFO >> Stopping DM: 110.50814295299269
Aug 24 03:34:04 INFO >> Expected detection at 10.52 sigma with 4 harmonics.
Aug 24 03:34:16 INFO >> Start searching 6558 dm trials using 32 harmonics.
Aug 24 03:34:23 INFO >> Moved power spectra to shared memory.
Aug 24 03:34:23 INFO >> Number of dm trials in single multi processing job: 10
Aug 24 03:35:14 INFO >> Total number of detections=15664
Aug 24 03:35:14 INFO >> Clustering the detections
Aug 24 03:35:14 INFO >> Starting clustering
Aug 24 03:35:14 INFO >> Rogue harmonic power filter reduced detections from 15664 to 8601
Aug 24 03:35:14 INFO >> Filtering out duplicate freq,dm detections at multiple nharms removes 824 detections
Aug 24 03:35:14 INFO >> Duplicate freq,dm filter reduced detections to 7777
Aug 24 03:35:14 INFO >> Number of detections over threshold sigma (6.0): 7777
Aug 24 03:35:14 INFO >> Grouping duplicate frequencies together first
Aug 24 03:35:14 INFO >> Grouping duplicate frequencies removed 7246 detections from the harmonic metric computation
Aug 24 03:35:14 INFO >> Starting freq-DM distance metric computation
Aug 24 03:35:14 INFO >> Finished freq-DM distance metric computation
Aug 24 03:35:14 INFO >> Largest group size for metric computation is 97
Aug 24 03:35:14 INFO >> Starting harmonic distance metric computation
Aug 24 03:35:15 INFO >> Finished harmonic distance metric computation
Aug 24 03:35:15 INFO >> Starting DBSCAN
Aug 24 03:35:15 INFO >> Finished DBSCAN
Aug 24 03:35:15 INFO >> Clusters found: 76
Aug 24 03:35:15 INFO >> Filtered 32 clusters below or equal 2 DM.
Aug 24 03:35:15 INFO >> Total number of candidate clusters=1
Aug 24 03:35:15 INFO >> Candidate Processor of stack (315.95 49.23)
Aug 24 03:35:15 INFO >> Making SinglePointingCandidates from a list of 1 PowerSpectraDetectionClusters
Aug 24 03:35:18 INFO >> saved candidates to ./results//injections/315.95_49.23_cumulative_power_spectra_stack_20220627_11_new_freq_test.yml_(39,)_candidates.npz
Aug 24 03:35:18 INFO >> Injected Pulsars:     1
Aug 24 03:35:18 INFO >> Injection Candidates: 1
Aug 24 03:35:18 INFO >> Recovered Injections: 1
Aug 24 03:35:18 INFO >> 1 candidates.
Aug 24 03:35:18 INFO >> Best candidate: F0: 32.518 DM: 107.37 Sigma: 10.48
Aug 24 03:35:19 INFO >> Unlinked shared memory for cumulative stack.
Aug 24 03:35:19 INFO >> Pipeline execution time: 1.76 minutes
