Aug 24 08:55:33 INFO >> {"message": "Waiting for suitable server to become available", "selector": "Primary()", "operation": "find", "topologyDescription": "<TopologyDescription id: 66c9a00598d02a1985012247, topology_type: Unknown, servers: [<ServerDescription ('localhost', 27017) server_type: Unknown, rtt: None>]>", "clientId": {"$oid": "66c9a00598d02a1985012247"}, "remainingTimeMS": 29}
Aug 24 08:55:33 INFO >> Features initialized as the following:
Aug 24 08:55:33 INFO >> num_unique_dms
Aug 24 08:55:33 INFO >> num_unique_freqs
Aug 24 08:55:33 INFO >> ndetections
Aug 24 08:55:33 INFO >> nharm
Aug 24 08:55:33 INFO >> log_p_dm
Aug 24 08:55:33 INFO >> ['dm_sigma_FitGaussWidth_gauss_sigma', 'dm_sigma_FitGaussWidth_gauss_sigma_rel_err', 'dm_sigma_FitGaussWidth_ndof', 'dm_sigma_FitGaussWidth_rms_err']
Aug 24 08:55:33 INFO >> ['dm_sigma_FitGauss_amplitude', 'dm_sigma_FitGauss_mu', 'dm_sigma_FitGauss_gauss_sigma', 'dm_sigma_FitGauss_amplitude_rel_err', 'dm_sigma_FitGauss_mu_rel_err', 'dm_sigma_FitGauss_gauss_sigma_rel_err', 'dm_sigma_FitGauss_amplitude-detection', 'dm_sigma_FitGauss_mu-detection', 'dm_sigma_FitGauss_ndof', 'dm_sigma_FitGauss_rms_err']
Aug 24 08:55:33 INFO >> ['freq_sigma_FitGaussWidth_gauss_sigma', 'freq_sigma_FitGaussWidth_gauss_sigma_rel_err', 'freq_sigma_FitGaussWidth_ndof', 'freq_sigma_FitGaussWidth_rms_err']
Aug 24 08:55:33 INFO >> ['freq_sigma_FitGauss_amplitude', 'freq_sigma_FitGauss_mu', 'freq_sigma_FitGauss_gauss_sigma', 'freq_sigma_FitGauss_amplitude_rel_err', 'freq_sigma_FitGauss_mu_rel_err', 'freq_sigma_FitGauss_gauss_sigma_rel_err', 'freq_sigma_FitGauss_amplitude-detection', 'freq_sigma_FitGauss_mu-detection', 'freq_sigma_FitGauss_ndof', 'freq_sigma_FitGauss_rms_err']
Aug 24 08:55:33 INFO >> Performing searching on cumulative stack 315.95 49.23
Aug 24 08:55:33 INFO >> Loading the cumulative power spectra stack to search
Aug 24 08:56:04 INFO >> DM: 107.3817479147
Aug 24 08:56:04 INFO >> sigma: 11.28372911
Aug 24 08:56:04 INFO >> frequency: 20.04565271299702
Aug 24 08:56:04 INFO >> Injecting 25 harmonics.
Aug 24 08:56:04 INFO >> Starting DM: 102.20991243820751
Aug 24 08:56:04 INFO >> Stopping DM: 112.5321016151354
Aug 24 08:56:04 INFO >> Expected detection at 10.50 sigma with 8 harmonics.
Aug 24 08:56:15 INFO >> Start searching 6558 dm trials using 32 harmonics.
Aug 24 08:56:22 INFO >> Moved power spectra to shared memory.
Aug 24 08:56:22 INFO >> Number of dm trials in single multi processing job: 10
Aug 24 08:57:11 INFO >> Total number of detections=15777
Aug 24 08:57:11 INFO >> Clustering the detections
Aug 24 08:57:11 INFO >> Starting clustering
Aug 24 08:57:11 INFO >> Rogue harmonic power filter reduced detections from 15777 to 8719
Aug 24 08:57:11 INFO >> Filtering out duplicate freq,dm detections at multiple nharms removes 862 detections
Aug 24 08:57:11 INFO >> Duplicate freq,dm filter reduced detections to 7857
Aug 24 08:57:11 INFO >> Number of detections over threshold sigma (6.0): 7857
Aug 24 08:57:11 INFO >> Grouping duplicate frequencies together first
Aug 24 08:57:11 INFO >> Grouping duplicate frequencies removed 7314 detections from the harmonic metric computation
Aug 24 08:57:11 INFO >> Starting freq-DM distance metric computation
Aug 24 08:57:11 INFO >> Finished freq-DM distance metric computation
Aug 24 08:57:12 INFO >> Largest group size for metric computation is 97
Aug 24 08:57:12 INFO >> Starting harmonic distance metric computation
Aug 24 08:57:12 INFO >> Finished harmonic distance metric computation
Aug 24 08:57:12 INFO >> Starting DBSCAN
Aug 24 08:57:13 INFO >> Finished DBSCAN
Aug 24 08:57:13 INFO >> Clusters found: 76
Aug 24 08:57:13 INFO >> Filtered 32 clusters below or equal 2 DM.
Aug 24 08:57:13 INFO >> Total number of candidate clusters=1
Aug 24 08:57:13 INFO >> Candidate Processor of stack (315.95 49.23)
Aug 24 08:57:13 INFO >> Making SinglePointingCandidates from a list of 1 PowerSpectraDetectionClusters
Aug 24 08:57:15 INFO >> saved candidates to ./results//injections/315.95_49.23_cumulative_power_spectra_stack_20220627_11_new_freq_test.yml_(23,)_candidates.npz
Aug 24 08:57:15 INFO >> Injected Pulsars:     1
Aug 24 08:57:15 INFO >> Injection Candidates: 1
Aug 24 08:57:15 INFO >> Recovered Injections: 1
Aug 24 08:57:15 INFO >> 1 candidates.
Aug 24 08:57:15 INFO >> Best candidate: F0: 20.046 DM: 107.37 Sigma: 11.53
Aug 24 08:57:16 INFO >> Unlinked shared memory for cumulative stack.
Aug 24 08:57:16 INFO >> Pipeline execution time: 1.72 minutes
