Aug 24 10:23:21 INFO >> {"message": "Waiting for suitable server to become available", "selector": "Primary()", "operation": "find", "topologyDescription": "<TopologyDescription id: 66c9b4994c2773b5f9fa2435, topology_type: Unknown, servers: [<ServerDescription ('localhost', 27017) server_type: Unknown, rtt: None>]>", "clientId": {"$oid": "66c9b4994c2773b5f9fa2435"}, "remainingTimeMS": 29}
Aug 24 10:23:21 INFO >> Features initialized as the following:
Aug 24 10:23:21 INFO >> num_unique_dms
Aug 24 10:23:21 INFO >> num_unique_freqs
Aug 24 10:23:21 INFO >> ndetections
Aug 24 10:23:21 INFO >> nharm
Aug 24 10:23:21 INFO >> log_p_dm
Aug 24 10:23:21 INFO >> ['dm_sigma_FitGaussWidth_gauss_sigma', 'dm_sigma_FitGaussWidth_gauss_sigma_rel_err', 'dm_sigma_FitGaussWidth_ndof', 'dm_sigma_FitGaussWidth_rms_err']
Aug 24 10:23:21 INFO >> ['dm_sigma_FitGauss_amplitude', 'dm_sigma_FitGauss_mu', 'dm_sigma_FitGauss_gauss_sigma', 'dm_sigma_FitGauss_amplitude_rel_err', 'dm_sigma_FitGauss_mu_rel_err', 'dm_sigma_FitGauss_gauss_sigma_rel_err', 'dm_sigma_FitGauss_amplitude-detection', 'dm_sigma_FitGauss_mu-detection', 'dm_sigma_FitGauss_ndof', 'dm_sigma_FitGauss_rms_err']
Aug 24 10:23:21 INFO >> ['freq_sigma_FitGaussWidth_gauss_sigma', 'freq_sigma_FitGaussWidth_gauss_sigma_rel_err', 'freq_sigma_FitGaussWidth_ndof', 'freq_sigma_FitGaussWidth_rms_err']
Aug 24 10:23:21 INFO >> ['freq_sigma_FitGauss_amplitude', 'freq_sigma_FitGauss_mu', 'freq_sigma_FitGauss_gauss_sigma', 'freq_sigma_FitGauss_amplitude_rel_err', 'freq_sigma_FitGauss_mu_rel_err', 'freq_sigma_FitGauss_gauss_sigma_rel_err', 'freq_sigma_FitGauss_amplitude-detection', 'freq_sigma_FitGauss_mu-detection', 'freq_sigma_FitGauss_ndof', 'freq_sigma_FitGauss_rms_err']
Aug 24 10:23:21 INFO >> Performing searching on cumulative stack 315.95 49.23
Aug 24 10:23:21 INFO >> Loading the cumulative power spectra stack to search
Aug 24 10:23:52 INFO >> DM: 107.3817479147
Aug 24 10:23:52 INFO >> sigma: 11.28372911
Aug 24 10:23:52 INFO >> frequency: 88.19714875603577
Aug 24 10:23:52 INFO >> Injecting 5 harmonics.
Aug 24 10:23:52 INFO >> Starting DM: 106.25782976249296
Aug 24 10:23:52 INFO >> Stopping DM: 108.5853822239571
Aug 24 10:23:52 INFO >> Expected detection at 11.10 sigma with 4 harmonics.
Aug 24 10:24:04 INFO >> Start searching 6558 dm trials using 32 harmonics.
Aug 24 10:24:11 INFO >> Moved power spectra to shared memory.
Aug 24 10:24:11 INFO >> Number of dm trials in single multi processing job: 10
Aug 24 10:25:01 INFO >> Total number of detections=15620
Aug 24 10:25:01 INFO >> Clustering the detections
Aug 24 10:25:01 INFO >> Starting clustering
Aug 24 10:25:01 INFO >> Rogue harmonic power filter reduced detections from 15620 to 8560
Aug 24 10:25:01 INFO >> Filtering out duplicate freq,dm detections at multiple nharms removes 805 detections
Aug 24 10:25:01 INFO >> Duplicate freq,dm filter reduced detections to 7755
Aug 24 10:25:01 INFO >> Number of detections over threshold sigma (6.0): 7755
Aug 24 10:25:01 INFO >> Grouping duplicate frequencies together first
Aug 24 10:25:01 INFO >> Grouping duplicate frequencies removed 7227 detections from the harmonic metric computation
Aug 24 10:25:01 INFO >> Starting freq-DM distance metric computation
Aug 24 10:25:02 INFO >> Finished freq-DM distance metric computation
Aug 24 10:25:02 INFO >> Largest group size for metric computation is 97
Aug 24 10:25:02 INFO >> Starting harmonic distance metric computation
Aug 24 10:25:03 INFO >> Finished harmonic distance metric computation
Aug 24 10:25:03 INFO >> Starting DBSCAN
Aug 24 10:25:03 INFO >> Finished DBSCAN
Aug 24 10:25:03 INFO >> Clusters found: 77
Aug 24 10:25:03 INFO >> Filtered 32 clusters below or equal 2 DM.
Aug 24 10:25:03 INFO >> Total number of candidate clusters=2
Aug 24 10:25:03 INFO >> Candidate Processor of stack (315.95 49.23)
Aug 24 10:25:03 INFO >> Making SinglePointingCandidates from a list of 2 PowerSpectraDetectionClusters
Aug 24 10:25:06 INFO >> saved candidates to ./results//injections/315.95_49.23_cumulative_power_spectra_stack_20220627_11_new_freq_test.yml_(72,)_candidates.npz
Aug 24 10:25:06 INFO >> Injected Pulsars:     1
Aug 24 10:25:06 INFO >> Injection Candidates: 2
Aug 24 10:25:06 INFO >> Recovered Injections: 1
Aug 24 10:25:06 INFO >> 2 candidates.
Aug 24 10:25:06 INFO >> Best candidate: F0: 88.197 DM: 107.37 Sigma: 11.51
Aug 24 10:25:07 INFO >> Unlinked shared memory for cumulative stack.
Aug 24 10:25:07 INFO >> Pipeline execution time: 1.77 minutes
