Aug 24 08:23:27 INFO >> {"message": "Waiting for suitable server to become available", "selector": "Primary()", "operation": "find", "topologyDescription": "<TopologyDescription id: 66c9987f2ce01d3a94a8e4e2, topology_type: Unknown, servers: [<ServerDescription ('localhost', 27017) server_type: Unknown, rtt: None>]>", "clientId": {"$oid": "66c9987f2ce01d3a94a8e4e2"}, "remainingTimeMS": 29}
Aug 24 08:23:27 INFO >> Features initialized as the following:
Aug 24 08:23:27 INFO >> num_unique_dms
Aug 24 08:23:27 INFO >> num_unique_freqs
Aug 24 08:23:27 INFO >> ndetections
Aug 24 08:23:27 INFO >> nharm
Aug 24 08:23:27 INFO >> log_p_dm
Aug 24 08:23:27 INFO >> ['dm_sigma_FitGaussWidth_gauss_sigma', 'dm_sigma_FitGaussWidth_gauss_sigma_rel_err', 'dm_sigma_FitGaussWidth_ndof', 'dm_sigma_FitGaussWidth_rms_err']
Aug 24 08:23:27 INFO >> ['dm_sigma_FitGauss_amplitude', 'dm_sigma_FitGauss_mu', 'dm_sigma_FitGauss_gauss_sigma', 'dm_sigma_FitGauss_amplitude_rel_err', 'dm_sigma_FitGauss_mu_rel_err', 'dm_sigma_FitGauss_gauss_sigma_rel_err', 'dm_sigma_FitGauss_amplitude-detection', 'dm_sigma_FitGauss_mu-detection', 'dm_sigma_FitGauss_ndof', 'dm_sigma_FitGauss_rms_err']
Aug 24 08:23:27 INFO >> ['freq_sigma_FitGaussWidth_gauss_sigma', 'freq_sigma_FitGaussWidth_gauss_sigma_rel_err', 'freq_sigma_FitGaussWidth_ndof', 'freq_sigma_FitGaussWidth_rms_err']
Aug 24 08:23:27 INFO >> ['freq_sigma_FitGauss_amplitude', 'freq_sigma_FitGauss_mu', 'freq_sigma_FitGauss_gauss_sigma', 'freq_sigma_FitGauss_amplitude_rel_err', 'freq_sigma_FitGauss_mu_rel_err', 'freq_sigma_FitGauss_gauss_sigma_rel_err', 'freq_sigma_FitGauss_amplitude-detection', 'freq_sigma_FitGauss_mu-detection', 'freq_sigma_FitGauss_ndof', 'freq_sigma_FitGauss_rms_err']
Aug 24 08:23:27 INFO >> Performing searching on cumulative stack 315.95 49.23
Aug 24 08:23:27 INFO >> Loading the cumulative power spectra stack to search
Aug 24 08:23:57 INFO >> DM: 107.3817479147
Aug 24 08:23:57 INFO >> sigma: 11.28372911
Aug 24 08:23:57 INFO >> frequency: 11.63205817806895
Aug 24 08:23:57 INFO >> Injecting 43 harmonics.
Aug 24 08:23:57 INFO >> Starting DM: 98.56678684635061
Aug 24 08:23:57 INFO >> Stopping DM: 116.27642514009945
Aug 24 08:23:57 INFO >> Expected detection at 10.03 sigma with 8 harmonics.
Aug 24 08:24:09 INFO >> Start searching 6558 dm trials using 32 harmonics.
Aug 24 08:24:17 INFO >> Moved power spectra to shared memory.
Aug 24 08:24:17 INFO >> Number of dm trials in single multi processing job: 10
Aug 24 08:25:07 INFO >> Total number of detections=15784
Aug 24 08:25:07 INFO >> Clustering the detections
Aug 24 08:25:07 INFO >> Starting clustering
Aug 24 08:25:07 INFO >> Rogue harmonic power filter reduced detections from 15784 to 8726
Aug 24 08:25:07 INFO >> Filtering out duplicate freq,dm detections at multiple nharms removes 863 detections
Aug 24 08:25:07 INFO >> Duplicate freq,dm filter reduced detections to 7863
Aug 24 08:25:07 INFO >> Number of detections over threshold sigma (6.0): 7863
Aug 24 08:25:07 INFO >> Grouping duplicate frequencies together first
Aug 24 08:25:07 INFO >> Grouping duplicate frequencies removed 7332 detections from the harmonic metric computation
Aug 24 08:25:07 INFO >> Starting freq-DM distance metric computation
Aug 24 08:25:08 INFO >> Finished freq-DM distance metric computation
Aug 24 08:25:08 INFO >> Largest group size for metric computation is 110
Aug 24 08:25:08 INFO >> Starting harmonic distance metric computation
Aug 24 08:25:08 INFO >> Finished harmonic distance metric computation
Aug 24 08:25:08 INFO >> Starting DBSCAN
Aug 24 08:25:09 INFO >> Finished DBSCAN
Aug 24 08:25:09 INFO >> Clusters found: 76
Aug 24 08:25:09 INFO >> Filtered 32 clusters below or equal 2 DM.
Aug 24 08:25:09 INFO >> Total number of candidate clusters=1
Aug 24 08:25:09 INFO >> Candidate Processor of stack (315.95 49.23)
Aug 24 08:25:09 INFO >> Making SinglePointingCandidates from a list of 1 PowerSpectraDetectionClusters
Aug 24 08:25:11 INFO >> saved candidates to ./results//injections/315.95_49.23_cumulative_power_spectra_stack_20220627_11_new_freq_test.yml_(5,)_candidates.npz
Aug 24 08:25:11 INFO >> Injected Pulsars:     1
Aug 24 08:25:11 INFO >> Injection Candidates: 1
Aug 24 08:25:11 INFO >> Recovered Injections: 1
Aug 24 08:25:11 INFO >> 1 candidates.
Aug 24 08:25:11 INFO >> Best candidate: F0: 11.632 DM: 107.47 Sigma: 9.87
Aug 24 08:25:12 INFO >> Unlinked shared memory for cumulative stack.
Aug 24 08:25:12 INFO >> Pipeline execution time: 1.76 minutes
