Aug 24 10:53:53 INFO >> {"message": "Waiting for suitable server to become available", "selector": "Primary()", "operation": "find", "topologyDescription": "<TopologyDescription id: 66c9bbc1c45633638a156915, topology_type: Unknown, servers: [<ServerDescription ('localhost', 27017) server_type: Unknown, rtt: None>]>", "clientId": {"$oid": "66c9bbc1c45633638a156915"}, "remainingTimeMS": 29}
Aug 24 10:53:53 INFO >> Features initialized as the following:
Aug 24 10:53:53 INFO >> num_unique_dms
Aug 24 10:53:53 INFO >> num_unique_freqs
Aug 24 10:53:53 INFO >> ndetections
Aug 24 10:53:53 INFO >> nharm
Aug 24 10:53:53 INFO >> log_p_dm
Aug 24 10:53:53 INFO >> ['dm_sigma_FitGaussWidth_gauss_sigma', 'dm_sigma_FitGaussWidth_gauss_sigma_rel_err', 'dm_sigma_FitGaussWidth_ndof', 'dm_sigma_FitGaussWidth_rms_err']
Aug 24 10:53:53 INFO >> ['dm_sigma_FitGauss_amplitude', 'dm_sigma_FitGauss_mu', 'dm_sigma_FitGauss_gauss_sigma', 'dm_sigma_FitGauss_amplitude_rel_err', 'dm_sigma_FitGauss_mu_rel_err', 'dm_sigma_FitGauss_gauss_sigma_rel_err', 'dm_sigma_FitGauss_amplitude-detection', 'dm_sigma_FitGauss_mu-detection', 'dm_sigma_FitGauss_ndof', 'dm_sigma_FitGauss_rms_err']
Aug 24 10:53:53 INFO >> ['freq_sigma_FitGaussWidth_gauss_sigma', 'freq_sigma_FitGaussWidth_gauss_sigma_rel_err', 'freq_sigma_FitGaussWidth_ndof', 'freq_sigma_FitGaussWidth_rms_err']
Aug 24 10:53:53 INFO >> ['freq_sigma_FitGauss_amplitude', 'freq_sigma_FitGauss_mu', 'freq_sigma_FitGauss_gauss_sigma', 'freq_sigma_FitGauss_amplitude_rel_err', 'freq_sigma_FitGauss_mu_rel_err', 'freq_sigma_FitGauss_gauss_sigma_rel_err', 'freq_sigma_FitGauss_amplitude-detection', 'freq_sigma_FitGauss_mu-detection', 'freq_sigma_FitGauss_ndof', 'freq_sigma_FitGauss_rms_err']
Aug 24 10:53:53 INFO >> Performing searching on cumulative stack 315.95 49.23
Aug 24 10:53:53 INFO >> Loading the cumulative power spectra stack to search
Aug 24 10:54:25 INFO >> DM: 107.3817479147
Aug 24 10:54:25 INFO >> sigma: 11.28372911
Aug 24 10:54:25 INFO >> frequency: 147.46429153904137
Aug 24 10:54:25 INFO >> Injecting 3 harmonics.
Aug 24 10:54:25 INFO >> Starting DM: 106.66262149492151
Aug 24 10:54:25 INFO >> Stopping DM: 108.07939255842142
Aug 24 10:54:25 INFO >> Expected detection at 9.75 sigma with 2 harmonics.
Aug 24 10:54:37 INFO >> Start searching 6558 dm trials using 32 harmonics.
Aug 24 10:54:44 INFO >> Moved power spectra to shared memory.
Aug 24 10:54:44 INFO >> Number of dm trials in single multi processing job: 10
Aug 24 10:55:32 INFO >> Total number of detections=15590
Aug 24 10:55:32 INFO >> Clustering the detections
Aug 24 10:55:32 INFO >> Starting clustering
Aug 24 10:55:33 INFO >> Rogue harmonic power filter reduced detections from 15590 to 8532
Aug 24 10:55:33 INFO >> Filtering out duplicate freq,dm detections at multiple nharms removes 790 detections
Aug 24 10:55:33 INFO >> Duplicate freq,dm filter reduced detections to 7742
Aug 24 10:55:33 INFO >> Number of detections over threshold sigma (6.0): 7742
Aug 24 10:55:33 INFO >> Grouping duplicate frequencies together first
Aug 24 10:55:33 INFO >> Grouping duplicate frequencies removed 7217 detections from the harmonic metric computation
Aug 24 10:55:33 INFO >> Starting freq-DM distance metric computation
Aug 24 10:55:33 INFO >> Finished freq-DM distance metric computation
Aug 24 10:55:33 INFO >> Largest group size for metric computation is 97
Aug 24 10:55:33 INFO >> Starting harmonic distance metric computation
Aug 24 10:55:34 INFO >> Finished harmonic distance metric computation
Aug 24 10:55:34 INFO >> Starting DBSCAN
Aug 24 10:55:34 INFO >> Finished DBSCAN
Aug 24 10:55:34 INFO >> Clusters found: 76
Aug 24 10:55:34 INFO >> Filtered 32 clusters below or equal 2 DM.
Aug 24 10:55:34 INFO >> Total number of candidate clusters=1
Aug 24 10:55:34 INFO >> Candidate Processor of stack (315.95 49.23)
Aug 24 10:55:34 INFO >> Making SinglePointingCandidates from a list of 1 PowerSpectraDetectionClusters
Aug 24 10:55:36 INFO >> saved candidates to ./results//injections/315.95_49.23_cumulative_power_spectra_stack_20220627_11_new_freq_test.yml_(89,)_candidates.npz
Aug 24 10:55:36 INFO >> Injected Pulsars:     1
Aug 24 10:55:36 INFO >> Injection Candidates: 1
Aug 24 10:55:36 INFO >> Recovered Injections: 1
Aug 24 10:55:36 INFO >> 1 candidates.
Aug 24 10:55:36 INFO >> Best candidate: F0: 147.464 DM: 107.37 Sigma: 9.39
Aug 24 10:55:38 INFO >> Unlinked shared memory for cumulative stack.
Aug 24 10:55:38 INFO >> Pipeline execution time: 1.74 minutes
