Aug 24 12:51:32 INFO >> {"message": "Waiting for suitable server to become available", "selector": "Primary()", "operation": "find", "topologyDescription": "<TopologyDescription id: 66c9d75411bc479a69e00739, topology_type: Unknown, servers: [<ServerDescription ('localhost', 27017) server_type: Unknown, rtt: None>]>", "clientId": {"$oid": "66c9d75411bc479a69e00739"}, "remainingTimeMS": 29}
Aug 24 12:51:32 INFO >> Features initialized as the following:
Aug 24 12:51:32 INFO >> num_unique_dms
Aug 24 12:51:32 INFO >> num_unique_freqs
Aug 24 12:51:32 INFO >> ndetections
Aug 24 12:51:32 INFO >> nharm
Aug 24 12:51:32 INFO >> log_p_dm
Aug 24 12:51:32 INFO >> ['dm_sigma_FitGaussWidth_gauss_sigma', 'dm_sigma_FitGaussWidth_gauss_sigma_rel_err', 'dm_sigma_FitGaussWidth_ndof', 'dm_sigma_FitGaussWidth_rms_err']
Aug 24 12:51:32 INFO >> ['dm_sigma_FitGauss_amplitude', 'dm_sigma_FitGauss_mu', 'dm_sigma_FitGauss_gauss_sigma', 'dm_sigma_FitGauss_amplitude_rel_err', 'dm_sigma_FitGauss_mu_rel_err', 'dm_sigma_FitGauss_gauss_sigma_rel_err', 'dm_sigma_FitGauss_amplitude-detection', 'dm_sigma_FitGauss_mu-detection', 'dm_sigma_FitGauss_ndof', 'dm_sigma_FitGauss_rms_err']
Aug 24 12:51:32 INFO >> ['freq_sigma_FitGaussWidth_gauss_sigma', 'freq_sigma_FitGaussWidth_gauss_sigma_rel_err', 'freq_sigma_FitGaussWidth_ndof', 'freq_sigma_FitGaussWidth_rms_err']
Aug 24 12:51:32 INFO >> ['freq_sigma_FitGauss_amplitude', 'freq_sigma_FitGauss_mu', 'freq_sigma_FitGauss_gauss_sigma', 'freq_sigma_FitGauss_amplitude_rel_err', 'freq_sigma_FitGauss_mu_rel_err', 'freq_sigma_FitGauss_gauss_sigma_rel_err', 'freq_sigma_FitGauss_amplitude-detection', 'freq_sigma_FitGauss_mu-detection', 'freq_sigma_FitGauss_ndof', 'freq_sigma_FitGauss_rms_err']
Aug 24 12:51:32 INFO >> Performing searching on cumulative stack 315.95 49.23
Aug 24 12:51:32 INFO >> Loading the cumulative power spectra stack to search
Aug 24 12:52:04 INFO >> DM: 17.3817479147
Aug 24 12:52:04 INFO >> sigma: 11.28372911
Aug 24 12:52:04 INFO >> frequency: 18.86937761790579
Aug 24 12:52:04 INFO >> Injecting 26 harmonics.
Aug 24 12:52:04 INFO >> Starting DM: 11.941356106642067
Aug 24 12:52:04 INFO >> Stopping DM: 22.870732882212774
Aug 24 12:52:04 INFO >> Expected detection at 10.26 sigma with 8 harmonics.
Aug 24 12:52:17 INFO >> Start searching 6558 dm trials using 32 harmonics.
Aug 24 12:52:25 INFO >> Moved power spectra to shared memory.
Aug 24 12:52:25 INFO >> Number of dm trials in single multi processing job: 10
Aug 24 12:53:14 INFO >> Total number of detections=15682
Aug 24 12:53:14 INFO >> Clustering the detections
Aug 24 12:53:14 INFO >> Starting clustering
Aug 24 12:53:14 INFO >> Rogue harmonic power filter reduced detections from 15682 to 8624
Aug 24 12:53:14 INFO >> Filtering out duplicate freq,dm detections at multiple nharms removes 818 detections
Aug 24 12:53:14 INFO >> Duplicate freq,dm filter reduced detections to 7806
Aug 24 12:53:14 INFO >> Number of detections over threshold sigma (6.0): 7806
Aug 24 12:53:14 INFO >> Grouping duplicate frequencies together first
Aug 24 12:53:14 INFO >> Grouping duplicate frequencies removed 7274 detections from the harmonic metric computation
Aug 24 12:53:14 INFO >> Starting freq-DM distance metric computation
Aug 24 12:53:15 INFO >> Finished freq-DM distance metric computation
Aug 24 12:53:15 INFO >> Largest group size for metric computation is 97
Aug 24 12:53:15 INFO >> Starting harmonic distance metric computation
Aug 24 12:53:16 INFO >> Finished harmonic distance metric computation
Aug 24 12:53:16 INFO >> Starting DBSCAN
Aug 24 12:53:16 INFO >> Finished DBSCAN
Aug 24 12:53:16 INFO >> Clusters found: 76
Aug 24 12:53:16 INFO >> Filtered 32 clusters below or equal 2 DM.
Aug 24 12:53:16 INFO >> Total number of candidate clusters=1
Aug 24 12:53:16 INFO >> Candidate Processor of stack (315.95 49.23)
Aug 24 12:53:16 INFO >> Making SinglePointingCandidates from a list of 1 PowerSpectraDetectionClusters
Aug 24 12:53:18 INFO >> saved candidates to ./results//injections/315.95_49.23_cumulative_power_spectra_stack_20220627_11_freq_dm_17.yml_(21,)_candidates.npz
Aug 24 12:53:18 INFO >> Injected Pulsars:     1
Aug 24 12:53:18 INFO >> Injection Candidates: 1
Aug 24 12:53:18 INFO >> Recovered Injections: 1
Aug 24 12:53:18 INFO >> 1 candidates.
Aug 24 12:53:18 INFO >> Best candidate: F0: 18.869 DM: 17.41 Sigma: 10.05
Aug 24 12:53:20 INFO >> Unlinked shared memory for cumulative stack.
Aug 24 12:53:20 INFO >> Pipeline execution time: 1.79 minutes
