Aug 24 05:06:49 INFO >> {"message": "Waiting for suitable server to become available", "selector": "Primary()", "operation": "find", "topologyDescription": "<TopologyDescription id: 66c96a69f8f13797ab8567a8, topology_type: Unknown, servers: [<ServerDescription ('localhost', 27017) server_type: Unknown, rtt: None>]>", "clientId": {"$oid": "66c96a69f8f13797ab8567a8"}, "remainingTimeMS": 29}
Aug 24 05:06:49 INFO >> Features initialized as the following:
Aug 24 05:06:49 INFO >> num_unique_dms
Aug 24 05:06:49 INFO >> num_unique_freqs
Aug 24 05:06:49 INFO >> ndetections
Aug 24 05:06:49 INFO >> nharm
Aug 24 05:06:49 INFO >> log_p_dm
Aug 24 05:06:49 INFO >> ['dm_sigma_FitGaussWidth_gauss_sigma', 'dm_sigma_FitGaussWidth_gauss_sigma_rel_err', 'dm_sigma_FitGaussWidth_ndof', 'dm_sigma_FitGaussWidth_rms_err']
Aug 24 05:06:49 INFO >> ['dm_sigma_FitGauss_amplitude', 'dm_sigma_FitGauss_mu', 'dm_sigma_FitGauss_gauss_sigma', 'dm_sigma_FitGauss_amplitude_rel_err', 'dm_sigma_FitGauss_mu_rel_err', 'dm_sigma_FitGauss_gauss_sigma_rel_err', 'dm_sigma_FitGauss_amplitude-detection', 'dm_sigma_FitGauss_mu-detection', 'dm_sigma_FitGauss_ndof', 'dm_sigma_FitGauss_rms_err']
Aug 24 05:06:49 INFO >> ['freq_sigma_FitGaussWidth_gauss_sigma', 'freq_sigma_FitGaussWidth_gauss_sigma_rel_err', 'freq_sigma_FitGaussWidth_ndof', 'freq_sigma_FitGaussWidth_rms_err']
Aug 24 05:06:49 INFO >> ['freq_sigma_FitGauss_amplitude', 'freq_sigma_FitGauss_mu', 'freq_sigma_FitGauss_gauss_sigma', 'freq_sigma_FitGauss_amplitude_rel_err', 'freq_sigma_FitGauss_mu_rel_err', 'freq_sigma_FitGauss_gauss_sigma_rel_err', 'freq_sigma_FitGauss_amplitude-detection', 'freq_sigma_FitGauss_mu-detection', 'freq_sigma_FitGauss_ndof', 'freq_sigma_FitGauss_rms_err']
Aug 24 05:06:49 INFO >> Performing searching on cumulative stack 315.95 49.23
Aug 24 05:06:49 INFO >> Loading the cumulative power spectra stack to search
Aug 24 05:07:19 INFO >> DM: 107.3817479147
Aug 24 05:07:19 INFO >> sigma: 11.28372911
Aug 24 05:07:19 INFO >> frequency: 156.6568879810166
Aug 24 05:07:19 INFO >> Injecting 3 harmonics.
Aug 24 05:07:19 INFO >> Starting DM: 106.76381942802864
Aug 24 05:07:19 INFO >> Stopping DM: 108.07939255842142
Aug 24 05:07:19 INFO >> Expected detection at 6.09 sigma with 1 harmonics.
Aug 24 05:07:31 INFO >> Start searching 6558 dm trials using 32 harmonics.
Aug 24 05:07:39 INFO >> Moved power spectra to shared memory.
Aug 24 05:07:39 INFO >> Number of dm trials in single multi processing job: 10
Aug 24 05:08:28 INFO >> Total number of detections=15577
Aug 24 05:08:28 INFO >> Clustering the detections
Aug 24 05:08:28 INFO >> Starting clustering
Aug 24 05:08:28 INFO >> Rogue harmonic power filter reduced detections from 15577 to 8519
Aug 24 05:08:28 INFO >> Filtering out duplicate freq,dm detections at multiple nharms removes 787 detections
Aug 24 05:08:28 INFO >> Duplicate freq,dm filter reduced detections to 7732
Aug 24 05:08:28 INFO >> Number of detections over threshold sigma (6.0): 7732
Aug 24 05:08:28 INFO >> Grouping duplicate frequencies together first
Aug 24 05:08:28 INFO >> Grouping duplicate frequencies removed 7214 detections from the harmonic metric computation
Aug 24 05:08:28 INFO >> Starting freq-DM distance metric computation
Aug 24 05:08:28 INFO >> Finished freq-DM distance metric computation
Aug 24 05:08:29 INFO >> Largest group size for metric computation is 97
Aug 24 05:08:29 INFO >> Starting harmonic distance metric computation
Aug 24 05:08:29 INFO >> Finished harmonic distance metric computation
Aug 24 05:08:29 INFO >> Starting DBSCAN
Aug 24 05:08:29 INFO >> Finished DBSCAN
Aug 24 05:08:29 INFO >> Clusters found: 75
Aug 24 05:08:29 INFO >> Filtered 32 clusters below or equal 2 DM.
Aug 24 05:08:29 INFO >> Total number of candidate clusters=0
Aug 24 05:08:29 INFO >> Candidate Processor of stack (315.95 49.23)
Aug 24 05:08:29 INFO >> Making SinglePointingCandidates from a list of 0 PowerSpectraDetectionClusters
Aug 24 05:08:31 INFO >> saved candidates to ./results//injections/315.95_49.23_cumulative_power_spectra_stack_20220627_11_new_freq_test.yml_(91,)_candidates.npz
Aug 24 05:08:31 INFO >> Injected Pulsars:     1
Aug 24 05:08:31 INFO >> Injection Candidates: 0
Aug 24 05:08:31 INFO >> Recovered Injections: 0
Aug 24 05:08:31 INFO >> 0 candidates.
Aug 24 05:08:33 INFO >> Unlinked shared memory for cumulative stack.
Aug 24 05:08:33 INFO >> Pipeline execution time: 1.73 minutes
