Aug 24 12:55:07 INFO >> {"message": "Waiting for suitable server to become available", "selector": "Primary()", "operation": "find", "topologyDescription": "<TopologyDescription id: 66c9d82bef21a29fce2d5b83, topology_type: Unknown, servers: [<ServerDescription ('localhost', 27017) server_type: Unknown, rtt: None>]>", "clientId": {"$oid": "66c9d82bef21a29fce2d5b83"}, "remainingTimeMS": 29}
Aug 24 12:55:07 INFO >> Features initialized as the following:
Aug 24 12:55:07 INFO >> num_unique_dms
Aug 24 12:55:07 INFO >> num_unique_freqs
Aug 24 12:55:07 INFO >> ndetections
Aug 24 12:55:07 INFO >> nharm
Aug 24 12:55:07 INFO >> log_p_dm
Aug 24 12:55:07 INFO >> ['dm_sigma_FitGaussWidth_gauss_sigma', 'dm_sigma_FitGaussWidth_gauss_sigma_rel_err', 'dm_sigma_FitGaussWidth_ndof', 'dm_sigma_FitGaussWidth_rms_err']
Aug 24 12:55:07 INFO >> ['dm_sigma_FitGauss_amplitude', 'dm_sigma_FitGauss_mu', 'dm_sigma_FitGauss_gauss_sigma', 'dm_sigma_FitGauss_amplitude_rel_err', 'dm_sigma_FitGauss_mu_rel_err', 'dm_sigma_FitGauss_gauss_sigma_rel_err', 'dm_sigma_FitGauss_amplitude-detection', 'dm_sigma_FitGauss_mu-detection', 'dm_sigma_FitGauss_ndof', 'dm_sigma_FitGauss_rms_err']
Aug 24 12:55:07 INFO >> ['freq_sigma_FitGaussWidth_gauss_sigma', 'freq_sigma_FitGaussWidth_gauss_sigma_rel_err', 'freq_sigma_FitGaussWidth_ndof', 'freq_sigma_FitGaussWidth_rms_err']
Aug 24 12:55:07 INFO >> ['freq_sigma_FitGauss_amplitude', 'freq_sigma_FitGauss_mu', 'freq_sigma_FitGauss_gauss_sigma', 'freq_sigma_FitGauss_amplitude_rel_err', 'freq_sigma_FitGauss_mu_rel_err', 'freq_sigma_FitGauss_gauss_sigma_rel_err', 'freq_sigma_FitGauss_amplitude-detection', 'freq_sigma_FitGauss_mu-detection', 'freq_sigma_FitGauss_ndof', 'freq_sigma_FitGauss_rms_err']
Aug 24 12:55:08 INFO >> Performing searching on cumulative stack 315.95 49.23
Aug 24 12:55:08 INFO >> Loading the cumulative power spectra stack to search
Aug 24 12:55:38 INFO >> DM: 17.3817479147
Aug 24 12:55:38 INFO >> sigma: 11.28372911
Aug 24 12:55:38 INFO >> frequency: 20.04565271299702
Aug 24 12:55:38 INFO >> Injecting 25 harmonics.
Aug 24 12:55:38 INFO >> Starting DM: 12.244949905963475
Aug 24 12:55:38 INFO >> Stopping DM: 22.567139082891362
Aug 24 12:55:38 INFO >> Expected detection at 10.48 sigma with 4 harmonics.
Aug 24 12:55:50 INFO >> Start searching 6558 dm trials using 32 harmonics.
Aug 24 12:55:58 INFO >> Moved power spectra to shared memory.
Aug 24 12:55:58 INFO >> Number of dm trials in single multi processing job: 10
Aug 24 12:56:48 INFO >> Total number of detections=15732
Aug 24 12:56:48 INFO >> Clustering the detections
Aug 24 12:56:48 INFO >> Starting clustering
Aug 24 12:56:48 INFO >> Rogue harmonic power filter reduced detections from 15732 to 8674
Aug 24 12:56:48 INFO >> Filtering out duplicate freq,dm detections at multiple nharms removes 849 detections
Aug 24 12:56:48 INFO >> Duplicate freq,dm filter reduced detections to 7825
Aug 24 12:56:48 INFO >> Number of detections over threshold sigma (6.0): 7825
Aug 24 12:56:48 INFO >> Grouping duplicate frequencies together first
Aug 24 12:56:48 INFO >> Grouping duplicate frequencies removed 7288 detections from the harmonic metric computation
Aug 24 12:56:48 INFO >> Starting freq-DM distance metric computation
Aug 24 12:56:49 INFO >> Finished freq-DM distance metric computation
Aug 24 12:56:49 INFO >> Largest group size for metric computation is 97
Aug 24 12:56:49 INFO >> Starting harmonic distance metric computation
Aug 24 12:56:50 INFO >> Finished harmonic distance metric computation
Aug 24 12:56:50 INFO >> Starting DBSCAN
Aug 24 12:56:50 INFO >> Finished DBSCAN
Aug 24 12:56:50 INFO >> Clusters found: 76
Aug 24 12:56:50 INFO >> Filtered 32 clusters below or equal 2 DM.
Aug 24 12:56:50 INFO >> Total number of candidate clusters=1
Aug 24 12:56:50 INFO >> Candidate Processor of stack (315.95 49.23)
Aug 24 12:56:50 INFO >> Making SinglePointingCandidates from a list of 1 PowerSpectraDetectionClusters
Aug 24 12:56:52 INFO >> saved candidates to ./results//injections/315.95_49.23_cumulative_power_spectra_stack_20220627_11_freq_dm_17.yml_(23,)_candidates.npz
Aug 24 12:56:52 INFO >> Injected Pulsars:     1
Aug 24 12:56:52 INFO >> Injection Candidates: 1
Aug 24 12:56:52 INFO >> Recovered Injections: 1
Aug 24 12:56:52 INFO >> 1 candidates.
Aug 24 12:56:52 INFO >> Best candidate: F0: 20.046 DM: 17.30 Sigma: 10.62
Aug 24 12:56:54 INFO >> Unlinked shared memory for cumulative stack.
Aug 24 12:56:54 INFO >> Pipeline execution time: 1.77 minutes
