Aug 24 13:14:48 INFO >> {"message": "Waiting for suitable server to become available", "selector": "Primary()", "operation": "find", "topologyDescription": "<TopologyDescription id: 66c9dcc8e1be025025224a02, topology_type: Unknown, servers: [<ServerDescription ('localhost', 27017) server_type: Unknown, rtt: None>]>", "clientId": {"$oid": "66c9dcc8e1be025025224a02"}, "remainingTimeMS": 29}
Aug 24 13:14:48 INFO >> Features initialized as the following:
Aug 24 13:14:48 INFO >> num_unique_dms
Aug 24 13:14:48 INFO >> num_unique_freqs
Aug 24 13:14:48 INFO >> ndetections
Aug 24 13:14:48 INFO >> nharm
Aug 24 13:14:48 INFO >> log_p_dm
Aug 24 13:14:48 INFO >> ['dm_sigma_FitGaussWidth_gauss_sigma', 'dm_sigma_FitGaussWidth_gauss_sigma_rel_err', 'dm_sigma_FitGaussWidth_ndof', 'dm_sigma_FitGaussWidth_rms_err']
Aug 24 13:14:48 INFO >> ['dm_sigma_FitGauss_amplitude', 'dm_sigma_FitGauss_mu', 'dm_sigma_FitGauss_gauss_sigma', 'dm_sigma_FitGauss_amplitude_rel_err', 'dm_sigma_FitGauss_mu_rel_err', 'dm_sigma_FitGauss_gauss_sigma_rel_err', 'dm_sigma_FitGauss_amplitude-detection', 'dm_sigma_FitGauss_mu-detection', 'dm_sigma_FitGauss_ndof', 'dm_sigma_FitGauss_rms_err']
Aug 24 13:14:48 INFO >> ['freq_sigma_FitGaussWidth_gauss_sigma', 'freq_sigma_FitGaussWidth_gauss_sigma_rel_err', 'freq_sigma_FitGaussWidth_ndof', 'freq_sigma_FitGaussWidth_rms_err']
Aug 24 13:14:48 INFO >> ['freq_sigma_FitGauss_amplitude', 'freq_sigma_FitGauss_mu', 'freq_sigma_FitGauss_gauss_sigma', 'freq_sigma_FitGauss_amplitude_rel_err', 'freq_sigma_FitGauss_mu_rel_err', 'freq_sigma_FitGauss_gauss_sigma_rel_err', 'freq_sigma_FitGauss_amplitude-detection', 'freq_sigma_FitGauss_mu-detection', 'freq_sigma_FitGauss_ndof', 'freq_sigma_FitGauss_rms_err']
Aug 24 13:14:48 INFO >> Performing searching on cumulative stack 315.95 49.23
Aug 24 13:14:48 INFO >> Loading the cumulative power spectra stack to search
Aug 24 13:15:19 INFO >> DM: 17.3817479147
Aug 24 13:15:19 INFO >> sigma: 11.28372911
Aug 24 13:15:19 INFO >> frequency: 27.955331492740882
Aug 24 13:15:19 INFO >> Injecting 18 harmonics.
Aug 24 13:15:19 INFO >> Starting DM: 13.661720969463381
Aug 24 13:15:19 INFO >> Stopping DM: 21.04917008628432
Aug 24 13:15:19 INFO >> Expected detection at 10.32 sigma with 8 harmonics.
Aug 24 13:15:31 INFO >> Start searching 6558 dm trials using 32 harmonics.
Aug 24 13:15:38 INFO >> Moved power spectra to shared memory.
Aug 24 13:15:38 INFO >> Number of dm trials in single multi processing job: 10
Aug 24 13:16:28 INFO >> Total number of detections=15681
Aug 24 13:16:28 INFO >> Clustering the detections
Aug 24 13:16:28 INFO >> Starting clustering
Aug 24 13:16:28 INFO >> Rogue harmonic power filter reduced detections from 15681 to 8622
Aug 24 13:16:28 INFO >> Filtering out duplicate freq,dm detections at multiple nharms removes 829 detections
Aug 24 13:16:28 INFO >> Duplicate freq,dm filter reduced detections to 7793
Aug 24 13:16:28 INFO >> Number of detections over threshold sigma (6.0): 7793
Aug 24 13:16:28 INFO >> Grouping duplicate frequencies together first
Aug 24 13:16:28 INFO >> Grouping duplicate frequencies removed 7261 detections from the harmonic metric computation
Aug 24 13:16:28 INFO >> Starting freq-DM distance metric computation
Aug 24 13:16:29 INFO >> Finished freq-DM distance metric computation
Aug 24 13:16:29 INFO >> Largest group size for metric computation is 111
Aug 24 13:16:29 INFO >> Starting harmonic distance metric computation
Aug 24 13:16:30 INFO >> Finished harmonic distance metric computation
Aug 24 13:16:30 INFO >> Starting DBSCAN
Aug 24 13:16:30 INFO >> Finished DBSCAN
Aug 24 13:16:30 INFO >> Clusters found: 76
Aug 24 13:16:30 INFO >> Filtered 32 clusters below or equal 2 DM.
Aug 24 13:16:30 INFO >> Total number of candidate clusters=1
Aug 24 13:16:30 INFO >> Candidate Processor of stack (315.95 49.23)
Aug 24 13:16:30 INFO >> Making SinglePointingCandidates from a list of 1 PowerSpectraDetectionClusters
Aug 24 13:16:32 INFO >> saved candidates to ./results//injections/315.95_49.23_cumulative_power_spectra_stack_20220627_11_freq_dm_17.yml_(34,)_candidates.npz
Aug 24 13:16:32 INFO >> Injected Pulsars:     1
Aug 24 13:16:32 INFO >> Injection Candidates: 1
Aug 24 13:16:32 INFO >> Recovered Injections: 1
Aug 24 13:16:32 INFO >> 1 candidates.
Aug 24 13:16:32 INFO >> Best candidate: F0: 27.955 DM: 17.41 Sigma: 10.82
Aug 24 13:16:34 INFO >> Unlinked shared memory for cumulative stack.
Aug 24 13:16:34 INFO >> Pipeline execution time: 1.77 minutes
