Aug 24 13:55:53 INFO >> {"message": "Waiting for suitable server to become available", "selector": "Primary()", "operation": "find", "topologyDescription": "<TopologyDescription id: 66c9e669ccdb119cd5562d20, topology_type: Unknown, servers: [<ServerDescription ('localhost', 27017) server_type: Unknown, rtt: None>]>", "clientId": {"$oid": "66c9e669ccdb119cd5562d20"}, "remainingTimeMS": 29}
Aug 24 13:55:53 INFO >> Features initialized as the following:
Aug 24 13:55:53 INFO >> num_unique_dms
Aug 24 13:55:53 INFO >> num_unique_freqs
Aug 24 13:55:53 INFO >> ndetections
Aug 24 13:55:53 INFO >> nharm
Aug 24 13:55:53 INFO >> log_p_dm
Aug 24 13:55:53 INFO >> ['dm_sigma_FitGaussWidth_gauss_sigma', 'dm_sigma_FitGaussWidth_gauss_sigma_rel_err', 'dm_sigma_FitGaussWidth_ndof', 'dm_sigma_FitGaussWidth_rms_err']
Aug 24 13:55:53 INFO >> ['dm_sigma_FitGauss_amplitude', 'dm_sigma_FitGauss_mu', 'dm_sigma_FitGauss_gauss_sigma', 'dm_sigma_FitGauss_amplitude_rel_err', 'dm_sigma_FitGauss_mu_rel_err', 'dm_sigma_FitGauss_gauss_sigma_rel_err', 'dm_sigma_FitGauss_amplitude-detection', 'dm_sigma_FitGauss_mu-detection', 'dm_sigma_FitGauss_ndof', 'dm_sigma_FitGauss_rms_err']
Aug 24 13:55:53 INFO >> ['freq_sigma_FitGaussWidth_gauss_sigma', 'freq_sigma_FitGaussWidth_gauss_sigma_rel_err', 'freq_sigma_FitGaussWidth_ndof', 'freq_sigma_FitGaussWidth_rms_err']
Aug 24 13:55:53 INFO >> ['freq_sigma_FitGauss_amplitude', 'freq_sigma_FitGauss_mu', 'freq_sigma_FitGauss_gauss_sigma', 'freq_sigma_FitGauss_amplitude_rel_err', 'freq_sigma_FitGauss_mu_rel_err', 'freq_sigma_FitGauss_gauss_sigma_rel_err', 'freq_sigma_FitGauss_amplitude-detection', 'freq_sigma_FitGauss_mu-detection', 'freq_sigma_FitGauss_ndof', 'freq_sigma_FitGauss_rms_err']
Aug 24 13:55:53 INFO >> Performing searching on cumulative stack 315.95 49.23
Aug 24 13:55:53 INFO >> Loading the cumulative power spectra stack to search
Aug 24 13:56:24 INFO >> DM: 17.3817479147
Aug 24 13:56:24 INFO >> sigma: 11.28372911
Aug 24 13:56:24 INFO >> frequency: 56.038286658019196
Aug 24 13:56:24 INFO >> Injecting 9 harmonics.
Aug 24 13:56:24 INFO >> Starting DM: 15.584481698498967
Aug 24 13:56:24 INFO >> Stopping DM: 19.227607290355866
Aug 24 13:56:24 INFO >> Expected detection at 9.29 sigma with 4 harmonics.
Aug 24 13:56:36 INFO >> Start searching 6558 dm trials using 32 harmonics.
Aug 24 13:56:43 INFO >> Moved power spectra to shared memory.
Aug 24 13:56:43 INFO >> Number of dm trials in single multi processing job: 10
Aug 24 13:57:33 INFO >> Total number of detections=15618
Aug 24 13:57:33 INFO >> Clustering the detections
Aug 24 13:57:33 INFO >> Starting clustering
Aug 24 13:57:33 INFO >> Rogue harmonic power filter reduced detections from 15618 to 8560
Aug 24 13:57:33 INFO >> Filtering out duplicate freq,dm detections at multiple nharms removes 798 detections
Aug 24 13:57:33 INFO >> Duplicate freq,dm filter reduced detections to 7762
Aug 24 13:57:33 INFO >> Number of detections over threshold sigma (6.0): 7762
Aug 24 13:57:33 INFO >> Grouping duplicate frequencies together first
Aug 24 13:57:33 INFO >> Grouping duplicate frequencies removed 7232 detections from the harmonic metric computation
Aug 24 13:57:33 INFO >> Starting freq-DM distance metric computation
Aug 24 13:57:33 INFO >> Finished freq-DM distance metric computation
Aug 24 13:57:34 INFO >> Largest group size for metric computation is 97
Aug 24 13:57:34 INFO >> Starting harmonic distance metric computation
Aug 24 13:57:34 INFO >> Finished harmonic distance metric computation
Aug 24 13:57:34 INFO >> Starting DBSCAN
Aug 24 13:57:34 INFO >> Finished DBSCAN
Aug 24 13:57:34 INFO >> Clusters found: 76
Aug 24 13:57:34 INFO >> Filtered 32 clusters below or equal 2 DM.
Aug 24 13:57:34 INFO >> Total number of candidate clusters=1
Aug 24 13:57:34 INFO >> Candidate Processor of stack (315.95 49.23)
Aug 24 13:57:34 INFO >> Making SinglePointingCandidates from a list of 1 PowerSpectraDetectionClusters
Aug 24 13:57:37 INFO >> saved candidates to ./results//injections/315.95_49.23_cumulative_power_spectra_stack_20220627_11_freq_dm_17.yml_(57,)_candidates.npz
Aug 24 13:57:37 INFO >> Injected Pulsars:     1
Aug 24 13:57:37 INFO >> Injection Candidates: 1
Aug 24 13:57:37 INFO >> Recovered Injections: 1
Aug 24 13:57:37 INFO >> 1 candidates.
Aug 24 13:57:37 INFO >> Best candidate: F0: 56.038 DM: 17.41 Sigma: 9.31
Aug 24 13:57:38 INFO >> Unlinked shared memory for cumulative stack.
Aug 24 13:57:38 INFO >> Pipeline execution time: 1.75 minutes
