Aug 24 02:39:17 INFO >> {"message": "Waiting for suitable server to become available", "selector": "Primary()", "operation": "find", "topologyDescription": "<TopologyDescription id: 66c947d5c00fccba62efaca7, topology_type: Unknown, servers: [<ServerDescription ('localhost', 27017) server_type: Unknown, rtt: None>]>", "clientId": {"$oid": "66c947d5c00fccba62efaca7"}, "remainingTimeMS": 29}
Aug 24 02:39:17 INFO >> Features initialized as the following:
Aug 24 02:39:17 INFO >> num_unique_dms
Aug 24 02:39:17 INFO >> num_unique_freqs
Aug 24 02:39:17 INFO >> ndetections
Aug 24 02:39:17 INFO >> nharm
Aug 24 02:39:17 INFO >> log_p_dm
Aug 24 02:39:17 INFO >> ['dm_sigma_FitGaussWidth_gauss_sigma', 'dm_sigma_FitGaussWidth_gauss_sigma_rel_err', 'dm_sigma_FitGaussWidth_ndof', 'dm_sigma_FitGaussWidth_rms_err']
Aug 24 02:39:17 INFO >> ['dm_sigma_FitGauss_amplitude', 'dm_sigma_FitGauss_mu', 'dm_sigma_FitGauss_gauss_sigma', 'dm_sigma_FitGauss_amplitude_rel_err', 'dm_sigma_FitGauss_mu_rel_err', 'dm_sigma_FitGauss_gauss_sigma_rel_err', 'dm_sigma_FitGauss_amplitude-detection', 'dm_sigma_FitGauss_mu-detection', 'dm_sigma_FitGauss_ndof', 'dm_sigma_FitGauss_rms_err']
Aug 24 02:39:17 INFO >> ['freq_sigma_FitGaussWidth_gauss_sigma', 'freq_sigma_FitGaussWidth_gauss_sigma_rel_err', 'freq_sigma_FitGaussWidth_ndof', 'freq_sigma_FitGaussWidth_rms_err']
Aug 24 02:39:17 INFO >> ['freq_sigma_FitGauss_amplitude', 'freq_sigma_FitGauss_mu', 'freq_sigma_FitGauss_gauss_sigma', 'freq_sigma_FitGauss_amplitude_rel_err', 'freq_sigma_FitGauss_mu_rel_err', 'freq_sigma_FitGauss_gauss_sigma_rel_err', 'freq_sigma_FitGauss_amplitude-detection', 'freq_sigma_FitGauss_mu-detection', 'freq_sigma_FitGauss_ndof', 'freq_sigma_FitGauss_rms_err']
Aug 24 02:39:17 INFO >> Performing searching on cumulative stack 315.95 49.23
Aug 24 02:39:17 INFO >> Loading the cumulative power spectra stack to search
Aug 24 02:39:48 INFO >> DM: 107.3817479147
Aug 24 02:39:48 INFO >> sigma: 11.28372911
Aug 24 02:39:48 INFO >> frequency: 13.12749368925199
Aug 24 02:39:48 INFO >> Injecting 38 harmonics.
Aug 24 02:39:48 INFO >> Starting DM: 99.57876617742197
Aug 24 02:39:48 INFO >> Stopping DM: 115.26444580902808
Aug 24 02:39:48 INFO >> Expected detection at 9.92 sigma with 8 harmonics.
Aug 24 02:40:00 INFO >> Start searching 6558 dm trials using 32 harmonics.
Aug 24 02:40:07 INFO >> Moved power spectra to shared memory.
Aug 24 02:40:07 INFO >> Number of dm trials in single multi processing job: 10
Aug 24 02:40:59 INFO >> Total number of detections=15682
Aug 24 02:40:59 INFO >> Clustering the detections
Aug 24 02:40:59 INFO >> Starting clustering
Aug 24 02:40:59 INFO >> Rogue harmonic power filter reduced detections from 15682 to 8624
Aug 24 02:40:59 INFO >> Filtering out duplicate freq,dm detections at multiple nharms removes 811 detections
Aug 24 02:40:59 INFO >> Duplicate freq,dm filter reduced detections to 7813
Aug 24 02:40:59 INFO >> Number of detections over threshold sigma (6.0): 7813
Aug 24 02:40:59 INFO >> Grouping duplicate frequencies together first
Aug 24 02:40:59 INFO >> Grouping duplicate frequencies removed 7286 detections from the harmonic metric computation
Aug 24 02:40:59 INFO >> Starting freq-DM distance metric computation
Aug 24 02:40:59 INFO >> Finished freq-DM distance metric computation
Aug 24 02:41:00 INFO >> Largest group size for metric computation is 97
Aug 24 02:41:00 INFO >> Starting harmonic distance metric computation
Aug 24 02:41:00 INFO >> Finished harmonic distance metric computation
Aug 24 02:41:00 INFO >> Starting DBSCAN
Aug 24 02:41:01 INFO >> Finished DBSCAN
Aug 24 02:41:01 INFO >> Clusters found: 76
Aug 24 02:41:01 INFO >> Filtered 32 clusters below or equal 2 DM.
Aug 24 02:41:01 INFO >> Total number of candidate clusters=1
Aug 24 02:41:01 INFO >> Candidate Processor of stack (315.95 49.23)
Aug 24 02:41:01 INFO >> Making SinglePointingCandidates from a list of 1 PowerSpectraDetectionClusters
Aug 24 02:41:03 INFO >> saved candidates to ./results//injections/315.95_49.23_cumulative_power_spectra_stack_20220627_11_new_freq_test.yml_(9,)_candidates.npz
Aug 24 02:41:03 INFO >> Injected Pulsars:     1
Aug 24 02:41:03 INFO >> Injection Candidates: 1
Aug 24 02:41:03 INFO >> Recovered Injections: 1
Aug 24 02:41:03 INFO >> 1 candidates.
Aug 24 02:41:03 INFO >> Best candidate: F0: 13.128 DM: 107.37 Sigma: 8.90
Aug 24 02:41:04 INFO >> Unlinked shared memory for cumulative stack.
Aug 24 02:41:04 INFO >> Pipeline execution time: 1.79 minutes
