Aug 24 13:09:26 INFO >> {"message": "Waiting for suitable server to become available", "selector": "Primary()", "operation": "find", "topologyDescription": "<TopologyDescription id: 66c9db86c1e50b43ac7a46a0, topology_type: Unknown, servers: [<ServerDescription ('localhost', 27017) server_type: Unknown, rtt: None>]>", "clientId": {"$oid": "66c9db86c1e50b43ac7a46a0"}, "remainingTimeMS": 29}
Aug 24 13:09:26 INFO >> Features initialized as the following:
Aug 24 13:09:26 INFO >> num_unique_dms
Aug 24 13:09:26 INFO >> num_unique_freqs
Aug 24 13:09:26 INFO >> ndetections
Aug 24 13:09:26 INFO >> nharm
Aug 24 13:09:26 INFO >> log_p_dm
Aug 24 13:09:26 INFO >> ['dm_sigma_FitGaussWidth_gauss_sigma', 'dm_sigma_FitGaussWidth_gauss_sigma_rel_err', 'dm_sigma_FitGaussWidth_ndof', 'dm_sigma_FitGaussWidth_rms_err']
Aug 24 13:09:26 INFO >> ['dm_sigma_FitGauss_amplitude', 'dm_sigma_FitGauss_mu', 'dm_sigma_FitGauss_gauss_sigma', 'dm_sigma_FitGauss_amplitude_rel_err', 'dm_sigma_FitGauss_mu_rel_err', 'dm_sigma_FitGauss_gauss_sigma_rel_err', 'dm_sigma_FitGauss_amplitude-detection', 'dm_sigma_FitGauss_mu-detection', 'dm_sigma_FitGauss_ndof', 'dm_sigma_FitGauss_rms_err']
Aug 24 13:09:26 INFO >> ['freq_sigma_FitGaussWidth_gauss_sigma', 'freq_sigma_FitGaussWidth_gauss_sigma_rel_err', 'freq_sigma_FitGaussWidth_ndof', 'freq_sigma_FitGaussWidth_rms_err']
Aug 24 13:09:26 INFO >> ['freq_sigma_FitGauss_amplitude', 'freq_sigma_FitGauss_mu', 'freq_sigma_FitGauss_gauss_sigma', 'freq_sigma_FitGauss_amplitude_rel_err', 'freq_sigma_FitGauss_mu_rel_err', 'freq_sigma_FitGauss_gauss_sigma_rel_err', 'freq_sigma_FitGauss_amplitude-detection', 'freq_sigma_FitGauss_mu-detection', 'freq_sigma_FitGauss_ndof', 'freq_sigma_FitGauss_rms_err']
Aug 24 13:09:26 INFO >> Performing searching on cumulative stack 315.95 49.23
Aug 24 13:09:26 INFO >> Loading the cumulative power spectra stack to search
Aug 24 13:09:56 INFO >> DM: 17.3817479147
Aug 24 13:09:56 INFO >> sigma: 11.28372911
Aug 24 13:09:56 INFO >> frequency: 25.531169393613446
Aug 24 13:09:56 INFO >> Injecting 19 harmonics.
Aug 24 13:09:56 INFO >> Starting DM: 13.358127170141973
Aug 24 13:09:56 INFO >> Stopping DM: 21.453961818712866
Aug 24 13:09:56 INFO >> Expected detection at 9.24 sigma with 8 harmonics.
Aug 24 13:10:08 INFO >> Start searching 6558 dm trials using 32 harmonics.
Aug 24 13:10:15 INFO >> Moved power spectra to shared memory.
Aug 24 13:10:15 INFO >> Number of dm trials in single multi processing job: 10
Aug 24 13:11:06 INFO >> Total number of detections=15598
Aug 24 13:11:06 INFO >> Clustering the detections
Aug 24 13:11:06 INFO >> Starting clustering
Aug 24 13:11:06 INFO >> Rogue harmonic power filter reduced detections from 15598 to 8540
Aug 24 13:11:06 INFO >> Filtering out duplicate freq,dm detections at multiple nharms removes 790 detections
Aug 24 13:11:06 INFO >> Duplicate freq,dm filter reduced detections to 7750
Aug 24 13:11:06 INFO >> Number of detections over threshold sigma (6.0): 7750
Aug 24 13:11:06 INFO >> Grouping duplicate frequencies together first
Aug 24 13:11:06 INFO >> Grouping duplicate frequencies removed 7225 detections from the harmonic metric computation
Aug 24 13:11:06 INFO >> Starting freq-DM distance metric computation
Aug 24 13:11:06 INFO >> Finished freq-DM distance metric computation
Aug 24 13:11:06 INFO >> Largest group size for metric computation is 97
Aug 24 13:11:06 INFO >> Starting harmonic distance metric computation
Aug 24 13:11:07 INFO >> Finished harmonic distance metric computation
Aug 24 13:11:07 INFO >> Starting DBSCAN
Aug 24 13:11:07 INFO >> Finished DBSCAN
Aug 24 13:11:07 INFO >> Clusters found: 76
Aug 24 13:11:07 INFO >> Filtered 32 clusters below or equal 2 DM.
Aug 24 13:11:07 INFO >> Total number of candidate clusters=1
Aug 24 13:11:07 INFO >> Candidate Processor of stack (315.95 49.23)
Aug 24 13:11:07 INFO >> Making SinglePointingCandidates from a list of 1 PowerSpectraDetectionClusters
Aug 24 13:11:10 INFO >> saved candidates to ./results//injections/315.95_49.23_cumulative_power_spectra_stack_20220627_11_freq_dm_17.yml_(31,)_candidates.npz
Aug 24 13:11:10 INFO >> Injected Pulsars:     1
Aug 24 13:11:10 INFO >> Injection Candidates: 1
Aug 24 13:11:10 INFO >> Recovered Injections: 1
Aug 24 13:11:10 INFO >> 1 candidates.
Aug 24 13:11:10 INFO >> Best candidate: F0: 25.531 DM: 17.41 Sigma: 8.44
Aug 24 13:11:11 INFO >> Unlinked shared memory for cumulative stack.
Aug 24 13:11:11 INFO >> Pipeline execution time: 1.75 minutes
