Aug 24 04:06:13 INFO >> {"message": "Waiting for suitable server to become available", "selector": "Primary()", "operation": "find", "topologyDescription": "<TopologyDescription id: 66c95c356fd85809418a6b0e, topology_type: Unknown, servers: [<ServerDescription ('localhost', 27017) server_type: Unknown, rtt: None>]>", "clientId": {"$oid": "66c95c356fd85809418a6b0e"}, "remainingTimeMS": 29}
Aug 24 04:06:13 INFO >> Features initialized as the following:
Aug 24 04:06:13 INFO >> num_unique_dms
Aug 24 04:06:13 INFO >> num_unique_freqs
Aug 24 04:06:13 INFO >> ndetections
Aug 24 04:06:13 INFO >> nharm
Aug 24 04:06:13 INFO >> log_p_dm
Aug 24 04:06:13 INFO >> ['dm_sigma_FitGaussWidth_gauss_sigma', 'dm_sigma_FitGaussWidth_gauss_sigma_rel_err', 'dm_sigma_FitGaussWidth_ndof', 'dm_sigma_FitGaussWidth_rms_err']
Aug 24 04:06:13 INFO >> ['dm_sigma_FitGauss_amplitude', 'dm_sigma_FitGauss_mu', 'dm_sigma_FitGauss_gauss_sigma', 'dm_sigma_FitGauss_amplitude_rel_err', 'dm_sigma_FitGauss_mu_rel_err', 'dm_sigma_FitGauss_gauss_sigma_rel_err', 'dm_sigma_FitGauss_amplitude-detection', 'dm_sigma_FitGauss_mu-detection', 'dm_sigma_FitGauss_ndof', 'dm_sigma_FitGauss_rms_err']
Aug 24 04:06:13 INFO >> ['freq_sigma_FitGaussWidth_gauss_sigma', 'freq_sigma_FitGaussWidth_gauss_sigma_rel_err', 'freq_sigma_FitGaussWidth_ndof', 'freq_sigma_FitGaussWidth_rms_err']
Aug 24 04:06:13 INFO >> ['freq_sigma_FitGauss_amplitude', 'freq_sigma_FitGauss_mu', 'freq_sigma_FitGauss_gauss_sigma', 'freq_sigma_FitGauss_amplitude_rel_err', 'freq_sigma_FitGauss_mu_rel_err', 'freq_sigma_FitGauss_gauss_sigma_rel_err', 'freq_sigma_FitGauss_amplitude-detection', 'freq_sigma_FitGauss_mu-detection', 'freq_sigma_FitGauss_ndof', 'freq_sigma_FitGauss_rms_err']
Aug 24 04:06:13 INFO >> Performing searching on cumulative stack 315.95 49.23
Aug 24 04:06:13 INFO >> Loading the cumulative power spectra stack to search
Aug 24 04:06:43 INFO >> DM: 107.3817479147
Aug 24 04:06:43 INFO >> sigma: 11.28372911
Aug 24 04:06:43 INFO >> frequency: 56.038286658019196
Aug 24 04:06:43 INFO >> Injecting 9 harmonics.
Aug 24 04:06:43 INFO >> Starting DM: 105.549444230743
Aug 24 04:06:43 INFO >> Stopping DM: 109.19256982259992
Aug 24 04:06:43 INFO >> Expected detection at 9.46 sigma with 8 harmonics.
Aug 24 04:06:55 INFO >> Start searching 6558 dm trials using 32 harmonics.
Aug 24 04:07:02 INFO >> Moved power spectra to shared memory.
Aug 24 04:07:02 INFO >> Number of dm trials in single multi processing job: 10
Aug 24 04:07:52 INFO >> Total number of detections=15612
Aug 24 04:07:52 INFO >> Clustering the detections
Aug 24 04:07:52 INFO >> Starting clustering
Aug 24 04:07:53 INFO >> Rogue harmonic power filter reduced detections from 15612 to 8554
Aug 24 04:07:53 INFO >> Filtering out duplicate freq,dm detections at multiple nharms removes 800 detections
Aug 24 04:07:53 INFO >> Duplicate freq,dm filter reduced detections to 7754
Aug 24 04:07:53 INFO >> Number of detections over threshold sigma (6.0): 7754
Aug 24 04:07:53 INFO >> Grouping duplicate frequencies together first
Aug 24 04:07:53 INFO >> Grouping duplicate frequencies removed 7228 detections from the harmonic metric computation
Aug 24 04:07:53 INFO >> Starting freq-DM distance metric computation
Aug 24 04:07:53 INFO >> Finished freq-DM distance metric computation
Aug 24 04:07:53 INFO >> Largest group size for metric computation is 97
Aug 24 04:07:53 INFO >> Starting harmonic distance metric computation
Aug 24 04:07:54 INFO >> Finished harmonic distance metric computation
Aug 24 04:07:54 INFO >> Starting DBSCAN
Aug 24 04:07:54 INFO >> Finished DBSCAN
Aug 24 04:07:54 INFO >> Clusters found: 76
Aug 24 04:07:54 INFO >> Filtered 32 clusters below or equal 2 DM.
Aug 24 04:07:54 INFO >> Total number of candidate clusters=1
Aug 24 04:07:54 INFO >> Candidate Processor of stack (315.95 49.23)
Aug 24 04:07:54 INFO >> Making SinglePointingCandidates from a list of 1 PowerSpectraDetectionClusters
Aug 24 04:07:56 INFO >> saved candidates to ./results//injections/315.95_49.23_cumulative_power_spectra_stack_20220627_11_new_freq_test.yml_(57,)_candidates.npz
Aug 24 04:07:56 INFO >> Injected Pulsars:     1
Aug 24 04:07:56 INFO >> Injection Candidates: 1
Aug 24 04:07:56 INFO >> Recovered Injections: 1
Aug 24 04:07:56 INFO >> 1 candidates.
Aug 24 04:07:56 INFO >> Best candidate: F0: 56.038 DM: 107.37 Sigma: 9.25
Aug 24 04:07:58 INFO >> Unlinked shared memory for cumulative stack.
Aug 24 04:07:58 INFO >> Pipeline execution time: 1.75 minutes
