Aug 24 09:18:53 INFO >> {"message": "Waiting for suitable server to become available", "selector": "Primary()", "operation": "find", "topologyDescription": "<TopologyDescription id: 66c9a57dc5c365a069451697, topology_type: Unknown, servers: [<ServerDescription ('localhost', 27017) server_type: Unknown, rtt: None>]>", "clientId": {"$oid": "66c9a57dc5c365a069451697"}, "remainingTimeMS": 29}
Aug 24 09:18:53 INFO >> Features initialized as the following:
Aug 24 09:18:53 INFO >> num_unique_dms
Aug 24 09:18:53 INFO >> num_unique_freqs
Aug 24 09:18:53 INFO >> ndetections
Aug 24 09:18:53 INFO >> nharm
Aug 24 09:18:53 INFO >> log_p_dm
Aug 24 09:18:53 INFO >> ['dm_sigma_FitGaussWidth_gauss_sigma', 'dm_sigma_FitGaussWidth_gauss_sigma_rel_err', 'dm_sigma_FitGaussWidth_ndof', 'dm_sigma_FitGaussWidth_rms_err']
Aug 24 09:18:53 INFO >> ['dm_sigma_FitGauss_amplitude', 'dm_sigma_FitGauss_mu', 'dm_sigma_FitGauss_gauss_sigma', 'dm_sigma_FitGauss_amplitude_rel_err', 'dm_sigma_FitGauss_mu_rel_err', 'dm_sigma_FitGauss_gauss_sigma_rel_err', 'dm_sigma_FitGauss_amplitude-detection', 'dm_sigma_FitGauss_mu-detection', 'dm_sigma_FitGauss_ndof', 'dm_sigma_FitGauss_rms_err']
Aug 24 09:18:53 INFO >> ['freq_sigma_FitGaussWidth_gauss_sigma', 'freq_sigma_FitGaussWidth_gauss_sigma_rel_err', 'freq_sigma_FitGaussWidth_ndof', 'freq_sigma_FitGaussWidth_rms_err']
Aug 24 09:18:53 INFO >> ['freq_sigma_FitGauss_amplitude', 'freq_sigma_FitGauss_mu', 'freq_sigma_FitGauss_gauss_sigma', 'freq_sigma_FitGauss_amplitude_rel_err', 'freq_sigma_FitGauss_mu_rel_err', 'freq_sigma_FitGauss_gauss_sigma_rel_err', 'freq_sigma_FitGauss_amplitude-detection', 'freq_sigma_FitGauss_mu-detection', 'freq_sigma_FitGauss_ndof', 'freq_sigma_FitGauss_rms_err']
Aug 24 09:18:54 INFO >> Performing searching on cumulative stack 315.95 49.23
Aug 24 09:18:54 INFO >> Loading the cumulative power spectra stack to search
Aug 24 09:19:25 INFO >> DM: 107.3817479147
Aug 24 09:19:25 INFO >> sigma: 11.28372911
Aug 24 09:19:25 INFO >> frequency: 29.6980047740645
Aug 24 09:19:25 INFO >> Injecting 17 harmonics.
Aug 24 09:19:25 INFO >> Starting DM: 103.93027730102884
Aug 24 09:19:25 INFO >> Stopping DM: 110.81173675231409
Aug 24 09:19:25 INFO >> Expected detection at 9.14 sigma with 8 harmonics.
Aug 24 09:19:38 INFO >> Start searching 6558 dm trials using 32 harmonics.
Aug 24 09:19:45 INFO >> Moved power spectra to shared memory.
Aug 24 09:19:45 INFO >> Number of dm trials in single multi processing job: 10
Aug 24 09:20:35 INFO >> Total number of detections=15597
Aug 24 09:20:35 INFO >> Clustering the detections
Aug 24 09:20:35 INFO >> Starting clustering
Aug 24 09:20:35 INFO >> Rogue harmonic power filter reduced detections from 15597 to 8539
Aug 24 09:20:35 INFO >> Filtering out duplicate freq,dm detections at multiple nharms removes 797 detections
Aug 24 09:20:35 INFO >> Duplicate freq,dm filter reduced detections to 7742
Aug 24 09:20:35 INFO >> Number of detections over threshold sigma (6.0): 7742
Aug 24 09:20:35 INFO >> Grouping duplicate frequencies together first
Aug 24 09:20:35 INFO >> Grouping duplicate frequencies removed 7220 detections from the harmonic metric computation
Aug 24 09:20:35 INFO >> Starting freq-DM distance metric computation
Aug 24 09:20:35 INFO >> Finished freq-DM distance metric computation
Aug 24 09:20:36 INFO >> Largest group size for metric computation is 97
Aug 24 09:20:36 INFO >> Starting harmonic distance metric computation
Aug 24 09:20:36 INFO >> Finished harmonic distance metric computation
Aug 24 09:20:36 INFO >> Starting DBSCAN
Aug 24 09:20:36 INFO >> Finished DBSCAN
Aug 24 09:20:36 INFO >> Clusters found: 76
Aug 24 09:20:37 INFO >> Filtered 32 clusters below or equal 2 DM.
Aug 24 09:20:37 INFO >> Total number of candidate clusters=1
Aug 24 09:20:37 INFO >> Candidate Processor of stack (315.95 49.23)
Aug 24 09:20:37 INFO >> Making SinglePointingCandidates from a list of 1 PowerSpectraDetectionClusters
Aug 24 09:20:39 INFO >> saved candidates to ./results//injections/315.95_49.23_cumulative_power_spectra_stack_20220627_11_new_freq_test.yml_(36,)_candidates.npz
Aug 24 09:20:39 INFO >> Injected Pulsars:     1
Aug 24 09:20:39 INFO >> Injection Candidates: 1
Aug 24 09:20:39 INFO >> Recovered Injections: 1
Aug 24 09:20:39 INFO >> 1 candidates.
Aug 24 09:20:39 INFO >> Best candidate: F0: 29.698 DM: 107.47 Sigma: 8.52
Aug 24 09:20:40 INFO >> Unlinked shared memory for cumulative stack.
Aug 24 09:20:40 INFO >> Pipeline execution time: 1.78 minutes
