Aug 24 14:19:03 INFO >> {"message": "Waiting for suitable server to become available", "selector": "Primary()", "operation": "find", "topologyDescription": "<TopologyDescription id: 66c9ebd729d0bbce71b05fa3, topology_type: Unknown, servers: [<ServerDescription ('localhost', 27017) server_type: Unknown, rtt: None>]>", "clientId": {"$oid": "66c9ebd729d0bbce71b05fa3"}, "remainingTimeMS": 29}
Aug 24 14:19:03 INFO >> Features initialized as the following:
Aug 24 14:19:03 INFO >> num_unique_dms
Aug 24 14:19:03 INFO >> num_unique_freqs
Aug 24 14:19:03 INFO >> ndetections
Aug 24 14:19:03 INFO >> nharm
Aug 24 14:19:03 INFO >> log_p_dm
Aug 24 14:19:03 INFO >> ['dm_sigma_FitGaussWidth_gauss_sigma', 'dm_sigma_FitGaussWidth_gauss_sigma_rel_err', 'dm_sigma_FitGaussWidth_ndof', 'dm_sigma_FitGaussWidth_rms_err']
Aug 24 14:19:03 INFO >> ['dm_sigma_FitGauss_amplitude', 'dm_sigma_FitGauss_mu', 'dm_sigma_FitGauss_gauss_sigma', 'dm_sigma_FitGauss_amplitude_rel_err', 'dm_sigma_FitGauss_mu_rel_err', 'dm_sigma_FitGauss_gauss_sigma_rel_err', 'dm_sigma_FitGauss_amplitude-detection', 'dm_sigma_FitGauss_mu-detection', 'dm_sigma_FitGauss_ndof', 'dm_sigma_FitGauss_rms_err']
Aug 24 14:19:03 INFO >> ['freq_sigma_FitGaussWidth_gauss_sigma', 'freq_sigma_FitGaussWidth_gauss_sigma_rel_err', 'freq_sigma_FitGaussWidth_ndof', 'freq_sigma_FitGaussWidth_rms_err']
Aug 24 14:19:03 INFO >> ['freq_sigma_FitGauss_amplitude', 'freq_sigma_FitGauss_mu', 'freq_sigma_FitGauss_gauss_sigma', 'freq_sigma_FitGauss_amplitude_rel_err', 'freq_sigma_FitGauss_mu_rel_err', 'freq_sigma_FitGauss_gauss_sigma_rel_err', 'freq_sigma_FitGauss_amplitude-detection', 'freq_sigma_FitGauss_mu-detection', 'freq_sigma_FitGauss_ndof', 'freq_sigma_FitGauss_rms_err']
Aug 24 14:19:03 INFO >> Performing searching on cumulative stack 315.95 49.23
Aug 24 14:19:03 INFO >> Loading the cumulative power spectra stack to search
Aug 24 14:19:33 INFO >> DM: 17.3817479147
Aug 24 14:19:33 INFO >> sigma: 11.28372911
Aug 24 14:19:33 INFO >> frequency: 83.02175681319744
Aug 24 14:19:33 INFO >> Injecting 6 harmonics.
Aug 24 14:19:33 INFO >> Starting DM: 16.191669297141782
Aug 24 14:19:33 INFO >> Stopping DM: 18.62041969171305
Aug 24 14:19:33 INFO >> Expected detection at 9.21 sigma with 4 harmonics.
Aug 24 14:19:45 INFO >> Start searching 6558 dm trials using 32 harmonics.
Aug 24 14:19:53 INFO >> Moved power spectra to shared memory.
Aug 24 14:19:53 INFO >> Number of dm trials in single multi processing job: 10
Aug 24 14:20:43 INFO >> Total number of detections=15594
Aug 24 14:20:43 INFO >> Clustering the detections
Aug 24 14:20:43 INFO >> Starting clustering
Aug 24 14:20:43 INFO >> Rogue harmonic power filter reduced detections from 15594 to 8536
Aug 24 14:20:43 INFO >> Filtering out duplicate freq,dm detections at multiple nharms removes 790 detections
Aug 24 14:20:43 INFO >> Duplicate freq,dm filter reduced detections to 7746
Aug 24 14:20:43 INFO >> Number of detections over threshold sigma (6.0): 7746
Aug 24 14:20:43 INFO >> Grouping duplicate frequencies together first
Aug 24 14:20:43 INFO >> Grouping duplicate frequencies removed 7221 detections from the harmonic metric computation
Aug 24 14:20:43 INFO >> Starting freq-DM distance metric computation
Aug 24 14:20:44 INFO >> Finished freq-DM distance metric computation
Aug 24 14:20:44 INFO >> Largest group size for metric computation is 97
Aug 24 14:20:44 INFO >> Starting harmonic distance metric computation
Aug 24 14:20:45 INFO >> Finished harmonic distance metric computation
Aug 24 14:20:45 INFO >> Starting DBSCAN
Aug 24 14:20:45 INFO >> Finished DBSCAN
Aug 24 14:20:45 INFO >> Clusters found: 76
Aug 24 14:20:45 INFO >> Filtered 32 clusters below or equal 2 DM.
Aug 24 14:20:45 INFO >> Total number of candidate clusters=1
Aug 24 14:20:45 INFO >> Candidate Processor of stack (315.95 49.23)
Aug 24 14:20:45 INFO >> Making SinglePointingCandidates from a list of 1 PowerSpectraDetectionClusters
Aug 24 14:20:47 INFO >> saved candidates to ./results//injections/315.95_49.23_cumulative_power_spectra_stack_20220627_11_freq_dm_17.yml_(70,)_candidates.npz
Aug 24 14:20:47 INFO >> Injected Pulsars:     1
Aug 24 14:20:47 INFO >> Injection Candidates: 1
Aug 24 14:20:47 INFO >> Recovered Injections: 1
Aug 24 14:20:47 INFO >> 1 candidates.
Aug 24 14:20:47 INFO >> Best candidate: F0: 83.022 DM: 17.41 Sigma: 9.48
Aug 24 14:20:49 INFO >> Unlinked shared memory for cumulative stack.
Aug 24 14:20:49 INFO >> Pipeline execution time: 1.76 minutes
