Aug 24 14:55:01 INFO >> {"message": "Waiting for suitable server to become available", "selector": "Primary()", "operation": "find", "topologyDescription": "<TopologyDescription id: 66c9f4458b25e08d8748157d, topology_type: Unknown, servers: [<ServerDescription ('localhost', 27017) server_type: Unknown, rtt: None>]>", "clientId": {"$oid": "66c9f4458b25e08d8748157d"}, "remainingTimeMS": 29}
Aug 24 14:55:01 INFO >> Features initialized as the following:
Aug 24 14:55:01 INFO >> num_unique_dms
Aug 24 14:55:01 INFO >> num_unique_freqs
Aug 24 14:55:01 INFO >> ndetections
Aug 24 14:55:01 INFO >> nharm
Aug 24 14:55:01 INFO >> log_p_dm
Aug 24 14:55:01 INFO >> ['dm_sigma_FitGaussWidth_gauss_sigma', 'dm_sigma_FitGaussWidth_gauss_sigma_rel_err', 'dm_sigma_FitGaussWidth_ndof', 'dm_sigma_FitGaussWidth_rms_err']
Aug 24 14:55:01 INFO >> ['dm_sigma_FitGauss_amplitude', 'dm_sigma_FitGauss_mu', 'dm_sigma_FitGauss_gauss_sigma', 'dm_sigma_FitGauss_amplitude_rel_err', 'dm_sigma_FitGauss_mu_rel_err', 'dm_sigma_FitGauss_gauss_sigma_rel_err', 'dm_sigma_FitGauss_amplitude-detection', 'dm_sigma_FitGauss_mu-detection', 'dm_sigma_FitGauss_ndof', 'dm_sigma_FitGauss_rms_err']
Aug 24 14:55:01 INFO >> ['freq_sigma_FitGaussWidth_gauss_sigma', 'freq_sigma_FitGaussWidth_gauss_sigma_rel_err', 'freq_sigma_FitGaussWidth_ndof', 'freq_sigma_FitGaussWidth_rms_err']
Aug 24 14:55:01 INFO >> ['freq_sigma_FitGauss_amplitude', 'freq_sigma_FitGauss_mu', 'freq_sigma_FitGauss_gauss_sigma', 'freq_sigma_FitGauss_amplitude_rel_err', 'freq_sigma_FitGauss_mu_rel_err', 'freq_sigma_FitGauss_gauss_sigma_rel_err', 'freq_sigma_FitGauss_amplitude-detection', 'freq_sigma_FitGauss_mu-detection', 'freq_sigma_FitGauss_ndof', 'freq_sigma_FitGauss_rms_err']
Aug 24 14:55:02 INFO >> Performing searching on cumulative stack 315.95 49.23
Aug 24 14:55:02 INFO >> Loading the cumulative power spectra stack to search
Aug 24 14:55:32 INFO >> DM: 17.3817479147
Aug 24 14:55:32 INFO >> sigma: 11.28372911
Aug 24 14:55:32 INFO >> frequency: 151.99110829529332
Aug 24 14:55:32 INFO >> Injecting 3 harmonics.
Aug 24 14:55:32 INFO >> Starting DM: 16.697658962677465
Aug 24 14:55:32 INFO >> Stopping DM: 18.013232093070236
Aug 24 14:55:32 INFO >> Expected detection at 7.19 sigma with 2 harmonics.
Aug 24 14:55:44 INFO >> Start searching 6558 dm trials using 32 harmonics.
Aug 24 14:55:52 INFO >> Moved power spectra to shared memory.
Aug 24 14:55:52 INFO >> Number of dm trials in single multi processing job: 10
Aug 24 14:56:41 INFO >> Total number of detections=15582
Aug 24 14:56:41 INFO >> Clustering the detections
Aug 24 14:56:41 INFO >> Starting clustering
Aug 24 14:56:41 INFO >> Rogue harmonic power filter reduced detections from 15582 to 8524
Aug 24 14:56:41 INFO >> Filtering out duplicate freq,dm detections at multiple nharms removes 789 detections
Aug 24 14:56:41 INFO >> Duplicate freq,dm filter reduced detections to 7735
Aug 24 14:56:41 INFO >> Number of detections over threshold sigma (6.0): 7735
Aug 24 14:56:41 INFO >> Grouping duplicate frequencies together first
Aug 24 14:56:41 INFO >> Grouping duplicate frequencies removed 7215 detections from the harmonic metric computation
Aug 24 14:56:41 INFO >> Starting freq-DM distance metric computation
Aug 24 14:56:41 INFO >> Finished freq-DM distance metric computation
Aug 24 14:56:42 INFO >> Largest group size for metric computation is 97
Aug 24 14:56:42 INFO >> Starting harmonic distance metric computation
Aug 24 14:56:42 INFO >> Finished harmonic distance metric computation
Aug 24 14:56:42 INFO >> Starting DBSCAN
Aug 24 14:56:42 INFO >> Finished DBSCAN
Aug 24 14:56:42 INFO >> Clusters found: 75
Aug 24 14:56:42 INFO >> Filtered 32 clusters below or equal 2 DM.
Aug 24 14:56:42 INFO >> Total number of candidate clusters=0
Aug 24 14:56:42 INFO >> Candidate Processor of stack (315.95 49.23)
Aug 24 14:56:42 INFO >> Making SinglePointingCandidates from a list of 0 PowerSpectraDetectionClusters
Aug 24 14:56:44 INFO >> saved candidates to ./results//injections/315.95_49.23_cumulative_power_spectra_stack_20220627_11_freq_dm_17.yml_(90,)_candidates.npz
Aug 24 14:56:44 INFO >> Injected Pulsars:     1
Aug 24 14:56:44 INFO >> Injection Candidates: 0
Aug 24 14:56:44 INFO >> Recovered Injections: 0
Aug 24 14:56:44 INFO >> 0 candidates.
Aug 24 14:56:46 INFO >> Unlinked shared memory for cumulative stack.
Aug 24 14:56:46 INFO >> Pipeline execution time: 1.74 minutes
