Aug 24 08:50:11 INFO >> {"message": "Waiting for suitable server to become available", "selector": "Primary()", "operation": "find", "topologyDescription": "<TopologyDescription id: 66c99ec351b283a889f1693b, topology_type: Unknown, servers: [<ServerDescription ('localhost', 27017) server_type: Unknown, rtt: None>]>", "clientId": {"$oid": "66c99ec351b283a889f1693b"}, "remainingTimeMS": 29}
Aug 24 08:50:11 INFO >> Features initialized as the following:
Aug 24 08:50:11 INFO >> num_unique_dms
Aug 24 08:50:11 INFO >> num_unique_freqs
Aug 24 08:50:11 INFO >> ndetections
Aug 24 08:50:11 INFO >> nharm
Aug 24 08:50:11 INFO >> log_p_dm
Aug 24 08:50:11 INFO >> ['dm_sigma_FitGaussWidth_gauss_sigma', 'dm_sigma_FitGaussWidth_gauss_sigma_rel_err', 'dm_sigma_FitGaussWidth_ndof', 'dm_sigma_FitGaussWidth_rms_err']
Aug 24 08:50:11 INFO >> ['dm_sigma_FitGauss_amplitude', 'dm_sigma_FitGauss_mu', 'dm_sigma_FitGauss_gauss_sigma', 'dm_sigma_FitGauss_amplitude_rel_err', 'dm_sigma_FitGauss_mu_rel_err', 'dm_sigma_FitGauss_gauss_sigma_rel_err', 'dm_sigma_FitGauss_amplitude-detection', 'dm_sigma_FitGauss_mu-detection', 'dm_sigma_FitGauss_ndof', 'dm_sigma_FitGauss_rms_err']
Aug 24 08:50:11 INFO >> ['freq_sigma_FitGaussWidth_gauss_sigma', 'freq_sigma_FitGaussWidth_gauss_sigma_rel_err', 'freq_sigma_FitGaussWidth_ndof', 'freq_sigma_FitGaussWidth_rms_err']
Aug 24 08:50:11 INFO >> ['freq_sigma_FitGauss_amplitude', 'freq_sigma_FitGauss_mu', 'freq_sigma_FitGauss_gauss_sigma', 'freq_sigma_FitGauss_amplitude_rel_err', 'freq_sigma_FitGauss_mu_rel_err', 'freq_sigma_FitGauss_gauss_sigma_rel_err', 'freq_sigma_FitGauss_amplitude-detection', 'freq_sigma_FitGauss_mu-detection', 'freq_sigma_FitGauss_ndof', 'freq_sigma_FitGauss_rms_err']
Aug 24 08:50:12 INFO >> Performing searching on cumulative stack 315.95 49.23
Aug 24 08:50:12 INFO >> Loading the cumulative power spectra stack to search
Aug 24 08:50:43 INFO >> DM: 107.3817479147
Aug 24 08:50:43 INFO >> sigma: 11.28372911
Aug 24 08:50:43 INFO >> frequency: 18.30738280295368
Aug 24 08:50:43 INFO >> Injecting 27 harmonics.
Aug 24 08:50:43 INFO >> Starting DM: 101.80512070577898
Aug 24 08:50:43 INFO >> Stopping DM: 113.03809128067108
Aug 24 08:50:43 INFO >> Expected detection at 10.53 sigma with 8 harmonics.
Aug 24 08:50:54 INFO >> Start searching 6558 dm trials using 32 harmonics.
Aug 24 08:51:01 INFO >> Moved power spectra to shared memory.
Aug 24 08:51:01 INFO >> Number of dm trials in single multi processing job: 10
Aug 24 08:51:51 INFO >> Total number of detections=15728
Aug 24 08:51:51 INFO >> Clustering the detections
Aug 24 08:51:51 INFO >> Starting clustering
Aug 24 08:51:51 INFO >> Rogue harmonic power filter reduced detections from 15728 to 8670
Aug 24 08:51:51 INFO >> Filtering out duplicate freq,dm detections at multiple nharms removes 852 detections
Aug 24 08:51:51 INFO >> Duplicate freq,dm filter reduced detections to 7818
Aug 24 08:51:51 INFO >> Number of detections over threshold sigma (6.0): 7818
Aug 24 08:51:51 INFO >> Grouping duplicate frequencies together first
Aug 24 08:51:51 INFO >> Grouping duplicate frequencies removed 7285 detections from the harmonic metric computation
Aug 24 08:51:51 INFO >> Starting freq-DM distance metric computation
Aug 24 08:51:52 INFO >> Finished freq-DM distance metric computation
Aug 24 08:51:52 INFO >> Largest group size for metric computation is 97
Aug 24 08:51:52 INFO >> Starting harmonic distance metric computation
Aug 24 08:51:52 INFO >> Finished harmonic distance metric computation
Aug 24 08:51:52 INFO >> Starting DBSCAN
Aug 24 08:51:53 INFO >> Finished DBSCAN
Aug 24 08:51:53 INFO >> Clusters found: 77
Aug 24 08:51:53 INFO >> Filtered 32 clusters below or equal 2 DM.
Aug 24 08:51:53 INFO >> Total number of candidate clusters=2
Aug 24 08:51:53 INFO >> Candidate Processor of stack (315.95 49.23)
Aug 24 08:51:53 INFO >> Making SinglePointingCandidates from a list of 2 PowerSpectraDetectionClusters
Aug 24 08:51:55 INFO >> saved candidates to ./results//injections/315.95_49.23_cumulative_power_spectra_stack_20220627_11_new_freq_test.yml_(20,)_candidates.npz
Aug 24 08:51:55 INFO >> Injected Pulsars:     1
Aug 24 08:51:55 INFO >> Injection Candidates: 2
Aug 24 08:51:55 INFO >> Recovered Injections: 1
Aug 24 08:51:55 INFO >> 2 candidates.
Aug 24 08:51:55 INFO >> Best candidate: F0: 18.307 DM: 107.37 Sigma: 9.58
Aug 24 08:51:57 INFO >> Unlinked shared memory for cumulative stack.
Aug 24 08:51:57 INFO >> Pipeline execution time: 1.76 minutes
