Aug 24 12:22:40 INFO >> {"message": "Waiting for suitable server to become available", "selector": "Primary()", "operation": "find", "topologyDescription": "<TopologyDescription id: 66c9d090c8698b3ea15df9fe, topology_type: Unknown, servers: [<ServerDescription ('localhost', 27017) server_type: Unknown, rtt: None>]>", "clientId": {"$oid": "66c9d090c8698b3ea15df9fe"}, "remainingTimeMS": 29}
Aug 24 12:22:41 INFO >> Features initialized as the following:
Aug 24 12:22:41 INFO >> num_unique_dms
Aug 24 12:22:41 INFO >> num_unique_freqs
Aug 24 12:22:41 INFO >> ndetections
Aug 24 12:22:41 INFO >> nharm
Aug 24 12:22:41 INFO >> log_p_dm
Aug 24 12:22:41 INFO >> ['dm_sigma_FitGaussWidth_gauss_sigma', 'dm_sigma_FitGaussWidth_gauss_sigma_rel_err', 'dm_sigma_FitGaussWidth_ndof', 'dm_sigma_FitGaussWidth_rms_err']
Aug 24 12:22:41 INFO >> ['dm_sigma_FitGauss_amplitude', 'dm_sigma_FitGauss_mu', 'dm_sigma_FitGauss_gauss_sigma', 'dm_sigma_FitGauss_amplitude_rel_err', 'dm_sigma_FitGauss_mu_rel_err', 'dm_sigma_FitGauss_gauss_sigma_rel_err', 'dm_sigma_FitGauss_amplitude-detection', 'dm_sigma_FitGauss_mu-detection', 'dm_sigma_FitGauss_ndof', 'dm_sigma_FitGauss_rms_err']
Aug 24 12:22:41 INFO >> ['freq_sigma_FitGaussWidth_gauss_sigma', 'freq_sigma_FitGaussWidth_gauss_sigma_rel_err', 'freq_sigma_FitGaussWidth_ndof', 'freq_sigma_FitGaussWidth_rms_err']
Aug 24 12:22:41 INFO >> ['freq_sigma_FitGauss_amplitude', 'freq_sigma_FitGauss_mu', 'freq_sigma_FitGauss_gauss_sigma', 'freq_sigma_FitGauss_amplitude_rel_err', 'freq_sigma_FitGauss_mu_rel_err', 'freq_sigma_FitGauss_gauss_sigma_rel_err', 'freq_sigma_FitGauss_amplitude-detection', 'freq_sigma_FitGauss_mu-detection', 'freq_sigma_FitGauss_ndof', 'freq_sigma_FitGauss_rms_err']
Aug 24 12:22:41 INFO >> Performing searching on cumulative stack 315.95 49.23
Aug 24 12:22:41 INFO >> Loading the cumulative power spectra stack to search
Aug 24 12:23:11 INFO >> DM: 17.3817479147
Aug 24 12:23:11 INFO >> sigma: 11.28372911
Aug 24 12:23:11 INFO >> frequency: 11.63205817806895
Aug 24 12:23:11 INFO >> Injecting 43 harmonics.
Aug 24 12:23:11 INFO >> Starting DM: 8.500626380999435
Aug 24 12:23:11 INFO >> Stopping DM: 26.210264674748267
Aug 24 12:23:11 INFO >> Expected detection at 10.02 sigma with 8 harmonics.
Aug 24 12:23:23 INFO >> Start searching 6558 dm trials using 32 harmonics.
Aug 24 12:23:32 INFO >> Moved power spectra to shared memory.
Aug 24 12:23:32 INFO >> Number of dm trials in single multi processing job: 10
Aug 24 12:24:22 INFO >> Total number of detections=15710
Aug 24 12:24:22 INFO >> Clustering the detections
Aug 24 12:24:22 INFO >> Starting clustering
Aug 24 12:24:22 INFO >> Rogue harmonic power filter reduced detections from 15710 to 8652
Aug 24 12:24:22 INFO >> Filtering out duplicate freq,dm detections at multiple nharms removes 833 detections
Aug 24 12:24:22 INFO >> Duplicate freq,dm filter reduced detections to 7819
Aug 24 12:24:22 INFO >> Number of detections over threshold sigma (6.0): 7819
Aug 24 12:24:22 INFO >> Grouping duplicate frequencies together first
Aug 24 12:24:22 INFO >> Grouping duplicate frequencies removed 7291 detections from the harmonic metric computation
Aug 24 12:24:22 INFO >> Starting freq-DM distance metric computation
Aug 24 12:24:23 INFO >> Finished freq-DM distance metric computation
Aug 24 12:24:23 INFO >> Largest group size for metric computation is 97
Aug 24 12:24:23 INFO >> Starting harmonic distance metric computation
Aug 24 12:24:24 INFO >> Finished harmonic distance metric computation
Aug 24 12:24:24 INFO >> Starting DBSCAN
Aug 24 12:24:24 INFO >> Finished DBSCAN
Aug 24 12:24:24 INFO >> Clusters found: 76
Aug 24 12:24:24 INFO >> Filtered 32 clusters below or equal 2 DM.
Aug 24 12:24:24 INFO >> Total number of candidate clusters=1
Aug 24 12:24:24 INFO >> Candidate Processor of stack (315.95 49.23)
Aug 24 12:24:24 INFO >> Making SinglePointingCandidates from a list of 1 PowerSpectraDetectionClusters
Aug 24 12:24:26 INFO >> saved candidates to ./results//injections/315.95_49.23_cumulative_power_spectra_stack_20220627_11_freq_dm_17.yml_(5,)_candidates.npz
Aug 24 12:24:26 INFO >> Injected Pulsars:     1
Aug 24 12:24:26 INFO >> Injection Candidates: 1
Aug 24 12:24:26 INFO >> Recovered Injections: 1
Aug 24 12:24:26 INFO >> 1 candidates.
Aug 24 12:24:26 INFO >> Best candidate: F0: 11.632 DM: 17.30 Sigma: 9.59
Aug 24 12:24:27 INFO >> Unlinked shared memory for cumulative stack.
Aug 24 12:24:27 INFO >> Pipeline execution time: 1.78 minutes
