Aug 24 10:32:19 INFO >> {"message": "Waiting for suitable server to become available", "selector": "Primary()", "operation": "find", "topologyDescription": "<TopologyDescription id: 66c9b6b3b2966904f38a84e4, topology_type: Unknown, servers: [<ServerDescription ('localhost', 27017) server_type: Unknown, rtt: None>]>", "clientId": {"$oid": "66c9b6b3b2966904f38a84e4"}, "remainingTimeMS": 29}
Aug 24 10:32:19 INFO >> Features initialized as the following:
Aug 24 10:32:19 INFO >> num_unique_dms
Aug 24 10:32:19 INFO >> num_unique_freqs
Aug 24 10:32:19 INFO >> ndetections
Aug 24 10:32:19 INFO >> nharm
Aug 24 10:32:19 INFO >> log_p_dm
Aug 24 10:32:19 INFO >> ['dm_sigma_FitGaussWidth_gauss_sigma', 'dm_sigma_FitGaussWidth_gauss_sigma_rel_err', 'dm_sigma_FitGaussWidth_ndof', 'dm_sigma_FitGaussWidth_rms_err']
Aug 24 10:32:19 INFO >> ['dm_sigma_FitGauss_amplitude', 'dm_sigma_FitGauss_mu', 'dm_sigma_FitGauss_gauss_sigma', 'dm_sigma_FitGauss_amplitude_rel_err', 'dm_sigma_FitGauss_mu_rel_err', 'dm_sigma_FitGauss_gauss_sigma_rel_err', 'dm_sigma_FitGauss_amplitude-detection', 'dm_sigma_FitGauss_mu-detection', 'dm_sigma_FitGauss_ndof', 'dm_sigma_FitGauss_rms_err']
Aug 24 10:32:19 INFO >> ['freq_sigma_FitGaussWidth_gauss_sigma', 'freq_sigma_FitGaussWidth_gauss_sigma_rel_err', 'freq_sigma_FitGaussWidth_ndof', 'freq_sigma_FitGaussWidth_rms_err']
Aug 24 10:32:19 INFO >> ['freq_sigma_FitGauss_amplitude', 'freq_sigma_FitGauss_mu', 'freq_sigma_FitGauss_gauss_sigma', 'freq_sigma_FitGauss_amplitude_rel_err', 'freq_sigma_FitGauss_mu_rel_err', 'freq_sigma_FitGauss_gauss_sigma_rel_err', 'freq_sigma_FitGauss_amplitude-detection', 'freq_sigma_FitGauss_mu-detection', 'freq_sigma_FitGauss_ndof', 'freq_sigma_FitGauss_rms_err']
Aug 24 10:32:19 INFO >> Performing searching on cumulative stack 315.95 49.23
Aug 24 10:32:19 INFO >> Loading the cumulative power spectra stack to search
Aug 24 10:32:51 INFO >> DM: 107.3817479147
Aug 24 10:32:51 INFO >> sigma: 11.28372911
Aug 24 10:32:51 INFO >> frequency: 102.59143654700097
Aug 24 10:32:51 INFO >> Injecting 4 harmonics.
Aug 24 10:32:51 INFO >> Starting DM: 106.3590276956001
Aug 24 10:32:51 INFO >> Stopping DM: 108.38298635774281
Aug 24 10:32:51 INFO >> Expected detection at 8.37 sigma with 4 harmonics.
Aug 24 10:33:04 INFO >> Start searching 6558 dm trials using 32 harmonics.
Aug 24 10:33:11 INFO >> Moved power spectra to shared memory.
Aug 24 10:33:11 INFO >> Number of dm trials in single multi processing job: 10
Aug 24 10:34:00 INFO >> Total number of detections=15583
Aug 24 10:34:00 INFO >> Clustering the detections
Aug 24 10:34:00 INFO >> Starting clustering
Aug 24 10:34:00 INFO >> Rogue harmonic power filter reduced detections from 15583 to 8525
Aug 24 10:34:00 INFO >> Filtering out duplicate freq,dm detections at multiple nharms removes 789 detections
Aug 24 10:34:00 INFO >> Duplicate freq,dm filter reduced detections to 7736
Aug 24 10:34:00 INFO >> Number of detections over threshold sigma (6.0): 7736
Aug 24 10:34:00 INFO >> Grouping duplicate frequencies together first
Aug 24 10:34:00 INFO >> Grouping duplicate frequencies removed 7215 detections from the harmonic metric computation
Aug 24 10:34:00 INFO >> Starting freq-DM distance metric computation
Aug 24 10:34:01 INFO >> Finished freq-DM distance metric computation
Aug 24 10:34:01 INFO >> Largest group size for metric computation is 97
Aug 24 10:34:01 INFO >> Starting harmonic distance metric computation
Aug 24 10:34:01 INFO >> Finished harmonic distance metric computation
Aug 24 10:34:01 INFO >> Starting DBSCAN
Aug 24 10:34:02 INFO >> Finished DBSCAN
Aug 24 10:34:02 INFO >> Clusters found: 75
Aug 24 10:34:02 INFO >> Filtered 32 clusters below or equal 2 DM.
Aug 24 10:34:02 INFO >> Total number of candidate clusters=0
Aug 24 10:34:02 INFO >> Candidate Processor of stack (315.95 49.23)
Aug 24 10:34:02 INFO >> Making SinglePointingCandidates from a list of 0 PowerSpectraDetectionClusters
Aug 24 10:34:04 INFO >> saved candidates to ./results//injections/315.95_49.23_cumulative_power_spectra_stack_20220627_11_new_freq_test.yml_(77,)_candidates.npz
Aug 24 10:34:04 INFO >> Injected Pulsars:     1
Aug 24 10:34:04 INFO >> Injection Candidates: 0
Aug 24 10:34:04 INFO >> Recovered Injections: 0
Aug 24 10:34:04 INFO >> 0 candidates.
Aug 24 10:34:05 INFO >> Unlinked shared memory for cumulative stack.
Aug 24 10:34:05 INFO >> Pipeline execution time: 1.77 minutes
