Aug 24 08:44:51 INFO >> {"message": "Waiting for suitable server to become available", "selector": "Primary()", "operation": "find", "topologyDescription": "<TopologyDescription id: 66c99d837edbe246249cf9a6, topology_type: Unknown, servers: [<ServerDescription ('localhost', 27017) server_type: Unknown, rtt: None>]>", "clientId": {"$oid": "66c99d837edbe246249cf9a6"}, "remainingTimeMS": 29}
Aug 24 08:44:52 INFO >> Features initialized as the following:
Aug 24 08:44:52 INFO >> num_unique_dms
Aug 24 08:44:52 INFO >> num_unique_freqs
Aug 24 08:44:52 INFO >> ndetections
Aug 24 08:44:52 INFO >> nharm
Aug 24 08:44:52 INFO >> log_p_dm
Aug 24 08:44:52 INFO >> ['dm_sigma_FitGaussWidth_gauss_sigma', 'dm_sigma_FitGaussWidth_gauss_sigma_rel_err', 'dm_sigma_FitGaussWidth_ndof', 'dm_sigma_FitGaussWidth_rms_err']
Aug 24 08:44:52 INFO >> ['dm_sigma_FitGauss_amplitude', 'dm_sigma_FitGauss_mu', 'dm_sigma_FitGauss_gauss_sigma', 'dm_sigma_FitGauss_amplitude_rel_err', 'dm_sigma_FitGauss_mu_rel_err', 'dm_sigma_FitGauss_gauss_sigma_rel_err', 'dm_sigma_FitGauss_amplitude-detection', 'dm_sigma_FitGauss_mu-detection', 'dm_sigma_FitGauss_ndof', 'dm_sigma_FitGauss_rms_err']
Aug 24 08:44:52 INFO >> ['freq_sigma_FitGaussWidth_gauss_sigma', 'freq_sigma_FitGaussWidth_gauss_sigma_rel_err', 'freq_sigma_FitGaussWidth_ndof', 'freq_sigma_FitGaussWidth_rms_err']
Aug 24 08:44:52 INFO >> ['freq_sigma_FitGauss_amplitude', 'freq_sigma_FitGauss_mu', 'freq_sigma_FitGauss_gauss_sigma', 'freq_sigma_FitGauss_amplitude_rel_err', 'freq_sigma_FitGauss_mu_rel_err', 'freq_sigma_FitGauss_gauss_sigma_rel_err', 'freq_sigma_FitGauss_amplitude-detection', 'freq_sigma_FitGauss_mu-detection', 'freq_sigma_FitGauss_ndof', 'freq_sigma_FitGauss_rms_err']
Aug 24 08:44:52 INFO >> Performing searching on cumulative stack 315.95 49.23
Aug 24 08:44:52 INFO >> Loading the cumulative power spectra stack to search
Aug 24 08:45:21 INFO >> DM: 107.3817479147
Aug 24 08:45:21 INFO >> sigma: 11.28372911
Aug 24 08:45:21 INFO >> frequency: 16.71984793374057
Aug 24 08:45:21 INFO >> Injecting 30 harmonics.
Aug 24 08:45:21 INFO >> Starting DM: 101.19793310713615
Aug 24 08:45:21 INFO >> Stopping DM: 113.54408094620675
Aug 24 08:45:21 INFO >> Expected detection at 9.30 sigma with 16 harmonics.
Aug 24 08:45:33 INFO >> Start searching 6558 dm trials using 32 harmonics.
Aug 24 08:45:40 INFO >> Moved power spectra to shared memory.
Aug 24 08:45:40 INFO >> Number of dm trials in single multi processing job: 10
Aug 24 08:46:30 INFO >> Total number of detections=15680
Aug 24 08:46:30 INFO >> Clustering the detections
Aug 24 08:46:30 INFO >> Starting clustering
Aug 24 08:46:30 INFO >> Rogue harmonic power filter reduced detections from 15680 to 8622
Aug 24 08:46:30 INFO >> Filtering out duplicate freq,dm detections at multiple nharms removes 804 detections
Aug 24 08:46:30 INFO >> Duplicate freq,dm filter reduced detections to 7818
Aug 24 08:46:30 INFO >> Number of detections over threshold sigma (6.0): 7818
Aug 24 08:46:30 INFO >> Grouping duplicate frequencies together first
Aug 24 08:46:30 INFO >> Grouping duplicate frequencies removed 7286 detections from the harmonic metric computation
Aug 24 08:46:30 INFO >> Starting freq-DM distance metric computation
Aug 24 08:46:30 INFO >> Finished freq-DM distance metric computation
Aug 24 08:46:30 INFO >> Largest group size for metric computation is 97
Aug 24 08:46:30 INFO >> Starting harmonic distance metric computation
Aug 24 08:46:31 INFO >> Finished harmonic distance metric computation
Aug 24 08:46:31 INFO >> Starting DBSCAN
Aug 24 08:46:31 INFO >> Finished DBSCAN
Aug 24 08:46:31 INFO >> Clusters found: 76
Aug 24 08:46:31 INFO >> Filtered 32 clusters below or equal 2 DM.
Aug 24 08:46:31 INFO >> Total number of candidate clusters=1
Aug 24 08:46:31 INFO >> Candidate Processor of stack (315.95 49.23)
Aug 24 08:46:31 INFO >> Making SinglePointingCandidates from a list of 1 PowerSpectraDetectionClusters
Aug 24 08:46:34 INFO >> saved candidates to ./results//injections/315.95_49.23_cumulative_power_spectra_stack_20220627_11_new_freq_test.yml_(17,)_candidates.npz
Aug 24 08:46:34 INFO >> Injected Pulsars:     1
Aug 24 08:46:34 INFO >> Injection Candidates: 1
Aug 24 08:46:34 INFO >> Recovered Injections: 1
Aug 24 08:46:34 INFO >> 1 candidates.
Aug 24 08:46:34 INFO >> Best candidate: F0: 16.720 DM: 107.37 Sigma: 9.76
Aug 24 08:46:35 INFO >> Unlinked shared memory for cumulative stack.
Aug 24 08:46:35 INFO >> Pipeline execution time: 1.73 minutes
