Aug 24 04:32:56 INFO >> {"message": "Waiting for suitable server to become available", "selector": "Primary()", "operation": "find", "topologyDescription": "<TopologyDescription id: 66c96278010e7bbc11bde5fa, topology_type: Unknown, servers: [<ServerDescription ('localhost', 27017) server_type: Unknown, rtt: None>]>", "clientId": {"$oid": "66c96278010e7bbc11bde5fa"}, "remainingTimeMS": 29}
Aug 24 04:32:56 INFO >> Features initialized as the following:
Aug 24 04:32:56 INFO >> num_unique_dms
Aug 24 04:32:56 INFO >> num_unique_freqs
Aug 24 04:32:56 INFO >> ndetections
Aug 24 04:32:56 INFO >> nharm
Aug 24 04:32:56 INFO >> log_p_dm
Aug 24 04:32:56 INFO >> ['dm_sigma_FitGaussWidth_gauss_sigma', 'dm_sigma_FitGaussWidth_gauss_sigma_rel_err', 'dm_sigma_FitGaussWidth_ndof', 'dm_sigma_FitGaussWidth_rms_err']
Aug 24 04:32:56 INFO >> ['dm_sigma_FitGauss_amplitude', 'dm_sigma_FitGauss_mu', 'dm_sigma_FitGauss_gauss_sigma', 'dm_sigma_FitGauss_amplitude_rel_err', 'dm_sigma_FitGauss_mu_rel_err', 'dm_sigma_FitGauss_gauss_sigma_rel_err', 'dm_sigma_FitGauss_amplitude-detection', 'dm_sigma_FitGauss_mu-detection', 'dm_sigma_FitGauss_ndof', 'dm_sigma_FitGauss_rms_err']
Aug 24 04:32:56 INFO >> ['freq_sigma_FitGaussWidth_gauss_sigma', 'freq_sigma_FitGaussWidth_gauss_sigma_rel_err', 'freq_sigma_FitGaussWidth_ndof', 'freq_sigma_FitGaussWidth_rms_err']
Aug 24 04:32:56 INFO >> ['freq_sigma_FitGauss_amplitude', 'freq_sigma_FitGauss_mu', 'freq_sigma_FitGauss_gauss_sigma', 'freq_sigma_FitGauss_amplitude_rel_err', 'freq_sigma_FitGauss_mu_rel_err', 'freq_sigma_FitGauss_gauss_sigma_rel_err', 'freq_sigma_FitGauss_amplitude-detection', 'freq_sigma_FitGauss_mu-detection', 'freq_sigma_FitGauss_ndof', 'freq_sigma_FitGauss_rms_err']
Aug 24 04:32:56 INFO >> Performing searching on cumulative stack 315.95 49.23
Aug 24 04:32:56 INFO >> Loading the cumulative power spectra stack to search
Aug 24 04:33:28 INFO >> DM: 107.3817479147
Aug 24 04:33:28 INFO >> sigma: 11.28372911
Aug 24 04:33:28 INFO >> frequency: 88.19714875603577
Aug 24 04:33:28 INFO >> Injecting 5 harmonics.
Aug 24 04:33:28 INFO >> Starting DM: 106.25782976249296
Aug 24 04:33:28 INFO >> Stopping DM: 108.5853822239571
Aug 24 04:33:28 INFO >> Expected detection at 11.10 sigma with 4 harmonics.
Aug 24 04:33:41 INFO >> Start searching 6558 dm trials using 32 harmonics.
Aug 24 04:33:48 INFO >> Moved power spectra to shared memory.
Aug 24 04:33:48 INFO >> Number of dm trials in single multi processing job: 10
Aug 24 04:34:36 INFO >> Total number of detections=15620
Aug 24 04:34:36 INFO >> Clustering the detections
Aug 24 04:34:36 INFO >> Starting clustering
Aug 24 04:34:37 INFO >> Rogue harmonic power filter reduced detections from 15620 to 8560
Aug 24 04:34:37 INFO >> Filtering out duplicate freq,dm detections at multiple nharms removes 805 detections
Aug 24 04:34:37 INFO >> Duplicate freq,dm filter reduced detections to 7755
Aug 24 04:34:37 INFO >> Number of detections over threshold sigma (6.0): 7755
Aug 24 04:34:37 INFO >> Grouping duplicate frequencies together first
Aug 24 04:34:37 INFO >> Grouping duplicate frequencies removed 7227 detections from the harmonic metric computation
Aug 24 04:34:37 INFO >> Starting freq-DM distance metric computation
Aug 24 04:34:37 INFO >> Finished freq-DM distance metric computation
Aug 24 04:34:37 INFO >> Largest group size for metric computation is 97
Aug 24 04:34:37 INFO >> Starting harmonic distance metric computation
Aug 24 04:34:38 INFO >> Finished harmonic distance metric computation
Aug 24 04:34:38 INFO >> Starting DBSCAN
Aug 24 04:34:38 INFO >> Finished DBSCAN
Aug 24 04:34:38 INFO >> Clusters found: 77
Aug 24 04:34:38 INFO >> Filtered 32 clusters below or equal 2 DM.
Aug 24 04:34:38 INFO >> Total number of candidate clusters=2
Aug 24 04:34:38 INFO >> Candidate Processor of stack (315.95 49.23)
Aug 24 04:34:38 INFO >> Making SinglePointingCandidates from a list of 2 PowerSpectraDetectionClusters
Aug 24 04:34:41 INFO >> saved candidates to ./results//injections/315.95_49.23_cumulative_power_spectra_stack_20220627_11_new_freq_test.yml_(72,)_candidates.npz
Aug 24 04:34:41 INFO >> Injected Pulsars:     1
Aug 24 04:34:41 INFO >> Injection Candidates: 2
Aug 24 04:34:41 INFO >> Recovered Injections: 1
Aug 24 04:34:41 INFO >> 2 candidates.
Aug 24 04:34:41 INFO >> Best candidate: F0: 88.197 DM: 107.37 Sigma: 11.51
Aug 24 04:34:42 INFO >> Unlinked shared memory for cumulative stack.
Aug 24 04:34:42 INFO >> Pipeline execution time: 1.77 minutes
