Aug 24 05:08:35 INFO >> {"message": "Waiting for suitable server to become available", "selector": "Primary()", "operation": "find", "topologyDescription": "<TopologyDescription id: 66c96ad3304fb07d2dffdd4d, topology_type: Unknown, servers: [<ServerDescription ('localhost', 27017) server_type: Unknown, rtt: None>]>", "clientId": {"$oid": "66c96ad3304fb07d2dffdd4d"}, "remainingTimeMS": 29}
Aug 24 05:08:35 INFO >> Features initialized as the following:
Aug 24 05:08:35 INFO >> num_unique_dms
Aug 24 05:08:35 INFO >> num_unique_freqs
Aug 24 05:08:35 INFO >> ndetections
Aug 24 05:08:35 INFO >> nharm
Aug 24 05:08:35 INFO >> log_p_dm
Aug 24 05:08:35 INFO >> ['dm_sigma_FitGaussWidth_gauss_sigma', 'dm_sigma_FitGaussWidth_gauss_sigma_rel_err', 'dm_sigma_FitGaussWidth_ndof', 'dm_sigma_FitGaussWidth_rms_err']
Aug 24 05:08:35 INFO >> ['dm_sigma_FitGauss_amplitude', 'dm_sigma_FitGauss_mu', 'dm_sigma_FitGauss_gauss_sigma', 'dm_sigma_FitGauss_amplitude_rel_err', 'dm_sigma_FitGauss_mu_rel_err', 'dm_sigma_FitGauss_gauss_sigma_rel_err', 'dm_sigma_FitGauss_amplitude-detection', 'dm_sigma_FitGauss_mu-detection', 'dm_sigma_FitGauss_ndof', 'dm_sigma_FitGauss_rms_err']
Aug 24 05:08:35 INFO >> ['freq_sigma_FitGaussWidth_gauss_sigma', 'freq_sigma_FitGaussWidth_gauss_sigma_rel_err', 'freq_sigma_FitGaussWidth_ndof', 'freq_sigma_FitGaussWidth_rms_err']
Aug 24 05:08:35 INFO >> ['freq_sigma_FitGauss_amplitude', 'freq_sigma_FitGauss_mu', 'freq_sigma_FitGauss_gauss_sigma', 'freq_sigma_FitGauss_amplitude_rel_err', 'freq_sigma_FitGauss_mu_rel_err', 'freq_sigma_FitGauss_gauss_sigma_rel_err', 'freq_sigma_FitGauss_amplitude-detection', 'freq_sigma_FitGauss_mu-detection', 'freq_sigma_FitGauss_ndof', 'freq_sigma_FitGauss_rms_err']
Aug 24 05:08:35 INFO >> Performing searching on cumulative stack 315.95 49.23
Aug 24 05:08:35 INFO >> Loading the cumulative power spectra stack to search
Aug 24 05:09:05 INFO >> DM: 107.3817479147
Aug 24 05:09:05 INFO >> sigma: 11.28372911
Aug 24 05:09:05 INFO >> frequency: 161.46589644057968
Aug 24 05:09:05 INFO >> Injecting 3 harmonics.
Aug 24 05:09:05 INFO >> Starting DM: 106.76381942802864
Aug 24 05:09:05 INFO >> Stopping DM: 107.97819462531429
Aug 24 05:09:05 INFO >> Expected detection at 7.65 sigma with 2 harmonics.
Aug 24 05:09:17 INFO >> Start searching 6558 dm trials using 32 harmonics.
Aug 24 05:09:24 INFO >> Moved power spectra to shared memory.
Aug 24 05:09:24 INFO >> Number of dm trials in single multi processing job: 10
Aug 24 05:10:12 INFO >> Total number of detections=15589
Aug 24 05:10:12 INFO >> Clustering the detections
Aug 24 05:10:12 INFO >> Starting clustering
Aug 24 05:10:12 INFO >> Rogue harmonic power filter reduced detections from 15589 to 8529
Aug 24 05:10:12 INFO >> Filtering out duplicate freq,dm detections at multiple nharms removes 791 detections
Aug 24 05:10:12 INFO >> Duplicate freq,dm filter reduced detections to 7738
Aug 24 05:10:12 INFO >> Number of detections over threshold sigma (6.0): 7738
Aug 24 05:10:12 INFO >> Grouping duplicate frequencies together first
Aug 24 05:10:12 INFO >> Grouping duplicate frequencies removed 7216 detections from the harmonic metric computation
Aug 24 05:10:12 INFO >> Starting freq-DM distance metric computation
Aug 24 05:10:12 INFO >> Finished freq-DM distance metric computation
Aug 24 05:10:13 INFO >> Largest group size for metric computation is 97
Aug 24 05:10:13 INFO >> Starting harmonic distance metric computation
Aug 24 05:10:13 INFO >> Finished harmonic distance metric computation
Aug 24 05:10:13 INFO >> Starting DBSCAN
Aug 24 05:10:14 INFO >> Finished DBSCAN
Aug 24 05:10:14 INFO >> Clusters found: 76
Aug 24 05:10:14 INFO >> Filtered 32 clusters below or equal 2 DM.
Aug 24 05:10:14 INFO >> Total number of candidate clusters=1
Aug 24 05:10:14 INFO >> Candidate Processor of stack (315.95 49.23)
Aug 24 05:10:14 INFO >> Making SinglePointingCandidates from a list of 1 PowerSpectraDetectionClusters
Aug 24 05:10:16 INFO >> saved candidates to ./results//injections/315.95_49.23_cumulative_power_spectra_stack_20220627_11_new_freq_test.yml_(92,)_candidates.npz
Aug 24 05:10:16 INFO >> Injected Pulsars:     1
Aug 24 05:10:16 INFO >> Injection Candidates: 1
Aug 24 05:10:16 INFO >> Recovered Injections: 1
Aug 24 05:10:16 INFO >> 1 candidates.
Aug 24 05:10:16 INFO >> Best candidate: F0: 161.466 DM: 107.37 Sigma: 8.37
Aug 24 05:10:17 INFO >> Unlinked shared memory for cumulative stack.
Aug 24 05:10:17 INFO >> Pipeline execution time: 1.70 minutes
