Aug 24 04:41:55 INFO >> {"message": "Waiting for suitable server to become available", "selector": "Primary()", "operation": "find", "topologyDescription": "<TopologyDescription id: 66c96493841cecad55373b86, topology_type: Unknown, servers: [<ServerDescription ('localhost', 27017) server_type: Unknown, rtt: None>]>", "clientId": {"$oid": "66c96493841cecad55373b86"}, "remainingTimeMS": 29}
Aug 24 04:41:55 INFO >> Features initialized as the following:
Aug 24 04:41:55 INFO >> num_unique_dms
Aug 24 04:41:55 INFO >> num_unique_freqs
Aug 24 04:41:55 INFO >> ndetections
Aug 24 04:41:55 INFO >> nharm
Aug 24 04:41:55 INFO >> log_p_dm
Aug 24 04:41:55 INFO >> ['dm_sigma_FitGaussWidth_gauss_sigma', 'dm_sigma_FitGaussWidth_gauss_sigma_rel_err', 'dm_sigma_FitGaussWidth_ndof', 'dm_sigma_FitGaussWidth_rms_err']
Aug 24 04:41:55 INFO >> ['dm_sigma_FitGauss_amplitude', 'dm_sigma_FitGauss_mu', 'dm_sigma_FitGauss_gauss_sigma', 'dm_sigma_FitGauss_amplitude_rel_err', 'dm_sigma_FitGauss_mu_rel_err', 'dm_sigma_FitGauss_gauss_sigma_rel_err', 'dm_sigma_FitGauss_amplitude-detection', 'dm_sigma_FitGauss_mu-detection', 'dm_sigma_FitGauss_ndof', 'dm_sigma_FitGauss_rms_err']
Aug 24 04:41:55 INFO >> ['freq_sigma_FitGaussWidth_gauss_sigma', 'freq_sigma_FitGaussWidth_gauss_sigma_rel_err', 'freq_sigma_FitGaussWidth_ndof', 'freq_sigma_FitGaussWidth_rms_err']
Aug 24 04:41:55 INFO >> ['freq_sigma_FitGauss_amplitude', 'freq_sigma_FitGauss_mu', 'freq_sigma_FitGauss_gauss_sigma', 'freq_sigma_FitGauss_amplitude_rel_err', 'freq_sigma_FitGauss_mu_rel_err', 'freq_sigma_FitGauss_gauss_sigma_rel_err', 'freq_sigma_FitGauss_amplitude-detection', 'freq_sigma_FitGauss_mu-detection', 'freq_sigma_FitGauss_ndof', 'freq_sigma_FitGauss_rms_err']
Aug 24 04:41:55 INFO >> Performing searching on cumulative stack 315.95 49.23
Aug 24 04:41:55 INFO >> Loading the cumulative power spectra stack to search
Aug 24 04:42:27 INFO >> DM: 107.3817479147
Aug 24 04:42:27 INFO >> sigma: 11.28372911
Aug 24 04:42:27 INFO >> frequency: 102.59143654700097
Aug 24 04:42:27 INFO >> Injecting 4 harmonics.
Aug 24 04:42:27 INFO >> Starting DM: 106.3590276956001
Aug 24 04:42:27 INFO >> Stopping DM: 108.38298635774281
Aug 24 04:42:27 INFO >> Expected detection at 8.37 sigma with 4 harmonics.
Aug 24 04:42:39 INFO >> Start searching 6558 dm trials using 32 harmonics.
Aug 24 04:42:46 INFO >> Moved power spectra to shared memory.
Aug 24 04:42:46 INFO >> Number of dm trials in single multi processing job: 10
Aug 24 04:43:36 INFO >> Total number of detections=15583
Aug 24 04:43:36 INFO >> Clustering the detections
Aug 24 04:43:36 INFO >> Starting clustering
Aug 24 04:43:37 INFO >> Rogue harmonic power filter reduced detections from 15583 to 8525
Aug 24 04:43:37 INFO >> Filtering out duplicate freq,dm detections at multiple nharms removes 789 detections
Aug 24 04:43:37 INFO >> Duplicate freq,dm filter reduced detections to 7736
Aug 24 04:43:37 INFO >> Number of detections over threshold sigma (6.0): 7736
Aug 24 04:43:37 INFO >> Grouping duplicate frequencies together first
Aug 24 04:43:37 INFO >> Grouping duplicate frequencies removed 7215 detections from the harmonic metric computation
Aug 24 04:43:37 INFO >> Starting freq-DM distance metric computation
Aug 24 04:43:37 INFO >> Finished freq-DM distance metric computation
Aug 24 04:43:37 INFO >> Largest group size for metric computation is 97
Aug 24 04:43:37 INFO >> Starting harmonic distance metric computation
Aug 24 04:43:38 INFO >> Finished harmonic distance metric computation
Aug 24 04:43:38 INFO >> Starting DBSCAN
Aug 24 04:43:38 INFO >> Finished DBSCAN
Aug 24 04:43:38 INFO >> Clusters found: 75
Aug 24 04:43:38 INFO >> Filtered 32 clusters below or equal 2 DM.
Aug 24 04:43:38 INFO >> Total number of candidate clusters=0
Aug 24 04:43:38 INFO >> Candidate Processor of stack (315.95 49.23)
Aug 24 04:43:38 INFO >> Making SinglePointingCandidates from a list of 0 PowerSpectraDetectionClusters
Aug 24 04:43:40 INFO >> saved candidates to ./results//injections/315.95_49.23_cumulative_power_spectra_stack_20220627_11_new_freq_test.yml_(77,)_candidates.npz
Aug 24 04:43:40 INFO >> Injected Pulsars:     1
Aug 24 04:43:40 INFO >> Injection Candidates: 0
Aug 24 04:43:40 INFO >> Recovered Injections: 0
Aug 24 04:43:40 INFO >> 0 candidates.
Aug 24 04:43:41 INFO >> Unlinked shared memory for cumulative stack.
Aug 24 04:43:41 INFO >> Pipeline execution time: 1.78 minutes
