Aug 24 14:20:51 INFO >> {"message": "Waiting for suitable server to become available", "selector": "Primary()", "operation": "find", "topologyDescription": "<TopologyDescription id: 66c9ec43ada0b842c7c28949, topology_type: Unknown, servers: [<ServerDescription ('localhost', 27017) server_type: Unknown, rtt: None>]>", "clientId": {"$oid": "66c9ec43ada0b842c7c28949"}, "remainingTimeMS": 29}
Aug 24 14:20:51 INFO >> Features initialized as the following:
Aug 24 14:20:51 INFO >> num_unique_dms
Aug 24 14:20:51 INFO >> num_unique_freqs
Aug 24 14:20:51 INFO >> ndetections
Aug 24 14:20:51 INFO >> nharm
Aug 24 14:20:51 INFO >> log_p_dm
Aug 24 14:20:51 INFO >> ['dm_sigma_FitGaussWidth_gauss_sigma', 'dm_sigma_FitGaussWidth_gauss_sigma_rel_err', 'dm_sigma_FitGaussWidth_ndof', 'dm_sigma_FitGaussWidth_rms_err']
Aug 24 14:20:51 INFO >> ['dm_sigma_FitGauss_amplitude', 'dm_sigma_FitGauss_mu', 'dm_sigma_FitGauss_gauss_sigma', 'dm_sigma_FitGauss_amplitude_rel_err', 'dm_sigma_FitGauss_mu_rel_err', 'dm_sigma_FitGauss_gauss_sigma_rel_err', 'dm_sigma_FitGauss_amplitude-detection', 'dm_sigma_FitGauss_mu-detection', 'dm_sigma_FitGauss_ndof', 'dm_sigma_FitGauss_rms_err']
Aug 24 14:20:51 INFO >> ['freq_sigma_FitGaussWidth_gauss_sigma', 'freq_sigma_FitGaussWidth_gauss_sigma_rel_err', 'freq_sigma_FitGaussWidth_ndof', 'freq_sigma_FitGaussWidth_rms_err']
Aug 24 14:20:51 INFO >> ['freq_sigma_FitGauss_amplitude', 'freq_sigma_FitGauss_mu', 'freq_sigma_FitGauss_gauss_sigma', 'freq_sigma_FitGauss_amplitude_rel_err', 'freq_sigma_FitGauss_mu_rel_err', 'freq_sigma_FitGauss_gauss_sigma_rel_err', 'freq_sigma_FitGauss_amplitude-detection', 'freq_sigma_FitGauss_mu-detection', 'freq_sigma_FitGauss_ndof', 'freq_sigma_FitGauss_rms_err']
Aug 24 14:20:51 INFO >> Performing searching on cumulative stack 315.95 49.23
Aug 24 14:20:51 INFO >> Loading the cumulative power spectra stack to search
Aug 24 14:21:21 INFO >> DM: 17.3817479147
Aug 24 14:21:21 INFO >> sigma: 11.28372911
Aug 24 14:21:21 INFO >> frequency: 85.57033502120348
Aug 24 14:21:21 INFO >> Injecting 5 harmonics.
Aug 24 14:21:21 INFO >> Starting DM: 16.191669297141782
Aug 24 14:21:21 INFO >> Stopping DM: 18.62041969171305
Aug 24 14:21:21 INFO >> Expected detection at 9.40 sigma with 4 harmonics.
Aug 24 14:21:34 INFO >> Start searching 6558 dm trials using 32 harmonics.
Aug 24 14:21:41 INFO >> Moved power spectra to shared memory.
Aug 24 14:21:41 INFO >> Number of dm trials in single multi processing job: 10
Aug 24 14:22:29 INFO >> Total number of detections=15591
Aug 24 14:22:29 INFO >> Clustering the detections
Aug 24 14:22:29 INFO >> Starting clustering
Aug 24 14:22:29 INFO >> Rogue harmonic power filter reduced detections from 15591 to 8533
Aug 24 14:22:29 INFO >> Filtering out duplicate freq,dm detections at multiple nharms removes 790 detections
Aug 24 14:22:29 INFO >> Duplicate freq,dm filter reduced detections to 7743
Aug 24 14:22:29 INFO >> Number of detections over threshold sigma (6.0): 7743
Aug 24 14:22:29 INFO >> Grouping duplicate frequencies together first
Aug 24 14:22:29 INFO >> Grouping duplicate frequencies removed 7219 detections from the harmonic metric computation
Aug 24 14:22:29 INFO >> Starting freq-DM distance metric computation
Aug 24 14:22:29 INFO >> Finished freq-DM distance metric computation
Aug 24 14:22:29 INFO >> Largest group size for metric computation is 97
Aug 24 14:22:29 INFO >> Starting harmonic distance metric computation
Aug 24 14:22:30 INFO >> Finished harmonic distance metric computation
Aug 24 14:22:30 INFO >> Starting DBSCAN
Aug 24 14:22:30 INFO >> Finished DBSCAN
Aug 24 14:22:30 INFO >> Clusters found: 76
Aug 24 14:22:30 INFO >> Filtered 32 clusters below or equal 2 DM.
Aug 24 14:22:30 INFO >> Total number of candidate clusters=1
Aug 24 14:22:30 INFO >> Candidate Processor of stack (315.95 49.23)
Aug 24 14:22:30 INFO >> Making SinglePointingCandidates from a list of 1 PowerSpectraDetectionClusters
Aug 24 14:22:33 INFO >> saved candidates to ./results//injections/315.95_49.23_cumulative_power_spectra_stack_20220627_11_freq_dm_17.yml_(71,)_candidates.npz
Aug 24 14:22:33 INFO >> Injected Pulsars:     1
Aug 24 14:22:33 INFO >> Injection Candidates: 1
Aug 24 14:22:33 INFO >> Recovered Injections: 1
Aug 24 14:22:33 INFO >> 1 candidates.
Aug 24 14:22:33 INFO >> Best candidate: F0: 85.570 DM: 17.41 Sigma: 9.74
Aug 24 14:22:34 INFO >> Unlinked shared memory for cumulative stack.
Aug 24 14:22:34 INFO >> Pipeline execution time: 1.71 minutes
