Aug 24 08:57:19 INFO >> {"message": "Waiting for suitable server to become available", "selector": "Primary()", "operation": "find", "topologyDescription": "<TopologyDescription id: 66c9a06fbe43622fdab95369, topology_type: Unknown, servers: [<ServerDescription ('localhost', 27017) server_type: Unknown, rtt: None>]>", "clientId": {"$oid": "66c9a06fbe43622fdab95369"}, "remainingTimeMS": 29}
Aug 24 08:57:19 INFO >> Features initialized as the following:
Aug 24 08:57:19 INFO >> num_unique_dms
Aug 24 08:57:19 INFO >> num_unique_freqs
Aug 24 08:57:19 INFO >> ndetections
Aug 24 08:57:19 INFO >> nharm
Aug 24 08:57:19 INFO >> log_p_dm
Aug 24 08:57:19 INFO >> ['dm_sigma_FitGaussWidth_gauss_sigma', 'dm_sigma_FitGaussWidth_gauss_sigma_rel_err', 'dm_sigma_FitGaussWidth_ndof', 'dm_sigma_FitGaussWidth_rms_err']
Aug 24 08:57:19 INFO >> ['dm_sigma_FitGauss_amplitude', 'dm_sigma_FitGauss_mu', 'dm_sigma_FitGauss_gauss_sigma', 'dm_sigma_FitGauss_amplitude_rel_err', 'dm_sigma_FitGauss_mu_rel_err', 'dm_sigma_FitGauss_gauss_sigma_rel_err', 'dm_sigma_FitGauss_amplitude-detection', 'dm_sigma_FitGauss_mu-detection', 'dm_sigma_FitGauss_ndof', 'dm_sigma_FitGauss_rms_err']
Aug 24 08:57:19 INFO >> ['freq_sigma_FitGaussWidth_gauss_sigma', 'freq_sigma_FitGaussWidth_gauss_sigma_rel_err', 'freq_sigma_FitGaussWidth_ndof', 'freq_sigma_FitGaussWidth_rms_err']
Aug 24 08:57:19 INFO >> ['freq_sigma_FitGauss_amplitude', 'freq_sigma_FitGauss_mu', 'freq_sigma_FitGauss_gauss_sigma', 'freq_sigma_FitGauss_amplitude_rel_err', 'freq_sigma_FitGauss_mu_rel_err', 'freq_sigma_FitGauss_gauss_sigma_rel_err', 'freq_sigma_FitGauss_amplitude-detection', 'freq_sigma_FitGauss_mu-detection', 'freq_sigma_FitGauss_ndof', 'freq_sigma_FitGauss_rms_err']
Aug 24 08:57:19 INFO >> Performing searching on cumulative stack 315.95 49.23
Aug 24 08:57:19 INFO >> Loading the cumulative power spectra stack to search
Aug 24 08:57:49 INFO >> DM: 107.3817479147
Aug 24 08:57:49 INFO >> sigma: 11.28372911
Aug 24 08:57:49 INFO >> frequency: 20.661008441791704
Aug 24 08:57:49 INFO >> Injecting 24 harmonics.
Aug 24 08:57:49 INFO >> Starting DM: 102.41230830442179
Aug 24 08:57:49 INFO >> Stopping DM: 112.32970574892111
Aug 24 08:57:49 INFO >> Expected detection at 9.59 sigma with 8 harmonics.
Aug 24 08:58:01 INFO >> Start searching 6558 dm trials using 32 harmonics.
Aug 24 08:58:08 INFO >> Moved power spectra to shared memory.
Aug 24 08:58:08 INFO >> Number of dm trials in single multi processing job: 10
Aug 24 08:58:59 INFO >> Total number of detections=15649
Aug 24 08:58:59 INFO >> Clustering the detections
Aug 24 08:58:59 INFO >> Starting clustering
Aug 24 08:58:59 INFO >> Rogue harmonic power filter reduced detections from 15649 to 8591
Aug 24 08:58:59 INFO >> Filtering out duplicate freq,dm detections at multiple nharms removes 811 detections
Aug 24 08:58:59 INFO >> Duplicate freq,dm filter reduced detections to 7780
Aug 24 08:58:59 INFO >> Number of detections over threshold sigma (6.0): 7780
Aug 24 08:58:59 INFO >> Grouping duplicate frequencies together first
Aug 24 08:58:59 INFO >> Grouping duplicate frequencies removed 7252 detections from the harmonic metric computation
Aug 24 08:58:59 INFO >> Starting freq-DM distance metric computation
Aug 24 08:58:59 INFO >> Finished freq-DM distance metric computation
Aug 24 08:59:00 INFO >> Largest group size for metric computation is 107
Aug 24 08:59:00 INFO >> Starting harmonic distance metric computation
Aug 24 08:59:00 INFO >> Finished harmonic distance metric computation
Aug 24 08:59:00 INFO >> Starting DBSCAN
Aug 24 08:59:01 INFO >> Finished DBSCAN
Aug 24 08:59:01 INFO >> Clusters found: 76
Aug 24 08:59:01 INFO >> Filtered 32 clusters below or equal 2 DM.
Aug 24 08:59:01 INFO >> Total number of candidate clusters=1
Aug 24 08:59:01 INFO >> Candidate Processor of stack (315.95 49.23)
Aug 24 08:59:01 INFO >> Making SinglePointingCandidates from a list of 1 PowerSpectraDetectionClusters
Aug 24 08:59:03 INFO >> saved candidates to ./results//injections/315.95_49.23_cumulative_power_spectra_stack_20220627_11_new_freq_test.yml_(24,)_candidates.npz
Aug 24 08:59:03 INFO >> Injected Pulsars:     1
Aug 24 08:59:03 INFO >> Injection Candidates: 1
Aug 24 08:59:03 INFO >> Recovered Injections: 1
Aug 24 08:59:03 INFO >> 1 candidates.
Aug 24 08:59:03 INFO >> Best candidate: F0: 20.661 DM: 107.37 Sigma: 9.41
Aug 24 08:59:04 INFO >> Unlinked shared memory for cumulative stack.
Aug 24 08:59:04 INFO >> Pipeline execution time: 1.76 minutes
