Aug 24 09:33:10 INFO >> {"message": "Waiting for suitable server to become available", "selector": "Primary()", "operation": "find", "topologyDescription": "<TopologyDescription id: 66c9a8d60b51d369be4d961b, topology_type: Unknown, servers: [<ServerDescription ('localhost', 27017) server_type: Unknown, rtt: None>]>", "clientId": {"$oid": "66c9a8d60b51d369be4d961b"}, "remainingTimeMS": 29}
Aug 24 09:33:11 INFO >> Features initialized as the following:
Aug 24 09:33:11 INFO >> num_unique_dms
Aug 24 09:33:11 INFO >> num_unique_freqs
Aug 24 09:33:11 INFO >> ndetections
Aug 24 09:33:11 INFO >> nharm
Aug 24 09:33:11 INFO >> log_p_dm
Aug 24 09:33:11 INFO >> ['dm_sigma_FitGaussWidth_gauss_sigma', 'dm_sigma_FitGaussWidth_gauss_sigma_rel_err', 'dm_sigma_FitGaussWidth_ndof', 'dm_sigma_FitGaussWidth_rms_err']
Aug 24 09:33:11 INFO >> ['dm_sigma_FitGauss_amplitude', 'dm_sigma_FitGauss_mu', 'dm_sigma_FitGauss_gauss_sigma', 'dm_sigma_FitGauss_amplitude_rel_err', 'dm_sigma_FitGauss_mu_rel_err', 'dm_sigma_FitGauss_gauss_sigma_rel_err', 'dm_sigma_FitGauss_amplitude-detection', 'dm_sigma_FitGauss_mu-detection', 'dm_sigma_FitGauss_ndof', 'dm_sigma_FitGauss_rms_err']
Aug 24 09:33:11 INFO >> ['freq_sigma_FitGaussWidth_gauss_sigma', 'freq_sigma_FitGaussWidth_gauss_sigma_rel_err', 'freq_sigma_FitGaussWidth_ndof', 'freq_sigma_FitGaussWidth_rms_err']
Aug 24 09:33:11 INFO >> ['freq_sigma_FitGauss_amplitude', 'freq_sigma_FitGauss_mu', 'freq_sigma_FitGauss_gauss_sigma', 'freq_sigma_FitGauss_amplitude_rel_err', 'freq_sigma_FitGauss_mu_rel_err', 'freq_sigma_FitGauss_gauss_sigma_rel_err', 'freq_sigma_FitGauss_amplitude-detection', 'freq_sigma_FitGauss_mu-detection', 'freq_sigma_FitGauss_ndof', 'freq_sigma_FitGauss_rms_err']
Aug 24 09:33:11 INFO >> Performing searching on cumulative stack 315.95 49.23
Aug 24 09:33:11 INFO >> Loading the cumulative power spectra stack to search
Aug 24 09:33:41 INFO >> DM: 107.3817479147
Aug 24 09:33:41 INFO >> sigma: 11.28372911
Aug 24 09:33:41 INFO >> frequency: 37.824899063893845
Aug 24 09:33:41 INFO >> Injecting 13 harmonics.
Aug 24 09:33:41 INFO >> Starting DM: 104.63866283277878
Aug 24 09:33:41 INFO >> Stopping DM: 110.10335122056414
Aug 24 09:33:41 INFO >> Expected detection at 10.34 sigma with 8 harmonics.
Aug 24 09:33:53 INFO >> Start searching 6558 dm trials using 32 harmonics.
Aug 24 09:34:00 INFO >> Moved power spectra to shared memory.
Aug 24 09:34:00 INFO >> Number of dm trials in single multi processing job: 10
Aug 24 09:34:48 INFO >> Total number of detections=15631
Aug 24 09:34:48 INFO >> Clustering the detections
Aug 24 09:34:48 INFO >> Starting clustering
Aug 24 09:34:49 INFO >> Rogue harmonic power filter reduced detections from 15631 to 8573
Aug 24 09:34:49 INFO >> Filtering out duplicate freq,dm detections at multiple nharms removes 802 detections
Aug 24 09:34:49 INFO >> Duplicate freq,dm filter reduced detections to 7771
Aug 24 09:34:49 INFO >> Number of detections over threshold sigma (6.0): 7771
Aug 24 09:34:49 INFO >> Grouping duplicate frequencies together first
Aug 24 09:34:49 INFO >> Grouping duplicate frequencies removed 7242 detections from the harmonic metric computation
Aug 24 09:34:49 INFO >> Starting freq-DM distance metric computation
Aug 24 09:34:49 INFO >> Finished freq-DM distance metric computation
Aug 24 09:34:49 INFO >> Largest group size for metric computation is 97
Aug 24 09:34:49 INFO >> Starting harmonic distance metric computation
Aug 24 09:34:50 INFO >> Finished harmonic distance metric computation
Aug 24 09:34:50 INFO >> Starting DBSCAN
Aug 24 09:34:50 INFO >> Finished DBSCAN
Aug 24 09:34:50 INFO >> Clusters found: 76
Aug 24 09:34:50 INFO >> Filtered 32 clusters below or equal 2 DM.
Aug 24 09:34:50 INFO >> Total number of candidate clusters=1
Aug 24 09:34:50 INFO >> Candidate Processor of stack (315.95 49.23)
Aug 24 09:34:50 INFO >> Making SinglePointingCandidates from a list of 1 PowerSpectraDetectionClusters
Aug 24 09:34:52 INFO >> saved candidates to ./results//injections/315.95_49.23_cumulative_power_spectra_stack_20220627_11_new_freq_test.yml_(44,)_candidates.npz
Aug 24 09:34:52 INFO >> Injected Pulsars:     1
Aug 24 09:34:52 INFO >> Injection Candidates: 1
Aug 24 09:34:52 INFO >> Recovered Injections: 1
Aug 24 09:34:52 INFO >> 1 candidates.
Aug 24 09:34:52 INFO >> Best candidate: F0: 37.825 DM: 107.37 Sigma: 10.48
Aug 24 09:34:54 INFO >> Unlinked shared memory for cumulative stack.
Aug 24 09:34:54 INFO >> Pipeline execution time: 1.72 minutes
