Aug 24 13:59:29 INFO >> {"message": "Waiting for suitable server to become available", "selector": "Primary()", "operation": "find", "topologyDescription": "<TopologyDescription id: 66c9e741a7f973f87cf62f10, topology_type: Unknown, servers: [<ServerDescription ('localhost', 27017) server_type: Unknown, rtt: None>]>", "clientId": {"$oid": "66c9e741a7f973f87cf62f10"}, "remainingTimeMS": 29}
Aug 24 13:59:29 INFO >> Features initialized as the following:
Aug 24 13:59:29 INFO >> num_unique_dms
Aug 24 13:59:29 INFO >> num_unique_freqs
Aug 24 13:59:29 INFO >> ndetections
Aug 24 13:59:29 INFO >> nharm
Aug 24 13:59:29 INFO >> log_p_dm
Aug 24 13:59:29 INFO >> ['dm_sigma_FitGaussWidth_gauss_sigma', 'dm_sigma_FitGaussWidth_gauss_sigma_rel_err', 'dm_sigma_FitGaussWidth_ndof', 'dm_sigma_FitGaussWidth_rms_err']
Aug 24 13:59:29 INFO >> ['dm_sigma_FitGauss_amplitude', 'dm_sigma_FitGauss_mu', 'dm_sigma_FitGauss_gauss_sigma', 'dm_sigma_FitGauss_amplitude_rel_err', 'dm_sigma_FitGauss_mu_rel_err', 'dm_sigma_FitGauss_gauss_sigma_rel_err', 'dm_sigma_FitGauss_amplitude-detection', 'dm_sigma_FitGauss_mu-detection', 'dm_sigma_FitGauss_ndof', 'dm_sigma_FitGauss_rms_err']
Aug 24 13:59:29 INFO >> ['freq_sigma_FitGaussWidth_gauss_sigma', 'freq_sigma_FitGaussWidth_gauss_sigma_rel_err', 'freq_sigma_FitGaussWidth_ndof', 'freq_sigma_FitGaussWidth_rms_err']
Aug 24 13:59:29 INFO >> ['freq_sigma_FitGauss_amplitude', 'freq_sigma_FitGauss_mu', 'freq_sigma_FitGauss_gauss_sigma', 'freq_sigma_FitGauss_amplitude_rel_err', 'freq_sigma_FitGauss_mu_rel_err', 'freq_sigma_FitGauss_gauss_sigma_rel_err', 'freq_sigma_FitGauss_amplitude-detection', 'freq_sigma_FitGauss_mu-detection', 'freq_sigma_FitGauss_ndof', 'freq_sigma_FitGauss_rms_err']
Aug 24 13:59:29 INFO >> Performing searching on cumulative stack 315.95 49.23
Aug 24 13:59:29 INFO >> Loading the cumulative power spectra stack to search
Aug 24 13:59:59 INFO >> DM: 17.3817479147
Aug 24 13:59:59 INFO >> sigma: 11.28372911
Aug 24 13:59:59 INFO >> frequency: 59.53158899698244
Aug 24 13:59:59 INFO >> Injecting 8 harmonics.
Aug 24 13:59:59 INFO >> Starting DM: 15.685679631606105
Aug 24 13:59:59 INFO >> Stopping DM: 19.126409357248733
Aug 24 13:59:59 INFO >> Expected detection at 9.18 sigma with 8 harmonics.
Aug 24 14:00:11 INFO >> Start searching 6558 dm trials using 32 harmonics.
Aug 24 14:00:18 INFO >> Moved power spectra to shared memory.
Aug 24 14:00:18 INFO >> Number of dm trials in single multi processing job: 10
Aug 24 14:01:08 INFO >> Total number of detections=15584
Aug 24 14:01:08 INFO >> Clustering the detections
Aug 24 14:01:08 INFO >> Starting clustering
Aug 24 14:01:08 INFO >> Rogue harmonic power filter reduced detections from 15584 to 8526
Aug 24 14:01:08 INFO >> Filtering out duplicate freq,dm detections at multiple nharms removes 789 detections
Aug 24 14:01:08 INFO >> Duplicate freq,dm filter reduced detections to 7737
Aug 24 14:01:08 INFO >> Number of detections over threshold sigma (6.0): 7737
Aug 24 14:01:08 INFO >> Grouping duplicate frequencies together first
Aug 24 14:01:08 INFO >> Grouping duplicate frequencies removed 7215 detections from the harmonic metric computation
Aug 24 14:01:08 INFO >> Starting freq-DM distance metric computation
Aug 24 14:01:08 INFO >> Finished freq-DM distance metric computation
Aug 24 14:01:09 INFO >> Largest group size for metric computation is 97
Aug 24 14:01:09 INFO >> Starting harmonic distance metric computation
Aug 24 14:01:09 INFO >> Finished harmonic distance metric computation
Aug 24 14:01:09 INFO >> Starting DBSCAN
Aug 24 14:01:10 INFO >> Finished DBSCAN
Aug 24 14:01:10 INFO >> Clusters found: 75
Aug 24 14:01:10 INFO >> Filtered 32 clusters below or equal 2 DM.
Aug 24 14:01:10 INFO >> Total number of candidate clusters=0
Aug 24 14:01:10 INFO >> Candidate Processor of stack (315.95 49.23)
Aug 24 14:01:10 INFO >> Making SinglePointingCandidates from a list of 0 PowerSpectraDetectionClusters
Aug 24 14:01:12 INFO >> saved candidates to ./results//injections/315.95_49.23_cumulative_power_spectra_stack_20220627_11_freq_dm_17.yml_(59,)_candidates.npz
Aug 24 14:01:12 INFO >> Injected Pulsars:     1
Aug 24 14:01:12 INFO >> Injection Candidates: 0
Aug 24 14:01:12 INFO >> Recovered Injections: 0
Aug 24 14:01:12 INFO >> 0 candidates.
Aug 24 14:01:13 INFO >> Unlinked shared memory for cumulative stack.
Aug 24 14:01:13 INFO >> Pipeline execution time: 1.73 minutes
