Aug 24 04:43:44 INFO >> {"message": "Waiting for suitable server to become available", "selector": "Primary()", "operation": "find", "topologyDescription": "<TopologyDescription id: 66c96500a89921298af43220, topology_type: Unknown, servers: [<ServerDescription ('localhost', 27017) server_type: Unknown, rtt: None>]>", "clientId": {"$oid": "66c96500a89921298af43220"}, "remainingTimeMS": 29}
Aug 24 04:43:44 INFO >> Features initialized as the following:
Aug 24 04:43:44 INFO >> num_unique_dms
Aug 24 04:43:44 INFO >> num_unique_freqs
Aug 24 04:43:44 INFO >> ndetections
Aug 24 04:43:44 INFO >> nharm
Aug 24 04:43:44 INFO >> log_p_dm
Aug 24 04:43:44 INFO >> ['dm_sigma_FitGaussWidth_gauss_sigma', 'dm_sigma_FitGaussWidth_gauss_sigma_rel_err', 'dm_sigma_FitGaussWidth_ndof', 'dm_sigma_FitGaussWidth_rms_err']
Aug 24 04:43:44 INFO >> ['dm_sigma_FitGauss_amplitude', 'dm_sigma_FitGauss_mu', 'dm_sigma_FitGauss_gauss_sigma', 'dm_sigma_FitGauss_amplitude_rel_err', 'dm_sigma_FitGauss_mu_rel_err', 'dm_sigma_FitGauss_gauss_sigma_rel_err', 'dm_sigma_FitGauss_amplitude-detection', 'dm_sigma_FitGauss_mu-detection', 'dm_sigma_FitGauss_ndof', 'dm_sigma_FitGauss_rms_err']
Aug 24 04:43:44 INFO >> ['freq_sigma_FitGaussWidth_gauss_sigma', 'freq_sigma_FitGaussWidth_gauss_sigma_rel_err', 'freq_sigma_FitGaussWidth_ndof', 'freq_sigma_FitGaussWidth_rms_err']
Aug 24 04:43:44 INFO >> ['freq_sigma_FitGauss_amplitude', 'freq_sigma_FitGauss_mu', 'freq_sigma_FitGauss_gauss_sigma', 'freq_sigma_FitGauss_amplitude_rel_err', 'freq_sigma_FitGauss_mu_rel_err', 'freq_sigma_FitGauss_gauss_sigma_rel_err', 'freq_sigma_FitGauss_amplitude-detection', 'freq_sigma_FitGauss_mu-detection', 'freq_sigma_FitGauss_ndof', 'freq_sigma_FitGauss_rms_err']
Aug 24 04:43:44 INFO >> Performing searching on cumulative stack 315.95 49.23
Aug 24 04:43:44 INFO >> Loading the cumulative power spectra stack to search
Aug 24 04:44:16 INFO >> DM: 107.3817479147
Aug 24 04:44:16 INFO >> sigma: 11.28372911
Aug 24 04:44:16 INFO >> frequency: 105.74075920106172
Aug 24 04:44:16 INFO >> Injecting 4 harmonics.
Aug 24 04:44:16 INFO >> Starting DM: 106.3590276956001
Aug 24 04:44:16 INFO >> Stopping DM: 108.38298635774281
Aug 24 04:44:16 INFO >> Expected detection at 9.46 sigma with 4 harmonics.
Aug 24 04:44:29 INFO >> Start searching 6558 dm trials using 32 harmonics.
Aug 24 04:44:36 INFO >> Moved power spectra to shared memory.
Aug 24 04:44:36 INFO >> Number of dm trials in single multi processing job: 10
Aug 24 04:45:24 INFO >> Total number of detections=15583
Aug 24 04:45:24 INFO >> Clustering the detections
Aug 24 04:45:24 INFO >> Starting clustering
Aug 24 04:45:24 INFO >> Rogue harmonic power filter reduced detections from 15583 to 8525
Aug 24 04:45:24 INFO >> Filtering out duplicate freq,dm detections at multiple nharms removes 788 detections
Aug 24 04:45:24 INFO >> Duplicate freq,dm filter reduced detections to 7737
Aug 24 04:45:24 INFO >> Number of detections over threshold sigma (6.0): 7737
Aug 24 04:45:24 INFO >> Grouping duplicate frequencies together first
Aug 24 04:45:24 INFO >> Grouping duplicate frequencies removed 7216 detections from the harmonic metric computation
Aug 24 04:45:24 INFO >> Starting freq-DM distance metric computation
Aug 24 04:45:24 INFO >> Finished freq-DM distance metric computation
Aug 24 04:45:25 INFO >> Largest group size for metric computation is 97
Aug 24 04:45:25 INFO >> Starting harmonic distance metric computation
Aug 24 04:45:25 INFO >> Finished harmonic distance metric computation
Aug 24 04:45:25 INFO >> Starting DBSCAN
Aug 24 04:45:26 INFO >> Finished DBSCAN
Aug 24 04:45:26 INFO >> Clusters found: 76
Aug 24 04:45:26 INFO >> Filtered 32 clusters below or equal 2 DM.
Aug 24 04:45:26 INFO >> Total number of candidate clusters=1
Aug 24 04:45:26 INFO >> Candidate Processor of stack (315.95 49.23)
Aug 24 04:45:26 INFO >> Making SinglePointingCandidates from a list of 1 PowerSpectraDetectionClusters
Aug 24 04:45:28 INFO >> saved candidates to ./results//injections/315.95_49.23_cumulative_power_spectra_stack_20220627_11_new_freq_test.yml_(78,)_candidates.npz
Aug 24 04:45:28 INFO >> Injected Pulsars:     1
Aug 24 04:45:28 INFO >> Injection Candidates: 1
Aug 24 04:45:28 INFO >> Recovered Injections: 1
Aug 24 04:45:28 INFO >> 1 candidates.
Aug 24 04:45:28 INFO >> Best candidate: F0: 105.741 DM: 107.37 Sigma: 8.59
Aug 24 04:45:29 INFO >> Unlinked shared memory for cumulative stack.
Aug 24 04:45:29 INFO >> Pipeline execution time: 1.76 minutes
