Aug 24 13:45:13 INFO >> {"message": "Waiting for suitable server to become available", "selector": "Primary()", "operation": "find", "topologyDescription": "<TopologyDescription id: 66c9e3e9448b8cb235dbd7aa, topology_type: Unknown, servers: [<ServerDescription ('localhost', 27017) server_type: Unknown, rtt: None>]>", "clientId": {"$oid": "66c9e3e9448b8cb235dbd7aa"}, "remainingTimeMS": 29}
Aug 24 13:45:13 INFO >> Features initialized as the following:
Aug 24 13:45:13 INFO >> num_unique_dms
Aug 24 13:45:13 INFO >> num_unique_freqs
Aug 24 13:45:13 INFO >> ndetections
Aug 24 13:45:13 INFO >> nharm
Aug 24 13:45:13 INFO >> log_p_dm
Aug 24 13:45:13 INFO >> ['dm_sigma_FitGaussWidth_gauss_sigma', 'dm_sigma_FitGaussWidth_gauss_sigma_rel_err', 'dm_sigma_FitGaussWidth_ndof', 'dm_sigma_FitGaussWidth_rms_err']
Aug 24 13:45:13 INFO >> ['dm_sigma_FitGauss_amplitude', 'dm_sigma_FitGauss_mu', 'dm_sigma_FitGauss_gauss_sigma', 'dm_sigma_FitGauss_amplitude_rel_err', 'dm_sigma_FitGauss_mu_rel_err', 'dm_sigma_FitGauss_gauss_sigma_rel_err', 'dm_sigma_FitGauss_amplitude-detection', 'dm_sigma_FitGauss_mu-detection', 'dm_sigma_FitGauss_ndof', 'dm_sigma_FitGauss_rms_err']
Aug 24 13:45:13 INFO >> ['freq_sigma_FitGaussWidth_gauss_sigma', 'freq_sigma_FitGaussWidth_gauss_sigma_rel_err', 'freq_sigma_FitGaussWidth_ndof', 'freq_sigma_FitGaussWidth_rms_err']
Aug 24 13:45:13 INFO >> ['freq_sigma_FitGauss_amplitude', 'freq_sigma_FitGauss_mu', 'freq_sigma_FitGauss_gauss_sigma', 'freq_sigma_FitGauss_amplitude_rel_err', 'freq_sigma_FitGauss_mu_rel_err', 'freq_sigma_FitGauss_gauss_sigma_rel_err', 'freq_sigma_FitGauss_amplitude-detection', 'freq_sigma_FitGauss_mu-detection', 'freq_sigma_FitGauss_ndof', 'freq_sigma_FitGauss_rms_err']
Aug 24 13:45:13 INFO >> Performing searching on cumulative stack 315.95 49.23
Aug 24 13:45:13 INFO >> Loading the cumulative power spectra stack to search
Aug 24 13:45:43 INFO >> DM: 17.3817479147
Aug 24 13:45:43 INFO >> sigma: 11.28372911
Aug 24 13:45:43 INFO >> frequency: 46.74088914959361
Aug 24 13:45:43 INFO >> Injecting 10 harmonics.
Aug 24 13:45:43 INFO >> Starting DM: 15.179689966070423
Aug 24 13:45:43 INFO >> Stopping DM: 19.632399022784412
Aug 24 13:45:44 INFO >> Expected detection at 10.12 sigma with 8 harmonics.
Aug 24 13:45:55 INFO >> Start searching 6558 dm trials using 32 harmonics.
Aug 24 13:46:04 INFO >> Moved power spectra to shared memory.
Aug 24 13:46:04 INFO >> Number of dm trials in single multi processing job: 10
Aug 24 13:46:53 INFO >> Total number of detections=15629
Aug 24 13:46:53 INFO >> Clustering the detections
Aug 24 13:46:53 INFO >> Starting clustering
Aug 24 13:46:53 INFO >> Rogue harmonic power filter reduced detections from 15629 to 8571
Aug 24 13:46:53 INFO >> Filtering out duplicate freq,dm detections at multiple nharms removes 804 detections
Aug 24 13:46:53 INFO >> Duplicate freq,dm filter reduced detections to 7767
Aug 24 13:46:53 INFO >> Number of detections over threshold sigma (6.0): 7767
Aug 24 13:46:53 INFO >> Grouping duplicate frequencies together first
Aug 24 13:46:53 INFO >> Grouping duplicate frequencies removed 7237 detections from the harmonic metric computation
Aug 24 13:46:53 INFO >> Starting freq-DM distance metric computation
Aug 24 13:46:54 INFO >> Finished freq-DM distance metric computation
Aug 24 13:46:54 INFO >> Largest group size for metric computation is 97
Aug 24 13:46:54 INFO >> Starting harmonic distance metric computation
Aug 24 13:46:55 INFO >> Finished harmonic distance metric computation
Aug 24 13:46:55 INFO >> Starting DBSCAN
Aug 24 13:46:55 INFO >> Finished DBSCAN
Aug 24 13:46:55 INFO >> Clusters found: 76
Aug 24 13:46:55 INFO >> Filtered 32 clusters below or equal 2 DM.
Aug 24 13:46:55 INFO >> Total number of candidate clusters=1
Aug 24 13:46:55 INFO >> Candidate Processor of stack (315.95 49.23)
Aug 24 13:46:55 INFO >> Making SinglePointingCandidates from a list of 1 PowerSpectraDetectionClusters
Aug 24 13:46:57 INFO >> saved candidates to ./results//injections/315.95_49.23_cumulative_power_spectra_stack_20220627_11_freq_dm_17.yml_(51,)_candidates.npz
Aug 24 13:46:57 INFO >> Injected Pulsars:     1
Aug 24 13:46:57 INFO >> Injection Candidates: 1
Aug 24 13:46:57 INFO >> Recovered Injections: 1
Aug 24 13:46:57 INFO >> 1 candidates.
Aug 24 13:46:57 INFO >> Best candidate: F0: 46.741 DM: 17.41 Sigma: 9.74
Aug 24 13:46:58 INFO >> Unlinked shared memory for cumulative stack.
Aug 24 13:46:58 INFO >> Pipeline execution time: 1.76 minutes
