Aug 24 08:48:24 INFO >> {"message": "Waiting for suitable server to become available", "selector": "Primary()", "operation": "find", "topologyDescription": "<TopologyDescription id: 66c99e58045bd1dd319ad51e, topology_type: Unknown, servers: [<ServerDescription ('localhost', 27017) server_type: Unknown, rtt: None>]>", "clientId": {"$oid": "66c99e58045bd1dd319ad51e"}, "remainingTimeMS": 29}
Aug 24 08:48:24 INFO >> Features initialized as the following:
Aug 24 08:48:24 INFO >> num_unique_dms
Aug 24 08:48:24 INFO >> num_unique_freqs
Aug 24 08:48:24 INFO >> ndetections
Aug 24 08:48:24 INFO >> nharm
Aug 24 08:48:24 INFO >> log_p_dm
Aug 24 08:48:24 INFO >> ['dm_sigma_FitGaussWidth_gauss_sigma', 'dm_sigma_FitGaussWidth_gauss_sigma_rel_err', 'dm_sigma_FitGaussWidth_ndof', 'dm_sigma_FitGaussWidth_rms_err']
Aug 24 08:48:24 INFO >> ['dm_sigma_FitGauss_amplitude', 'dm_sigma_FitGauss_mu', 'dm_sigma_FitGauss_gauss_sigma', 'dm_sigma_FitGauss_amplitude_rel_err', 'dm_sigma_FitGauss_mu_rel_err', 'dm_sigma_FitGauss_gauss_sigma_rel_err', 'dm_sigma_FitGauss_amplitude-detection', 'dm_sigma_FitGauss_mu-detection', 'dm_sigma_FitGauss_ndof', 'dm_sigma_FitGauss_rms_err']
Aug 24 08:48:24 INFO >> ['freq_sigma_FitGaussWidth_gauss_sigma', 'freq_sigma_FitGaussWidth_gauss_sigma_rel_err', 'freq_sigma_FitGaussWidth_ndof', 'freq_sigma_FitGaussWidth_rms_err']
Aug 24 08:48:24 INFO >> ['freq_sigma_FitGauss_amplitude', 'freq_sigma_FitGauss_mu', 'freq_sigma_FitGauss_gauss_sigma', 'freq_sigma_FitGauss_amplitude_rel_err', 'freq_sigma_FitGauss_mu_rel_err', 'freq_sigma_FitGauss_gauss_sigma_rel_err', 'freq_sigma_FitGauss_amplitude-detection', 'freq_sigma_FitGauss_mu-detection', 'freq_sigma_FitGauss_ndof', 'freq_sigma_FitGauss_rms_err']
Aug 24 08:48:24 INFO >> Performing searching on cumulative stack 315.95 49.23
Aug 24 08:48:24 INFO >> Loading the cumulative power spectra stack to search
Aug 24 08:48:55 INFO >> DM: 107.3817479147
Aug 24 08:48:55 INFO >> sigma: 11.28372911
Aug 24 08:48:55 INFO >> frequency: 17.762126122052862
Aug 24 08:48:55 INFO >> Injecting 28 harmonics.
Aug 24 08:48:55 INFO >> Starting DM: 101.6027248395647
Aug 24 08:48:55 INFO >> Stopping DM: 113.13928921377821
Aug 24 08:48:55 INFO >> Expected detection at 11.36 sigma with 4 harmonics.
Aug 24 08:49:07 INFO >> Start searching 6558 dm trials using 32 harmonics.
Aug 24 08:49:14 INFO >> Moved power spectra to shared memory.
Aug 24 08:49:14 INFO >> Number of dm trials in single multi processing job: 10
Aug 24 08:50:03 INFO >> Total number of detections=15838
Aug 24 08:50:03 INFO >> Clustering the detections
Aug 24 08:50:03 INFO >> Starting clustering
Aug 24 08:50:03 INFO >> Rogue harmonic power filter reduced detections from 15838 to 8780
Aug 24 08:50:03 INFO >> Filtering out duplicate freq,dm detections at multiple nharms removes 908 detections
Aug 24 08:50:03 INFO >> Duplicate freq,dm filter reduced detections to 7872
Aug 24 08:50:03 INFO >> Number of detections over threshold sigma (6.0): 7872
Aug 24 08:50:03 INFO >> Grouping duplicate frequencies together first
Aug 24 08:50:03 INFO >> Grouping duplicate frequencies removed 7331 detections from the harmonic metric computation
Aug 24 08:50:03 INFO >> Starting freq-DM distance metric computation
Aug 24 08:50:03 INFO >> Finished freq-DM distance metric computation
Aug 24 08:50:04 INFO >> Largest group size for metric computation is 97
Aug 24 08:50:04 INFO >> Starting harmonic distance metric computation
Aug 24 08:50:04 INFO >> Finished harmonic distance metric computation
Aug 24 08:50:04 INFO >> Starting DBSCAN
Aug 24 08:50:05 INFO >> Finished DBSCAN
Aug 24 08:50:05 INFO >> Clusters found: 78
Aug 24 08:50:05 INFO >> Filtered 32 clusters below or equal 2 DM.
Aug 24 08:50:05 INFO >> Total number of candidate clusters=3
Aug 24 08:50:05 INFO >> Candidate Processor of stack (315.95 49.23)
Aug 24 08:50:05 INFO >> Making SinglePointingCandidates from a list of 3 PowerSpectraDetectionClusters
Aug 24 08:50:08 INFO >> saved candidates to ./results//injections/315.95_49.23_cumulative_power_spectra_stack_20220627_11_new_freq_test.yml_(19,)_candidates.npz
Aug 24 08:50:08 INFO >> Injected Pulsars:     1
Aug 24 08:50:08 INFO >> Injection Candidates: 3
Aug 24 08:50:08 INFO >> Recovered Injections: 1
Aug 24 08:50:08 INFO >> 3 candidates.
Aug 24 08:50:08 INFO >> Best candidate: F0: 17.762 DM: 107.37 Sigma: 11.95
Aug 24 08:50:09 INFO >> Unlinked shared memory for cumulative stack.
Aug 24 08:50:09 INFO >> Pipeline execution time: 1.75 minutes
