Aug 24 08:21:38 INFO >> {"message": "Waiting for suitable server to become available", "selector": "Primary()", "operation": "find", "topologyDescription": "<TopologyDescription id: 66c99812072fcb456b90a9f2, topology_type: Unknown, servers: [<ServerDescription ('localhost', 27017) server_type: Unknown, rtt: None>]>", "clientId": {"$oid": "66c99812072fcb456b90a9f2"}, "remainingTimeMS": 29}
Aug 24 08:21:38 INFO >> Features initialized as the following:
Aug 24 08:21:38 INFO >> num_unique_dms
Aug 24 08:21:38 INFO >> num_unique_freqs
Aug 24 08:21:38 INFO >> ndetections
Aug 24 08:21:38 INFO >> nharm
Aug 24 08:21:38 INFO >> log_p_dm
Aug 24 08:21:38 INFO >> ['dm_sigma_FitGaussWidth_gauss_sigma', 'dm_sigma_FitGaussWidth_gauss_sigma_rel_err', 'dm_sigma_FitGaussWidth_ndof', 'dm_sigma_FitGaussWidth_rms_err']
Aug 24 08:21:38 INFO >> ['dm_sigma_FitGauss_amplitude', 'dm_sigma_FitGauss_mu', 'dm_sigma_FitGauss_gauss_sigma', 'dm_sigma_FitGauss_amplitude_rel_err', 'dm_sigma_FitGauss_mu_rel_err', 'dm_sigma_FitGauss_gauss_sigma_rel_err', 'dm_sigma_FitGauss_amplitude-detection', 'dm_sigma_FitGauss_mu-detection', 'dm_sigma_FitGauss_ndof', 'dm_sigma_FitGauss_rms_err']
Aug 24 08:21:38 INFO >> ['freq_sigma_FitGaussWidth_gauss_sigma', 'freq_sigma_FitGaussWidth_gauss_sigma_rel_err', 'freq_sigma_FitGaussWidth_ndof', 'freq_sigma_FitGaussWidth_rms_err']
Aug 24 08:21:38 INFO >> ['freq_sigma_FitGauss_amplitude', 'freq_sigma_FitGauss_mu', 'freq_sigma_FitGauss_gauss_sigma', 'freq_sigma_FitGauss_amplitude_rel_err', 'freq_sigma_FitGauss_mu_rel_err', 'freq_sigma_FitGauss_gauss_sigma_rel_err', 'freq_sigma_FitGauss_amplitude-detection', 'freq_sigma_FitGauss_mu-detection', 'freq_sigma_FitGauss_ndof', 'freq_sigma_FitGauss_rms_err']
Aug 24 08:21:38 INFO >> Performing searching on cumulative stack 315.95 49.23
Aug 24 08:21:38 INFO >> Loading the cumulative power spectra stack to search
Aug 24 08:22:09 INFO >> DM: 107.3817479147
Aug 24 08:22:09 INFO >> sigma: 11.28372911
Aug 24 08:22:09 INFO >> frequency: 11.28561557059827
Aug 24 08:22:09 INFO >> Injecting 45 harmonics.
Aug 24 08:22:09 INFO >> Starting DM: 98.2631930470292
Aug 24 08:22:09 INFO >> Stopping DM: 116.47882100631372
Aug 24 08:22:09 INFO >> Expected detection at 10.50 sigma with 8 harmonics.
Aug 24 08:22:21 INFO >> Start searching 6558 dm trials using 32 harmonics.
Aug 24 08:22:29 INFO >> Moved power spectra to shared memory.
Aug 24 08:22:29 INFO >> Number of dm trials in single multi processing job: 10
Aug 24 08:23:19 INFO >> Total number of detections=15873
Aug 24 08:23:19 INFO >> Clustering the detections
Aug 24 08:23:19 INFO >> Starting clustering
Aug 24 08:23:19 INFO >> Rogue harmonic power filter reduced detections from 15873 to 8815
Aug 24 08:23:19 INFO >> Filtering out duplicate freq,dm detections at multiple nharms removes 921 detections
Aug 24 08:23:19 INFO >> Duplicate freq,dm filter reduced detections to 7894
Aug 24 08:23:19 INFO >> Number of detections over threshold sigma (6.0): 7894
Aug 24 08:23:19 INFO >> Grouping duplicate frequencies together first
Aug 24 08:23:19 INFO >> Grouping duplicate frequencies removed 7354 detections from the harmonic metric computation
Aug 24 08:23:19 INFO >> Starting freq-DM distance metric computation
Aug 24 08:23:20 INFO >> Finished freq-DM distance metric computation
Aug 24 08:23:20 INFO >> Largest group size for metric computation is 97
Aug 24 08:23:20 INFO >> Starting harmonic distance metric computation
Aug 24 08:23:21 INFO >> Finished harmonic distance metric computation
Aug 24 08:23:21 INFO >> Starting DBSCAN
Aug 24 08:23:21 INFO >> Finished DBSCAN
Aug 24 08:23:21 INFO >> Clusters found: 76
Aug 24 08:23:21 INFO >> Filtered 32 clusters below or equal 2 DM.
Aug 24 08:23:21 INFO >> Total number of candidate clusters=1
Aug 24 08:23:21 INFO >> Candidate Processor of stack (315.95 49.23)
Aug 24 08:23:21 INFO >> Making SinglePointingCandidates from a list of 1 PowerSpectraDetectionClusters
Aug 24 08:23:23 INFO >> saved candidates to ./results//injections/315.95_49.23_cumulative_power_spectra_stack_20220627_11_new_freq_test.yml_(4,)_candidates.npz
Aug 24 08:23:23 INFO >> Injected Pulsars:     1
Aug 24 08:23:23 INFO >> Injection Candidates: 1
Aug 24 08:23:23 INFO >> Recovered Injections: 1
Aug 24 08:23:23 INFO >> 1 candidates.
Aug 24 08:23:23 INFO >> Best candidate: F0: 11.286 DM: 107.47 Sigma: 11.08
Aug 24 08:23:25 INFO >> Unlinked shared memory for cumulative stack.
Aug 24 08:23:25 INFO >> Pipeline execution time: 1.78 minutes
