Aug 24 03:29:57 INFO >> {"message": "Waiting for suitable server to become available", "selector": "Primary()", "operation": "find", "topologyDescription": "<TopologyDescription id: 66c953b59774f890676ef4b9, topology_type: Unknown, servers: [<ServerDescription ('localhost', 27017) server_type: Unknown, rtt: None>]>", "clientId": {"$oid": "66c953b59774f890676ef4b9"}, "remainingTimeMS": 29}
Aug 24 03:29:57 INFO >> Features initialized as the following:
Aug 24 03:29:57 INFO >> num_unique_dms
Aug 24 03:29:57 INFO >> num_unique_freqs
Aug 24 03:29:57 INFO >> ndetections
Aug 24 03:29:57 INFO >> nharm
Aug 24 03:29:57 INFO >> log_p_dm
Aug 24 03:29:57 INFO >> ['dm_sigma_FitGaussWidth_gauss_sigma', 'dm_sigma_FitGaussWidth_gauss_sigma_rel_err', 'dm_sigma_FitGaussWidth_ndof', 'dm_sigma_FitGaussWidth_rms_err']
Aug 24 03:29:57 INFO >> ['dm_sigma_FitGauss_amplitude', 'dm_sigma_FitGauss_mu', 'dm_sigma_FitGauss_gauss_sigma', 'dm_sigma_FitGauss_amplitude_rel_err', 'dm_sigma_FitGauss_mu_rel_err', 'dm_sigma_FitGauss_gauss_sigma_rel_err', 'dm_sigma_FitGauss_amplitude-detection', 'dm_sigma_FitGauss_mu-detection', 'dm_sigma_FitGauss_ndof', 'dm_sigma_FitGauss_rms_err']
Aug 24 03:29:57 INFO >> ['freq_sigma_FitGaussWidth_gauss_sigma', 'freq_sigma_FitGaussWidth_gauss_sigma_rel_err', 'freq_sigma_FitGaussWidth_ndof', 'freq_sigma_FitGaussWidth_rms_err']
Aug 24 03:29:57 INFO >> ['freq_sigma_FitGauss_amplitude', 'freq_sigma_FitGauss_mu', 'freq_sigma_FitGauss_gauss_sigma', 'freq_sigma_FitGauss_amplitude_rel_err', 'freq_sigma_FitGauss_mu_rel_err', 'freq_sigma_FitGauss_gauss_sigma_rel_err', 'freq_sigma_FitGauss_amplitude-detection', 'freq_sigma_FitGauss_mu-detection', 'freq_sigma_FitGauss_ndof', 'freq_sigma_FitGauss_rms_err']
Aug 24 03:29:58 INFO >> Performing searching on cumulative stack 315.95 49.23
Aug 24 03:29:58 INFO >> Loading the cumulative power spectra stack to search
Aug 24 03:30:29 INFO >> DM: 107.3817479147
Aug 24 03:30:29 INFO >> sigma: 11.28372911
Aug 24 03:30:29 INFO >> frequency: 30.609665653016272
Aug 24 03:30:29 INFO >> Injecting 16 harmonics.
Aug 24 03:30:29 INFO >> Starting DM: 104.03147523413597
Aug 24 03:30:29 INFO >> Stopping DM: 110.71053881920696
Aug 24 03:30:29 INFO >> Expected detection at 9.54 sigma with 4 harmonics.
Aug 24 03:30:41 INFO >> Start searching 6558 dm trials using 32 harmonics.
Aug 24 03:30:48 INFO >> Moved power spectra to shared memory.
Aug 24 03:30:48 INFO >> Number of dm trials in single multi processing job: 10
Aug 24 03:31:36 INFO >> Total number of detections=15654
Aug 24 03:31:36 INFO >> Clustering the detections
Aug 24 03:31:36 INFO >> Starting clustering
Aug 24 03:31:36 INFO >> Rogue harmonic power filter reduced detections from 15654 to 8596
Aug 24 03:31:36 INFO >> Filtering out duplicate freq,dm detections at multiple nharms removes 819 detections
Aug 24 03:31:36 INFO >> Duplicate freq,dm filter reduced detections to 7777
Aug 24 03:31:36 INFO >> Number of detections over threshold sigma (6.0): 7777
Aug 24 03:31:36 INFO >> Grouping duplicate frequencies together first
Aug 24 03:31:36 INFO >> Grouping duplicate frequencies removed 7247 detections from the harmonic metric computation
Aug 24 03:31:36 INFO >> Starting freq-DM distance metric computation
Aug 24 03:31:37 INFO >> Finished freq-DM distance metric computation
Aug 24 03:31:37 INFO >> Largest group size for metric computation is 97
Aug 24 03:31:37 INFO >> Starting harmonic distance metric computation
Aug 24 03:31:38 INFO >> Finished harmonic distance metric computation
Aug 24 03:31:38 INFO >> Starting DBSCAN
Aug 24 03:31:38 INFO >> Finished DBSCAN
Aug 24 03:31:38 INFO >> Clusters found: 76
Aug 24 03:31:38 INFO >> Filtered 32 clusters below or equal 2 DM.
Aug 24 03:31:38 INFO >> Total number of candidate clusters=1
Aug 24 03:31:38 INFO >> Candidate Processor of stack (315.95 49.23)
Aug 24 03:31:38 INFO >> Making SinglePointingCandidates from a list of 1 PowerSpectraDetectionClusters
Aug 24 03:31:40 INFO >> saved candidates to ./results//injections/315.95_49.23_cumulative_power_spectra_stack_20220627_11_new_freq_test.yml_(37,)_candidates.npz
Aug 24 03:31:40 INFO >> Injected Pulsars:     1
Aug 24 03:31:40 INFO >> Injection Candidates: 1
Aug 24 03:31:40 INFO >> Recovered Injections: 1
Aug 24 03:31:40 INFO >> 1 candidates.
Aug 24 03:31:40 INFO >> Best candidate: F0: 30.610 DM: 107.37 Sigma: 10.08
Aug 24 03:31:41 INFO >> Unlinked shared memory for cumulative stack.
Aug 24 03:31:41 INFO >> Pipeline execution time: 1.73 minutes
