Aug 24 13:22:04 INFO >> {"message": "Waiting for suitable server to become available", "selector": "Primary()", "operation": "find", "topologyDescription": "<TopologyDescription id: 66c9de7c3744492078060eea, topology_type: Unknown, servers: [<ServerDescription ('localhost', 27017) server_type: Unknown, rtt: None>]>", "clientId": {"$oid": "66c9de7c3744492078060eea"}, "remainingTimeMS": 29}
Aug 24 13:22:04 INFO >> Features initialized as the following:
Aug 24 13:22:04 INFO >> num_unique_dms
Aug 24 13:22:04 INFO >> num_unique_freqs
Aug 24 13:22:04 INFO >> ndetections
Aug 24 13:22:04 INFO >> nharm
Aug 24 13:22:04 INFO >> log_p_dm
Aug 24 13:22:04 INFO >> ['dm_sigma_FitGaussWidth_gauss_sigma', 'dm_sigma_FitGaussWidth_gauss_sigma_rel_err', 'dm_sigma_FitGaussWidth_ndof', 'dm_sigma_FitGaussWidth_rms_err']
Aug 24 13:22:04 INFO >> ['dm_sigma_FitGauss_amplitude', 'dm_sigma_FitGauss_mu', 'dm_sigma_FitGauss_gauss_sigma', 'dm_sigma_FitGauss_amplitude_rel_err', 'dm_sigma_FitGauss_mu_rel_err', 'dm_sigma_FitGauss_gauss_sigma_rel_err', 'dm_sigma_FitGauss_amplitude-detection', 'dm_sigma_FitGauss_mu-detection', 'dm_sigma_FitGauss_ndof', 'dm_sigma_FitGauss_rms_err']
Aug 24 13:22:04 INFO >> ['freq_sigma_FitGaussWidth_gauss_sigma', 'freq_sigma_FitGaussWidth_gauss_sigma_rel_err', 'freq_sigma_FitGaussWidth_ndof', 'freq_sigma_FitGaussWidth_rms_err']
Aug 24 13:22:04 INFO >> ['freq_sigma_FitGauss_amplitude', 'freq_sigma_FitGauss_mu', 'freq_sigma_FitGauss_gauss_sigma', 'freq_sigma_FitGauss_amplitude_rel_err', 'freq_sigma_FitGauss_mu_rel_err', 'freq_sigma_FitGauss_gauss_sigma_rel_err', 'freq_sigma_FitGauss_amplitude-detection', 'freq_sigma_FitGauss_mu-detection', 'freq_sigma_FitGauss_ndof', 'freq_sigma_FitGauss_rms_err']
Aug 24 13:22:04 INFO >> Performing searching on cumulative stack 315.95 49.23
Aug 24 13:22:04 INFO >> Loading the cumulative power spectra stack to search
Aug 24 13:22:34 INFO >> DM: 17.3817479147
Aug 24 13:22:34 INFO >> sigma: 11.28372911
Aug 24 13:22:34 INFO >> frequency: 31.54931243757127
Aug 24 13:22:34 INFO >> Injecting 16 harmonics.
Aug 24 13:22:34 INFO >> Starting DM: 14.167710634999061
Aug 24 13:22:34 INFO >> Stopping DM: 20.644378353855775
Aug 24 13:22:34 INFO >> Expected detection at 9.74 sigma with 8 harmonics.
Aug 24 13:22:46 INFO >> Start searching 6558 dm trials using 32 harmonics.
Aug 24 13:22:53 INFO >> Moved power spectra to shared memory.
Aug 24 13:22:53 INFO >> Number of dm trials in single multi processing job: 10
Aug 24 13:23:41 INFO >> Total number of detections=15618
Aug 24 13:23:41 INFO >> Clustering the detections
Aug 24 13:23:41 INFO >> Starting clustering
Aug 24 13:23:41 INFO >> Rogue harmonic power filter reduced detections from 15618 to 8560
Aug 24 13:23:41 INFO >> Filtering out duplicate freq,dm detections at multiple nharms removes 804 detections
Aug 24 13:23:41 INFO >> Duplicate freq,dm filter reduced detections to 7756
Aug 24 13:23:41 INFO >> Number of detections over threshold sigma (6.0): 7756
Aug 24 13:23:41 INFO >> Grouping duplicate frequencies together first
Aug 24 13:23:41 INFO >> Grouping duplicate frequencies removed 7230 detections from the harmonic metric computation
Aug 24 13:23:41 INFO >> Starting freq-DM distance metric computation
Aug 24 13:23:42 INFO >> Finished freq-DM distance metric computation
Aug 24 13:23:42 INFO >> Largest group size for metric computation is 97
Aug 24 13:23:42 INFO >> Starting harmonic distance metric computation
Aug 24 13:23:43 INFO >> Finished harmonic distance metric computation
Aug 24 13:23:43 INFO >> Starting DBSCAN
Aug 24 13:23:43 INFO >> Finished DBSCAN
Aug 24 13:23:43 INFO >> Clusters found: 76
Aug 24 13:23:43 INFO >> Filtered 32 clusters below or equal 2 DM.
Aug 24 13:23:43 INFO >> Total number of candidate clusters=1
Aug 24 13:23:43 INFO >> Candidate Processor of stack (315.95 49.23)
Aug 24 13:23:43 INFO >> Making SinglePointingCandidates from a list of 1 PowerSpectraDetectionClusters
Aug 24 13:23:45 INFO >> saved candidates to ./results//injections/315.95_49.23_cumulative_power_spectra_stack_20220627_11_freq_dm_17.yml_(38,)_candidates.npz
Aug 24 13:23:45 INFO >> Injected Pulsars:     1
Aug 24 13:23:45 INFO >> Injection Candidates: 1
Aug 24 13:23:45 INFO >> Recovered Injections: 1
Aug 24 13:23:45 INFO >> 1 candidates.
Aug 24 13:23:45 INFO >> Best candidate: F0: 31.549 DM: 17.41 Sigma: 9.66
Aug 24 13:23:47 INFO >> Unlinked shared memory for cumulative stack.
Aug 24 13:23:47 INFO >> Pipeline execution time: 1.71 minutes
