Aug 24 12:47:54 INFO >> {"message": "Waiting for suitable server to become available", "selector": "Primary()", "operation": "find", "topologyDescription": "<TopologyDescription id: 66c9d67a45cb8ac177528fc1, topology_type: Unknown, servers: [<ServerDescription ('localhost', 27017) server_type: Unknown, rtt: None>]>", "clientId": {"$oid": "66c9d67a45cb8ac177528fc1"}, "remainingTimeMS": 29}
Aug 24 12:47:55 INFO >> Features initialized as the following:
Aug 24 12:47:55 INFO >> num_unique_dms
Aug 24 12:47:55 INFO >> num_unique_freqs
Aug 24 12:47:55 INFO >> ndetections
Aug 24 12:47:55 INFO >> nharm
Aug 24 12:47:55 INFO >> log_p_dm
Aug 24 12:47:55 INFO >> ['dm_sigma_FitGaussWidth_gauss_sigma', 'dm_sigma_FitGaussWidth_gauss_sigma_rel_err', 'dm_sigma_FitGaussWidth_ndof', 'dm_sigma_FitGaussWidth_rms_err']
Aug 24 12:47:55 INFO >> ['dm_sigma_FitGauss_amplitude', 'dm_sigma_FitGauss_mu', 'dm_sigma_FitGauss_gauss_sigma', 'dm_sigma_FitGauss_amplitude_rel_err', 'dm_sigma_FitGauss_mu_rel_err', 'dm_sigma_FitGauss_gauss_sigma_rel_err', 'dm_sigma_FitGauss_amplitude-detection', 'dm_sigma_FitGauss_mu-detection', 'dm_sigma_FitGauss_ndof', 'dm_sigma_FitGauss_rms_err']
Aug 24 12:47:55 INFO >> ['freq_sigma_FitGaussWidth_gauss_sigma', 'freq_sigma_FitGaussWidth_gauss_sigma_rel_err', 'freq_sigma_FitGaussWidth_ndof', 'freq_sigma_FitGaussWidth_rms_err']
Aug 24 12:47:55 INFO >> ['freq_sigma_FitGauss_amplitude', 'freq_sigma_FitGauss_mu', 'freq_sigma_FitGauss_gauss_sigma', 'freq_sigma_FitGauss_amplitude_rel_err', 'freq_sigma_FitGauss_mu_rel_err', 'freq_sigma_FitGauss_gauss_sigma_rel_err', 'freq_sigma_FitGauss_amplitude-detection', 'freq_sigma_FitGauss_mu-detection', 'freq_sigma_FitGauss_ndof', 'freq_sigma_FitGauss_rms_err']
Aug 24 12:47:55 INFO >> Performing searching on cumulative stack 315.95 49.23
Aug 24 12:47:55 INFO >> Loading the cumulative power spectra stack to search
Aug 24 12:48:25 INFO >> DM: 17.3817479147
Aug 24 12:48:25 INFO >> sigma: 11.28372911
Aug 24 12:48:25 INFO >> frequency: 17.762126122052862
Aug 24 12:48:25 INFO >> Injecting 28 harmonics.
Aug 24 12:48:25 INFO >> Starting DM: 11.53656437421352
Aug 24 12:48:25 INFO >> Stopping DM: 23.17432668153418
Aug 24 12:48:25 INFO >> Expected detection at 11.35 sigma with 4 harmonics.
Aug 24 12:48:36 INFO >> Start searching 6558 dm trials using 32 harmonics.
Aug 24 12:48:45 INFO >> Moved power spectra to shared memory.
Aug 24 12:48:45 INFO >> Number of dm trials in single multi processing job: 10
Aug 24 12:49:34 INFO >> Total number of detections=15807
Aug 24 12:49:34 INFO >> Clustering the detections
Aug 24 12:49:34 INFO >> Starting clustering
Aug 24 12:49:35 INFO >> Rogue harmonic power filter reduced detections from 15807 to 8749
Aug 24 12:49:35 INFO >> Filtering out duplicate freq,dm detections at multiple nharms removes 902 detections
Aug 24 12:49:35 INFO >> Duplicate freq,dm filter reduced detections to 7847
Aug 24 12:49:35 INFO >> Number of detections over threshold sigma (6.0): 7847
Aug 24 12:49:35 INFO >> Grouping duplicate frequencies together first
Aug 24 12:49:35 INFO >> Grouping duplicate frequencies removed 7307 detections from the harmonic metric computation
Aug 24 12:49:35 INFO >> Starting freq-DM distance metric computation
Aug 24 12:49:35 INFO >> Finished freq-DM distance metric computation
Aug 24 12:49:35 INFO >> Largest group size for metric computation is 97
Aug 24 12:49:35 INFO >> Starting harmonic distance metric computation
Aug 24 12:49:36 INFO >> Finished harmonic distance metric computation
Aug 24 12:49:36 INFO >> Starting DBSCAN
Aug 24 12:49:36 INFO >> Finished DBSCAN
Aug 24 12:49:36 INFO >> Clusters found: 76
Aug 24 12:49:36 INFO >> Filtered 32 clusters below or equal 2 DM.
Aug 24 12:49:36 INFO >> Total number of candidate clusters=1
Aug 24 12:49:36 INFO >> Candidate Processor of stack (315.95 49.23)
Aug 24 12:49:36 INFO >> Making SinglePointingCandidates from a list of 1 PowerSpectraDetectionClusters
Aug 24 12:49:39 INFO >> saved candidates to ./results//injections/315.95_49.23_cumulative_power_spectra_stack_20220627_11_freq_dm_17.yml_(19,)_candidates.npz
Aug 24 12:49:39 INFO >> Injected Pulsars:     1
Aug 24 12:49:39 INFO >> Injection Candidates: 1
Aug 24 12:49:39 INFO >> Recovered Injections: 1
Aug 24 12:49:39 INFO >> 1 candidates.
Aug 24 12:49:39 INFO >> Best candidate: F0: 17.762 DM: 17.41 Sigma: 12.51
Aug 24 12:49:40 INFO >> Unlinked shared memory for cumulative stack.
Aug 24 12:49:40 INFO >> Pipeline execution time: 1.76 minutes
