Aug 24 04:15:09 INFO >> {"message": "Waiting for suitable server to become available", "selector": "Primary()", "operation": "find", "topologyDescription": "<TopologyDescription id: 66c95e4d93ff599f756e8c93, topology_type: Unknown, servers: [<ServerDescription ('localhost', 27017) server_type: Unknown, rtt: None>]>", "clientId": {"$oid": "66c95e4d93ff599f756e8c93"}, "remainingTimeMS": 29}
Aug 24 04:15:09 INFO >> Features initialized as the following:
Aug 24 04:15:09 INFO >> num_unique_dms
Aug 24 04:15:09 INFO >> num_unique_freqs
Aug 24 04:15:09 INFO >> ndetections
Aug 24 04:15:09 INFO >> nharm
Aug 24 04:15:09 INFO >> log_p_dm
Aug 24 04:15:09 INFO >> ['dm_sigma_FitGaussWidth_gauss_sigma', 'dm_sigma_FitGaussWidth_gauss_sigma_rel_err', 'dm_sigma_FitGaussWidth_ndof', 'dm_sigma_FitGaussWidth_rms_err']
Aug 24 04:15:09 INFO >> ['dm_sigma_FitGauss_amplitude', 'dm_sigma_FitGauss_mu', 'dm_sigma_FitGauss_gauss_sigma', 'dm_sigma_FitGauss_amplitude_rel_err', 'dm_sigma_FitGauss_mu_rel_err', 'dm_sigma_FitGauss_gauss_sigma_rel_err', 'dm_sigma_FitGauss_amplitude-detection', 'dm_sigma_FitGauss_mu-detection', 'dm_sigma_FitGauss_ndof', 'dm_sigma_FitGauss_rms_err']
Aug 24 04:15:09 INFO >> ['freq_sigma_FitGaussWidth_gauss_sigma', 'freq_sigma_FitGaussWidth_gauss_sigma_rel_err', 'freq_sigma_FitGaussWidth_ndof', 'freq_sigma_FitGaussWidth_rms_err']
Aug 24 04:15:09 INFO >> ['freq_sigma_FitGauss_amplitude', 'freq_sigma_FitGauss_mu', 'freq_sigma_FitGauss_gauss_sigma', 'freq_sigma_FitGauss_amplitude_rel_err', 'freq_sigma_FitGauss_mu_rel_err', 'freq_sigma_FitGauss_gauss_sigma_rel_err', 'freq_sigma_FitGauss_amplitude-detection', 'freq_sigma_FitGauss_mu-detection', 'freq_sigma_FitGauss_ndof', 'freq_sigma_FitGauss_rms_err']
Aug 24 04:15:09 INFO >> Performing searching on cumulative stack 315.95 49.23
Aug 24 04:15:09 INFO >> Loading the cumulative power spectra stack to search
Aug 24 04:15:40 INFO >> DM: 107.3817479147
Aug 24 04:15:40 INFO >> sigma: 11.28372911
Aug 24 04:15:40 INFO >> frequency: 65.18406106053844
Aug 24 04:15:40 INFO >> Injecting 7 harmonics.
Aug 24 04:15:40 INFO >> Starting DM: 105.85303803006441
Aug 24 04:15:40 INFO >> Stopping DM: 108.99017395638563
Aug 24 04:15:40 INFO >> Expected detection at 9.58 sigma with 4 harmonics.
Aug 24 04:15:51 INFO >> Start searching 6558 dm trials using 32 harmonics.
Aug 24 04:15:59 INFO >> Moved power spectra to shared memory.
Aug 24 04:15:59 INFO >> Number of dm trials in single multi processing job: 10
Aug 24 04:16:49 INFO >> Total number of detections=15598
Aug 24 04:16:49 INFO >> Clustering the detections
Aug 24 04:16:49 INFO >> Starting clustering
Aug 24 04:16:49 INFO >> Rogue harmonic power filter reduced detections from 15598 to 8540
Aug 24 04:16:49 INFO >> Filtering out duplicate freq,dm detections at multiple nharms removes 793 detections
Aug 24 04:16:49 INFO >> Duplicate freq,dm filter reduced detections to 7747
Aug 24 04:16:49 INFO >> Number of detections over threshold sigma (6.0): 7747
Aug 24 04:16:49 INFO >> Grouping duplicate frequencies together first
Aug 24 04:16:49 INFO >> Grouping duplicate frequencies removed 7223 detections from the harmonic metric computation
Aug 24 04:16:49 INFO >> Starting freq-DM distance metric computation
Aug 24 04:16:49 INFO >> Finished freq-DM distance metric computation
Aug 24 04:16:49 INFO >> Largest group size for metric computation is 97
Aug 24 04:16:49 INFO >> Starting harmonic distance metric computation
Aug 24 04:16:50 INFO >> Finished harmonic distance metric computation
Aug 24 04:16:50 INFO >> Starting DBSCAN
Aug 24 04:16:50 INFO >> Finished DBSCAN
Aug 24 04:16:50 INFO >> Clusters found: 76
Aug 24 04:16:50 INFO >> Filtered 32 clusters below or equal 2 DM.
Aug 24 04:16:50 INFO >> Total number of candidate clusters=1
Aug 24 04:16:50 INFO >> Candidate Processor of stack (315.95 49.23)
Aug 24 04:16:50 INFO >> Making SinglePointingCandidates from a list of 1 PowerSpectraDetectionClusters
Aug 24 04:16:52 INFO >> saved candidates to ./results//injections/315.95_49.23_cumulative_power_spectra_stack_20220627_11_new_freq_test.yml_(62,)_candidates.npz
Aug 24 04:16:52 INFO >> Injected Pulsars:     1
Aug 24 04:16:52 INFO >> Injection Candidates: 1
Aug 24 04:16:52 INFO >> Recovered Injections: 1
Aug 24 04:16:52 INFO >> 1 candidates.
Aug 24 04:16:52 INFO >> Best candidate: F0: 65.184 DM: 107.37 Sigma: 9.61
Aug 24 04:16:54 INFO >> Unlinked shared memory for cumulative stack.
Aug 24 04:16:54 INFO >> Pipeline execution time: 1.75 minutes
