Aug 24 09:54:35 INFO >> {"message": "Waiting for suitable server to become available", "selector": "Primary()", "operation": "find", "topologyDescription": "<TopologyDescription id: 66c9addbbcececc43696762a, topology_type: Unknown, servers: [<ServerDescription ('localhost', 27017) server_type: Unknown, rtt: None>]>", "clientId": {"$oid": "66c9addbbcececc43696762a"}, "remainingTimeMS": 29}
Aug 24 09:54:35 INFO >> Features initialized as the following:
Aug 24 09:54:35 INFO >> num_unique_dms
Aug 24 09:54:35 INFO >> num_unique_freqs
Aug 24 09:54:35 INFO >> ndetections
Aug 24 09:54:35 INFO >> nharm
Aug 24 09:54:35 INFO >> log_p_dm
Aug 24 09:54:35 INFO >> ['dm_sigma_FitGaussWidth_gauss_sigma', 'dm_sigma_FitGaussWidth_gauss_sigma_rel_err', 'dm_sigma_FitGaussWidth_ndof', 'dm_sigma_FitGaussWidth_rms_err']
Aug 24 09:54:35 INFO >> ['dm_sigma_FitGauss_amplitude', 'dm_sigma_FitGauss_mu', 'dm_sigma_FitGauss_gauss_sigma', 'dm_sigma_FitGauss_amplitude_rel_err', 'dm_sigma_FitGauss_mu_rel_err', 'dm_sigma_FitGauss_gauss_sigma_rel_err', 'dm_sigma_FitGauss_amplitude-detection', 'dm_sigma_FitGauss_mu-detection', 'dm_sigma_FitGauss_ndof', 'dm_sigma_FitGauss_rms_err']
Aug 24 09:54:35 INFO >> ['freq_sigma_FitGaussWidth_gauss_sigma', 'freq_sigma_FitGaussWidth_gauss_sigma_rel_err', 'freq_sigma_FitGaussWidth_ndof', 'freq_sigma_FitGaussWidth_rms_err']
Aug 24 09:54:35 INFO >> ['freq_sigma_FitGauss_amplitude', 'freq_sigma_FitGauss_mu', 'freq_sigma_FitGauss_gauss_sigma', 'freq_sigma_FitGauss_amplitude_rel_err', 'freq_sigma_FitGauss_mu_rel_err', 'freq_sigma_FitGauss_gauss_sigma_rel_err', 'freq_sigma_FitGauss_amplitude-detection', 'freq_sigma_FitGauss_mu-detection', 'freq_sigma_FitGauss_ndof', 'freq_sigma_FitGauss_rms_err']
Aug 24 09:54:35 INFO >> Performing searching on cumulative stack 315.95 49.23
Aug 24 09:54:35 INFO >> Loading the cumulative power spectra stack to search
Aug 24 09:55:06 INFO >> DM: 107.3817479147
Aug 24 09:55:06 INFO >> sigma: 11.28372911
Aug 24 09:55:06 INFO >> frequency: 54.36927418827447
Aug 24 09:55:06 INFO >> Injecting 9 harmonics.
Aug 24 09:55:06 INFO >> Starting DM: 105.44824629763588
Aug 24 09:55:06 INFO >> Stopping DM: 109.29376775570705
Aug 24 09:55:06 INFO >> Expected detection at 10.10 sigma with 8 harmonics.
Aug 24 09:55:19 INFO >> Start searching 6558 dm trials using 32 harmonics.
Aug 24 09:55:27 INFO >> Moved power spectra to shared memory.
Aug 24 09:55:27 INFO >> Number of dm trials in single multi processing job: 10
Aug 24 09:56:16 INFO >> Total number of detections=15600
Aug 24 09:56:16 INFO >> Clustering the detections
Aug 24 09:56:16 INFO >> Starting clustering
Aug 24 09:56:16 INFO >> Rogue harmonic power filter reduced detections from 15600 to 8542
Aug 24 09:56:16 INFO >> Filtering out duplicate freq,dm detections at multiple nharms removes 790 detections
Aug 24 09:56:16 INFO >> Duplicate freq,dm filter reduced detections to 7752
Aug 24 09:56:16 INFO >> Number of detections over threshold sigma (6.0): 7752
Aug 24 09:56:16 INFO >> Grouping duplicate frequencies together first
Aug 24 09:56:16 INFO >> Grouping duplicate frequencies removed 7226 detections from the harmonic metric computation
Aug 24 09:56:16 INFO >> Starting freq-DM distance metric computation
Aug 24 09:56:16 INFO >> Finished freq-DM distance metric computation
Aug 24 09:56:16 INFO >> Largest group size for metric computation is 97
Aug 24 09:56:16 INFO >> Starting harmonic distance metric computation
Aug 24 09:56:17 INFO >> Finished harmonic distance metric computation
Aug 24 09:56:17 INFO >> Starting DBSCAN
Aug 24 09:56:17 INFO >> Finished DBSCAN
Aug 24 09:56:17 INFO >> Clusters found: 76
Aug 24 09:56:17 INFO >> Filtered 32 clusters below or equal 2 DM.
Aug 24 09:56:17 INFO >> Total number of candidate clusters=1
Aug 24 09:56:17 INFO >> Candidate Processor of stack (315.95 49.23)
Aug 24 09:56:17 INFO >> Making SinglePointingCandidates from a list of 1 PowerSpectraDetectionClusters
Aug 24 09:56:20 INFO >> saved candidates to ./results//injections/315.95_49.23_cumulative_power_spectra_stack_20220627_11_new_freq_test.yml_(56,)_candidates.npz
Aug 24 09:56:20 INFO >> Injected Pulsars:     1
Aug 24 09:56:20 INFO >> Injection Candidates: 1
Aug 24 09:56:20 INFO >> Recovered Injections: 1
Aug 24 09:56:20 INFO >> 1 candidates.
Aug 24 09:56:20 INFO >> Best candidate: F0: 54.369 DM: 107.37 Sigma: 10.50
Aug 24 09:56:21 INFO >> Unlinked shared memory for cumulative stack.
Aug 24 09:56:21 INFO >> Pipeline execution time: 1.77 minutes
