Aug 24 10:21:35 INFO >> {"message": "Waiting for suitable server to become available", "selector": "Primary()", "operation": "find", "topologyDescription": "<TopologyDescription id: 66c9b42fa55b805d78bd70c5, topology_type: Unknown, servers: [<ServerDescription ('localhost', 27017) server_type: Unknown, rtt: None>]>", "clientId": {"$oid": "66c9b42fa55b805d78bd70c5"}, "remainingTimeMS": 29}
Aug 24 10:21:35 INFO >> Features initialized as the following:
Aug 24 10:21:35 INFO >> num_unique_dms
Aug 24 10:21:35 INFO >> num_unique_freqs
Aug 24 10:21:35 INFO >> ndetections
Aug 24 10:21:35 INFO >> nharm
Aug 24 10:21:35 INFO >> log_p_dm
Aug 24 10:21:35 INFO >> ['dm_sigma_FitGaussWidth_gauss_sigma', 'dm_sigma_FitGaussWidth_gauss_sigma_rel_err', 'dm_sigma_FitGaussWidth_ndof', 'dm_sigma_FitGaussWidth_rms_err']
Aug 24 10:21:35 INFO >> ['dm_sigma_FitGauss_amplitude', 'dm_sigma_FitGauss_mu', 'dm_sigma_FitGauss_gauss_sigma', 'dm_sigma_FitGauss_amplitude_rel_err', 'dm_sigma_FitGauss_mu_rel_err', 'dm_sigma_FitGauss_gauss_sigma_rel_err', 'dm_sigma_FitGauss_amplitude-detection', 'dm_sigma_FitGauss_mu-detection', 'dm_sigma_FitGauss_ndof', 'dm_sigma_FitGauss_rms_err']
Aug 24 10:21:35 INFO >> ['freq_sigma_FitGaussWidth_gauss_sigma', 'freq_sigma_FitGaussWidth_gauss_sigma_rel_err', 'freq_sigma_FitGaussWidth_ndof', 'freq_sigma_FitGaussWidth_rms_err']
Aug 24 10:21:35 INFO >> ['freq_sigma_FitGauss_amplitude', 'freq_sigma_FitGauss_mu', 'freq_sigma_FitGauss_gauss_sigma', 'freq_sigma_FitGauss_amplitude_rel_err', 'freq_sigma_FitGauss_mu_rel_err', 'freq_sigma_FitGauss_gauss_sigma_rel_err', 'freq_sigma_FitGauss_amplitude-detection', 'freq_sigma_FitGauss_mu-detection', 'freq_sigma_FitGauss_ndof', 'freq_sigma_FitGauss_rms_err']
Aug 24 10:21:35 INFO >> Performing searching on cumulative stack 315.95 49.23
Aug 24 10:21:35 INFO >> Loading the cumulative power spectra stack to search
Aug 24 10:22:06 INFO >> DM: 107.3817479147
Aug 24 10:22:06 INFO >> sigma: 11.28372911
Aug 24 10:22:06 INFO >> frequency: 85.57033502120348
Aug 24 10:22:06 INFO >> Injecting 5 harmonics.
Aug 24 10:22:06 INFO >> Starting DM: 106.15663182938583
Aug 24 10:22:06 INFO >> Stopping DM: 108.5853822239571
Aug 24 10:22:06 INFO >> Expected detection at 9.57 sigma with 4 harmonics.
Aug 24 10:22:18 INFO >> Start searching 6558 dm trials using 32 harmonics.
Aug 24 10:22:25 INFO >> Moved power spectra to shared memory.
Aug 24 10:22:25 INFO >> Number of dm trials in single multi processing job: 10
Aug 24 10:23:13 INFO >> Total number of detections=15592
Aug 24 10:23:13 INFO >> Clustering the detections
Aug 24 10:23:13 INFO >> Starting clustering
Aug 24 10:23:13 INFO >> Rogue harmonic power filter reduced detections from 15592 to 8534
Aug 24 10:23:13 INFO >> Filtering out duplicate freq,dm detections at multiple nharms removes 791 detections
Aug 24 10:23:13 INFO >> Duplicate freq,dm filter reduced detections to 7743
Aug 24 10:23:13 INFO >> Number of detections over threshold sigma (6.0): 7743
Aug 24 10:23:13 INFO >> Grouping duplicate frequencies together first
Aug 24 10:23:13 INFO >> Grouping duplicate frequencies removed 7220 detections from the harmonic metric computation
Aug 24 10:23:13 INFO >> Starting freq-DM distance metric computation
Aug 24 10:23:14 INFO >> Finished freq-DM distance metric computation
Aug 24 10:23:14 INFO >> Largest group size for metric computation is 97
Aug 24 10:23:14 INFO >> Starting harmonic distance metric computation
Aug 24 10:23:15 INFO >> Finished harmonic distance metric computation
Aug 24 10:23:15 INFO >> Starting DBSCAN
Aug 24 10:23:15 INFO >> Finished DBSCAN
Aug 24 10:23:15 INFO >> Clusters found: 76
Aug 24 10:23:15 INFO >> Filtered 32 clusters below or equal 2 DM.
Aug 24 10:23:15 INFO >> Total number of candidate clusters=1
Aug 24 10:23:15 INFO >> Candidate Processor of stack (315.95 49.23)
Aug 24 10:23:15 INFO >> Making SinglePointingCandidates from a list of 1 PowerSpectraDetectionClusters
Aug 24 10:23:17 INFO >> saved candidates to ./results//injections/315.95_49.23_cumulative_power_spectra_stack_20220627_11_new_freq_test.yml_(71,)_candidates.npz
Aug 24 10:23:17 INFO >> Injected Pulsars:     1
Aug 24 10:23:17 INFO >> Injection Candidates: 1
Aug 24 10:23:17 INFO >> Recovered Injections: 1
Aug 24 10:23:17 INFO >> 1 candidates.
Aug 24 10:23:17 INFO >> Best candidate: F0: 85.570 DM: 107.37 Sigma: 9.47
Aug 24 10:23:18 INFO >> Unlinked shared memory for cumulative stack.
Aug 24 10:23:18 INFO >> Pipeline execution time: 1.72 minutes
