Aug 24 08:41:14 INFO >> {"message": "Waiting for suitable server to become available", "selector": "Primary()", "operation": "find", "topologyDescription": "<TopologyDescription id: 66c99caa164f59fba7ec8e7a, topology_type: Unknown, servers: [<ServerDescription ('localhost', 27017) server_type: Unknown, rtt: None>]>", "clientId": {"$oid": "66c99caa164f59fba7ec8e7a"}, "remainingTimeMS": 29}
Aug 24 08:41:14 INFO >> Features initialized as the following:
Aug 24 08:41:14 INFO >> num_unique_dms
Aug 24 08:41:14 INFO >> num_unique_freqs
Aug 24 08:41:14 INFO >> ndetections
Aug 24 08:41:14 INFO >> nharm
Aug 24 08:41:14 INFO >> log_p_dm
Aug 24 08:41:14 INFO >> ['dm_sigma_FitGaussWidth_gauss_sigma', 'dm_sigma_FitGaussWidth_gauss_sigma_rel_err', 'dm_sigma_FitGaussWidth_ndof', 'dm_sigma_FitGaussWidth_rms_err']
Aug 24 08:41:14 INFO >> ['dm_sigma_FitGauss_amplitude', 'dm_sigma_FitGauss_mu', 'dm_sigma_FitGauss_gauss_sigma', 'dm_sigma_FitGauss_amplitude_rel_err', 'dm_sigma_FitGauss_mu_rel_err', 'dm_sigma_FitGauss_gauss_sigma_rel_err', 'dm_sigma_FitGauss_amplitude-detection', 'dm_sigma_FitGauss_mu-detection', 'dm_sigma_FitGauss_ndof', 'dm_sigma_FitGauss_rms_err']
Aug 24 08:41:14 INFO >> ['freq_sigma_FitGaussWidth_gauss_sigma', 'freq_sigma_FitGaussWidth_gauss_sigma_rel_err', 'freq_sigma_FitGaussWidth_ndof', 'freq_sigma_FitGaussWidth_rms_err']
Aug 24 08:41:14 INFO >> ['freq_sigma_FitGauss_amplitude', 'freq_sigma_FitGauss_mu', 'freq_sigma_FitGauss_gauss_sigma', 'freq_sigma_FitGauss_amplitude_rel_err', 'freq_sigma_FitGauss_mu_rel_err', 'freq_sigma_FitGauss_gauss_sigma_rel_err', 'freq_sigma_FitGauss_amplitude-detection', 'freq_sigma_FitGauss_mu-detection', 'freq_sigma_FitGauss_ndof', 'freq_sigma_FitGauss_rms_err']
Aug 24 08:41:14 INFO >> Performing searching on cumulative stack 315.95 49.23
Aug 24 08:41:14 INFO >> Loading the cumulative power spectra stack to search
Aug 24 08:41:47 INFO >> DM: 107.3817479147
Aug 24 08:41:47 INFO >> sigma: 11.28372911
Aug 24 08:41:47 INFO >> frequency: 15.738730431619036
Aug 24 08:41:47 INFO >> Injecting 32 harmonics.
Aug 24 08:41:47 INFO >> Starting DM: 100.7931413747076
Aug 24 08:41:47 INFO >> Stopping DM: 113.94887267863531
Aug 24 08:41:47 INFO >> Expected detection at 10.04 sigma with 8 harmonics.
Aug 24 08:42:00 INFO >> Start searching 6558 dm trials using 32 harmonics.
Aug 24 08:42:07 INFO >> Moved power spectra to shared memory.
Aug 24 08:42:07 INFO >> Number of dm trials in single multi processing job: 10
Aug 24 08:42:57 INFO >> Total number of detections=15642
Aug 24 08:42:57 INFO >> Clustering the detections
Aug 24 08:42:57 INFO >> Starting clustering
Aug 24 08:42:57 INFO >> Rogue harmonic power filter reduced detections from 15642 to 8584
Aug 24 08:42:57 INFO >> Filtering out duplicate freq,dm detections at multiple nharms removes 799 detections
Aug 24 08:42:57 INFO >> Duplicate freq,dm filter reduced detections to 7785
Aug 24 08:42:57 INFO >> Number of detections over threshold sigma (6.0): 7785
Aug 24 08:42:57 INFO >> Grouping duplicate frequencies together first
Aug 24 08:42:57 INFO >> Grouping duplicate frequencies removed 7256 detections from the harmonic metric computation
Aug 24 08:42:57 INFO >> Starting freq-DM distance metric computation
Aug 24 08:42:58 INFO >> Finished freq-DM distance metric computation
Aug 24 08:42:58 INFO >> Largest group size for metric computation is 97
Aug 24 08:42:58 INFO >> Starting harmonic distance metric computation
Aug 24 08:42:59 INFO >> Finished harmonic distance metric computation
Aug 24 08:42:59 INFO >> Starting DBSCAN
Aug 24 08:42:59 INFO >> Finished DBSCAN
Aug 24 08:42:59 INFO >> Clusters found: 76
Aug 24 08:42:59 INFO >> Filtered 32 clusters below or equal 2 DM.
Aug 24 08:42:59 INFO >> Total number of candidate clusters=1
Aug 24 08:42:59 INFO >> Candidate Processor of stack (315.95 49.23)
Aug 24 08:42:59 INFO >> Making SinglePointingCandidates from a list of 1 PowerSpectraDetectionClusters
Aug 24 08:43:02 INFO >> saved candidates to ./results//injections/315.95_49.23_cumulative_power_spectra_stack_20220627_11_new_freq_test.yml_(15,)_candidates.npz
Aug 24 08:43:02 INFO >> Injected Pulsars:     1
Aug 24 08:43:02 INFO >> Injection Candidates: 1
Aug 24 08:43:02 INFO >> Recovered Injections: 1
Aug 24 08:43:02 INFO >> 1 candidates.
Aug 24 08:43:02 INFO >> Best candidate: F0: 15.739 DM: 107.37 Sigma: 9.45
Aug 24 08:43:03 INFO >> Unlinked shared memory for cumulative stack.
Aug 24 08:43:03 INFO >> Pipeline execution time: 1.82 minutes
