Aug 24 12:28:09 INFO >> {"message": "Waiting for suitable server to become available", "selector": "Primary()", "operation": "find", "topologyDescription": "<TopologyDescription id: 66c9d1d85ab74da2db89f86d, topology_type: Unknown, servers: [<ServerDescription ('localhost', 27017) server_type: Unknown, rtt: None>]>", "clientId": {"$oid": "66c9d1d85ab74da2db89f86d"}, "remainingTimeMS": 29}
Aug 24 12:28:09 INFO >> Features initialized as the following:
Aug 24 12:28:09 INFO >> num_unique_dms
Aug 24 12:28:09 INFO >> num_unique_freqs
Aug 24 12:28:09 INFO >> ndetections
Aug 24 12:28:09 INFO >> nharm
Aug 24 12:28:09 INFO >> log_p_dm
Aug 24 12:28:09 INFO >> ['dm_sigma_FitGaussWidth_gauss_sigma', 'dm_sigma_FitGaussWidth_gauss_sigma_rel_err', 'dm_sigma_FitGaussWidth_ndof', 'dm_sigma_FitGaussWidth_rms_err']
Aug 24 12:28:09 INFO >> ['dm_sigma_FitGauss_amplitude', 'dm_sigma_FitGauss_mu', 'dm_sigma_FitGauss_gauss_sigma', 'dm_sigma_FitGauss_amplitude_rel_err', 'dm_sigma_FitGauss_mu_rel_err', 'dm_sigma_FitGauss_gauss_sigma_rel_err', 'dm_sigma_FitGauss_amplitude-detection', 'dm_sigma_FitGauss_mu-detection', 'dm_sigma_FitGauss_ndof', 'dm_sigma_FitGauss_rms_err']
Aug 24 12:28:09 INFO >> ['freq_sigma_FitGaussWidth_gauss_sigma', 'freq_sigma_FitGaussWidth_gauss_sigma_rel_err', 'freq_sigma_FitGaussWidth_ndof', 'freq_sigma_FitGaussWidth_rms_err']
Aug 24 12:28:09 INFO >> ['freq_sigma_FitGauss_amplitude', 'freq_sigma_FitGauss_mu', 'freq_sigma_FitGauss_gauss_sigma', 'freq_sigma_FitGauss_amplitude_rel_err', 'freq_sigma_FitGauss_mu_rel_err', 'freq_sigma_FitGauss_gauss_sigma_rel_err', 'freq_sigma_FitGauss_amplitude-detection', 'freq_sigma_FitGauss_mu-detection', 'freq_sigma_FitGauss_ndof', 'freq_sigma_FitGauss_rms_err']
Aug 24 12:28:09 INFO >> Performing searching on cumulative stack 315.95 49.23
Aug 24 12:28:09 INFO >> Loading the cumulative power spectra stack to search
Aug 24 12:28:40 INFO >> DM: 17.3817479147
Aug 24 12:28:40 INFO >> sigma: 11.28372911
Aug 24 12:28:40 INFO >> frequency: 12.736511880733019
Aug 24 12:28:40 INFO >> Injecting 39 harmonics.
Aug 24 12:28:40 INFO >> Starting DM: 9.310209845856525
Aug 24 12:28:40 INFO >> Stopping DM: 25.50187914299831
Aug 24 12:28:40 INFO >> Expected detection at 9.46 sigma with 8 harmonics.
Aug 24 12:28:52 INFO >> Start searching 6558 dm trials using 32 harmonics.
Aug 24 12:28:59 INFO >> Moved power spectra to shared memory.
Aug 24 12:28:59 INFO >> Number of dm trials in single multi processing job: 10
Aug 24 12:29:49 INFO >> Total number of detections=15672
Aug 24 12:29:49 INFO >> Clustering the detections
Aug 24 12:29:49 INFO >> Starting clustering
Aug 24 12:29:49 INFO >> Rogue harmonic power filter reduced detections from 15672 to 8614
Aug 24 12:29:49 INFO >> Filtering out duplicate freq,dm detections at multiple nharms removes 805 detections
Aug 24 12:29:49 INFO >> Duplicate freq,dm filter reduced detections to 7809
Aug 24 12:29:49 INFO >> Number of detections over threshold sigma (6.0): 7809
Aug 24 12:29:49 INFO >> Grouping duplicate frequencies together first
Aug 24 12:29:49 INFO >> Grouping duplicate frequencies removed 7280 detections from the harmonic metric computation
Aug 24 12:29:49 INFO >> Starting freq-DM distance metric computation
Aug 24 12:29:49 INFO >> Finished freq-DM distance metric computation
Aug 24 12:29:50 INFO >> Largest group size for metric computation is 97
Aug 24 12:29:50 INFO >> Starting harmonic distance metric computation
Aug 24 12:29:50 INFO >> Finished harmonic distance metric computation
Aug 24 12:29:50 INFO >> Starting DBSCAN
Aug 24 12:29:51 INFO >> Finished DBSCAN
Aug 24 12:29:51 INFO >> Clusters found: 78
Aug 24 12:29:51 INFO >> Filtered 32 clusters below or equal 2 DM.
Aug 24 12:29:51 INFO >> Total number of candidate clusters=3
Aug 24 12:29:51 INFO >> Candidate Processor of stack (315.95 49.23)
Aug 24 12:29:51 INFO >> Making SinglePointingCandidates from a list of 3 PowerSpectraDetectionClusters
Aug 24 12:29:54 INFO >> saved candidates to ./results//injections/315.95_49.23_cumulative_power_spectra_stack_20220627_11_freq_dm_17.yml_(8,)_candidates.npz
Aug 24 12:29:54 INFO >> Injected Pulsars:     1
Aug 24 12:29:54 INFO >> Injection Candidates: 3
Aug 24 12:29:54 INFO >> Recovered Injections: 1
Aug 24 12:29:54 INFO >> 3 candidates.
Aug 24 12:29:54 INFO >> Best candidate: F0: 12.737 DM: 17.41 Sigma: 10.14
Aug 24 12:29:55 INFO >> Unlinked shared memory for cumulative stack.
Aug 24 12:29:55 INFO >> Pipeline execution time: 1.77 minutes
