Aug 24 14:33:22 INFO >> {"message": "Waiting for suitable server to become available", "selector": "Primary()", "operation": "find", "topologyDescription": "<TopologyDescription id: 66c9ef32fede02c07504523f, topology_type: Unknown, servers: [<ServerDescription ('localhost', 27017) server_type: Unknown, rtt: None>]>", "clientId": {"$oid": "66c9ef32fede02c07504523f"}, "remainingTimeMS": 29}
Aug 24 14:33:22 INFO >> Features initialized as the following:
Aug 24 14:33:22 INFO >> num_unique_dms
Aug 24 14:33:22 INFO >> num_unique_freqs
Aug 24 14:33:22 INFO >> ndetections
Aug 24 14:33:22 INFO >> nharm
Aug 24 14:33:22 INFO >> log_p_dm
Aug 24 14:33:22 INFO >> ['dm_sigma_FitGaussWidth_gauss_sigma', 'dm_sigma_FitGaussWidth_gauss_sigma_rel_err', 'dm_sigma_FitGaussWidth_ndof', 'dm_sigma_FitGaussWidth_rms_err']
Aug 24 14:33:22 INFO >> ['dm_sigma_FitGauss_amplitude', 'dm_sigma_FitGauss_mu', 'dm_sigma_FitGauss_gauss_sigma', 'dm_sigma_FitGauss_amplitude_rel_err', 'dm_sigma_FitGauss_mu_rel_err', 'dm_sigma_FitGauss_gauss_sigma_rel_err', 'dm_sigma_FitGauss_amplitude-detection', 'dm_sigma_FitGauss_mu-detection', 'dm_sigma_FitGauss_ndof', 'dm_sigma_FitGauss_rms_err']
Aug 24 14:33:22 INFO >> ['freq_sigma_FitGaussWidth_gauss_sigma', 'freq_sigma_FitGaussWidth_gauss_sigma_rel_err', 'freq_sigma_FitGaussWidth_ndof', 'freq_sigma_FitGaussWidth_rms_err']
Aug 24 14:33:22 INFO >> ['freq_sigma_FitGauss_amplitude', 'freq_sigma_FitGauss_mu', 'freq_sigma_FitGauss_gauss_sigma', 'freq_sigma_FitGauss_amplitude_rel_err', 'freq_sigma_FitGauss_mu_rel_err', 'freq_sigma_FitGauss_gauss_sigma_rel_err', 'freq_sigma_FitGauss_amplitude-detection', 'freq_sigma_FitGauss_mu-detection', 'freq_sigma_FitGauss_ndof', 'freq_sigma_FitGauss_rms_err']
Aug 24 14:33:23 INFO >> Performing searching on cumulative stack 315.95 49.23
Aug 24 14:33:23 INFO >> Loading the cumulative power spectra stack to search
Aug 24 14:33:54 INFO >> DM: 17.3817479147
Aug 24 14:33:54 INFO >> sigma: 11.28372911
Aug 24 14:33:54 INFO >> frequency: 105.74075920106172
Aug 24 14:33:54 INFO >> Injecting 4 harmonics.
Aug 24 14:33:54 INFO >> Starting DM: 16.394065163356057
Aug 24 14:33:54 INFO >> Stopping DM: 18.316825892391645
Aug 24 14:33:54 INFO >> Expected detection at 9.20 sigma with 4 harmonics.
Aug 24 14:34:06 INFO >> Start searching 6558 dm trials using 32 harmonics.
Aug 24 14:34:13 INFO >> Moved power spectra to shared memory.
Aug 24 14:34:13 INFO >> Number of dm trials in single multi processing job: 10
Aug 24 14:35:02 INFO >> Total number of detections=15584
Aug 24 14:35:02 INFO >> Clustering the detections
Aug 24 14:35:02 INFO >> Starting clustering
Aug 24 14:35:02 INFO >> Rogue harmonic power filter reduced detections from 15584 to 8526
Aug 24 14:35:02 INFO >> Filtering out duplicate freq,dm detections at multiple nharms removes 789 detections
Aug 24 14:35:02 INFO >> Duplicate freq,dm filter reduced detections to 7737
Aug 24 14:35:02 INFO >> Number of detections over threshold sigma (6.0): 7737
Aug 24 14:35:02 INFO >> Grouping duplicate frequencies together first
Aug 24 14:35:02 INFO >> Grouping duplicate frequencies removed 7216 detections from the harmonic metric computation
Aug 24 14:35:02 INFO >> Starting freq-DM distance metric computation
Aug 24 14:35:03 INFO >> Finished freq-DM distance metric computation
Aug 24 14:35:03 INFO >> Largest group size for metric computation is 97
Aug 24 14:35:03 INFO >> Starting harmonic distance metric computation
Aug 24 14:35:04 INFO >> Finished harmonic distance metric computation
Aug 24 14:35:04 INFO >> Starting DBSCAN
Aug 24 14:35:04 INFO >> Finished DBSCAN
Aug 24 14:35:04 INFO >> Clusters found: 76
Aug 24 14:35:04 INFO >> Filtered 32 clusters below or equal 2 DM.
Aug 24 14:35:04 INFO >> Total number of candidate clusters=1
Aug 24 14:35:04 INFO >> Candidate Processor of stack (315.95 49.23)
Aug 24 14:35:04 INFO >> Making SinglePointingCandidates from a list of 1 PowerSpectraDetectionClusters
Aug 24 14:35:06 INFO >> saved candidates to ./results//injections/315.95_49.23_cumulative_power_spectra_stack_20220627_11_freq_dm_17.yml_(78,)_candidates.npz
Aug 24 14:35:06 INFO >> Injected Pulsars:     1
Aug 24 14:35:06 INFO >> Injection Candidates: 1
Aug 24 14:35:06 INFO >> Recovered Injections: 1
Aug 24 14:35:06 INFO >> 1 candidates.
Aug 24 14:35:06 INFO >> Best candidate: F0: 105.741 DM: 17.41 Sigma: 8.01
Aug 24 14:35:08 INFO >> Unlinked shared memory for cumulative stack.
Aug 24 14:35:08 INFO >> Pipeline execution time: 1.75 minutes
