Aug 24 12:44:17 INFO >> {"message": "Waiting for suitable server to become available", "selector": "Primary()", "operation": "find", "topologyDescription": "<TopologyDescription id: 66c9d5a1a822df68a780e185, topology_type: Unknown, servers: [<ServerDescription ('localhost', 27017) server_type: Unknown, rtt: None>]>", "clientId": {"$oid": "66c9d5a1a822df68a780e185"}, "remainingTimeMS": 29}
Aug 24 12:44:17 INFO >> Features initialized as the following:
Aug 24 12:44:17 INFO >> num_unique_dms
Aug 24 12:44:17 INFO >> num_unique_freqs
Aug 24 12:44:17 INFO >> ndetections
Aug 24 12:44:17 INFO >> nharm
Aug 24 12:44:17 INFO >> log_p_dm
Aug 24 12:44:17 INFO >> ['dm_sigma_FitGaussWidth_gauss_sigma', 'dm_sigma_FitGaussWidth_gauss_sigma_rel_err', 'dm_sigma_FitGaussWidth_ndof', 'dm_sigma_FitGaussWidth_rms_err']
Aug 24 12:44:17 INFO >> ['dm_sigma_FitGauss_amplitude', 'dm_sigma_FitGauss_mu', 'dm_sigma_FitGauss_gauss_sigma', 'dm_sigma_FitGauss_amplitude_rel_err', 'dm_sigma_FitGauss_mu_rel_err', 'dm_sigma_FitGauss_gauss_sigma_rel_err', 'dm_sigma_FitGauss_amplitude-detection', 'dm_sigma_FitGauss_mu-detection', 'dm_sigma_FitGauss_ndof', 'dm_sigma_FitGauss_rms_err']
Aug 24 12:44:17 INFO >> ['freq_sigma_FitGaussWidth_gauss_sigma', 'freq_sigma_FitGaussWidth_gauss_sigma_rel_err', 'freq_sigma_FitGaussWidth_ndof', 'freq_sigma_FitGaussWidth_rms_err']
Aug 24 12:44:17 INFO >> ['freq_sigma_FitGauss_amplitude', 'freq_sigma_FitGauss_mu', 'freq_sigma_FitGauss_gauss_sigma', 'freq_sigma_FitGauss_amplitude_rel_err', 'freq_sigma_FitGauss_mu_rel_err', 'freq_sigma_FitGauss_gauss_sigma_rel_err', 'freq_sigma_FitGauss_amplitude-detection', 'freq_sigma_FitGauss_mu-detection', 'freq_sigma_FitGauss_ndof', 'freq_sigma_FitGauss_rms_err']
Aug 24 12:44:18 INFO >> Performing searching on cumulative stack 315.95 49.23
Aug 24 12:44:18 INFO >> Loading the cumulative power spectra stack to search
Aug 24 12:44:49 INFO >> DM: 17.3817479147
Aug 24 12:44:49 INFO >> sigma: 11.28372911
Aug 24 12:44:49 INFO >> frequency: 16.71984793374057
Aug 24 12:44:49 INFO >> Injecting 30 harmonics.
Aug 24 12:44:49 INFO >> Starting DM: 11.232970574892114
Aug 24 12:44:49 INFO >> Stopping DM: 23.579118413962725
Aug 24 12:44:49 INFO >> Expected detection at 9.27 sigma with 16 harmonics.
Aug 24 12:45:01 INFO >> Start searching 6558 dm trials using 32 harmonics.
Aug 24 12:45:09 INFO >> Moved power spectra to shared memory.
Aug 24 12:45:09 INFO >> Number of dm trials in single multi processing job: 10
Aug 24 12:46:00 INFO >> Total number of detections=15626
Aug 24 12:46:00 INFO >> Clustering the detections
Aug 24 12:46:00 INFO >> Starting clustering
Aug 24 12:46:00 INFO >> Rogue harmonic power filter reduced detections from 15626 to 8568
Aug 24 12:46:00 INFO >> Filtering out duplicate freq,dm detections at multiple nharms removes 794 detections
Aug 24 12:46:00 INFO >> Duplicate freq,dm filter reduced detections to 7774
Aug 24 12:46:00 INFO >> Number of detections over threshold sigma (6.0): 7774
Aug 24 12:46:00 INFO >> Grouping duplicate frequencies together first
Aug 24 12:46:00 INFO >> Grouping duplicate frequencies removed 7245 detections from the harmonic metric computation
Aug 24 12:46:00 INFO >> Starting freq-DM distance metric computation
Aug 24 12:46:00 INFO >> Finished freq-DM distance metric computation
Aug 24 12:46:00 INFO >> Largest group size for metric computation is 97
Aug 24 12:46:00 INFO >> Starting harmonic distance metric computation
Aug 24 12:46:01 INFO >> Finished harmonic distance metric computation
Aug 24 12:46:01 INFO >> Starting DBSCAN
Aug 24 12:46:01 INFO >> Finished DBSCAN
Aug 24 12:46:01 INFO >> Clusters found: 77
Aug 24 12:46:01 INFO >> Filtered 32 clusters below or equal 2 DM.
Aug 24 12:46:01 INFO >> Total number of candidate clusters=2
Aug 24 12:46:01 INFO >> Candidate Processor of stack (315.95 49.23)
Aug 24 12:46:01 INFO >> Making SinglePointingCandidates from a list of 2 PowerSpectraDetectionClusters
Aug 24 12:46:04 INFO >> saved candidates to ./results//injections/315.95_49.23_cumulative_power_spectra_stack_20220627_11_freq_dm_17.yml_(17,)_candidates.npz
Aug 24 12:46:04 INFO >> Injected Pulsars:     1
Aug 24 12:46:04 INFO >> Injection Candidates: 2
Aug 24 12:46:04 INFO >> Recovered Injections: 1
Aug 24 12:46:04 INFO >> 2 candidates.
Aug 24 12:46:04 INFO >> Best candidate: F0: 16.720 DM: 17.30 Sigma: 8.84
Aug 24 12:46:05 INFO >> Unlinked shared memory for cumulative stack.
Aug 24 12:46:05 INFO >> Pipeline execution time: 1.80 minutes
