Aug 24 08:25:15 INFO >> {"message": "Waiting for suitable server to become available", "selector": "Primary()", "operation": "find", "topologyDescription": "<TopologyDescription id: 66c998eb792edefda166b441, topology_type: Unknown, servers: [<ServerDescription ('localhost', 27017) server_type: Unknown, rtt: None>]>", "clientId": {"$oid": "66c998eb792edefda166b441"}, "remainingTimeMS": 29}
Aug 24 08:25:15 INFO >> Features initialized as the following:
Aug 24 08:25:15 INFO >> num_unique_dms
Aug 24 08:25:15 INFO >> num_unique_freqs
Aug 24 08:25:15 INFO >> ndetections
Aug 24 08:25:15 INFO >> nharm
Aug 24 08:25:15 INFO >> log_p_dm
Aug 24 08:25:15 INFO >> ['dm_sigma_FitGaussWidth_gauss_sigma', 'dm_sigma_FitGaussWidth_gauss_sigma_rel_err', 'dm_sigma_FitGaussWidth_ndof', 'dm_sigma_FitGaussWidth_rms_err']
Aug 24 08:25:15 INFO >> ['dm_sigma_FitGauss_amplitude', 'dm_sigma_FitGauss_mu', 'dm_sigma_FitGauss_gauss_sigma', 'dm_sigma_FitGauss_amplitude_rel_err', 'dm_sigma_FitGauss_mu_rel_err', 'dm_sigma_FitGauss_gauss_sigma_rel_err', 'dm_sigma_FitGauss_amplitude-detection', 'dm_sigma_FitGauss_mu-detection', 'dm_sigma_FitGauss_ndof', 'dm_sigma_FitGauss_rms_err']
Aug 24 08:25:15 INFO >> ['freq_sigma_FitGaussWidth_gauss_sigma', 'freq_sigma_FitGaussWidth_gauss_sigma_rel_err', 'freq_sigma_FitGaussWidth_ndof', 'freq_sigma_FitGaussWidth_rms_err']
Aug 24 08:25:15 INFO >> ['freq_sigma_FitGauss_amplitude', 'freq_sigma_FitGauss_mu', 'freq_sigma_FitGauss_gauss_sigma', 'freq_sigma_FitGauss_amplitude_rel_err', 'freq_sigma_FitGauss_mu_rel_err', 'freq_sigma_FitGauss_gauss_sigma_rel_err', 'freq_sigma_FitGauss_amplitude-detection', 'freq_sigma_FitGauss_mu-detection', 'freq_sigma_FitGauss_ndof', 'freq_sigma_FitGauss_rms_err']
Aug 24 08:25:15 INFO >> Performing searching on cumulative stack 315.95 49.23
Aug 24 08:25:15 INFO >> Loading the cumulative power spectra stack to search
Aug 24 08:25:45 INFO >> DM: 107.3817479147
Aug 24 08:25:45 INFO >> sigma: 11.28372911
Aug 24 08:25:45 INFO >> frequency: 11.98913578187813
Aug 24 08:25:45 INFO >> Injecting 42 harmonics.
Aug 24 08:25:45 INFO >> Starting DM: 98.76918271256488
Aug 24 08:25:45 INFO >> Stopping DM: 115.97283134077803
Aug 24 08:25:45 INFO >> Expected detection at 9.37 sigma with 8 harmonics.
Aug 24 08:25:57 INFO >> Start searching 6558 dm trials using 32 harmonics.
Aug 24 08:26:05 INFO >> Moved power spectra to shared memory.
Aug 24 08:26:05 INFO >> Number of dm trials in single multi processing job: 10
Aug 24 08:26:53 INFO >> Total number of detections=15683
Aug 24 08:26:53 INFO >> Clustering the detections
Aug 24 08:26:53 INFO >> Starting clustering
Aug 24 08:26:53 INFO >> Rogue harmonic power filter reduced detections from 15683 to 8625
Aug 24 08:26:53 INFO >> Filtering out duplicate freq,dm detections at multiple nharms removes 799 detections
Aug 24 08:26:53 INFO >> Duplicate freq,dm filter reduced detections to 7826
Aug 24 08:26:53 INFO >> Number of detections over threshold sigma (6.0): 7826
Aug 24 08:26:53 INFO >> Grouping duplicate frequencies together first
Aug 24 08:26:53 INFO >> Grouping duplicate frequencies removed 7297 detections from the harmonic metric computation
Aug 24 08:26:53 INFO >> Starting freq-DM distance metric computation
Aug 24 08:26:54 INFO >> Finished freq-DM distance metric computation
Aug 24 08:26:54 INFO >> Largest group size for metric computation is 97
Aug 24 08:26:54 INFO >> Starting harmonic distance metric computation
Aug 24 08:26:55 INFO >> Finished harmonic distance metric computation
Aug 24 08:26:55 INFO >> Starting DBSCAN
Aug 24 08:26:55 INFO >> Finished DBSCAN
Aug 24 08:26:55 INFO >> Clusters found: 76
Aug 24 08:26:55 INFO >> Filtered 32 clusters below or equal 2 DM.
Aug 24 08:26:55 INFO >> Total number of candidate clusters=1
Aug 24 08:26:55 INFO >> Candidate Processor of stack (315.95 49.23)
Aug 24 08:26:55 INFO >> Making SinglePointingCandidates from a list of 1 PowerSpectraDetectionClusters
Aug 24 08:26:57 INFO >> saved candidates to ./results//injections/315.95_49.23_cumulative_power_spectra_stack_20220627_11_new_freq_test.yml_(6,)_candidates.npz
Aug 24 08:26:57 INFO >> Injected Pulsars:     1
Aug 24 08:26:57 INFO >> Injection Candidates: 1
Aug 24 08:26:57 INFO >> Recovered Injections: 1
Aug 24 08:26:57 INFO >> 1 candidates.
Aug 24 08:26:57 INFO >> Best candidate: F0: 11.989 DM: 107.37 Sigma: 10.26
Aug 24 08:26:59 INFO >> Unlinked shared memory for cumulative stack.
Aug 24 08:26:59 INFO >> Pipeline execution time: 1.73 minutes
