Aug 24 14:27:59 INFO >> {"message": "Waiting for suitable server to become available", "selector": "Primary()", "operation": "find", "topologyDescription": "<TopologyDescription id: 66c9edefb30f1b1c2038f6e3, topology_type: Unknown, servers: [<ServerDescription ('localhost', 27017) server_type: Unknown, rtt: None>]>", "clientId": {"$oid": "66c9edefb30f1b1c2038f6e3"}, "remainingTimeMS": 29}
Aug 24 14:27:59 INFO >> Features initialized as the following:
Aug 24 14:27:59 INFO >> num_unique_dms
Aug 24 14:27:59 INFO >> num_unique_freqs
Aug 24 14:27:59 INFO >> ndetections
Aug 24 14:27:59 INFO >> nharm
Aug 24 14:27:59 INFO >> log_p_dm
Aug 24 14:27:59 INFO >> ['dm_sigma_FitGaussWidth_gauss_sigma', 'dm_sigma_FitGaussWidth_gauss_sigma_rel_err', 'dm_sigma_FitGaussWidth_ndof', 'dm_sigma_FitGaussWidth_rms_err']
Aug 24 14:27:59 INFO >> ['dm_sigma_FitGauss_amplitude', 'dm_sigma_FitGauss_mu', 'dm_sigma_FitGauss_gauss_sigma', 'dm_sigma_FitGauss_amplitude_rel_err', 'dm_sigma_FitGauss_mu_rel_err', 'dm_sigma_FitGauss_gauss_sigma_rel_err', 'dm_sigma_FitGauss_amplitude-detection', 'dm_sigma_FitGauss_mu-detection', 'dm_sigma_FitGauss_ndof', 'dm_sigma_FitGauss_rms_err']
Aug 24 14:27:59 INFO >> ['freq_sigma_FitGaussWidth_gauss_sigma', 'freq_sigma_FitGaussWidth_gauss_sigma_rel_err', 'freq_sigma_FitGaussWidth_ndof', 'freq_sigma_FitGaussWidth_rms_err']
Aug 24 14:27:59 INFO >> ['freq_sigma_FitGauss_amplitude', 'freq_sigma_FitGauss_mu', 'freq_sigma_FitGauss_gauss_sigma', 'freq_sigma_FitGauss_amplitude_rel_err', 'freq_sigma_FitGauss_mu_rel_err', 'freq_sigma_FitGauss_gauss_sigma_rel_err', 'freq_sigma_FitGauss_amplitude-detection', 'freq_sigma_FitGauss_mu-detection', 'freq_sigma_FitGauss_ndof', 'freq_sigma_FitGauss_rms_err']
Aug 24 14:27:59 INFO >> Performing searching on cumulative stack 315.95 49.23
Aug 24 14:27:59 INFO >> Loading the cumulative power spectra stack to search
Aug 24 14:28:31 INFO >> DM: 17.3817479147
Aug 24 14:28:31 INFO >> sigma: 11.28372911
Aug 24 14:28:31 INFO >> frequency: 96.57139052966043
Aug 24 14:28:31 INFO >> Injecting 5 harmonics.
Aug 24 14:28:31 INFO >> Starting DM: 16.292867230248923
Aug 24 14:28:31 INFO >> Stopping DM: 18.41802382549878
Aug 24 14:28:31 INFO >> Expected detection at 11.48 sigma with 4 harmonics.
Aug 24 14:28:43 INFO >> Start searching 6558 dm trials using 32 harmonics.
Aug 24 14:28:50 INFO >> Moved power spectra to shared memory.
Aug 24 14:28:50 INFO >> Number of dm trials in single multi processing job: 10
Aug 24 14:29:40 INFO >> Total number of detections=15603
Aug 24 14:29:40 INFO >> Clustering the detections
Aug 24 14:29:40 INFO >> Starting clustering
Aug 24 14:29:40 INFO >> Rogue harmonic power filter reduced detections from 15603 to 8545
Aug 24 14:29:40 INFO >> Filtering out duplicate freq,dm detections at multiple nharms removes 799 detections
Aug 24 14:29:40 INFO >> Duplicate freq,dm filter reduced detections to 7746
Aug 24 14:29:40 INFO >> Number of detections over threshold sigma (6.0): 7746
Aug 24 14:29:40 INFO >> Grouping duplicate frequencies together first
Aug 24 14:29:40 INFO >> Grouping duplicate frequencies removed 7220 detections from the harmonic metric computation
Aug 24 14:29:40 INFO >> Starting freq-DM distance metric computation
Aug 24 14:29:40 INFO >> Finished freq-DM distance metric computation
Aug 24 14:29:41 INFO >> Largest group size for metric computation is 97
Aug 24 14:29:41 INFO >> Starting harmonic distance metric computation
Aug 24 14:29:41 INFO >> Finished harmonic distance metric computation
Aug 24 14:29:41 INFO >> Starting DBSCAN
Aug 24 14:29:42 INFO >> Finished DBSCAN
Aug 24 14:29:42 INFO >> Clusters found: 76
Aug 24 14:29:42 INFO >> Filtered 32 clusters below or equal 2 DM.
Aug 24 14:29:42 INFO >> Total number of candidate clusters=1
Aug 24 14:29:42 INFO >> Candidate Processor of stack (315.95 49.23)
Aug 24 14:29:42 INFO >> Making SinglePointingCandidates from a list of 1 PowerSpectraDetectionClusters
Aug 24 14:29:44 INFO >> saved candidates to ./results//injections/315.95_49.23_cumulative_power_spectra_stack_20220627_11_freq_dm_17.yml_(75,)_candidates.npz
Aug 24 14:29:44 INFO >> Injected Pulsars:     1
Aug 24 14:29:44 INFO >> Injection Candidates: 1
Aug 24 14:29:44 INFO >> Recovered Injections: 1
Aug 24 14:29:44 INFO >> 1 candidates.
Aug 24 14:29:44 INFO >> Best candidate: F0: 96.571 DM: 17.41 Sigma: 11.43
Aug 24 14:29:45 INFO >> Unlinked shared memory for cumulative stack.
Aug 24 14:29:45 INFO >> Pipeline execution time: 1.77 minutes
