Aug 24 03:35:21 INFO >> {"message": "Waiting for suitable server to become available", "selector": "Primary()", "operation": "find", "topologyDescription": "<TopologyDescription id: 66c954f96c15f7f22189a9ee, topology_type: Unknown, servers: [<ServerDescription ('localhost', 27017) server_type: Unknown, rtt: None>]>", "clientId": {"$oid": "66c954f96c15f7f22189a9ee"}, "remainingTimeMS": 29}
Aug 24 03:35:22 INFO >> Features initialized as the following:
Aug 24 03:35:22 INFO >> num_unique_dms
Aug 24 03:35:22 INFO >> num_unique_freqs
Aug 24 03:35:22 INFO >> ndetections
Aug 24 03:35:22 INFO >> nharm
Aug 24 03:35:22 INFO >> log_p_dm
Aug 24 03:35:22 INFO >> ['dm_sigma_FitGaussWidth_gauss_sigma', 'dm_sigma_FitGaussWidth_gauss_sigma_rel_err', 'dm_sigma_FitGaussWidth_ndof', 'dm_sigma_FitGaussWidth_rms_err']
Aug 24 03:35:22 INFO >> ['dm_sigma_FitGauss_amplitude', 'dm_sigma_FitGauss_mu', 'dm_sigma_FitGauss_gauss_sigma', 'dm_sigma_FitGauss_amplitude_rel_err', 'dm_sigma_FitGauss_mu_rel_err', 'dm_sigma_FitGauss_gauss_sigma_rel_err', 'dm_sigma_FitGauss_amplitude-detection', 'dm_sigma_FitGauss_mu-detection', 'dm_sigma_FitGauss_ndof', 'dm_sigma_FitGauss_rms_err']
Aug 24 03:35:22 INFO >> ['freq_sigma_FitGaussWidth_gauss_sigma', 'freq_sigma_FitGaussWidth_gauss_sigma_rel_err', 'freq_sigma_FitGaussWidth_ndof', 'freq_sigma_FitGaussWidth_rms_err']
Aug 24 03:35:22 INFO >> ['freq_sigma_FitGauss_amplitude', 'freq_sigma_FitGauss_mu', 'freq_sigma_FitGauss_gauss_sigma', 'freq_sigma_FitGauss_amplitude_rel_err', 'freq_sigma_FitGauss_mu_rel_err', 'freq_sigma_FitGauss_gauss_sigma_rel_err', 'freq_sigma_FitGauss_amplitude-detection', 'freq_sigma_FitGauss_mu-detection', 'freq_sigma_FitGauss_ndof', 'freq_sigma_FitGauss_rms_err']
Aug 24 03:35:22 INFO >> Performing searching on cumulative stack 315.95 49.23
Aug 24 03:35:22 INFO >> Loading the cumulative power spectra stack to search
Aug 24 03:35:53 INFO >> DM: 107.3817479147
Aug 24 03:35:53 INFO >> sigma: 11.28372911
Aug 24 03:35:53 INFO >> frequency: 33.51602650938841
Aug 24 03:35:53 INFO >> Injecting 15 harmonics.
Aug 24 03:35:53 INFO >> Starting DM: 104.33506903345737
Aug 24 03:35:53 INFO >> Stopping DM: 110.40694501988553
Aug 24 03:35:53 INFO >> Expected detection at 11.46 sigma with 8 harmonics.
Aug 24 03:36:06 INFO >> Start searching 6558 dm trials using 32 harmonics.
Aug 24 03:36:14 INFO >> Moved power spectra to shared memory.
Aug 24 03:36:14 INFO >> Number of dm trials in single multi processing job: 10
Aug 24 03:37:03 INFO >> Total number of detections=15678
Aug 24 03:37:03 INFO >> Clustering the detections
Aug 24 03:37:03 INFO >> Starting clustering
Aug 24 03:37:03 INFO >> Rogue harmonic power filter reduced detections from 15678 to 8617
Aug 24 03:37:04 INFO >> Filtering out duplicate freq,dm detections at multiple nharms removes 839 detections
Aug 24 03:37:04 INFO >> Duplicate freq,dm filter reduced detections to 7778
Aug 24 03:37:04 INFO >> Number of detections over threshold sigma (6.0): 7778
Aug 24 03:37:04 INFO >> Grouping duplicate frequencies together first
Aug 24 03:37:04 INFO >> Grouping duplicate frequencies removed 7246 detections from the harmonic metric computation
Aug 24 03:37:04 INFO >> Starting freq-DM distance metric computation
Aug 24 03:37:04 INFO >> Finished freq-DM distance metric computation
Aug 24 03:37:04 INFO >> Largest group size for metric computation is 97
Aug 24 03:37:04 INFO >> Starting harmonic distance metric computation
Aug 24 03:37:05 INFO >> Finished harmonic distance metric computation
Aug 24 03:37:05 INFO >> Starting DBSCAN
Aug 24 03:37:05 INFO >> Finished DBSCAN
Aug 24 03:37:05 INFO >> Clusters found: 78
Aug 24 03:37:05 INFO >> Filtered 32 clusters below or equal 2 DM.
Aug 24 03:37:05 INFO >> Total number of candidate clusters=3
Aug 24 03:37:05 INFO >> Candidate Processor of stack (315.95 49.23)
Aug 24 03:37:05 INFO >> Making SinglePointingCandidates from a list of 3 PowerSpectraDetectionClusters
Aug 24 03:37:08 INFO >> saved candidates to ./results//injections/315.95_49.23_cumulative_power_spectra_stack_20220627_11_new_freq_test.yml_(40,)_candidates.npz
Aug 24 03:37:08 INFO >> Injected Pulsars:     1
Aug 24 03:37:08 INFO >> Injection Candidates: 3
Aug 24 03:37:08 INFO >> Recovered Injections: 1
Aug 24 03:37:08 INFO >> 3 candidates.
Aug 24 03:37:08 INFO >> Best candidate: F0: 33.516 DM: 107.37 Sigma: 11.45
Aug 24 03:37:09 INFO >> Unlinked shared memory for cumulative stack.
Aug 24 03:37:09 INFO >> Pipeline execution time: 1.80 minutes
