Aug 24 12:40:41 INFO >> {"message": "Waiting for suitable server to become available", "selector": "Primary()", "operation": "find", "topologyDescription": "<TopologyDescription id: 66c9d4c98a9c626ec9306f2d, topology_type: Unknown, servers: [<ServerDescription ('localhost', 27017) server_type: Unknown, rtt: None>]>", "clientId": {"$oid": "66c9d4c98a9c626ec9306f2d"}, "remainingTimeMS": 29}
Aug 24 12:40:41 INFO >> Features initialized as the following:
Aug 24 12:40:41 INFO >> num_unique_dms
Aug 24 12:40:41 INFO >> num_unique_freqs
Aug 24 12:40:41 INFO >> ndetections
Aug 24 12:40:41 INFO >> nharm
Aug 24 12:40:41 INFO >> log_p_dm
Aug 24 12:40:41 INFO >> ['dm_sigma_FitGaussWidth_gauss_sigma', 'dm_sigma_FitGaussWidth_gauss_sigma_rel_err', 'dm_sigma_FitGaussWidth_ndof', 'dm_sigma_FitGaussWidth_rms_err']
Aug 24 12:40:41 INFO >> ['dm_sigma_FitGauss_amplitude', 'dm_sigma_FitGauss_mu', 'dm_sigma_FitGauss_gauss_sigma', 'dm_sigma_FitGauss_amplitude_rel_err', 'dm_sigma_FitGauss_mu_rel_err', 'dm_sigma_FitGauss_gauss_sigma_rel_err', 'dm_sigma_FitGauss_amplitude-detection', 'dm_sigma_FitGauss_mu-detection', 'dm_sigma_FitGauss_ndof', 'dm_sigma_FitGauss_rms_err']
Aug 24 12:40:41 INFO >> ['freq_sigma_FitGaussWidth_gauss_sigma', 'freq_sigma_FitGaussWidth_gauss_sigma_rel_err', 'freq_sigma_FitGaussWidth_ndof', 'freq_sigma_FitGaussWidth_rms_err']
Aug 24 12:40:41 INFO >> ['freq_sigma_FitGauss_amplitude', 'freq_sigma_FitGauss_mu', 'freq_sigma_FitGauss_gauss_sigma', 'freq_sigma_FitGauss_amplitude_rel_err', 'freq_sigma_FitGauss_mu_rel_err', 'freq_sigma_FitGauss_gauss_sigma_rel_err', 'freq_sigma_FitGauss_amplitude-detection', 'freq_sigma_FitGauss_mu-detection', 'freq_sigma_FitGauss_ndof', 'freq_sigma_FitGauss_rms_err']
Aug 24 12:40:42 INFO >> Performing searching on cumulative stack 315.95 49.23
Aug 24 12:40:42 INFO >> Loading the cumulative power spectra stack to search
Aug 24 12:41:13 INFO >> DM: 17.3817479147
Aug 24 12:41:13 INFO >> sigma: 11.28372911
Aug 24 12:41:13 INFO >> frequency: 15.738730431619036
Aug 24 12:41:13 INFO >> Injecting 32 harmonics.
Aug 24 12:41:13 INFO >> Starting DM: 10.828178842463569
Aug 24 12:41:13 INFO >> Stopping DM: 23.882712213284133
Aug 24 12:41:13 INFO >> Expected detection at 10.03 sigma with 8 harmonics.
Aug 24 12:41:25 INFO >> Start searching 6558 dm trials using 32 harmonics.
Aug 24 12:41:32 INFO >> Moved power spectra to shared memory.
Aug 24 12:41:32 INFO >> Number of dm trials in single multi processing job: 10
Aug 24 12:42:22 INFO >> Total number of detections=15662
Aug 24 12:42:22 INFO >> Clustering the detections
Aug 24 12:42:22 INFO >> Starting clustering
Aug 24 12:42:22 INFO >> Rogue harmonic power filter reduced detections from 15662 to 8604
Aug 24 12:42:22 INFO >> Filtering out duplicate freq,dm detections at multiple nharms removes 799 detections
Aug 24 12:42:22 INFO >> Duplicate freq,dm filter reduced detections to 7805
Aug 24 12:42:22 INFO >> Number of detections over threshold sigma (6.0): 7805
Aug 24 12:42:22 INFO >> Grouping duplicate frequencies together first
Aug 24 12:42:22 INFO >> Grouping duplicate frequencies removed 7271 detections from the harmonic metric computation
Aug 24 12:42:22 INFO >> Starting freq-DM distance metric computation
Aug 24 12:42:22 INFO >> Finished freq-DM distance metric computation
Aug 24 12:42:23 INFO >> Largest group size for metric computation is 97
Aug 24 12:42:23 INFO >> Starting harmonic distance metric computation
Aug 24 12:42:23 INFO >> Finished harmonic distance metric computation
Aug 24 12:42:23 INFO >> Starting DBSCAN
Aug 24 12:42:23 INFO >> Finished DBSCAN
Aug 24 12:42:23 INFO >> Clusters found: 77
Aug 24 12:42:23 INFO >> Filtered 32 clusters below or equal 2 DM.
Aug 24 12:42:23 INFO >> Total number of candidate clusters=2
Aug 24 12:42:24 INFO >> Candidate Processor of stack (315.95 49.23)
Aug 24 12:42:24 INFO >> Making SinglePointingCandidates from a list of 2 PowerSpectraDetectionClusters
Aug 24 12:42:26 INFO >> saved candidates to ./results//injections/315.95_49.23_cumulative_power_spectra_stack_20220627_11_freq_dm_17.yml_(15,)_candidates.npz
Aug 24 12:42:26 INFO >> Injected Pulsars:     1
Aug 24 12:42:26 INFO >> Injection Candidates: 2
Aug 24 12:42:26 INFO >> Recovered Injections: 1
Aug 24 12:42:26 INFO >> 2 candidates.
Aug 24 12:42:26 INFO >> Best candidate: F0: 15.739 DM: 17.30 Sigma: 9.70
Aug 24 12:42:27 INFO >> Unlinked shared memory for cumulative stack.
Aug 24 12:42:27 INFO >> Pipeline execution time: 1.77 minutes
