Aug 24 09:58:09 INFO >> {"message": "Waiting for suitable server to become available", "selector": "Primary()", "operation": "find", "topologyDescription": "<TopologyDescription id: 66c9aeb1b0f82e3f1cfb38bc, topology_type: Unknown, servers: [<ServerDescription ('localhost', 27017) server_type: Unknown, rtt: None>]>", "clientId": {"$oid": "66c9aeb1b0f82e3f1cfb38bc"}, "remainingTimeMS": 29}
Aug 24 09:58:09 INFO >> Features initialized as the following:
Aug 24 09:58:09 INFO >> num_unique_dms
Aug 24 09:58:09 INFO >> num_unique_freqs
Aug 24 09:58:09 INFO >> ndetections
Aug 24 09:58:09 INFO >> nharm
Aug 24 09:58:09 INFO >> log_p_dm
Aug 24 09:58:09 INFO >> ['dm_sigma_FitGaussWidth_gauss_sigma', 'dm_sigma_FitGaussWidth_gauss_sigma_rel_err', 'dm_sigma_FitGaussWidth_ndof', 'dm_sigma_FitGaussWidth_rms_err']
Aug 24 09:58:09 INFO >> ['dm_sigma_FitGauss_amplitude', 'dm_sigma_FitGauss_mu', 'dm_sigma_FitGauss_gauss_sigma', 'dm_sigma_FitGauss_amplitude_rel_err', 'dm_sigma_FitGauss_mu_rel_err', 'dm_sigma_FitGauss_gauss_sigma_rel_err', 'dm_sigma_FitGauss_amplitude-detection', 'dm_sigma_FitGauss_mu-detection', 'dm_sigma_FitGauss_ndof', 'dm_sigma_FitGauss_rms_err']
Aug 24 09:58:09 INFO >> ['freq_sigma_FitGaussWidth_gauss_sigma', 'freq_sigma_FitGaussWidth_gauss_sigma_rel_err', 'freq_sigma_FitGaussWidth_ndof', 'freq_sigma_FitGaussWidth_rms_err']
Aug 24 09:58:09 INFO >> ['freq_sigma_FitGauss_amplitude', 'freq_sigma_FitGauss_mu', 'freq_sigma_FitGauss_gauss_sigma', 'freq_sigma_FitGauss_amplitude_rel_err', 'freq_sigma_FitGauss_mu_rel_err', 'freq_sigma_FitGauss_gauss_sigma_rel_err', 'freq_sigma_FitGauss_amplitude-detection', 'freq_sigma_FitGauss_mu-detection', 'freq_sigma_FitGauss_ndof', 'freq_sigma_FitGauss_rms_err']
Aug 24 09:58:10 INFO >> Performing searching on cumulative stack 315.95 49.23
Aug 24 09:58:10 INFO >> Loading the cumulative power spectra stack to search
Aug 24 09:58:43 INFO >> DM: 107.3817479147
Aug 24 09:58:43 INFO >> sigma: 11.28372911
Aug 24 09:58:43 INFO >> frequency: 57.758533996460486
Aug 24 09:58:43 INFO >> Injecting 8 harmonics.
Aug 24 09:58:43 INFO >> Starting DM: 105.549444230743
Aug 24 09:58:43 INFO >> Stopping DM: 109.19256982259992
Aug 24 09:58:43 INFO >> Expected detection at 11.94 sigma with 8 harmonics.
Aug 24 09:58:55 INFO >> Start searching 6558 dm trials using 32 harmonics.
Aug 24 09:59:02 INFO >> Moved power spectra to shared memory.
Aug 24 09:59:02 INFO >> Number of dm trials in single multi processing job: 10
Aug 24 09:59:51 INFO >> Total number of detections=15632
Aug 24 09:59:51 INFO >> Clustering the detections
Aug 24 09:59:51 INFO >> Starting clustering
Aug 24 09:59:51 INFO >> Rogue harmonic power filter reduced detections from 15632 to 8574
Aug 24 09:59:51 INFO >> Filtering out duplicate freq,dm detections at multiple nharms removes 818 detections
Aug 24 09:59:51 INFO >> Duplicate freq,dm filter reduced detections to 7756
Aug 24 09:59:51 INFO >> Number of detections over threshold sigma (6.0): 7756
Aug 24 09:59:51 INFO >> Grouping duplicate frequencies together first
Aug 24 09:59:52 INFO >> Grouping duplicate frequencies removed 7228 detections from the harmonic metric computation
Aug 24 09:59:52 INFO >> Starting freq-DM distance metric computation
Aug 24 09:59:52 INFO >> Finished freq-DM distance metric computation
Aug 24 09:59:52 INFO >> Largest group size for metric computation is 97
Aug 24 09:59:52 INFO >> Starting harmonic distance metric computation
Aug 24 09:59:53 INFO >> Finished harmonic distance metric computation
Aug 24 09:59:53 INFO >> Starting DBSCAN
Aug 24 09:59:53 INFO >> Finished DBSCAN
Aug 24 09:59:53 INFO >> Clusters found: 78
Aug 24 09:59:53 INFO >> Filtered 32 clusters below or equal 2 DM.
Aug 24 09:59:53 INFO >> Total number of candidate clusters=3
Aug 24 09:59:53 INFO >> Candidate Processor of stack (315.95 49.23)
Aug 24 09:59:53 INFO >> Making SinglePointingCandidates from a list of 3 PowerSpectraDetectionClusters
Aug 24 09:59:56 INFO >> saved candidates to ./results//injections/315.95_49.23_cumulative_power_spectra_stack_20220627_11_new_freq_test.yml_(58,)_candidates.npz
Aug 24 09:59:56 INFO >> Injected Pulsars:     1
Aug 24 09:59:56 INFO >> Injection Candidates: 3
Aug 24 09:59:56 INFO >> Recovered Injections: 1
Aug 24 09:59:56 INFO >> 3 candidates.
Aug 24 09:59:56 INFO >> Best candidate: F0: 57.758 DM: 107.37 Sigma: 11.24
Aug 24 09:59:57 INFO >> Unlinked shared memory for cumulative stack.
Aug 24 09:59:57 INFO >> Pipeline execution time: 1.80 minutes
