Aug 24 13:23:49 INFO >> {"message": "Waiting for suitable server to become available", "selector": "Primary()", "operation": "find", "topologyDescription": "<TopologyDescription id: 66c9dee5c8e8c3c1148c3ddd, topology_type: Unknown, servers: [<ServerDescription ('localhost', 27017) server_type: Unknown, rtt: None>]>", "clientId": {"$oid": "66c9dee5c8e8c3c1148c3ddd"}, "remainingTimeMS": 29}
Aug 24 13:23:49 INFO >> Features initialized as the following:
Aug 24 13:23:49 INFO >> num_unique_dms
Aug 24 13:23:49 INFO >> num_unique_freqs
Aug 24 13:23:49 INFO >> ndetections
Aug 24 13:23:49 INFO >> nharm
Aug 24 13:23:49 INFO >> log_p_dm
Aug 24 13:23:49 INFO >> ['dm_sigma_FitGaussWidth_gauss_sigma', 'dm_sigma_FitGaussWidth_gauss_sigma_rel_err', 'dm_sigma_FitGaussWidth_ndof', 'dm_sigma_FitGaussWidth_rms_err']
Aug 24 13:23:49 INFO >> ['dm_sigma_FitGauss_amplitude', 'dm_sigma_FitGauss_mu', 'dm_sigma_FitGauss_gauss_sigma', 'dm_sigma_FitGauss_amplitude_rel_err', 'dm_sigma_FitGauss_mu_rel_err', 'dm_sigma_FitGauss_gauss_sigma_rel_err', 'dm_sigma_FitGauss_amplitude-detection', 'dm_sigma_FitGauss_mu-detection', 'dm_sigma_FitGauss_ndof', 'dm_sigma_FitGauss_rms_err']
Aug 24 13:23:49 INFO >> ['freq_sigma_FitGaussWidth_gauss_sigma', 'freq_sigma_FitGaussWidth_gauss_sigma_rel_err', 'freq_sigma_FitGaussWidth_ndof', 'freq_sigma_FitGaussWidth_rms_err']
Aug 24 13:23:49 INFO >> ['freq_sigma_FitGauss_amplitude', 'freq_sigma_FitGauss_mu', 'freq_sigma_FitGauss_gauss_sigma', 'freq_sigma_FitGauss_amplitude_rel_err', 'freq_sigma_FitGauss_mu_rel_err', 'freq_sigma_FitGauss_gauss_sigma_rel_err', 'freq_sigma_FitGauss_amplitude-detection', 'freq_sigma_FitGauss_mu-detection', 'freq_sigma_FitGauss_ndof', 'freq_sigma_FitGauss_rms_err']
Aug 24 13:23:49 INFO >> Performing searching on cumulative stack 315.95 49.23
Aug 24 13:23:49 INFO >> Loading the cumulative power spectra stack to search
Aug 24 13:24:18 INFO >> DM: 17.3817479147
Aug 24 13:24:18 INFO >> sigma: 11.28372911
Aug 24 13:24:18 INFO >> frequency: 32.51780423107651
Aug 24 13:24:18 INFO >> Injecting 15 harmonics.
Aug 24 13:24:18 INFO >> Starting DM: 14.167710634999061
Aug 24 13:24:18 INFO >> Stopping DM: 20.54318042074864
Aug 24 13:24:18 INFO >> Expected detection at 10.49 sigma with 4 harmonics.
Aug 24 13:24:30 INFO >> Start searching 6558 dm trials using 32 harmonics.
Aug 24 13:24:38 INFO >> Moved power spectra to shared memory.
Aug 24 13:24:38 INFO >> Number of dm trials in single multi processing job: 10
Aug 24 13:25:27 INFO >> Total number of detections=15677
Aug 24 13:25:27 INFO >> Clustering the detections
Aug 24 13:25:27 INFO >> Starting clustering
Aug 24 13:25:27 INFO >> Rogue harmonic power filter reduced detections from 15677 to 8617
Aug 24 13:25:27 INFO >> Filtering out duplicate freq,dm detections at multiple nharms removes 822 detections
Aug 24 13:25:27 INFO >> Duplicate freq,dm filter reduced detections to 7795
Aug 24 13:25:27 INFO >> Number of detections over threshold sigma (6.0): 7795
Aug 24 13:25:27 INFO >> Grouping duplicate frequencies together first
Aug 24 13:25:27 INFO >> Grouping duplicate frequencies removed 7256 detections from the harmonic metric computation
Aug 24 13:25:27 INFO >> Starting freq-DM distance metric computation
Aug 24 13:25:27 INFO >> Finished freq-DM distance metric computation
Aug 24 13:25:28 INFO >> Largest group size for metric computation is 97
Aug 24 13:25:28 INFO >> Starting harmonic distance metric computation
Aug 24 13:25:28 INFO >> Finished harmonic distance metric computation
Aug 24 13:25:28 INFO >> Starting DBSCAN
Aug 24 13:25:29 INFO >> Finished DBSCAN
Aug 24 13:25:29 INFO >> Clusters found: 76
Aug 24 13:25:29 INFO >> Filtered 32 clusters below or equal 2 DM.
Aug 24 13:25:29 INFO >> Total number of candidate clusters=1
Aug 24 13:25:29 INFO >> Candidate Processor of stack (315.95 49.23)
Aug 24 13:25:29 INFO >> Making SinglePointingCandidates from a list of 1 PowerSpectraDetectionClusters
Aug 24 13:25:31 INFO >> saved candidates to ./results//injections/315.95_49.23_cumulative_power_spectra_stack_20220627_11_freq_dm_17.yml_(39,)_candidates.npz
Aug 24 13:25:31 INFO >> Injected Pulsars:     1
Aug 24 13:25:31 INFO >> Injection Candidates: 1
Aug 24 13:25:31 INFO >> Recovered Injections: 1
Aug 24 13:25:31 INFO >> 1 candidates.
Aug 24 13:25:31 INFO >> Best candidate: F0: 32.518 DM: 17.41 Sigma: 10.30
Aug 24 13:25:32 INFO >> Unlinked shared memory for cumulative stack.
Aug 24 13:25:32 INFO >> Pipeline execution time: 1.72 minutes
