Aug 24 08:46:37 INFO >> {"message": "Waiting for suitable server to become available", "selector": "Primary()", "operation": "find", "topologyDescription": "<TopologyDescription id: 66c99dedb5c953134c36f9d0, topology_type: Unknown, servers: [<ServerDescription ('localhost', 27017) server_type: Unknown, rtt: None>]>", "clientId": {"$oid": "66c99dedb5c953134c36f9d0"}, "remainingTimeMS": 29}
Aug 24 08:46:37 INFO >> Features initialized as the following:
Aug 24 08:46:37 INFO >> num_unique_dms
Aug 24 08:46:37 INFO >> num_unique_freqs
Aug 24 08:46:37 INFO >> ndetections
Aug 24 08:46:37 INFO >> nharm
Aug 24 08:46:37 INFO >> log_p_dm
Aug 24 08:46:37 INFO >> ['dm_sigma_FitGaussWidth_gauss_sigma', 'dm_sigma_FitGaussWidth_gauss_sigma_rel_err', 'dm_sigma_FitGaussWidth_ndof', 'dm_sigma_FitGaussWidth_rms_err']
Aug 24 08:46:37 INFO >> ['dm_sigma_FitGauss_amplitude', 'dm_sigma_FitGauss_mu', 'dm_sigma_FitGauss_gauss_sigma', 'dm_sigma_FitGauss_amplitude_rel_err', 'dm_sigma_FitGauss_mu_rel_err', 'dm_sigma_FitGauss_gauss_sigma_rel_err', 'dm_sigma_FitGauss_amplitude-detection', 'dm_sigma_FitGauss_mu-detection', 'dm_sigma_FitGauss_ndof', 'dm_sigma_FitGauss_rms_err']
Aug 24 08:46:37 INFO >> ['freq_sigma_FitGaussWidth_gauss_sigma', 'freq_sigma_FitGaussWidth_gauss_sigma_rel_err', 'freq_sigma_FitGaussWidth_ndof', 'freq_sigma_FitGaussWidth_rms_err']
Aug 24 08:46:37 INFO >> ['freq_sigma_FitGauss_amplitude', 'freq_sigma_FitGauss_mu', 'freq_sigma_FitGauss_gauss_sigma', 'freq_sigma_FitGauss_amplitude_rel_err', 'freq_sigma_FitGauss_mu_rel_err', 'freq_sigma_FitGauss_gauss_sigma_rel_err', 'freq_sigma_FitGauss_amplitude-detection', 'freq_sigma_FitGauss_mu-detection', 'freq_sigma_FitGauss_ndof', 'freq_sigma_FitGauss_rms_err']
Aug 24 08:46:37 INFO >> Performing searching on cumulative stack 315.95 49.23
Aug 24 08:46:37 INFO >> Loading the cumulative power spectra stack to search
Aug 24 08:47:07 INFO >> DM: 107.3817479147
Aug 24 08:47:07 INFO >> sigma: 11.28372911
Aug 24 08:47:07 INFO >> frequency: 17.23310905613508
Aug 24 08:47:07 INFO >> Injecting 29 harmonics.
Aug 24 08:47:07 INFO >> Starting DM: 101.40032897335043
Aug 24 08:47:07 INFO >> Stopping DM: 113.34168507999249
Aug 24 08:47:07 INFO >> Expected detection at 10.12 sigma with 8 harmonics.
Aug 24 08:47:19 INFO >> Start searching 6558 dm trials using 32 harmonics.
Aug 24 08:47:26 INFO >> Moved power spectra to shared memory.
Aug 24 08:47:26 INFO >> Number of dm trials in single multi processing job: 10
Aug 24 08:48:17 INFO >> Total number of detections=15662
Aug 24 08:48:17 INFO >> Clustering the detections
Aug 24 08:48:17 INFO >> Starting clustering
Aug 24 08:48:17 INFO >> Rogue harmonic power filter reduced detections from 15662 to 8604
Aug 24 08:48:17 INFO >> Filtering out duplicate freq,dm detections at multiple nharms removes 817 detections
Aug 24 08:48:17 INFO >> Duplicate freq,dm filter reduced detections to 7787
Aug 24 08:48:17 INFO >> Number of detections over threshold sigma (6.0): 7787
Aug 24 08:48:17 INFO >> Grouping duplicate frequencies together first
Aug 24 08:48:17 INFO >> Grouping duplicate frequencies removed 7260 detections from the harmonic metric computation
Aug 24 08:48:17 INFO >> Starting freq-DM distance metric computation
Aug 24 08:48:17 INFO >> Finished freq-DM distance metric computation
Aug 24 08:48:17 INFO >> Largest group size for metric computation is 97
Aug 24 08:48:17 INFO >> Starting harmonic distance metric computation
Aug 24 08:48:18 INFO >> Finished harmonic distance metric computation
Aug 24 08:48:18 INFO >> Starting DBSCAN
Aug 24 08:48:18 INFO >> Finished DBSCAN
Aug 24 08:48:18 INFO >> Clusters found: 76
Aug 24 08:48:18 INFO >> Filtered 32 clusters below or equal 2 DM.
Aug 24 08:48:18 INFO >> Total number of candidate clusters=1
Aug 24 08:48:18 INFO >> Candidate Processor of stack (315.95 49.23)
Aug 24 08:48:18 INFO >> Making SinglePointingCandidates from a list of 1 PowerSpectraDetectionClusters
Aug 24 08:48:21 INFO >> saved candidates to ./results//injections/315.95_49.23_cumulative_power_spectra_stack_20220627_11_new_freq_test.yml_(18,)_candidates.npz
Aug 24 08:48:21 INFO >> Injected Pulsars:     1
Aug 24 08:48:21 INFO >> Injection Candidates: 1
Aug 24 08:48:21 INFO >> Recovered Injections: 1
Aug 24 08:48:21 INFO >> 1 candidates.
Aug 24 08:48:21 INFO >> Best candidate: F0: 17.233 DM: 107.27 Sigma: 9.39
Aug 24 08:48:22 INFO >> Unlinked shared memory for cumulative stack.
Aug 24 08:48:22 INFO >> Pipeline execution time: 1.75 minutes
