Aug 24 04:11:36 INFO >> {"message": "Waiting for suitable server to become available", "selector": "Primary()", "operation": "find", "topologyDescription": "<TopologyDescription id: 66c95d78aa54b2fd0d028700, topology_type: Unknown, servers: [<ServerDescription ('localhost', 27017) server_type: Unknown, rtt: None>]>", "clientId": {"$oid": "66c95d78aa54b2fd0d028700"}, "remainingTimeMS": 29}
Aug 24 04:11:36 INFO >> Features initialized as the following:
Aug 24 04:11:36 INFO >> num_unique_dms
Aug 24 04:11:36 INFO >> num_unique_freqs
Aug 24 04:11:36 INFO >> ndetections
Aug 24 04:11:36 INFO >> nharm
Aug 24 04:11:36 INFO >> log_p_dm
Aug 24 04:11:36 INFO >> ['dm_sigma_FitGaussWidth_gauss_sigma', 'dm_sigma_FitGaussWidth_gauss_sigma_rel_err', 'dm_sigma_FitGaussWidth_ndof', 'dm_sigma_FitGaussWidth_rms_err']
Aug 24 04:11:36 INFO >> ['dm_sigma_FitGauss_amplitude', 'dm_sigma_FitGauss_mu', 'dm_sigma_FitGauss_gauss_sigma', 'dm_sigma_FitGauss_amplitude_rel_err', 'dm_sigma_FitGauss_mu_rel_err', 'dm_sigma_FitGauss_gauss_sigma_rel_err', 'dm_sigma_FitGauss_amplitude-detection', 'dm_sigma_FitGauss_mu-detection', 'dm_sigma_FitGauss_ndof', 'dm_sigma_FitGauss_rms_err']
Aug 24 04:11:36 INFO >> ['freq_sigma_FitGaussWidth_gauss_sigma', 'freq_sigma_FitGaussWidth_gauss_sigma_rel_err', 'freq_sigma_FitGaussWidth_ndof', 'freq_sigma_FitGaussWidth_rms_err']
Aug 24 04:11:36 INFO >> ['freq_sigma_FitGauss_amplitude', 'freq_sigma_FitGauss_mu', 'freq_sigma_FitGauss_gauss_sigma', 'freq_sigma_FitGauss_amplitude_rel_err', 'freq_sigma_FitGauss_mu_rel_err', 'freq_sigma_FitGauss_gauss_sigma_rel_err', 'freq_sigma_FitGauss_amplitude-detection', 'freq_sigma_FitGauss_mu-detection', 'freq_sigma_FitGauss_ndof', 'freq_sigma_FitGauss_rms_err']
Aug 24 04:11:36 INFO >> Performing searching on cumulative stack 315.95 49.23
Aug 24 04:11:36 INFO >> Loading the cumulative power spectra stack to search
Aug 24 04:12:06 INFO >> DM: 107.3817479147
Aug 24 04:12:06 INFO >> sigma: 11.28372911
Aug 24 04:12:06 INFO >> frequency: 61.35907273413169
Aug 24 04:12:06 INFO >> Injecting 8 harmonics.
Aug 24 04:12:06 INFO >> Starting DM: 105.75184009695727
Aug 24 04:12:06 INFO >> Stopping DM: 109.09137188949276
Aug 24 04:12:06 INFO >> Expected detection at 9.47 sigma with 8 harmonics.
Aug 24 04:12:18 INFO >> Start searching 6558 dm trials using 32 harmonics.
Aug 24 04:12:25 INFO >> Moved power spectra to shared memory.
Aug 24 04:12:25 INFO >> Number of dm trials in single multi processing job: 10
Aug 24 04:13:15 INFO >> Total number of detections=15592
Aug 24 04:13:15 INFO >> Clustering the detections
Aug 24 04:13:15 INFO >> Starting clustering
Aug 24 04:13:15 INFO >> Rogue harmonic power filter reduced detections from 15592 to 8534
Aug 24 04:13:15 INFO >> Filtering out duplicate freq,dm detections at multiple nharms removes 793 detections
Aug 24 04:13:15 INFO >> Duplicate freq,dm filter reduced detections to 7741
Aug 24 04:13:15 INFO >> Number of detections over threshold sigma (6.0): 7741
Aug 24 04:13:15 INFO >> Grouping duplicate frequencies together first
Aug 24 04:13:15 INFO >> Grouping duplicate frequencies removed 7218 detections from the harmonic metric computation
Aug 24 04:13:15 INFO >> Starting freq-DM distance metric computation
Aug 24 04:13:15 INFO >> Finished freq-DM distance metric computation
Aug 24 04:13:16 INFO >> Largest group size for metric computation is 97
Aug 24 04:13:16 INFO >> Starting harmonic distance metric computation
Aug 24 04:13:16 INFO >> Finished harmonic distance metric computation
Aug 24 04:13:16 INFO >> Starting DBSCAN
Aug 24 04:13:17 INFO >> Finished DBSCAN
Aug 24 04:13:17 INFO >> Clusters found: 76
Aug 24 04:13:17 INFO >> Filtered 32 clusters below or equal 2 DM.
Aug 24 04:13:17 INFO >> Total number of candidate clusters=1
Aug 24 04:13:17 INFO >> Candidate Processor of stack (315.95 49.23)
Aug 24 04:13:17 INFO >> Making SinglePointingCandidates from a list of 1 PowerSpectraDetectionClusters
Aug 24 04:13:19 INFO >> saved candidates to ./results//injections/315.95_49.23_cumulative_power_spectra_stack_20220627_11_new_freq_test.yml_(60,)_candidates.npz
Aug 24 04:13:19 INFO >> Injected Pulsars:     1
Aug 24 04:13:19 INFO >> Injection Candidates: 1
Aug 24 04:13:19 INFO >> Recovered Injections: 1
Aug 24 04:13:19 INFO >> 1 candidates.
Aug 24 04:13:19 INFO >> Best candidate: F0: 61.359 DM: 107.37 Sigma: 8.60
Aug 24 04:13:20 INFO >> Unlinked shared memory for cumulative stack.
Aug 24 04:13:20 INFO >> Pipeline execution time: 1.74 minutes
