Aug 24 04:49:04 INFO >> {"message": "Waiting for suitable server to become available", "selector": "Primary()", "operation": "find", "topologyDescription": "<TopologyDescription id: 66c966400b785eed34c8dcf0, topology_type: Unknown, servers: [<ServerDescription ('localhost', 27017) server_type: Unknown, rtt: None>]>", "clientId": {"$oid": "66c966400b785eed34c8dcf0"}, "remainingTimeMS": 29}
Aug 24 04:49:04 INFO >> Features initialized as the following:
Aug 24 04:49:04 INFO >> num_unique_dms
Aug 24 04:49:04 INFO >> num_unique_freqs
Aug 24 04:49:04 INFO >> ndetections
Aug 24 04:49:04 INFO >> nharm
Aug 24 04:49:04 INFO >> log_p_dm
Aug 24 04:49:04 INFO >> ['dm_sigma_FitGaussWidth_gauss_sigma', 'dm_sigma_FitGaussWidth_gauss_sigma_rel_err', 'dm_sigma_FitGaussWidth_ndof', 'dm_sigma_FitGaussWidth_rms_err']
Aug 24 04:49:04 INFO >> ['dm_sigma_FitGauss_amplitude', 'dm_sigma_FitGauss_mu', 'dm_sigma_FitGauss_gauss_sigma', 'dm_sigma_FitGauss_amplitude_rel_err', 'dm_sigma_FitGauss_mu_rel_err', 'dm_sigma_FitGauss_gauss_sigma_rel_err', 'dm_sigma_FitGauss_amplitude-detection', 'dm_sigma_FitGauss_mu-detection', 'dm_sigma_FitGauss_ndof', 'dm_sigma_FitGauss_rms_err']
Aug 24 04:49:04 INFO >> ['freq_sigma_FitGaussWidth_gauss_sigma', 'freq_sigma_FitGaussWidth_gauss_sigma_rel_err', 'freq_sigma_FitGaussWidth_ndof', 'freq_sigma_FitGaussWidth_rms_err']
Aug 24 04:49:04 INFO >> ['freq_sigma_FitGauss_amplitude', 'freq_sigma_FitGauss_mu', 'freq_sigma_FitGauss_gauss_sigma', 'freq_sigma_FitGauss_amplitude_rel_err', 'freq_sigma_FitGauss_mu_rel_err', 'freq_sigma_FitGauss_gauss_sigma_rel_err', 'freq_sigma_FitGauss_amplitude-detection', 'freq_sigma_FitGauss_mu-detection', 'freq_sigma_FitGauss_ndof', 'freq_sigma_FitGauss_rms_err']
Aug 24 04:49:04 INFO >> Performing searching on cumulative stack 315.95 49.23
Aug 24 04:49:04 INFO >> Loading the cumulative power spectra stack to search
Aug 24 04:49:35 INFO >> DM: 107.3817479147
Aug 24 04:49:35 INFO >> sigma: 11.28372911
Aug 24 04:49:35 INFO >> frequency: 115.78075137048786
Aug 24 04:49:35 INFO >> Injecting 4 harmonics.
Aug 24 04:49:35 INFO >> Starting DM: 106.46022562870724
Aug 24 04:49:35 INFO >> Stopping DM: 108.28178842463568
Aug 24 04:49:36 INFO >> Expected detection at 10.12 sigma with 4 harmonics.
Aug 24 04:49:46 INFO >> Start searching 6558 dm trials using 32 harmonics.
Aug 24 04:49:53 INFO >> Moved power spectra to shared memory.
Aug 24 04:49:53 INFO >> Number of dm trials in single multi processing job: 10
Aug 24 04:50:43 INFO >> Total number of detections=15595
Aug 24 04:50:43 INFO >> Clustering the detections
Aug 24 04:50:43 INFO >> Starting clustering
Aug 24 04:50:43 INFO >> Rogue harmonic power filter reduced detections from 15595 to 8537
Aug 24 04:50:43 INFO >> Filtering out duplicate freq,dm detections at multiple nharms removes 796 detections
Aug 24 04:50:43 INFO >> Duplicate freq,dm filter reduced detections to 7741
Aug 24 04:50:43 INFO >> Number of detections over threshold sigma (6.0): 7741
Aug 24 04:50:43 INFO >> Grouping duplicate frequencies together first
Aug 24 04:50:43 INFO >> Grouping duplicate frequencies removed 7217 detections from the harmonic metric computation
Aug 24 04:50:43 INFO >> Starting freq-DM distance metric computation
Aug 24 04:50:43 INFO >> Finished freq-DM distance metric computation
Aug 24 04:50:43 INFO >> Largest group size for metric computation is 97
Aug 24 04:50:43 INFO >> Starting harmonic distance metric computation
Aug 24 04:50:44 INFO >> Finished harmonic distance metric computation
Aug 24 04:50:44 INFO >> Starting DBSCAN
Aug 24 04:50:44 INFO >> Finished DBSCAN
Aug 24 04:50:44 INFO >> Clusters found: 76
Aug 24 04:50:44 INFO >> Filtered 32 clusters below or equal 2 DM.
Aug 24 04:50:44 INFO >> Total number of candidate clusters=1
Aug 24 04:50:44 INFO >> Candidate Processor of stack (315.95 49.23)
Aug 24 04:50:44 INFO >> Making SinglePointingCandidates from a list of 1 PowerSpectraDetectionClusters
Aug 24 04:50:47 INFO >> saved candidates to ./results//injections/315.95_49.23_cumulative_power_spectra_stack_20220627_11_new_freq_test.yml_(81,)_candidates.npz
Aug 24 04:50:47 INFO >> Injected Pulsars:     1
Aug 24 04:50:47 INFO >> Injection Candidates: 1
Aug 24 04:50:47 INFO >> Recovered Injections: 1
Aug 24 04:50:47 INFO >> 1 candidates.
Aug 24 04:50:47 INFO >> Best candidate: F0: 115.781 DM: 107.37 Sigma: 10.11
Aug 24 04:50:48 INFO >> Unlinked shared memory for cumulative stack.
Aug 24 04:50:48 INFO >> Pipeline execution time: 1.73 minutes
