Aug 24 04:20:29 INFO >> {"message": "Waiting for suitable server to become available", "selector": "Primary()", "operation": "find", "topologyDescription": "<TopologyDescription id: 66c95f8d0eb73ae64338c1f6, topology_type: Unknown, servers: [<ServerDescription ('localhost', 27017) server_type: Unknown, rtt: None>]>", "clientId": {"$oid": "66c95f8d0eb73ae64338c1f6"}, "remainingTimeMS": 29}
Aug 24 04:20:29 INFO >> Features initialized as the following:
Aug 24 04:20:29 INFO >> num_unique_dms
Aug 24 04:20:29 INFO >> num_unique_freqs
Aug 24 04:20:29 INFO >> ndetections
Aug 24 04:20:29 INFO >> nharm
Aug 24 04:20:29 INFO >> log_p_dm
Aug 24 04:20:29 INFO >> ['dm_sigma_FitGaussWidth_gauss_sigma', 'dm_sigma_FitGaussWidth_gauss_sigma_rel_err', 'dm_sigma_FitGaussWidth_ndof', 'dm_sigma_FitGaussWidth_rms_err']
Aug 24 04:20:29 INFO >> ['dm_sigma_FitGauss_amplitude', 'dm_sigma_FitGauss_mu', 'dm_sigma_FitGauss_gauss_sigma', 'dm_sigma_FitGauss_amplitude_rel_err', 'dm_sigma_FitGauss_mu_rel_err', 'dm_sigma_FitGauss_gauss_sigma_rel_err', 'dm_sigma_FitGauss_amplitude-detection', 'dm_sigma_FitGauss_mu-detection', 'dm_sigma_FitGauss_ndof', 'dm_sigma_FitGauss_rms_err']
Aug 24 04:20:29 INFO >> ['freq_sigma_FitGaussWidth_gauss_sigma', 'freq_sigma_FitGaussWidth_gauss_sigma_rel_err', 'freq_sigma_FitGaussWidth_ndof', 'freq_sigma_FitGaussWidth_rms_err']
Aug 24 04:20:29 INFO >> ['freq_sigma_FitGauss_amplitude', 'freq_sigma_FitGauss_mu', 'freq_sigma_FitGauss_gauss_sigma', 'freq_sigma_FitGauss_amplitude_rel_err', 'freq_sigma_FitGauss_mu_rel_err', 'freq_sigma_FitGauss_gauss_sigma_rel_err', 'freq_sigma_FitGauss_amplitude-detection', 'freq_sigma_FitGauss_mu-detection', 'freq_sigma_FitGauss_ndof', 'freq_sigma_FitGauss_rms_err']
Aug 24 04:20:29 INFO >> Performing searching on cumulative stack 315.95 49.23
Aug 24 04:20:29 INFO >> Loading the cumulative power spectra stack to search
Aug 24 04:21:01 INFO >> DM: 107.3817479147
Aug 24 04:21:01 INFO >> sigma: 11.28372911
Aug 24 04:21:01 INFO >> frequency: 71.37323037957842
Aug 24 04:21:01 INFO >> Injecting 7 harmonics.
Aug 24 04:21:01 INFO >> Starting DM: 105.95423596317157
Aug 24 04:21:01 INFO >> Stopping DM: 108.78777809017136
Aug 24 04:21:01 INFO >> Expected detection at 11.72 sigma with 4 harmonics.
Aug 24 04:21:13 INFO >> Start searching 6558 dm trials using 32 harmonics.
Aug 24 04:21:20 INFO >> Moved power spectra to shared memory.
Aug 24 04:21:20 INFO >> Number of dm trials in single multi processing job: 10
Aug 24 04:22:09 INFO >> Total number of detections=15636
Aug 24 04:22:09 INFO >> Clustering the detections
Aug 24 04:22:09 INFO >> Starting clustering
Aug 24 04:22:09 INFO >> Rogue harmonic power filter reduced detections from 15636 to 8575
Aug 24 04:22:09 INFO >> Filtering out duplicate freq,dm detections at multiple nharms removes 812 detections
Aug 24 04:22:09 INFO >> Duplicate freq,dm filter reduced detections to 7763
Aug 24 04:22:09 INFO >> Number of detections over threshold sigma (6.0): 7763
Aug 24 04:22:10 INFO >> Grouping duplicate frequencies together first
Aug 24 04:22:10 INFO >> Grouping duplicate frequencies removed 7231 detections from the harmonic metric computation
Aug 24 04:22:10 INFO >> Starting freq-DM distance metric computation
Aug 24 04:22:10 INFO >> Finished freq-DM distance metric computation
Aug 24 04:22:10 INFO >> Largest group size for metric computation is 97
Aug 24 04:22:10 INFO >> Starting harmonic distance metric computation
Aug 24 04:22:11 INFO >> Finished harmonic distance metric computation
Aug 24 04:22:11 INFO >> Starting DBSCAN
Aug 24 04:22:11 INFO >> Finished DBSCAN
Aug 24 04:22:11 INFO >> Clusters found: 76
Aug 24 04:22:11 INFO >> Filtered 32 clusters below or equal 2 DM.
Aug 24 04:22:11 INFO >> Total number of candidate clusters=1
Aug 24 04:22:11 INFO >> Candidate Processor of stack (315.95 49.23)
Aug 24 04:22:11 INFO >> Making SinglePointingCandidates from a list of 1 PowerSpectraDetectionClusters
Aug 24 04:22:13 INFO >> saved candidates to ./results//injections/315.95_49.23_cumulative_power_spectra_stack_20220627_11_new_freq_test.yml_(65,)_candidates.npz
Aug 24 04:22:13 INFO >> Injected Pulsars:     1
Aug 24 04:22:13 INFO >> Injection Candidates: 1
Aug 24 04:22:13 INFO >> Recovered Injections: 1
Aug 24 04:22:13 INFO >> 1 candidates.
Aug 24 04:22:13 INFO >> Best candidate: F0: 71.373 DM: 107.37 Sigma: 11.68
Aug 24 04:22:15 INFO >> Unlinked shared memory for cumulative stack.
Aug 24 04:22:15 INFO >> Pipeline execution time: 1.76 minutes
