Aug 24 08:08:51 INFO >> {"message": "Waiting for suitable server to become available", "selector": "Primary()", "operation": "find", "topologyDescription": "<TopologyDescription id: 66c995134eb2344b3d284d40, topology_type: Unknown, servers: [<ServerDescription ('localhost', 27017) server_type: Unknown, rtt: None>]>", "clientId": {"$oid": "66c995134eb2344b3d284d40"}, "remainingTimeMS": 29}
Aug 24 08:08:52 INFO >> Features initialized as the following:
Aug 24 08:08:52 INFO >> num_unique_dms
Aug 24 08:08:52 INFO >> num_unique_freqs
Aug 24 08:08:52 INFO >> ndetections
Aug 24 08:08:52 INFO >> nharm
Aug 24 08:08:52 INFO >> log_p_dm
Aug 24 08:08:52 INFO >> ['dm_sigma_FitGaussWidth_gauss_sigma', 'dm_sigma_FitGaussWidth_gauss_sigma_rel_err', 'dm_sigma_FitGaussWidth_ndof', 'dm_sigma_FitGaussWidth_rms_err']
Aug 24 08:08:52 INFO >> ['dm_sigma_FitGauss_amplitude', 'dm_sigma_FitGauss_mu', 'dm_sigma_FitGauss_gauss_sigma', 'dm_sigma_FitGauss_amplitude_rel_err', 'dm_sigma_FitGauss_mu_rel_err', 'dm_sigma_FitGauss_gauss_sigma_rel_err', 'dm_sigma_FitGauss_amplitude-detection', 'dm_sigma_FitGauss_mu-detection', 'dm_sigma_FitGauss_ndof', 'dm_sigma_FitGauss_rms_err']
Aug 24 08:08:52 INFO >> ['freq_sigma_FitGaussWidth_gauss_sigma', 'freq_sigma_FitGaussWidth_gauss_sigma_rel_err', 'freq_sigma_FitGaussWidth_ndof', 'freq_sigma_FitGaussWidth_rms_err']
Aug 24 08:08:52 INFO >> ['freq_sigma_FitGauss_amplitude', 'freq_sigma_FitGauss_mu', 'freq_sigma_FitGauss_gauss_sigma', 'freq_sigma_FitGauss_amplitude_rel_err', 'freq_sigma_FitGauss_mu_rel_err', 'freq_sigma_FitGauss_gauss_sigma_rel_err', 'freq_sigma_FitGauss_amplitude-detection', 'freq_sigma_FitGauss_mu-detection', 'freq_sigma_FitGauss_ndof', 'freq_sigma_FitGauss_rms_err']
Aug 24 08:08:52 INFO >> Performing searching on cumulative stack 315.95 49.23
Aug 24 08:08:52 INFO >> Loading the cumulative power spectra stack to search
Aug 24 08:09:22 INFO >> DM: 107.3817479147
Aug 24 08:09:22 INFO >> sigma: 11.28372911
Aug 24 08:09:22 INFO >> frequency: 10.0
Aug 24 08:09:22 INFO >> Injecting 50 harmonics.
Aug 24 08:09:22 INFO >> Starting DM: 97.04881784974357
Aug 24 08:09:22 INFO >> Stopping DM: 117.69319620359934
Aug 24 08:09:22 INFO >> Expected detection at 10.99 sigma with 4 harmonics.
Aug 24 08:09:34 INFO >> Start searching 6558 dm trials using 32 harmonics.
Aug 24 08:09:42 INFO >> Moved power spectra to shared memory.
Aug 24 08:09:42 INFO >> Number of dm trials in single multi processing job: 10
Aug 24 08:10:31 INFO >> Total number of detections=15984
Aug 24 08:10:31 INFO >> Clustering the detections
Aug 24 08:10:31 INFO >> Starting clustering
Aug 24 08:10:31 INFO >> Rogue harmonic power filter reduced detections from 15984 to 8926
Aug 24 08:10:31 INFO >> Filtering out duplicate freq,dm detections at multiple nharms removes 971 detections
Aug 24 08:10:31 INFO >> Duplicate freq,dm filter reduced detections to 7955
Aug 24 08:10:31 INFO >> Number of detections over threshold sigma (6.0): 7955
Aug 24 08:10:31 INFO >> Grouping duplicate frequencies together first
Aug 24 08:10:31 INFO >> Grouping duplicate frequencies removed 7406 detections from the harmonic metric computation
Aug 24 08:10:31 INFO >> Starting freq-DM distance metric computation
Aug 24 08:10:32 INFO >> Finished freq-DM distance metric computation
Aug 24 08:10:32 INFO >> Largest group size for metric computation is 97
Aug 24 08:10:32 INFO >> Starting harmonic distance metric computation
Aug 24 08:10:33 INFO >> Finished harmonic distance metric computation
Aug 24 08:10:33 INFO >> Starting DBSCAN
Aug 24 08:10:33 INFO >> Finished DBSCAN
Aug 24 08:10:33 INFO >> Clusters found: 76
Aug 24 08:10:33 INFO >> Filtered 32 clusters below or equal 2 DM.
Aug 24 08:10:33 INFO >> Total number of candidate clusters=1
Aug 24 08:10:33 INFO >> Candidate Processor of stack (315.95 49.23)
Aug 24 08:10:33 INFO >> Making SinglePointingCandidates from a list of 1 PowerSpectraDetectionClusters
Aug 24 08:10:35 INFO >> saved candidates to ./results//injections/315.95_49.23_cumulative_power_spectra_stack_20220627_11_new_freq_test.yml_(0,)_candidates.npz
Aug 24 08:10:35 INFO >> Injected Pulsars:     1
Aug 24 08:10:35 INFO >> Injection Candidates: 1
Aug 24 08:10:35 INFO >> Recovered Injections: 1
Aug 24 08:10:35 INFO >> 1 candidates.
Aug 24 08:10:35 INFO >> Best candidate: F0: 10.000 DM: 107.37 Sigma: 11.00
Aug 24 08:10:37 INFO >> Unlinked shared memory for cumulative stack.
Aug 24 08:10:37 INFO >> Pipeline execution time: 1.76 minutes
