Sep 02 05:16:09 INFO >> {"message": "Waiting for suitable server to become available", "selector": "Primary()", "operation": "find", "topologyDescription": "<TopologyDescription id: 66d54a1970cdfacd69c27740, topology_type: Unknown, servers: [<ServerDescription ('localhost', 27017) server_type: Unknown, rtt: None>]>", "clientId": {"$oid": "66d54a1970cdfacd69c27740"}, "remainingTimeMS": 29}
Sep 02 05:16:09 INFO >> Features initialized as the following:
Sep 02 05:16:09 INFO >> num_unique_dms
Sep 02 05:16:09 INFO >> num_unique_freqs
Sep 02 05:16:09 INFO >> ndetections
Sep 02 05:16:09 INFO >> nharm
Sep 02 05:16:09 INFO >> log_p_dm
Sep 02 05:16:09 INFO >> ['dm_sigma_FitGaussWidth_gauss_sigma', 'dm_sigma_FitGaussWidth_gauss_sigma_rel_err', 'dm_sigma_FitGaussWidth_ndof', 'dm_sigma_FitGaussWidth_rms_err']
Sep 02 05:16:09 INFO >> ['dm_sigma_FitGauss_amplitude', 'dm_sigma_FitGauss_mu', 'dm_sigma_FitGauss_gauss_sigma', 'dm_sigma_FitGauss_amplitude_rel_err', 'dm_sigma_FitGauss_mu_rel_err', 'dm_sigma_FitGauss_gauss_sigma_rel_err', 'dm_sigma_FitGauss_amplitude-detection', 'dm_sigma_FitGauss_mu-detection', 'dm_sigma_FitGauss_ndof', 'dm_sigma_FitGauss_rms_err']
Sep 02 05:16:09 INFO >> ['freq_sigma_FitGaussWidth_gauss_sigma', 'freq_sigma_FitGaussWidth_gauss_sigma_rel_err', 'freq_sigma_FitGaussWidth_ndof', 'freq_sigma_FitGaussWidth_rms_err']
Sep 02 05:16:09 INFO >> ['freq_sigma_FitGauss_amplitude', 'freq_sigma_FitGauss_mu', 'freq_sigma_FitGauss_gauss_sigma', 'freq_sigma_FitGauss_amplitude_rel_err', 'freq_sigma_FitGauss_mu_rel_err', 'freq_sigma_FitGauss_gauss_sigma_rel_err', 'freq_sigma_FitGauss_amplitude-detection', 'freq_sigma_FitGauss_mu-detection', 'freq_sigma_FitGauss_ndof', 'freq_sigma_FitGauss_rms_err']
Sep 02 05:16:09 INFO >> Performing searching on cumulative stack 315.95 49.23
Sep 02 05:16:09 INFO >> Loading the cumulative power spectra stack to search
Sep 02 05:17:07 INFO >> DM: 80.5673279896906
Sep 02 05:17:07 INFO >> sigma: 14.86565051892235
Sep 02 05:17:07 INFO >> frequency: 87.71619027904809
Sep 02 05:17:07 INFO >> Injecting 5 harmonics.
Sep 02 05:17:07 INFO >> Starting DM: 79.44037748910188
Sep 02 05:17:07 INFO >> Stopping DM: 81.767929950566
Sep 02 05:17:07 INFO >> Expected detection at 10.08 sigma with 4 harmonics.
Sep 02 05:17:21 INFO >> Start searching 6558 dm trials using 32 harmonics.
Sep 02 05:17:27 INFO >> Moved power spectra to shared memory.
Sep 02 05:17:27 INFO >> Number of dm trials in single multi processing job: 10
Sep 02 05:18:07 INFO >> Total number of detections=15600
Sep 02 05:18:07 INFO >> Clustering the detections
Sep 02 05:18:07 INFO >> Starting clustering
Sep 02 05:18:07 INFO >> Rogue harmonic power filter reduced detections from 15600 to 8542
Sep 02 05:18:07 INFO >> Filtering out duplicate freq,dm detections at multiple nharms removes 790 detections
Sep 02 05:18:07 INFO >> Duplicate freq,dm filter reduced detections to 7752
Sep 02 05:18:07 INFO >> Number of detections over threshold sigma (6.0): 7752
Sep 02 05:18:07 INFO >> Grouping duplicate frequencies together first
Sep 02 05:18:07 INFO >> Grouping duplicate frequencies removed 7224 detections from the harmonic metric computation
Sep 02 05:18:07 INFO >> Starting freq-DM distance metric computation
Sep 02 05:18:08 INFO >> Finished freq-DM distance metric computation
Sep 02 05:18:08 INFO >> Largest group size for metric computation is 97
Sep 02 05:18:08 INFO >> Starting harmonic distance metric computation
Sep 02 05:18:09 INFO >> Finished harmonic distance metric computation
Sep 02 05:18:09 INFO >> Starting DBSCAN
Sep 02 05:18:09 INFO >> Finished DBSCAN
Sep 02 05:18:09 INFO >> Clusters found: 76
Sep 02 05:18:09 INFO >> Filtered 32 clusters below or equal 2 DM.
Sep 02 05:18:09 INFO >> Total number of candidate clusters=1
Sep 02 05:18:09 INFO >> Candidate Processor of stack (315.95 49.23)
Sep 02 05:18:09 INFO >> Making SinglePointingCandidates from a list of 1 PowerSpectraDetectionClusters
Sep 02 05:18:11 INFO >> saved candidates to ./results//injections/315.95_49.23_cumulative_power_spectra_stack_20220627_11_tpa.yml_(74,)_candidates.npz
Sep 02 05:18:11 INFO >> Injected Pulsars:     1
Sep 02 05:18:11 INFO >> Injection Candidates: 1
Sep 02 05:18:11 INFO >> Recovered Injections: 1
Sep 02 05:18:11 INFO >> 1 candidates.
Sep 02 05:18:11 INFO >> Best candidate: F0: 87.716 DM: 80.55 Sigma: 10.07
Sep 02 05:18:12 INFO >> Unlinked shared memory for cumulative stack.
Sep 02 05:18:12 INFO >> Pipeline execution time: 2.05 minutes
