Sep 02 14:20:11 INFO >> {"message": "Waiting for suitable server to become available", "selector": "Primary()", "operation": "find", "topologyDescription": "<TopologyDescription id: 66d5c99b9e10d86b6fb6134a, topology_type: Unknown, servers: [<ServerDescription ('localhost', 27017) server_type: Unknown, rtt: None>]>", "clientId": {"$oid": "66d5c99b9e10d86b6fb6134a"}, "remainingTimeMS": 29}
Sep 02 14:20:11 INFO >> Features initialized as the following:
Sep 02 14:20:11 INFO >> num_unique_dms
Sep 02 14:20:11 INFO >> num_unique_freqs
Sep 02 14:20:11 INFO >> ndetections
Sep 02 14:20:11 INFO >> nharm
Sep 02 14:20:11 INFO >> log_p_dm
Sep 02 14:20:11 INFO >> ['dm_sigma_FitGaussWidth_gauss_sigma', 'dm_sigma_FitGaussWidth_gauss_sigma_rel_err', 'dm_sigma_FitGaussWidth_ndof', 'dm_sigma_FitGaussWidth_rms_err']
Sep 02 14:20:11 INFO >> ['dm_sigma_FitGauss_amplitude', 'dm_sigma_FitGauss_mu', 'dm_sigma_FitGauss_gauss_sigma', 'dm_sigma_FitGauss_amplitude_rel_err', 'dm_sigma_FitGauss_mu_rel_err', 'dm_sigma_FitGauss_gauss_sigma_rel_err', 'dm_sigma_FitGauss_amplitude-detection', 'dm_sigma_FitGauss_mu-detection', 'dm_sigma_FitGauss_ndof', 'dm_sigma_FitGauss_rms_err']
Sep 02 14:20:11 INFO >> ['freq_sigma_FitGaussWidth_gauss_sigma', 'freq_sigma_FitGaussWidth_gauss_sigma_rel_err', 'freq_sigma_FitGaussWidth_ndof', 'freq_sigma_FitGaussWidth_rms_err']
Sep 02 14:20:11 INFO >> ['freq_sigma_FitGauss_amplitude', 'freq_sigma_FitGauss_mu', 'freq_sigma_FitGauss_gauss_sigma', 'freq_sigma_FitGauss_amplitude_rel_err', 'freq_sigma_FitGauss_mu_rel_err', 'freq_sigma_FitGauss_gauss_sigma_rel_err', 'freq_sigma_FitGauss_amplitude-detection', 'freq_sigma_FitGauss_mu-detection', 'freq_sigma_FitGauss_ndof', 'freq_sigma_FitGauss_rms_err']
Sep 02 14:20:11 INFO >> Performing searching on cumulative stack 315.95 49.23
Sep 02 14:20:11 INFO >> Loading the cumulative power spectra stack to search
Sep 02 14:21:08 INFO >> DM: 45.634795031475825
Sep 02 14:21:08 INFO >> sigma: 15.997393697050583
Sep 02 14:21:08 INFO >> frequency: 12.227999024269192
Sep 02 14:21:08 INFO >> Injecting 41 harmonics.
Sep 02 14:21:08 INFO >> Starting DM: 37.2408393834261
Sep 02 14:21:08 INFO >> Stopping DM: 54.03969627921071
Sep 02 14:21:08 INFO >> Expected detection at 13.19 sigma with 16 harmonics.
Sep 02 14:21:22 INFO >> Start searching 6558 dm trials using 32 harmonics.
Sep 02 14:21:28 INFO >> Moved power spectra to shared memory.
Sep 02 14:21:28 INFO >> Number of dm trials in single multi processing job: 10
Sep 02 14:22:10 INFO >> Total number of detections=15759
Sep 02 14:22:10 INFO >> Clustering the detections
Sep 02 14:22:10 INFO >> Starting clustering
Sep 02 14:22:10 INFO >> Rogue harmonic power filter reduced detections from 15759 to 8701
Sep 02 14:22:10 INFO >> Filtering out duplicate freq,dm detections at multiple nharms removes 864 detections
Sep 02 14:22:10 INFO >> Duplicate freq,dm filter reduced detections to 7837
Sep 02 14:22:10 INFO >> Number of detections over threshold sigma (6.0): 7837
Sep 02 14:22:10 INFO >> Grouping duplicate frequencies together first
Sep 02 14:22:10 INFO >> Grouping duplicate frequencies removed 7297 detections from the harmonic metric computation
Sep 02 14:22:10 INFO >> Starting freq-DM distance metric computation
Sep 02 14:22:10 INFO >> Finished freq-DM distance metric computation
Sep 02 14:22:11 INFO >> Largest group size for metric computation is 97
Sep 02 14:22:11 INFO >> Starting harmonic distance metric computation
Sep 02 14:22:11 INFO >> Finished harmonic distance metric computation
Sep 02 14:22:11 INFO >> Starting DBSCAN
Sep 02 14:22:12 INFO >> Finished DBSCAN
Sep 02 14:22:12 INFO >> Clusters found: 76
Sep 02 14:22:12 INFO >> Filtered 32 clusters below or equal 2 DM.
Sep 02 14:22:12 INFO >> Total number of candidate clusters=1
Sep 02 14:22:12 INFO >> Candidate Processor of stack (315.95 49.23)
Sep 02 14:22:12 INFO >> Making SinglePointingCandidates from a list of 1 PowerSpectraDetectionClusters
Sep 02 14:22:14 INFO >> saved candidates to ./results//injections/315.95_49.23_cumulative_power_spectra_stack_20220627_11_tpa.yml_(334,)_candidates.npz
Sep 02 14:22:14 INFO >> Injected Pulsars:     1
Sep 02 14:22:14 INFO >> Injection Candidates: 1
Sep 02 14:22:14 INFO >> Recovered Injections: 1
Sep 02 14:22:14 INFO >> 1 candidates.
Sep 02 14:22:14 INFO >> Best candidate: F0: 12.228 DM: 45.64 Sigma: 12.45
Sep 02 14:22:15 INFO >> Unlinked shared memory for cumulative stack.
Sep 02 14:22:15 INFO >> Pipeline execution time: 2.07 minutes
