Sep 02 22:46:41 INFO >> {"message": "Waiting for suitable server to become available", "selector": "Primary()", "operation": "find", "topologyDescription": "<TopologyDescription id: 66d640517fc8d694417d2d04, topology_type: Unknown, servers: [<ServerDescription ('localhost', 27017) server_type: Unknown, rtt: None>]>", "clientId": {"$oid": "66d640517fc8d694417d2d04"}, "remainingTimeMS": 29}
Sep 02 22:46:41 INFO >> Features initialized as the following:
Sep 02 22:46:41 INFO >> num_unique_dms
Sep 02 22:46:41 INFO >> num_unique_freqs
Sep 02 22:46:41 INFO >> ndetections
Sep 02 22:46:41 INFO >> nharm
Sep 02 22:46:41 INFO >> log_p_dm
Sep 02 22:46:41 INFO >> ['dm_sigma_FitGaussWidth_gauss_sigma', 'dm_sigma_FitGaussWidth_gauss_sigma_rel_err', 'dm_sigma_FitGaussWidth_ndof', 'dm_sigma_FitGaussWidth_rms_err']
Sep 02 22:46:41 INFO >> ['dm_sigma_FitGauss_amplitude', 'dm_sigma_FitGauss_mu', 'dm_sigma_FitGauss_gauss_sigma', 'dm_sigma_FitGauss_amplitude_rel_err', 'dm_sigma_FitGauss_mu_rel_err', 'dm_sigma_FitGauss_gauss_sigma_rel_err', 'dm_sigma_FitGauss_amplitude-detection', 'dm_sigma_FitGauss_mu-detection', 'dm_sigma_FitGauss_ndof', 'dm_sigma_FitGauss_rms_err']
Sep 02 22:46:41 INFO >> ['freq_sigma_FitGaussWidth_gauss_sigma', 'freq_sigma_FitGaussWidth_gauss_sigma_rel_err', 'freq_sigma_FitGaussWidth_ndof', 'freq_sigma_FitGaussWidth_rms_err']
Sep 02 22:46:41 INFO >> ['freq_sigma_FitGauss_amplitude', 'freq_sigma_FitGauss_mu', 'freq_sigma_FitGauss_gauss_sigma', 'freq_sigma_FitGauss_amplitude_rel_err', 'freq_sigma_FitGauss_mu_rel_err', 'freq_sigma_FitGauss_gauss_sigma_rel_err', 'freq_sigma_FitGauss_amplitude-detection', 'freq_sigma_FitGauss_mu-detection', 'freq_sigma_FitGauss_ndof', 'freq_sigma_FitGauss_rms_err']
Sep 02 22:46:41 INFO >> Performing searching on cumulative stack 315.95 49.23
Sep 02 22:46:41 INFO >> Loading the cumulative power spectra stack to search
Sep 02 22:47:38 INFO >> DM: 179.67708955284724
Sep 02 22:47:38 INFO >> sigma: 11.406819364919418
Sep 02 22:47:38 INFO >> frequency: 16.767616759649222
Sep 02 22:47:38 INFO >> Injecting 30 harmonics.
Sep 02 22:47:38 INFO >> Starting DM: 173.5544552787385
Sep 02 22:47:38 INFO >> Stopping DM: 185.79940518470195
Sep 02 22:47:38 INFO >> Expected detection at 9.51 sigma with 16 harmonics.
Sep 02 22:47:52 INFO >> Start searching 6558 dm trials using 32 harmonics.
Sep 02 22:47:58 INFO >> Moved power spectra to shared memory.
Sep 02 22:47:58 INFO >> Number of dm trials in single multi processing job: 10
Sep 02 22:48:38 INFO >> Total number of detections=15632
Sep 02 22:48:38 INFO >> Clustering the detections
Sep 02 22:48:38 INFO >> Starting clustering
Sep 02 22:48:38 INFO >> Rogue harmonic power filter reduced detections from 15632 to 8574
Sep 02 22:48:38 INFO >> Filtering out duplicate freq,dm detections at multiple nharms removes 805 detections
Sep 02 22:48:38 INFO >> Duplicate freq,dm filter reduced detections to 7769
Sep 02 22:48:38 INFO >> Number of detections over threshold sigma (6.0): 7769
Sep 02 22:48:38 INFO >> Grouping duplicate frequencies together first
Sep 02 22:48:39 INFO >> Grouping duplicate frequencies removed 7243 detections from the harmonic metric computation
Sep 02 22:48:39 INFO >> Starting freq-DM distance metric computation
Sep 02 22:48:39 INFO >> Finished freq-DM distance metric computation
Sep 02 22:48:39 INFO >> Largest group size for metric computation is 97
Sep 02 22:48:39 INFO >> Starting harmonic distance metric computation
Sep 02 22:48:40 INFO >> Finished harmonic distance metric computation
Sep 02 22:48:40 INFO >> Starting DBSCAN
Sep 02 22:48:40 INFO >> Finished DBSCAN
Sep 02 22:48:40 INFO >> Clusters found: 76
Sep 02 22:48:40 INFO >> Filtered 32 clusters below or equal 2 DM.
Sep 02 22:48:40 INFO >> Total number of candidate clusters=1
Sep 02 22:48:40 INFO >> Candidate Processor of stack (315.95 49.23)
Sep 02 22:48:40 INFO >> Making SinglePointingCandidates from a list of 1 PowerSpectraDetectionClusters
Sep 02 22:48:42 INFO >> saved candidates to ./results//injections/315.95_49.23_cumulative_power_spectra_stack_20220627_11_tpa.yml_(576,)_candidates.npz
Sep 02 22:48:42 INFO >> Injected Pulsars:     1
Sep 02 22:48:42 INFO >> Injection Candidates: 1
Sep 02 22:48:42 INFO >> Recovered Injections: 1
Sep 02 22:48:42 INFO >> 1 candidates.
Sep 02 22:48:42 INFO >> Best candidate: F0: 16.768 DM: 179.73 Sigma: 10.46
Sep 02 22:48:44 INFO >> Unlinked shared memory for cumulative stack.
Sep 02 22:48:44 INFO >> Pipeline execution time: 2.05 minutes
