Sep 02 11:24:27 INFO >> {"message": "Waiting for suitable server to become available", "selector": "Primary()", "operation": "find", "topologyDescription": "<TopologyDescription id: 66d5a06bab79963b1b782bf4, topology_type: Unknown, servers: [<ServerDescription ('localhost', 27017) server_type: Unknown, rtt: None>]>", "clientId": {"$oid": "66d5a06bab79963b1b782bf4"}, "remainingTimeMS": 29}
Sep 02 11:24:27 INFO >> Features initialized as the following:
Sep 02 11:24:27 INFO >> num_unique_dms
Sep 02 11:24:27 INFO >> num_unique_freqs
Sep 02 11:24:27 INFO >> ndetections
Sep 02 11:24:27 INFO >> nharm
Sep 02 11:24:27 INFO >> log_p_dm
Sep 02 11:24:27 INFO >> ['dm_sigma_FitGaussWidth_gauss_sigma', 'dm_sigma_FitGaussWidth_gauss_sigma_rel_err', 'dm_sigma_FitGaussWidth_ndof', 'dm_sigma_FitGaussWidth_rms_err']
Sep 02 11:24:27 INFO >> ['dm_sigma_FitGauss_amplitude', 'dm_sigma_FitGauss_mu', 'dm_sigma_FitGauss_gauss_sigma', 'dm_sigma_FitGauss_amplitude_rel_err', 'dm_sigma_FitGauss_mu_rel_err', 'dm_sigma_FitGauss_gauss_sigma_rel_err', 'dm_sigma_FitGauss_amplitude-detection', 'dm_sigma_FitGauss_mu-detection', 'dm_sigma_FitGauss_ndof', 'dm_sigma_FitGauss_rms_err']
Sep 02 11:24:27 INFO >> ['freq_sigma_FitGaussWidth_gauss_sigma', 'freq_sigma_FitGaussWidth_gauss_sigma_rel_err', 'freq_sigma_FitGaussWidth_ndof', 'freq_sigma_FitGaussWidth_rms_err']
Sep 02 11:24:27 INFO >> ['freq_sigma_FitGauss_amplitude', 'freq_sigma_FitGauss_mu', 'freq_sigma_FitGauss_gauss_sigma', 'freq_sigma_FitGauss_amplitude_rel_err', 'freq_sigma_FitGauss_mu_rel_err', 'freq_sigma_FitGauss_gauss_sigma_rel_err', 'freq_sigma_FitGauss_amplitude-detection', 'freq_sigma_FitGauss_mu-detection', 'freq_sigma_FitGauss_ndof', 'freq_sigma_FitGauss_rms_err']
Sep 02 11:24:27 INFO >> Performing searching on cumulative stack 315.95 49.23
Sep 02 11:24:27 INFO >> Loading the cumulative power spectra stack to search
Sep 02 11:25:25 INFO >> DM: 57.51677118634982
Sep 02 11:25:25 INFO >> sigma: 13.603911359994575
Sep 02 11:25:25 INFO >> frequency: 24.619381336201734
Sep 02 11:25:25 INFO >> Injecting 20 harmonics.
Sep 02 11:25:25 INFO >> Starting DM: 53.331310747460755
Sep 02 11:25:25 INFO >> Stopping DM: 61.73073919535305
Sep 02 11:25:25 INFO >> Expected detection at 10.98 sigma with 16 harmonics.
Sep 02 11:25:39 INFO >> Start searching 6558 dm trials using 32 harmonics.
Sep 02 11:25:44 INFO >> Moved power spectra to shared memory.
Sep 02 11:25:44 INFO >> Number of dm trials in single multi processing job: 10
Sep 02 11:26:25 INFO >> Total number of detections=15618
Sep 02 11:26:25 INFO >> Clustering the detections
Sep 02 11:26:25 INFO >> Starting clustering
Sep 02 11:26:25 INFO >> Rogue harmonic power filter reduced detections from 15618 to 8560
Sep 02 11:26:25 INFO >> Filtering out duplicate freq,dm detections at multiple nharms removes 797 detections
Sep 02 11:26:25 INFO >> Duplicate freq,dm filter reduced detections to 7763
Sep 02 11:26:25 INFO >> Number of detections over threshold sigma (6.0): 7763
Sep 02 11:26:25 INFO >> Grouping duplicate frequencies together first
Sep 02 11:26:25 INFO >> Grouping duplicate frequencies removed 7231 detections from the harmonic metric computation
Sep 02 11:26:25 INFO >> Starting freq-DM distance metric computation
Sep 02 11:26:25 INFO >> Finished freq-DM distance metric computation
Sep 02 11:26:26 INFO >> Largest group size for metric computation is 97
Sep 02 11:26:26 INFO >> Starting harmonic distance metric computation
Sep 02 11:26:26 INFO >> Finished harmonic distance metric computation
Sep 02 11:26:26 INFO >> Starting DBSCAN
Sep 02 11:26:26 INFO >> Finished DBSCAN
Sep 02 11:26:26 INFO >> Clusters found: 76
Sep 02 11:26:26 INFO >> Filtered 32 clusters below or equal 2 DM.
Sep 02 11:26:26 INFO >> Total number of candidate clusters=1
Sep 02 11:26:26 INFO >> Candidate Processor of stack (315.95 49.23)
Sep 02 11:26:26 INFO >> Making SinglePointingCandidates from a list of 1 PowerSpectraDetectionClusters
Sep 02 11:26:29 INFO >> saved candidates to ./results//injections/315.95_49.23_cumulative_power_spectra_stack_20220627_11_tpa.yml_(250,)_candidates.npz
Sep 02 11:26:29 INFO >> Injected Pulsars:     1
Sep 02 11:26:29 INFO >> Injection Candidates: 1
Sep 02 11:26:29 INFO >> Recovered Injections: 1
Sep 02 11:26:29 INFO >> 1 candidates.
Sep 02 11:26:29 INFO >> Best candidate: F0: 24.619 DM: 57.48 Sigma: 10.66
Sep 02 11:26:30 INFO >> Unlinked shared memory for cumulative stack.
Sep 02 11:26:30 INFO >> Pipeline execution time: 2.06 minutes
