Sep 02 03:35:47 INFO >> {"message": "Waiting for suitable server to become available", "selector": "Primary()", "operation": "find", "topologyDescription": "<TopologyDescription id: 66d532935d28297ef6969e21, topology_type: Unknown, servers: [<ServerDescription ('localhost', 27017) server_type: Unknown, rtt: None>]>", "clientId": {"$oid": "66d532935d28297ef6969e21"}, "remainingTimeMS": 29}
Sep 02 03:35:47 INFO >> Features initialized as the following:
Sep 02 03:35:47 INFO >> num_unique_dms
Sep 02 03:35:47 INFO >> num_unique_freqs
Sep 02 03:35:47 INFO >> ndetections
Sep 02 03:35:47 INFO >> nharm
Sep 02 03:35:47 INFO >> log_p_dm
Sep 02 03:35:47 INFO >> ['dm_sigma_FitGaussWidth_gauss_sigma', 'dm_sigma_FitGaussWidth_gauss_sigma_rel_err', 'dm_sigma_FitGaussWidth_ndof', 'dm_sigma_FitGaussWidth_rms_err']
Sep 02 03:35:47 INFO >> ['dm_sigma_FitGauss_amplitude', 'dm_sigma_FitGauss_mu', 'dm_sigma_FitGauss_gauss_sigma', 'dm_sigma_FitGauss_amplitude_rel_err', 'dm_sigma_FitGauss_mu_rel_err', 'dm_sigma_FitGauss_gauss_sigma_rel_err', 'dm_sigma_FitGauss_amplitude-detection', 'dm_sigma_FitGauss_mu-detection', 'dm_sigma_FitGauss_ndof', 'dm_sigma_FitGauss_rms_err']
Sep 02 03:35:47 INFO >> ['freq_sigma_FitGaussWidth_gauss_sigma', 'freq_sigma_FitGaussWidth_gauss_sigma_rel_err', 'freq_sigma_FitGaussWidth_ndof', 'freq_sigma_FitGaussWidth_rms_err']
Sep 02 03:35:47 INFO >> ['freq_sigma_FitGauss_amplitude', 'freq_sigma_FitGauss_mu', 'freq_sigma_FitGauss_gauss_sigma', 'freq_sigma_FitGauss_amplitude_rel_err', 'freq_sigma_FitGauss_mu_rel_err', 'freq_sigma_FitGauss_gauss_sigma_rel_err', 'freq_sigma_FitGauss_amplitude-detection', 'freq_sigma_FitGauss_mu-detection', 'freq_sigma_FitGauss_ndof', 'freq_sigma_FitGauss_rms_err']
Sep 02 03:35:48 INFO >> Performing searching on cumulative stack 315.95 49.23
Sep 02 03:35:48 INFO >> Loading the cumulative power spectra stack to search
Sep 02 03:36:45 INFO >> DM: 71.88461127459739
Sep 02 03:36:45 INFO >> sigma: 12.225613783042895
Sep 02 03:36:45 INFO >> frequency: 93.24528104009704
Sep 02 03:36:45 INFO >> Injecting 5 harmonics.
Sep 02 03:36:45 INFO >> Starting DM: 70.73735524188817
Sep 02 03:36:45 INFO >> Stopping DM: 72.96370977024517
Sep 02 03:36:45 INFO >> Expected detection at 8.98 sigma with 4 harmonics.
Sep 02 03:36:59 INFO >> Start searching 6558 dm trials using 32 harmonics.
Sep 02 03:37:04 INFO >> Moved power spectra to shared memory.
Sep 02 03:37:04 INFO >> Number of dm trials in single multi processing job: 10
Sep 02 03:37:45 INFO >> Total number of detections=15594
Sep 02 03:37:45 INFO >> Clustering the detections
Sep 02 03:37:45 INFO >> Starting clustering
Sep 02 03:37:45 INFO >> Rogue harmonic power filter reduced detections from 15594 to 8536
Sep 02 03:37:45 INFO >> Filtering out duplicate freq,dm detections at multiple nharms removes 792 detections
Sep 02 03:37:45 INFO >> Duplicate freq,dm filter reduced detections to 7744
Sep 02 03:37:45 INFO >> Number of detections over threshold sigma (6.0): 7744
Sep 02 03:37:45 INFO >> Grouping duplicate frequencies together first
Sep 02 03:37:45 INFO >> Grouping duplicate frequencies removed 7218 detections from the harmonic metric computation
Sep 02 03:37:45 INFO >> Starting freq-DM distance metric computation
Sep 02 03:37:45 INFO >> Finished freq-DM distance metric computation
Sep 02 03:37:45 INFO >> Largest group size for metric computation is 97
Sep 02 03:37:45 INFO >> Starting harmonic distance metric computation
Sep 02 03:37:46 INFO >> Finished harmonic distance metric computation
Sep 02 03:37:46 INFO >> Starting DBSCAN
Sep 02 03:37:46 INFO >> Finished DBSCAN
Sep 02 03:37:46 INFO >> Clusters found: 76
Sep 02 03:37:46 INFO >> Filtered 32 clusters below or equal 2 DM.
Sep 02 03:37:46 INFO >> Total number of candidate clusters=1
Sep 02 03:37:46 INFO >> Candidate Processor of stack (315.95 49.23)
Sep 02 03:37:46 INFO >> Making SinglePointingCandidates from a list of 1 PowerSpectraDetectionClusters
Sep 02 03:37:48 INFO >> saved candidates to ./results//injections/315.95_49.23_cumulative_power_spectra_stack_20220627_11_tpa.yml_(26,)_candidates.npz
Sep 02 03:37:48 INFO >> Injected Pulsars:     1
Sep 02 03:37:48 INFO >> Injection Candidates: 1
Sep 02 03:37:48 INFO >> Recovered Injections: 1
Sep 02 03:37:48 INFO >> 1 candidates.
Sep 02 03:37:48 INFO >> Best candidate: F0: 93.245 DM: 71.85 Sigma: 9.65
Sep 02 03:37:50 INFO >> Unlinked shared memory for cumulative stack.
Sep 02 03:37:50 INFO >> Pipeline execution time: 2.04 minutes
