Sep 02 11:37:00 INFO >> {"message": "Waiting for suitable server to become available", "selector": "Primary()", "operation": "find", "topologyDescription": "<TopologyDescription id: 66d5a35c2c66320aae324585, topology_type: Unknown, servers: [<ServerDescription ('localhost', 27017) server_type: Unknown, rtt: None>]>", "clientId": {"$oid": "66d5a35c2c66320aae324585"}, "remainingTimeMS": 29}
Sep 02 11:37:00 INFO >> Features initialized as the following:
Sep 02 11:37:00 INFO >> num_unique_dms
Sep 02 11:37:00 INFO >> num_unique_freqs
Sep 02 11:37:00 INFO >> ndetections
Sep 02 11:37:00 INFO >> nharm
Sep 02 11:37:00 INFO >> log_p_dm
Sep 02 11:37:00 INFO >> ['dm_sigma_FitGaussWidth_gauss_sigma', 'dm_sigma_FitGaussWidth_gauss_sigma_rel_err', 'dm_sigma_FitGaussWidth_ndof', 'dm_sigma_FitGaussWidth_rms_err']
Sep 02 11:37:00 INFO >> ['dm_sigma_FitGauss_amplitude', 'dm_sigma_FitGauss_mu', 'dm_sigma_FitGauss_gauss_sigma', 'dm_sigma_FitGauss_amplitude_rel_err', 'dm_sigma_FitGauss_mu_rel_err', 'dm_sigma_FitGauss_gauss_sigma_rel_err', 'dm_sigma_FitGauss_amplitude-detection', 'dm_sigma_FitGauss_mu-detection', 'dm_sigma_FitGauss_ndof', 'dm_sigma_FitGauss_rms_err']
Sep 02 11:37:00 INFO >> ['freq_sigma_FitGaussWidth_gauss_sigma', 'freq_sigma_FitGaussWidth_gauss_sigma_rel_err', 'freq_sigma_FitGaussWidth_ndof', 'freq_sigma_FitGaussWidth_rms_err']
Sep 02 11:37:00 INFO >> ['freq_sigma_FitGauss_amplitude', 'freq_sigma_FitGauss_mu', 'freq_sigma_FitGauss_gauss_sigma', 'freq_sigma_FitGauss_amplitude_rel_err', 'freq_sigma_FitGauss_mu_rel_err', 'freq_sigma_FitGauss_gauss_sigma_rel_err', 'freq_sigma_FitGauss_amplitude-detection', 'freq_sigma_FitGauss_mu-detection', 'freq_sigma_FitGauss_ndof', 'freq_sigma_FitGauss_rms_err']
Sep 02 11:37:01 INFO >> Performing searching on cumulative stack 315.95 49.23
Sep 02 11:37:01 INFO >> Loading the cumulative power spectra stack to search
Sep 02 11:37:58 INFO >> DM: 120.98545506266278
Sep 02 11:37:58 INFO >> sigma: 12.089242508609662
Sep 02 11:37:58 INFO >> frequency: 39.298670860268906
Sep 02 11:37:58 INFO >> Injecting 12 harmonics.
Sep 02 11:37:58 INFO >> Starting DM: 118.4015817353493
Sep 02 11:37:58 INFO >> Stopping DM: 123.56267632381324
Sep 02 11:37:58 INFO >> Expected detection at 10.78 sigma with 8 harmonics.
Sep 02 11:38:12 INFO >> Start searching 6558 dm trials using 32 harmonics.
Sep 02 11:38:18 INFO >> Moved power spectra to shared memory.
Sep 02 11:38:18 INFO >> Number of dm trials in single multi processing job: 10
Sep 02 11:38:58 INFO >> Total number of detections=15600
Sep 02 11:38:58 INFO >> Clustering the detections
Sep 02 11:38:58 INFO >> Starting clustering
Sep 02 11:38:58 INFO >> Rogue harmonic power filter reduced detections from 15600 to 8542
Sep 02 11:38:58 INFO >> Filtering out duplicate freq,dm detections at multiple nharms removes 796 detections
Sep 02 11:38:58 INFO >> Duplicate freq,dm filter reduced detections to 7746
Sep 02 11:38:58 INFO >> Number of detections over threshold sigma (6.0): 7746
Sep 02 11:38:58 INFO >> Grouping duplicate frequencies together first
Sep 02 11:38:58 INFO >> Grouping duplicate frequencies removed 7220 detections from the harmonic metric computation
Sep 02 11:38:58 INFO >> Starting freq-DM distance metric computation
Sep 02 11:38:58 INFO >> Finished freq-DM distance metric computation
Sep 02 11:38:59 INFO >> Largest group size for metric computation is 97
Sep 02 11:38:59 INFO >> Starting harmonic distance metric computation
Sep 02 11:38:59 INFO >> Finished harmonic distance metric computation
Sep 02 11:38:59 INFO >> Starting DBSCAN
Sep 02 11:39:00 INFO >> Finished DBSCAN
Sep 02 11:39:00 INFO >> Clusters found: 76
Sep 02 11:39:00 INFO >> Filtered 32 clusters below or equal 2 DM.
Sep 02 11:39:00 INFO >> Total number of candidate clusters=1
Sep 02 11:39:00 INFO >> Candidate Processor of stack (315.95 49.23)
Sep 02 11:39:00 INFO >> Making SinglePointingCandidates from a list of 1 PowerSpectraDetectionClusters
Sep 02 11:39:02 INFO >> saved candidates to ./results//injections/315.95_49.23_cumulative_power_spectra_stack_20220627_11_tpa.yml_(256,)_candidates.npz
Sep 02 11:39:02 INFO >> Injected Pulsars:     1
Sep 02 11:39:02 INFO >> Injection Candidates: 1
Sep 02 11:39:02 INFO >> Recovered Injections: 1
Sep 02 11:39:02 INFO >> 1 candidates.
Sep 02 11:39:02 INFO >> Best candidate: F0: 39.299 DM: 121.03 Sigma: 10.49
Sep 02 11:39:03 INFO >> Unlinked shared memory for cumulative stack.
Sep 02 11:39:03 INFO >> Pipeline execution time: 2.05 minutes
