Sep 02 14:45:18 INFO >> {"message": "Waiting for suitable server to become available", "selector": "Primary()", "operation": "find", "topologyDescription": "<TopologyDescription id: 66d5cf7e7ed3932db154cfd8, topology_type: Unknown, servers: [<ServerDescription ('localhost', 27017) server_type: Unknown, rtt: None>]>", "clientId": {"$oid": "66d5cf7e7ed3932db154cfd8"}, "remainingTimeMS": 29}
Sep 02 14:45:18 INFO >> Features initialized as the following:
Sep 02 14:45:18 INFO >> num_unique_dms
Sep 02 14:45:18 INFO >> num_unique_freqs
Sep 02 14:45:18 INFO >> ndetections
Sep 02 14:45:18 INFO >> nharm
Sep 02 14:45:18 INFO >> log_p_dm
Sep 02 14:45:18 INFO >> ['dm_sigma_FitGaussWidth_gauss_sigma', 'dm_sigma_FitGaussWidth_gauss_sigma_rel_err', 'dm_sigma_FitGaussWidth_ndof', 'dm_sigma_FitGaussWidth_rms_err']
Sep 02 14:45:18 INFO >> ['dm_sigma_FitGauss_amplitude', 'dm_sigma_FitGauss_mu', 'dm_sigma_FitGauss_gauss_sigma', 'dm_sigma_FitGauss_amplitude_rel_err', 'dm_sigma_FitGauss_mu_rel_err', 'dm_sigma_FitGauss_gauss_sigma_rel_err', 'dm_sigma_FitGauss_amplitude-detection', 'dm_sigma_FitGauss_mu-detection', 'dm_sigma_FitGauss_ndof', 'dm_sigma_FitGauss_rms_err']
Sep 02 14:45:18 INFO >> ['freq_sigma_FitGaussWidth_gauss_sigma', 'freq_sigma_FitGaussWidth_gauss_sigma_rel_err', 'freq_sigma_FitGaussWidth_ndof', 'freq_sigma_FitGaussWidth_rms_err']
Sep 02 14:45:18 INFO >> ['freq_sigma_FitGauss_amplitude', 'freq_sigma_FitGauss_mu', 'freq_sigma_FitGauss_gauss_sigma', 'freq_sigma_FitGauss_amplitude_rel_err', 'freq_sigma_FitGauss_mu_rel_err', 'freq_sigma_FitGauss_gauss_sigma_rel_err', 'freq_sigma_FitGauss_amplitude-detection', 'freq_sigma_FitGauss_mu-detection', 'freq_sigma_FitGauss_ndof', 'freq_sigma_FitGauss_rms_err']
Sep 02 14:45:18 INFO >> Performing searching on cumulative stack 315.95 49.23
Sep 02 14:45:18 INFO >> Loading the cumulative power spectra stack to search
Sep 02 14:46:17 INFO >> DM: 137.49164454898315
Sep 02 14:46:17 INFO >> sigma: 14.488276935818117
Sep 02 14:46:17 INFO >> frequency: 31.12265138401785
Sep 02 14:46:17 INFO >> Injecting 16 harmonics.
Sep 02 14:46:17 INFO >> Starting DM: 134.18845930006256
Sep 02 14:46:17 INFO >> Stopping DM: 140.7663249520264
Sep 02 14:46:17 INFO >> Expected detection at 15.24 sigma with 8 harmonics.
Sep 02 14:46:31 INFO >> Start searching 6558 dm trials using 32 harmonics.
Sep 02 14:46:37 INFO >> Moved power spectra to shared memory.
Sep 02 14:46:37 INFO >> Number of dm trials in single multi processing job: 10
Sep 02 14:47:17 INFO >> Total number of detections=15747
Sep 02 14:47:17 INFO >> Clustering the detections
Sep 02 14:47:17 INFO >> Starting clustering
Sep 02 14:47:17 INFO >> Rogue harmonic power filter reduced detections from 15747 to 8686
Sep 02 14:47:17 INFO >> Filtering out duplicate freq,dm detections at multiple nharms removes 869 detections
Sep 02 14:47:17 INFO >> Duplicate freq,dm filter reduced detections to 7817
Sep 02 14:47:17 INFO >> Number of detections over threshold sigma (6.0): 7817
Sep 02 14:47:17 INFO >> Grouping duplicate frequencies together first
Sep 02 14:47:18 INFO >> Grouping duplicate frequencies removed 7274 detections from the harmonic metric computation
Sep 02 14:47:18 INFO >> Starting freq-DM distance metric computation
Sep 02 14:47:18 INFO >> Finished freq-DM distance metric computation
Sep 02 14:47:18 INFO >> Largest group size for metric computation is 97
Sep 02 14:47:18 INFO >> Starting harmonic distance metric computation
Sep 02 14:47:19 INFO >> Finished harmonic distance metric computation
Sep 02 14:47:19 INFO >> Starting DBSCAN
Sep 02 14:47:19 INFO >> Finished DBSCAN
Sep 02 14:47:19 INFO >> Clusters found: 77
Sep 02 14:47:19 INFO >> Filtered 32 clusters below or equal 2 DM.
Sep 02 14:47:19 INFO >> Total number of candidate clusters=2
Sep 02 14:47:19 INFO >> Candidate Processor of stack (315.95 49.23)
Sep 02 14:47:19 INFO >> Making SinglePointingCandidates from a list of 2 PowerSpectraDetectionClusters
Sep 02 14:47:22 INFO >> saved candidates to ./results//injections/315.95_49.23_cumulative_power_spectra_stack_20220627_11_tpa.yml_(346,)_candidates.npz
Sep 02 14:47:22 INFO >> Injected Pulsars:     1
Sep 02 14:47:22 INFO >> Injection Candidates: 2
Sep 02 14:47:22 INFO >> Recovered Injections: 1
Sep 02 14:47:22 INFO >> 2 candidates.
Sep 02 14:47:22 INFO >> Best candidate: F0: 31.123 DM: 137.53 Sigma: 14.99
Sep 02 14:47:23 INFO >> Unlinked shared memory for cumulative stack.
Sep 02 14:47:23 INFO >> Pipeline execution time: 2.08 minutes
