Sep 02 05:53:48 INFO >> {"message": "Waiting for suitable server to become available", "selector": "Primary()", "operation": "find", "topologyDescription": "<TopologyDescription id: 66d552ecff61d92b04376139, topology_type: Unknown, servers: [<ServerDescription ('localhost', 27017) server_type: Unknown, rtt: None>]>", "clientId": {"$oid": "66d552ecff61d92b04376139"}, "remainingTimeMS": 29}
Sep 02 05:53:48 INFO >> Features initialized as the following:
Sep 02 05:53:48 INFO >> num_unique_dms
Sep 02 05:53:48 INFO >> num_unique_freqs
Sep 02 05:53:48 INFO >> ndetections
Sep 02 05:53:48 INFO >> nharm
Sep 02 05:53:48 INFO >> log_p_dm
Sep 02 05:53:48 INFO >> ['dm_sigma_FitGaussWidth_gauss_sigma', 'dm_sigma_FitGaussWidth_gauss_sigma_rel_err', 'dm_sigma_FitGaussWidth_ndof', 'dm_sigma_FitGaussWidth_rms_err']
Sep 02 05:53:48 INFO >> ['dm_sigma_FitGauss_amplitude', 'dm_sigma_FitGauss_mu', 'dm_sigma_FitGauss_gauss_sigma', 'dm_sigma_FitGauss_amplitude_rel_err', 'dm_sigma_FitGauss_mu_rel_err', 'dm_sigma_FitGauss_gauss_sigma_rel_err', 'dm_sigma_FitGauss_amplitude-detection', 'dm_sigma_FitGauss_mu-detection', 'dm_sigma_FitGauss_ndof', 'dm_sigma_FitGauss_rms_err']
Sep 02 05:53:48 INFO >> ['freq_sigma_FitGaussWidth_gauss_sigma', 'freq_sigma_FitGaussWidth_gauss_sigma_rel_err', 'freq_sigma_FitGaussWidth_ndof', 'freq_sigma_FitGaussWidth_rms_err']
Sep 02 05:53:48 INFO >> ['freq_sigma_FitGauss_amplitude', 'freq_sigma_FitGauss_mu', 'freq_sigma_FitGauss_gauss_sigma', 'freq_sigma_FitGauss_amplitude_rel_err', 'freq_sigma_FitGauss_mu_rel_err', 'freq_sigma_FitGauss_gauss_sigma_rel_err', 'freq_sigma_FitGauss_amplitude-detection', 'freq_sigma_FitGauss_mu-detection', 'freq_sigma_FitGauss_ndof', 'freq_sigma_FitGauss_rms_err']
Sep 02 05:53:48 INFO >> Performing searching on cumulative stack 315.95 49.23
Sep 02 05:53:48 INFO >> Loading the cumulative power spectra stack to search
Sep 02 05:54:45 INFO >> DM: 54.619501287948616
Sep 02 05:54:45 INFO >> sigma: 11.400624040847152
Sep 02 05:54:45 INFO >> frequency: 62.54591537529139
Sep 02 05:54:45 INFO >> Injecting 8 harmonics.
Sep 02 05:54:45 INFO >> Starting DM: 52.926519015032206
Sep 02 05:54:45 INFO >> Stopping DM: 56.2660508075677
Sep 02 05:54:45 INFO >> Expected detection at 8.68 sigma with 8 harmonics.
Sep 02 05:54:59 INFO >> Start searching 6558 dm trials using 32 harmonics.
Sep 02 05:55:05 INFO >> Moved power spectra to shared memory.
Sep 02 05:55:05 INFO >> Number of dm trials in single multi processing job: 10
Sep 02 05:55:47 INFO >> Total number of detections=15582
Sep 02 05:55:47 INFO >> Clustering the detections
Sep 02 05:55:47 INFO >> Starting clustering
Sep 02 05:55:47 INFO >> Rogue harmonic power filter reduced detections from 15582 to 8524
Sep 02 05:55:47 INFO >> Filtering out duplicate freq,dm detections at multiple nharms removes 787 detections
Sep 02 05:55:47 INFO >> Duplicate freq,dm filter reduced detections to 7737
Sep 02 05:55:47 INFO >> Number of detections over threshold sigma (6.0): 7737
Sep 02 05:55:47 INFO >> Grouping duplicate frequencies together first
Sep 02 05:55:47 INFO >> Grouping duplicate frequencies removed 7216 detections from the harmonic metric computation
Sep 02 05:55:47 INFO >> Starting freq-DM distance metric computation
Sep 02 05:55:47 INFO >> Finished freq-DM distance metric computation
Sep 02 05:55:47 INFO >> Largest group size for metric computation is 97
Sep 02 05:55:47 INFO >> Starting harmonic distance metric computation
Sep 02 05:55:48 INFO >> Finished harmonic distance metric computation
Sep 02 05:55:48 INFO >> Starting DBSCAN
Sep 02 05:55:48 INFO >> Finished DBSCAN
Sep 02 05:55:48 INFO >> Clusters found: 76
Sep 02 05:55:48 INFO >> Filtered 32 clusters below or equal 2 DM.
Sep 02 05:55:48 INFO >> Total number of candidate clusters=1
Sep 02 05:55:48 INFO >> Candidate Processor of stack (315.95 49.23)
Sep 02 05:55:48 INFO >> Making SinglePointingCandidates from a list of 1 PowerSpectraDetectionClusters
Sep 02 05:55:51 INFO >> saved candidates to ./results//injections/315.95_49.23_cumulative_power_spectra_stack_20220627_11_tpa.yml_(92,)_candidates.npz
Sep 02 05:55:51 INFO >> Injected Pulsars:     1
Sep 02 05:55:51 INFO >> Injection Candidates: 1
Sep 02 05:55:51 INFO >> Recovered Injections: 1
Sep 02 05:55:51 INFO >> 1 candidates.
Sep 02 05:55:51 INFO >> Best candidate: F0: 62.546 DM: 54.65 Sigma: 8.56
Sep 02 05:55:52 INFO >> Unlinked shared memory for cumulative stack.
Sep 02 05:55:52 INFO >> Pipeline execution time: 2.07 minutes
