Sep 02 19:02:49 INFO >> {"message": "Waiting for suitable server to become available", "selector": "Primary()", "operation": "find", "topologyDescription": "<TopologyDescription id: 66d60bd94a5efa03fcdd470c, topology_type: Unknown, servers: [<ServerDescription ('localhost', 27017) server_type: Unknown, rtt: None>]>", "clientId": {"$oid": "66d60bd94a5efa03fcdd470c"}, "remainingTimeMS": 29}
Sep 02 19:02:50 INFO >> Features initialized as the following:
Sep 02 19:02:50 INFO >> num_unique_dms
Sep 02 19:02:50 INFO >> num_unique_freqs
Sep 02 19:02:50 INFO >> ndetections
Sep 02 19:02:50 INFO >> nharm
Sep 02 19:02:50 INFO >> log_p_dm
Sep 02 19:02:50 INFO >> ['dm_sigma_FitGaussWidth_gauss_sigma', 'dm_sigma_FitGaussWidth_gauss_sigma_rel_err', 'dm_sigma_FitGaussWidth_ndof', 'dm_sigma_FitGaussWidth_rms_err']
Sep 02 19:02:50 INFO >> ['dm_sigma_FitGauss_amplitude', 'dm_sigma_FitGauss_mu', 'dm_sigma_FitGauss_gauss_sigma', 'dm_sigma_FitGauss_amplitude_rel_err', 'dm_sigma_FitGauss_mu_rel_err', 'dm_sigma_FitGauss_gauss_sigma_rel_err', 'dm_sigma_FitGauss_amplitude-detection', 'dm_sigma_FitGauss_mu-detection', 'dm_sigma_FitGauss_ndof', 'dm_sigma_FitGauss_rms_err']
Sep 02 19:02:50 INFO >> ['freq_sigma_FitGaussWidth_gauss_sigma', 'freq_sigma_FitGaussWidth_gauss_sigma_rel_err', 'freq_sigma_FitGaussWidth_ndof', 'freq_sigma_FitGaussWidth_rms_err']
Sep 02 19:02:50 INFO >> ['freq_sigma_FitGauss_amplitude', 'freq_sigma_FitGauss_mu', 'freq_sigma_FitGauss_gauss_sigma', 'freq_sigma_FitGauss_amplitude_rel_err', 'freq_sigma_FitGauss_mu_rel_err', 'freq_sigma_FitGauss_gauss_sigma_rel_err', 'freq_sigma_FitGauss_amplitude-detection', 'freq_sigma_FitGauss_mu-detection', 'freq_sigma_FitGauss_ndof', 'freq_sigma_FitGauss_rms_err']
Sep 02 19:02:50 INFO >> Performing searching on cumulative stack 315.95 49.23
Sep 02 19:02:50 INFO >> Loading the cumulative power spectra stack to search
Sep 02 19:03:47 INFO >> DM: 18.944094037020708
Sep 02 19:03:47 INFO >> sigma: 12.233071639071046
Sep 02 19:03:47 INFO >> frequency: 95.65346150624723
Sep 02 19:03:47 INFO >> Injecting 5 harmonics.
Sep 02 19:03:47 INFO >> Starting DM: 17.9120341599631
Sep 02 19:03:47 INFO >> Stopping DM: 20.037190755212958
Sep 02 19:03:47 INFO >> Expected detection at 10.79 sigma with 2 harmonics.
Sep 02 19:04:01 INFO >> Start searching 6558 dm trials using 32 harmonics.
Sep 02 19:04:06 INFO >> Moved power spectra to shared memory.
Sep 02 19:04:06 INFO >> Number of dm trials in single multi processing job: 10
Sep 02 19:04:47 INFO >> Total number of detections=15633
Sep 02 19:04:47 INFO >> Clustering the detections
Sep 02 19:04:47 INFO >> Starting clustering
Sep 02 19:04:47 INFO >> Rogue harmonic power filter reduced detections from 15633 to 8542
Sep 02 19:04:47 INFO >> Filtering out duplicate freq,dm detections at multiple nharms removes 796 detections
Sep 02 19:04:47 INFO >> Duplicate freq,dm filter reduced detections to 7746
Sep 02 19:04:47 INFO >> Number of detections over threshold sigma (6.0): 7746
Sep 02 19:04:47 INFO >> Grouping duplicate frequencies together first
Sep 02 19:04:47 INFO >> Grouping duplicate frequencies removed 7223 detections from the harmonic metric computation
Sep 02 19:04:47 INFO >> Starting freq-DM distance metric computation
Sep 02 19:04:47 INFO >> Finished freq-DM distance metric computation
Sep 02 19:04:47 INFO >> Largest group size for metric computation is 97
Sep 02 19:04:47 INFO >> Starting harmonic distance metric computation
Sep 02 19:04:48 INFO >> Finished harmonic distance metric computation
Sep 02 19:04:48 INFO >> Starting DBSCAN
Sep 02 19:04:48 INFO >> Finished DBSCAN
Sep 02 19:04:48 INFO >> Clusters found: 76
Sep 02 19:04:48 INFO >> Filtered 32 clusters below or equal 2 DM.
Sep 02 19:04:48 INFO >> Total number of candidate clusters=1
Sep 02 19:04:48 INFO >> Candidate Processor of stack (315.95 49.23)
Sep 02 19:04:48 INFO >> Making SinglePointingCandidates from a list of 1 PowerSpectraDetectionClusters
Sep 02 19:04:50 INFO >> saved candidates to ./results//injections/315.95_49.23_cumulative_power_spectra_stack_20220627_11_tpa.yml_(469,)_candidates.npz
Sep 02 19:04:50 INFO >> Injected Pulsars:     1
Sep 02 19:04:50 INFO >> Injection Candidates: 1
Sep 02 19:04:50 INFO >> Recovered Injections: 1
Sep 02 19:04:50 INFO >> 1 candidates.
Sep 02 19:04:50 INFO >> Best candidate: F0: 95.654 DM: 18.92 Sigma: 10.95
Sep 02 19:04:52 INFO >> Unlinked shared memory for cumulative stack.
Sep 02 19:04:52 INFO >> Pipeline execution time: 2.04 minutes
