Sep 02 17:16:04 INFO >> {"message": "Waiting for suitable server to become available", "selector": "Primary()", "operation": "find", "topologyDescription": "<TopologyDescription id: 66d5f2d4c74256b04c27b194, topology_type: Unknown, servers: [<ServerDescription ('localhost', 27017) server_type: Unknown, rtt: None>]>", "clientId": {"$oid": "66d5f2d4c74256b04c27b194"}, "remainingTimeMS": 29}
Sep 02 17:16:04 INFO >> Features initialized as the following:
Sep 02 17:16:04 INFO >> num_unique_dms
Sep 02 17:16:04 INFO >> num_unique_freqs
Sep 02 17:16:04 INFO >> ndetections
Sep 02 17:16:04 INFO >> nharm
Sep 02 17:16:04 INFO >> log_p_dm
Sep 02 17:16:04 INFO >> ['dm_sigma_FitGaussWidth_gauss_sigma', 'dm_sigma_FitGaussWidth_gauss_sigma_rel_err', 'dm_sigma_FitGaussWidth_ndof', 'dm_sigma_FitGaussWidth_rms_err']
Sep 02 17:16:04 INFO >> ['dm_sigma_FitGauss_amplitude', 'dm_sigma_FitGauss_mu', 'dm_sigma_FitGauss_gauss_sigma', 'dm_sigma_FitGauss_amplitude_rel_err', 'dm_sigma_FitGauss_mu_rel_err', 'dm_sigma_FitGauss_gauss_sigma_rel_err', 'dm_sigma_FitGauss_amplitude-detection', 'dm_sigma_FitGauss_mu-detection', 'dm_sigma_FitGauss_ndof', 'dm_sigma_FitGauss_rms_err']
Sep 02 17:16:04 INFO >> ['freq_sigma_FitGaussWidth_gauss_sigma', 'freq_sigma_FitGaussWidth_gauss_sigma_rel_err', 'freq_sigma_FitGaussWidth_ndof', 'freq_sigma_FitGaussWidth_rms_err']
Sep 02 17:16:04 INFO >> ['freq_sigma_FitGauss_amplitude', 'freq_sigma_FitGauss_mu', 'freq_sigma_FitGauss_gauss_sigma', 'freq_sigma_FitGauss_amplitude_rel_err', 'freq_sigma_FitGauss_mu_rel_err', 'freq_sigma_FitGauss_gauss_sigma_rel_err', 'freq_sigma_FitGauss_amplitude-detection', 'freq_sigma_FitGauss_mu-detection', 'freq_sigma_FitGauss_ndof', 'freq_sigma_FitGauss_rms_err']
Sep 02 17:16:05 INFO >> Performing searching on cumulative stack 315.95 49.23
Sep 02 17:16:05 INFO >> Loading the cumulative power spectra stack to search
Sep 02 17:17:02 INFO >> DM: 47.98820820461345
Sep 02 17:17:02 INFO >> sigma: 11.133949912282828
Sep 02 17:17:02 INFO >> frequency: 53.62060832192634
Sep 02 17:17:02 INFO >> Injecting 9 harmonics.
Sep 02 17:17:02 INFO >> Starting DM: 46.04505956374695
Sep 02 17:17:02 INFO >> Stopping DM: 49.89058102181812
Sep 02 17:17:02 INFO >> Expected detection at 9.11 sigma with 8 harmonics.
Sep 02 17:17:16 INFO >> Start searching 6558 dm trials using 32 harmonics.
Sep 02 17:17:22 INFO >> Moved power spectra to shared memory.
Sep 02 17:17:22 INFO >> Number of dm trials in single multi processing job: 10
Sep 02 17:18:02 INFO >> Total number of detections=15597
Sep 02 17:18:02 INFO >> Clustering the detections
Sep 02 17:18:02 INFO >> Starting clustering
Sep 02 17:18:02 INFO >> Rogue harmonic power filter reduced detections from 15597 to 8539
Sep 02 17:18:02 INFO >> Filtering out duplicate freq,dm detections at multiple nharms removes 792 detections
Sep 02 17:18:02 INFO >> Duplicate freq,dm filter reduced detections to 7747
Sep 02 17:18:02 INFO >> Number of detections over threshold sigma (6.0): 7747
Sep 02 17:18:02 INFO >> Grouping duplicate frequencies together first
Sep 02 17:18:02 INFO >> Grouping duplicate frequencies removed 7222 detections from the harmonic metric computation
Sep 02 17:18:02 INFO >> Starting freq-DM distance metric computation
Sep 02 17:18:03 INFO >> Finished freq-DM distance metric computation
Sep 02 17:18:03 INFO >> Largest group size for metric computation is 97
Sep 02 17:18:03 INFO >> Starting harmonic distance metric computation
Sep 02 17:18:04 INFO >> Finished harmonic distance metric computation
Sep 02 17:18:04 INFO >> Starting DBSCAN
Sep 02 17:18:04 INFO >> Finished DBSCAN
Sep 02 17:18:04 INFO >> Clusters found: 76
Sep 02 17:18:04 INFO >> Filtered 32 clusters below or equal 2 DM.
Sep 02 17:18:04 INFO >> Total number of candidate clusters=1
Sep 02 17:18:04 INFO >> Candidate Processor of stack (315.95 49.23)
Sep 02 17:18:04 INFO >> Making SinglePointingCandidates from a list of 1 PowerSpectraDetectionClusters
Sep 02 17:18:06 INFO >> saved candidates to ./results//injections/315.95_49.23_cumulative_power_spectra_stack_20220627_11_tpa.yml_(418,)_candidates.npz
Sep 02 17:18:06 INFO >> Injected Pulsars:     1
Sep 02 17:18:06 INFO >> Injection Candidates: 1
Sep 02 17:18:06 INFO >> Recovered Injections: 1
Sep 02 17:18:06 INFO >> 1 candidates.
Sep 02 17:18:06 INFO >> Best candidate: F0: 53.621 DM: 47.97 Sigma: 9.99
Sep 02 17:18:08 INFO >> Unlinked shared memory for cumulative stack.
Sep 02 17:18:08 INFO >> Pipeline execution time: 2.05 minutes
