Sep 02 21:46:02 INFO >> {"message": "Waiting for suitable server to become available", "selector": "Primary()", "operation": "find", "topologyDescription": "<TopologyDescription id: 66d6321a1d9ed0b0829dadde, topology_type: Unknown, servers: [<ServerDescription ('localhost', 27017) server_type: Unknown, rtt: None>]>", "clientId": {"$oid": "66d6321a1d9ed0b0829dadde"}, "remainingTimeMS": 29}
Sep 02 21:46:02 INFO >> Features initialized as the following:
Sep 02 21:46:02 INFO >> num_unique_dms
Sep 02 21:46:02 INFO >> num_unique_freqs
Sep 02 21:46:02 INFO >> ndetections
Sep 02 21:46:02 INFO >> nharm
Sep 02 21:46:02 INFO >> log_p_dm
Sep 02 21:46:02 INFO >> ['dm_sigma_FitGaussWidth_gauss_sigma', 'dm_sigma_FitGaussWidth_gauss_sigma_rel_err', 'dm_sigma_FitGaussWidth_ndof', 'dm_sigma_FitGaussWidth_rms_err']
Sep 02 21:46:02 INFO >> ['dm_sigma_FitGauss_amplitude', 'dm_sigma_FitGauss_mu', 'dm_sigma_FitGauss_gauss_sigma', 'dm_sigma_FitGauss_amplitude_rel_err', 'dm_sigma_FitGauss_mu_rel_err', 'dm_sigma_FitGauss_gauss_sigma_rel_err', 'dm_sigma_FitGauss_amplitude-detection', 'dm_sigma_FitGauss_mu-detection', 'dm_sigma_FitGauss_ndof', 'dm_sigma_FitGauss_rms_err']
Sep 02 21:46:02 INFO >> ['freq_sigma_FitGaussWidth_gauss_sigma', 'freq_sigma_FitGaussWidth_gauss_sigma_rel_err', 'freq_sigma_FitGaussWidth_ndof', 'freq_sigma_FitGaussWidth_rms_err']
Sep 02 21:46:02 INFO >> ['freq_sigma_FitGauss_amplitude', 'freq_sigma_FitGauss_mu', 'freq_sigma_FitGauss_gauss_sigma', 'freq_sigma_FitGauss_amplitude_rel_err', 'freq_sigma_FitGauss_mu_rel_err', 'freq_sigma_FitGauss_gauss_sigma_rel_err', 'freq_sigma_FitGauss_amplitude-detection', 'freq_sigma_FitGauss_mu-detection', 'freq_sigma_FitGauss_ndof', 'freq_sigma_FitGauss_rms_err']
Sep 02 21:46:02 INFO >> Performing searching on cumulative stack 315.95 49.23
Sep 02 21:46:02 INFO >> Loading the cumulative power spectra stack to search
Sep 02 21:47:00 INFO >> DM: 158.0415310034215
Sep 02 21:47:00 INFO >> sigma: 15.268980258448119
Sep 02 21:47:00 INFO >> frequency: 31.958979158006322
Sep 02 21:47:00 INFO >> Injecting 15 harmonics.
Sep 02 21:47:00 INFO >> Starting DM: 154.83283765391832
Sep 02 21:47:00 INFO >> Stopping DM: 161.30950537277502
Sep 02 21:47:00 INFO >> Expected detection at 9.77 sigma with 8 harmonics.
Sep 02 21:47:14 INFO >> Start searching 6558 dm trials using 32 harmonics.
Sep 02 21:47:20 INFO >> Moved power spectra to shared memory.
Sep 02 21:47:20 INFO >> Number of dm trials in single multi processing job: 10
Sep 02 21:48:00 INFO >> Total number of detections=15614
Sep 02 21:48:00 INFO >> Clustering the detections
Sep 02 21:48:00 INFO >> Starting clustering
Sep 02 21:48:00 INFO >> Rogue harmonic power filter reduced detections from 15614 to 8556
Sep 02 21:48:00 INFO >> Filtering out duplicate freq,dm detections at multiple nharms removes 799 detections
Sep 02 21:48:00 INFO >> Duplicate freq,dm filter reduced detections to 7757
Sep 02 21:48:00 INFO >> Number of detections over threshold sigma (6.0): 7757
Sep 02 21:48:00 INFO >> Grouping duplicate frequencies together first
Sep 02 21:48:00 INFO >> Grouping duplicate frequencies removed 7228 detections from the harmonic metric computation
Sep 02 21:48:00 INFO >> Starting freq-DM distance metric computation
Sep 02 21:48:01 INFO >> Finished freq-DM distance metric computation
Sep 02 21:48:01 INFO >> Largest group size for metric computation is 97
Sep 02 21:48:01 INFO >> Starting harmonic distance metric computation
Sep 02 21:48:02 INFO >> Finished harmonic distance metric computation
Sep 02 21:48:02 INFO >> Starting DBSCAN
Sep 02 21:48:02 INFO >> Finished DBSCAN
Sep 02 21:48:02 INFO >> Clusters found: 76
Sep 02 21:48:02 INFO >> Filtered 32 clusters below or equal 2 DM.
Sep 02 21:48:02 INFO >> Total number of candidate clusters=1
Sep 02 21:48:02 INFO >> Candidate Processor of stack (315.95 49.23)
Sep 02 21:48:02 INFO >> Making SinglePointingCandidates from a list of 1 PowerSpectraDetectionClusters
Sep 02 21:48:04 INFO >> saved candidates to ./results//injections/315.95_49.23_cumulative_power_spectra_stack_20220627_11_tpa.yml_(547,)_candidates.npz
Sep 02 21:48:04 INFO >> Injected Pulsars:     1
Sep 02 21:48:04 INFO >> Injection Candidates: 1
Sep 02 21:48:04 INFO >> Recovered Injections: 1
Sep 02 21:48:04 INFO >> 1 candidates.
Sep 02 21:48:04 INFO >> Best candidate: F0: 31.959 DM: 158.07 Sigma: 10.41
Sep 02 21:48:06 INFO >> Unlinked shared memory for cumulative stack.
Sep 02 21:48:06 INFO >> Pipeline execution time: 2.06 minutes
