Sep 02 22:34:07 INFO >> {"message": "Waiting for suitable server to become available", "selector": "Primary()", "operation": "find", "topologyDescription": "<TopologyDescription id: 66d63d5fb0f1a25befee84ef, topology_type: Unknown, servers: [<ServerDescription ('localhost', 27017) server_type: Unknown, rtt: None>]>", "clientId": {"$oid": "66d63d5fb0f1a25befee84ef"}, "remainingTimeMS": 29}
Sep 02 22:34:07 INFO >> Features initialized as the following:
Sep 02 22:34:07 INFO >> num_unique_dms
Sep 02 22:34:07 INFO >> num_unique_freqs
Sep 02 22:34:07 INFO >> ndetections
Sep 02 22:34:07 INFO >> nharm
Sep 02 22:34:07 INFO >> log_p_dm
Sep 02 22:34:07 INFO >> ['dm_sigma_FitGaussWidth_gauss_sigma', 'dm_sigma_FitGaussWidth_gauss_sigma_rel_err', 'dm_sigma_FitGaussWidth_ndof', 'dm_sigma_FitGaussWidth_rms_err']
Sep 02 22:34:07 INFO >> ['dm_sigma_FitGauss_amplitude', 'dm_sigma_FitGauss_mu', 'dm_sigma_FitGauss_gauss_sigma', 'dm_sigma_FitGauss_amplitude_rel_err', 'dm_sigma_FitGauss_mu_rel_err', 'dm_sigma_FitGauss_gauss_sigma_rel_err', 'dm_sigma_FitGauss_amplitude-detection', 'dm_sigma_FitGauss_mu-detection', 'dm_sigma_FitGauss_ndof', 'dm_sigma_FitGauss_rms_err']
Sep 02 22:34:07 INFO >> ['freq_sigma_FitGaussWidth_gauss_sigma', 'freq_sigma_FitGaussWidth_gauss_sigma_rel_err', 'freq_sigma_FitGaussWidth_ndof', 'freq_sigma_FitGaussWidth_rms_err']
Sep 02 22:34:07 INFO >> ['freq_sigma_FitGauss_amplitude', 'freq_sigma_FitGauss_mu', 'freq_sigma_FitGauss_gauss_sigma', 'freq_sigma_FitGauss_amplitude_rel_err', 'freq_sigma_FitGauss_mu_rel_err', 'freq_sigma_FitGauss_gauss_sigma_rel_err', 'freq_sigma_FitGauss_amplitude-detection', 'freq_sigma_FitGauss_mu-detection', 'freq_sigma_FitGauss_ndof', 'freq_sigma_FitGauss_rms_err']
Sep 02 22:34:07 INFO >> Performing searching on cumulative stack 315.95 49.23
Sep 02 22:34:07 INFO >> Loading the cumulative power spectra stack to search
Sep 02 22:35:04 INFO >> DM: 70.95377963528345
Sep 02 22:35:04 INFO >> sigma: 14.035129299443046
Sep 02 22:35:04 INFO >> frequency: 52.941705721665905
Sep 02 22:35:04 INFO >> Injecting 9 harmonics.
Sep 02 22:35:04 INFO >> Starting DM: 69.01699037906685
Sep 02 22:35:04 INFO >> Stopping DM: 72.86251183713803
Sep 02 22:35:04 INFO >> Expected detection at 11.29 sigma with 8 harmonics.
Sep 02 22:35:18 INFO >> Start searching 6558 dm trials using 32 harmonics.
Sep 02 22:35:24 INFO >> Moved power spectra to shared memory.
Sep 02 22:35:24 INFO >> Number of dm trials in single multi processing job: 10
Sep 02 22:36:05 INFO >> Total number of detections=15659
Sep 02 22:36:05 INFO >> Clustering the detections
Sep 02 22:36:05 INFO >> Starting clustering
Sep 02 22:36:05 INFO >> Rogue harmonic power filter reduced detections from 15659 to 8601
Sep 02 22:36:05 INFO >> Filtering out duplicate freq,dm detections at multiple nharms removes 817 detections
Sep 02 22:36:05 INFO >> Duplicate freq,dm filter reduced detections to 7784
Sep 02 22:36:05 INFO >> Number of detections over threshold sigma (6.0): 7784
Sep 02 22:36:05 INFO >> Grouping duplicate frequencies together first
Sep 02 22:36:05 INFO >> Grouping duplicate frequencies removed 7242 detections from the harmonic metric computation
Sep 02 22:36:05 INFO >> Starting freq-DM distance metric computation
Sep 02 22:36:05 INFO >> Finished freq-DM distance metric computation
Sep 02 22:36:05 INFO >> Largest group size for metric computation is 97
Sep 02 22:36:05 INFO >> Starting harmonic distance metric computation
Sep 02 22:36:06 INFO >> Finished harmonic distance metric computation
Sep 02 22:36:06 INFO >> Starting DBSCAN
Sep 02 22:36:06 INFO >> Finished DBSCAN
Sep 02 22:36:06 INFO >> Clusters found: 76
Sep 02 22:36:06 INFO >> Filtered 32 clusters below or equal 2 DM.
Sep 02 22:36:06 INFO >> Total number of candidate clusters=1
Sep 02 22:36:06 INFO >> Candidate Processor of stack (315.95 49.23)
Sep 02 22:36:06 INFO >> Making SinglePointingCandidates from a list of 1 PowerSpectraDetectionClusters
Sep 02 22:36:08 INFO >> saved candidates to ./results//injections/315.95_49.23_cumulative_power_spectra_stack_20220627_11_tpa.yml_(570,)_candidates.npz
Sep 02 22:36:08 INFO >> Injected Pulsars:     1
Sep 02 22:36:08 INFO >> Injection Candidates: 1
Sep 02 22:36:08 INFO >> Recovered Injections: 1
Sep 02 22:36:08 INFO >> 1 candidates.
Sep 02 22:36:08 INFO >> Best candidate: F0: 52.942 DM: 70.94 Sigma: 11.46
Sep 02 22:36:10 INFO >> Unlinked shared memory for cumulative stack.
Sep 02 22:36:10 INFO >> Pipeline execution time: 2.05 minutes
