Sep 02 22:04:50 INFO >> {"message": "Waiting for suitable server to become available", "selector": "Primary()", "operation": "find", "topologyDescription": "<TopologyDescription id: 66d63682222e6687ad177136, topology_type: Unknown, servers: [<ServerDescription ('localhost', 27017) server_type: Unknown, rtt: None>]>", "clientId": {"$oid": "66d63682222e6687ad177136"}, "remainingTimeMS": 29}
Sep 02 22:04:50 INFO >> Features initialized as the following:
Sep 02 22:04:50 INFO >> num_unique_dms
Sep 02 22:04:50 INFO >> num_unique_freqs
Sep 02 22:04:50 INFO >> ndetections
Sep 02 22:04:50 INFO >> nharm
Sep 02 22:04:50 INFO >> log_p_dm
Sep 02 22:04:50 INFO >> ['dm_sigma_FitGaussWidth_gauss_sigma', 'dm_sigma_FitGaussWidth_gauss_sigma_rel_err', 'dm_sigma_FitGaussWidth_ndof', 'dm_sigma_FitGaussWidth_rms_err']
Sep 02 22:04:50 INFO >> ['dm_sigma_FitGauss_amplitude', 'dm_sigma_FitGauss_mu', 'dm_sigma_FitGauss_gauss_sigma', 'dm_sigma_FitGauss_amplitude_rel_err', 'dm_sigma_FitGauss_mu_rel_err', 'dm_sigma_FitGauss_gauss_sigma_rel_err', 'dm_sigma_FitGauss_amplitude-detection', 'dm_sigma_FitGauss_mu-detection', 'dm_sigma_FitGauss_ndof', 'dm_sigma_FitGauss_rms_err']
Sep 02 22:04:50 INFO >> ['freq_sigma_FitGaussWidth_gauss_sigma', 'freq_sigma_FitGaussWidth_gauss_sigma_rel_err', 'freq_sigma_FitGaussWidth_ndof', 'freq_sigma_FitGaussWidth_rms_err']
Sep 02 22:04:50 INFO >> ['freq_sigma_FitGauss_amplitude', 'freq_sigma_FitGauss_mu', 'freq_sigma_FitGauss_gauss_sigma', 'freq_sigma_FitGauss_amplitude_rel_err', 'freq_sigma_FitGauss_mu_rel_err', 'freq_sigma_FitGauss_gauss_sigma_rel_err', 'freq_sigma_FitGauss_amplitude-detection', 'freq_sigma_FitGauss_mu-detection', 'freq_sigma_FitGauss_ndof', 'freq_sigma_FitGauss_rms_err']
Sep 02 22:04:51 INFO >> Performing searching on cumulative stack 315.95 49.23
Sep 02 22:04:51 INFO >> Loading the cumulative power spectra stack to search
Sep 02 22:05:48 INFO >> DM: 66.90972980210319
Sep 02 22:05:48 INFO >> sigma: 16.660229436398545
Sep 02 22:05:48 INFO >> frequency: 86.50124460823943
Sep 02 22:05:48 INFO >> Injecting 5 harmonics.
Sep 02 22:05:48 INFO >> Starting DM: 65.67745858653136
Sep 02 22:05:48 INFO >> Stopping DM: 68.10620898110263
Sep 02 22:05:48 INFO >> Expected detection at 11.07 sigma with 4 harmonics.
Sep 02 22:06:02 INFO >> Start searching 6558 dm trials using 32 harmonics.
Sep 02 22:06:08 INFO >> Moved power spectra to shared memory.
Sep 02 22:06:08 INFO >> Number of dm trials in single multi processing job: 10
Sep 02 22:06:48 INFO >> Total number of detections=15596
Sep 02 22:06:48 INFO >> Clustering the detections
Sep 02 22:06:48 INFO >> Starting clustering
Sep 02 22:06:48 INFO >> Rogue harmonic power filter reduced detections from 15596 to 8538
Sep 02 22:06:48 INFO >> Filtering out duplicate freq,dm detections at multiple nharms removes 792 detections
Sep 02 22:06:48 INFO >> Duplicate freq,dm filter reduced detections to 7746
Sep 02 22:06:48 INFO >> Number of detections over threshold sigma (6.0): 7746
Sep 02 22:06:48 INFO >> Grouping duplicate frequencies together first
Sep 02 22:06:48 INFO >> Grouping duplicate frequencies removed 7219 detections from the harmonic metric computation
Sep 02 22:06:48 INFO >> Starting freq-DM distance metric computation
Sep 02 22:06:49 INFO >> Finished freq-DM distance metric computation
Sep 02 22:06:49 INFO >> Largest group size for metric computation is 97
Sep 02 22:06:49 INFO >> Starting harmonic distance metric computation
Sep 02 22:06:50 INFO >> Finished harmonic distance metric computation
Sep 02 22:06:50 INFO >> Starting DBSCAN
Sep 02 22:06:50 INFO >> Finished DBSCAN
Sep 02 22:06:50 INFO >> Clusters found: 76
Sep 02 22:06:50 INFO >> Filtered 32 clusters below or equal 2 DM.
Sep 02 22:06:50 INFO >> Total number of candidate clusters=1
Sep 02 22:06:50 INFO >> Candidate Processor of stack (315.95 49.23)
Sep 02 22:06:50 INFO >> Making SinglePointingCandidates from a list of 1 PowerSpectraDetectionClusters
Sep 02 22:06:52 INFO >> saved candidates to ./results//injections/315.95_49.23_cumulative_power_spectra_stack_20220627_11_tpa.yml_(556,)_candidates.npz
Sep 02 22:06:52 INFO >> Injected Pulsars:     1
Sep 02 22:06:52 INFO >> Injection Candidates: 1
Sep 02 22:06:52 INFO >> Recovered Injections: 1
Sep 02 22:06:52 INFO >> 1 candidates.
Sep 02 22:06:52 INFO >> Best candidate: F0: 86.501 DM: 66.89 Sigma: 11.44
Sep 02 22:06:53 INFO >> Unlinked shared memory for cumulative stack.
Sep 02 22:06:53 INFO >> Pipeline execution time: 2.05 minutes
