Sep 02 05:45:24 INFO >> {"message": "Waiting for suitable server to become available", "selector": "Primary()", "operation": "find", "topologyDescription": "<TopologyDescription id: 66d550f489958955019ed613, topology_type: Unknown, servers: [<ServerDescription ('localhost', 27017) server_type: Unknown, rtt: None>]>", "clientId": {"$oid": "66d550f489958955019ed613"}, "remainingTimeMS": 29}
Sep 02 05:45:24 INFO >> Features initialized as the following:
Sep 02 05:45:24 INFO >> num_unique_dms
Sep 02 05:45:24 INFO >> num_unique_freqs
Sep 02 05:45:24 INFO >> ndetections
Sep 02 05:45:24 INFO >> nharm
Sep 02 05:45:24 INFO >> log_p_dm
Sep 02 05:45:24 INFO >> ['dm_sigma_FitGaussWidth_gauss_sigma', 'dm_sigma_FitGaussWidth_gauss_sigma_rel_err', 'dm_sigma_FitGaussWidth_ndof', 'dm_sigma_FitGaussWidth_rms_err']
Sep 02 05:45:24 INFO >> ['dm_sigma_FitGauss_amplitude', 'dm_sigma_FitGauss_mu', 'dm_sigma_FitGauss_gauss_sigma', 'dm_sigma_FitGauss_amplitude_rel_err', 'dm_sigma_FitGauss_mu_rel_err', 'dm_sigma_FitGauss_gauss_sigma_rel_err', 'dm_sigma_FitGauss_amplitude-detection', 'dm_sigma_FitGauss_mu-detection', 'dm_sigma_FitGauss_ndof', 'dm_sigma_FitGauss_rms_err']
Sep 02 05:45:24 INFO >> ['freq_sigma_FitGaussWidth_gauss_sigma', 'freq_sigma_FitGaussWidth_gauss_sigma_rel_err', 'freq_sigma_FitGaussWidth_ndof', 'freq_sigma_FitGaussWidth_rms_err']
Sep 02 05:45:24 INFO >> ['freq_sigma_FitGauss_amplitude', 'freq_sigma_FitGauss_mu', 'freq_sigma_FitGauss_gauss_sigma', 'freq_sigma_FitGauss_amplitude_rel_err', 'freq_sigma_FitGauss_mu_rel_err', 'freq_sigma_FitGauss_gauss_sigma_rel_err', 'freq_sigma_FitGauss_amplitude-detection', 'freq_sigma_FitGauss_mu-detection', 'freq_sigma_FitGauss_ndof', 'freq_sigma_FitGauss_rms_err']
Sep 02 05:45:25 INFO >> Performing searching on cumulative stack 315.95 49.23
Sep 02 05:45:25 INFO >> Loading the cumulative power spectra stack to search
Sep 02 05:46:22 INFO >> DM: 197.07347108235197
Sep 02 05:46:22 INFO >> sigma: 14.512385437482662
Sep 02 05:46:22 INFO >> frequency: 66.05406716369944
Sep 02 05:46:22 INFO >> Injecting 7 harmonics.
Sep 02 05:46:22 INFO >> Starting DM: 195.51440676298702
Sep 02 05:46:22 INFO >> Stopping DM: 198.65154268930826
Sep 02 05:46:22 INFO >> Expected detection at 11.34 sigma with 4 harmonics.
Sep 02 05:46:36 INFO >> Start searching 6558 dm trials using 32 harmonics.
Sep 02 05:46:42 INFO >> Moved power spectra to shared memory.
Sep 02 05:46:42 INFO >> Number of dm trials in single multi processing job: 10
Sep 02 05:47:23 INFO >> Total number of detections=15605
Sep 02 05:47:23 INFO >> Clustering the detections
Sep 02 05:47:23 INFO >> Starting clustering
Sep 02 05:47:23 INFO >> Rogue harmonic power filter reduced detections from 15605 to 8547
Sep 02 05:47:23 INFO >> Filtering out duplicate freq,dm detections at multiple nharms removes 794 detections
Sep 02 05:47:23 INFO >> Duplicate freq,dm filter reduced detections to 7753
Sep 02 05:47:23 INFO >> Number of detections over threshold sigma (6.0): 7753
Sep 02 05:47:23 INFO >> Grouping duplicate frequencies together first
Sep 02 05:47:23 INFO >> Grouping duplicate frequencies removed 7223 detections from the harmonic metric computation
Sep 02 05:47:23 INFO >> Starting freq-DM distance metric computation
Sep 02 05:47:23 INFO >> Finished freq-DM distance metric computation
Sep 02 05:47:24 INFO >> Largest group size for metric computation is 97
Sep 02 05:47:24 INFO >> Starting harmonic distance metric computation
Sep 02 05:47:24 INFO >> Finished harmonic distance metric computation
Sep 02 05:47:24 INFO >> Starting DBSCAN
Sep 02 05:47:24 INFO >> Finished DBSCAN
Sep 02 05:47:24 INFO >> Clusters found: 76
Sep 02 05:47:24 INFO >> Filtered 32 clusters below or equal 2 DM.
Sep 02 05:47:24 INFO >> Total number of candidate clusters=1
Sep 02 05:47:24 INFO >> Candidate Processor of stack (315.95 49.23)
Sep 02 05:47:24 INFO >> Making SinglePointingCandidates from a list of 1 PowerSpectraDetectionClusters
Sep 02 05:47:27 INFO >> saved candidates to ./results//injections/315.95_49.23_cumulative_power_spectra_stack_20220627_11_tpa.yml_(88,)_candidates.npz
Sep 02 05:47:27 INFO >> Injected Pulsars:     1
Sep 02 05:47:27 INFO >> Injection Candidates: 1
Sep 02 05:47:27 INFO >> Recovered Injections: 1
Sep 02 05:47:27 INFO >> 1 candidates.
Sep 02 05:47:27 INFO >> Best candidate: F0: 66.054 DM: 197.03 Sigma: 11.39
Sep 02 05:47:28 INFO >> Unlinked shared memory for cumulative stack.
Sep 02 05:47:28 INFO >> Pipeline execution time: 2.06 minutes
