Sep 02 22:57:09 INFO >> {"message": "Waiting for suitable server to become available", "selector": "Primary()", "operation": "find", "topologyDescription": "<TopologyDescription id: 66d642c5dfc20c461c2f0094, topology_type: Unknown, servers: [<ServerDescription ('localhost', 27017) server_type: Unknown, rtt: None>]>", "clientId": {"$oid": "66d642c5dfc20c461c2f0094"}, "remainingTimeMS": 29}
Sep 02 22:57:09 INFO >> Features initialized as the following:
Sep 02 22:57:09 INFO >> num_unique_dms
Sep 02 22:57:09 INFO >> num_unique_freqs
Sep 02 22:57:09 INFO >> ndetections
Sep 02 22:57:09 INFO >> nharm
Sep 02 22:57:09 INFO >> log_p_dm
Sep 02 22:57:09 INFO >> ['dm_sigma_FitGaussWidth_gauss_sigma', 'dm_sigma_FitGaussWidth_gauss_sigma_rel_err', 'dm_sigma_FitGaussWidth_ndof', 'dm_sigma_FitGaussWidth_rms_err']
Sep 02 22:57:09 INFO >> ['dm_sigma_FitGauss_amplitude', 'dm_sigma_FitGauss_mu', 'dm_sigma_FitGauss_gauss_sigma', 'dm_sigma_FitGauss_amplitude_rel_err', 'dm_sigma_FitGauss_mu_rel_err', 'dm_sigma_FitGauss_gauss_sigma_rel_err', 'dm_sigma_FitGauss_amplitude-detection', 'dm_sigma_FitGauss_mu-detection', 'dm_sigma_FitGauss_ndof', 'dm_sigma_FitGauss_rms_err']
Sep 02 22:57:09 INFO >> ['freq_sigma_FitGaussWidth_gauss_sigma', 'freq_sigma_FitGaussWidth_gauss_sigma_rel_err', 'freq_sigma_FitGaussWidth_ndof', 'freq_sigma_FitGaussWidth_rms_err']
Sep 02 22:57:09 INFO >> ['freq_sigma_FitGauss_amplitude', 'freq_sigma_FitGauss_mu', 'freq_sigma_FitGauss_gauss_sigma', 'freq_sigma_FitGauss_amplitude_rel_err', 'freq_sigma_FitGauss_mu_rel_err', 'freq_sigma_FitGauss_gauss_sigma_rel_err', 'freq_sigma_FitGauss_amplitude-detection', 'freq_sigma_FitGauss_mu-detection', 'freq_sigma_FitGauss_ndof', 'freq_sigma_FitGauss_rms_err']
Sep 02 22:57:09 INFO >> Performing searching on cumulative stack 315.95 49.23
Sep 02 22:57:09 INFO >> Loading the cumulative power spectra stack to search
Sep 02 22:58:06 INFO >> DM: 189.8099968079018
Sep 02 22:58:06 INFO >> sigma: 16.185860712940247
Sep 02 22:58:06 INFO >> frequency: 11.611483873947313
Sep 02 22:58:06 INFO >> Injecting 43 harmonics.
Sep 02 22:58:06 INFO >> Starting DM: 180.94190439555945
Sep 02 22:58:06 INFO >> Stopping DM: 198.65154268930826
Sep 02 22:58:06 INFO >> Expected detection at 14.71 sigma with 16 harmonics.
Sep 02 22:58:21 INFO >> Start searching 6558 dm trials using 32 harmonics.
Sep 02 22:58:26 INFO >> Moved power spectra to shared memory.
Sep 02 22:58:26 INFO >> Number of dm trials in single multi processing job: 10
Sep 02 22:59:07 INFO >> Total number of detections=15891
Sep 02 22:59:07 INFO >> Clustering the detections
Sep 02 22:59:07 INFO >> Starting clustering
Sep 02 22:59:07 INFO >> Rogue harmonic power filter reduced detections from 15891 to 8824
Sep 02 22:59:07 INFO >> Filtering out duplicate freq,dm detections at multiple nharms removes 914 detections
Sep 02 22:59:07 INFO >> Duplicate freq,dm filter reduced detections to 7910
Sep 02 22:59:07 INFO >> Number of detections over threshold sigma (6.0): 7910
Sep 02 22:59:07 INFO >> Grouping duplicate frequencies together first
Sep 02 22:59:07 INFO >> Grouping duplicate frequencies removed 7355 detections from the harmonic metric computation
Sep 02 22:59:07 INFO >> Starting freq-DM distance metric computation
Sep 02 22:59:07 INFO >> Finished freq-DM distance metric computation
Sep 02 22:59:08 INFO >> Largest group size for metric computation is 97
Sep 02 22:59:08 INFO >> Starting harmonic distance metric computation
Sep 02 22:59:08 INFO >> Finished harmonic distance metric computation
Sep 02 22:59:08 INFO >> Starting DBSCAN
Sep 02 22:59:09 INFO >> Finished DBSCAN
Sep 02 22:59:09 INFO >> Clusters found: 77
Sep 02 22:59:09 INFO >> Filtered 32 clusters below or equal 2 DM.
Sep 02 22:59:09 INFO >> Total number of candidate clusters=2
Sep 02 22:59:09 INFO >> Candidate Processor of stack (315.95 49.23)
Sep 02 22:59:09 INFO >> Making SinglePointingCandidates from a list of 2 PowerSpectraDetectionClusters
Sep 02 22:59:11 INFO >> saved candidates to ./results//injections/315.95_49.23_cumulative_power_spectra_stack_20220627_11_tpa.yml_(581,)_candidates.npz
Sep 02 22:59:11 INFO >> Injected Pulsars:     1
Sep 02 22:59:11 INFO >> Injection Candidates: 2
Sep 02 22:59:11 INFO >> Recovered Injections: 1
Sep 02 22:59:11 INFO >> 2 candidates.
Sep 02 22:59:11 INFO >> Best candidate: F0: 11.611 DM: 189.75 Sigma: 14.41
Sep 02 22:59:12 INFO >> Unlinked shared memory for cumulative stack.
Sep 02 22:59:12 INFO >> Pipeline execution time: 2.06 minutes
