Sep 02 18:31:27 INFO >> {"message": "Waiting for suitable server to become available", "selector": "Primary()", "operation": "find", "topologyDescription": "<TopologyDescription id: 66d6047f7b08d05c84ee7bc3, topology_type: Unknown, servers: [<ServerDescription ('localhost', 27017) server_type: Unknown, rtt: None>]>", "clientId": {"$oid": "66d6047f7b08d05c84ee7bc3"}, "remainingTimeMS": 29}
Sep 02 18:31:27 INFO >> Features initialized as the following:
Sep 02 18:31:27 INFO >> num_unique_dms
Sep 02 18:31:27 INFO >> num_unique_freqs
Sep 02 18:31:27 INFO >> ndetections
Sep 02 18:31:27 INFO >> nharm
Sep 02 18:31:27 INFO >> log_p_dm
Sep 02 18:31:27 INFO >> ['dm_sigma_FitGaussWidth_gauss_sigma', 'dm_sigma_FitGaussWidth_gauss_sigma_rel_err', 'dm_sigma_FitGaussWidth_ndof', 'dm_sigma_FitGaussWidth_rms_err']
Sep 02 18:31:27 INFO >> ['dm_sigma_FitGauss_amplitude', 'dm_sigma_FitGauss_mu', 'dm_sigma_FitGauss_gauss_sigma', 'dm_sigma_FitGauss_amplitude_rel_err', 'dm_sigma_FitGauss_mu_rel_err', 'dm_sigma_FitGauss_gauss_sigma_rel_err', 'dm_sigma_FitGauss_amplitude-detection', 'dm_sigma_FitGauss_mu-detection', 'dm_sigma_FitGauss_ndof', 'dm_sigma_FitGauss_rms_err']
Sep 02 18:31:27 INFO >> ['freq_sigma_FitGaussWidth_gauss_sigma', 'freq_sigma_FitGaussWidth_gauss_sigma_rel_err', 'freq_sigma_FitGaussWidth_ndof', 'freq_sigma_FitGaussWidth_rms_err']
Sep 02 18:31:27 INFO >> ['freq_sigma_FitGauss_amplitude', 'freq_sigma_FitGauss_mu', 'freq_sigma_FitGauss_gauss_sigma', 'freq_sigma_FitGauss_amplitude_rel_err', 'freq_sigma_FitGauss_mu_rel_err', 'freq_sigma_FitGauss_gauss_sigma_rel_err', 'freq_sigma_FitGauss_amplitude-detection', 'freq_sigma_FitGauss_mu-detection', 'freq_sigma_FitGauss_ndof', 'freq_sigma_FitGauss_rms_err']
Sep 02 18:31:27 INFO >> Performing searching on cumulative stack 315.95 49.23
Sep 02 18:31:27 INFO >> Loading the cumulative power spectra stack to search
Sep 02 18:32:25 INFO >> DM: 12.19922443402119
Sep 02 18:32:25 INFO >> sigma: 12.646543604283497
Sep 02 18:32:25 INFO >> frequency: 22.27640651162358
Sep 02 18:32:25 INFO >> Injecting 22 harmonics.
Sep 02 18:32:25 INFO >> Starting DM: 7.589844983035212
Sep 02 18:32:25 INFO >> Stopping DM: 16.798856895784603
Sep 02 18:32:25 INFO >> Expected detection at 9.07 sigma with 16 harmonics.
Sep 02 18:32:39 INFO >> Start searching 6558 dm trials using 32 harmonics.
Sep 02 18:32:45 INFO >> Moved power spectra to shared memory.
Sep 02 18:32:45 INFO >> Number of dm trials in single multi processing job: 10
Sep 02 18:33:25 INFO >> Total number of detections=15599
Sep 02 18:33:25 INFO >> Clustering the detections
Sep 02 18:33:25 INFO >> Starting clustering
Sep 02 18:33:25 INFO >> Rogue harmonic power filter reduced detections from 15599 to 8541
Sep 02 18:33:25 INFO >> Filtering out duplicate freq,dm detections at multiple nharms removes 789 detections
Sep 02 18:33:25 INFO >> Duplicate freq,dm filter reduced detections to 7752
Sep 02 18:33:25 INFO >> Number of detections over threshold sigma (6.0): 7752
Sep 02 18:33:25 INFO >> Grouping duplicate frequencies together first
Sep 02 18:33:25 INFO >> Grouping duplicate frequencies removed 7224 detections from the harmonic metric computation
Sep 02 18:33:25 INFO >> Starting freq-DM distance metric computation
Sep 02 18:33:26 INFO >> Finished freq-DM distance metric computation
Sep 02 18:33:26 INFO >> Largest group size for metric computation is 97
Sep 02 18:33:26 INFO >> Starting harmonic distance metric computation
Sep 02 18:33:27 INFO >> Finished harmonic distance metric computation
Sep 02 18:33:27 INFO >> Starting DBSCAN
Sep 02 18:33:27 INFO >> Finished DBSCAN
Sep 02 18:33:27 INFO >> Clusters found: 76
Sep 02 18:33:27 INFO >> Filtered 32 clusters below or equal 2 DM.
Sep 02 18:33:27 INFO >> Total number of candidate clusters=1
Sep 02 18:33:27 INFO >> Candidate Processor of stack (315.95 49.23)
Sep 02 18:33:27 INFO >> Making SinglePointingCandidates from a list of 1 PowerSpectraDetectionClusters
Sep 02 18:33:29 INFO >> saved candidates to ./results//injections/315.95_49.23_cumulative_power_spectra_stack_20220627_11_tpa.yml_(454,)_candidates.npz
Sep 02 18:33:29 INFO >> Injected Pulsars:     1
Sep 02 18:33:29 INFO >> Injection Candidates: 1
Sep 02 18:33:29 INFO >> Recovered Injections: 1
Sep 02 18:33:29 INFO >> 1 candidates.
Sep 02 18:33:29 INFO >> Best candidate: F0: 22.276 DM: 12.24 Sigma: 9.85
Sep 02 18:33:31 INFO >> Unlinked shared memory for cumulative stack.
Sep 02 18:33:31 INFO >> Pipeline execution time: 2.06 minutes
