Sep 02 20:05:36 INFO >> {"message": "Waiting for suitable server to become available", "selector": "Primary()", "operation": "find", "topologyDescription": "<TopologyDescription id: 66d61a9013b8684a5c60530f, topology_type: Unknown, servers: [<ServerDescription ('localhost', 27017) server_type: Unknown, rtt: None>]>", "clientId": {"$oid": "66d61a9013b8684a5c60530f"}, "remainingTimeMS": 29}
Sep 02 20:05:36 INFO >> Features initialized as the following:
Sep 02 20:05:36 INFO >> num_unique_dms
Sep 02 20:05:36 INFO >> num_unique_freqs
Sep 02 20:05:36 INFO >> ndetections
Sep 02 20:05:36 INFO >> nharm
Sep 02 20:05:36 INFO >> log_p_dm
Sep 02 20:05:36 INFO >> ['dm_sigma_FitGaussWidth_gauss_sigma', 'dm_sigma_FitGaussWidth_gauss_sigma_rel_err', 'dm_sigma_FitGaussWidth_ndof', 'dm_sigma_FitGaussWidth_rms_err']
Sep 02 20:05:36 INFO >> ['dm_sigma_FitGauss_amplitude', 'dm_sigma_FitGauss_mu', 'dm_sigma_FitGauss_gauss_sigma', 'dm_sigma_FitGauss_amplitude_rel_err', 'dm_sigma_FitGauss_mu_rel_err', 'dm_sigma_FitGauss_gauss_sigma_rel_err', 'dm_sigma_FitGauss_amplitude-detection', 'dm_sigma_FitGauss_mu-detection', 'dm_sigma_FitGauss_ndof', 'dm_sigma_FitGauss_rms_err']
Sep 02 20:05:36 INFO >> ['freq_sigma_FitGaussWidth_gauss_sigma', 'freq_sigma_FitGaussWidth_gauss_sigma_rel_err', 'freq_sigma_FitGaussWidth_ndof', 'freq_sigma_FitGaussWidth_rms_err']
Sep 02 20:05:36 INFO >> ['freq_sigma_FitGauss_amplitude', 'freq_sigma_FitGauss_mu', 'freq_sigma_FitGauss_gauss_sigma', 'freq_sigma_FitGauss_amplitude_rel_err', 'freq_sigma_FitGauss_mu_rel_err', 'freq_sigma_FitGauss_gauss_sigma_rel_err', 'freq_sigma_FitGauss_amplitude-detection', 'freq_sigma_FitGauss_mu-detection', 'freq_sigma_FitGauss_ndof', 'freq_sigma_FitGauss_rms_err']
Sep 02 20:05:36 INFO >> Performing searching on cumulative stack 315.95 49.23
Sep 02 20:05:36 INFO >> Loading the cumulative power spectra stack to search
Sep 02 20:06:33 INFO >> DM: 199.56189283750751
Sep 02 20:06:33 INFO >> sigma: 12.534348460532144
Sep 02 20:06:33 INFO >> frequency: 60.465702388782866
Sep 02 20:06:33 INFO >> Injecting 8 harmonics.
Sep 02 20:06:33 INFO >> Starting DM: 197.8419592244512
Sep 02 20:06:33 INFO >> Stopping DM: 201.28268895009379
Sep 02 20:06:33 INFO >> Expected detection at 9.28 sigma with 8 harmonics.
Sep 02 20:06:47 INFO >> Start searching 6558 dm trials using 32 harmonics.
Sep 02 20:06:53 INFO >> Moved power spectra to shared memory.
Sep 02 20:06:53 INFO >> Number of dm trials in single multi processing job: 10
Sep 02 20:07:33 INFO >> Total number of detections=15611
Sep 02 20:07:33 INFO >> Clustering the detections
Sep 02 20:07:33 INFO >> Starting clustering
Sep 02 20:07:34 INFO >> Rogue harmonic power filter reduced detections from 15611 to 8553
Sep 02 20:07:34 INFO >> Filtering out duplicate freq,dm detections at multiple nharms removes 799 detections
Sep 02 20:07:34 INFO >> Duplicate freq,dm filter reduced detections to 7754
Sep 02 20:07:34 INFO >> Number of detections over threshold sigma (6.0): 7754
Sep 02 20:07:34 INFO >> Grouping duplicate frequencies together first
Sep 02 20:07:34 INFO >> Grouping duplicate frequencies removed 7228 detections from the harmonic metric computation
Sep 02 20:07:34 INFO >> Starting freq-DM distance metric computation
Sep 02 20:07:34 INFO >> Finished freq-DM distance metric computation
Sep 02 20:07:34 INFO >> Largest group size for metric computation is 97
Sep 02 20:07:34 INFO >> Starting harmonic distance metric computation
Sep 02 20:07:35 INFO >> Finished harmonic distance metric computation
Sep 02 20:07:35 INFO >> Starting DBSCAN
Sep 02 20:07:35 INFO >> Finished DBSCAN
Sep 02 20:07:35 INFO >> Clusters found: 76
Sep 02 20:07:35 INFO >> Filtered 32 clusters below or equal 2 DM.
Sep 02 20:07:35 INFO >> Total number of candidate clusters=1
Sep 02 20:07:35 INFO >> Candidate Processor of stack (315.95 49.23)
Sep 02 20:07:35 INFO >> Making SinglePointingCandidates from a list of 1 PowerSpectraDetectionClusters
Sep 02 20:07:37 INFO >> saved candidates to ./results//injections/315.95_49.23_cumulative_power_spectra_stack_20220627_11_tpa.yml_(499,)_candidates.npz
Sep 02 20:07:37 INFO >> Injected Pulsars:     1
Sep 02 20:07:37 INFO >> Injection Candidates: 1
Sep 02 20:07:37 INFO >> Recovered Injections: 1
Sep 02 20:07:37 INFO >> 1 candidates.
Sep 02 20:07:37 INFO >> Best candidate: F0: 60.466 DM: 199.56 Sigma: 8.55
Sep 02 20:07:39 INFO >> Unlinked shared memory for cumulative stack.
Sep 02 20:07:39 INFO >> Pipeline execution time: 2.05 minutes
