Sep 02 08:32:51 INFO >> {"message": "Waiting for suitable server to become available", "selector": "Primary()", "operation": "find", "topologyDescription": "<TopologyDescription id: 66d578338ae7245d55ef73a6, topology_type: Unknown, servers: [<ServerDescription ('localhost', 27017) server_type: Unknown, rtt: None>]>", "clientId": {"$oid": "66d578338ae7245d55ef73a6"}, "remainingTimeMS": 29}
Sep 02 08:32:52 INFO >> Features initialized as the following:
Sep 02 08:32:52 INFO >> num_unique_dms
Sep 02 08:32:52 INFO >> num_unique_freqs
Sep 02 08:32:52 INFO >> ndetections
Sep 02 08:32:52 INFO >> nharm
Sep 02 08:32:52 INFO >> log_p_dm
Sep 02 08:32:52 INFO >> ['dm_sigma_FitGaussWidth_gauss_sigma', 'dm_sigma_FitGaussWidth_gauss_sigma_rel_err', 'dm_sigma_FitGaussWidth_ndof', 'dm_sigma_FitGaussWidth_rms_err']
Sep 02 08:32:52 INFO >> ['dm_sigma_FitGauss_amplitude', 'dm_sigma_FitGauss_mu', 'dm_sigma_FitGauss_gauss_sigma', 'dm_sigma_FitGauss_amplitude_rel_err', 'dm_sigma_FitGauss_mu_rel_err', 'dm_sigma_FitGauss_gauss_sigma_rel_err', 'dm_sigma_FitGauss_amplitude-detection', 'dm_sigma_FitGauss_mu-detection', 'dm_sigma_FitGauss_ndof', 'dm_sigma_FitGauss_rms_err']
Sep 02 08:32:52 INFO >> ['freq_sigma_FitGaussWidth_gauss_sigma', 'freq_sigma_FitGaussWidth_gauss_sigma_rel_err', 'freq_sigma_FitGaussWidth_ndof', 'freq_sigma_FitGaussWidth_rms_err']
Sep 02 08:32:52 INFO >> ['freq_sigma_FitGauss_amplitude', 'freq_sigma_FitGauss_mu', 'freq_sigma_FitGauss_gauss_sigma', 'freq_sigma_FitGauss_amplitude_rel_err', 'freq_sigma_FitGauss_mu_rel_err', 'freq_sigma_FitGauss_gauss_sigma_rel_err', 'freq_sigma_FitGauss_amplitude-detection', 'freq_sigma_FitGauss_mu-detection', 'freq_sigma_FitGauss_ndof', 'freq_sigma_FitGauss_rms_err']
Sep 02 08:32:52 INFO >> Performing searching on cumulative stack 315.95 49.23
Sep 02 08:32:52 INFO >> Loading the cumulative power spectra stack to search
Sep 02 08:33:49 INFO >> DM: 121.00813585879378
Sep 02 08:33:49 INFO >> sigma: 10.176333514551542
Sep 02 08:33:49 INFO >> frequency: 29.454655594525708
Sep 02 08:33:49 INFO >> Injecting 17 harmonics.
Sep 02 08:33:49 INFO >> Starting DM: 117.4908003373851
Sep 02 08:33:49 INFO >> Stopping DM: 124.47345772177746
Sep 02 08:33:49 INFO >> Expected detection at 8.53 sigma with 2 harmonics.
Sep 02 08:34:03 INFO >> Start searching 6558 dm trials using 32 harmonics.
Sep 02 08:34:09 INFO >> Moved power spectra to shared memory.
Sep 02 08:34:09 INFO >> Number of dm trials in single multi processing job: 10
Sep 02 08:34:50 INFO >> Total number of detections=15655
Sep 02 08:34:50 INFO >> Clustering the detections
Sep 02 08:34:50 INFO >> Starting clustering
Sep 02 08:34:50 INFO >> Rogue harmonic power filter reduced detections from 15655 to 8597
Sep 02 08:34:50 INFO >> Filtering out duplicate freq,dm detections at multiple nharms removes 800 detections
Sep 02 08:34:50 INFO >> Duplicate freq,dm filter reduced detections to 7797
Sep 02 08:34:50 INFO >> Number of detections over threshold sigma (6.0): 7797
Sep 02 08:34:50 INFO >> Grouping duplicate frequencies together first
Sep 02 08:34:50 INFO >> Grouping duplicate frequencies removed 7267 detections from the harmonic metric computation
Sep 02 08:34:50 INFO >> Starting freq-DM distance metric computation
Sep 02 08:34:51 INFO >> Finished freq-DM distance metric computation
Sep 02 08:34:51 INFO >> Largest group size for metric computation is 97
Sep 02 08:34:51 INFO >> Starting harmonic distance metric computation
Sep 02 08:34:52 INFO >> Finished harmonic distance metric computation
Sep 02 08:34:52 INFO >> Starting DBSCAN
Sep 02 08:34:52 INFO >> Finished DBSCAN
Sep 02 08:34:52 INFO >> Clusters found: 76
Sep 02 08:34:52 INFO >> Filtered 32 clusters below or equal 2 DM.
Sep 02 08:34:52 INFO >> Total number of candidate clusters=1
Sep 02 08:34:52 INFO >> Candidate Processor of stack (315.95 49.23)
Sep 02 08:34:52 INFO >> Making SinglePointingCandidates from a list of 1 PowerSpectraDetectionClusters
Sep 02 08:34:54 INFO >> saved candidates to ./results//injections/315.95_49.23_cumulative_power_spectra_stack_20220627_11_tpa.yml_(168,)_candidates.npz
Sep 02 08:34:54 INFO >> Injected Pulsars:     1
Sep 02 08:34:54 INFO >> Injection Candidates: 1
Sep 02 08:34:54 INFO >> Recovered Injections: 1
Sep 02 08:34:54 INFO >> 1 candidates.
Sep 02 08:34:54 INFO >> Best candidate: F0: 29.455 DM: 120.93 Sigma: 9.26
Sep 02 08:34:55 INFO >> Unlinked shared memory for cumulative stack.
Sep 02 08:34:55 INFO >> Pipeline execution time: 2.06 minutes
