Sep 02 18:50:17 INFO >> {"message": "Waiting for suitable server to become available", "selector": "Primary()", "operation": "find", "topologyDescription": "<TopologyDescription id: 66d608e9d45a1e773ee6c0b5, topology_type: Unknown, servers: [<ServerDescription ('localhost', 27017) server_type: Unknown, rtt: None>]>", "clientId": {"$oid": "66d608e9d45a1e773ee6c0b5"}, "remainingTimeMS": 29}
Sep 02 18:50:17 INFO >> Features initialized as the following:
Sep 02 18:50:17 INFO >> num_unique_dms
Sep 02 18:50:17 INFO >> num_unique_freqs
Sep 02 18:50:17 INFO >> ndetections
Sep 02 18:50:17 INFO >> nharm
Sep 02 18:50:17 INFO >> log_p_dm
Sep 02 18:50:17 INFO >> ['dm_sigma_FitGaussWidth_gauss_sigma', 'dm_sigma_FitGaussWidth_gauss_sigma_rel_err', 'dm_sigma_FitGaussWidth_ndof', 'dm_sigma_FitGaussWidth_rms_err']
Sep 02 18:50:17 INFO >> ['dm_sigma_FitGauss_amplitude', 'dm_sigma_FitGauss_mu', 'dm_sigma_FitGauss_gauss_sigma', 'dm_sigma_FitGauss_amplitude_rel_err', 'dm_sigma_FitGauss_mu_rel_err', 'dm_sigma_FitGauss_gauss_sigma_rel_err', 'dm_sigma_FitGauss_amplitude-detection', 'dm_sigma_FitGauss_mu-detection', 'dm_sigma_FitGauss_ndof', 'dm_sigma_FitGauss_rms_err']
Sep 02 18:50:17 INFO >> ['freq_sigma_FitGaussWidth_gauss_sigma', 'freq_sigma_FitGaussWidth_gauss_sigma_rel_err', 'freq_sigma_FitGaussWidth_ndof', 'freq_sigma_FitGaussWidth_rms_err']
Sep 02 18:50:17 INFO >> ['freq_sigma_FitGauss_amplitude', 'freq_sigma_FitGauss_mu', 'freq_sigma_FitGauss_gauss_sigma', 'freq_sigma_FitGauss_amplitude_rel_err', 'freq_sigma_FitGauss_mu_rel_err', 'freq_sigma_FitGauss_gauss_sigma_rel_err', 'freq_sigma_FitGauss_amplitude-detection', 'freq_sigma_FitGauss_mu-detection', 'freq_sigma_FitGauss_ndof', 'freq_sigma_FitGauss_rms_err']
Sep 02 18:50:17 INFO >> Performing searching on cumulative stack 315.95 49.23
Sep 02 18:50:17 INFO >> Loading the cumulative power spectra stack to search
Sep 02 18:51:15 INFO >> DM: 142.44851390193196
Sep 02 18:51:15 INFO >> sigma: 16.82855791230744
Sep 02 18:51:15 INFO >> frequency: 64.5706044899647
Sep 02 18:51:15 INFO >> Injecting 7 harmonics.
Sep 02 18:51:15 INFO >> Starting DM: 140.86752288513352
Sep 02 18:51:15 INFO >> Stopping DM: 144.00465881145473
Sep 02 18:51:15 INFO >> Expected detection at 6.88 sigma with 4 harmonics.
Sep 02 18:51:29 INFO >> Start searching 6558 dm trials using 32 harmonics.
Sep 02 18:51:34 INFO >> Moved power spectra to shared memory.
Sep 02 18:51:34 INFO >> Number of dm trials in single multi processing job: 10
Sep 02 18:52:15 INFO >> Total number of detections=15581
Sep 02 18:52:15 INFO >> Clustering the detections
Sep 02 18:52:15 INFO >> Starting clustering
Sep 02 18:52:15 INFO >> Rogue harmonic power filter reduced detections from 15581 to 8523
Sep 02 18:52:15 INFO >> Filtering out duplicate freq,dm detections at multiple nharms removes 789 detections
Sep 02 18:52:15 INFO >> Duplicate freq,dm filter reduced detections to 7734
Sep 02 18:52:15 INFO >> Number of detections over threshold sigma (6.0): 7734
Sep 02 18:52:15 INFO >> Grouping duplicate frequencies together first
Sep 02 18:52:15 INFO >> Grouping duplicate frequencies removed 7215 detections from the harmonic metric computation
Sep 02 18:52:15 INFO >> Starting freq-DM distance metric computation
Sep 02 18:52:15 INFO >> Finished freq-DM distance metric computation
Sep 02 18:52:15 INFO >> Largest group size for metric computation is 98
Sep 02 18:52:15 INFO >> Starting harmonic distance metric computation
Sep 02 18:52:16 INFO >> Finished harmonic distance metric computation
Sep 02 18:52:16 INFO >> Starting DBSCAN
Sep 02 18:52:16 INFO >> Finished DBSCAN
Sep 02 18:52:16 INFO >> Clusters found: 75
Sep 02 18:52:16 INFO >> Filtered 32 clusters below or equal 2 DM.
Sep 02 18:52:16 INFO >> Total number of candidate clusters=0
Sep 02 18:52:16 INFO >> Candidate Processor of stack (315.95 49.23)
Sep 02 18:52:16 INFO >> Making SinglePointingCandidates from a list of 0 PowerSpectraDetectionClusters
Sep 02 18:52:18 INFO >> saved candidates to ./results//injections/315.95_49.23_cumulative_power_spectra_stack_20220627_11_tpa.yml_(463,)_candidates.npz
Sep 02 18:52:18 INFO >> Injected Pulsars:     1
Sep 02 18:52:18 INFO >> Injection Candidates: 0
Sep 02 18:52:18 INFO >> Recovered Injections: 0
Sep 02 18:52:18 INFO >> 0 candidates.
Sep 02 18:52:20 INFO >> Unlinked shared memory for cumulative stack.
Sep 02 18:52:20 INFO >> Pipeline execution time: 2.05 minutes
