Sep 02 18:33:33 INFO >> {"message": "Waiting for suitable server to become available", "selector": "Primary()", "operation": "find", "topologyDescription": "<TopologyDescription id: 66d604fd6dbb2d23760b9704, topology_type: Unknown, servers: [<ServerDescription ('localhost', 27017) server_type: Unknown, rtt: None>]>", "clientId": {"$oid": "66d604fd6dbb2d23760b9704"}, "remainingTimeMS": 29}
Sep 02 18:33:33 INFO >> Features initialized as the following:
Sep 02 18:33:33 INFO >> num_unique_dms
Sep 02 18:33:33 INFO >> num_unique_freqs
Sep 02 18:33:33 INFO >> ndetections
Sep 02 18:33:33 INFO >> nharm
Sep 02 18:33:33 INFO >> log_p_dm
Sep 02 18:33:33 INFO >> ['dm_sigma_FitGaussWidth_gauss_sigma', 'dm_sigma_FitGaussWidth_gauss_sigma_rel_err', 'dm_sigma_FitGaussWidth_ndof', 'dm_sigma_FitGaussWidth_rms_err']
Sep 02 18:33:33 INFO >> ['dm_sigma_FitGauss_amplitude', 'dm_sigma_FitGauss_mu', 'dm_sigma_FitGauss_gauss_sigma', 'dm_sigma_FitGauss_amplitude_rel_err', 'dm_sigma_FitGauss_mu_rel_err', 'dm_sigma_FitGauss_gauss_sigma_rel_err', 'dm_sigma_FitGauss_amplitude-detection', 'dm_sigma_FitGauss_mu-detection', 'dm_sigma_FitGauss_ndof', 'dm_sigma_FitGauss_rms_err']
Sep 02 18:33:33 INFO >> ['freq_sigma_FitGaussWidth_gauss_sigma', 'freq_sigma_FitGaussWidth_gauss_sigma_rel_err', 'freq_sigma_FitGaussWidth_ndof', 'freq_sigma_FitGaussWidth_rms_err']
Sep 02 18:33:33 INFO >> ['freq_sigma_FitGauss_amplitude', 'freq_sigma_FitGauss_mu', 'freq_sigma_FitGauss_gauss_sigma', 'freq_sigma_FitGauss_amplitude_rel_err', 'freq_sigma_FitGauss_mu_rel_err', 'freq_sigma_FitGauss_gauss_sigma_rel_err', 'freq_sigma_FitGauss_amplitude-detection', 'freq_sigma_FitGauss_mu-detection', 'freq_sigma_FitGauss_ndof', 'freq_sigma_FitGauss_rms_err']
Sep 02 18:33:33 INFO >> Performing searching on cumulative stack 315.95 49.23
Sep 02 18:33:33 INFO >> Loading the cumulative power spectra stack to search
Sep 02 18:34:31 INFO >> DM: 52.23423266010843
Sep 02 18:34:31 INFO >> sigma: 11.369214105639763
Sep 02 18:34:31 INFO >> frequency: 81.7082318943605
Sep 02 18:34:31 INFO >> Injecting 6 harmonics.
Sep 02 18:34:31 INFO >> Starting DM: 51.00375828599662
Sep 02 18:34:31 INFO >> Stopping DM: 53.53370661367502
Sep 02 18:34:31 INFO >> Expected detection at 7.47 sigma with 4 harmonics.
Sep 02 18:34:45 INFO >> Start searching 6558 dm trials using 32 harmonics.
Sep 02 18:34:51 INFO >> Moved power spectra to shared memory.
Sep 02 18:34:51 INFO >> Number of dm trials in single multi processing job: 10
Sep 02 18:35:31 INFO >> Total number of detections=15583
Sep 02 18:35:31 INFO >> Clustering the detections
Sep 02 18:35:31 INFO >> Starting clustering
Sep 02 18:35:31 INFO >> Rogue harmonic power filter reduced detections from 15583 to 8525
Sep 02 18:35:31 INFO >> Filtering out duplicate freq,dm detections at multiple nharms removes 787 detections
Sep 02 18:35:31 INFO >> Duplicate freq,dm filter reduced detections to 7738
Sep 02 18:35:31 INFO >> Number of detections over threshold sigma (6.0): 7738
Sep 02 18:35:31 INFO >> Grouping duplicate frequencies together first
Sep 02 18:35:31 INFO >> Grouping duplicate frequencies removed 7216 detections from the harmonic metric computation
Sep 02 18:35:31 INFO >> Starting freq-DM distance metric computation
Sep 02 18:35:32 INFO >> Finished freq-DM distance metric computation
Sep 02 18:35:32 INFO >> Largest group size for metric computation is 97
Sep 02 18:35:32 INFO >> Starting harmonic distance metric computation
Sep 02 18:35:33 INFO >> Finished harmonic distance metric computation
Sep 02 18:35:33 INFO >> Starting DBSCAN
Sep 02 18:35:33 INFO >> Finished DBSCAN
Sep 02 18:35:33 INFO >> Clusters found: 76
Sep 02 18:35:33 INFO >> Filtered 32 clusters below or equal 2 DM.
Sep 02 18:35:33 INFO >> Total number of candidate clusters=1
Sep 02 18:35:33 INFO >> Candidate Processor of stack (315.95 49.23)
Sep 02 18:35:33 INFO >> Making SinglePointingCandidates from a list of 1 PowerSpectraDetectionClusters
Sep 02 18:35:35 INFO >> saved candidates to ./results//injections/315.95_49.23_cumulative_power_spectra_stack_20220627_11_tpa.yml_(455,)_candidates.npz
Sep 02 18:35:35 INFO >> Injected Pulsars:     1
Sep 02 18:35:35 INFO >> Injection Candidates: 1
Sep 02 18:35:35 INFO >> Recovered Injections: 1
Sep 02 18:35:35 INFO >> 1 candidates.
Sep 02 18:35:35 INFO >> Best candidate: F0: 81.708 DM: 52.22 Sigma: 8.32
Sep 02 18:35:36 INFO >> Unlinked shared memory for cumulative stack.
Sep 02 18:35:36 INFO >> Pipeline execution time: 2.06 minutes
