Sep 02 14:30:39 INFO >> {"message": "Waiting for suitable server to become available", "selector": "Primary()", "operation": "find", "topologyDescription": "<TopologyDescription id: 66d5cc0ffaa5d4e5f1eb7c44, topology_type: Unknown, servers: [<ServerDescription ('localhost', 27017) server_type: Unknown, rtt: None>]>", "clientId": {"$oid": "66d5cc0ffaa5d4e5f1eb7c44"}, "remainingTimeMS": 29}
Sep 02 14:30:39 INFO >> Features initialized as the following:
Sep 02 14:30:39 INFO >> num_unique_dms
Sep 02 14:30:39 INFO >> num_unique_freqs
Sep 02 14:30:39 INFO >> ndetections
Sep 02 14:30:39 INFO >> nharm
Sep 02 14:30:39 INFO >> log_p_dm
Sep 02 14:30:39 INFO >> ['dm_sigma_FitGaussWidth_gauss_sigma', 'dm_sigma_FitGaussWidth_gauss_sigma_rel_err', 'dm_sigma_FitGaussWidth_ndof', 'dm_sigma_FitGaussWidth_rms_err']
Sep 02 14:30:39 INFO >> ['dm_sigma_FitGauss_amplitude', 'dm_sigma_FitGauss_mu', 'dm_sigma_FitGauss_gauss_sigma', 'dm_sigma_FitGauss_amplitude_rel_err', 'dm_sigma_FitGauss_mu_rel_err', 'dm_sigma_FitGauss_gauss_sigma_rel_err', 'dm_sigma_FitGauss_amplitude-detection', 'dm_sigma_FitGauss_mu-detection', 'dm_sigma_FitGauss_ndof', 'dm_sigma_FitGauss_rms_err']
Sep 02 14:30:39 INFO >> ['freq_sigma_FitGaussWidth_gauss_sigma', 'freq_sigma_FitGaussWidth_gauss_sigma_rel_err', 'freq_sigma_FitGaussWidth_ndof', 'freq_sigma_FitGaussWidth_rms_err']
Sep 02 14:30:39 INFO >> ['freq_sigma_FitGauss_amplitude', 'freq_sigma_FitGauss_mu', 'freq_sigma_FitGauss_gauss_sigma', 'freq_sigma_FitGauss_amplitude_rel_err', 'freq_sigma_FitGauss_mu_rel_err', 'freq_sigma_FitGauss_gauss_sigma_rel_err', 'freq_sigma_FitGauss_amplitude-detection', 'freq_sigma_FitGauss_mu-detection', 'freq_sigma_FitGauss_ndof', 'freq_sigma_FitGauss_rms_err']
Sep 02 14:30:39 INFO >> Performing searching on cumulative stack 315.95 49.23
Sep 02 14:30:39 INFO >> Loading the cumulative power spectra stack to search
Sep 02 14:31:36 INFO >> DM: 194.7294503769332
Sep 02 14:31:36 INFO >> sigma: 16.723730829741974
Sep 02 14:31:36 INFO >> frequency: 17.99830512199017
Sep 02 14:31:36 INFO >> Injecting 28 harmonics.
Sep 02 14:31:36 INFO >> Starting DM: 189.03773904413032
Sep 02 14:31:36 INFO >> Stopping DM: 200.47310548523672
Sep 02 14:31:36 INFO >> Expected detection at 11.74 sigma with 16 harmonics.
Sep 02 14:31:50 INFO >> Start searching 6558 dm trials using 32 harmonics.
Sep 02 14:31:56 INFO >> Moved power spectra to shared memory.
Sep 02 14:31:56 INFO >> Number of dm trials in single multi processing job: 10
Sep 02 14:32:37 INFO >> Total number of detections=15625
Sep 02 14:32:37 INFO >> Clustering the detections
Sep 02 14:32:37 INFO >> Starting clustering
Sep 02 14:32:37 INFO >> Rogue harmonic power filter reduced detections from 15625 to 8567
Sep 02 14:32:37 INFO >> Filtering out duplicate freq,dm detections at multiple nharms removes 805 detections
Sep 02 14:32:37 INFO >> Duplicate freq,dm filter reduced detections to 7762
Sep 02 14:32:37 INFO >> Number of detections over threshold sigma (6.0): 7762
Sep 02 14:32:37 INFO >> Grouping duplicate frequencies together first
Sep 02 14:32:37 INFO >> Grouping duplicate frequencies removed 7231 detections from the harmonic metric computation
Sep 02 14:32:37 INFO >> Starting freq-DM distance metric computation
Sep 02 14:32:38 INFO >> Finished freq-DM distance metric computation
Sep 02 14:32:38 INFO >> Largest group size for metric computation is 97
Sep 02 14:32:38 INFO >> Starting harmonic distance metric computation
Sep 02 14:32:39 INFO >> Finished harmonic distance metric computation
Sep 02 14:32:39 INFO >> Starting DBSCAN
Sep 02 14:32:39 INFO >> Finished DBSCAN
Sep 02 14:32:39 INFO >> Clusters found: 76
Sep 02 14:32:39 INFO >> Filtered 32 clusters below or equal 2 DM.
Sep 02 14:32:39 INFO >> Total number of candidate clusters=1
Sep 02 14:32:39 INFO >> Candidate Processor of stack (315.95 49.23)
Sep 02 14:32:39 INFO >> Making SinglePointingCandidates from a list of 1 PowerSpectraDetectionClusters
Sep 02 14:32:41 INFO >> saved candidates to ./results//injections/315.95_49.23_cumulative_power_spectra_stack_20220627_11_tpa.yml_(339,)_candidates.npz
Sep 02 14:32:41 INFO >> Injected Pulsars:     1
Sep 02 14:32:41 INFO >> Injection Candidates: 1
Sep 02 14:32:41 INFO >> Recovered Injections: 1
Sep 02 14:32:41 INFO >> 1 candidates.
Sep 02 14:32:41 INFO >> Best candidate: F0: 17.998 DM: 194.70 Sigma: 11.05
Sep 02 14:32:42 INFO >> Unlinked shared memory for cumulative stack.
Sep 02 14:32:42 INFO >> Pipeline execution time: 2.06 minutes
