Sep 02 16:06:59 INFO >> {"message": "Waiting for suitable server to become available", "selector": "Primary()", "operation": "find", "topologyDescription": "<TopologyDescription id: 66d5e2a3a80110c5ccd2728f, topology_type: Unknown, servers: [<ServerDescription ('localhost', 27017) server_type: Unknown, rtt: None>]>", "clientId": {"$oid": "66d5e2a3a80110c5ccd2728f"}, "remainingTimeMS": 29}
Sep 02 16:07:00 INFO >> Features initialized as the following:
Sep 02 16:07:00 INFO >> num_unique_dms
Sep 02 16:07:00 INFO >> num_unique_freqs
Sep 02 16:07:00 INFO >> ndetections
Sep 02 16:07:00 INFO >> nharm
Sep 02 16:07:00 INFO >> log_p_dm
Sep 02 16:07:00 INFO >> ['dm_sigma_FitGaussWidth_gauss_sigma', 'dm_sigma_FitGaussWidth_gauss_sigma_rel_err', 'dm_sigma_FitGaussWidth_ndof', 'dm_sigma_FitGaussWidth_rms_err']
Sep 02 16:07:00 INFO >> ['dm_sigma_FitGauss_amplitude', 'dm_sigma_FitGauss_mu', 'dm_sigma_FitGauss_gauss_sigma', 'dm_sigma_FitGauss_amplitude_rel_err', 'dm_sigma_FitGauss_mu_rel_err', 'dm_sigma_FitGauss_gauss_sigma_rel_err', 'dm_sigma_FitGauss_amplitude-detection', 'dm_sigma_FitGauss_mu-detection', 'dm_sigma_FitGauss_ndof', 'dm_sigma_FitGauss_rms_err']
Sep 02 16:07:00 INFO >> ['freq_sigma_FitGaussWidth_gauss_sigma', 'freq_sigma_FitGaussWidth_gauss_sigma_rel_err', 'freq_sigma_FitGaussWidth_ndof', 'freq_sigma_FitGaussWidth_rms_err']
Sep 02 16:07:00 INFO >> ['freq_sigma_FitGauss_amplitude', 'freq_sigma_FitGauss_mu', 'freq_sigma_FitGauss_gauss_sigma', 'freq_sigma_FitGauss_amplitude_rel_err', 'freq_sigma_FitGauss_mu_rel_err', 'freq_sigma_FitGauss_gauss_sigma_rel_err', 'freq_sigma_FitGauss_amplitude-detection', 'freq_sigma_FitGauss_mu-detection', 'freq_sigma_FitGauss_ndof', 'freq_sigma_FitGauss_rms_err']
Sep 02 16:07:00 INFO >> Performing searching on cumulative stack 315.95 49.23
Sep 02 16:07:00 INFO >> Loading the cumulative power spectra stack to search
Sep 02 16:07:57 INFO >> DM: 169.24619978117178
Sep 02 16:07:57 INFO >> sigma: 15.100244161369165
Sep 02 16:07:57 INFO >> frequency: 12.119230391605598
Sep 02 16:07:57 INFO >> Injecting 41 harmonics.
Sep 02 16:07:57 INFO >> Starting DM: 160.7023177741322
Sep 02 16:07:57 INFO >> Stopping DM: 177.7035705361311
Sep 02 16:07:57 INFO >> Expected detection at 12.98 sigma with 32 harmonics.
Sep 02 16:08:11 INFO >> Start searching 6558 dm trials using 32 harmonics.
Sep 02 16:08:17 INFO >> Moved power spectra to shared memory.
Sep 02 16:08:17 INFO >> Number of dm trials in single multi processing job: 10
Sep 02 16:08:57 INFO >> Total number of detections=15613
Sep 02 16:08:57 INFO >> Clustering the detections
Sep 02 16:08:57 INFO >> Starting clustering
Sep 02 16:08:57 INFO >> Rogue harmonic power filter reduced detections from 15613 to 8555
Sep 02 16:08:57 INFO >> Filtering out duplicate freq,dm detections at multiple nharms removes 794 detections
Sep 02 16:08:57 INFO >> Duplicate freq,dm filter reduced detections to 7761
Sep 02 16:08:57 INFO >> Number of detections over threshold sigma (6.0): 7761
Sep 02 16:08:57 INFO >> Grouping duplicate frequencies together first
Sep 02 16:08:57 INFO >> Grouping duplicate frequencies removed 7234 detections from the harmonic metric computation
Sep 02 16:08:57 INFO >> Starting freq-DM distance metric computation
Sep 02 16:08:58 INFO >> Finished freq-DM distance metric computation
Sep 02 16:08:58 INFO >> Largest group size for metric computation is 97
Sep 02 16:08:58 INFO >> Starting harmonic distance metric computation
Sep 02 16:08:58 INFO >> Finished harmonic distance metric computation
Sep 02 16:08:58 INFO >> Starting DBSCAN
Sep 02 16:08:59 INFO >> Finished DBSCAN
Sep 02 16:08:59 INFO >> Clusters found: 76
Sep 02 16:08:59 INFO >> Filtered 32 clusters below or equal 2 DM.
Sep 02 16:08:59 INFO >> Total number of candidate clusters=1
Sep 02 16:08:59 INFO >> Candidate Processor of stack (315.95 49.23)
Sep 02 16:08:59 INFO >> Making SinglePointingCandidates from a list of 1 PowerSpectraDetectionClusters
Sep 02 16:09:01 INFO >> saved candidates to ./results//injections/315.95_49.23_cumulative_power_spectra_stack_20220627_11_tpa.yml_(385,)_candidates.npz
Sep 02 16:09:01 INFO >> Injected Pulsars:     1
Sep 02 16:09:01 INFO >> Injection Candidates: 1
Sep 02 16:09:01 INFO >> Recovered Injections: 1
Sep 02 16:09:01 INFO >> 1 candidates.
Sep 02 16:09:01 INFO >> Best candidate: F0: 12.119 DM: 169.20 Sigma: 12.33
Sep 02 16:09:02 INFO >> Unlinked shared memory for cumulative stack.
Sep 02 16:09:02 INFO >> Pipeline execution time: 2.05 minutes
