Sep 02 23:57:49 INFO >> {"message": "Waiting for suitable server to become available", "selector": "Primary()", "operation": "find", "topologyDescription": "<TopologyDescription id: 66d650fd8086fd767027a01d, topology_type: Unknown, servers: [<ServerDescription ('localhost', 27017) server_type: Unknown, rtt: None>]>", "clientId": {"$oid": "66d650fd8086fd767027a01d"}, "remainingTimeMS": 29}
Sep 02 23:57:49 INFO >> Features initialized as the following:
Sep 02 23:57:49 INFO >> num_unique_dms
Sep 02 23:57:49 INFO >> num_unique_freqs
Sep 02 23:57:49 INFO >> ndetections
Sep 02 23:57:49 INFO >> nharm
Sep 02 23:57:49 INFO >> log_p_dm
Sep 02 23:57:49 INFO >> ['dm_sigma_FitGaussWidth_gauss_sigma', 'dm_sigma_FitGaussWidth_gauss_sigma_rel_err', 'dm_sigma_FitGaussWidth_ndof', 'dm_sigma_FitGaussWidth_rms_err']
Sep 02 23:57:49 INFO >> ['dm_sigma_FitGauss_amplitude', 'dm_sigma_FitGauss_mu', 'dm_sigma_FitGauss_gauss_sigma', 'dm_sigma_FitGauss_amplitude_rel_err', 'dm_sigma_FitGauss_mu_rel_err', 'dm_sigma_FitGauss_gauss_sigma_rel_err', 'dm_sigma_FitGauss_amplitude-detection', 'dm_sigma_FitGauss_mu-detection', 'dm_sigma_FitGauss_ndof', 'dm_sigma_FitGauss_rms_err']
Sep 02 23:57:49 INFO >> ['freq_sigma_FitGaussWidth_gauss_sigma', 'freq_sigma_FitGaussWidth_gauss_sigma_rel_err', 'freq_sigma_FitGaussWidth_ndof', 'freq_sigma_FitGaussWidth_rms_err']
Sep 02 23:57:49 INFO >> ['freq_sigma_FitGauss_amplitude', 'freq_sigma_FitGauss_mu', 'freq_sigma_FitGauss_gauss_sigma', 'freq_sigma_FitGauss_amplitude_rel_err', 'freq_sigma_FitGauss_mu_rel_err', 'freq_sigma_FitGauss_gauss_sigma_rel_err', 'freq_sigma_FitGauss_amplitude-detection', 'freq_sigma_FitGauss_mu-detection', 'freq_sigma_FitGauss_ndof', 'freq_sigma_FitGauss_rms_err']
Sep 02 23:57:49 INFO >> Performing searching on cumulative stack 315.95 49.23
Sep 02 23:57:49 INFO >> Loading the cumulative power spectra stack to search
Sep 02 23:58:47 INFO >> DM: 13.790846277206501
Sep 02 23:58:47 INFO >> sigma: 12.801816808779366
Sep 02 23:58:47 INFO >> frequency: 53.077078407101155
Sep 02 23:58:47 INFO >> Injecting 9 harmonics.
Sep 02 23:58:47 INFO >> Starting DM: 11.840158173534931
Sep 02 23:58:47 INFO >> Stopping DM: 15.685679631606105
Sep 02 23:58:47 INFO >> Expected detection at 10.10 sigma with 8 harmonics.
Sep 02 23:59:01 INFO >> Start searching 6558 dm trials using 32 harmonics.
Sep 02 23:59:07 INFO >> Moved power spectra to shared memory.
Sep 02 23:59:07 INFO >> Number of dm trials in single multi processing job: 10
Sep 02 23:59:47 INFO >> Total number of detections=15626
Sep 02 23:59:47 INFO >> Clustering the detections
Sep 02 23:59:47 INFO >> Starting clustering
Sep 02 23:59:47 INFO >> Rogue harmonic power filter reduced detections from 15626 to 8567
Sep 02 23:59:47 INFO >> Filtering out duplicate freq,dm detections at multiple nharms removes 805 detections
Sep 02 23:59:47 INFO >> Duplicate freq,dm filter reduced detections to 7762
Sep 02 23:59:47 INFO >> Number of detections over threshold sigma (6.0): 7762
Sep 02 23:59:47 INFO >> Grouping duplicate frequencies together first
Sep 02 23:59:47 INFO >> Grouping duplicate frequencies removed 7233 detections from the harmonic metric computation
Sep 02 23:59:47 INFO >> Starting freq-DM distance metric computation
Sep 02 23:59:48 INFO >> Finished freq-DM distance metric computation
Sep 02 23:59:48 INFO >> Largest group size for metric computation is 97
Sep 02 23:59:48 INFO >> Starting harmonic distance metric computation
Sep 02 23:59:49 INFO >> Finished harmonic distance metric computation
Sep 02 23:59:49 INFO >> Starting DBSCAN
Sep 02 23:59:49 INFO >> Finished DBSCAN
Sep 02 23:59:49 INFO >> Clusters found: 76
Sep 02 23:59:49 INFO >> Filtered 32 clusters below or equal 2 DM.
Sep 02 23:59:49 INFO >> Total number of candidate clusters=1
Sep 02 23:59:49 INFO >> Candidate Processor of stack (315.95 49.23)
Sep 02 23:59:49 INFO >> Making SinglePointingCandidates from a list of 1 PowerSpectraDetectionClusters
Sep 02 23:59:51 INFO >> saved candidates to ./results//injections/315.95_49.23_cumulative_power_spectra_stack_20220627_11_tpa.yml_(610,)_candidates.npz
Sep 02 23:59:51 INFO >> Injected Pulsars:     1
Sep 02 23:59:51 INFO >> Injection Candidates: 1
Sep 02 23:59:51 INFO >> Recovered Injections: 1
Sep 02 23:59:51 INFO >> 1 candidates.
Sep 02 23:59:51 INFO >> Best candidate: F0: 53.077 DM: 13.76 Sigma: 9.58
Sep 02 23:59:52 INFO >> Unlinked shared memory for cumulative stack.
Sep 02 23:59:52 INFO >> Pipeline execution time: 2.06 minutes
