Sep 02 03:33:42 INFO >> {"message": "Waiting for suitable server to become available", "selector": "Primary()", "operation": "find", "topologyDescription": "<TopologyDescription id: 66d532161893f7895afdbfeb, topology_type: Unknown, servers: [<ServerDescription ('localhost', 27017) server_type: Unknown, rtt: None>]>", "clientId": {"$oid": "66d532161893f7895afdbfeb"}, "remainingTimeMS": 29}
Sep 02 03:33:42 INFO >> Features initialized as the following:
Sep 02 03:33:42 INFO >> num_unique_dms
Sep 02 03:33:42 INFO >> num_unique_freqs
Sep 02 03:33:42 INFO >> ndetections
Sep 02 03:33:42 INFO >> nharm
Sep 02 03:33:42 INFO >> log_p_dm
Sep 02 03:33:42 INFO >> ['dm_sigma_FitGaussWidth_gauss_sigma', 'dm_sigma_FitGaussWidth_gauss_sigma_rel_err', 'dm_sigma_FitGaussWidth_ndof', 'dm_sigma_FitGaussWidth_rms_err']
Sep 02 03:33:42 INFO >> ['dm_sigma_FitGauss_amplitude', 'dm_sigma_FitGauss_mu', 'dm_sigma_FitGauss_gauss_sigma', 'dm_sigma_FitGauss_amplitude_rel_err', 'dm_sigma_FitGauss_mu_rel_err', 'dm_sigma_FitGauss_gauss_sigma_rel_err', 'dm_sigma_FitGauss_amplitude-detection', 'dm_sigma_FitGauss_mu-detection', 'dm_sigma_FitGauss_ndof', 'dm_sigma_FitGauss_rms_err']
Sep 02 03:33:42 INFO >> ['freq_sigma_FitGaussWidth_gauss_sigma', 'freq_sigma_FitGaussWidth_gauss_sigma_rel_err', 'freq_sigma_FitGaussWidth_ndof', 'freq_sigma_FitGaussWidth_rms_err']
Sep 02 03:33:42 INFO >> ['freq_sigma_FitGauss_amplitude', 'freq_sigma_FitGauss_mu', 'freq_sigma_FitGauss_gauss_sigma', 'freq_sigma_FitGauss_amplitude_rel_err', 'freq_sigma_FitGauss_mu_rel_err', 'freq_sigma_FitGauss_gauss_sigma_rel_err', 'freq_sigma_FitGauss_amplitude-detection', 'freq_sigma_FitGauss_mu-detection', 'freq_sigma_FitGauss_ndof', 'freq_sigma_FitGauss_rms_err']
Sep 02 03:33:42 INFO >> Performing searching on cumulative stack 315.95 49.23
Sep 02 03:33:42 INFO >> Loading the cumulative power spectra stack to search
Sep 02 03:34:40 INFO >> DM: 55.84157926992232
Sep 02 03:34:40 INFO >> sigma: 13.410547246694996
Sep 02 03:34:40 INFO >> frequency: 61.330907556251965
Sep 02 03:34:40 INFO >> Injecting 8 harmonics.
Sep 02 03:34:40 INFO >> Starting DM: 54.14089421231784
Sep 02 03:34:40 INFO >> Stopping DM: 57.48042600485334
Sep 02 03:34:40 INFO >> Expected detection at 11.62 sigma with 8 harmonics.
Sep 02 03:34:54 INFO >> Start searching 6558 dm trials using 32 harmonics.
Sep 02 03:35:00 INFO >> Moved power spectra to shared memory.
Sep 02 03:35:00 INFO >> Number of dm trials in single multi processing job: 10
Sep 02 03:35:40 INFO >> Total number of detections=15604
Sep 02 03:35:40 INFO >> Clustering the detections
Sep 02 03:35:40 INFO >> Starting clustering
Sep 02 03:35:40 INFO >> Rogue harmonic power filter reduced detections from 15604 to 8546
Sep 02 03:35:40 INFO >> Filtering out duplicate freq,dm detections at multiple nharms removes 791 detections
Sep 02 03:35:40 INFO >> Duplicate freq,dm filter reduced detections to 7755
Sep 02 03:35:40 INFO >> Number of detections over threshold sigma (6.0): 7755
Sep 02 03:35:40 INFO >> Grouping duplicate frequencies together first
Sep 02 03:35:40 INFO >> Grouping duplicate frequencies removed 7226 detections from the harmonic metric computation
Sep 02 03:35:40 INFO >> Starting freq-DM distance metric computation
Sep 02 03:35:40 INFO >> Finished freq-DM distance metric computation
Sep 02 03:35:41 INFO >> Largest group size for metric computation is 97
Sep 02 03:35:41 INFO >> Starting harmonic distance metric computation
Sep 02 03:35:41 INFO >> Finished harmonic distance metric computation
Sep 02 03:35:41 INFO >> Starting DBSCAN
Sep 02 03:35:42 INFO >> Finished DBSCAN
Sep 02 03:35:42 INFO >> Clusters found: 76
Sep 02 03:35:42 INFO >> Filtered 32 clusters below or equal 2 DM.
Sep 02 03:35:42 INFO >> Total number of candidate clusters=1
Sep 02 03:35:42 INFO >> Candidate Processor of stack (315.95 49.23)
Sep 02 03:35:42 INFO >> Making SinglePointingCandidates from a list of 1 PowerSpectraDetectionClusters
Sep 02 03:35:44 INFO >> saved candidates to ./results//injections/315.95_49.23_cumulative_power_spectra_stack_20220627_11_tpa.yml_(25,)_candidates.npz
Sep 02 03:35:44 INFO >> Injected Pulsars:     1
Sep 02 03:35:44 INFO >> Injection Candidates: 1
Sep 02 03:35:44 INFO >> Recovered Injections: 1
Sep 02 03:35:44 INFO >> 1 candidates.
Sep 02 03:35:44 INFO >> Best candidate: F0: 61.331 DM: 55.86 Sigma: 13.17
Sep 02 03:35:45 INFO >> Unlinked shared memory for cumulative stack.
Sep 02 03:35:45 INFO >> Pipeline execution time: 2.05 minutes
