Sep 02 09:43:59 INFO >> {"message": "Waiting for suitable server to become available", "selector": "Primary()", "operation": "find", "topologyDescription": "<TopologyDescription id: 66d588df1e31e132d90f5018, topology_type: Unknown, servers: [<ServerDescription ('localhost', 27017) server_type: Unknown, rtt: None>]>", "clientId": {"$oid": "66d588df1e31e132d90f5018"}, "remainingTimeMS": 29}
Sep 02 09:43:59 INFO >> Features initialized as the following:
Sep 02 09:43:59 INFO >> num_unique_dms
Sep 02 09:43:59 INFO >> num_unique_freqs
Sep 02 09:43:59 INFO >> ndetections
Sep 02 09:43:59 INFO >> nharm
Sep 02 09:43:59 INFO >> log_p_dm
Sep 02 09:43:59 INFO >> ['dm_sigma_FitGaussWidth_gauss_sigma', 'dm_sigma_FitGaussWidth_gauss_sigma_rel_err', 'dm_sigma_FitGaussWidth_ndof', 'dm_sigma_FitGaussWidth_rms_err']
Sep 02 09:43:59 INFO >> ['dm_sigma_FitGauss_amplitude', 'dm_sigma_FitGauss_mu', 'dm_sigma_FitGauss_gauss_sigma', 'dm_sigma_FitGauss_amplitude_rel_err', 'dm_sigma_FitGauss_mu_rel_err', 'dm_sigma_FitGauss_gauss_sigma_rel_err', 'dm_sigma_FitGauss_amplitude-detection', 'dm_sigma_FitGauss_mu-detection', 'dm_sigma_FitGauss_ndof', 'dm_sigma_FitGauss_rms_err']
Sep 02 09:43:59 INFO >> ['freq_sigma_FitGaussWidth_gauss_sigma', 'freq_sigma_FitGaussWidth_gauss_sigma_rel_err', 'freq_sigma_FitGaussWidth_ndof', 'freq_sigma_FitGaussWidth_rms_err']
Sep 02 09:43:59 INFO >> ['freq_sigma_FitGauss_amplitude', 'freq_sigma_FitGauss_mu', 'freq_sigma_FitGauss_gauss_sigma', 'freq_sigma_FitGauss_amplitude_rel_err', 'freq_sigma_FitGauss_mu_rel_err', 'freq_sigma_FitGauss_gauss_sigma_rel_err', 'freq_sigma_FitGauss_amplitude-detection', 'freq_sigma_FitGauss_mu-detection', 'freq_sigma_FitGauss_ndof', 'freq_sigma_FitGauss_rms_err']
Sep 02 09:43:59 INFO >> Performing searching on cumulative stack 315.95 49.23
Sep 02 09:43:59 INFO >> Loading the cumulative power spectra stack to search
Sep 02 09:44:57 INFO >> DM: 38.039614256625335
Sep 02 09:44:57 INFO >> sigma: 16.287185701801782
Sep 02 09:44:57 INFO >> frequency: 96.90501435433329
Sep 02 09:44:57 INFO >> Injecting 5 harmonics.
Sep 02 09:44:57 INFO >> Starting DM: 36.937245584104694
Sep 02 09:44:57 INFO >> Stopping DM: 39.06240217935455
Sep 02 09:44:57 INFO >> Expected detection at 8.65 sigma with 4 harmonics.
Sep 02 09:45:11 INFO >> Start searching 6558 dm trials using 32 harmonics.
Sep 02 09:45:17 INFO >> Moved power spectra to shared memory.
Sep 02 09:45:17 INFO >> Number of dm trials in single multi processing job: 10
Sep 02 09:45:57 INFO >> Total number of detections=15584
Sep 02 09:45:57 INFO >> Clustering the detections
Sep 02 09:45:57 INFO >> Starting clustering
Sep 02 09:45:57 INFO >> Rogue harmonic power filter reduced detections from 15584 to 8526
Sep 02 09:45:57 INFO >> Filtering out duplicate freq,dm detections at multiple nharms removes 790 detections
Sep 02 09:45:57 INFO >> Duplicate freq,dm filter reduced detections to 7736
Sep 02 09:45:57 INFO >> Number of detections over threshold sigma (6.0): 7736
Sep 02 09:45:57 INFO >> Grouping duplicate frequencies together first
Sep 02 09:45:58 INFO >> Grouping duplicate frequencies removed 7215 detections from the harmonic metric computation
Sep 02 09:45:58 INFO >> Starting freq-DM distance metric computation
Sep 02 09:45:58 INFO >> Finished freq-DM distance metric computation
Sep 02 09:45:58 INFO >> Largest group size for metric computation is 97
Sep 02 09:45:58 INFO >> Starting harmonic distance metric computation
Sep 02 09:45:59 INFO >> Finished harmonic distance metric computation
Sep 02 09:45:59 INFO >> Starting DBSCAN
Sep 02 09:45:59 INFO >> Finished DBSCAN
Sep 02 09:45:59 INFO >> Clusters found: 75
Sep 02 09:45:59 INFO >> Filtered 32 clusters below or equal 2 DM.
Sep 02 09:45:59 INFO >> Total number of candidate clusters=0
Sep 02 09:45:59 INFO >> Candidate Processor of stack (315.95 49.23)
Sep 02 09:45:59 INFO >> Making SinglePointingCandidates from a list of 0 PowerSpectraDetectionClusters
Sep 02 09:46:01 INFO >> saved candidates to ./results//injections/315.95_49.23_cumulative_power_spectra_stack_20220627_11_tpa.yml_(202,)_candidates.npz
Sep 02 09:46:01 INFO >> Injected Pulsars:     1
Sep 02 09:46:01 INFO >> Injection Candidates: 0
Sep 02 09:46:01 INFO >> Recovered Injections: 0
Sep 02 09:46:01 INFO >> 0 candidates.
Sep 02 09:46:02 INFO >> Unlinked shared memory for cumulative stack.
Sep 02 09:46:02 INFO >> Pipeline execution time: 2.06 minutes
