Sep 02 03:39:58 INFO >> {"message": "Waiting for suitable server to become available", "selector": "Primary()", "operation": "find", "topologyDescription": "<TopologyDescription id: 66d5338e5caffe131fa603d2, topology_type: Unknown, servers: [<ServerDescription ('localhost', 27017) server_type: Unknown, rtt: None>]>", "clientId": {"$oid": "66d5338e5caffe131fa603d2"}, "remainingTimeMS": 29}
Sep 02 03:39:58 INFO >> Features initialized as the following:
Sep 02 03:39:58 INFO >> num_unique_dms
Sep 02 03:39:58 INFO >> num_unique_freqs
Sep 02 03:39:58 INFO >> ndetections
Sep 02 03:39:58 INFO >> nharm
Sep 02 03:39:58 INFO >> log_p_dm
Sep 02 03:39:58 INFO >> ['dm_sigma_FitGaussWidth_gauss_sigma', 'dm_sigma_FitGaussWidth_gauss_sigma_rel_err', 'dm_sigma_FitGaussWidth_ndof', 'dm_sigma_FitGaussWidth_rms_err']
Sep 02 03:39:58 INFO >> ['dm_sigma_FitGauss_amplitude', 'dm_sigma_FitGauss_mu', 'dm_sigma_FitGauss_gauss_sigma', 'dm_sigma_FitGauss_amplitude_rel_err', 'dm_sigma_FitGauss_mu_rel_err', 'dm_sigma_FitGauss_gauss_sigma_rel_err', 'dm_sigma_FitGauss_amplitude-detection', 'dm_sigma_FitGauss_mu-detection', 'dm_sigma_FitGauss_ndof', 'dm_sigma_FitGauss_rms_err']
Sep 02 03:39:58 INFO >> ['freq_sigma_FitGaussWidth_gauss_sigma', 'freq_sigma_FitGaussWidth_gauss_sigma_rel_err', 'freq_sigma_FitGaussWidth_ndof', 'freq_sigma_FitGaussWidth_rms_err']
Sep 02 03:39:58 INFO >> ['freq_sigma_FitGauss_amplitude', 'freq_sigma_FitGauss_mu', 'freq_sigma_FitGauss_gauss_sigma', 'freq_sigma_FitGauss_amplitude_rel_err', 'freq_sigma_FitGauss_mu_rel_err', 'freq_sigma_FitGauss_gauss_sigma_rel_err', 'freq_sigma_FitGauss_amplitude-detection', 'freq_sigma_FitGauss_mu-detection', 'freq_sigma_FitGauss_ndof', 'freq_sigma_FitGauss_rms_err']
Sep 02 03:39:58 INFO >> Performing searching on cumulative stack 315.95 49.23
Sep 02 03:39:58 INFO >> Loading the cumulative power spectra stack to search
Sep 02 03:40:55 INFO >> DM: 96.08023796126484
Sep 02 03:40:55 INFO >> sigma: 15.096115572427124
Sep 02 03:40:55 INFO >> frequency: 98.16805729866493
Sep 02 03:40:55 INFO >> Injecting 5 harmonics.
Sep 02 03:40:55 INFO >> Starting DM: 95.02485918760084
Sep 02 03:40:55 INFO >> Stopping DM: 97.1500157828507
Sep 02 03:40:55 INFO >> Expected detection at 6.40 sigma with 4 harmonics.
Sep 02 03:41:09 INFO >> Start searching 6558 dm trials using 32 harmonics.
Sep 02 03:41:15 INFO >> Moved power spectra to shared memory.
Sep 02 03:41:15 INFO >> Number of dm trials in single multi processing job: 10
Sep 02 03:41:56 INFO >> Total number of detections=15578
Sep 02 03:41:56 INFO >> Clustering the detections
Sep 02 03:41:56 INFO >> Starting clustering
Sep 02 03:41:56 INFO >> Rogue harmonic power filter reduced detections from 15578 to 8520
Sep 02 03:41:56 INFO >> Filtering out duplicate freq,dm detections at multiple nharms removes 787 detections
Sep 02 03:41:56 INFO >> Duplicate freq,dm filter reduced detections to 7733
Sep 02 03:41:56 INFO >> Number of detections over threshold sigma (6.0): 7733
Sep 02 03:41:56 INFO >> Grouping duplicate frequencies together first
Sep 02 03:41:56 INFO >> Grouping duplicate frequencies removed 7214 detections from the harmonic metric computation
Sep 02 03:41:56 INFO >> Starting freq-DM distance metric computation
Sep 02 03:41:56 INFO >> Finished freq-DM distance metric computation
Sep 02 03:41:56 INFO >> Largest group size for metric computation is 97
Sep 02 03:41:56 INFO >> Starting harmonic distance metric computation
Sep 02 03:41:57 INFO >> Finished harmonic distance metric computation
Sep 02 03:41:57 INFO >> Starting DBSCAN
Sep 02 03:41:57 INFO >> Finished DBSCAN
Sep 02 03:41:57 INFO >> Clusters found: 75
Sep 02 03:41:57 INFO >> Filtered 32 clusters below or equal 2 DM.
Sep 02 03:41:57 INFO >> Total number of candidate clusters=0
Sep 02 03:41:57 INFO >> Candidate Processor of stack (315.95 49.23)
Sep 02 03:41:57 INFO >> Making SinglePointingCandidates from a list of 0 PowerSpectraDetectionClusters
Sep 02 03:41:59 INFO >> saved candidates to ./results//injections/315.95_49.23_cumulative_power_spectra_stack_20220627_11_tpa.yml_(28,)_candidates.npz
Sep 02 03:41:59 INFO >> Injected Pulsars:     1
Sep 02 03:41:59 INFO >> Injection Candidates: 0
Sep 02 03:41:59 INFO >> Recovered Injections: 0
Sep 02 03:41:59 INFO >> 0 candidates.
Sep 02 03:42:00 INFO >> Unlinked shared memory for cumulative stack.
Sep 02 03:42:00 INFO >> Pipeline execution time: 2.05 minutes
