Sep 02 16:30:02 INFO >> {"message": "Waiting for suitable server to become available", "selector": "Primary()", "operation": "find", "topologyDescription": "<TopologyDescription id: 66d5e80aab2baea1369c4cbd, topology_type: Unknown, servers: [<ServerDescription ('localhost', 27017) server_type: Unknown, rtt: None>]>", "clientId": {"$oid": "66d5e80aab2baea1369c4cbd"}, "remainingTimeMS": 29}
Sep 02 16:30:02 INFO >> Features initialized as the following:
Sep 02 16:30:02 INFO >> num_unique_dms
Sep 02 16:30:02 INFO >> num_unique_freqs
Sep 02 16:30:02 INFO >> ndetections
Sep 02 16:30:02 INFO >> nharm
Sep 02 16:30:02 INFO >> log_p_dm
Sep 02 16:30:02 INFO >> ['dm_sigma_FitGaussWidth_gauss_sigma', 'dm_sigma_FitGaussWidth_gauss_sigma_rel_err', 'dm_sigma_FitGaussWidth_ndof', 'dm_sigma_FitGaussWidth_rms_err']
Sep 02 16:30:02 INFO >> ['dm_sigma_FitGauss_amplitude', 'dm_sigma_FitGauss_mu', 'dm_sigma_FitGauss_gauss_sigma', 'dm_sigma_FitGauss_amplitude_rel_err', 'dm_sigma_FitGauss_mu_rel_err', 'dm_sigma_FitGauss_gauss_sigma_rel_err', 'dm_sigma_FitGauss_amplitude-detection', 'dm_sigma_FitGauss_mu-detection', 'dm_sigma_FitGauss_ndof', 'dm_sigma_FitGauss_rms_err']
Sep 02 16:30:02 INFO >> ['freq_sigma_FitGaussWidth_gauss_sigma', 'freq_sigma_FitGaussWidth_gauss_sigma_rel_err', 'freq_sigma_FitGaussWidth_ndof', 'freq_sigma_FitGaussWidth_rms_err']
Sep 02 16:30:02 INFO >> ['freq_sigma_FitGauss_amplitude', 'freq_sigma_FitGauss_mu', 'freq_sigma_FitGauss_gauss_sigma', 'freq_sigma_FitGauss_amplitude_rel_err', 'freq_sigma_FitGauss_mu_rel_err', 'freq_sigma_FitGauss_gauss_sigma_rel_err', 'freq_sigma_FitGauss_amplitude-detection', 'freq_sigma_FitGauss_mu-detection', 'freq_sigma_FitGauss_ndof', 'freq_sigma_FitGauss_rms_err']
Sep 02 16:30:03 INFO >> Performing searching on cumulative stack 315.95 49.23
Sep 02 16:30:03 INFO >> Loading the cumulative power spectra stack to search
Sep 02 16:31:00 INFO >> DM: 59.40253305459248
Sep 02 16:31:00 INFO >> sigma: 11.686226878137589
Sep 02 16:31:00 INFO >> frequency: 98.83262039453959
Sep 02 16:31:00 INFO >> Injecting 5 harmonics.
Sep 02 16:31:00 INFO >> Starting DM: 58.39120740281755
Sep 02 16:31:00 INFO >> Stopping DM: 60.41516606496029
Sep 02 16:31:00 INFO >> Expected detection at 12.43 sigma with 2 harmonics.
Sep 02 16:31:14 INFO >> Start searching 6558 dm trials using 32 harmonics.
Sep 02 16:31:20 INFO >> Moved power spectra to shared memory.
Sep 02 16:31:20 INFO >> Number of dm trials in single multi processing job: 10
Sep 02 16:32:00 INFO >> Total number of detections=15649
Sep 02 16:32:00 INFO >> Clustering the detections
Sep 02 16:32:00 INFO >> Starting clustering
Sep 02 16:32:00 INFO >> Rogue harmonic power filter reduced detections from 15649 to 8570
Sep 02 16:32:00 INFO >> Filtering out duplicate freq,dm detections at multiple nharms removes 802 detections
Sep 02 16:32:00 INFO >> Duplicate freq,dm filter reduced detections to 7768
Sep 02 16:32:00 INFO >> Number of detections over threshold sigma (6.0): 7768
Sep 02 16:32:00 INFO >> Grouping duplicate frequencies together first
Sep 02 16:32:01 INFO >> Grouping duplicate frequencies removed 7233 detections from the harmonic metric computation
Sep 02 16:32:01 INFO >> Starting freq-DM distance metric computation
Sep 02 16:32:01 INFO >> Finished freq-DM distance metric computation
Sep 02 16:32:01 INFO >> Largest group size for metric computation is 97
Sep 02 16:32:01 INFO >> Starting harmonic distance metric computation
Sep 02 16:32:02 INFO >> Finished harmonic distance metric computation
Sep 02 16:32:02 INFO >> Starting DBSCAN
Sep 02 16:32:02 INFO >> Finished DBSCAN
Sep 02 16:32:02 INFO >> Clusters found: 76
Sep 02 16:32:02 INFO >> Filtered 32 clusters below or equal 2 DM.
Sep 02 16:32:02 INFO >> Total number of candidate clusters=1
Sep 02 16:32:02 INFO >> Candidate Processor of stack (315.95 49.23)
Sep 02 16:32:02 INFO >> Making SinglePointingCandidates from a list of 1 PowerSpectraDetectionClusters
Sep 02 16:32:04 INFO >> saved candidates to ./results//injections/315.95_49.23_cumulative_power_spectra_stack_20220627_11_tpa.yml_(396,)_candidates.npz
Sep 02 16:32:04 INFO >> Injected Pulsars:     1
Sep 02 16:32:04 INFO >> Injection Candidates: 1
Sep 02 16:32:04 INFO >> Recovered Injections: 1
Sep 02 16:32:04 INFO >> 1 candidates.
Sep 02 16:32:04 INFO >> Best candidate: F0: 98.833 DM: 59.40 Sigma: 12.90
Sep 02 16:32:06 INFO >> Unlinked shared memory for cumulative stack.
Sep 02 16:32:06 INFO >> Pipeline execution time: 2.05 minutes
