Sep 02 18:56:32 INFO >> {"message": "Waiting for suitable server to become available", "selector": "Primary()", "operation": "find", "topologyDescription": "<TopologyDescription id: 66d60a60507a3a8b1c313219, topology_type: Unknown, servers: [<ServerDescription ('localhost', 27017) server_type: Unknown, rtt: None>]>", "clientId": {"$oid": "66d60a60507a3a8b1c313219"}, "remainingTimeMS": 29}
Sep 02 18:56:32 INFO >> Features initialized as the following:
Sep 02 18:56:32 INFO >> num_unique_dms
Sep 02 18:56:32 INFO >> num_unique_freqs
Sep 02 18:56:32 INFO >> ndetections
Sep 02 18:56:32 INFO >> nharm
Sep 02 18:56:32 INFO >> log_p_dm
Sep 02 18:56:32 INFO >> ['dm_sigma_FitGaussWidth_gauss_sigma', 'dm_sigma_FitGaussWidth_gauss_sigma_rel_err', 'dm_sigma_FitGaussWidth_ndof', 'dm_sigma_FitGaussWidth_rms_err']
Sep 02 18:56:32 INFO >> ['dm_sigma_FitGauss_amplitude', 'dm_sigma_FitGauss_mu', 'dm_sigma_FitGauss_gauss_sigma', 'dm_sigma_FitGauss_amplitude_rel_err', 'dm_sigma_FitGauss_mu_rel_err', 'dm_sigma_FitGauss_gauss_sigma_rel_err', 'dm_sigma_FitGauss_amplitude-detection', 'dm_sigma_FitGauss_mu-detection', 'dm_sigma_FitGauss_ndof', 'dm_sigma_FitGauss_rms_err']
Sep 02 18:56:32 INFO >> ['freq_sigma_FitGaussWidth_gauss_sigma', 'freq_sigma_FitGaussWidth_gauss_sigma_rel_err', 'freq_sigma_FitGaussWidth_ndof', 'freq_sigma_FitGaussWidth_rms_err']
Sep 02 18:56:32 INFO >> ['freq_sigma_FitGauss_amplitude', 'freq_sigma_FitGauss_mu', 'freq_sigma_FitGauss_gauss_sigma', 'freq_sigma_FitGauss_amplitude_rel_err', 'freq_sigma_FitGauss_mu_rel_err', 'freq_sigma_FitGauss_gauss_sigma_rel_err', 'freq_sigma_FitGauss_amplitude-detection', 'freq_sigma_FitGauss_mu-detection', 'freq_sigma_FitGauss_ndof', 'freq_sigma_FitGauss_rms_err']
Sep 02 18:56:33 INFO >> Performing searching on cumulative stack 315.95 49.23
Sep 02 18:56:33 INFO >> Loading the cumulative power spectra stack to search
Sep 02 18:57:30 INFO >> DM: 159.80267854112196
Sep 02 18:57:30 INFO >> sigma: 12.502049286837602
Sep 02 18:57:30 INFO >> frequency: 35.18391048080936
Sep 02 18:57:30 INFO >> Injecting 14 harmonics.
Sep 02 18:57:30 INFO >> Starting DM: 156.85679631606104
Sep 02 18:57:30 INFO >> Stopping DM: 162.72627643627493
Sep 02 18:57:30 INFO >> Expected detection at 10.33 sigma with 8 harmonics.
Sep 02 18:57:44 INFO >> Start searching 6558 dm trials using 32 harmonics.
Sep 02 18:57:50 INFO >> Moved power spectra to shared memory.
Sep 02 18:57:50 INFO >> Number of dm trials in single multi processing job: 10
Sep 02 18:58:30 INFO >> Total number of detections=15602
Sep 02 18:58:30 INFO >> Clustering the detections
Sep 02 18:58:30 INFO >> Starting clustering
Sep 02 18:58:30 INFO >> Rogue harmonic power filter reduced detections from 15602 to 8544
Sep 02 18:58:30 INFO >> Filtering out duplicate freq,dm detections at multiple nharms removes 794 detections
Sep 02 18:58:30 INFO >> Duplicate freq,dm filter reduced detections to 7750
Sep 02 18:58:30 INFO >> Number of detections over threshold sigma (6.0): 7750
Sep 02 18:58:30 INFO >> Grouping duplicate frequencies together first
Sep 02 18:58:30 INFO >> Grouping duplicate frequencies removed 7222 detections from the harmonic metric computation
Sep 02 18:58:30 INFO >> Starting freq-DM distance metric computation
Sep 02 18:58:31 INFO >> Finished freq-DM distance metric computation
Sep 02 18:58:31 INFO >> Largest group size for metric computation is 97
Sep 02 18:58:31 INFO >> Starting harmonic distance metric computation
Sep 02 18:58:32 INFO >> Finished harmonic distance metric computation
Sep 02 18:58:32 INFO >> Starting DBSCAN
Sep 02 18:58:32 INFO >> Finished DBSCAN
Sep 02 18:58:32 INFO >> Clusters found: 77
Sep 02 18:58:32 INFO >> Filtered 32 clusters below or equal 2 DM.
Sep 02 18:58:32 INFO >> Total number of candidate clusters=2
Sep 02 18:58:32 INFO >> Candidate Processor of stack (315.95 49.23)
Sep 02 18:58:32 INFO >> Making SinglePointingCandidates from a list of 2 PowerSpectraDetectionClusters
Sep 02 18:58:34 INFO >> saved candidates to ./results//injections/315.95_49.23_cumulative_power_spectra_stack_20220627_11_tpa.yml_(466,)_candidates.npz
Sep 02 18:58:34 INFO >> Injected Pulsars:     1
Sep 02 18:58:34 INFO >> Injection Candidates: 2
Sep 02 18:58:34 INFO >> Recovered Injections: 1
Sep 02 18:58:34 INFO >> 2 candidates.
Sep 02 18:58:34 INFO >> Best candidate: F0: 35.184 DM: 159.79 Sigma: 10.29
Sep 02 18:58:36 INFO >> Unlinked shared memory for cumulative stack.
Sep 02 18:58:36 INFO >> Pipeline execution time: 2.06 minutes
