Sep 02 11:41:11 INFO >> {"message": "Waiting for suitable server to become available", "selector": "Primary()", "operation": "find", "topologyDescription": "<TopologyDescription id: 66d5a45722167c3819d1c044, topology_type: Unknown, servers: [<ServerDescription ('localhost', 27017) server_type: Unknown, rtt: None>]>", "clientId": {"$oid": "66d5a45722167c3819d1c044"}, "remainingTimeMS": 29}
Sep 02 11:41:11 INFO >> Features initialized as the following:
Sep 02 11:41:11 INFO >> num_unique_dms
Sep 02 11:41:11 INFO >> num_unique_freqs
Sep 02 11:41:11 INFO >> ndetections
Sep 02 11:41:11 INFO >> nharm
Sep 02 11:41:11 INFO >> log_p_dm
Sep 02 11:41:11 INFO >> ['dm_sigma_FitGaussWidth_gauss_sigma', 'dm_sigma_FitGaussWidth_gauss_sigma_rel_err', 'dm_sigma_FitGaussWidth_ndof', 'dm_sigma_FitGaussWidth_rms_err']
Sep 02 11:41:11 INFO >> ['dm_sigma_FitGauss_amplitude', 'dm_sigma_FitGauss_mu', 'dm_sigma_FitGauss_gauss_sigma', 'dm_sigma_FitGauss_amplitude_rel_err', 'dm_sigma_FitGauss_mu_rel_err', 'dm_sigma_FitGauss_gauss_sigma_rel_err', 'dm_sigma_FitGauss_amplitude-detection', 'dm_sigma_FitGauss_mu-detection', 'dm_sigma_FitGauss_ndof', 'dm_sigma_FitGauss_rms_err']
Sep 02 11:41:11 INFO >> ['freq_sigma_FitGaussWidth_gauss_sigma', 'freq_sigma_FitGaussWidth_gauss_sigma_rel_err', 'freq_sigma_FitGaussWidth_ndof', 'freq_sigma_FitGaussWidth_rms_err']
Sep 02 11:41:11 INFO >> ['freq_sigma_FitGauss_amplitude', 'freq_sigma_FitGauss_mu', 'freq_sigma_FitGauss_gauss_sigma', 'freq_sigma_FitGauss_amplitude_rel_err', 'freq_sigma_FitGauss_mu_rel_err', 'freq_sigma_FitGauss_gauss_sigma_rel_err', 'freq_sigma_FitGauss_amplitude-detection', 'freq_sigma_FitGauss_mu-detection', 'freq_sigma_FitGauss_ndof', 'freq_sigma_FitGauss_rms_err']
Sep 02 11:41:11 INFO >> Performing searching on cumulative stack 315.95 49.23
Sep 02 11:41:11 INFO >> Loading the cumulative power spectra stack to search
Sep 02 11:42:09 INFO >> DM: 75.4122565413417
Sep 02 11:42:09 INFO >> sigma: 12.956768735586842
Sep 02 11:42:09 INFO >> frequency: 36.916732462751575
Sep 02 11:42:09 INFO >> Injecting 13 harmonics.
Sep 02 11:42:09 INFO >> Starting DM: 72.66011597092375
Sep 02 11:42:09 INFO >> Stopping DM: 78.22600229181624
Sep 02 11:42:09 INFO >> Expected detection at 9.10 sigma with 8 harmonics.
Sep 02 11:42:23 INFO >> Start searching 6558 dm trials using 32 harmonics.
Sep 02 11:42:29 INFO >> Moved power spectra to shared memory.
Sep 02 11:42:29 INFO >> Number of dm trials in single multi processing job: 10
Sep 02 11:43:09 INFO >> Total number of detections=15594
Sep 02 11:43:09 INFO >> Clustering the detections
Sep 02 11:43:09 INFO >> Starting clustering
Sep 02 11:43:09 INFO >> Rogue harmonic power filter reduced detections from 15594 to 8536
Sep 02 11:43:09 INFO >> Filtering out duplicate freq,dm detections at multiple nharms removes 793 detections
Sep 02 11:43:09 INFO >> Duplicate freq,dm filter reduced detections to 7743
Sep 02 11:43:09 INFO >> Number of detections over threshold sigma (6.0): 7743
Sep 02 11:43:09 INFO >> Grouping duplicate frequencies together first
Sep 02 11:43:09 INFO >> Grouping duplicate frequencies removed 7220 detections from the harmonic metric computation
Sep 02 11:43:09 INFO >> Starting freq-DM distance metric computation
Sep 02 11:43:09 INFO >> Finished freq-DM distance metric computation
Sep 02 11:43:10 INFO >> Largest group size for metric computation is 97
Sep 02 11:43:10 INFO >> Starting harmonic distance metric computation
Sep 02 11:43:10 INFO >> Finished harmonic distance metric computation
Sep 02 11:43:10 INFO >> Starting DBSCAN
Sep 02 11:43:10 INFO >> Finished DBSCAN
Sep 02 11:43:10 INFO >> Clusters found: 76
Sep 02 11:43:10 INFO >> Filtered 32 clusters below or equal 2 DM.
Sep 02 11:43:10 INFO >> Total number of candidate clusters=1
Sep 02 11:43:10 INFO >> Candidate Processor of stack (315.95 49.23)
Sep 02 11:43:10 INFO >> Making SinglePointingCandidates from a list of 1 PowerSpectraDetectionClusters
Sep 02 11:43:13 INFO >> saved candidates to ./results//injections/315.95_49.23_cumulative_power_spectra_stack_20220627_11_tpa.yml_(258,)_candidates.npz
Sep 02 11:43:13 INFO >> Injected Pulsars:     1
Sep 02 11:43:13 INFO >> Injection Candidates: 1
Sep 02 11:43:13 INFO >> Recovered Injections: 1
Sep 02 11:43:13 INFO >> 1 candidates.
Sep 02 11:43:13 INFO >> Best candidate: F0: 36.917 DM: 75.39 Sigma: 9.70
Sep 02 11:43:14 INFO >> Unlinked shared memory for cumulative stack.
Sep 02 11:43:14 INFO >> Pipeline execution time: 2.05 minutes
