Sep 02 13:42:32 INFO >> {"message": "Waiting for suitable server to become available", "selector": "Primary()", "operation": "find", "topologyDescription": "<TopologyDescription id: 66d5c0c8de6a27e98bd235d6, topology_type: Unknown, servers: [<ServerDescription ('localhost', 27017) server_type: Unknown, rtt: None>]>", "clientId": {"$oid": "66d5c0c8de6a27e98bd235d6"}, "remainingTimeMS": 29}
Sep 02 13:42:32 INFO >> Features initialized as the following:
Sep 02 13:42:32 INFO >> num_unique_dms
Sep 02 13:42:32 INFO >> num_unique_freqs
Sep 02 13:42:32 INFO >> ndetections
Sep 02 13:42:32 INFO >> nharm
Sep 02 13:42:32 INFO >> log_p_dm
Sep 02 13:42:32 INFO >> ['dm_sigma_FitGaussWidth_gauss_sigma', 'dm_sigma_FitGaussWidth_gauss_sigma_rel_err', 'dm_sigma_FitGaussWidth_ndof', 'dm_sigma_FitGaussWidth_rms_err']
Sep 02 13:42:32 INFO >> ['dm_sigma_FitGauss_amplitude', 'dm_sigma_FitGauss_mu', 'dm_sigma_FitGauss_gauss_sigma', 'dm_sigma_FitGauss_amplitude_rel_err', 'dm_sigma_FitGauss_mu_rel_err', 'dm_sigma_FitGauss_gauss_sigma_rel_err', 'dm_sigma_FitGauss_amplitude-detection', 'dm_sigma_FitGauss_mu-detection', 'dm_sigma_FitGauss_ndof', 'dm_sigma_FitGauss_rms_err']
Sep 02 13:42:32 INFO >> ['freq_sigma_FitGaussWidth_gauss_sigma', 'freq_sigma_FitGaussWidth_gauss_sigma_rel_err', 'freq_sigma_FitGaussWidth_ndof', 'freq_sigma_FitGaussWidth_rms_err']
Sep 02 13:42:32 INFO >> ['freq_sigma_FitGauss_amplitude', 'freq_sigma_FitGauss_mu', 'freq_sigma_FitGauss_gauss_sigma', 'freq_sigma_FitGauss_amplitude_rel_err', 'freq_sigma_FitGauss_mu_rel_err', 'freq_sigma_FitGauss_gauss_sigma_rel_err', 'freq_sigma_FitGauss_amplitude-detection', 'freq_sigma_FitGauss_mu-detection', 'freq_sigma_FitGauss_ndof', 'freq_sigma_FitGauss_rms_err']
Sep 02 13:42:32 INFO >> Performing searching on cumulative stack 315.95 49.23
Sep 02 13:42:32 INFO >> Loading the cumulative power spectra stack to search
Sep 02 13:43:30 INFO >> DM: 108.86559715697413
Sep 02 13:43:30 INFO >> sigma: 11.968671648040296
Sep 02 13:43:30 INFO >> frequency: 58.292121291719255
Sep 02 13:43:30 INFO >> Injecting 8 harmonics.
Sep 02 13:43:30 INFO >> Starting DM: 107.06741322735004
Sep 02 13:43:30 INFO >> Stopping DM: 110.60934088609983
Sep 02 13:43:30 INFO >> Expected detection at 10.88 sigma with 8 harmonics.
Sep 02 13:43:44 INFO >> Start searching 6558 dm trials using 32 harmonics.
Sep 02 13:43:50 INFO >> Moved power spectra to shared memory.
Sep 02 13:43:50 INFO >> Number of dm trials in single multi processing job: 10
Sep 02 13:44:31 INFO >> Total number of detections=15599
Sep 02 13:44:31 INFO >> Clustering the detections
Sep 02 13:44:31 INFO >> Starting clustering
Sep 02 13:44:31 INFO >> Rogue harmonic power filter reduced detections from 15599 to 8541
Sep 02 13:44:31 INFO >> Filtering out duplicate freq,dm detections at multiple nharms removes 797 detections
Sep 02 13:44:31 INFO >> Duplicate freq,dm filter reduced detections to 7744
Sep 02 13:44:31 INFO >> Number of detections over threshold sigma (6.0): 7744
Sep 02 13:44:31 INFO >> Grouping duplicate frequencies together first
Sep 02 13:44:31 INFO >> Grouping duplicate frequencies removed 7220 detections from the harmonic metric computation
Sep 02 13:44:31 INFO >> Starting freq-DM distance metric computation
Sep 02 13:44:31 INFO >> Finished freq-DM distance metric computation
Sep 02 13:44:32 INFO >> Largest group size for metric computation is 97
Sep 02 13:44:32 INFO >> Starting harmonic distance metric computation
Sep 02 13:44:32 INFO >> Finished harmonic distance metric computation
Sep 02 13:44:32 INFO >> Starting DBSCAN
Sep 02 13:44:32 INFO >> Finished DBSCAN
Sep 02 13:44:32 INFO >> Clusters found: 76
Sep 02 13:44:32 INFO >> Filtered 32 clusters below or equal 2 DM.
Sep 02 13:44:32 INFO >> Total number of candidate clusters=1
Sep 02 13:44:32 INFO >> Candidate Processor of stack (315.95 49.23)
Sep 02 13:44:32 INFO >> Making SinglePointingCandidates from a list of 1 PowerSpectraDetectionClusters
Sep 02 13:44:34 INFO >> saved candidates to ./results//injections/315.95_49.23_cumulative_power_spectra_stack_20220627_11_tpa.yml_(316,)_candidates.npz
Sep 02 13:44:34 INFO >> Injected Pulsars:     1
Sep 02 13:44:34 INFO >> Injection Candidates: 1
Sep 02 13:44:34 INFO >> Recovered Injections: 1
Sep 02 13:44:34 INFO >> 1 candidates.
Sep 02 13:44:34 INFO >> Best candidate: F0: 58.292 DM: 108.89 Sigma: 10.20
Sep 02 13:44:36 INFO >> Unlinked shared memory for cumulative stack.
Sep 02 13:44:36 INFO >> Pipeline execution time: 2.06 minutes
