Sep 02 09:39:46 INFO >> {"message": "Waiting for suitable server to become available", "selector": "Primary()", "operation": "find", "topologyDescription": "<TopologyDescription id: 66d587e24067256894bec73e, topology_type: Unknown, servers: [<ServerDescription ('localhost', 27017) server_type: Unknown, rtt: None>]>", "clientId": {"$oid": "66d587e24067256894bec73e"}, "remainingTimeMS": 29}
Sep 02 09:39:46 INFO >> Features initialized as the following:
Sep 02 09:39:46 INFO >> num_unique_dms
Sep 02 09:39:46 INFO >> num_unique_freqs
Sep 02 09:39:46 INFO >> ndetections
Sep 02 09:39:46 INFO >> nharm
Sep 02 09:39:46 INFO >> log_p_dm
Sep 02 09:39:46 INFO >> ['dm_sigma_FitGaussWidth_gauss_sigma', 'dm_sigma_FitGaussWidth_gauss_sigma_rel_err', 'dm_sigma_FitGaussWidth_ndof', 'dm_sigma_FitGaussWidth_rms_err']
Sep 02 09:39:46 INFO >> ['dm_sigma_FitGauss_amplitude', 'dm_sigma_FitGauss_mu', 'dm_sigma_FitGauss_gauss_sigma', 'dm_sigma_FitGauss_amplitude_rel_err', 'dm_sigma_FitGauss_mu_rel_err', 'dm_sigma_FitGauss_gauss_sigma_rel_err', 'dm_sigma_FitGauss_amplitude-detection', 'dm_sigma_FitGauss_mu-detection', 'dm_sigma_FitGauss_ndof', 'dm_sigma_FitGauss_rms_err']
Sep 02 09:39:46 INFO >> ['freq_sigma_FitGaussWidth_gauss_sigma', 'freq_sigma_FitGaussWidth_gauss_sigma_rel_err', 'freq_sigma_FitGaussWidth_ndof', 'freq_sigma_FitGaussWidth_rms_err']
Sep 02 09:39:46 INFO >> ['freq_sigma_FitGauss_amplitude', 'freq_sigma_FitGauss_mu', 'freq_sigma_FitGauss_gauss_sigma', 'freq_sigma_FitGauss_amplitude_rel_err', 'freq_sigma_FitGauss_mu_rel_err', 'freq_sigma_FitGauss_gauss_sigma_rel_err', 'freq_sigma_FitGauss_amplitude-detection', 'freq_sigma_FitGauss_mu-detection', 'freq_sigma_FitGauss_ndof', 'freq_sigma_FitGauss_rms_err']
Sep 02 09:39:46 INFO >> Performing searching on cumulative stack 315.95 49.23
Sep 02 09:39:46 INFO >> Loading the cumulative power spectra stack to search
Sep 02 09:40:44 INFO >> DM: 17.61232885478319
Sep 02 09:40:44 INFO >> sigma: 13.47125728536199
Sep 02 09:40:44 INFO >> frequency: 18.284291917745
Sep 02 09:40:44 INFO >> Injecting 27 harmonics.
Sep 02 09:40:44 INFO >> Starting DM: 11.941356106642067
Sep 02 09:40:44 INFO >> Stopping DM: 23.275524614641316
Sep 02 09:40:44 INFO >> Expected detection at 10.38 sigma with 16 harmonics.
Sep 02 09:40:58 INFO >> Start searching 6558 dm trials using 32 harmonics.
Sep 02 09:41:03 INFO >> Moved power spectra to shared memory.
Sep 02 09:41:03 INFO >> Number of dm trials in single multi processing job: 10
Sep 02 09:41:45 INFO >> Total number of detections=15588
Sep 02 09:41:45 INFO >> Clustering the detections
Sep 02 09:41:45 INFO >> Starting clustering
Sep 02 09:41:45 INFO >> Rogue harmonic power filter reduced detections from 15588 to 8530
Sep 02 09:41:45 INFO >> Filtering out duplicate freq,dm detections at multiple nharms removes 787 detections
Sep 02 09:41:45 INFO >> Duplicate freq,dm filter reduced detections to 7743
Sep 02 09:41:45 INFO >> Number of detections over threshold sigma (6.0): 7743
Sep 02 09:41:45 INFO >> Grouping duplicate frequencies together first
Sep 02 09:41:45 INFO >> Grouping duplicate frequencies removed 7219 detections from the harmonic metric computation
Sep 02 09:41:45 INFO >> Starting freq-DM distance metric computation
Sep 02 09:41:45 INFO >> Finished freq-DM distance metric computation
Sep 02 09:41:46 INFO >> Largest group size for metric computation is 97
Sep 02 09:41:46 INFO >> Starting harmonic distance metric computation
Sep 02 09:41:46 INFO >> Finished harmonic distance metric computation
Sep 02 09:41:46 INFO >> Starting DBSCAN
Sep 02 09:41:46 INFO >> Finished DBSCAN
Sep 02 09:41:46 INFO >> Clusters found: 75
Sep 02 09:41:46 INFO >> Filtered 31 clusters below or equal 2 DM.
Sep 02 09:41:46 INFO >> Total number of candidate clusters=1
Sep 02 09:41:46 INFO >> Candidate Processor of stack (315.95 49.23)
Sep 02 09:41:46 INFO >> Making SinglePointingCandidates from a list of 1 PowerSpectraDetectionClusters
Sep 02 09:41:49 INFO >> saved candidates to ./results//injections/315.95_49.23_cumulative_power_spectra_stack_20220627_11_tpa.yml_(200,)_candidates.npz
Sep 02 09:41:49 INFO >> Injected Pulsars:     1
Sep 02 09:41:49 INFO >> Injection Candidates: 1
Sep 02 09:41:49 INFO >> Recovered Injections: 1
Sep 02 09:41:49 INFO >> 1 candidates.
Sep 02 09:41:49 INFO >> Best candidate: F0: 18.284 DM: 17.61 Sigma: 10.49
Sep 02 09:41:50 INFO >> Unlinked shared memory for cumulative stack.
Sep 02 09:41:50 INFO >> Pipeline execution time: 2.07 minutes
