Sep 02 12:16:46 INFO >> {"message": "Waiting for suitable server to become available", "selector": "Primary()", "operation": "find", "topologyDescription": "<TopologyDescription id: 66d5acae2baedf206aae2fc7, topology_type: Unknown, servers: [<ServerDescription ('localhost', 27017) server_type: Unknown, rtt: None>]>", "clientId": {"$oid": "66d5acae2baedf206aae2fc7"}, "remainingTimeMS": 29}
Sep 02 12:16:46 INFO >> Features initialized as the following:
Sep 02 12:16:46 INFO >> num_unique_dms
Sep 02 12:16:46 INFO >> num_unique_freqs
Sep 02 12:16:46 INFO >> ndetections
Sep 02 12:16:46 INFO >> nharm
Sep 02 12:16:46 INFO >> log_p_dm
Sep 02 12:16:46 INFO >> ['dm_sigma_FitGaussWidth_gauss_sigma', 'dm_sigma_FitGaussWidth_gauss_sigma_rel_err', 'dm_sigma_FitGaussWidth_ndof', 'dm_sigma_FitGaussWidth_rms_err']
Sep 02 12:16:46 INFO >> ['dm_sigma_FitGauss_amplitude', 'dm_sigma_FitGauss_mu', 'dm_sigma_FitGauss_gauss_sigma', 'dm_sigma_FitGauss_amplitude_rel_err', 'dm_sigma_FitGauss_mu_rel_err', 'dm_sigma_FitGauss_gauss_sigma_rel_err', 'dm_sigma_FitGauss_amplitude-detection', 'dm_sigma_FitGauss_mu-detection', 'dm_sigma_FitGauss_ndof', 'dm_sigma_FitGauss_rms_err']
Sep 02 12:16:46 INFO >> ['freq_sigma_FitGaussWidth_gauss_sigma', 'freq_sigma_FitGaussWidth_gauss_sigma_rel_err', 'freq_sigma_FitGaussWidth_ndof', 'freq_sigma_FitGaussWidth_rms_err']
Sep 02 12:16:46 INFO >> ['freq_sigma_FitGauss_amplitude', 'freq_sigma_FitGauss_mu', 'freq_sigma_FitGauss_gauss_sigma', 'freq_sigma_FitGauss_amplitude_rel_err', 'freq_sigma_FitGauss_mu_rel_err', 'freq_sigma_FitGauss_gauss_sigma_rel_err', 'freq_sigma_FitGauss_amplitude-detection', 'freq_sigma_FitGauss_mu-detection', 'freq_sigma_FitGauss_ndof', 'freq_sigma_FitGauss_rms_err']
Sep 02 12:16:46 INFO >> Performing searching on cumulative stack 315.95 49.23
Sep 02 12:16:46 INFO >> Loading the cumulative power spectra stack to search
Sep 02 12:17:44 INFO >> DM: 127.33456987843995
Sep 02 12:17:44 INFO >> sigma: 15.89305038449023
Sep 02 12:17:44 INFO >> frequency: 47.70969327215133
Sep 02 12:17:44 INFO >> Injecting 10 harmonics.
Sep 02 12:17:44 INFO >> Starting DM: 125.18184325352743
Sep 02 12:17:44 INFO >> Stopping DM: 129.53335437713426
Sep 02 12:17:44 INFO >> Expected detection at 12.68 sigma with 8 harmonics.
Sep 02 12:17:58 INFO >> Start searching 6558 dm trials using 32 harmonics.
Sep 02 12:18:03 INFO >> Moved power spectra to shared memory.
Sep 02 12:18:03 INFO >> Number of dm trials in single multi processing job: 10
Sep 02 12:18:44 INFO >> Total number of detections=15624
Sep 02 12:18:44 INFO >> Clustering the detections
Sep 02 12:18:44 INFO >> Starting clustering
Sep 02 12:18:44 INFO >> Rogue harmonic power filter reduced detections from 15624 to 8566
Sep 02 12:18:44 INFO >> Filtering out duplicate freq,dm detections at multiple nharms removes 805 detections
Sep 02 12:18:44 INFO >> Duplicate freq,dm filter reduced detections to 7761
Sep 02 12:18:44 INFO >> Number of detections over threshold sigma (6.0): 7761
Sep 02 12:18:44 INFO >> Grouping duplicate frequencies together first
Sep 02 12:18:44 INFO >> Grouping duplicate frequencies removed 7231 detections from the harmonic metric computation
Sep 02 12:18:44 INFO >> Starting freq-DM distance metric computation
Sep 02 12:18:44 INFO >> Finished freq-DM distance metric computation
Sep 02 12:18:45 INFO >> Largest group size for metric computation is 97
Sep 02 12:18:45 INFO >> Starting harmonic distance metric computation
Sep 02 12:18:45 INFO >> Finished harmonic distance metric computation
Sep 02 12:18:45 INFO >> Starting DBSCAN
Sep 02 12:18:46 INFO >> Finished DBSCAN
Sep 02 12:18:46 INFO >> Clusters found: 76
Sep 02 12:18:46 INFO >> Filtered 32 clusters below or equal 2 DM.
Sep 02 12:18:46 INFO >> Total number of candidate clusters=1
Sep 02 12:18:46 INFO >> Candidate Processor of stack (315.95 49.23)
Sep 02 12:18:46 INFO >> Making SinglePointingCandidates from a list of 1 PowerSpectraDetectionClusters
Sep 02 12:18:48 INFO >> saved candidates to ./results//injections/315.95_49.23_cumulative_power_spectra_stack_20220627_11_tpa.yml_(275,)_candidates.npz
Sep 02 12:18:48 INFO >> Injected Pulsars:     1
Sep 02 12:18:48 INFO >> Injection Candidates: 1
Sep 02 12:18:48 INFO >> Recovered Injections: 1
Sep 02 12:18:48 INFO >> 1 candidates.
Sep 02 12:18:48 INFO >> Best candidate: F0: 47.710 DM: 127.31 Sigma: 12.41
Sep 02 12:18:49 INFO >> Unlinked shared memory for cumulative stack.
Sep 02 12:18:49 INFO >> Pipeline execution time: 2.06 minutes
