Sep 02 21:54:24 INFO >> {"message": "Waiting for suitable server to become available", "selector": "Primary()", "operation": "find", "topologyDescription": "<TopologyDescription id: 66d63410fe68a6027fc5aab6, topology_type: Unknown, servers: [<ServerDescription ('localhost', 27017) server_type: Unknown, rtt: None>]>", "clientId": {"$oid": "66d63410fe68a6027fc5aab6"}, "remainingTimeMS": 29}
Sep 02 21:54:24 INFO >> Features initialized as the following:
Sep 02 21:54:24 INFO >> num_unique_dms
Sep 02 21:54:24 INFO >> num_unique_freqs
Sep 02 21:54:24 INFO >> ndetections
Sep 02 21:54:24 INFO >> nharm
Sep 02 21:54:24 INFO >> log_p_dm
Sep 02 21:54:24 INFO >> ['dm_sigma_FitGaussWidth_gauss_sigma', 'dm_sigma_FitGaussWidth_gauss_sigma_rel_err', 'dm_sigma_FitGaussWidth_ndof', 'dm_sigma_FitGaussWidth_rms_err']
Sep 02 21:54:24 INFO >> ['dm_sigma_FitGauss_amplitude', 'dm_sigma_FitGauss_mu', 'dm_sigma_FitGauss_gauss_sigma', 'dm_sigma_FitGauss_amplitude_rel_err', 'dm_sigma_FitGauss_mu_rel_err', 'dm_sigma_FitGauss_gauss_sigma_rel_err', 'dm_sigma_FitGauss_amplitude-detection', 'dm_sigma_FitGauss_mu-detection', 'dm_sigma_FitGauss_ndof', 'dm_sigma_FitGauss_rms_err']
Sep 02 21:54:24 INFO >> ['freq_sigma_FitGaussWidth_gauss_sigma', 'freq_sigma_FitGaussWidth_gauss_sigma_rel_err', 'freq_sigma_FitGaussWidth_ndof', 'freq_sigma_FitGaussWidth_rms_err']
Sep 02 21:54:24 INFO >> ['freq_sigma_FitGauss_amplitude', 'freq_sigma_FitGauss_mu', 'freq_sigma_FitGauss_gauss_sigma', 'freq_sigma_FitGauss_amplitude_rel_err', 'freq_sigma_FitGauss_mu_rel_err', 'freq_sigma_FitGauss_gauss_sigma_rel_err', 'freq_sigma_FitGauss_amplitude-detection', 'freq_sigma_FitGauss_mu-detection', 'freq_sigma_FitGauss_ndof', 'freq_sigma_FitGauss_rms_err']
Sep 02 21:54:24 INFO >> Performing searching on cumulative stack 315.95 49.23
Sep 02 21:54:24 INFO >> Loading the cumulative power spectra stack to search
Sep 02 21:55:22 INFO >> DM: 109.18279375810638
Sep 02 21:55:22 INFO >> sigma: 11.140588399314254
Sep 02 21:55:22 INFO >> frequency: 39.45356607548991
Sep 02 21:55:22 INFO >> Injecting 12 harmonics.
Sep 02 21:55:22 INFO >> Starting DM: 106.56142356181435
Sep 02 21:55:22 INFO >> Stopping DM: 111.82371608338546
Sep 02 21:55:22 INFO >> Expected detection at 8.28 sigma with 8 harmonics.
Sep 02 21:55:36 INFO >> Start searching 6558 dm trials using 32 harmonics.
Sep 02 21:55:41 INFO >> Moved power spectra to shared memory.
Sep 02 21:55:41 INFO >> Number of dm trials in single multi processing job: 10
Sep 02 21:56:22 INFO >> Total number of detections=15608
Sep 02 21:56:22 INFO >> Clustering the detections
Sep 02 21:56:22 INFO >> Starting clustering
Sep 02 21:56:22 INFO >> Rogue harmonic power filter reduced detections from 15608 to 8550
Sep 02 21:56:22 INFO >> Filtering out duplicate freq,dm detections at multiple nharms removes 799 detections
Sep 02 21:56:22 INFO >> Duplicate freq,dm filter reduced detections to 7751
Sep 02 21:56:22 INFO >> Number of detections over threshold sigma (6.0): 7751
Sep 02 21:56:22 INFO >> Grouping duplicate frequencies together first
Sep 02 21:56:22 INFO >> Grouping duplicate frequencies removed 7227 detections from the harmonic metric computation
Sep 02 21:56:22 INFO >> Starting freq-DM distance metric computation
Sep 02 21:56:23 INFO >> Finished freq-DM distance metric computation
Sep 02 21:56:23 INFO >> Largest group size for metric computation is 97
Sep 02 21:56:23 INFO >> Starting harmonic distance metric computation
Sep 02 21:56:24 INFO >> Finished harmonic distance metric computation
Sep 02 21:56:24 INFO >> Starting DBSCAN
Sep 02 21:56:24 INFO >> Finished DBSCAN
Sep 02 21:56:24 INFO >> Clusters found: 76
Sep 02 21:56:24 INFO >> Filtered 32 clusters below or equal 2 DM.
Sep 02 21:56:24 INFO >> Total number of candidate clusters=1
Sep 02 21:56:24 INFO >> Candidate Processor of stack (315.95 49.23)
Sep 02 21:56:24 INFO >> Making SinglePointingCandidates from a list of 1 PowerSpectraDetectionClusters
Sep 02 21:56:26 INFO >> saved candidates to ./results//injections/315.95_49.23_cumulative_power_spectra_stack_20220627_11_tpa.yml_(551,)_candidates.npz
Sep 02 21:56:26 INFO >> Injected Pulsars:     1
Sep 02 21:56:26 INFO >> Injection Candidates: 1
Sep 02 21:56:26 INFO >> Recovered Injections: 1
Sep 02 21:56:26 INFO >> 1 candidates.
Sep 02 21:56:26 INFO >> Best candidate: F0: 39.454 DM: 109.19 Sigma: 8.01
Sep 02 21:56:27 INFO >> Unlinked shared memory for cumulative stack.
Sep 02 21:56:27 INFO >> Pipeline execution time: 2.06 minutes
