Sep 02 09:37:40 INFO >> {"message": "Waiting for suitable server to become available", "selector": "Primary()", "operation": "find", "topologyDescription": "<TopologyDescription id: 66d587641e5dbf6f37df767a, topology_type: Unknown, servers: [<ServerDescription ('localhost', 27017) server_type: Unknown, rtt: None>]>", "clientId": {"$oid": "66d587641e5dbf6f37df767a"}, "remainingTimeMS": 29}
Sep 02 09:37:40 INFO >> Features initialized as the following:
Sep 02 09:37:40 INFO >> num_unique_dms
Sep 02 09:37:40 INFO >> num_unique_freqs
Sep 02 09:37:40 INFO >> ndetections
Sep 02 09:37:40 INFO >> nharm
Sep 02 09:37:40 INFO >> log_p_dm
Sep 02 09:37:40 INFO >> ['dm_sigma_FitGaussWidth_gauss_sigma', 'dm_sigma_FitGaussWidth_gauss_sigma_rel_err', 'dm_sigma_FitGaussWidth_ndof', 'dm_sigma_FitGaussWidth_rms_err']
Sep 02 09:37:40 INFO >> ['dm_sigma_FitGauss_amplitude', 'dm_sigma_FitGauss_mu', 'dm_sigma_FitGauss_gauss_sigma', 'dm_sigma_FitGauss_amplitude_rel_err', 'dm_sigma_FitGauss_mu_rel_err', 'dm_sigma_FitGauss_gauss_sigma_rel_err', 'dm_sigma_FitGauss_amplitude-detection', 'dm_sigma_FitGauss_mu-detection', 'dm_sigma_FitGauss_ndof', 'dm_sigma_FitGauss_rms_err']
Sep 02 09:37:40 INFO >> ['freq_sigma_FitGaussWidth_gauss_sigma', 'freq_sigma_FitGaussWidth_gauss_sigma_rel_err', 'freq_sigma_FitGaussWidth_ndof', 'freq_sigma_FitGaussWidth_rms_err']
Sep 02 09:37:40 INFO >> ['freq_sigma_FitGauss_amplitude', 'freq_sigma_FitGauss_mu', 'freq_sigma_FitGauss_gauss_sigma', 'freq_sigma_FitGauss_amplitude_rel_err', 'freq_sigma_FitGauss_mu_rel_err', 'freq_sigma_FitGauss_gauss_sigma_rel_err', 'freq_sigma_FitGauss_amplitude-detection', 'freq_sigma_FitGauss_mu-detection', 'freq_sigma_FitGauss_ndof', 'freq_sigma_FitGauss_rms_err']
Sep 02 09:37:41 INFO >> Performing searching on cumulative stack 315.95 49.23
Sep 02 09:37:41 INFO >> Loading the cumulative power spectra stack to search
Sep 02 09:38:38 INFO >> DM: 44.97182252468833
Sep 02 09:38:38 INFO >> sigma: 11.577581992245175
Sep 02 09:38:38 INFO >> frequency: 33.663991157419915
Sep 02 09:38:38 INFO >> Injecting 15 harmonics.
Sep 02 09:38:38 INFO >> Starting DM: 41.895944306354366
Sep 02 09:38:38 INFO >> Stopping DM: 48.06901822588967
Sep 02 09:38:38 INFO >> Expected detection at 7.27 sigma with 8 harmonics.
Sep 02 09:38:52 INFO >> Start searching 6558 dm trials using 32 harmonics.
Sep 02 09:38:58 INFO >> Moved power spectra to shared memory.
Sep 02 09:38:58 INFO >> Number of dm trials in single multi processing job: 10
Sep 02 09:39:39 INFO >> Total number of detections=15579
Sep 02 09:39:39 INFO >> Clustering the detections
Sep 02 09:39:39 INFO >> Starting clustering
Sep 02 09:39:39 INFO >> Rogue harmonic power filter reduced detections from 15579 to 8521
Sep 02 09:39:39 INFO >> Filtering out duplicate freq,dm detections at multiple nharms removes 787 detections
Sep 02 09:39:39 INFO >> Duplicate freq,dm filter reduced detections to 7734
Sep 02 09:39:39 INFO >> Number of detections over threshold sigma (6.0): 7734
Sep 02 09:39:39 INFO >> Grouping duplicate frequencies together first
Sep 02 09:39:39 INFO >> Grouping duplicate frequencies removed 7215 detections from the harmonic metric computation
Sep 02 09:39:39 INFO >> Starting freq-DM distance metric computation
Sep 02 09:39:39 INFO >> Finished freq-DM distance metric computation
Sep 02 09:39:39 INFO >> Largest group size for metric computation is 97
Sep 02 09:39:39 INFO >> Starting harmonic distance metric computation
Sep 02 09:39:40 INFO >> Finished harmonic distance metric computation
Sep 02 09:39:40 INFO >> Starting DBSCAN
Sep 02 09:39:40 INFO >> Finished DBSCAN
Sep 02 09:39:40 INFO >> Clusters found: 75
Sep 02 09:39:40 INFO >> Filtered 32 clusters below or equal 2 DM.
Sep 02 09:39:40 INFO >> Total number of candidate clusters=0
Sep 02 09:39:40 INFO >> Candidate Processor of stack (315.95 49.23)
Sep 02 09:39:40 INFO >> Making SinglePointingCandidates from a list of 0 PowerSpectraDetectionClusters
Sep 02 09:39:42 INFO >> saved candidates to ./results//injections/315.95_49.23_cumulative_power_spectra_stack_20220627_11_tpa.yml_(199,)_candidates.npz
Sep 02 09:39:42 INFO >> Injected Pulsars:     1
Sep 02 09:39:42 INFO >> Injection Candidates: 0
Sep 02 09:39:42 INFO >> Recovered Injections: 0
Sep 02 09:39:42 INFO >> 0 candidates.
Sep 02 09:39:43 INFO >> Unlinked shared memory for cumulative stack.
Sep 02 09:39:43 INFO >> Pipeline execution time: 2.05 minutes
