Sep 02 03:14:51 INFO >> {"message": "Waiting for suitable server to become available", "selector": "Primary()", "operation": "find", "topologyDescription": "<TopologyDescription id: 66d52dab127fe3b7641a6a51, topology_type: Unknown, servers: [<ServerDescription ('localhost', 27017) server_type: Unknown, rtt: None>]>", "clientId": {"$oid": "66d52dab127fe3b7641a6a51"}, "remainingTimeMS": 29}
Sep 02 03:14:51 INFO >> Features initialized as the following:
Sep 02 03:14:51 INFO >> num_unique_dms
Sep 02 03:14:51 INFO >> num_unique_freqs
Sep 02 03:14:51 INFO >> ndetections
Sep 02 03:14:51 INFO >> nharm
Sep 02 03:14:51 INFO >> log_p_dm
Sep 02 03:14:51 INFO >> ['dm_sigma_FitGaussWidth_gauss_sigma', 'dm_sigma_FitGaussWidth_gauss_sigma_rel_err', 'dm_sigma_FitGaussWidth_ndof', 'dm_sigma_FitGaussWidth_rms_err']
Sep 02 03:14:51 INFO >> ['dm_sigma_FitGauss_amplitude', 'dm_sigma_FitGauss_mu', 'dm_sigma_FitGauss_gauss_sigma', 'dm_sigma_FitGauss_amplitude_rel_err', 'dm_sigma_FitGauss_mu_rel_err', 'dm_sigma_FitGauss_gauss_sigma_rel_err', 'dm_sigma_FitGauss_amplitude-detection', 'dm_sigma_FitGauss_mu-detection', 'dm_sigma_FitGauss_ndof', 'dm_sigma_FitGauss_rms_err']
Sep 02 03:14:51 INFO >> ['freq_sigma_FitGaussWidth_gauss_sigma', 'freq_sigma_FitGaussWidth_gauss_sigma_rel_err', 'freq_sigma_FitGaussWidth_ndof', 'freq_sigma_FitGaussWidth_rms_err']
Sep 02 03:14:51 INFO >> ['freq_sigma_FitGauss_amplitude', 'freq_sigma_FitGauss_mu', 'freq_sigma_FitGauss_gauss_sigma', 'freq_sigma_FitGauss_amplitude_rel_err', 'freq_sigma_FitGauss_mu_rel_err', 'freq_sigma_FitGauss_gauss_sigma_rel_err', 'freq_sigma_FitGauss_amplitude-detection', 'freq_sigma_FitGauss_mu-detection', 'freq_sigma_FitGauss_ndof', 'freq_sigma_FitGauss_rms_err']
Sep 02 03:14:51 INFO >> Performing searching on cumulative stack 315.95 49.23
Sep 02 03:14:51 INFO >> Loading the cumulative power spectra stack to search
Sep 02 03:15:49 INFO >> DM: 34.675698399863165
Sep 02 03:15:49 INFO >> sigma: 12.843709358558737
Sep 02 03:15:49 INFO >> frequency: 80.50147830387019
Sep 02 03:15:49 INFO >> Injecting 6 harmonics.
Sep 02 03:15:49 INFO >> Starting DM: 33.39531792535493
Sep 02 03:15:49 INFO >> Stopping DM: 35.92526625303334
Sep 02 03:15:49 INFO >> Expected detection at 5.93 sigma with 4 harmonics.
Sep 02 03:16:03 INFO >> Start searching 6558 dm trials using 32 harmonics.
Sep 02 03:16:08 INFO >> Moved power spectra to shared memory.
Sep 02 03:16:08 INFO >> Number of dm trials in single multi processing job: 10
Sep 02 03:16:49 INFO >> Total number of detections=15579
Sep 02 03:16:49 INFO >> Clustering the detections
Sep 02 03:16:49 INFO >> Starting clustering
Sep 02 03:16:49 INFO >> Rogue harmonic power filter reduced detections from 15579 to 8521
Sep 02 03:16:49 INFO >> Filtering out duplicate freq,dm detections at multiple nharms removes 787 detections
Sep 02 03:16:49 INFO >> Duplicate freq,dm filter reduced detections to 7734
Sep 02 03:16:49 INFO >> Number of detections over threshold sigma (6.0): 7734
Sep 02 03:16:49 INFO >> Grouping duplicate frequencies together first
Sep 02 03:16:49 INFO >> Grouping duplicate frequencies removed 7214 detections from the harmonic metric computation
Sep 02 03:16:49 INFO >> Starting freq-DM distance metric computation
Sep 02 03:16:50 INFO >> Finished freq-DM distance metric computation
Sep 02 03:16:50 INFO >> Largest group size for metric computation is 97
Sep 02 03:16:50 INFO >> Starting harmonic distance metric computation
Sep 02 03:16:50 INFO >> Finished harmonic distance metric computation
Sep 02 03:16:50 INFO >> Starting DBSCAN
Sep 02 03:16:51 INFO >> Finished DBSCAN
Sep 02 03:16:51 INFO >> Clusters found: 75
Sep 02 03:16:51 INFO >> Filtered 32 clusters below or equal 2 DM.
Sep 02 03:16:51 INFO >> Total number of candidate clusters=0
Sep 02 03:16:51 INFO >> Candidate Processor of stack (315.95 49.23)
Sep 02 03:16:51 INFO >> Making SinglePointingCandidates from a list of 0 PowerSpectraDetectionClusters
Sep 02 03:16:53 INFO >> saved candidates to ./results//injections/315.95_49.23_cumulative_power_spectra_stack_20220627_11_tpa.yml_(16,)_candidates.npz
Sep 02 03:16:53 INFO >> Injected Pulsars:     1
Sep 02 03:16:53 INFO >> Injection Candidates: 0
Sep 02 03:16:53 INFO >> Recovered Injections: 0
Sep 02 03:16:53 INFO >> 0 candidates.
Sep 02 03:16:54 INFO >> Unlinked shared memory for cumulative stack.
Sep 02 03:16:54 INFO >> Pipeline execution time: 2.05 minutes
