Sep 02 08:18:10 INFO >> {"message": "Waiting for suitable server to become available", "selector": "Primary()", "operation": "find", "topologyDescription": "<TopologyDescription id: 66d574c22a96d30c2d48bdf6, topology_type: Unknown, servers: [<ServerDescription ('localhost', 27017) server_type: Unknown, rtt: None>]>", "clientId": {"$oid": "66d574c22a96d30c2d48bdf6"}, "remainingTimeMS": 29}
Sep 02 08:18:10 INFO >> Features initialized as the following:
Sep 02 08:18:10 INFO >> num_unique_dms
Sep 02 08:18:10 INFO >> num_unique_freqs
Sep 02 08:18:10 INFO >> ndetections
Sep 02 08:18:10 INFO >> nharm
Sep 02 08:18:10 INFO >> log_p_dm
Sep 02 08:18:10 INFO >> ['dm_sigma_FitGaussWidth_gauss_sigma', 'dm_sigma_FitGaussWidth_gauss_sigma_rel_err', 'dm_sigma_FitGaussWidth_ndof', 'dm_sigma_FitGaussWidth_rms_err']
Sep 02 08:18:10 INFO >> ['dm_sigma_FitGauss_amplitude', 'dm_sigma_FitGauss_mu', 'dm_sigma_FitGauss_gauss_sigma', 'dm_sigma_FitGauss_amplitude_rel_err', 'dm_sigma_FitGauss_mu_rel_err', 'dm_sigma_FitGauss_gauss_sigma_rel_err', 'dm_sigma_FitGauss_amplitude-detection', 'dm_sigma_FitGauss_mu-detection', 'dm_sigma_FitGauss_ndof', 'dm_sigma_FitGauss_rms_err']
Sep 02 08:18:10 INFO >> ['freq_sigma_FitGaussWidth_gauss_sigma', 'freq_sigma_FitGaussWidth_gauss_sigma_rel_err', 'freq_sigma_FitGaussWidth_ndof', 'freq_sigma_FitGaussWidth_rms_err']
Sep 02 08:18:10 INFO >> ['freq_sigma_FitGauss_amplitude', 'freq_sigma_FitGauss_mu', 'freq_sigma_FitGauss_gauss_sigma', 'freq_sigma_FitGauss_amplitude_rel_err', 'freq_sigma_FitGauss_mu_rel_err', 'freq_sigma_FitGauss_gauss_sigma_rel_err', 'freq_sigma_FitGauss_amplitude-detection', 'freq_sigma_FitGauss_mu-detection', 'freq_sigma_FitGauss_ndof', 'freq_sigma_FitGauss_rms_err']
Sep 02 08:18:10 INFO >> Performing searching on cumulative stack 315.95 49.23
Sep 02 08:18:10 INFO >> Loading the cumulative power spectra stack to search
Sep 02 08:19:07 INFO >> DM: 158.29472529763126
Sep 02 08:19:07 INFO >> sigma: 13.141185094117896
Sep 02 08:19:07 INFO >> frequency: 28.16544842759025
Sep 02 08:19:07 INFO >> Injecting 18 harmonics.
Sep 02 08:19:07 INFO >> Starting DM: 154.63044178770406
Sep 02 08:19:07 INFO >> Stopping DM: 161.91669297141786
Sep 02 08:19:07 INFO >> Expected detection at 11.04 sigma with 16 harmonics.
Sep 02 08:19:21 INFO >> Start searching 6558 dm trials using 32 harmonics.
Sep 02 08:19:27 INFO >> Moved power spectra to shared memory.
Sep 02 08:19:27 INFO >> Number of dm trials in single multi processing job: 10
Sep 02 08:20:10 INFO >> Total number of detections=15610
Sep 02 08:20:10 INFO >> Clustering the detections
Sep 02 08:20:10 INFO >> Starting clustering
Sep 02 08:20:11 INFO >> Rogue harmonic power filter reduced detections from 15610 to 8552
Sep 02 08:20:11 INFO >> Filtering out duplicate freq,dm detections at multiple nharms removes 800 detections
Sep 02 08:20:11 INFO >> Duplicate freq,dm filter reduced detections to 7752
Sep 02 08:20:11 INFO >> Number of detections over threshold sigma (6.0): 7752
Sep 02 08:20:11 INFO >> Grouping duplicate frequencies together first
Sep 02 08:20:11 INFO >> Grouping duplicate frequencies removed 7225 detections from the harmonic metric computation
Sep 02 08:20:11 INFO >> Starting freq-DM distance metric computation
Sep 02 08:20:11 INFO >> Finished freq-DM distance metric computation
Sep 02 08:20:11 INFO >> Largest group size for metric computation is 97
Sep 02 08:20:11 INFO >> Starting harmonic distance metric computation
Sep 02 08:20:12 INFO >> Finished harmonic distance metric computation
Sep 02 08:20:12 INFO >> Starting DBSCAN
Sep 02 08:20:12 INFO >> Finished DBSCAN
Sep 02 08:20:12 INFO >> Clusters found: 76
Sep 02 08:20:12 INFO >> Filtered 32 clusters below or equal 2 DM.
Sep 02 08:20:12 INFO >> Total number of candidate clusters=1
Sep 02 08:20:12 INFO >> Candidate Processor of stack (315.95 49.23)
Sep 02 08:20:12 INFO >> Making SinglePointingCandidates from a list of 1 PowerSpectraDetectionClusters
Sep 02 08:20:14 INFO >> saved candidates to ./results//injections/315.95_49.23_cumulative_power_spectra_stack_20220627_11_tpa.yml_(161,)_candidates.npz
Sep 02 08:20:14 INFO >> Injected Pulsars:     1
Sep 02 08:20:14 INFO >> Injection Candidates: 1
Sep 02 08:20:14 INFO >> Recovered Injections: 1
Sep 02 08:20:14 INFO >> 1 candidates.
Sep 02 08:20:14 INFO >> Best candidate: F0: 28.165 DM: 158.27 Sigma: 11.72
Sep 02 08:20:16 INFO >> Unlinked shared memory for cumulative stack.
Sep 02 08:20:16 INFO >> Pipeline execution time: 2.10 minutes
