Sep 02 23:24:25 INFO >> {"message": "Waiting for suitable server to become available", "selector": "Primary()", "operation": "find", "topologyDescription": "<TopologyDescription id: 66d6492944777a47054bf57e, topology_type: Unknown, servers: [<ServerDescription ('localhost', 27017) server_type: Unknown, rtt: None>]>", "clientId": {"$oid": "66d6492944777a47054bf57e"}, "remainingTimeMS": 29}
Sep 02 23:24:25 INFO >> Features initialized as the following:
Sep 02 23:24:25 INFO >> num_unique_dms
Sep 02 23:24:25 INFO >> num_unique_freqs
Sep 02 23:24:25 INFO >> ndetections
Sep 02 23:24:25 INFO >> nharm
Sep 02 23:24:25 INFO >> log_p_dm
Sep 02 23:24:25 INFO >> ['dm_sigma_FitGaussWidth_gauss_sigma', 'dm_sigma_FitGaussWidth_gauss_sigma_rel_err', 'dm_sigma_FitGaussWidth_ndof', 'dm_sigma_FitGaussWidth_rms_err']
Sep 02 23:24:25 INFO >> ['dm_sigma_FitGauss_amplitude', 'dm_sigma_FitGauss_mu', 'dm_sigma_FitGauss_gauss_sigma', 'dm_sigma_FitGauss_amplitude_rel_err', 'dm_sigma_FitGauss_mu_rel_err', 'dm_sigma_FitGauss_gauss_sigma_rel_err', 'dm_sigma_FitGauss_amplitude-detection', 'dm_sigma_FitGauss_mu-detection', 'dm_sigma_FitGauss_ndof', 'dm_sigma_FitGauss_rms_err']
Sep 02 23:24:25 INFO >> ['freq_sigma_FitGaussWidth_gauss_sigma', 'freq_sigma_FitGaussWidth_gauss_sigma_rel_err', 'freq_sigma_FitGaussWidth_ndof', 'freq_sigma_FitGaussWidth_rms_err']
Sep 02 23:24:25 INFO >> ['freq_sigma_FitGauss_amplitude', 'freq_sigma_FitGauss_mu', 'freq_sigma_FitGauss_gauss_sigma', 'freq_sigma_FitGauss_amplitude_rel_err', 'freq_sigma_FitGauss_mu_rel_err', 'freq_sigma_FitGauss_gauss_sigma_rel_err', 'freq_sigma_FitGauss_amplitude-detection', 'freq_sigma_FitGauss_mu-detection', 'freq_sigma_FitGauss_ndof', 'freq_sigma_FitGauss_rms_err']
Sep 02 23:24:25 INFO >> Performing searching on cumulative stack 315.95 49.23
Sep 02 23:24:25 INFO >> Loading the cumulative power spectra stack to search
Sep 02 23:25:23 INFO >> DM: 41.71670692349578
Sep 02 23:25:23 INFO >> sigma: 12.74231801843968
Sep 02 23:25:23 INFO >> frequency: 97.64978181515197
Sep 02 23:25:23 INFO >> Injecting 5 harmonics.
Sep 02 23:25:23 INFO >> Starting DM: 40.68156910906873
Sep 02 23:25:23 INFO >> Stopping DM: 42.8067257043186
Sep 02 23:25:23 INFO >> Expected detection at 6.52 sigma with 4 harmonics.
Sep 02 23:25:37 INFO >> Start searching 6558 dm trials using 32 harmonics.
Sep 02 23:25:42 INFO >> Moved power spectra to shared memory.
Sep 02 23:25:42 INFO >> Number of dm trials in single multi processing job: 10
Sep 02 23:26:23 INFO >> Total number of detections=15578
Sep 02 23:26:23 INFO >> Clustering the detections
Sep 02 23:26:23 INFO >> Starting clustering
Sep 02 23:26:23 INFO >> Rogue harmonic power filter reduced detections from 15578 to 8520
Sep 02 23:26:23 INFO >> Filtering out duplicate freq,dm detections at multiple nharms removes 787 detections
Sep 02 23:26:23 INFO >> Duplicate freq,dm filter reduced detections to 7733
Sep 02 23:26:23 INFO >> Number of detections over threshold sigma (6.0): 7733
Sep 02 23:26:23 INFO >> Grouping duplicate frequencies together first
Sep 02 23:26:23 INFO >> Grouping duplicate frequencies removed 7214 detections from the harmonic metric computation
Sep 02 23:26:23 INFO >> Starting freq-DM distance metric computation
Sep 02 23:26:23 INFO >> Finished freq-DM distance metric computation
Sep 02 23:26:23 INFO >> Largest group size for metric computation is 97
Sep 02 23:26:23 INFO >> Starting harmonic distance metric computation
Sep 02 23:26:24 INFO >> Finished harmonic distance metric computation
Sep 02 23:26:24 INFO >> Starting DBSCAN
Sep 02 23:26:24 INFO >> Finished DBSCAN
Sep 02 23:26:24 INFO >> Clusters found: 75
Sep 02 23:26:24 INFO >> Filtered 32 clusters below or equal 2 DM.
Sep 02 23:26:24 INFO >> Total number of candidate clusters=0
Sep 02 23:26:24 INFO >> Candidate Processor of stack (315.95 49.23)
Sep 02 23:26:24 INFO >> Making SinglePointingCandidates from a list of 0 PowerSpectraDetectionClusters
Sep 02 23:26:26 INFO >> saved candidates to ./results//injections/315.95_49.23_cumulative_power_spectra_stack_20220627_11_tpa.yml_(594,)_candidates.npz
Sep 02 23:26:26 INFO >> Injected Pulsars:     1
Sep 02 23:26:26 INFO >> Injection Candidates: 0
Sep 02 23:26:26 INFO >> Recovered Injections: 0
Sep 02 23:26:26 INFO >> 0 candidates.
Sep 02 23:26:28 INFO >> Unlinked shared memory for cumulative stack.
Sep 02 23:26:28 INFO >> Pipeline execution time: 2.04 minutes
