Sep 02 23:45:18 INFO >> {"message": "Waiting for suitable server to become available", "selector": "Primary()", "operation": "find", "topologyDescription": "<TopologyDescription id: 66d64e0ebe03a3ca3168f152, topology_type: Unknown, servers: [<ServerDescription ('localhost', 27017) server_type: Unknown, rtt: None>]>", "clientId": {"$oid": "66d64e0ebe03a3ca3168f152"}, "remainingTimeMS": 29}
Sep 02 23:45:18 INFO >> Features initialized as the following:
Sep 02 23:45:18 INFO >> num_unique_dms
Sep 02 23:45:18 INFO >> num_unique_freqs
Sep 02 23:45:18 INFO >> ndetections
Sep 02 23:45:18 INFO >> nharm
Sep 02 23:45:18 INFO >> log_p_dm
Sep 02 23:45:18 INFO >> ['dm_sigma_FitGaussWidth_gauss_sigma', 'dm_sigma_FitGaussWidth_gauss_sigma_rel_err', 'dm_sigma_FitGaussWidth_ndof', 'dm_sigma_FitGaussWidth_rms_err']
Sep 02 23:45:18 INFO >> ['dm_sigma_FitGauss_amplitude', 'dm_sigma_FitGauss_mu', 'dm_sigma_FitGauss_gauss_sigma', 'dm_sigma_FitGauss_amplitude_rel_err', 'dm_sigma_FitGauss_mu_rel_err', 'dm_sigma_FitGauss_gauss_sigma_rel_err', 'dm_sigma_FitGauss_amplitude-detection', 'dm_sigma_FitGauss_mu-detection', 'dm_sigma_FitGauss_ndof', 'dm_sigma_FitGauss_rms_err']
Sep 02 23:45:18 INFO >> ['freq_sigma_FitGaussWidth_gauss_sigma', 'freq_sigma_FitGaussWidth_gauss_sigma_rel_err', 'freq_sigma_FitGaussWidth_ndof', 'freq_sigma_FitGaussWidth_rms_err']
Sep 02 23:45:18 INFO >> ['freq_sigma_FitGauss_amplitude', 'freq_sigma_FitGauss_mu', 'freq_sigma_FitGauss_gauss_sigma', 'freq_sigma_FitGauss_amplitude_rel_err', 'freq_sigma_FitGauss_mu_rel_err', 'freq_sigma_FitGauss_gauss_sigma_rel_err', 'freq_sigma_FitGauss_amplitude-detection', 'freq_sigma_FitGauss_mu-detection', 'freq_sigma_FitGauss_ndof', 'freq_sigma_FitGauss_rms_err']
Sep 02 23:45:19 INFO >> Performing searching on cumulative stack 315.95 49.23
Sep 02 23:45:19 INFO >> Loading the cumulative power spectra stack to search
Sep 02 23:46:16 INFO >> DM: 100.51624768920608
Sep 02 23:46:16 INFO >> sigma: 13.760671529184766
Sep 02 23:46:16 INFO >> frequency: 97.6436125813367
Sep 02 23:46:16 INFO >> Injecting 5 harmonics.
Sep 02 23:46:16 INFO >> Starting DM: 99.47756824431485
Sep 02 23:46:16 INFO >> Stopping DM: 101.6027248395647
Sep 02 23:46:16 INFO >> Expected detection at 10.46 sigma with 4 harmonics.
Sep 02 23:46:30 INFO >> Start searching 6558 dm trials using 32 harmonics.
Sep 02 23:46:36 INFO >> Moved power spectra to shared memory.
Sep 02 23:46:36 INFO >> Number of dm trials in single multi processing job: 10
Sep 02 23:47:16 INFO >> Total number of detections=15587
Sep 02 23:47:16 INFO >> Clustering the detections
Sep 02 23:47:16 INFO >> Starting clustering
Sep 02 23:47:16 INFO >> Rogue harmonic power filter reduced detections from 15587 to 8529
Sep 02 23:47:16 INFO >> Filtering out duplicate freq,dm detections at multiple nharms removes 787 detections
Sep 02 23:47:16 INFO >> Duplicate freq,dm filter reduced detections to 7742
Sep 02 23:47:16 INFO >> Number of detections over threshold sigma (6.0): 7742
Sep 02 23:47:16 INFO >> Grouping duplicate frequencies together first
Sep 02 23:47:16 INFO >> Grouping duplicate frequencies removed 7218 detections from the harmonic metric computation
Sep 02 23:47:16 INFO >> Starting freq-DM distance metric computation
Sep 02 23:47:16 INFO >> Finished freq-DM distance metric computation
Sep 02 23:47:17 INFO >> Largest group size for metric computation is 97
Sep 02 23:47:17 INFO >> Starting harmonic distance metric computation
Sep 02 23:47:17 INFO >> Finished harmonic distance metric computation
Sep 02 23:47:17 INFO >> Starting DBSCAN
Sep 02 23:47:18 INFO >> Finished DBSCAN
Sep 02 23:47:18 INFO >> Clusters found: 76
Sep 02 23:47:18 INFO >> Filtered 32 clusters below or equal 2 DM.
Sep 02 23:47:18 INFO >> Total number of candidate clusters=1
Sep 02 23:47:18 INFO >> Candidate Processor of stack (315.95 49.23)
Sep 02 23:47:18 INFO >> Making SinglePointingCandidates from a list of 1 PowerSpectraDetectionClusters
Sep 02 23:47:20 INFO >> saved candidates to ./results//injections/315.95_49.23_cumulative_power_spectra_stack_20220627_11_tpa.yml_(604,)_candidates.npz
Sep 02 23:47:20 INFO >> Injected Pulsars:     1
Sep 02 23:47:20 INFO >> Injection Candidates: 1
Sep 02 23:47:20 INFO >> Recovered Injections: 1
Sep 02 23:47:20 INFO >> 1 candidates.
Sep 02 23:47:20 INFO >> Best candidate: F0: 97.644 DM: 100.49 Sigma: 10.32
Sep 02 23:47:21 INFO >> Unlinked shared memory for cumulative stack.
Sep 02 23:47:21 INFO >> Pipeline execution time: 2.05 minutes
