Sep 02 05:41:14 INFO >> {"message": "Waiting for suitable server to become available", "selector": "Primary()", "operation": "find", "topologyDescription": "<TopologyDescription id: 66d54ffab9f1a84de4011b02, topology_type: Unknown, servers: [<ServerDescription ('localhost', 27017) server_type: Unknown, rtt: None>]>", "clientId": {"$oid": "66d54ffab9f1a84de4011b02"}, "remainingTimeMS": 29}
Sep 02 05:41:14 INFO >> Features initialized as the following:
Sep 02 05:41:14 INFO >> num_unique_dms
Sep 02 05:41:14 INFO >> num_unique_freqs
Sep 02 05:41:14 INFO >> ndetections
Sep 02 05:41:14 INFO >> nharm
Sep 02 05:41:14 INFO >> log_p_dm
Sep 02 05:41:14 INFO >> ['dm_sigma_FitGaussWidth_gauss_sigma', 'dm_sigma_FitGaussWidth_gauss_sigma_rel_err', 'dm_sigma_FitGaussWidth_ndof', 'dm_sigma_FitGaussWidth_rms_err']
Sep 02 05:41:14 INFO >> ['dm_sigma_FitGauss_amplitude', 'dm_sigma_FitGauss_mu', 'dm_sigma_FitGauss_gauss_sigma', 'dm_sigma_FitGauss_amplitude_rel_err', 'dm_sigma_FitGauss_mu_rel_err', 'dm_sigma_FitGauss_gauss_sigma_rel_err', 'dm_sigma_FitGauss_amplitude-detection', 'dm_sigma_FitGauss_mu-detection', 'dm_sigma_FitGauss_ndof', 'dm_sigma_FitGauss_rms_err']
Sep 02 05:41:14 INFO >> ['freq_sigma_FitGaussWidth_gauss_sigma', 'freq_sigma_FitGaussWidth_gauss_sigma_rel_err', 'freq_sigma_FitGaussWidth_ndof', 'freq_sigma_FitGaussWidth_rms_err']
Sep 02 05:41:14 INFO >> ['freq_sigma_FitGauss_amplitude', 'freq_sigma_FitGauss_mu', 'freq_sigma_FitGauss_gauss_sigma', 'freq_sigma_FitGauss_amplitude_rel_err', 'freq_sigma_FitGauss_mu_rel_err', 'freq_sigma_FitGauss_gauss_sigma_rel_err', 'freq_sigma_FitGauss_amplitude-detection', 'freq_sigma_FitGauss_mu-detection', 'freq_sigma_FitGauss_ndof', 'freq_sigma_FitGauss_rms_err']
Sep 02 05:41:14 INFO >> Performing searching on cumulative stack 315.95 49.23
Sep 02 05:41:14 INFO >> Loading the cumulative power spectra stack to search
Sep 02 05:42:11 INFO >> DM: 28.247058008220794
Sep 02 05:42:11 INFO >> sigma: 14.303483894982449
Sep 02 05:42:11 INFO >> frequency: 51.13358088443733
Sep 02 05:42:11 INFO >> Injecting 9 harmonics.
Sep 02 05:42:11 INFO >> Starting DM: 26.210264674748267
Sep 02 05:42:11 INFO >> Stopping DM: 30.25818199903371
Sep 02 05:42:11 INFO >> Expected detection at 11.49 sigma with 8 harmonics.
Sep 02 05:42:25 INFO >> Start searching 6558 dm trials using 32 harmonics.
Sep 02 05:42:31 INFO >> Moved power spectra to shared memory.
Sep 02 05:42:31 INFO >> Number of dm trials in single multi processing job: 10
Sep 02 05:43:11 INFO >> Total number of detections=15625
Sep 02 05:43:11 INFO >> Clustering the detections
Sep 02 05:43:11 INFO >> Starting clustering
Sep 02 05:43:11 INFO >> Rogue harmonic power filter reduced detections from 15625 to 8567
Sep 02 05:43:11 INFO >> Filtering out duplicate freq,dm detections at multiple nharms removes 807 detections
Sep 02 05:43:11 INFO >> Duplicate freq,dm filter reduced detections to 7760
Sep 02 05:43:11 INFO >> Number of detections over threshold sigma (6.0): 7760
Sep 02 05:43:11 INFO >> Grouping duplicate frequencies together first
Sep 02 05:43:12 INFO >> Grouping duplicate frequencies removed 7230 detections from the harmonic metric computation
Sep 02 05:43:12 INFO >> Starting freq-DM distance metric computation
Sep 02 05:43:12 INFO >> Finished freq-DM distance metric computation
Sep 02 05:43:12 INFO >> Largest group size for metric computation is 97
Sep 02 05:43:12 INFO >> Starting harmonic distance metric computation
Sep 02 05:43:13 INFO >> Finished harmonic distance metric computation
Sep 02 05:43:13 INFO >> Starting DBSCAN
Sep 02 05:43:13 INFO >> Finished DBSCAN
Sep 02 05:43:13 INFO >> Clusters found: 76
Sep 02 05:43:13 INFO >> Filtered 32 clusters below or equal 2 DM.
Sep 02 05:43:13 INFO >> Total number of candidate clusters=1
Sep 02 05:43:13 INFO >> Candidate Processor of stack (315.95 49.23)
Sep 02 05:43:13 INFO >> Making SinglePointingCandidates from a list of 1 PowerSpectraDetectionClusters
Sep 02 05:43:15 INFO >> saved candidates to ./results//injections/315.95_49.23_cumulative_power_spectra_stack_20220627_11_tpa.yml_(86,)_candidates.npz
Sep 02 05:43:15 INFO >> Injected Pulsars:     1
Sep 02 05:43:15 INFO >> Injection Candidates: 1
Sep 02 05:43:15 INFO >> Recovered Injections: 1
Sep 02 05:43:15 INFO >> 1 candidates.
Sep 02 05:43:15 INFO >> Best candidate: F0: 51.134 DM: 28.23 Sigma: 12.58
Sep 02 05:43:17 INFO >> Unlinked shared memory for cumulative stack.
Sep 02 05:43:17 INFO >> Pipeline execution time: 2.04 minutes
