Sep 02 06:48:15 INFO >> {"message": "Waiting for suitable server to become available", "selector": "Primary()", "operation": "find", "topologyDescription": "<TopologyDescription id: 66d55fafa91d6210d83e9854, topology_type: Unknown, servers: [<ServerDescription ('localhost', 27017) server_type: Unknown, rtt: None>]>", "clientId": {"$oid": "66d55fafa91d6210d83e9854"}, "remainingTimeMS": 29}
Sep 02 06:48:15 INFO >> Features initialized as the following:
Sep 02 06:48:15 INFO >> num_unique_dms
Sep 02 06:48:15 INFO >> num_unique_freqs
Sep 02 06:48:15 INFO >> ndetections
Sep 02 06:48:15 INFO >> nharm
Sep 02 06:48:15 INFO >> log_p_dm
Sep 02 06:48:15 INFO >> ['dm_sigma_FitGaussWidth_gauss_sigma', 'dm_sigma_FitGaussWidth_gauss_sigma_rel_err', 'dm_sigma_FitGaussWidth_ndof', 'dm_sigma_FitGaussWidth_rms_err']
Sep 02 06:48:15 INFO >> ['dm_sigma_FitGauss_amplitude', 'dm_sigma_FitGauss_mu', 'dm_sigma_FitGauss_gauss_sigma', 'dm_sigma_FitGauss_amplitude_rel_err', 'dm_sigma_FitGauss_mu_rel_err', 'dm_sigma_FitGauss_gauss_sigma_rel_err', 'dm_sigma_FitGauss_amplitude-detection', 'dm_sigma_FitGauss_mu-detection', 'dm_sigma_FitGauss_ndof', 'dm_sigma_FitGauss_rms_err']
Sep 02 06:48:15 INFO >> ['freq_sigma_FitGaussWidth_gauss_sigma', 'freq_sigma_FitGaussWidth_gauss_sigma_rel_err', 'freq_sigma_FitGaussWidth_ndof', 'freq_sigma_FitGaussWidth_rms_err']
Sep 02 06:48:15 INFO >> ['freq_sigma_FitGauss_amplitude', 'freq_sigma_FitGauss_mu', 'freq_sigma_FitGauss_gauss_sigma', 'freq_sigma_FitGauss_amplitude_rel_err', 'freq_sigma_FitGauss_mu_rel_err', 'freq_sigma_FitGauss_gauss_sigma_rel_err', 'freq_sigma_FitGauss_amplitude-detection', 'freq_sigma_FitGauss_mu-detection', 'freq_sigma_FitGauss_ndof', 'freq_sigma_FitGauss_rms_err']
Sep 02 06:48:15 INFO >> Performing searching on cumulative stack 315.95 49.23
Sep 02 06:48:15 INFO >> Loading the cumulative power spectra stack to search
Sep 02 06:49:12 INFO >> DM: 18.679226584384104
Sep 02 06:49:12 INFO >> sigma: 12.030651795579729
Sep 02 06:49:12 INFO >> frequency: 19.73748700122985
Sep 02 06:49:12 INFO >> Injecting 25 harmonics.
Sep 02 06:49:12 INFO >> Starting DM: 13.459325103249107
Sep 02 06:49:12 INFO >> Stopping DM: 23.882712213284133
Sep 02 06:49:12 INFO >> Expected detection at 11.27 sigma with 4 harmonics.
Sep 02 06:49:26 INFO >> Start searching 6558 dm trials using 32 harmonics.
Sep 02 06:49:32 INFO >> Moved power spectra to shared memory.
Sep 02 06:49:32 INFO >> Number of dm trials in single multi processing job: 10
Sep 02 06:50:13 INFO >> Total number of detections=15798
Sep 02 06:50:13 INFO >> Clustering the detections
Sep 02 06:50:13 INFO >> Starting clustering
Sep 02 06:50:13 INFO >> Rogue harmonic power filter reduced detections from 15798 to 8681
Sep 02 06:50:13 INFO >> Filtering out duplicate freq,dm detections at multiple nharms removes 833 detections
Sep 02 06:50:13 INFO >> Duplicate freq,dm filter reduced detections to 7848
Sep 02 06:50:13 INFO >> Number of detections over threshold sigma (6.0): 7848
Sep 02 06:50:13 INFO >> Grouping duplicate frequencies together first
Sep 02 06:50:13 INFO >> Grouping duplicate frequencies removed 7311 detections from the harmonic metric computation
Sep 02 06:50:13 INFO >> Starting freq-DM distance metric computation
Sep 02 06:50:13 INFO >> Finished freq-DM distance metric computation
Sep 02 06:50:13 INFO >> Largest group size for metric computation is 97
Sep 02 06:50:13 INFO >> Starting harmonic distance metric computation
Sep 02 06:50:14 INFO >> Finished harmonic distance metric computation
Sep 02 06:50:14 INFO >> Starting DBSCAN
Sep 02 06:50:14 INFO >> Finished DBSCAN
Sep 02 06:50:14 INFO >> Clusters found: 76
Sep 02 06:50:14 INFO >> Filtered 32 clusters below or equal 2 DM.
Sep 02 06:50:14 INFO >> Total number of candidate clusters=1
Sep 02 06:50:14 INFO >> Candidate Processor of stack (315.95 49.23)
Sep 02 06:50:14 INFO >> Making SinglePointingCandidates from a list of 1 PowerSpectraDetectionClusters
Sep 02 06:50:17 INFO >> saved candidates to ./results//injections/315.95_49.23_cumulative_power_spectra_stack_20220627_11_tpa.yml_(118,)_candidates.npz
Sep 02 06:50:17 INFO >> Injected Pulsars:     1
Sep 02 06:50:17 INFO >> Injection Candidates: 1
Sep 02 06:50:17 INFO >> Recovered Injections: 1
Sep 02 06:50:17 INFO >> 1 candidates.
Sep 02 06:50:17 INFO >> Best candidate: F0: 19.737 DM: 18.72 Sigma: 11.61
Sep 02 06:50:18 INFO >> Unlinked shared memory for cumulative stack.
Sep 02 06:50:18 INFO >> Pipeline execution time: 2.06 minutes
