Sep 02 03:21:10 INFO >> {"message": "Waiting for suitable server to become available", "selector": "Primary()", "operation": "find", "topologyDescription": "<TopologyDescription id: 66d52f26d23d5c71d0c434ab, topology_type: Unknown, servers: [<ServerDescription ('localhost', 27017) server_type: Unknown, rtt: None>]>", "clientId": {"$oid": "66d52f26d23d5c71d0c434ab"}, "remainingTimeMS": 29}
Sep 02 03:21:10 INFO >> Features initialized as the following:
Sep 02 03:21:10 INFO >> num_unique_dms
Sep 02 03:21:10 INFO >> num_unique_freqs
Sep 02 03:21:10 INFO >> ndetections
Sep 02 03:21:10 INFO >> nharm
Sep 02 03:21:10 INFO >> log_p_dm
Sep 02 03:21:10 INFO >> ['dm_sigma_FitGaussWidth_gauss_sigma', 'dm_sigma_FitGaussWidth_gauss_sigma_rel_err', 'dm_sigma_FitGaussWidth_ndof', 'dm_sigma_FitGaussWidth_rms_err']
Sep 02 03:21:10 INFO >> ['dm_sigma_FitGauss_amplitude', 'dm_sigma_FitGauss_mu', 'dm_sigma_FitGauss_gauss_sigma', 'dm_sigma_FitGauss_amplitude_rel_err', 'dm_sigma_FitGauss_mu_rel_err', 'dm_sigma_FitGauss_gauss_sigma_rel_err', 'dm_sigma_FitGauss_amplitude-detection', 'dm_sigma_FitGauss_mu-detection', 'dm_sigma_FitGauss_ndof', 'dm_sigma_FitGauss_rms_err']
Sep 02 03:21:10 INFO >> ['freq_sigma_FitGaussWidth_gauss_sigma', 'freq_sigma_FitGaussWidth_gauss_sigma_rel_err', 'freq_sigma_FitGaussWidth_ndof', 'freq_sigma_FitGaussWidth_rms_err']
Sep 02 03:21:10 INFO >> ['freq_sigma_FitGauss_amplitude', 'freq_sigma_FitGauss_mu', 'freq_sigma_FitGauss_gauss_sigma', 'freq_sigma_FitGauss_amplitude_rel_err', 'freq_sigma_FitGauss_mu_rel_err', 'freq_sigma_FitGauss_gauss_sigma_rel_err', 'freq_sigma_FitGauss_amplitude-detection', 'freq_sigma_FitGauss_mu-detection', 'freq_sigma_FitGauss_ndof', 'freq_sigma_FitGauss_rms_err']
Sep 02 03:21:10 INFO >> Performing searching on cumulative stack 315.95 49.23
Sep 02 03:21:10 INFO >> Loading the cumulative power spectra stack to search
Sep 02 03:22:07 INFO >> DM: 85.86679675599977
Sep 02 03:22:07 INFO >> sigma: 13.638338422225548
Sep 02 03:22:07 INFO >> frequency: 43.98250035636767
Sep 02 03:22:07 INFO >> Injecting 11 harmonics.
Sep 02 03:22:07 INFO >> Starting DM: 83.48829481338733
Sep 02 03:22:07 INFO >> Stopping DM: 88.24459766942272
Sep 02 03:22:07 INFO >> Expected detection at 11.37 sigma with 4 harmonics.
Sep 02 03:22:21 INFO >> Start searching 6558 dm trials using 32 harmonics.
Sep 02 03:22:27 INFO >> Moved power spectra to shared memory.
Sep 02 03:22:27 INFO >> Number of dm trials in single multi processing job: 10
Sep 02 03:23:08 INFO >> Total number of detections=15687
Sep 02 03:23:08 INFO >> Clustering the detections
Sep 02 03:23:08 INFO >> Starting clustering
Sep 02 03:23:08 INFO >> Rogue harmonic power filter reduced detections from 15687 to 8609
Sep 02 03:23:08 INFO >> Filtering out duplicate freq,dm detections at multiple nharms removes 818 detections
Sep 02 03:23:08 INFO >> Duplicate freq,dm filter reduced detections to 7791
Sep 02 03:23:08 INFO >> Number of detections over threshold sigma (6.0): 7791
Sep 02 03:23:08 INFO >> Grouping duplicate frequencies together first
Sep 02 03:23:08 INFO >> Grouping duplicate frequencies removed 7255 detections from the harmonic metric computation
Sep 02 03:23:08 INFO >> Starting freq-DM distance metric computation
Sep 02 03:23:08 INFO >> Finished freq-DM distance metric computation
Sep 02 03:23:08 INFO >> Largest group size for metric computation is 97
Sep 02 03:23:08 INFO >> Starting harmonic distance metric computation
Sep 02 03:23:09 INFO >> Finished harmonic distance metric computation
Sep 02 03:23:09 INFO >> Starting DBSCAN
Sep 02 03:23:09 INFO >> Finished DBSCAN
Sep 02 03:23:09 INFO >> Clusters found: 76
Sep 02 03:23:09 INFO >> Filtered 32 clusters below or equal 2 DM.
Sep 02 03:23:09 INFO >> Total number of candidate clusters=1
Sep 02 03:23:09 INFO >> Candidate Processor of stack (315.95 49.23)
Sep 02 03:23:09 INFO >> Making SinglePointingCandidates from a list of 1 PowerSpectraDetectionClusters
Sep 02 03:23:12 INFO >> saved candidates to ./results//injections/315.95_49.23_cumulative_power_spectra_stack_20220627_11_tpa.yml_(19,)_candidates.npz
Sep 02 03:23:12 INFO >> Injected Pulsars:     1
Sep 02 03:23:12 INFO >> Injection Candidates: 1
Sep 02 03:23:12 INFO >> Recovered Injections: 1
Sep 02 03:23:12 INFO >> 1 candidates.
Sep 02 03:23:12 INFO >> Best candidate: F0: 43.982 DM: 85.92 Sigma: 11.47
Sep 02 03:23:13 INFO >> Unlinked shared memory for cumulative stack.
Sep 02 03:23:13 INFO >> Pipeline execution time: 2.05 minutes
