Sep 02 23:13:54 INFO >> {"message": "Waiting for suitable server to become available", "selector": "Primary()", "operation": "find", "topologyDescription": "<TopologyDescription id: 66d646b26038e36e24309c96, topology_type: Unknown, servers: [<ServerDescription ('localhost', 27017) server_type: Unknown, rtt: None>]>", "clientId": {"$oid": "66d646b26038e36e24309c96"}, "remainingTimeMS": 29}
Sep 02 23:13:54 INFO >> Features initialized as the following:
Sep 02 23:13:54 INFO >> num_unique_dms
Sep 02 23:13:54 INFO >> num_unique_freqs
Sep 02 23:13:54 INFO >> ndetections
Sep 02 23:13:54 INFO >> nharm
Sep 02 23:13:54 INFO >> log_p_dm
Sep 02 23:13:54 INFO >> ['dm_sigma_FitGaussWidth_gauss_sigma', 'dm_sigma_FitGaussWidth_gauss_sigma_rel_err', 'dm_sigma_FitGaussWidth_ndof', 'dm_sigma_FitGaussWidth_rms_err']
Sep 02 23:13:54 INFO >> ['dm_sigma_FitGauss_amplitude', 'dm_sigma_FitGauss_mu', 'dm_sigma_FitGauss_gauss_sigma', 'dm_sigma_FitGauss_amplitude_rel_err', 'dm_sigma_FitGauss_mu_rel_err', 'dm_sigma_FitGauss_gauss_sigma_rel_err', 'dm_sigma_FitGauss_amplitude-detection', 'dm_sigma_FitGauss_mu-detection', 'dm_sigma_FitGauss_ndof', 'dm_sigma_FitGauss_rms_err']
Sep 02 23:13:54 INFO >> ['freq_sigma_FitGaussWidth_gauss_sigma', 'freq_sigma_FitGaussWidth_gauss_sigma_rel_err', 'freq_sigma_FitGaussWidth_ndof', 'freq_sigma_FitGaussWidth_rms_err']
Sep 02 23:13:54 INFO >> ['freq_sigma_FitGauss_amplitude', 'freq_sigma_FitGauss_mu', 'freq_sigma_FitGauss_gauss_sigma', 'freq_sigma_FitGauss_amplitude_rel_err', 'freq_sigma_FitGauss_mu_rel_err', 'freq_sigma_FitGauss_gauss_sigma_rel_err', 'freq_sigma_FitGauss_amplitude-detection', 'freq_sigma_FitGauss_mu-detection', 'freq_sigma_FitGauss_ndof', 'freq_sigma_FitGauss_rms_err']
Sep 02 23:13:54 INFO >> Performing searching on cumulative stack 315.95 49.23
Sep 02 23:13:54 INFO >> Loading the cumulative power spectra stack to search
Sep 02 23:14:51 INFO >> DM: 198.78813408911205
Sep 02 23:14:51 INFO >> sigma: 11.179285894434393
Sep 02 23:14:51 INFO >> frequency: 19.584071682262774
Sep 02 23:14:51 INFO >> Injecting 25 harmonics.
Sep 02 23:14:51 INFO >> Starting DM: 193.4904481008443
Sep 02 23:14:51 INFO >> Stopping DM: 204.01503314398647
Sep 02 23:14:51 INFO >> Expected detection at 10.76 sigma with 16 harmonics.
Sep 02 23:15:06 INFO >> Start searching 6558 dm trials using 32 harmonics.
Sep 02 23:15:11 INFO >> Moved power spectra to shared memory.
Sep 02 23:15:11 INFO >> Number of dm trials in single multi processing job: 10
Sep 02 23:15:53 INFO >> Total number of detections=15620
Sep 02 23:15:53 INFO >> Clustering the detections
Sep 02 23:15:53 INFO >> Starting clustering
Sep 02 23:15:53 INFO >> Rogue harmonic power filter reduced detections from 15620 to 8562
Sep 02 23:15:53 INFO >> Filtering out duplicate freq,dm detections at multiple nharms removes 803 detections
Sep 02 23:15:53 INFO >> Duplicate freq,dm filter reduced detections to 7759
Sep 02 23:15:53 INFO >> Number of detections over threshold sigma (6.0): 7759
Sep 02 23:15:53 INFO >> Grouping duplicate frequencies together first
Sep 02 23:15:53 INFO >> Grouping duplicate frequencies removed 7234 detections from the harmonic metric computation
Sep 02 23:15:53 INFO >> Starting freq-DM distance metric computation
Sep 02 23:15:53 INFO >> Finished freq-DM distance metric computation
Sep 02 23:15:53 INFO >> Largest group size for metric computation is 97
Sep 02 23:15:53 INFO >> Starting harmonic distance metric computation
Sep 02 23:15:54 INFO >> Finished harmonic distance metric computation
Sep 02 23:15:54 INFO >> Starting DBSCAN
Sep 02 23:15:54 INFO >> Finished DBSCAN
Sep 02 23:15:54 INFO >> Clusters found: 76
Sep 02 23:15:54 INFO >> Filtered 32 clusters below or equal 2 DM.
Sep 02 23:15:54 INFO >> Total number of candidate clusters=1
Sep 02 23:15:54 INFO >> Candidate Processor of stack (315.95 49.23)
Sep 02 23:15:54 INFO >> Making SinglePointingCandidates from a list of 1 PowerSpectraDetectionClusters
Sep 02 23:15:56 INFO >> saved candidates to ./results//injections/315.95_49.23_cumulative_power_spectra_stack_20220627_11_tpa.yml_(589,)_candidates.npz
Sep 02 23:15:56 INFO >> Injected Pulsars:     1
Sep 02 23:15:56 INFO >> Injection Candidates: 1
Sep 02 23:15:56 INFO >> Recovered Injections: 1
Sep 02 23:15:56 INFO >> 1 candidates.
Sep 02 23:15:56 INFO >> Best candidate: F0: 19.584 DM: 198.75 Sigma: 10.69
Sep 02 23:15:58 INFO >> Unlinked shared memory for cumulative stack.
Sep 02 23:15:58 INFO >> Pipeline execution time: 2.06 minutes
