Sep 02 10:09:06 INFO >> {"message": "Waiting for suitable server to become available", "selector": "Primary()", "operation": "find", "topologyDescription": "<TopologyDescription id: 66d58ec21a7a608cc71fac50, topology_type: Unknown, servers: [<ServerDescription ('localhost', 27017) server_type: Unknown, rtt: None>]>", "clientId": {"$oid": "66d58ec21a7a608cc71fac50"}, "remainingTimeMS": 29}
Sep 02 10:09:07 INFO >> Features initialized as the following:
Sep 02 10:09:07 INFO >> num_unique_dms
Sep 02 10:09:07 INFO >> num_unique_freqs
Sep 02 10:09:07 INFO >> ndetections
Sep 02 10:09:07 INFO >> nharm
Sep 02 10:09:07 INFO >> log_p_dm
Sep 02 10:09:07 INFO >> ['dm_sigma_FitGaussWidth_gauss_sigma', 'dm_sigma_FitGaussWidth_gauss_sigma_rel_err', 'dm_sigma_FitGaussWidth_ndof', 'dm_sigma_FitGaussWidth_rms_err']
Sep 02 10:09:07 INFO >> ['dm_sigma_FitGauss_amplitude', 'dm_sigma_FitGauss_mu', 'dm_sigma_FitGauss_gauss_sigma', 'dm_sigma_FitGauss_amplitude_rel_err', 'dm_sigma_FitGauss_mu_rel_err', 'dm_sigma_FitGauss_gauss_sigma_rel_err', 'dm_sigma_FitGauss_amplitude-detection', 'dm_sigma_FitGauss_mu-detection', 'dm_sigma_FitGauss_ndof', 'dm_sigma_FitGauss_rms_err']
Sep 02 10:09:07 INFO >> ['freq_sigma_FitGaussWidth_gauss_sigma', 'freq_sigma_FitGaussWidth_gauss_sigma_rel_err', 'freq_sigma_FitGaussWidth_ndof', 'freq_sigma_FitGaussWidth_rms_err']
Sep 02 10:09:07 INFO >> ['freq_sigma_FitGauss_amplitude', 'freq_sigma_FitGauss_mu', 'freq_sigma_FitGauss_gauss_sigma', 'freq_sigma_FitGauss_amplitude_rel_err', 'freq_sigma_FitGauss_mu_rel_err', 'freq_sigma_FitGauss_gauss_sigma_rel_err', 'freq_sigma_FitGauss_amplitude-detection', 'freq_sigma_FitGauss_mu-detection', 'freq_sigma_FitGauss_ndof', 'freq_sigma_FitGauss_rms_err']
Sep 02 10:09:07 INFO >> Performing searching on cumulative stack 315.95 49.23
Sep 02 10:09:07 INFO >> Loading the cumulative power spectra stack to search
Sep 02 10:10:04 INFO >> DM: 58.3640904170735
Sep 02 10:10:04 INFO >> sigma: 10.979634829910038
Sep 02 10:10:04 INFO >> frequency: 19.146335465925112
Sep 02 10:10:04 INFO >> Injecting 26 harmonics.
Sep 02 10:10:04 INFO >> Starting DM: 53.02771694813935
Sep 02 10:10:04 INFO >> Stopping DM: 63.75469785749578
Sep 02 10:10:04 INFO >> Expected detection at 8.61 sigma with 16 harmonics.
Sep 02 10:10:18 INFO >> Start searching 6558 dm trials using 32 harmonics.
Sep 02 10:10:24 INFO >> Moved power spectra to shared memory.
Sep 02 10:10:24 INFO >> Number of dm trials in single multi processing job: 10
Sep 02 10:11:05 INFO >> Total number of detections=15582
Sep 02 10:11:05 INFO >> Clustering the detections
Sep 02 10:11:05 INFO >> Starting clustering
Sep 02 10:11:05 INFO >> Rogue harmonic power filter reduced detections from 15582 to 8524
Sep 02 10:11:05 INFO >> Filtering out duplicate freq,dm detections at multiple nharms removes 789 detections
Sep 02 10:11:05 INFO >> Duplicate freq,dm filter reduced detections to 7735
Sep 02 10:11:05 INFO >> Number of detections over threshold sigma (6.0): 7735
Sep 02 10:11:05 INFO >> Grouping duplicate frequencies together first
Sep 02 10:11:05 INFO >> Grouping duplicate frequencies removed 7215 detections from the harmonic metric computation
Sep 02 10:11:05 INFO >> Starting freq-DM distance metric computation
Sep 02 10:11:05 INFO >> Finished freq-DM distance metric computation
Sep 02 10:11:06 INFO >> Largest group size for metric computation is 97
Sep 02 10:11:06 INFO >> Starting harmonic distance metric computation
Sep 02 10:11:06 INFO >> Finished harmonic distance metric computation
Sep 02 10:11:06 INFO >> Starting DBSCAN
Sep 02 10:11:07 INFO >> Finished DBSCAN
Sep 02 10:11:07 INFO >> Clusters found: 75
Sep 02 10:11:07 INFO >> Filtered 32 clusters below or equal 2 DM.
Sep 02 10:11:07 INFO >> Total number of candidate clusters=0
Sep 02 10:11:07 INFO >> Candidate Processor of stack (315.95 49.23)
Sep 02 10:11:07 INFO >> Making SinglePointingCandidates from a list of 0 PowerSpectraDetectionClusters
Sep 02 10:11:09 INFO >> saved candidates to ./results//injections/315.95_49.23_cumulative_power_spectra_stack_20220627_11_tpa.yml_(214,)_candidates.npz
Sep 02 10:11:09 INFO >> Injected Pulsars:     1
Sep 02 10:11:09 INFO >> Injection Candidates: 0
Sep 02 10:11:09 INFO >> Recovered Injections: 0
Sep 02 10:11:09 INFO >> 0 candidates.
Sep 02 10:11:10 INFO >> Unlinked shared memory for cumulative stack.
Sep 02 10:11:10 INFO >> Pipeline execution time: 2.06 minutes
