Sep 02 06:04:18 INFO >> {"message": "Waiting for suitable server to become available", "selector": "Primary()", "operation": "find", "topologyDescription": "<TopologyDescription id: 66d5556245ff5be513254758, topology_type: Unknown, servers: [<ServerDescription ('localhost', 27017) server_type: Unknown, rtt: None>]>", "clientId": {"$oid": "66d5556245ff5be513254758"}, "remainingTimeMS": 29}
Sep 02 06:04:18 INFO >> Features initialized as the following:
Sep 02 06:04:18 INFO >> num_unique_dms
Sep 02 06:04:18 INFO >> num_unique_freqs
Sep 02 06:04:18 INFO >> ndetections
Sep 02 06:04:18 INFO >> nharm
Sep 02 06:04:18 INFO >> log_p_dm
Sep 02 06:04:18 INFO >> ['dm_sigma_FitGaussWidth_gauss_sigma', 'dm_sigma_FitGaussWidth_gauss_sigma_rel_err', 'dm_sigma_FitGaussWidth_ndof', 'dm_sigma_FitGaussWidth_rms_err']
Sep 02 06:04:18 INFO >> ['dm_sigma_FitGauss_amplitude', 'dm_sigma_FitGauss_mu', 'dm_sigma_FitGauss_gauss_sigma', 'dm_sigma_FitGauss_amplitude_rel_err', 'dm_sigma_FitGauss_mu_rel_err', 'dm_sigma_FitGauss_gauss_sigma_rel_err', 'dm_sigma_FitGauss_amplitude-detection', 'dm_sigma_FitGauss_mu-detection', 'dm_sigma_FitGauss_ndof', 'dm_sigma_FitGauss_rms_err']
Sep 02 06:04:18 INFO >> ['freq_sigma_FitGaussWidth_gauss_sigma', 'freq_sigma_FitGaussWidth_gauss_sigma_rel_err', 'freq_sigma_FitGaussWidth_ndof', 'freq_sigma_FitGaussWidth_rms_err']
Sep 02 06:04:18 INFO >> ['freq_sigma_FitGauss_amplitude', 'freq_sigma_FitGauss_mu', 'freq_sigma_FitGauss_gauss_sigma', 'freq_sigma_FitGauss_amplitude_rel_err', 'freq_sigma_FitGauss_mu_rel_err', 'freq_sigma_FitGauss_gauss_sigma_rel_err', 'freq_sigma_FitGauss_amplitude-detection', 'freq_sigma_FitGauss_mu-detection', 'freq_sigma_FitGauss_ndof', 'freq_sigma_FitGauss_rms_err']
Sep 02 06:04:18 INFO >> Performing searching on cumulative stack 315.95 49.23
Sep 02 06:04:18 INFO >> Loading the cumulative power spectra stack to search
Sep 02 06:05:15 INFO >> DM: 188.91409137072003
Sep 02 06:05:15 INFO >> sigma: 10.314435058443657
Sep 02 06:05:15 INFO >> frequency: 65.42101966375802
Sep 02 06:05:15 INFO >> Injecting 7 harmonics.
Sep 02 06:05:15 INFO >> Starting DM: 187.31737418130902
Sep 02 06:05:15 INFO >> Stopping DM: 190.45451010763026
Sep 02 06:05:15 INFO >> Expected detection at 6.39 sigma with 4 harmonics.
Sep 02 06:05:29 INFO >> Start searching 6558 dm trials using 32 harmonics.
Sep 02 06:05:35 INFO >> Moved power spectra to shared memory.
Sep 02 06:05:35 INFO >> Number of dm trials in single multi processing job: 10
Sep 02 06:06:16 INFO >> Total number of detections=15579
Sep 02 06:06:16 INFO >> Clustering the detections
Sep 02 06:06:16 INFO >> Starting clustering
Sep 02 06:06:16 INFO >> Rogue harmonic power filter reduced detections from 15579 to 8521
Sep 02 06:06:16 INFO >> Filtering out duplicate freq,dm detections at multiple nharms removes 787 detections
Sep 02 06:06:16 INFO >> Duplicate freq,dm filter reduced detections to 7734
Sep 02 06:06:16 INFO >> Number of detections over threshold sigma (6.0): 7734
Sep 02 06:06:16 INFO >> Grouping duplicate frequencies together first
Sep 02 06:06:16 INFO >> Grouping duplicate frequencies removed 7214 detections from the harmonic metric computation
Sep 02 06:06:16 INFO >> Starting freq-DM distance metric computation
Sep 02 06:06:16 INFO >> Finished freq-DM distance metric computation
Sep 02 06:06:16 INFO >> Largest group size for metric computation is 97
Sep 02 06:06:16 INFO >> Starting harmonic distance metric computation
Sep 02 06:06:17 INFO >> Finished harmonic distance metric computation
Sep 02 06:06:17 INFO >> Starting DBSCAN
Sep 02 06:06:17 INFO >> Finished DBSCAN
Sep 02 06:06:17 INFO >> Clusters found: 75
Sep 02 06:06:17 INFO >> Filtered 32 clusters below or equal 2 DM.
Sep 02 06:06:17 INFO >> Total number of candidate clusters=0
Sep 02 06:06:17 INFO >> Candidate Processor of stack (315.95 49.23)
Sep 02 06:06:17 INFO >> Making SinglePointingCandidates from a list of 0 PowerSpectraDetectionClusters
Sep 02 06:06:19 INFO >> saved candidates to ./results//injections/315.95_49.23_cumulative_power_spectra_stack_20220627_11_tpa.yml_(97,)_candidates.npz
Sep 02 06:06:19 INFO >> Injected Pulsars:     1
Sep 02 06:06:19 INFO >> Injection Candidates: 0
Sep 02 06:06:19 INFO >> Recovered Injections: 0
Sep 02 06:06:19 INFO >> 0 candidates.
Sep 02 06:06:20 INFO >> Unlinked shared memory for cumulative stack.
Sep 02 06:06:20 INFO >> Pipeline execution time: 2.05 minutes
