Sep 02 10:55:09 INFO >> {"message": "Waiting for suitable server to become available", "selector": "Primary()", "operation": "find", "topologyDescription": "<TopologyDescription id: 66d5998dae89a4a32fe8ce66, topology_type: Unknown, servers: [<ServerDescription ('localhost', 27017) server_type: Unknown, rtt: None>]>", "clientId": {"$oid": "66d5998dae89a4a32fe8ce66"}, "remainingTimeMS": 29}
Sep 02 10:55:09 INFO >> Features initialized as the following:
Sep 02 10:55:09 INFO >> num_unique_dms
Sep 02 10:55:09 INFO >> num_unique_freqs
Sep 02 10:55:09 INFO >> ndetections
Sep 02 10:55:09 INFO >> nharm
Sep 02 10:55:09 INFO >> log_p_dm
Sep 02 10:55:09 INFO >> ['dm_sigma_FitGaussWidth_gauss_sigma', 'dm_sigma_FitGaussWidth_gauss_sigma_rel_err', 'dm_sigma_FitGaussWidth_ndof', 'dm_sigma_FitGaussWidth_rms_err']
Sep 02 10:55:09 INFO >> ['dm_sigma_FitGauss_amplitude', 'dm_sigma_FitGauss_mu', 'dm_sigma_FitGauss_gauss_sigma', 'dm_sigma_FitGauss_amplitude_rel_err', 'dm_sigma_FitGauss_mu_rel_err', 'dm_sigma_FitGauss_gauss_sigma_rel_err', 'dm_sigma_FitGauss_amplitude-detection', 'dm_sigma_FitGauss_mu-detection', 'dm_sigma_FitGauss_ndof', 'dm_sigma_FitGauss_rms_err']
Sep 02 10:55:09 INFO >> ['freq_sigma_FitGaussWidth_gauss_sigma', 'freq_sigma_FitGaussWidth_gauss_sigma_rel_err', 'freq_sigma_FitGaussWidth_ndof', 'freq_sigma_FitGaussWidth_rms_err']
Sep 02 10:55:09 INFO >> ['freq_sigma_FitGauss_amplitude', 'freq_sigma_FitGauss_mu', 'freq_sigma_FitGauss_gauss_sigma', 'freq_sigma_FitGauss_amplitude_rel_err', 'freq_sigma_FitGauss_mu_rel_err', 'freq_sigma_FitGauss_gauss_sigma_rel_err', 'freq_sigma_FitGauss_amplitude-detection', 'freq_sigma_FitGauss_mu-detection', 'freq_sigma_FitGauss_ndof', 'freq_sigma_FitGauss_rms_err']
Sep 02 10:55:09 INFO >> Performing searching on cumulative stack 315.95 49.23
Sep 02 10:55:09 INFO >> Loading the cumulative power spectra stack to search
Sep 02 10:56:06 INFO >> DM: 59.8350102756522
Sep 02 10:56:06 INFO >> sigma: 16.430979315049363
Sep 02 10:56:06 INFO >> frequency: 17.200847981700534
Sep 02 10:56:06 INFO >> Injecting 29 harmonics.
Sep 02 10:56:06 INFO >> Starting DM: 53.83730041299643
Sep 02 10:56:06 INFO >> Stopping DM: 65.7786565196385
Sep 02 10:56:06 INFO >> Expected detection at 12.38 sigma with 4 harmonics.
Sep 02 10:56:20 INFO >> Start searching 6558 dm trials using 32 harmonics.
Sep 02 10:56:26 INFO >> Moved power spectra to shared memory.
Sep 02 10:56:26 INFO >> Number of dm trials in single multi processing job: 10
Sep 02 10:57:07 INFO >> Total number of detections=15765
Sep 02 10:57:07 INFO >> Clustering the detections
Sep 02 10:57:07 INFO >> Starting clustering
Sep 02 10:57:07 INFO >> Rogue harmonic power filter reduced detections from 15765 to 8677
Sep 02 10:57:07 INFO >> Filtering out duplicate freq,dm detections at multiple nharms removes 828 detections
Sep 02 10:57:07 INFO >> Duplicate freq,dm filter reduced detections to 7849
Sep 02 10:57:07 INFO >> Number of detections over threshold sigma (6.0): 7849
Sep 02 10:57:07 INFO >> Grouping duplicate frequencies together first
Sep 02 10:57:07 INFO >> Grouping duplicate frequencies removed 7300 detections from the harmonic metric computation
Sep 02 10:57:07 INFO >> Starting freq-DM distance metric computation
Sep 02 10:57:07 INFO >> Finished freq-DM distance metric computation
Sep 02 10:57:08 INFO >> Largest group size for metric computation is 97
Sep 02 10:57:08 INFO >> Starting harmonic distance metric computation
Sep 02 10:57:08 INFO >> Finished harmonic distance metric computation
Sep 02 10:57:08 INFO >> Starting DBSCAN
Sep 02 10:57:09 INFO >> Finished DBSCAN
Sep 02 10:57:09 INFO >> Clusters found: 76
Sep 02 10:57:09 INFO >> Filtered 32 clusters below or equal 2 DM.
Sep 02 10:57:09 INFO >> Total number of candidate clusters=1
Sep 02 10:57:09 INFO >> Candidate Processor of stack (315.95 49.23)
Sep 02 10:57:09 INFO >> Making SinglePointingCandidates from a list of 1 PowerSpectraDetectionClusters
Sep 02 10:57:11 INFO >> saved candidates to ./results//injections/315.95_49.23_cumulative_power_spectra_stack_20220627_11_tpa.yml_(236,)_candidates.npz
Sep 02 10:57:11 INFO >> Injected Pulsars:     1
Sep 02 10:57:11 INFO >> Injection Candidates: 1
Sep 02 10:57:11 INFO >> Recovered Injections: 1
Sep 02 10:57:11 INFO >> 1 candidates.
Sep 02 10:57:11 INFO >> Best candidate: F0: 17.201 DM: 59.81 Sigma: 11.30
Sep 02 10:57:12 INFO >> Unlinked shared memory for cumulative stack.
Sep 02 10:57:12 INFO >> Pipeline execution time: 2.05 minutes
