Sep 02 17:26:33 INFO >> {"message": "Waiting for suitable server to become available", "selector": "Primary()", "operation": "find", "topologyDescription": "<TopologyDescription id: 66d5f549f0dda15738f90996, topology_type: Unknown, servers: [<ServerDescription ('localhost', 27017) server_type: Unknown, rtt: None>]>", "clientId": {"$oid": "66d5f549f0dda15738f90996"}, "remainingTimeMS": 29}
Sep 02 17:26:33 INFO >> Features initialized as the following:
Sep 02 17:26:33 INFO >> num_unique_dms
Sep 02 17:26:33 INFO >> num_unique_freqs
Sep 02 17:26:33 INFO >> ndetections
Sep 02 17:26:33 INFO >> nharm
Sep 02 17:26:33 INFO >> log_p_dm
Sep 02 17:26:33 INFO >> ['dm_sigma_FitGaussWidth_gauss_sigma', 'dm_sigma_FitGaussWidth_gauss_sigma_rel_err', 'dm_sigma_FitGaussWidth_ndof', 'dm_sigma_FitGaussWidth_rms_err']
Sep 02 17:26:33 INFO >> ['dm_sigma_FitGauss_amplitude', 'dm_sigma_FitGauss_mu', 'dm_sigma_FitGauss_gauss_sigma', 'dm_sigma_FitGauss_amplitude_rel_err', 'dm_sigma_FitGauss_mu_rel_err', 'dm_sigma_FitGauss_gauss_sigma_rel_err', 'dm_sigma_FitGauss_amplitude-detection', 'dm_sigma_FitGauss_mu-detection', 'dm_sigma_FitGauss_ndof', 'dm_sigma_FitGauss_rms_err']
Sep 02 17:26:33 INFO >> ['freq_sigma_FitGaussWidth_gauss_sigma', 'freq_sigma_FitGaussWidth_gauss_sigma_rel_err', 'freq_sigma_FitGaussWidth_ndof', 'freq_sigma_FitGaussWidth_rms_err']
Sep 02 17:26:33 INFO >> ['freq_sigma_FitGauss_amplitude', 'freq_sigma_FitGauss_mu', 'freq_sigma_FitGauss_gauss_sigma', 'freq_sigma_FitGauss_amplitude_rel_err', 'freq_sigma_FitGauss_mu_rel_err', 'freq_sigma_FitGauss_gauss_sigma_rel_err', 'freq_sigma_FitGauss_amplitude-detection', 'freq_sigma_FitGauss_mu-detection', 'freq_sigma_FitGauss_ndof', 'freq_sigma_FitGauss_rms_err']
Sep 02 17:26:33 INFO >> Performing searching on cumulative stack 315.95 49.23
Sep 02 17:26:33 INFO >> Loading the cumulative power spectra stack to search
Sep 02 17:27:30 INFO >> DM: 89.92653167932325
Sep 02 17:27:30 INFO >> sigma: 15.516980232959764
Sep 02 17:27:30 INFO >> frequency: 43.18766950493752
Sep 02 17:27:30 INFO >> Injecting 11 harmonics.
Sep 02 17:27:30 INFO >> Starting DM: 87.53621213767278
Sep 02 17:27:30 INFO >> Stopping DM: 92.29251499370817
Sep 02 17:27:30 INFO >> Expected detection at 9.51 sigma with 8 harmonics.
Sep 02 17:27:44 INFO >> Start searching 6558 dm trials using 32 harmonics.
Sep 02 17:27:50 INFO >> Moved power spectra to shared memory.
Sep 02 17:27:50 INFO >> Number of dm trials in single multi processing job: 10
Sep 02 17:28:30 INFO >> Total number of detections=15593
Sep 02 17:28:30 INFO >> Clustering the detections
Sep 02 17:28:30 INFO >> Starting clustering
Sep 02 17:28:30 INFO >> Rogue harmonic power filter reduced detections from 15593 to 8535
Sep 02 17:28:30 INFO >> Filtering out duplicate freq,dm detections at multiple nharms removes 791 detections
Sep 02 17:28:30 INFO >> Duplicate freq,dm filter reduced detections to 7744
Sep 02 17:28:30 INFO >> Number of detections over threshold sigma (6.0): 7744
Sep 02 17:28:30 INFO >> Grouping duplicate frequencies together first
Sep 02 17:28:30 INFO >> Grouping duplicate frequencies removed 7219 detections from the harmonic metric computation
Sep 02 17:28:30 INFO >> Starting freq-DM distance metric computation
Sep 02 17:28:31 INFO >> Finished freq-DM distance metric computation
Sep 02 17:28:31 INFO >> Largest group size for metric computation is 97
Sep 02 17:28:31 INFO >> Starting harmonic distance metric computation
Sep 02 17:28:32 INFO >> Finished harmonic distance metric computation
Sep 02 17:28:32 INFO >> Starting DBSCAN
Sep 02 17:28:32 INFO >> Finished DBSCAN
Sep 02 17:28:32 INFO >> Clusters found: 76
Sep 02 17:28:32 INFO >> Filtered 32 clusters below or equal 2 DM.
Sep 02 17:28:32 INFO >> Total number of candidate clusters=1
Sep 02 17:28:32 INFO >> Candidate Processor of stack (315.95 49.23)
Sep 02 17:28:32 INFO >> Making SinglePointingCandidates from a list of 1 PowerSpectraDetectionClusters
Sep 02 17:28:34 INFO >> saved candidates to ./results//injections/315.95_49.23_cumulative_power_spectra_stack_20220627_11_tpa.yml_(423,)_candidates.npz
Sep 02 17:28:34 INFO >> Injected Pulsars:     1
Sep 02 17:28:34 INFO >> Injection Candidates: 1
Sep 02 17:28:34 INFO >> Recovered Injections: 1
Sep 02 17:28:34 INFO >> 1 candidates.
Sep 02 17:28:34 INFO >> Best candidate: F0: 86.375 DM: 89.96 Sigma: 9.25
Sep 02 17:28:35 INFO >> Unlinked shared memory for cumulative stack.
Sep 02 17:28:35 INFO >> Pipeline execution time: 2.05 minutes
