Sep 02 10:50:58 INFO >> {"message": "Waiting for suitable server to become available", "selector": "Primary()", "operation": "find", "topologyDescription": "<TopologyDescription id: 66d598925d085ba6f4ffb949, topology_type: Unknown, servers: [<ServerDescription ('localhost', 27017) server_type: Unknown, rtt: None>]>", "clientId": {"$oid": "66d598925d085ba6f4ffb949"}, "remainingTimeMS": 29}
Sep 02 10:50:58 INFO >> Features initialized as the following:
Sep 02 10:50:58 INFO >> num_unique_dms
Sep 02 10:50:58 INFO >> num_unique_freqs
Sep 02 10:50:58 INFO >> ndetections
Sep 02 10:50:58 INFO >> nharm
Sep 02 10:50:58 INFO >> log_p_dm
Sep 02 10:50:58 INFO >> ['dm_sigma_FitGaussWidth_gauss_sigma', 'dm_sigma_FitGaussWidth_gauss_sigma_rel_err', 'dm_sigma_FitGaussWidth_ndof', 'dm_sigma_FitGaussWidth_rms_err']
Sep 02 10:50:58 INFO >> ['dm_sigma_FitGauss_amplitude', 'dm_sigma_FitGauss_mu', 'dm_sigma_FitGauss_gauss_sigma', 'dm_sigma_FitGauss_amplitude_rel_err', 'dm_sigma_FitGauss_mu_rel_err', 'dm_sigma_FitGauss_gauss_sigma_rel_err', 'dm_sigma_FitGauss_amplitude-detection', 'dm_sigma_FitGauss_mu-detection', 'dm_sigma_FitGauss_ndof', 'dm_sigma_FitGauss_rms_err']
Sep 02 10:50:58 INFO >> ['freq_sigma_FitGaussWidth_gauss_sigma', 'freq_sigma_FitGaussWidth_gauss_sigma_rel_err', 'freq_sigma_FitGaussWidth_ndof', 'freq_sigma_FitGaussWidth_rms_err']
Sep 02 10:50:58 INFO >> ['freq_sigma_FitGauss_amplitude', 'freq_sigma_FitGauss_mu', 'freq_sigma_FitGauss_gauss_sigma', 'freq_sigma_FitGauss_amplitude_rel_err', 'freq_sigma_FitGauss_mu_rel_err', 'freq_sigma_FitGauss_gauss_sigma_rel_err', 'freq_sigma_FitGauss_amplitude-detection', 'freq_sigma_FitGauss_mu-detection', 'freq_sigma_FitGauss_ndof', 'freq_sigma_FitGauss_rms_err']
Sep 02 10:50:58 INFO >> Performing searching on cumulative stack 315.95 49.23
Sep 02 10:50:58 INFO >> Loading the cumulative power spectra stack to search
Sep 02 10:51:55 INFO >> DM: 109.39400356481755
Sep 02 10:51:55 INFO >> sigma: 11.258604142714695
Sep 02 10:51:55 INFO >> frequency: 12.381071911212786
Sep 02 10:51:55 INFO >> Injecting 41 harmonics.
Sep 02 10:51:55 INFO >> Starting DM: 101.09673517402902
Sep 02 10:51:55 INFO >> Stopping DM: 117.69319620359934
Sep 02 10:51:56 INFO >> Expected detection at 11.12 sigma with 16 harmonics.
Sep 02 10:52:10 INFO >> Start searching 6558 dm trials using 32 harmonics.
Sep 02 10:52:15 INFO >> Moved power spectra to shared memory.
Sep 02 10:52:15 INFO >> Number of dm trials in single multi processing job: 10
Sep 02 10:52:56 INFO >> Total number of detections=15644
Sep 02 10:52:56 INFO >> Clustering the detections
Sep 02 10:52:56 INFO >> Starting clustering
Sep 02 10:52:56 INFO >> Rogue harmonic power filter reduced detections from 15644 to 8586
Sep 02 10:52:56 INFO >> Filtering out duplicate freq,dm detections at multiple nharms removes 808 detections
Sep 02 10:52:56 INFO >> Duplicate freq,dm filter reduced detections to 7778
Sep 02 10:52:56 INFO >> Number of detections over threshold sigma (6.0): 7778
Sep 02 10:52:56 INFO >> Grouping duplicate frequencies together first
Sep 02 10:52:56 INFO >> Grouping duplicate frequencies removed 7248 detections from the harmonic metric computation
Sep 02 10:52:56 INFO >> Starting freq-DM distance metric computation
Sep 02 10:52:57 INFO >> Finished freq-DM distance metric computation
Sep 02 10:52:57 INFO >> Largest group size for metric computation is 97
Sep 02 10:52:57 INFO >> Starting harmonic distance metric computation
Sep 02 10:52:58 INFO >> Finished harmonic distance metric computation
Sep 02 10:52:58 INFO >> Starting DBSCAN
Sep 02 10:52:58 INFO >> Finished DBSCAN
Sep 02 10:52:58 INFO >> Clusters found: 76
Sep 02 10:52:58 INFO >> Filtered 32 clusters below or equal 2 DM.
Sep 02 10:52:58 INFO >> Total number of candidate clusters=1
Sep 02 10:52:58 INFO >> Candidate Processor of stack (315.95 49.23)
Sep 02 10:52:58 INFO >> Making SinglePointingCandidates from a list of 1 PowerSpectraDetectionClusters
Sep 02 10:53:00 INFO >> saved candidates to ./results//injections/315.95_49.23_cumulative_power_spectra_stack_20220627_11_tpa.yml_(234,)_candidates.npz
Sep 02 10:53:00 INFO >> Injected Pulsars:     1
Sep 02 10:53:00 INFO >> Injection Candidates: 1
Sep 02 10:53:00 INFO >> Recovered Injections: 1
Sep 02 10:53:00 INFO >> 1 candidates.
Sep 02 10:53:00 INFO >> Best candidate: F0: 12.381 DM: 109.39 Sigma: 10.02
Sep 02 10:53:02 INFO >> Unlinked shared memory for cumulative stack.
Sep 02 10:53:02 INFO >> Pipeline execution time: 2.06 minutes
