Sep 02 19:46:45 INFO >> {"message": "Waiting for suitable server to become available", "selector": "Primary()", "operation": "find", "topologyDescription": "<TopologyDescription id: 66d61625d07185497924a750, topology_type: Unknown, servers: [<ServerDescription ('localhost', 27017) server_type: Unknown, rtt: None>]>", "clientId": {"$oid": "66d61625d07185497924a750"}, "remainingTimeMS": 29}
Sep 02 19:46:45 INFO >> Features initialized as the following:
Sep 02 19:46:45 INFO >> num_unique_dms
Sep 02 19:46:45 INFO >> num_unique_freqs
Sep 02 19:46:45 INFO >> ndetections
Sep 02 19:46:45 INFO >> nharm
Sep 02 19:46:45 INFO >> log_p_dm
Sep 02 19:46:45 INFO >> ['dm_sigma_FitGaussWidth_gauss_sigma', 'dm_sigma_FitGaussWidth_gauss_sigma_rel_err', 'dm_sigma_FitGaussWidth_ndof', 'dm_sigma_FitGaussWidth_rms_err']
Sep 02 19:46:45 INFO >> ['dm_sigma_FitGauss_amplitude', 'dm_sigma_FitGauss_mu', 'dm_sigma_FitGauss_gauss_sigma', 'dm_sigma_FitGauss_amplitude_rel_err', 'dm_sigma_FitGauss_mu_rel_err', 'dm_sigma_FitGauss_gauss_sigma_rel_err', 'dm_sigma_FitGauss_amplitude-detection', 'dm_sigma_FitGauss_mu-detection', 'dm_sigma_FitGauss_ndof', 'dm_sigma_FitGauss_rms_err']
Sep 02 19:46:45 INFO >> ['freq_sigma_FitGaussWidth_gauss_sigma', 'freq_sigma_FitGaussWidth_gauss_sigma_rel_err', 'freq_sigma_FitGaussWidth_ndof', 'freq_sigma_FitGaussWidth_rms_err']
Sep 02 19:46:45 INFO >> ['freq_sigma_FitGauss_amplitude', 'freq_sigma_FitGauss_mu', 'freq_sigma_FitGauss_gauss_sigma', 'freq_sigma_FitGauss_amplitude_rel_err', 'freq_sigma_FitGauss_mu_rel_err', 'freq_sigma_FitGauss_gauss_sigma_rel_err', 'freq_sigma_FitGauss_amplitude-detection', 'freq_sigma_FitGauss_mu-detection', 'freq_sigma_FitGauss_ndof', 'freq_sigma_FitGauss_rms_err']
Sep 02 19:46:45 INFO >> Performing searching on cumulative stack 315.95 49.23
Sep 02 19:46:45 INFO >> Loading the cumulative power spectra stack to search
Sep 02 19:47:44 INFO >> DM: 7.07707428252054
Sep 02 19:47:44 INFO >> sigma: 14.21884552177196
Sep 02 19:47:44 INFO >> frequency: 94.47887034597882
Sep 02 19:47:44 INFO >> Injecting 5 harmonics.
Sep 02 19:47:44 INFO >> Starting DM: 5.970678053321033
Sep 02 19:47:44 INFO >> Stopping DM: 8.197032581678029
Sep 02 19:47:44 INFO >> Expected detection at 12.17 sigma with 4 harmonics.
Sep 02 19:47:58 INFO >> Start searching 6558 dm trials using 32 harmonics.
Sep 02 19:48:04 INFO >> Moved power spectra to shared memory.
Sep 02 19:48:04 INFO >> Number of dm trials in single multi processing job: 10
Sep 02 19:48:44 INFO >> Total number of detections=15603
Sep 02 19:48:44 INFO >> Clustering the detections
Sep 02 19:48:44 INFO >> Starting clustering
Sep 02 19:48:44 INFO >> Rogue harmonic power filter reduced detections from 15603 to 8545
Sep 02 19:48:44 INFO >> Filtering out duplicate freq,dm detections at multiple nharms removes 798 detections
Sep 02 19:48:44 INFO >> Duplicate freq,dm filter reduced detections to 7747
Sep 02 19:48:44 INFO >> Number of detections over threshold sigma (6.0): 7747
Sep 02 19:48:44 INFO >> Grouping duplicate frequencies together first
Sep 02 19:48:44 INFO >> Grouping duplicate frequencies removed 7218 detections from the harmonic metric computation
Sep 02 19:48:44 INFO >> Starting freq-DM distance metric computation
Sep 02 19:48:45 INFO >> Finished freq-DM distance metric computation
Sep 02 19:48:45 INFO >> Largest group size for metric computation is 97
Sep 02 19:48:45 INFO >> Starting harmonic distance metric computation
Sep 02 19:48:46 INFO >> Finished harmonic distance metric computation
Sep 02 19:48:46 INFO >> Starting DBSCAN
Sep 02 19:48:46 INFO >> Finished DBSCAN
Sep 02 19:48:46 INFO >> Clusters found: 76
Sep 02 19:48:46 INFO >> Filtered 32 clusters below or equal 2 DM.
Sep 02 19:48:46 INFO >> Total number of candidate clusters=1
Sep 02 19:48:46 INFO >> Candidate Processor of stack (315.95 49.23)
Sep 02 19:48:46 INFO >> Making SinglePointingCandidates from a list of 1 PowerSpectraDetectionClusters
Sep 02 19:48:48 INFO >> saved candidates to ./results//injections/315.95_49.23_cumulative_power_spectra_stack_20220627_11_tpa.yml_(490,)_candidates.npz
Sep 02 19:48:48 INFO >> Injected Pulsars:     1
Sep 02 19:48:48 INFO >> Injection Candidates: 1
Sep 02 19:48:48 INFO >> Recovered Injections: 1
Sep 02 19:48:48 INFO >> 1 candidates.
Sep 02 19:48:48 INFO >> Best candidate: F0: 94.479 DM: 7.08 Sigma: 12.70
Sep 02 19:48:49 INFO >> Unlinked shared memory for cumulative stack.
Sep 02 19:48:49 INFO >> Pipeline execution time: 2.07 minutes
