Sep 02 13:59:17 INFO >> {"message": "Waiting for suitable server to become available", "selector": "Primary()", "operation": "find", "topologyDescription": "<TopologyDescription id: 66d5c4b59a66a8e2be5769a2, topology_type: Unknown, servers: [<ServerDescription ('localhost', 27017) server_type: Unknown, rtt: None>]>", "clientId": {"$oid": "66d5c4b59a66a8e2be5769a2"}, "remainingTimeMS": 29}
Sep 02 13:59:17 INFO >> Features initialized as the following:
Sep 02 13:59:17 INFO >> num_unique_dms
Sep 02 13:59:17 INFO >> num_unique_freqs
Sep 02 13:59:17 INFO >> ndetections
Sep 02 13:59:17 INFO >> nharm
Sep 02 13:59:17 INFO >> log_p_dm
Sep 02 13:59:17 INFO >> ['dm_sigma_FitGaussWidth_gauss_sigma', 'dm_sigma_FitGaussWidth_gauss_sigma_rel_err', 'dm_sigma_FitGaussWidth_ndof', 'dm_sigma_FitGaussWidth_rms_err']
Sep 02 13:59:17 INFO >> ['dm_sigma_FitGauss_amplitude', 'dm_sigma_FitGauss_mu', 'dm_sigma_FitGauss_gauss_sigma', 'dm_sigma_FitGauss_amplitude_rel_err', 'dm_sigma_FitGauss_mu_rel_err', 'dm_sigma_FitGauss_gauss_sigma_rel_err', 'dm_sigma_FitGauss_amplitude-detection', 'dm_sigma_FitGauss_mu-detection', 'dm_sigma_FitGauss_ndof', 'dm_sigma_FitGauss_rms_err']
Sep 02 13:59:17 INFO >> ['freq_sigma_FitGaussWidth_gauss_sigma', 'freq_sigma_FitGaussWidth_gauss_sigma_rel_err', 'freq_sigma_FitGaussWidth_ndof', 'freq_sigma_FitGaussWidth_rms_err']
Sep 02 13:59:17 INFO >> ['freq_sigma_FitGauss_amplitude', 'freq_sigma_FitGauss_mu', 'freq_sigma_FitGauss_gauss_sigma', 'freq_sigma_FitGauss_amplitude_rel_err', 'freq_sigma_FitGauss_mu_rel_err', 'freq_sigma_FitGauss_gauss_sigma_rel_err', 'freq_sigma_FitGauss_amplitude-detection', 'freq_sigma_FitGauss_mu-detection', 'freq_sigma_FitGauss_ndof', 'freq_sigma_FitGauss_rms_err']
Sep 02 13:59:18 INFO >> Performing searching on cumulative stack 315.95 49.23
Sep 02 13:59:18 INFO >> Loading the cumulative power spectra stack to search
Sep 02 14:00:15 INFO >> DM: 56.05973175703926
Sep 02 14:00:15 INFO >> sigma: 10.98923723848121
Sep 02 14:00:15 INFO >> frequency: 68.20280275827074
Sep 02 14:00:15 INFO >> Injecting 7 harmonics.
Sep 02 14:00:15 INFO >> Starting DM: 54.54568594474638
Sep 02 14:00:15 INFO >> Stopping DM: 57.58162393796047
Sep 02 14:00:15 INFO >> Expected detection at 6.88 sigma with 4 harmonics.
Sep 02 14:00:29 INFO >> Start searching 6558 dm trials using 32 harmonics.
Sep 02 14:00:35 INFO >> Moved power spectra to shared memory.
Sep 02 14:00:35 INFO >> Number of dm trials in single multi processing job: 10
Sep 02 14:01:16 INFO >> Total number of detections=15578
Sep 02 14:01:16 INFO >> Clustering the detections
Sep 02 14:01:16 INFO >> Starting clustering
Sep 02 14:01:16 INFO >> Rogue harmonic power filter reduced detections from 15578 to 8520
Sep 02 14:01:16 INFO >> Filtering out duplicate freq,dm detections at multiple nharms removes 787 detections
Sep 02 14:01:16 INFO >> Duplicate freq,dm filter reduced detections to 7733
Sep 02 14:01:16 INFO >> Number of detections over threshold sigma (6.0): 7733
Sep 02 14:01:16 INFO >> Grouping duplicate frequencies together first
Sep 02 14:01:16 INFO >> Grouping duplicate frequencies removed 7214 detections from the harmonic metric computation
Sep 02 14:01:16 INFO >> Starting freq-DM distance metric computation
Sep 02 14:01:16 INFO >> Finished freq-DM distance metric computation
Sep 02 14:01:17 INFO >> Largest group size for metric computation is 97
Sep 02 14:01:17 INFO >> Starting harmonic distance metric computation
Sep 02 14:01:17 INFO >> Finished harmonic distance metric computation
Sep 02 14:01:17 INFO >> Starting DBSCAN
Sep 02 14:01:18 INFO >> Finished DBSCAN
Sep 02 14:01:18 INFO >> Clusters found: 75
Sep 02 14:01:18 INFO >> Filtered 32 clusters below or equal 2 DM.
Sep 02 14:01:18 INFO >> Total number of candidate clusters=0
Sep 02 14:01:18 INFO >> Candidate Processor of stack (315.95 49.23)
Sep 02 14:01:18 INFO >> Making SinglePointingCandidates from a list of 0 PowerSpectraDetectionClusters
Sep 02 14:01:20 INFO >> saved candidates to ./results//injections/315.95_49.23_cumulative_power_spectra_stack_20220627_11_tpa.yml_(324,)_candidates.npz
Sep 02 14:01:20 INFO >> Injected Pulsars:     1
Sep 02 14:01:20 INFO >> Injection Candidates: 0
Sep 02 14:01:20 INFO >> Recovered Injections: 0
Sep 02 14:01:20 INFO >> 0 candidates.
Sep 02 14:01:21 INFO >> Unlinked shared memory for cumulative stack.
Sep 02 14:01:21 INFO >> Pipeline execution time: 2.06 minutes
