Sep 02 23:36:56 INFO >> {"message": "Waiting for suitable server to become available", "selector": "Primary()", "operation": "find", "topologyDescription": "<TopologyDescription id: 66d64c18df0074c67683d87d, topology_type: Unknown, servers: [<ServerDescription ('localhost', 27017) server_type: Unknown, rtt: None>]>", "clientId": {"$oid": "66d64c18df0074c67683d87d"}, "remainingTimeMS": 29}
Sep 02 23:36:56 INFO >> Features initialized as the following:
Sep 02 23:36:56 INFO >> num_unique_dms
Sep 02 23:36:56 INFO >> num_unique_freqs
Sep 02 23:36:56 INFO >> ndetections
Sep 02 23:36:56 INFO >> nharm
Sep 02 23:36:56 INFO >> log_p_dm
Sep 02 23:36:56 INFO >> ['dm_sigma_FitGaussWidth_gauss_sigma', 'dm_sigma_FitGaussWidth_gauss_sigma_rel_err', 'dm_sigma_FitGaussWidth_ndof', 'dm_sigma_FitGaussWidth_rms_err']
Sep 02 23:36:56 INFO >> ['dm_sigma_FitGauss_amplitude', 'dm_sigma_FitGauss_mu', 'dm_sigma_FitGauss_gauss_sigma', 'dm_sigma_FitGauss_amplitude_rel_err', 'dm_sigma_FitGauss_mu_rel_err', 'dm_sigma_FitGauss_gauss_sigma_rel_err', 'dm_sigma_FitGauss_amplitude-detection', 'dm_sigma_FitGauss_mu-detection', 'dm_sigma_FitGauss_ndof', 'dm_sigma_FitGauss_rms_err']
Sep 02 23:36:56 INFO >> ['freq_sigma_FitGaussWidth_gauss_sigma', 'freq_sigma_FitGaussWidth_gauss_sigma_rel_err', 'freq_sigma_FitGaussWidth_ndof', 'freq_sigma_FitGaussWidth_rms_err']
Sep 02 23:36:56 INFO >> ['freq_sigma_FitGauss_amplitude', 'freq_sigma_FitGauss_mu', 'freq_sigma_FitGauss_gauss_sigma', 'freq_sigma_FitGauss_amplitude_rel_err', 'freq_sigma_FitGauss_mu_rel_err', 'freq_sigma_FitGauss_gauss_sigma_rel_err', 'freq_sigma_FitGauss_amplitude-detection', 'freq_sigma_FitGauss_mu-detection', 'freq_sigma_FitGauss_ndof', 'freq_sigma_FitGauss_rms_err']
Sep 02 23:36:56 INFO >> Performing searching on cumulative stack 315.95 49.23
Sep 02 23:36:56 INFO >> Loading the cumulative power spectra stack to search
Sep 02 23:37:53 INFO >> DM: 147.8234401554023
Sep 02 23:37:53 INFO >> sigma: 11.50344267618482
Sep 02 23:37:53 INFO >> frequency: 48.2658454608889
Sep 02 23:37:53 INFO >> Injecting 10 harmonics.
Sep 02 23:37:53 INFO >> Starting DM: 145.72502367427606
Sep 02 23:37:53 INFO >> Stopping DM: 149.97533686477576
Sep 02 23:37:53 INFO >> Expected detection at 9.93 sigma with 8 harmonics.
Sep 02 23:38:07 INFO >> Start searching 6558 dm trials using 32 harmonics.
Sep 02 23:38:13 INFO >> Moved power spectra to shared memory.
Sep 02 23:38:13 INFO >> Number of dm trials in single multi processing job: 10
Sep 02 23:38:54 INFO >> Total number of detections=15596
Sep 02 23:38:54 INFO >> Clustering the detections
Sep 02 23:38:54 INFO >> Starting clustering
Sep 02 23:38:54 INFO >> Rogue harmonic power filter reduced detections from 15596 to 8538
Sep 02 23:38:54 INFO >> Filtering out duplicate freq,dm detections at multiple nharms removes 797 detections
Sep 02 23:38:54 INFO >> Duplicate freq,dm filter reduced detections to 7741
Sep 02 23:38:54 INFO >> Number of detections over threshold sigma (6.0): 7741
Sep 02 23:38:54 INFO >> Grouping duplicate frequencies together first
Sep 02 23:38:54 INFO >> Grouping duplicate frequencies removed 7219 detections from the harmonic metric computation
Sep 02 23:38:54 INFO >> Starting freq-DM distance metric computation
Sep 02 23:38:54 INFO >> Finished freq-DM distance metric computation
Sep 02 23:38:55 INFO >> Largest group size for metric computation is 97
Sep 02 23:38:55 INFO >> Starting harmonic distance metric computation
Sep 02 23:38:55 INFO >> Finished harmonic distance metric computation
Sep 02 23:38:55 INFO >> Starting DBSCAN
Sep 02 23:38:56 INFO >> Finished DBSCAN
Sep 02 23:38:56 INFO >> Clusters found: 76
Sep 02 23:38:56 INFO >> Filtered 32 clusters below or equal 2 DM.
Sep 02 23:38:56 INFO >> Total number of candidate clusters=1
Sep 02 23:38:56 INFO >> Candidate Processor of stack (315.95 49.23)
Sep 02 23:38:56 INFO >> Making SinglePointingCandidates from a list of 1 PowerSpectraDetectionClusters
Sep 02 23:38:58 INFO >> saved candidates to ./results//injections/315.95_49.23_cumulative_power_spectra_stack_20220627_11_tpa.yml_(600,)_candidates.npz
Sep 02 23:38:58 INFO >> Injected Pulsars:     1
Sep 02 23:38:58 INFO >> Injection Candidates: 1
Sep 02 23:38:58 INFO >> Recovered Injections: 1
Sep 02 23:38:58 INFO >> 1 candidates.
Sep 02 23:38:58 INFO >> Best candidate: F0: 48.266 DM: 147.85 Sigma: 9.60
Sep 02 23:38:59 INFO >> Unlinked shared memory for cumulative stack.
Sep 02 23:38:59 INFO >> Pipeline execution time: 2.05 minutes
