Sep 02 08:41:14 INFO >> {"message": "Waiting for suitable server to become available", "selector": "Primary()", "operation": "find", "topologyDescription": "<TopologyDescription id: 66d57a2a953c57021491b3ef, topology_type: Unknown, servers: [<ServerDescription ('localhost', 27017) server_type: Unknown, rtt: None>]>", "clientId": {"$oid": "66d57a2a953c57021491b3ef"}, "remainingTimeMS": 29}
Sep 02 08:41:14 INFO >> Features initialized as the following:
Sep 02 08:41:14 INFO >> num_unique_dms
Sep 02 08:41:14 INFO >> num_unique_freqs
Sep 02 08:41:14 INFO >> ndetections
Sep 02 08:41:14 INFO >> nharm
Sep 02 08:41:14 INFO >> log_p_dm
Sep 02 08:41:14 INFO >> ['dm_sigma_FitGaussWidth_gauss_sigma', 'dm_sigma_FitGaussWidth_gauss_sigma_rel_err', 'dm_sigma_FitGaussWidth_ndof', 'dm_sigma_FitGaussWidth_rms_err']
Sep 02 08:41:14 INFO >> ['dm_sigma_FitGauss_amplitude', 'dm_sigma_FitGauss_mu', 'dm_sigma_FitGauss_gauss_sigma', 'dm_sigma_FitGauss_amplitude_rel_err', 'dm_sigma_FitGauss_mu_rel_err', 'dm_sigma_FitGauss_gauss_sigma_rel_err', 'dm_sigma_FitGauss_amplitude-detection', 'dm_sigma_FitGauss_mu-detection', 'dm_sigma_FitGauss_ndof', 'dm_sigma_FitGauss_rms_err']
Sep 02 08:41:14 INFO >> ['freq_sigma_FitGaussWidth_gauss_sigma', 'freq_sigma_FitGaussWidth_gauss_sigma_rel_err', 'freq_sigma_FitGaussWidth_ndof', 'freq_sigma_FitGaussWidth_rms_err']
Sep 02 08:41:14 INFO >> ['freq_sigma_FitGauss_amplitude', 'freq_sigma_FitGauss_mu', 'freq_sigma_FitGauss_gauss_sigma', 'freq_sigma_FitGauss_amplitude_rel_err', 'freq_sigma_FitGauss_mu_rel_err', 'freq_sigma_FitGauss_gauss_sigma_rel_err', 'freq_sigma_FitGauss_amplitude-detection', 'freq_sigma_FitGauss_mu-detection', 'freq_sigma_FitGauss_ndof', 'freq_sigma_FitGauss_rms_err']
Sep 02 08:41:15 INFO >> Performing searching on cumulative stack 315.95 49.23
Sep 02 08:41:15 INFO >> Loading the cumulative power spectra stack to search
Sep 02 08:42:12 INFO >> DM: 19.812873071015623
Sep 02 08:42:12 INFO >> sigma: 13.105190555826152
Sep 02 08:42:12 INFO >> frequency: 12.810019043548632
Sep 02 08:42:12 INFO >> Injecting 39 harmonics.
Sep 02 08:42:12 INFO >> Starting DM: 11.738960240427794
Sep 02 08:42:12 INFO >> Stopping DM: 27.829431604462442
Sep 02 08:42:12 INFO >> Expected detection at 11.63 sigma with 16 harmonics.
Sep 02 08:42:26 INFO >> Start searching 6558 dm trials using 32 harmonics.
Sep 02 08:42:32 INFO >> Moved power spectra to shared memory.
Sep 02 08:42:32 INFO >> Number of dm trials in single multi processing job: 10
Sep 02 08:43:12 INFO >> Total number of detections=15718
Sep 02 08:43:12 INFO >> Clustering the detections
Sep 02 08:43:12 INFO >> Starting clustering
Sep 02 08:43:12 INFO >> Rogue harmonic power filter reduced detections from 15718 to 8660
Sep 02 08:43:12 INFO >> Filtering out duplicate freq,dm detections at multiple nharms removes 839 detections
Sep 02 08:43:12 INFO >> Duplicate freq,dm filter reduced detections to 7821
Sep 02 08:43:12 INFO >> Number of detections over threshold sigma (6.0): 7821
Sep 02 08:43:12 INFO >> Grouping duplicate frequencies together first
Sep 02 08:43:12 INFO >> Grouping duplicate frequencies removed 7282 detections from the harmonic metric computation
Sep 02 08:43:12 INFO >> Starting freq-DM distance metric computation
Sep 02 08:43:13 INFO >> Finished freq-DM distance metric computation
Sep 02 08:43:13 INFO >> Largest group size for metric computation is 97
Sep 02 08:43:13 INFO >> Starting harmonic distance metric computation
Sep 02 08:43:14 INFO >> Finished harmonic distance metric computation
Sep 02 08:43:14 INFO >> Starting DBSCAN
Sep 02 08:43:14 INFO >> Finished DBSCAN
Sep 02 08:43:14 INFO >> Clusters found: 76
Sep 02 08:43:14 INFO >> Filtered 32 clusters below or equal 2 DM.
Sep 02 08:43:14 INFO >> Total number of candidate clusters=1
Sep 02 08:43:14 INFO >> Candidate Processor of stack (315.95 49.23)
Sep 02 08:43:14 INFO >> Making SinglePointingCandidates from a list of 1 PowerSpectraDetectionClusters
Sep 02 08:43:16 INFO >> saved candidates to ./results//injections/315.95_49.23_cumulative_power_spectra_stack_20220627_11_tpa.yml_(172,)_candidates.npz
Sep 02 08:43:16 INFO >> Injected Pulsars:     1
Sep 02 08:43:16 INFO >> Injection Candidates: 1
Sep 02 08:43:16 INFO >> Recovered Injections: 1
Sep 02 08:43:16 INFO >> 1 candidates.
Sep 02 08:43:16 INFO >> Best candidate: F0: 12.810 DM: 19.83 Sigma: 11.17
Sep 02 08:43:17 INFO >> Unlinked shared memory for cumulative stack.
Sep 02 08:43:17 INFO >> Pipeline execution time: 2.05 minutes
