Sep 02 20:11:51 INFO >> {"message": "Waiting for suitable server to become available", "selector": "Primary()", "operation": "find", "topologyDescription": "<TopologyDescription id: 66d61c07b84452578bb36c3c, topology_type: Unknown, servers: [<ServerDescription ('localhost', 27017) server_type: Unknown, rtt: None>]>", "clientId": {"$oid": "66d61c07b84452578bb36c3c"}, "remainingTimeMS": 29}
Sep 02 20:11:52 INFO >> Features initialized as the following:
Sep 02 20:11:52 INFO >> num_unique_dms
Sep 02 20:11:52 INFO >> num_unique_freqs
Sep 02 20:11:52 INFO >> ndetections
Sep 02 20:11:52 INFO >> nharm
Sep 02 20:11:52 INFO >> log_p_dm
Sep 02 20:11:52 INFO >> ['dm_sigma_FitGaussWidth_gauss_sigma', 'dm_sigma_FitGaussWidth_gauss_sigma_rel_err', 'dm_sigma_FitGaussWidth_ndof', 'dm_sigma_FitGaussWidth_rms_err']
Sep 02 20:11:52 INFO >> ['dm_sigma_FitGauss_amplitude', 'dm_sigma_FitGauss_mu', 'dm_sigma_FitGauss_gauss_sigma', 'dm_sigma_FitGauss_amplitude_rel_err', 'dm_sigma_FitGauss_mu_rel_err', 'dm_sigma_FitGauss_gauss_sigma_rel_err', 'dm_sigma_FitGauss_amplitude-detection', 'dm_sigma_FitGauss_mu-detection', 'dm_sigma_FitGauss_ndof', 'dm_sigma_FitGauss_rms_err']
Sep 02 20:11:52 INFO >> ['freq_sigma_FitGaussWidth_gauss_sigma', 'freq_sigma_FitGaussWidth_gauss_sigma_rel_err', 'freq_sigma_FitGaussWidth_ndof', 'freq_sigma_FitGaussWidth_rms_err']
Sep 02 20:11:52 INFO >> ['freq_sigma_FitGauss_amplitude', 'freq_sigma_FitGauss_mu', 'freq_sigma_FitGauss_gauss_sigma', 'freq_sigma_FitGauss_amplitude_rel_err', 'freq_sigma_FitGauss_mu_rel_err', 'freq_sigma_FitGauss_gauss_sigma_rel_err', 'freq_sigma_FitGauss_amplitude-detection', 'freq_sigma_FitGauss_mu-detection', 'freq_sigma_FitGauss_ndof', 'freq_sigma_FitGauss_rms_err']
Sep 02 20:11:52 INFO >> Performing searching on cumulative stack 315.95 49.23
Sep 02 20:11:52 INFO >> Loading the cumulative power spectra stack to search
Sep 02 20:12:49 INFO >> DM: 87.77393958899412
Sep 02 20:12:49 INFO >> sigma: 10.088522416571404
Sep 02 20:12:49 INFO >> frequency: 27.902914445839595
Sep 02 20:12:49 INFO >> Injecting 18 harmonics.
Sep 02 20:12:49 INFO >> Starting DM: 84.09548241203015
Sep 02 20:12:49 INFO >> Stopping DM: 91.4829315288511
Sep 02 20:12:49 INFO >> Expected detection at 10.54 sigma with 8 harmonics.
Sep 02 20:13:03 INFO >> Start searching 6558 dm trials using 32 harmonics.
Sep 02 20:13:08 INFO >> Moved power spectra to shared memory.
Sep 02 20:13:08 INFO >> Number of dm trials in single multi processing job: 10
Sep 02 20:13:49 INFO >> Total number of detections=15661
Sep 02 20:13:49 INFO >> Clustering the detections
Sep 02 20:13:49 INFO >> Starting clustering
Sep 02 20:13:49 INFO >> Rogue harmonic power filter reduced detections from 15661 to 8603
Sep 02 20:13:49 INFO >> Filtering out duplicate freq,dm detections at multiple nharms removes 818 detections
Sep 02 20:13:49 INFO >> Duplicate freq,dm filter reduced detections to 7785
Sep 02 20:13:49 INFO >> Number of detections over threshold sigma (6.0): 7785
Sep 02 20:13:49 INFO >> Grouping duplicate frequencies together first
Sep 02 20:13:49 INFO >> Grouping duplicate frequencies removed 7251 detections from the harmonic metric computation
Sep 02 20:13:49 INFO >> Starting freq-DM distance metric computation
Sep 02 20:13:50 INFO >> Finished freq-DM distance metric computation
Sep 02 20:13:50 INFO >> Largest group size for metric computation is 97
Sep 02 20:13:50 INFO >> Starting harmonic distance metric computation
Sep 02 20:13:51 INFO >> Finished harmonic distance metric computation
Sep 02 20:13:51 INFO >> Starting DBSCAN
Sep 02 20:13:51 INFO >> Finished DBSCAN
Sep 02 20:13:51 INFO >> Clusters found: 76
Sep 02 20:13:51 INFO >> Filtered 32 clusters below or equal 2 DM.
Sep 02 20:13:51 INFO >> Total number of candidate clusters=1
Sep 02 20:13:51 INFO >> Candidate Processor of stack (315.95 49.23)
Sep 02 20:13:51 INFO >> Making SinglePointingCandidates from a list of 1 PowerSpectraDetectionClusters
Sep 02 20:13:53 INFO >> saved candidates to ./results//injections/315.95_49.23_cumulative_power_spectra_stack_20220627_11_tpa.yml_(502,)_candidates.npz
Sep 02 20:13:53 INFO >> Injected Pulsars:     1
Sep 02 20:13:53 INFO >> Injection Candidates: 1
Sep 02 20:13:53 INFO >> Recovered Injections: 1
Sep 02 20:13:53 INFO >> 1 candidates.
Sep 02 20:13:53 INFO >> Best candidate: F0: 27.903 DM: 87.74 Sigma: 10.79
Sep 02 20:13:54 INFO >> Unlinked shared memory for cumulative stack.
Sep 02 20:13:54 INFO >> Pipeline execution time: 2.05 minutes
