Sep 02 04:46:54 INFO >> {"message": "Waiting for suitable server to become available", "selector": "Primary()", "operation": "find", "topologyDescription": "<TopologyDescription id: 66d5433e3231f00597069adf, topology_type: Unknown, servers: [<ServerDescription ('localhost', 27017) server_type: Unknown, rtt: None>]>", "clientId": {"$oid": "66d5433e3231f00597069adf"}, "remainingTimeMS": 29}
Sep 02 04:46:54 INFO >> Features initialized as the following:
Sep 02 04:46:54 INFO >> num_unique_dms
Sep 02 04:46:54 INFO >> num_unique_freqs
Sep 02 04:46:54 INFO >> ndetections
Sep 02 04:46:54 INFO >> nharm
Sep 02 04:46:54 INFO >> log_p_dm
Sep 02 04:46:54 INFO >> ['dm_sigma_FitGaussWidth_gauss_sigma', 'dm_sigma_FitGaussWidth_gauss_sigma_rel_err', 'dm_sigma_FitGaussWidth_ndof', 'dm_sigma_FitGaussWidth_rms_err']
Sep 02 04:46:54 INFO >> ['dm_sigma_FitGauss_amplitude', 'dm_sigma_FitGauss_mu', 'dm_sigma_FitGauss_gauss_sigma', 'dm_sigma_FitGauss_amplitude_rel_err', 'dm_sigma_FitGauss_mu_rel_err', 'dm_sigma_FitGauss_gauss_sigma_rel_err', 'dm_sigma_FitGauss_amplitude-detection', 'dm_sigma_FitGauss_mu-detection', 'dm_sigma_FitGauss_ndof', 'dm_sigma_FitGauss_rms_err']
Sep 02 04:46:54 INFO >> ['freq_sigma_FitGaussWidth_gauss_sigma', 'freq_sigma_FitGaussWidth_gauss_sigma_rel_err', 'freq_sigma_FitGaussWidth_ndof', 'freq_sigma_FitGaussWidth_rms_err']
Sep 02 04:46:54 INFO >> ['freq_sigma_FitGauss_amplitude', 'freq_sigma_FitGauss_mu', 'freq_sigma_FitGauss_gauss_sigma', 'freq_sigma_FitGauss_amplitude_rel_err', 'freq_sigma_FitGauss_mu_rel_err', 'freq_sigma_FitGauss_gauss_sigma_rel_err', 'freq_sigma_FitGauss_amplitude-detection', 'freq_sigma_FitGauss_mu-detection', 'freq_sigma_FitGauss_ndof', 'freq_sigma_FitGauss_rms_err']
Sep 02 04:46:54 INFO >> Performing searching on cumulative stack 315.95 49.23
Sep 02 04:46:55 INFO >> Loading the cumulative power spectra stack to search
Sep 02 04:47:52 INFO >> DM: 37.18706065472984
Sep 02 04:47:52 INFO >> sigma: 10.305676485299914
Sep 02 04:47:52 INFO >> frequency: 65.7821164640537
Sep 02 04:47:52 INFO >> Injecting 7 harmonics.
Sep 02 04:47:52 INFO >> Starting DM: 35.62167245371192
Sep 02 04:47:52 INFO >> Stopping DM: 38.758808380033145
Sep 02 04:47:52 INFO >> Expected detection at 7.77 sigma with 4 harmonics.
Sep 02 04:48:06 INFO >> Start searching 6558 dm trials using 32 harmonics.
Sep 02 04:48:12 INFO >> Moved power spectra to shared memory.
Sep 02 04:48:12 INFO >> Number of dm trials in single multi processing job: 10
Sep 02 04:48:52 INFO >> Total number of detections=15586
Sep 02 04:48:52 INFO >> Clustering the detections
Sep 02 04:48:52 INFO >> Starting clustering
Sep 02 04:48:52 INFO >> Rogue harmonic power filter reduced detections from 15586 to 8528
Sep 02 04:48:52 INFO >> Filtering out duplicate freq,dm detections at multiple nharms removes 787 detections
Sep 02 04:48:52 INFO >> Duplicate freq,dm filter reduced detections to 7741
Sep 02 04:48:52 INFO >> Number of detections over threshold sigma (6.0): 7741
Sep 02 04:48:52 INFO >> Grouping duplicate frequencies together first
Sep 02 04:48:52 INFO >> Grouping duplicate frequencies removed 7217 detections from the harmonic metric computation
Sep 02 04:48:52 INFO >> Starting freq-DM distance metric computation
Sep 02 04:48:53 INFO >> Finished freq-DM distance metric computation
Sep 02 04:48:53 INFO >> Largest group size for metric computation is 97
Sep 02 04:48:53 INFO >> Starting harmonic distance metric computation
Sep 02 04:48:54 INFO >> Finished harmonic distance metric computation
Sep 02 04:48:54 INFO >> Starting DBSCAN
Sep 02 04:48:54 INFO >> Finished DBSCAN
Sep 02 04:48:54 INFO >> Clusters found: 76
Sep 02 04:48:54 INFO >> Filtered 32 clusters below or equal 2 DM.
Sep 02 04:48:54 INFO >> Total number of candidate clusters=1
Sep 02 04:48:54 INFO >> Candidate Processor of stack (315.95 49.23)
Sep 02 04:48:54 INFO >> Making SinglePointingCandidates from a list of 1 PowerSpectraDetectionClusters
Sep 02 04:48:56 INFO >> saved candidates to ./results//injections/315.95_49.23_cumulative_power_spectra_stack_20220627_11_tpa.yml_(60,)_candidates.npz
Sep 02 04:48:56 INFO >> Injected Pulsars:     1
Sep 02 04:48:56 INFO >> Injection Candidates: 1
Sep 02 04:48:56 INFO >> Recovered Injections: 1
Sep 02 04:48:56 INFO >> 1 candidates.
Sep 02 04:48:56 INFO >> Best candidate: F0: 65.782 DM: 37.14 Sigma: 8.63
Sep 02 04:48:57 INFO >> Unlinked shared memory for cumulative stack.
Sep 02 04:48:57 INFO >> Pipeline execution time: 2.05 minutes
