Sep 02 03:31:37 INFO >> {"message": "Waiting for suitable server to become available", "selector": "Primary()", "operation": "find", "topologyDescription": "<TopologyDescription id: 66d53199406058bce6cb8594, topology_type: Unknown, servers: [<ServerDescription ('localhost', 27017) server_type: Unknown, rtt: None>]>", "clientId": {"$oid": "66d53199406058bce6cb8594"}, "remainingTimeMS": 29}
Sep 02 03:31:37 INFO >> Features initialized as the following:
Sep 02 03:31:37 INFO >> num_unique_dms
Sep 02 03:31:37 INFO >> num_unique_freqs
Sep 02 03:31:37 INFO >> ndetections
Sep 02 03:31:37 INFO >> nharm
Sep 02 03:31:37 INFO >> log_p_dm
Sep 02 03:31:37 INFO >> ['dm_sigma_FitGaussWidth_gauss_sigma', 'dm_sigma_FitGaussWidth_gauss_sigma_rel_err', 'dm_sigma_FitGaussWidth_ndof', 'dm_sigma_FitGaussWidth_rms_err']
Sep 02 03:31:37 INFO >> ['dm_sigma_FitGauss_amplitude', 'dm_sigma_FitGauss_mu', 'dm_sigma_FitGauss_gauss_sigma', 'dm_sigma_FitGauss_amplitude_rel_err', 'dm_sigma_FitGauss_mu_rel_err', 'dm_sigma_FitGauss_gauss_sigma_rel_err', 'dm_sigma_FitGauss_amplitude-detection', 'dm_sigma_FitGauss_mu-detection', 'dm_sigma_FitGauss_ndof', 'dm_sigma_FitGauss_rms_err']
Sep 02 03:31:37 INFO >> ['freq_sigma_FitGaussWidth_gauss_sigma', 'freq_sigma_FitGaussWidth_gauss_sigma_rel_err', 'freq_sigma_FitGaussWidth_ndof', 'freq_sigma_FitGaussWidth_rms_err']
Sep 02 03:31:37 INFO >> ['freq_sigma_FitGauss_amplitude', 'freq_sigma_FitGauss_mu', 'freq_sigma_FitGauss_gauss_sigma', 'freq_sigma_FitGauss_amplitude_rel_err', 'freq_sigma_FitGauss_mu_rel_err', 'freq_sigma_FitGauss_gauss_sigma_rel_err', 'freq_sigma_FitGauss_amplitude-detection', 'freq_sigma_FitGauss_mu-detection', 'freq_sigma_FitGauss_ndof', 'freq_sigma_FitGauss_rms_err']
Sep 02 03:31:37 INFO >> Performing searching on cumulative stack 315.95 49.23
Sep 02 03:31:37 INFO >> Loading the cumulative power spectra stack to search
Sep 02 03:32:34 INFO >> DM: 195.41468477737203
Sep 02 03:32:34 INFO >> sigma: 15.160580379063516
Sep 02 03:32:34 INFO >> frequency: 92.63215459552585
Sep 02 03:32:34 INFO >> Injecting 5 harmonics.
Sep 02 03:32:34 INFO >> Starting DM: 194.3000315657014
Sep 02 03:32:34 INFO >> Stopping DM: 196.5263860940584
Sep 02 03:32:34 INFO >> Expected detection at 9.72 sigma with 4 harmonics.
Sep 02 03:32:48 INFO >> Start searching 6558 dm trials using 32 harmonics.
Sep 02 03:32:54 INFO >> Moved power spectra to shared memory.
Sep 02 03:32:54 INFO >> Number of dm trials in single multi processing job: 10
Sep 02 03:33:35 INFO >> Total number of detections=15585
Sep 02 03:33:35 INFO >> Clustering the detections
Sep 02 03:33:35 INFO >> Starting clustering
Sep 02 03:33:35 INFO >> Rogue harmonic power filter reduced detections from 15585 to 8527
Sep 02 03:33:35 INFO >> Filtering out duplicate freq,dm detections at multiple nharms removes 790 detections
Sep 02 03:33:35 INFO >> Duplicate freq,dm filter reduced detections to 7737
Sep 02 03:33:35 INFO >> Number of detections over threshold sigma (6.0): 7737
Sep 02 03:33:35 INFO >> Grouping duplicate frequencies together first
Sep 02 03:33:35 INFO >> Grouping duplicate frequencies removed 7214 detections from the harmonic metric computation
Sep 02 03:33:35 INFO >> Starting freq-DM distance metric computation
Sep 02 03:33:35 INFO >> Finished freq-DM distance metric computation
Sep 02 03:33:35 INFO >> Largest group size for metric computation is 97
Sep 02 03:33:35 INFO >> Starting harmonic distance metric computation
Sep 02 03:33:36 INFO >> Finished harmonic distance metric computation
Sep 02 03:33:36 INFO >> Starting DBSCAN
Sep 02 03:33:36 INFO >> Finished DBSCAN
Sep 02 03:33:36 INFO >> Clusters found: 76
Sep 02 03:33:36 INFO >> Filtered 32 clusters below or equal 2 DM.
Sep 02 03:33:36 INFO >> Total number of candidate clusters=1
Sep 02 03:33:36 INFO >> Candidate Processor of stack (315.95 49.23)
Sep 02 03:33:36 INFO >> Making SinglePointingCandidates from a list of 1 PowerSpectraDetectionClusters
Sep 02 03:33:38 INFO >> saved candidates to ./results//injections/315.95_49.23_cumulative_power_spectra_stack_20220627_11_tpa.yml_(24,)_candidates.npz
Sep 02 03:33:38 INFO >> Injected Pulsars:     1
Sep 02 03:33:38 INFO >> Injection Candidates: 1
Sep 02 03:33:38 INFO >> Recovered Injections: 1
Sep 02 03:33:38 INFO >> 1 candidates.
Sep 02 03:33:38 INFO >> Best candidate: F0: 92.632 DM: 195.41 Sigma: 9.90
Sep 02 03:33:40 INFO >> Unlinked shared memory for cumulative stack.
Sep 02 03:33:40 INFO >> Pipeline execution time: 2.05 minutes
