Sep 02 09:56:33 INFO >> {"message": "Waiting for suitable server to become available", "selector": "Primary()", "operation": "find", "topologyDescription": "<TopologyDescription id: 66d58bd13de7ae6e9d8e90cd, topology_type: Unknown, servers: [<ServerDescription ('localhost', 27017) server_type: Unknown, rtt: None>]>", "clientId": {"$oid": "66d58bd13de7ae6e9d8e90cd"}, "remainingTimeMS": 29}
Sep 02 09:56:33 INFO >> Features initialized as the following:
Sep 02 09:56:33 INFO >> num_unique_dms
Sep 02 09:56:33 INFO >> num_unique_freqs
Sep 02 09:56:33 INFO >> ndetections
Sep 02 09:56:33 INFO >> nharm
Sep 02 09:56:33 INFO >> log_p_dm
Sep 02 09:56:33 INFO >> ['dm_sigma_FitGaussWidth_gauss_sigma', 'dm_sigma_FitGaussWidth_gauss_sigma_rel_err', 'dm_sigma_FitGaussWidth_ndof', 'dm_sigma_FitGaussWidth_rms_err']
Sep 02 09:56:33 INFO >> ['dm_sigma_FitGauss_amplitude', 'dm_sigma_FitGauss_mu', 'dm_sigma_FitGauss_gauss_sigma', 'dm_sigma_FitGauss_amplitude_rel_err', 'dm_sigma_FitGauss_mu_rel_err', 'dm_sigma_FitGauss_gauss_sigma_rel_err', 'dm_sigma_FitGauss_amplitude-detection', 'dm_sigma_FitGauss_mu-detection', 'dm_sigma_FitGauss_ndof', 'dm_sigma_FitGauss_rms_err']
Sep 02 09:56:33 INFO >> ['freq_sigma_FitGaussWidth_gauss_sigma', 'freq_sigma_FitGaussWidth_gauss_sigma_rel_err', 'freq_sigma_FitGaussWidth_ndof', 'freq_sigma_FitGaussWidth_rms_err']
Sep 02 09:56:33 INFO >> ['freq_sigma_FitGauss_amplitude', 'freq_sigma_FitGauss_mu', 'freq_sigma_FitGauss_gauss_sigma', 'freq_sigma_FitGauss_amplitude_rel_err', 'freq_sigma_FitGauss_mu_rel_err', 'freq_sigma_FitGauss_gauss_sigma_rel_err', 'freq_sigma_FitGauss_amplitude-detection', 'freq_sigma_FitGauss_mu-detection', 'freq_sigma_FitGauss_ndof', 'freq_sigma_FitGauss_rms_err']
Sep 02 09:56:33 INFO >> Performing searching on cumulative stack 315.95 49.23
Sep 02 09:56:33 INFO >> Loading the cumulative power spectra stack to search
Sep 02 09:57:30 INFO >> DM: 101.93810410292991
Sep 02 09:57:30 INFO >> sigma: 14.243444262060455
Sep 02 09:57:30 INFO >> frequency: 81.16135303299724
Sep 02 09:57:30 INFO >> Injecting 6 harmonics.
Sep 02 09:57:30 INFO >> Starting DM: 100.69194344160047
Sep 02 09:57:30 INFO >> Stopping DM: 103.22189176927888
Sep 02 09:57:31 INFO >> Expected detection at 8.91 sigma with 4 harmonics.
Sep 02 09:57:44 INFO >> Start searching 6558 dm trials using 32 harmonics.
Sep 02 09:57:50 INFO >> Moved power spectra to shared memory.
Sep 02 09:57:50 INFO >> Number of dm trials in single multi processing job: 10
Sep 02 09:58:31 INFO >> Total number of detections=15584
Sep 02 09:58:31 INFO >> Clustering the detections
Sep 02 09:58:31 INFO >> Starting clustering
Sep 02 09:58:31 INFO >> Rogue harmonic power filter reduced detections from 15584 to 8526
Sep 02 09:58:31 INFO >> Filtering out duplicate freq,dm detections at multiple nharms removes 789 detections
Sep 02 09:58:31 INFO >> Duplicate freq,dm filter reduced detections to 7737
Sep 02 09:58:31 INFO >> Number of detections over threshold sigma (6.0): 7737
Sep 02 09:58:31 INFO >> Grouping duplicate frequencies together first
Sep 02 09:58:31 INFO >> Grouping duplicate frequencies removed 7216 detections from the harmonic metric computation
Sep 02 09:58:31 INFO >> Starting freq-DM distance metric computation
Sep 02 09:58:31 INFO >> Finished freq-DM distance metric computation
Sep 02 09:58:32 INFO >> Largest group size for metric computation is 97
Sep 02 09:58:32 INFO >> Starting harmonic distance metric computation
Sep 02 09:58:32 INFO >> Finished harmonic distance metric computation
Sep 02 09:58:32 INFO >> Starting DBSCAN
Sep 02 09:58:33 INFO >> Finished DBSCAN
Sep 02 09:58:33 INFO >> Clusters found: 76
Sep 02 09:58:33 INFO >> Filtered 32 clusters below or equal 2 DM.
Sep 02 09:58:33 INFO >> Total number of candidate clusters=1
Sep 02 09:58:33 INFO >> Candidate Processor of stack (315.95 49.23)
Sep 02 09:58:33 INFO >> Making SinglePointingCandidates from a list of 1 PowerSpectraDetectionClusters
Sep 02 09:58:35 INFO >> saved candidates to ./results//injections/315.95_49.23_cumulative_power_spectra_stack_20220627_11_tpa.yml_(208,)_candidates.npz
Sep 02 09:58:35 INFO >> Injected Pulsars:     1
Sep 02 09:58:35 INFO >> Injection Candidates: 1
Sep 02 09:58:35 INFO >> Recovered Injections: 1
Sep 02 09:58:35 INFO >> 1 candidates.
Sep 02 09:58:35 INFO >> Best candidate: F0: 81.161 DM: 101.91 Sigma: 8.25
Sep 02 09:58:36 INFO >> Unlinked shared memory for cumulative stack.
Sep 02 09:58:36 INFO >> Pipeline execution time: 2.05 minutes
