Sep 02 04:09:17 INFO >> {"message": "Waiting for suitable server to become available", "selector": "Primary()", "operation": "find", "topologyDescription": "<TopologyDescription id: 66d53a6db573e88b3785deac, topology_type: Unknown, servers: [<ServerDescription ('localhost', 27017) server_type: Unknown, rtt: None>]>", "clientId": {"$oid": "66d53a6db573e88b3785deac"}, "remainingTimeMS": 29}
Sep 02 04:09:17 INFO >> Features initialized as the following:
Sep 02 04:09:17 INFO >> num_unique_dms
Sep 02 04:09:17 INFO >> num_unique_freqs
Sep 02 04:09:17 INFO >> ndetections
Sep 02 04:09:17 INFO >> nharm
Sep 02 04:09:17 INFO >> log_p_dm
Sep 02 04:09:17 INFO >> ['dm_sigma_FitGaussWidth_gauss_sigma', 'dm_sigma_FitGaussWidth_gauss_sigma_rel_err', 'dm_sigma_FitGaussWidth_ndof', 'dm_sigma_FitGaussWidth_rms_err']
Sep 02 04:09:17 INFO >> ['dm_sigma_FitGauss_amplitude', 'dm_sigma_FitGauss_mu', 'dm_sigma_FitGauss_gauss_sigma', 'dm_sigma_FitGauss_amplitude_rel_err', 'dm_sigma_FitGauss_mu_rel_err', 'dm_sigma_FitGauss_gauss_sigma_rel_err', 'dm_sigma_FitGauss_amplitude-detection', 'dm_sigma_FitGauss_mu-detection', 'dm_sigma_FitGauss_ndof', 'dm_sigma_FitGauss_rms_err']
Sep 02 04:09:17 INFO >> ['freq_sigma_FitGaussWidth_gauss_sigma', 'freq_sigma_FitGaussWidth_gauss_sigma_rel_err', 'freq_sigma_FitGaussWidth_ndof', 'freq_sigma_FitGaussWidth_rms_err']
Sep 02 04:09:17 INFO >> ['freq_sigma_FitGauss_amplitude', 'freq_sigma_FitGauss_mu', 'freq_sigma_FitGauss_gauss_sigma', 'freq_sigma_FitGauss_amplitude_rel_err', 'freq_sigma_FitGauss_mu_rel_err', 'freq_sigma_FitGauss_gauss_sigma_rel_err', 'freq_sigma_FitGauss_amplitude-detection', 'freq_sigma_FitGauss_mu-detection', 'freq_sigma_FitGauss_ndof', 'freq_sigma_FitGauss_rms_err']
Sep 02 04:09:17 INFO >> Performing searching on cumulative stack 315.95 49.23
Sep 02 04:09:17 INFO >> Loading the cumulative power spectra stack to search
Sep 02 04:10:14 INFO >> DM: 88.88323620907575
Sep 02 04:10:14 INFO >> sigma: 14.446095762393995
Sep 02 04:10:14 INFO >> frequency: 50.58364079610254
Sep 02 04:10:14 INFO >> Injecting 10 harmonics.
Sep 02 04:10:14 INFO >> Starting DM: 86.82782660592282
Sep 02 04:10:14 INFO >> Stopping DM: 90.87574393020826
Sep 02 04:10:14 INFO >> Expected detection at 8.98 sigma with 8 harmonics.
Sep 02 04:10:28 INFO >> Start searching 6558 dm trials using 32 harmonics.
Sep 02 04:10:34 INFO >> Moved power spectra to shared memory.
Sep 02 04:10:34 INFO >> Number of dm trials in single multi processing job: 10
Sep 02 04:11:14 INFO >> Total number of detections=15585
Sep 02 04:11:14 INFO >> Clustering the detections
Sep 02 04:11:14 INFO >> Starting clustering
Sep 02 04:11:14 INFO >> Rogue harmonic power filter reduced detections from 15585 to 8527
Sep 02 04:11:14 INFO >> Filtering out duplicate freq,dm detections at multiple nharms removes 789 detections
Sep 02 04:11:14 INFO >> Duplicate freq,dm filter reduced detections to 7738
Sep 02 04:11:14 INFO >> Number of detections over threshold sigma (6.0): 7738
Sep 02 04:11:14 INFO >> Grouping duplicate frequencies together first
Sep 02 04:11:14 INFO >> Grouping duplicate frequencies removed 7216 detections from the harmonic metric computation
Sep 02 04:11:14 INFO >> Starting freq-DM distance metric computation
Sep 02 04:11:14 INFO >> Finished freq-DM distance metric computation
Sep 02 04:11:15 INFO >> Largest group size for metric computation is 97
Sep 02 04:11:15 INFO >> Starting harmonic distance metric computation
Sep 02 04:11:15 INFO >> Finished harmonic distance metric computation
Sep 02 04:11:15 INFO >> Starting DBSCAN
Sep 02 04:11:15 INFO >> Finished DBSCAN
Sep 02 04:11:15 INFO >> Clusters found: 76
Sep 02 04:11:15 INFO >> Filtered 32 clusters below or equal 2 DM.
Sep 02 04:11:15 INFO >> Total number of candidate clusters=1
Sep 02 04:11:15 INFO >> Candidate Processor of stack (315.95 49.23)
Sep 02 04:11:15 INFO >> Making SinglePointingCandidates from a list of 1 PowerSpectraDetectionClusters
Sep 02 04:11:18 INFO >> saved candidates to ./results//injections/315.95_49.23_cumulative_power_spectra_stack_20220627_11_tpa.yml_(42,)_candidates.npz
Sep 02 04:11:18 INFO >> Injected Pulsars:     1
Sep 02 04:11:18 INFO >> Injection Candidates: 1
Sep 02 04:11:18 INFO >> Recovered Injections: 1
Sep 02 04:11:18 INFO >> 1 candidates.
Sep 02 04:11:18 INFO >> Best candidate: F0: 50.584 DM: 88.85 Sigma: 9.12
Sep 02 04:11:19 INFO >> Unlinked shared memory for cumulative stack.
Sep 02 04:11:19 INFO >> Pipeline execution time: 2.04 minutes
