Sep 02 15:04:11 INFO >> {"message": "Waiting for suitable server to become available", "selector": "Primary()", "operation": "find", "topologyDescription": "<TopologyDescription id: 66d5d3eb663b843cbebe2eac, topology_type: Unknown, servers: [<ServerDescription ('localhost', 27017) server_type: Unknown, rtt: None>]>", "clientId": {"$oid": "66d5d3eb663b843cbebe2eac"}, "remainingTimeMS": 29}
Sep 02 15:04:11 INFO >> Features initialized as the following:
Sep 02 15:04:11 INFO >> num_unique_dms
Sep 02 15:04:11 INFO >> num_unique_freqs
Sep 02 15:04:11 INFO >> ndetections
Sep 02 15:04:11 INFO >> nharm
Sep 02 15:04:11 INFO >> log_p_dm
Sep 02 15:04:11 INFO >> ['dm_sigma_FitGaussWidth_gauss_sigma', 'dm_sigma_FitGaussWidth_gauss_sigma_rel_err', 'dm_sigma_FitGaussWidth_ndof', 'dm_sigma_FitGaussWidth_rms_err']
Sep 02 15:04:11 INFO >> ['dm_sigma_FitGauss_amplitude', 'dm_sigma_FitGauss_mu', 'dm_sigma_FitGauss_gauss_sigma', 'dm_sigma_FitGauss_amplitude_rel_err', 'dm_sigma_FitGauss_mu_rel_err', 'dm_sigma_FitGauss_gauss_sigma_rel_err', 'dm_sigma_FitGauss_amplitude-detection', 'dm_sigma_FitGauss_mu-detection', 'dm_sigma_FitGauss_ndof', 'dm_sigma_FitGauss_rms_err']
Sep 02 15:04:11 INFO >> ['freq_sigma_FitGaussWidth_gauss_sigma', 'freq_sigma_FitGaussWidth_gauss_sigma_rel_err', 'freq_sigma_FitGaussWidth_ndof', 'freq_sigma_FitGaussWidth_rms_err']
Sep 02 15:04:11 INFO >> ['freq_sigma_FitGauss_amplitude', 'freq_sigma_FitGauss_mu', 'freq_sigma_FitGauss_gauss_sigma', 'freq_sigma_FitGauss_amplitude_rel_err', 'freq_sigma_FitGauss_mu_rel_err', 'freq_sigma_FitGauss_gauss_sigma_rel_err', 'freq_sigma_FitGauss_amplitude-detection', 'freq_sigma_FitGauss_mu-detection', 'freq_sigma_FitGauss_ndof', 'freq_sigma_FitGauss_rms_err']
Sep 02 15:04:11 INFO >> Performing searching on cumulative stack 315.95 49.23
Sep 02 15:04:11 INFO >> Loading the cumulative power spectra stack to search
Sep 02 15:05:09 INFO >> DM: 182.65569435875256
Sep 02 15:05:09 INFO >> sigma: 13.213447168827388
Sep 02 15:05:09 INFO >> frequency: 58.46795509349637
Sep 02 15:05:09 INFO >> Injecting 8 harmonics.
Sep 02 15:05:09 INFO >> Starting DM: 180.94190439555945
Sep 02 15:05:09 INFO >> Stopping DM: 184.38263412120207
Sep 02 15:05:09 INFO >> Expected detection at 9.28 sigma with 1 harmonics.
Sep 02 15:05:23 INFO >> Start searching 6558 dm trials using 32 harmonics.
Sep 02 15:05:28 INFO >> Moved power spectra to shared memory.
Sep 02 15:05:28 INFO >> Number of dm trials in single multi processing job: 10
Sep 02 15:06:09 INFO >> Total number of detections=15636
Sep 02 15:06:09 INFO >> Clustering the detections
Sep 02 15:06:09 INFO >> Starting clustering
Sep 02 15:06:09 INFO >> Rogue harmonic power filter reduced detections from 15636 to 8554
Sep 02 15:06:09 INFO >> Filtering out duplicate freq,dm detections at multiple nharms removes 795 detections
Sep 02 15:06:09 INFO >> Duplicate freq,dm filter reduced detections to 7759
Sep 02 15:06:09 INFO >> Number of detections over threshold sigma (6.0): 7759
Sep 02 15:06:09 INFO >> Grouping duplicate frequencies together first
Sep 02 15:06:09 INFO >> Grouping duplicate frequencies removed 7234 detections from the harmonic metric computation
Sep 02 15:06:09 INFO >> Starting freq-DM distance metric computation
Sep 02 15:06:10 INFO >> Finished freq-DM distance metric computation
Sep 02 15:06:10 INFO >> Largest group size for metric computation is 97
Sep 02 15:06:10 INFO >> Starting harmonic distance metric computation
Sep 02 15:06:11 INFO >> Finished harmonic distance metric computation
Sep 02 15:06:11 INFO >> Starting DBSCAN
Sep 02 15:06:11 INFO >> Finished DBSCAN
Sep 02 15:06:11 INFO >> Clusters found: 76
Sep 02 15:06:11 INFO >> Filtered 32 clusters below or equal 2 DM.
Sep 02 15:06:11 INFO >> Total number of candidate clusters=1
Sep 02 15:06:11 INFO >> Candidate Processor of stack (315.95 49.23)
Sep 02 15:06:11 INFO >> Making SinglePointingCandidates from a list of 1 PowerSpectraDetectionClusters
Sep 02 15:06:13 INFO >> saved candidates to ./results//injections/315.95_49.23_cumulative_power_spectra_stack_20220627_11_tpa.yml_(355,)_candidates.npz
Sep 02 15:06:13 INFO >> Injected Pulsars:     1
Sep 02 15:06:13 INFO >> Injection Candidates: 1
Sep 02 15:06:13 INFO >> Recovered Injections: 1
Sep 02 15:06:13 INFO >> 1 candidates.
Sep 02 15:06:13 INFO >> Best candidate: F0: 58.468 DM: 182.66 Sigma: 9.30
Sep 02 15:06:14 INFO >> Unlinked shared memory for cumulative stack.
Sep 02 15:06:14 INFO >> Pipeline execution time: 2.06 minutes
