Sep 02 11:34:54 INFO >> {"message": "Waiting for suitable server to become available", "selector": "Primary()", "operation": "find", "topologyDescription": "<TopologyDescription id: 66d5a2de5482a51622badc3e, topology_type: Unknown, servers: [<ServerDescription ('localhost', 27017) server_type: Unknown, rtt: None>]>", "clientId": {"$oid": "66d5a2de5482a51622badc3e"}, "remainingTimeMS": 29}
Sep 02 11:34:54 INFO >> Features initialized as the following:
Sep 02 11:34:54 INFO >> num_unique_dms
Sep 02 11:34:54 INFO >> num_unique_freqs
Sep 02 11:34:54 INFO >> ndetections
Sep 02 11:34:54 INFO >> nharm
Sep 02 11:34:54 INFO >> log_p_dm
Sep 02 11:34:54 INFO >> ['dm_sigma_FitGaussWidth_gauss_sigma', 'dm_sigma_FitGaussWidth_gauss_sigma_rel_err', 'dm_sigma_FitGaussWidth_ndof', 'dm_sigma_FitGaussWidth_rms_err']
Sep 02 11:34:54 INFO >> ['dm_sigma_FitGauss_amplitude', 'dm_sigma_FitGauss_mu', 'dm_sigma_FitGauss_gauss_sigma', 'dm_sigma_FitGauss_amplitude_rel_err', 'dm_sigma_FitGauss_mu_rel_err', 'dm_sigma_FitGauss_gauss_sigma_rel_err', 'dm_sigma_FitGauss_amplitude-detection', 'dm_sigma_FitGauss_mu-detection', 'dm_sigma_FitGauss_ndof', 'dm_sigma_FitGauss_rms_err']
Sep 02 11:34:54 INFO >> ['freq_sigma_FitGaussWidth_gauss_sigma', 'freq_sigma_FitGaussWidth_gauss_sigma_rel_err', 'freq_sigma_FitGaussWidth_ndof', 'freq_sigma_FitGaussWidth_rms_err']
Sep 02 11:34:54 INFO >> ['freq_sigma_FitGauss_amplitude', 'freq_sigma_FitGauss_mu', 'freq_sigma_FitGauss_gauss_sigma', 'freq_sigma_FitGauss_amplitude_rel_err', 'freq_sigma_FitGauss_mu_rel_err', 'freq_sigma_FitGauss_gauss_sigma_rel_err', 'freq_sigma_FitGauss_amplitude-detection', 'freq_sigma_FitGauss_mu-detection', 'freq_sigma_FitGauss_ndof', 'freq_sigma_FitGauss_rms_err']
Sep 02 11:34:54 INFO >> Performing searching on cumulative stack 315.95 49.23
Sep 02 11:34:54 INFO >> Loading the cumulative power spectra stack to search
Sep 02 11:35:51 INFO >> DM: 167.69849703723838
Sep 02 11:35:51 INFO >> sigma: 11.397859038827505
Sep 02 11:35:51 INFO >> frequency: 34.847056455158224
Sep 02 11:35:51 INFO >> Injecting 14 harmonics.
Sep 02 11:35:51 INFO >> Starting DM: 164.75023509841765
Sep 02 11:35:51 INFO >> Stopping DM: 170.61971521863157
Sep 02 11:35:51 INFO >> Expected detection at 10.96 sigma with 8 harmonics.
Sep 02 11:36:05 INFO >> Start searching 6558 dm trials using 32 harmonics.
Sep 02 11:36:11 INFO >> Moved power spectra to shared memory.
Sep 02 11:36:11 INFO >> Number of dm trials in single multi processing job: 10
Sep 02 11:36:52 INFO >> Total number of detections=15644
Sep 02 11:36:52 INFO >> Clustering the detections
Sep 02 11:36:52 INFO >> Starting clustering
Sep 02 11:36:52 INFO >> Rogue harmonic power filter reduced detections from 15644 to 8586
Sep 02 11:36:52 INFO >> Filtering out duplicate freq,dm detections at multiple nharms removes 817 detections
Sep 02 11:36:52 INFO >> Duplicate freq,dm filter reduced detections to 7769
Sep 02 11:36:52 INFO >> Number of detections over threshold sigma (6.0): 7769
Sep 02 11:36:52 INFO >> Grouping duplicate frequencies together first
Sep 02 11:36:52 INFO >> Grouping duplicate frequencies removed 7240 detections from the harmonic metric computation
Sep 02 11:36:52 INFO >> Starting freq-DM distance metric computation
Sep 02 11:36:53 INFO >> Finished freq-DM distance metric computation
Sep 02 11:36:53 INFO >> Largest group size for metric computation is 97
Sep 02 11:36:53 INFO >> Starting harmonic distance metric computation
Sep 02 11:36:54 INFO >> Finished harmonic distance metric computation
Sep 02 11:36:54 INFO >> Starting DBSCAN
Sep 02 11:36:54 INFO >> Finished DBSCAN
Sep 02 11:36:54 INFO >> Clusters found: 78
Sep 02 11:36:54 INFO >> Filtered 32 clusters below or equal 2 DM.
Sep 02 11:36:54 INFO >> Total number of candidate clusters=3
Sep 02 11:36:54 INFO >> Candidate Processor of stack (315.95 49.23)
Sep 02 11:36:54 INFO >> Making SinglePointingCandidates from a list of 3 PowerSpectraDetectionClusters
Sep 02 11:36:57 INFO >> saved candidates to ./results//injections/315.95_49.23_cumulative_power_spectra_stack_20220627_11_tpa.yml_(255,)_candidates.npz
Sep 02 11:36:57 INFO >> Injected Pulsars:     1
Sep 02 11:36:57 INFO >> Injection Candidates: 3
Sep 02 11:36:57 INFO >> Recovered Injections: 1
Sep 02 11:36:57 INFO >> 3 candidates.
Sep 02 11:36:57 INFO >> Best candidate: F0: 34.847 DM: 167.68 Sigma: 10.82
Sep 02 11:36:58 INFO >> Unlinked shared memory for cumulative stack.
Sep 02 11:36:58 INFO >> Pipeline execution time: 2.06 minutes
