Sep 02 17:45:26 INFO >> {"message": "Waiting for suitable server to become available", "selector": "Primary()", "operation": "find", "topologyDescription": "<TopologyDescription id: 66d5f9b627cf9466bec8d94c, topology_type: Unknown, servers: [<ServerDescription ('localhost', 27017) server_type: Unknown, rtt: None>]>", "clientId": {"$oid": "66d5f9b627cf9466bec8d94c"}, "remainingTimeMS": 29}
Sep 02 17:45:26 INFO >> Features initialized as the following:
Sep 02 17:45:26 INFO >> num_unique_dms
Sep 02 17:45:26 INFO >> num_unique_freqs
Sep 02 17:45:26 INFO >> ndetections
Sep 02 17:45:26 INFO >> nharm
Sep 02 17:45:26 INFO >> log_p_dm
Sep 02 17:45:26 INFO >> ['dm_sigma_FitGaussWidth_gauss_sigma', 'dm_sigma_FitGaussWidth_gauss_sigma_rel_err', 'dm_sigma_FitGaussWidth_ndof', 'dm_sigma_FitGaussWidth_rms_err']
Sep 02 17:45:26 INFO >> ['dm_sigma_FitGauss_amplitude', 'dm_sigma_FitGauss_mu', 'dm_sigma_FitGauss_gauss_sigma', 'dm_sigma_FitGauss_amplitude_rel_err', 'dm_sigma_FitGauss_mu_rel_err', 'dm_sigma_FitGauss_gauss_sigma_rel_err', 'dm_sigma_FitGauss_amplitude-detection', 'dm_sigma_FitGauss_mu-detection', 'dm_sigma_FitGauss_ndof', 'dm_sigma_FitGauss_rms_err']
Sep 02 17:45:26 INFO >> ['freq_sigma_FitGaussWidth_gauss_sigma', 'freq_sigma_FitGaussWidth_gauss_sigma_rel_err', 'freq_sigma_FitGaussWidth_ndof', 'freq_sigma_FitGaussWidth_rms_err']
Sep 02 17:45:26 INFO >> ['freq_sigma_FitGauss_amplitude', 'freq_sigma_FitGauss_mu', 'freq_sigma_FitGauss_gauss_sigma', 'freq_sigma_FitGauss_amplitude_rel_err', 'freq_sigma_FitGauss_mu_rel_err', 'freq_sigma_FitGauss_gauss_sigma_rel_err', 'freq_sigma_FitGauss_amplitude-detection', 'freq_sigma_FitGauss_mu-detection', 'freq_sigma_FitGauss_ndof', 'freq_sigma_FitGauss_rms_err']
Sep 02 17:45:26 INFO >> Performing searching on cumulative stack 315.95 49.23
Sep 02 17:45:26 INFO >> Loading the cumulative power spectra stack to search
Sep 02 17:46:24 INFO >> DM: 17.957014897643937
Sep 02 17:46:24 INFO >> sigma: 14.401586691736252
Sep 02 17:46:24 INFO >> frequency: 23.642772146573755
Sep 02 17:46:24 INFO >> Injecting 21 harmonics.
Sep 02 17:46:24 INFO >> Starting DM: 13.560523036356244
Sep 02 17:46:24 INFO >> Stopping DM: 22.263545283569954
Sep 02 17:46:24 INFO >> Expected detection at 12.66 sigma with 4 harmonics.
Sep 02 17:46:38 INFO >> Start searching 6558 dm trials using 32 harmonics.
Sep 02 17:46:44 INFO >> Moved power spectra to shared memory.
Sep 02 17:46:44 INFO >> Number of dm trials in single multi processing job: 10
Sep 02 17:47:24 INFO >> Total number of detections=16005
Sep 02 17:47:24 INFO >> Clustering the detections
Sep 02 17:47:24 INFO >> Starting clustering
Sep 02 17:47:24 INFO >> Rogue harmonic power filter reduced detections from 16005 to 8640
Sep 02 17:47:24 INFO >> Filtering out duplicate freq,dm detections at multiple nharms removes 830 detections
Sep 02 17:47:24 INFO >> Duplicate freq,dm filter reduced detections to 7810
Sep 02 17:47:24 INFO >> Number of detections over threshold sigma (6.0): 7810
Sep 02 17:47:24 INFO >> Grouping duplicate frequencies together first
Sep 02 17:47:24 INFO >> Grouping duplicate frequencies removed 7283 detections from the harmonic metric computation
Sep 02 17:47:24 INFO >> Starting freq-DM distance metric computation
Sep 02 17:47:25 INFO >> Finished freq-DM distance metric computation
Sep 02 17:47:25 INFO >> Largest group size for metric computation is 97
Sep 02 17:47:25 INFO >> Starting harmonic distance metric computation
Sep 02 17:47:26 INFO >> Finished harmonic distance metric computation
Sep 02 17:47:26 INFO >> Starting DBSCAN
Sep 02 17:47:26 INFO >> Finished DBSCAN
Sep 02 17:47:26 INFO >> Clusters found: 77
Sep 02 17:47:26 INFO >> Filtered 32 clusters below or equal 2 DM.
Sep 02 17:47:26 INFO >> Total number of candidate clusters=2
Sep 02 17:47:26 INFO >> Candidate Processor of stack (315.95 49.23)
Sep 02 17:47:26 INFO >> Making SinglePointingCandidates from a list of 2 PowerSpectraDetectionClusters
Sep 02 17:47:28 INFO >> saved candidates to ./results//injections/315.95_49.23_cumulative_power_spectra_stack_20220627_11_tpa.yml_(432,)_candidates.npz
Sep 02 17:47:28 INFO >> Injected Pulsars:     1
Sep 02 17:47:28 INFO >> Injection Candidates: 2
Sep 02 17:47:28 INFO >> Recovered Injections: 1
Sep 02 17:47:28 INFO >> 2 candidates.
Sep 02 17:47:28 INFO >> Best candidate: F0: 23.643 DM: 17.91 Sigma: 12.32
Sep 02 17:47:30 INFO >> Unlinked shared memory for cumulative stack.
Sep 02 17:47:30 INFO >> Pipeline execution time: 2.07 minutes
