Sep 02 08:14:00 INFO >> {"message": "Waiting for suitable server to become available", "selector": "Primary()", "operation": "find", "topologyDescription": "<TopologyDescription id: 66d573c8b9e3316f423e32b1, topology_type: Unknown, servers: [<ServerDescription ('localhost', 27017) server_type: Unknown, rtt: None>]>", "clientId": {"$oid": "66d573c8b9e3316f423e32b1"}, "remainingTimeMS": 29}
Sep 02 08:14:00 INFO >> Features initialized as the following:
Sep 02 08:14:00 INFO >> num_unique_dms
Sep 02 08:14:00 INFO >> num_unique_freqs
Sep 02 08:14:00 INFO >> ndetections
Sep 02 08:14:00 INFO >> nharm
Sep 02 08:14:00 INFO >> log_p_dm
Sep 02 08:14:00 INFO >> ['dm_sigma_FitGaussWidth_gauss_sigma', 'dm_sigma_FitGaussWidth_gauss_sigma_rel_err', 'dm_sigma_FitGaussWidth_ndof', 'dm_sigma_FitGaussWidth_rms_err']
Sep 02 08:14:00 INFO >> ['dm_sigma_FitGauss_amplitude', 'dm_sigma_FitGauss_mu', 'dm_sigma_FitGauss_gauss_sigma', 'dm_sigma_FitGauss_amplitude_rel_err', 'dm_sigma_FitGauss_mu_rel_err', 'dm_sigma_FitGauss_gauss_sigma_rel_err', 'dm_sigma_FitGauss_amplitude-detection', 'dm_sigma_FitGauss_mu-detection', 'dm_sigma_FitGauss_ndof', 'dm_sigma_FitGauss_rms_err']
Sep 02 08:14:00 INFO >> ['freq_sigma_FitGaussWidth_gauss_sigma', 'freq_sigma_FitGaussWidth_gauss_sigma_rel_err', 'freq_sigma_FitGaussWidth_ndof', 'freq_sigma_FitGaussWidth_rms_err']
Sep 02 08:14:00 INFO >> ['freq_sigma_FitGauss_amplitude', 'freq_sigma_FitGauss_mu', 'freq_sigma_FitGauss_gauss_sigma', 'freq_sigma_FitGauss_amplitude_rel_err', 'freq_sigma_FitGauss_mu_rel_err', 'freq_sigma_FitGauss_gauss_sigma_rel_err', 'freq_sigma_FitGauss_amplitude-detection', 'freq_sigma_FitGauss_mu-detection', 'freq_sigma_FitGauss_ndof', 'freq_sigma_FitGauss_rms_err']
Sep 02 08:14:00 INFO >> Performing searching on cumulative stack 315.95 49.23
Sep 02 08:14:00 INFO >> Loading the cumulative power spectra stack to search
Sep 02 08:14:57 INFO >> DM: 62.9793800352495
Sep 02 08:14:57 INFO >> sigma: 12.966652080012544
Sep 02 08:14:57 INFO >> frequency: 30.83835954554473
Sep 02 08:14:57 INFO >> Injecting 16 harmonics.
Sep 02 08:14:57 INFO >> Starting DM: 59.60558260010319
Sep 02 08:14:57 INFO >> Stopping DM: 66.28464618517418
Sep 02 08:14:57 INFO >> Expected detection at 13.00 sigma with 8 harmonics.
Sep 02 08:15:11 INFO >> Start searching 6558 dm trials using 32 harmonics.
Sep 02 08:15:17 INFO >> Moved power spectra to shared memory.
Sep 02 08:15:17 INFO >> Number of dm trials in single multi processing job: 10
Sep 02 08:15:57 INFO >> Total number of detections=15675
Sep 02 08:15:57 INFO >> Clustering the detections
Sep 02 08:15:57 INFO >> Starting clustering
Sep 02 08:15:57 INFO >> Rogue harmonic power filter reduced detections from 15675 to 8617
Sep 02 08:15:57 INFO >> Filtering out duplicate freq,dm detections at multiple nharms removes 826 detections
Sep 02 08:15:57 INFO >> Duplicate freq,dm filter reduced detections to 7791
Sep 02 08:15:57 INFO >> Number of detections over threshold sigma (6.0): 7791
Sep 02 08:15:57 INFO >> Grouping duplicate frequencies together first
Sep 02 08:15:57 INFO >> Grouping duplicate frequencies removed 7255 detections from the harmonic metric computation
Sep 02 08:15:57 INFO >> Starting freq-DM distance metric computation
Sep 02 08:15:58 INFO >> Finished freq-DM distance metric computation
Sep 02 08:15:58 INFO >> Largest group size for metric computation is 97
Sep 02 08:15:58 INFO >> Starting harmonic distance metric computation
Sep 02 08:15:59 INFO >> Finished harmonic distance metric computation
Sep 02 08:15:59 INFO >> Starting DBSCAN
Sep 02 08:15:59 INFO >> Finished DBSCAN
Sep 02 08:15:59 INFO >> Clusters found: 77
Sep 02 08:15:59 INFO >> Filtered 32 clusters below or equal 2 DM.
Sep 02 08:15:59 INFO >> Total number of candidate clusters=2
Sep 02 08:15:59 INFO >> Candidate Processor of stack (315.95 49.23)
Sep 02 08:15:59 INFO >> Making SinglePointingCandidates from a list of 2 PowerSpectraDetectionClusters
Sep 02 08:16:02 INFO >> saved candidates to ./results//injections/315.95_49.23_cumulative_power_spectra_stack_20220627_11_tpa.yml_(159,)_candidates.npz
Sep 02 08:16:02 INFO >> Injected Pulsars:     1
Sep 02 08:16:02 INFO >> Injection Candidates: 2
Sep 02 08:16:02 INFO >> Recovered Injections: 1
Sep 02 08:16:02 INFO >> 2 candidates.
Sep 02 08:16:02 INFO >> Best candidate: F0: 30.838 DM: 62.95 Sigma: 12.28
Sep 02 08:16:03 INFO >> Unlinked shared memory for cumulative stack.
Sep 02 08:16:03 INFO >> Pipeline execution time: 2.05 minutes
