Sep 02 06:39:53 INFO >> {"message": "Waiting for suitable server to become available", "selector": "Primary()", "operation": "find", "topologyDescription": "<TopologyDescription id: 66d55db9d8b677fd62350682, topology_type: Unknown, servers: [<ServerDescription ('localhost', 27017) server_type: Unknown, rtt: None>]>", "clientId": {"$oid": "66d55db9d8b677fd62350682"}, "remainingTimeMS": 29}
Sep 02 06:39:53 INFO >> Features initialized as the following:
Sep 02 06:39:53 INFO >> num_unique_dms
Sep 02 06:39:53 INFO >> num_unique_freqs
Sep 02 06:39:53 INFO >> ndetections
Sep 02 06:39:53 INFO >> nharm
Sep 02 06:39:53 INFO >> log_p_dm
Sep 02 06:39:53 INFO >> ['dm_sigma_FitGaussWidth_gauss_sigma', 'dm_sigma_FitGaussWidth_gauss_sigma_rel_err', 'dm_sigma_FitGaussWidth_ndof', 'dm_sigma_FitGaussWidth_rms_err']
Sep 02 06:39:53 INFO >> ['dm_sigma_FitGauss_amplitude', 'dm_sigma_FitGauss_mu', 'dm_sigma_FitGauss_gauss_sigma', 'dm_sigma_FitGauss_amplitude_rel_err', 'dm_sigma_FitGauss_mu_rel_err', 'dm_sigma_FitGauss_gauss_sigma_rel_err', 'dm_sigma_FitGauss_amplitude-detection', 'dm_sigma_FitGauss_mu-detection', 'dm_sigma_FitGauss_ndof', 'dm_sigma_FitGauss_rms_err']
Sep 02 06:39:53 INFO >> ['freq_sigma_FitGaussWidth_gauss_sigma', 'freq_sigma_FitGaussWidth_gauss_sigma_rel_err', 'freq_sigma_FitGaussWidth_ndof', 'freq_sigma_FitGaussWidth_rms_err']
Sep 02 06:39:53 INFO >> ['freq_sigma_FitGauss_amplitude', 'freq_sigma_FitGauss_mu', 'freq_sigma_FitGauss_gauss_sigma', 'freq_sigma_FitGauss_amplitude_rel_err', 'freq_sigma_FitGauss_mu_rel_err', 'freq_sigma_FitGauss_gauss_sigma_rel_err', 'freq_sigma_FitGauss_amplitude-detection', 'freq_sigma_FitGauss_mu-detection', 'freq_sigma_FitGauss_ndof', 'freq_sigma_FitGauss_rms_err']
Sep 02 06:39:53 INFO >> Performing searching on cumulative stack 315.95 49.23
Sep 02 06:39:53 INFO >> Loading the cumulative power spectra stack to search
Sep 02 06:40:51 INFO >> DM: 165.9300261182613
Sep 02 06:40:51 INFO >> sigma: 10.30273979292864
Sep 02 06:40:51 INFO >> frequency: 75.67114251318202
Sep 02 06:40:51 INFO >> Injecting 6 harmonics.
Sep 02 06:40:51 INFO >> Starting DM: 164.5478392322034
Sep 02 06:40:51 INFO >> Stopping DM: 167.28018342609604
Sep 02 06:40:51 INFO >> Expected detection at 3.91 sigma with 4 harmonics.
Sep 02 06:41:05 INFO >> Start searching 6558 dm trials using 32 harmonics.
Sep 02 06:41:11 INFO >> Moved power spectra to shared memory.
Sep 02 06:41:11 INFO >> Number of dm trials in single multi processing job: 10
Sep 02 06:41:51 INFO >> Total number of detections=15577
Sep 02 06:41:51 INFO >> Clustering the detections
Sep 02 06:41:51 INFO >> Starting clustering
Sep 02 06:41:51 INFO >> Rogue harmonic power filter reduced detections from 15577 to 8519
Sep 02 06:41:51 INFO >> Filtering out duplicate freq,dm detections at multiple nharms removes 787 detections
Sep 02 06:41:51 INFO >> Duplicate freq,dm filter reduced detections to 7732
Sep 02 06:41:51 INFO >> Number of detections over threshold sigma (6.0): 7732
Sep 02 06:41:51 INFO >> Grouping duplicate frequencies together first
Sep 02 06:41:51 INFO >> Grouping duplicate frequencies removed 7214 detections from the harmonic metric computation
Sep 02 06:41:51 INFO >> Starting freq-DM distance metric computation
Sep 02 06:41:52 INFO >> Finished freq-DM distance metric computation
Sep 02 06:41:52 INFO >> Largest group size for metric computation is 97
Sep 02 06:41:52 INFO >> Starting harmonic distance metric computation
Sep 02 06:41:52 INFO >> Finished harmonic distance metric computation
Sep 02 06:41:52 INFO >> Starting DBSCAN
Sep 02 06:41:53 INFO >> Finished DBSCAN
Sep 02 06:41:53 INFO >> Clusters found: 75
Sep 02 06:41:53 INFO >> Filtered 32 clusters below or equal 2 DM.
Sep 02 06:41:53 INFO >> Total number of candidate clusters=0
Sep 02 06:41:53 INFO >> Candidate Processor of stack (315.95 49.23)
Sep 02 06:41:53 INFO >> Making SinglePointingCandidates from a list of 0 PowerSpectraDetectionClusters
Sep 02 06:41:55 INFO >> saved candidates to ./results//injections/315.95_49.23_cumulative_power_spectra_stack_20220627_11_tpa.yml_(114,)_candidates.npz
Sep 02 06:41:55 INFO >> Injected Pulsars:     1
Sep 02 06:41:55 INFO >> Injection Candidates: 0
Sep 02 06:41:55 INFO >> Recovered Injections: 0
Sep 02 06:41:55 INFO >> 0 candidates.
Sep 02 06:41:56 INFO >> Unlinked shared memory for cumulative stack.
Sep 02 06:41:56 INFO >> Pipeline execution time: 2.05 minutes
