Sep 02 20:22:20 INFO >> {"message": "Waiting for suitable server to become available", "selector": "Primary()", "operation": "find", "topologyDescription": "<TopologyDescription id: 66d61e7c6efb2e2e186042d8, topology_type: Unknown, servers: [<ServerDescription ('localhost', 27017) server_type: Unknown, rtt: None>]>", "clientId": {"$oid": "66d61e7c6efb2e2e186042d8"}, "remainingTimeMS": 29}
Sep 02 20:22:20 INFO >> Features initialized as the following:
Sep 02 20:22:20 INFO >> num_unique_dms
Sep 02 20:22:20 INFO >> num_unique_freqs
Sep 02 20:22:20 INFO >> ndetections
Sep 02 20:22:20 INFO >> nharm
Sep 02 20:22:20 INFO >> log_p_dm
Sep 02 20:22:20 INFO >> ['dm_sigma_FitGaussWidth_gauss_sigma', 'dm_sigma_FitGaussWidth_gauss_sigma_rel_err', 'dm_sigma_FitGaussWidth_ndof', 'dm_sigma_FitGaussWidth_rms_err']
Sep 02 20:22:20 INFO >> ['dm_sigma_FitGauss_amplitude', 'dm_sigma_FitGauss_mu', 'dm_sigma_FitGauss_gauss_sigma', 'dm_sigma_FitGauss_amplitude_rel_err', 'dm_sigma_FitGauss_mu_rel_err', 'dm_sigma_FitGauss_gauss_sigma_rel_err', 'dm_sigma_FitGauss_amplitude-detection', 'dm_sigma_FitGauss_mu-detection', 'dm_sigma_FitGauss_ndof', 'dm_sigma_FitGauss_rms_err']
Sep 02 20:22:20 INFO >> ['freq_sigma_FitGaussWidth_gauss_sigma', 'freq_sigma_FitGaussWidth_gauss_sigma_rel_err', 'freq_sigma_FitGaussWidth_ndof', 'freq_sigma_FitGaussWidth_rms_err']
Sep 02 20:22:20 INFO >> ['freq_sigma_FitGauss_amplitude', 'freq_sigma_FitGauss_mu', 'freq_sigma_FitGauss_gauss_sigma', 'freq_sigma_FitGauss_amplitude_rel_err', 'freq_sigma_FitGauss_mu_rel_err', 'freq_sigma_FitGauss_gauss_sigma_rel_err', 'freq_sigma_FitGauss_amplitude-detection', 'freq_sigma_FitGauss_mu-detection', 'freq_sigma_FitGauss_ndof', 'freq_sigma_FitGauss_rms_err']
Sep 02 20:22:20 INFO >> Performing searching on cumulative stack 315.95 49.23
Sep 02 20:22:20 INFO >> Loading the cumulative power spectra stack to search
Sep 02 20:23:18 INFO >> DM: 199.78277564841562
Sep 02 20:23:18 INFO >> sigma: 14.187540761773725
Sep 02 20:23:18 INFO >> frequency: 48.285695254585384
Sep 02 20:23:18 INFO >> Injecting 10 harmonics.
Sep 02 20:23:18 INFO >> Starting DM: 197.63956335823693
Sep 02 20:23:18 INFO >> Stopping DM: 201.88987654873662
Sep 02 20:23:18 INFO >> Expected detection at 10.65 sigma with 4 harmonics.
Sep 02 20:23:32 INFO >> Start searching 6558 dm trials using 32 harmonics.
Sep 02 20:23:37 INFO >> Moved power spectra to shared memory.
Sep 02 20:23:37 INFO >> Number of dm trials in single multi processing job: 10
Sep 02 20:24:18 INFO >> Total number of detections=15656
Sep 02 20:24:18 INFO >> Clustering the detections
Sep 02 20:24:18 INFO >> Starting clustering
Sep 02 20:24:18 INFO >> Rogue harmonic power filter reduced detections from 15656 to 8598
Sep 02 20:24:18 INFO >> Filtering out duplicate freq,dm detections at multiple nharms removes 813 detections
Sep 02 20:24:18 INFO >> Duplicate freq,dm filter reduced detections to 7785
Sep 02 20:24:18 INFO >> Number of detections over threshold sigma (6.0): 7785
Sep 02 20:24:18 INFO >> Grouping duplicate frequencies together first
Sep 02 20:24:18 INFO >> Grouping duplicate frequencies removed 7251 detections from the harmonic metric computation
Sep 02 20:24:18 INFO >> Starting freq-DM distance metric computation
Sep 02 20:24:19 INFO >> Finished freq-DM distance metric computation
Sep 02 20:24:19 INFO >> Largest group size for metric computation is 97
Sep 02 20:24:19 INFO >> Starting harmonic distance metric computation
Sep 02 20:24:19 INFO >> Finished harmonic distance metric computation
Sep 02 20:24:19 INFO >> Starting DBSCAN
Sep 02 20:24:20 INFO >> Finished DBSCAN
Sep 02 20:24:20 INFO >> Clusters found: 76
Sep 02 20:24:20 INFO >> Filtered 32 clusters below or equal 2 DM.
Sep 02 20:24:20 INFO >> Total number of candidate clusters=1
Sep 02 20:24:20 INFO >> Candidate Processor of stack (315.95 49.23)
Sep 02 20:24:20 INFO >> Making SinglePointingCandidates from a list of 1 PowerSpectraDetectionClusters
Sep 02 20:24:22 INFO >> saved candidates to ./results//injections/315.95_49.23_cumulative_power_spectra_stack_20220627_11_tpa.yml_(507,)_candidates.npz
Sep 02 20:24:22 INFO >> Injected Pulsars:     1
Sep 02 20:24:22 INFO >> Injection Candidates: 1
Sep 02 20:24:22 INFO >> Recovered Injections: 1
Sep 02 20:24:22 INFO >> 1 candidates.
Sep 02 20:24:22 INFO >> Best candidate: F0: 48.286 DM: 199.76 Sigma: 10.89
Sep 02 20:24:23 INFO >> Unlinked shared memory for cumulative stack.
Sep 02 20:24:23 INFO >> Pipeline execution time: 2.05 minutes
