Sep 02 19:44:39 INFO >> {"message": "Waiting for suitable server to become available", "selector": "Primary()", "operation": "find", "topologyDescription": "<TopologyDescription id: 66d615a77207459ffa7ecd8f, topology_type: Unknown, servers: [<ServerDescription ('localhost', 27017) server_type: Unknown, rtt: None>]>", "clientId": {"$oid": "66d615a77207459ffa7ecd8f"}, "remainingTimeMS": 29}
Sep 02 19:44:40 INFO >> Features initialized as the following:
Sep 02 19:44:40 INFO >> num_unique_dms
Sep 02 19:44:40 INFO >> num_unique_freqs
Sep 02 19:44:40 INFO >> ndetections
Sep 02 19:44:40 INFO >> nharm
Sep 02 19:44:40 INFO >> log_p_dm
Sep 02 19:44:40 INFO >> ['dm_sigma_FitGaussWidth_gauss_sigma', 'dm_sigma_FitGaussWidth_gauss_sigma_rel_err', 'dm_sigma_FitGaussWidth_ndof', 'dm_sigma_FitGaussWidth_rms_err']
Sep 02 19:44:40 INFO >> ['dm_sigma_FitGauss_amplitude', 'dm_sigma_FitGauss_mu', 'dm_sigma_FitGauss_gauss_sigma', 'dm_sigma_FitGauss_amplitude_rel_err', 'dm_sigma_FitGauss_mu_rel_err', 'dm_sigma_FitGauss_gauss_sigma_rel_err', 'dm_sigma_FitGauss_amplitude-detection', 'dm_sigma_FitGauss_mu-detection', 'dm_sigma_FitGauss_ndof', 'dm_sigma_FitGauss_rms_err']
Sep 02 19:44:40 INFO >> ['freq_sigma_FitGaussWidth_gauss_sigma', 'freq_sigma_FitGaussWidth_gauss_sigma_rel_err', 'freq_sigma_FitGaussWidth_ndof', 'freq_sigma_FitGaussWidth_rms_err']
Sep 02 19:44:40 INFO >> ['freq_sigma_FitGauss_amplitude', 'freq_sigma_FitGauss_mu', 'freq_sigma_FitGauss_gauss_sigma', 'freq_sigma_FitGauss_amplitude_rel_err', 'freq_sigma_FitGauss_mu_rel_err', 'freq_sigma_FitGauss_gauss_sigma_rel_err', 'freq_sigma_FitGauss_amplitude-detection', 'freq_sigma_FitGauss_mu-detection', 'freq_sigma_FitGauss_ndof', 'freq_sigma_FitGauss_rms_err']
Sep 02 19:44:40 INFO >> Performing searching on cumulative stack 315.95 49.23
Sep 02 19:44:40 INFO >> Loading the cumulative power spectra stack to search
Sep 02 19:45:37 INFO >> DM: 190.9100996678584
Sep 02 19:45:37 INFO >> sigma: 13.361508793957954
Sep 02 19:45:37 INFO >> frequency: 72.1181143900397
Sep 02 19:45:37 INFO >> Injecting 7 harmonics.
Sep 02 19:45:37 INFO >> Starting DM: 189.4425307765589
Sep 02 19:45:37 INFO >> Stopping DM: 192.37727083666584
Sep 02 19:45:37 INFO >> Expected detection at 9.29 sigma with 4 harmonics.
Sep 02 19:45:51 INFO >> Start searching 6558 dm trials using 32 harmonics.
Sep 02 19:45:57 INFO >> Moved power spectra to shared memory.
Sep 02 19:45:57 INFO >> Number of dm trials in single multi processing job: 10
Sep 02 19:46:38 INFO >> Total number of detections=15600
Sep 02 19:46:38 INFO >> Clustering the detections
Sep 02 19:46:38 INFO >> Starting clustering
Sep 02 19:46:38 INFO >> Rogue harmonic power filter reduced detections from 15600 to 8542
Sep 02 19:46:38 INFO >> Filtering out duplicate freq,dm detections at multiple nharms removes 793 detections
Sep 02 19:46:38 INFO >> Duplicate freq,dm filter reduced detections to 7749
Sep 02 19:46:38 INFO >> Number of detections over threshold sigma (6.0): 7749
Sep 02 19:46:38 INFO >> Grouping duplicate frequencies together first
Sep 02 19:46:38 INFO >> Grouping duplicate frequencies removed 7224 detections from the harmonic metric computation
Sep 02 19:46:38 INFO >> Starting freq-DM distance metric computation
Sep 02 19:46:38 INFO >> Finished freq-DM distance metric computation
Sep 02 19:46:38 INFO >> Largest group size for metric computation is 97
Sep 02 19:46:38 INFO >> Starting harmonic distance metric computation
Sep 02 19:46:39 INFO >> Finished harmonic distance metric computation
Sep 02 19:46:39 INFO >> Starting DBSCAN
Sep 02 19:46:39 INFO >> Finished DBSCAN
Sep 02 19:46:39 INFO >> Clusters found: 76
Sep 02 19:46:39 INFO >> Filtered 32 clusters below or equal 2 DM.
Sep 02 19:46:39 INFO >> Total number of candidate clusters=1
Sep 02 19:46:39 INFO >> Candidate Processor of stack (315.95 49.23)
Sep 02 19:46:39 INFO >> Making SinglePointingCandidates from a list of 1 PowerSpectraDetectionClusters
Sep 02 19:46:41 INFO >> saved candidates to ./results//injections/315.95_49.23_cumulative_power_spectra_stack_20220627_11_tpa.yml_(489,)_candidates.npz
Sep 02 19:46:41 INFO >> Injected Pulsars:     1
Sep 02 19:46:41 INFO >> Injection Candidates: 1
Sep 02 19:46:41 INFO >> Recovered Injections: 1
Sep 02 19:46:41 INFO >> 1 candidates.
Sep 02 19:46:41 INFO >> Best candidate: F0: 72.118 DM: 190.86 Sigma: 10.37
Sep 02 19:46:43 INFO >> Unlinked shared memory for cumulative stack.
Sep 02 19:46:43 INFO >> Pipeline execution time: 2.06 minutes
