Sep 02 08:26:34 INFO >> {"message": "Waiting for suitable server to become available", "selector": "Primary()", "operation": "find", "topologyDescription": "<TopologyDescription id: 66d576baca96b378f8c8bd63, topology_type: Unknown, servers: [<ServerDescription ('localhost', 27017) server_type: Unknown, rtt: None>]>", "clientId": {"$oid": "66d576baca96b378f8c8bd63"}, "remainingTimeMS": 29}
Sep 02 08:26:34 INFO >> Features initialized as the following:
Sep 02 08:26:34 INFO >> num_unique_dms
Sep 02 08:26:34 INFO >> num_unique_freqs
Sep 02 08:26:34 INFO >> ndetections
Sep 02 08:26:34 INFO >> nharm
Sep 02 08:26:34 INFO >> log_p_dm
Sep 02 08:26:34 INFO >> ['dm_sigma_FitGaussWidth_gauss_sigma', 'dm_sigma_FitGaussWidth_gauss_sigma_rel_err', 'dm_sigma_FitGaussWidth_ndof', 'dm_sigma_FitGaussWidth_rms_err']
Sep 02 08:26:34 INFO >> ['dm_sigma_FitGauss_amplitude', 'dm_sigma_FitGauss_mu', 'dm_sigma_FitGauss_gauss_sigma', 'dm_sigma_FitGauss_amplitude_rel_err', 'dm_sigma_FitGauss_mu_rel_err', 'dm_sigma_FitGauss_gauss_sigma_rel_err', 'dm_sigma_FitGauss_amplitude-detection', 'dm_sigma_FitGauss_mu-detection', 'dm_sigma_FitGauss_ndof', 'dm_sigma_FitGauss_rms_err']
Sep 02 08:26:34 INFO >> ['freq_sigma_FitGaussWidth_gauss_sigma', 'freq_sigma_FitGaussWidth_gauss_sigma_rel_err', 'freq_sigma_FitGaussWidth_ndof', 'freq_sigma_FitGaussWidth_rms_err']
Sep 02 08:26:34 INFO >> ['freq_sigma_FitGauss_amplitude', 'freq_sigma_FitGauss_mu', 'freq_sigma_FitGauss_gauss_sigma', 'freq_sigma_FitGauss_amplitude_rel_err', 'freq_sigma_FitGauss_mu_rel_err', 'freq_sigma_FitGauss_gauss_sigma_rel_err', 'freq_sigma_FitGauss_amplitude-detection', 'freq_sigma_FitGauss_mu-detection', 'freq_sigma_FitGauss_ndof', 'freq_sigma_FitGauss_rms_err']
Sep 02 08:26:35 INFO >> Performing searching on cumulative stack 315.95 49.23
Sep 02 08:26:35 INFO >> Loading the cumulative power spectra stack to search
Sep 02 08:27:32 INFO >> DM: 49.494088218095506
Sep 02 08:27:32 INFO >> sigma: 14.635177726483512
Sep 02 08:27:32 INFO >> frequency: 42.21024826869615
Sep 02 08:27:32 INFO >> Injecting 12 harmonics.
Sep 02 08:27:32 INFO >> Starting DM: 47.05703889481831
Sep 02 08:27:32 INFO >> Stopping DM: 51.91453968396085
Sep 02 08:27:32 INFO >> Expected detection at 14.82 sigma with 8 harmonics.
Sep 02 08:27:46 INFO >> Start searching 6558 dm trials using 32 harmonics.
Sep 02 08:27:51 INFO >> Moved power spectra to shared memory.
Sep 02 08:27:51 INFO >> Number of dm trials in single multi processing job: 10
Sep 02 08:28:32 INFO >> Total number of detections=16050
Sep 02 08:28:32 INFO >> Clustering the detections
Sep 02 08:28:32 INFO >> Starting clustering
Sep 02 08:28:33 INFO >> Rogue harmonic power filter reduced detections from 16050 to 8594
Sep 02 08:28:33 INFO >> Filtering out duplicate freq,dm detections at multiple nharms removes 816 detections
Sep 02 08:28:33 INFO >> Duplicate freq,dm filter reduced detections to 7778
Sep 02 08:28:33 INFO >> Number of detections over threshold sigma (6.0): 7778
Sep 02 08:28:33 INFO >> Grouping duplicate frequencies together first
Sep 02 08:28:33 INFO >> Grouping duplicate frequencies removed 7251 detections from the harmonic metric computation
Sep 02 08:28:33 INFO >> Starting freq-DM distance metric computation
Sep 02 08:28:33 INFO >> Finished freq-DM distance metric computation
Sep 02 08:28:33 INFO >> Largest group size for metric computation is 97
Sep 02 08:28:33 INFO >> Starting harmonic distance metric computation
Sep 02 08:28:34 INFO >> Finished harmonic distance metric computation
Sep 02 08:28:34 INFO >> Starting DBSCAN
Sep 02 08:28:34 INFO >> Finished DBSCAN
Sep 02 08:28:34 INFO >> Clusters found: 77
Sep 02 08:28:34 INFO >> Filtered 32 clusters below or equal 2 DM.
Sep 02 08:28:34 INFO >> Total number of candidate clusters=2
Sep 02 08:28:34 INFO >> Candidate Processor of stack (315.95 49.23)
Sep 02 08:28:34 INFO >> Making SinglePointingCandidates from a list of 2 PowerSpectraDetectionClusters
Sep 02 08:28:37 INFO >> saved candidates to ./results//injections/315.95_49.23_cumulative_power_spectra_stack_20220627_11_tpa.yml_(165,)_candidates.npz
Sep 02 08:28:37 INFO >> Injected Pulsars:     1
Sep 02 08:28:37 INFO >> Injection Candidates: 2
Sep 02 08:28:37 INFO >> Recovered Injections: 1
Sep 02 08:28:37 INFO >> 2 candidates.
Sep 02 08:28:37 INFO >> Best candidate: F0: 42.210 DM: 49.49 Sigma: 14.80
Sep 02 08:28:38 INFO >> Unlinked shared memory for cumulative stack.
Sep 02 08:28:38 INFO >> Pipeline execution time: 2.06 minutes
