Sep 02 08:37:02 INFO >> {"message": "Waiting for suitable server to become available", "selector": "Primary()", "operation": "find", "topologyDescription": "<TopologyDescription id: 66d5792e2bcbc4612f255eb4, topology_type: Unknown, servers: [<ServerDescription ('localhost', 27017) server_type: Unknown, rtt: None>]>", "clientId": {"$oid": "66d5792e2bcbc4612f255eb4"}, "remainingTimeMS": 29}
Sep 02 08:37:03 INFO >> Features initialized as the following:
Sep 02 08:37:03 INFO >> num_unique_dms
Sep 02 08:37:03 INFO >> num_unique_freqs
Sep 02 08:37:03 INFO >> ndetections
Sep 02 08:37:03 INFO >> nharm
Sep 02 08:37:03 INFO >> log_p_dm
Sep 02 08:37:03 INFO >> ['dm_sigma_FitGaussWidth_gauss_sigma', 'dm_sigma_FitGaussWidth_gauss_sigma_rel_err', 'dm_sigma_FitGaussWidth_ndof', 'dm_sigma_FitGaussWidth_rms_err']
Sep 02 08:37:03 INFO >> ['dm_sigma_FitGauss_amplitude', 'dm_sigma_FitGauss_mu', 'dm_sigma_FitGauss_gauss_sigma', 'dm_sigma_FitGauss_amplitude_rel_err', 'dm_sigma_FitGauss_mu_rel_err', 'dm_sigma_FitGauss_gauss_sigma_rel_err', 'dm_sigma_FitGauss_amplitude-detection', 'dm_sigma_FitGauss_mu-detection', 'dm_sigma_FitGauss_ndof', 'dm_sigma_FitGauss_rms_err']
Sep 02 08:37:03 INFO >> ['freq_sigma_FitGaussWidth_gauss_sigma', 'freq_sigma_FitGaussWidth_gauss_sigma_rel_err', 'freq_sigma_FitGaussWidth_ndof', 'freq_sigma_FitGaussWidth_rms_err']
Sep 02 08:37:03 INFO >> ['freq_sigma_FitGauss_amplitude', 'freq_sigma_FitGauss_mu', 'freq_sigma_FitGauss_gauss_sigma', 'freq_sigma_FitGauss_amplitude_rel_err', 'freq_sigma_FitGauss_mu_rel_err', 'freq_sigma_FitGauss_gauss_sigma_rel_err', 'freq_sigma_FitGauss_amplitude-detection', 'freq_sigma_FitGauss_mu-detection', 'freq_sigma_FitGauss_ndof', 'freq_sigma_FitGauss_rms_err']
Sep 02 08:37:03 INFO >> Performing searching on cumulative stack 315.95 49.23
Sep 02 08:37:03 INFO >> Loading the cumulative power spectra stack to search
Sep 02 08:38:00 INFO >> DM: 4.141553341659008
Sep 02 08:38:00 INFO >> sigma: 14.651137372727955
Sep 02 08:38:00 INFO >> frequency: 38.70085777238138
Sep 02 08:38:00 INFO >> Injecting 13 harmonics.
Sep 02 08:38:00 INFO >> Starting DM: 1.5179689966070422
Sep 02 08:38:00 INFO >> Stopping DM: 6.780261518178122
Sep 02 08:38:00 INFO >> Expected detection at 13.19 sigma with 8 harmonics.
Sep 02 08:38:15 INFO >> Start searching 6558 dm trials using 32 harmonics.
Sep 02 08:38:20 INFO >> Moved power spectra to shared memory.
Sep 02 08:38:20 INFO >> Number of dm trials in single multi processing job: 10
Sep 02 08:39:01 INFO >> Total number of detections=15642
Sep 02 08:39:01 INFO >> Clustering the detections
Sep 02 08:39:01 INFO >> Starting clustering
Sep 02 08:39:01 INFO >> Rogue harmonic power filter reduced detections from 15642 to 8584
Sep 02 08:39:01 INFO >> Filtering out duplicate freq,dm detections at multiple nharms removes 810 detections
Sep 02 08:39:01 INFO >> Duplicate freq,dm filter reduced detections to 7774
Sep 02 08:39:01 INFO >> Number of detections over threshold sigma (6.0): 7774
Sep 02 08:39:01 INFO >> Grouping duplicate frequencies together first
Sep 02 08:39:01 INFO >> Grouping duplicate frequencies removed 7239 detections from the harmonic metric computation
Sep 02 08:39:01 INFO >> Starting freq-DM distance metric computation
Sep 02 08:39:01 INFO >> Finished freq-DM distance metric computation
Sep 02 08:39:01 INFO >> Largest group size for metric computation is 97
Sep 02 08:39:01 INFO >> Starting harmonic distance metric computation
Sep 02 08:39:02 INFO >> Finished harmonic distance metric computation
Sep 02 08:39:02 INFO >> Starting DBSCAN
Sep 02 08:39:02 INFO >> Finished DBSCAN
Sep 02 08:39:02 INFO >> Clusters found: 76
Sep 02 08:39:02 INFO >> Filtered 32 clusters below or equal 2 DM.
Sep 02 08:39:02 INFO >> Total number of candidate clusters=1
Sep 02 08:39:02 INFO >> Candidate Processor of stack (315.95 49.23)
Sep 02 08:39:02 INFO >> Making SinglePointingCandidates from a list of 1 PowerSpectraDetectionClusters
Sep 02 08:39:04 INFO >> saved candidates to ./results//injections/315.95_49.23_cumulative_power_spectra_stack_20220627_11_tpa.yml_(170,)_candidates.npz
Sep 02 08:39:04 INFO >> Injected Pulsars:     1
Sep 02 08:39:04 INFO >> Injection Candidates: 1
Sep 02 08:39:04 INFO >> Recovered Injections: 1
Sep 02 08:39:04 INFO >> 1 candidates.
Sep 02 08:39:04 INFO >> Best candidate: F0: 38.701 DM: 4.15 Sigma: 12.68
Sep 02 08:39:06 INFO >> Unlinked shared memory for cumulative stack.
Sep 02 08:39:06 INFO >> Pipeline execution time: 2.06 minutes
