Sep 02 06:50:20 INFO >> {"message": "Waiting for suitable server to become available", "selector": "Primary()", "operation": "find", "topologyDescription": "<TopologyDescription id: 66d5602c1af4ccf23ce8dbc2, topology_type: Unknown, servers: [<ServerDescription ('localhost', 27017) server_type: Unknown, rtt: None>]>", "clientId": {"$oid": "66d5602c1af4ccf23ce8dbc2"}, "remainingTimeMS": 29}
Sep 02 06:50:20 INFO >> Features initialized as the following:
Sep 02 06:50:20 INFO >> num_unique_dms
Sep 02 06:50:20 INFO >> num_unique_freqs
Sep 02 06:50:20 INFO >> ndetections
Sep 02 06:50:20 INFO >> nharm
Sep 02 06:50:20 INFO >> log_p_dm
Sep 02 06:50:20 INFO >> ['dm_sigma_FitGaussWidth_gauss_sigma', 'dm_sigma_FitGaussWidth_gauss_sigma_rel_err', 'dm_sigma_FitGaussWidth_ndof', 'dm_sigma_FitGaussWidth_rms_err']
Sep 02 06:50:20 INFO >> ['dm_sigma_FitGauss_amplitude', 'dm_sigma_FitGauss_mu', 'dm_sigma_FitGauss_gauss_sigma', 'dm_sigma_FitGauss_amplitude_rel_err', 'dm_sigma_FitGauss_mu_rel_err', 'dm_sigma_FitGauss_gauss_sigma_rel_err', 'dm_sigma_FitGauss_amplitude-detection', 'dm_sigma_FitGauss_mu-detection', 'dm_sigma_FitGauss_ndof', 'dm_sigma_FitGauss_rms_err']
Sep 02 06:50:20 INFO >> ['freq_sigma_FitGaussWidth_gauss_sigma', 'freq_sigma_FitGaussWidth_gauss_sigma_rel_err', 'freq_sigma_FitGaussWidth_ndof', 'freq_sigma_FitGaussWidth_rms_err']
Sep 02 06:50:20 INFO >> ['freq_sigma_FitGauss_amplitude', 'freq_sigma_FitGauss_mu', 'freq_sigma_FitGauss_gauss_sigma', 'freq_sigma_FitGauss_amplitude_rel_err', 'freq_sigma_FitGauss_mu_rel_err', 'freq_sigma_FitGauss_gauss_sigma_rel_err', 'freq_sigma_FitGauss_amplitude-detection', 'freq_sigma_FitGauss_mu-detection', 'freq_sigma_FitGauss_ndof', 'freq_sigma_FitGauss_rms_err']
Sep 02 06:50:20 INFO >> Performing searching on cumulative stack 315.95 49.23
Sep 02 06:50:20 INFO >> Loading the cumulative power spectra stack to search
Sep 02 06:51:18 INFO >> DM: 37.033301843700826
Sep 02 06:51:18 INFO >> sigma: 11.7756828251643
Sep 02 06:51:18 INFO >> frequency: 28.767171472509848
Sep 02 06:51:18 INFO >> Injecting 17 harmonics.
Sep 02 06:51:18 INFO >> Starting DM: 33.49651585846206
Sep 02 06:51:18 INFO >> Stopping DM: 40.5803711759616
Sep 02 06:51:18 INFO >> Expected detection at 9.82 sigma with 16 harmonics.
Sep 02 06:51:32 INFO >> Start searching 6558 dm trials using 32 harmonics.
Sep 02 06:51:37 INFO >> Moved power spectra to shared memory.
Sep 02 06:51:37 INFO >> Number of dm trials in single multi processing job: 10
Sep 02 06:52:18 INFO >> Total number of detections=15591
Sep 02 06:52:18 INFO >> Clustering the detections
Sep 02 06:52:18 INFO >> Starting clustering
Sep 02 06:52:18 INFO >> Rogue harmonic power filter reduced detections from 15591 to 8533
Sep 02 06:52:18 INFO >> Filtering out duplicate freq,dm detections at multiple nharms removes 793 detections
Sep 02 06:52:18 INFO >> Duplicate freq,dm filter reduced detections to 7740
Sep 02 06:52:18 INFO >> Number of detections over threshold sigma (6.0): 7740
Sep 02 06:52:18 INFO >> Grouping duplicate frequencies together first
Sep 02 06:52:18 INFO >> Grouping duplicate frequencies removed 7218 detections from the harmonic metric computation
Sep 02 06:52:18 INFO >> Starting freq-DM distance metric computation
Sep 02 06:52:18 INFO >> Finished freq-DM distance metric computation
Sep 02 06:52:19 INFO >> Largest group size for metric computation is 97
Sep 02 06:52:19 INFO >> Starting harmonic distance metric computation
Sep 02 06:52:19 INFO >> Finished harmonic distance metric computation
Sep 02 06:52:19 INFO >> Starting DBSCAN
Sep 02 06:52:20 INFO >> Finished DBSCAN
Sep 02 06:52:20 INFO >> Clusters found: 76
Sep 02 06:52:20 INFO >> Filtered 32 clusters below or equal 2 DM.
Sep 02 06:52:20 INFO >> Total number of candidate clusters=1
Sep 02 06:52:20 INFO >> Candidate Processor of stack (315.95 49.23)
Sep 02 06:52:20 INFO >> Making SinglePointingCandidates from a list of 1 PowerSpectraDetectionClusters
Sep 02 06:52:22 INFO >> saved candidates to ./results//injections/315.95_49.23_cumulative_power_spectra_stack_20220627_11_tpa.yml_(119,)_candidates.npz
Sep 02 06:52:22 INFO >> Injected Pulsars:     1
Sep 02 06:52:22 INFO >> Injection Candidates: 1
Sep 02 06:52:22 INFO >> Recovered Injections: 1
Sep 02 06:52:22 INFO >> 1 candidates.
Sep 02 06:52:22 INFO >> Best candidate: F0: 28.767 DM: 37.04 Sigma: 10.59
Sep 02 06:52:23 INFO >> Unlinked shared memory for cumulative stack.
Sep 02 06:52:23 INFO >> Pipeline execution time: 2.05 minutes
