Sep 02 06:10:34 INFO >> {"message": "Waiting for suitable server to become available", "selector": "Primary()", "operation": "find", "topologyDescription": "<TopologyDescription id: 66d556da61e635d6e12e0a73, topology_type: Unknown, servers: [<ServerDescription ('localhost', 27017) server_type: Unknown, rtt: None>]>", "clientId": {"$oid": "66d556da61e635d6e12e0a73"}, "remainingTimeMS": 29}
Sep 02 06:10:34 INFO >> Features initialized as the following:
Sep 02 06:10:34 INFO >> num_unique_dms
Sep 02 06:10:34 INFO >> num_unique_freqs
Sep 02 06:10:34 INFO >> ndetections
Sep 02 06:10:34 INFO >> nharm
Sep 02 06:10:34 INFO >> log_p_dm
Sep 02 06:10:34 INFO >> ['dm_sigma_FitGaussWidth_gauss_sigma', 'dm_sigma_FitGaussWidth_gauss_sigma_rel_err', 'dm_sigma_FitGaussWidth_ndof', 'dm_sigma_FitGaussWidth_rms_err']
Sep 02 06:10:34 INFO >> ['dm_sigma_FitGauss_amplitude', 'dm_sigma_FitGauss_mu', 'dm_sigma_FitGauss_gauss_sigma', 'dm_sigma_FitGauss_amplitude_rel_err', 'dm_sigma_FitGauss_mu_rel_err', 'dm_sigma_FitGauss_gauss_sigma_rel_err', 'dm_sigma_FitGauss_amplitude-detection', 'dm_sigma_FitGauss_mu-detection', 'dm_sigma_FitGauss_ndof', 'dm_sigma_FitGauss_rms_err']
Sep 02 06:10:34 INFO >> ['freq_sigma_FitGaussWidth_gauss_sigma', 'freq_sigma_FitGaussWidth_gauss_sigma_rel_err', 'freq_sigma_FitGaussWidth_ndof', 'freq_sigma_FitGaussWidth_rms_err']
Sep 02 06:10:34 INFO >> ['freq_sigma_FitGauss_amplitude', 'freq_sigma_FitGauss_mu', 'freq_sigma_FitGauss_gauss_sigma', 'freq_sigma_FitGauss_amplitude_rel_err', 'freq_sigma_FitGauss_mu_rel_err', 'freq_sigma_FitGauss_gauss_sigma_rel_err', 'freq_sigma_FitGauss_amplitude-detection', 'freq_sigma_FitGauss_mu-detection', 'freq_sigma_FitGauss_ndof', 'freq_sigma_FitGauss_rms_err']
Sep 02 06:10:34 INFO >> Performing searching on cumulative stack 315.95 49.23
Sep 02 06:10:34 INFO >> Loading the cumulative power spectra stack to search
Sep 02 06:11:31 INFO >> DM: 104.99348056841004
Sep 02 06:11:31 INFO >> sigma: 11.55676629417523
Sep 02 06:11:31 INFO >> frequency: 40.00597471087134
Sep 02 06:11:31 INFO >> Injecting 12 harmonics.
Sep 02 06:11:31 INFO >> Starting DM: 102.41230830442179
Sep 02 06:11:31 INFO >> Stopping DM: 107.57340289288572
Sep 02 06:11:31 INFO >> Expected detection at 8.75 sigma with 8 harmonics.
Sep 02 06:11:45 INFO >> Start searching 6558 dm trials using 32 harmonics.
Sep 02 06:11:51 INFO >> Moved power spectra to shared memory.
Sep 02 06:11:51 INFO >> Number of dm trials in single multi processing job: 10
Sep 02 06:12:32 INFO >> Total number of detections=15583
Sep 02 06:12:32 INFO >> Clustering the detections
Sep 02 06:12:32 INFO >> Starting clustering
Sep 02 06:12:32 INFO >> Rogue harmonic power filter reduced detections from 15583 to 8525
Sep 02 06:12:32 INFO >> Filtering out duplicate freq,dm detections at multiple nharms removes 787 detections
Sep 02 06:12:32 INFO >> Duplicate freq,dm filter reduced detections to 7738
Sep 02 06:12:32 INFO >> Number of detections over threshold sigma (6.0): 7738
Sep 02 06:12:32 INFO >> Grouping duplicate frequencies together first
Sep 02 06:12:32 INFO >> Grouping duplicate frequencies removed 7217 detections from the harmonic metric computation
Sep 02 06:12:32 INFO >> Starting freq-DM distance metric computation
Sep 02 06:12:32 INFO >> Finished freq-DM distance metric computation
Sep 02 06:12:33 INFO >> Largest group size for metric computation is 97
Sep 02 06:12:33 INFO >> Starting harmonic distance metric computation
Sep 02 06:12:33 INFO >> Finished harmonic distance metric computation
Sep 02 06:12:33 INFO >> Starting DBSCAN
Sep 02 06:12:34 INFO >> Finished DBSCAN
Sep 02 06:12:34 INFO >> Clusters found: 76
Sep 02 06:12:34 INFO >> Filtered 32 clusters below or equal 2 DM.
Sep 02 06:12:34 INFO >> Total number of candidate clusters=1
Sep 02 06:12:34 INFO >> Candidate Processor of stack (315.95 49.23)
Sep 02 06:12:34 INFO >> Making SinglePointingCandidates from a list of 1 PowerSpectraDetectionClusters
Sep 02 06:12:36 INFO >> saved candidates to ./results//injections/315.95_49.23_cumulative_power_spectra_stack_20220627_11_tpa.yml_(100,)_candidates.npz
Sep 02 06:12:36 INFO >> Injected Pulsars:     1
Sep 02 06:12:36 INFO >> Injection Candidates: 1
Sep 02 06:12:36 INFO >> Recovered Injections: 1
Sep 02 06:12:36 INFO >> 1 candidates.
Sep 02 06:12:36 INFO >> Best candidate: F0: 40.006 DM: 104.94 Sigma: 8.11
Sep 02 06:12:37 INFO >> Unlinked shared memory for cumulative stack.
Sep 02 06:12:37 INFO >> Pipeline execution time: 2.05 minutes
