Sep 02 07:21:44 INFO >> {"message": "Waiting for suitable server to become available", "selector": "Primary()", "operation": "find", "topologyDescription": "<TopologyDescription id: 66d56788dfff76aa972da37c, topology_type: Unknown, servers: [<ServerDescription ('localhost', 27017) server_type: Unknown, rtt: None>]>", "clientId": {"$oid": "66d56788dfff76aa972da37c"}, "remainingTimeMS": 29}
Sep 02 07:21:44 INFO >> Features initialized as the following:
Sep 02 07:21:44 INFO >> num_unique_dms
Sep 02 07:21:44 INFO >> num_unique_freqs
Sep 02 07:21:44 INFO >> ndetections
Sep 02 07:21:44 INFO >> nharm
Sep 02 07:21:44 INFO >> log_p_dm
Sep 02 07:21:44 INFO >> ['dm_sigma_FitGaussWidth_gauss_sigma', 'dm_sigma_FitGaussWidth_gauss_sigma_rel_err', 'dm_sigma_FitGaussWidth_ndof', 'dm_sigma_FitGaussWidth_rms_err']
Sep 02 07:21:44 INFO >> ['dm_sigma_FitGauss_amplitude', 'dm_sigma_FitGauss_mu', 'dm_sigma_FitGauss_gauss_sigma', 'dm_sigma_FitGauss_amplitude_rel_err', 'dm_sigma_FitGauss_mu_rel_err', 'dm_sigma_FitGauss_gauss_sigma_rel_err', 'dm_sigma_FitGauss_amplitude-detection', 'dm_sigma_FitGauss_mu-detection', 'dm_sigma_FitGauss_ndof', 'dm_sigma_FitGauss_rms_err']
Sep 02 07:21:44 INFO >> ['freq_sigma_FitGaussWidth_gauss_sigma', 'freq_sigma_FitGaussWidth_gauss_sigma_rel_err', 'freq_sigma_FitGaussWidth_ndof', 'freq_sigma_FitGaussWidth_rms_err']
Sep 02 07:21:44 INFO >> ['freq_sigma_FitGauss_amplitude', 'freq_sigma_FitGauss_mu', 'freq_sigma_FitGauss_gauss_sigma', 'freq_sigma_FitGauss_amplitude_rel_err', 'freq_sigma_FitGauss_mu_rel_err', 'freq_sigma_FitGauss_gauss_sigma_rel_err', 'freq_sigma_FitGauss_amplitude-detection', 'freq_sigma_FitGauss_mu-detection', 'freq_sigma_FitGauss_ndof', 'freq_sigma_FitGauss_rms_err']
Sep 02 07:21:45 INFO >> Performing searching on cumulative stack 315.95 49.23
Sep 02 07:21:45 INFO >> Loading the cumulative power spectra stack to search
Sep 02 07:22:42 INFO >> DM: 30.288916952651586
Sep 02 07:22:42 INFO >> sigma: 10.951588732882726
Sep 02 07:22:42 INFO >> frequency: 77.02091841390761
Sep 02 07:22:42 INFO >> Injecting 6 harmonics.
Sep 02 07:22:42 INFO >> Starting DM: 28.94260886864094
Sep 02 07:22:42 INFO >> Stopping DM: 31.674953062533618
Sep 02 07:22:42 INFO >> Expected detection at 7.63 sigma with 4 harmonics.
Sep 02 07:22:56 INFO >> Start searching 6558 dm trials using 32 harmonics.
Sep 02 07:23:02 INFO >> Moved power spectra to shared memory.
Sep 02 07:23:02 INFO >> Number of dm trials in single multi processing job: 10
Sep 02 07:23:43 INFO >> Total number of detections=15587
Sep 02 07:23:43 INFO >> Clustering the detections
Sep 02 07:23:43 INFO >> Starting clustering
Sep 02 07:23:43 INFO >> Rogue harmonic power filter reduced detections from 15587 to 8529
Sep 02 07:23:43 INFO >> Filtering out duplicate freq,dm detections at multiple nharms removes 790 detections
Sep 02 07:23:43 INFO >> Duplicate freq,dm filter reduced detections to 7739
Sep 02 07:23:43 INFO >> Number of detections over threshold sigma (6.0): 7739
Sep 02 07:23:43 INFO >> Grouping duplicate frequencies together first
Sep 02 07:23:43 INFO >> Grouping duplicate frequencies removed 7216 detections from the harmonic metric computation
Sep 02 07:23:43 INFO >> Starting freq-DM distance metric computation
Sep 02 07:23:43 INFO >> Finished freq-DM distance metric computation
Sep 02 07:23:43 INFO >> Largest group size for metric computation is 97
Sep 02 07:23:43 INFO >> Starting harmonic distance metric computation
Sep 02 07:23:44 INFO >> Finished harmonic distance metric computation
Sep 02 07:23:44 INFO >> Starting DBSCAN
Sep 02 07:23:44 INFO >> Finished DBSCAN
Sep 02 07:23:44 INFO >> Clusters found: 76
Sep 02 07:23:44 INFO >> Filtered 32 clusters below or equal 2 DM.
Sep 02 07:23:44 INFO >> Total number of candidate clusters=1
Sep 02 07:23:44 INFO >> Candidate Processor of stack (315.95 49.23)
Sep 02 07:23:44 INFO >> Making SinglePointingCandidates from a list of 1 PowerSpectraDetectionClusters
Sep 02 07:23:46 INFO >> saved candidates to ./results//injections/315.95_49.23_cumulative_power_spectra_stack_20220627_11_tpa.yml_(134,)_candidates.npz
Sep 02 07:23:46 INFO >> Injected Pulsars:     1
Sep 02 07:23:46 INFO >> Injection Candidates: 1
Sep 02 07:23:46 INFO >> Recovered Injections: 1
Sep 02 07:23:46 INFO >> 1 candidates.
Sep 02 07:23:46 INFO >> Best candidate: F0: 77.021 DM: 30.26 Sigma: 8.96
Sep 02 07:23:48 INFO >> Unlinked shared memory for cumulative stack.
Sep 02 07:23:48 INFO >> Pipeline execution time: 2.06 minutes
