Sep 02 11:11:54 INFO >> {"message": "Waiting for suitable server to become available", "selector": "Primary()", "operation": "find", "topologyDescription": "<TopologyDescription id: 66d59d7a626f5b6df2b04df2, topology_type: Unknown, servers: [<ServerDescription ('localhost', 27017) server_type: Unknown, rtt: None>]>", "clientId": {"$oid": "66d59d7a626f5b6df2b04df2"}, "remainingTimeMS": 29}
Sep 02 11:11:54 INFO >> Features initialized as the following:
Sep 02 11:11:54 INFO >> num_unique_dms
Sep 02 11:11:54 INFO >> num_unique_freqs
Sep 02 11:11:54 INFO >> ndetections
Sep 02 11:11:54 INFO >> nharm
Sep 02 11:11:54 INFO >> log_p_dm
Sep 02 11:11:54 INFO >> ['dm_sigma_FitGaussWidth_gauss_sigma', 'dm_sigma_FitGaussWidth_gauss_sigma_rel_err', 'dm_sigma_FitGaussWidth_ndof', 'dm_sigma_FitGaussWidth_rms_err']
Sep 02 11:11:54 INFO >> ['dm_sigma_FitGauss_amplitude', 'dm_sigma_FitGauss_mu', 'dm_sigma_FitGauss_gauss_sigma', 'dm_sigma_FitGauss_amplitude_rel_err', 'dm_sigma_FitGauss_mu_rel_err', 'dm_sigma_FitGauss_gauss_sigma_rel_err', 'dm_sigma_FitGauss_amplitude-detection', 'dm_sigma_FitGauss_mu-detection', 'dm_sigma_FitGauss_ndof', 'dm_sigma_FitGauss_rms_err']
Sep 02 11:11:54 INFO >> ['freq_sigma_FitGaussWidth_gauss_sigma', 'freq_sigma_FitGaussWidth_gauss_sigma_rel_err', 'freq_sigma_FitGaussWidth_ndof', 'freq_sigma_FitGaussWidth_rms_err']
Sep 02 11:11:54 INFO >> ['freq_sigma_FitGauss_amplitude', 'freq_sigma_FitGauss_mu', 'freq_sigma_FitGauss_gauss_sigma', 'freq_sigma_FitGauss_amplitude_rel_err', 'freq_sigma_FitGauss_mu_rel_err', 'freq_sigma_FitGauss_gauss_sigma_rel_err', 'freq_sigma_FitGauss_amplitude-detection', 'freq_sigma_FitGauss_mu-detection', 'freq_sigma_FitGauss_ndof', 'freq_sigma_FitGauss_rms_err']
Sep 02 11:11:54 INFO >> Performing searching on cumulative stack 315.95 49.23
Sep 02 11:11:54 INFO >> Loading the cumulative power spectra stack to search
Sep 02 11:12:51 INFO >> DM: 127.72175734636768
Sep 02 11:12:51 INFO >> sigma: 12.187310273871411
Sep 02 11:12:51 INFO >> frequency: 78.97986379159191
Sep 02 11:12:51 INFO >> Injecting 6 harmonics.
Sep 02 11:12:51 INFO >> Starting DM: 126.39621845081304
Sep 02 11:12:51 INFO >> Stopping DM: 129.0273647115986
Sep 02 11:12:51 INFO >> Expected detection at 7.72 sigma with 4 harmonics.
Sep 02 11:13:05 INFO >> Start searching 6558 dm trials using 32 harmonics.
Sep 02 11:13:11 INFO >> Moved power spectra to shared memory.
Sep 02 11:13:11 INFO >> Number of dm trials in single multi processing job: 10
Sep 02 11:13:51 INFO >> Total number of detections=15579
Sep 02 11:13:51 INFO >> Clustering the detections
Sep 02 11:13:51 INFO >> Starting clustering
Sep 02 11:13:52 INFO >> Rogue harmonic power filter reduced detections from 15579 to 8521
Sep 02 11:13:52 INFO >> Filtering out duplicate freq,dm detections at multiple nharms removes 787 detections
Sep 02 11:13:52 INFO >> Duplicate freq,dm filter reduced detections to 7734
Sep 02 11:13:52 INFO >> Number of detections over threshold sigma (6.0): 7734
Sep 02 11:13:52 INFO >> Grouping duplicate frequencies together first
Sep 02 11:13:52 INFO >> Grouping duplicate frequencies removed 7215 detections from the harmonic metric computation
Sep 02 11:13:52 INFO >> Starting freq-DM distance metric computation
Sep 02 11:13:52 INFO >> Finished freq-DM distance metric computation
Sep 02 11:13:52 INFO >> Largest group size for metric computation is 97
Sep 02 11:13:52 INFO >> Starting harmonic distance metric computation
Sep 02 11:13:53 INFO >> Finished harmonic distance metric computation
Sep 02 11:13:53 INFO >> Starting DBSCAN
Sep 02 11:13:53 INFO >> Finished DBSCAN
Sep 02 11:13:53 INFO >> Clusters found: 75
Sep 02 11:13:53 INFO >> Filtered 32 clusters below or equal 2 DM.
Sep 02 11:13:53 INFO >> Total number of candidate clusters=0
Sep 02 11:13:53 INFO >> Candidate Processor of stack (315.95 49.23)
Sep 02 11:13:53 INFO >> Making SinglePointingCandidates from a list of 0 PowerSpectraDetectionClusters
Sep 02 11:13:55 INFO >> saved candidates to ./results//injections/315.95_49.23_cumulative_power_spectra_stack_20220627_11_tpa.yml_(244,)_candidates.npz
Sep 02 11:13:55 INFO >> Injected Pulsars:     1
Sep 02 11:13:55 INFO >> Injection Candidates: 0
Sep 02 11:13:55 INFO >> Recovered Injections: 0
Sep 02 11:13:55 INFO >> 0 candidates.
Sep 02 11:13:56 INFO >> Unlinked shared memory for cumulative stack.
Sep 02 11:13:56 INFO >> Pipeline execution time: 2.04 minutes
