Sep 02 02:43:32 INFO >> {"message": "Waiting for suitable server to become available", "selector": "Primary()", "operation": "find", "topologyDescription": "<TopologyDescription id: 66d5265447715f8b38a39061, topology_type: Unknown, servers: [<ServerDescription ('localhost', 27017) server_type: Unknown, rtt: None>]>", "clientId": {"$oid": "66d5265447715f8b38a39061"}, "remainingTimeMS": 29}
Sep 02 02:43:32 INFO >> Features initialized as the following:
Sep 02 02:43:32 INFO >> num_unique_dms
Sep 02 02:43:32 INFO >> num_unique_freqs
Sep 02 02:43:32 INFO >> ndetections
Sep 02 02:43:32 INFO >> nharm
Sep 02 02:43:32 INFO >> log_p_dm
Sep 02 02:43:32 INFO >> ['dm_sigma_FitGaussWidth_gauss_sigma', 'dm_sigma_FitGaussWidth_gauss_sigma_rel_err', 'dm_sigma_FitGaussWidth_ndof', 'dm_sigma_FitGaussWidth_rms_err']
Sep 02 02:43:32 INFO >> ['dm_sigma_FitGauss_amplitude', 'dm_sigma_FitGauss_mu', 'dm_sigma_FitGauss_gauss_sigma', 'dm_sigma_FitGauss_amplitude_rel_err', 'dm_sigma_FitGauss_mu_rel_err', 'dm_sigma_FitGauss_gauss_sigma_rel_err', 'dm_sigma_FitGauss_amplitude-detection', 'dm_sigma_FitGauss_mu-detection', 'dm_sigma_FitGauss_ndof', 'dm_sigma_FitGauss_rms_err']
Sep 02 02:43:32 INFO >> ['freq_sigma_FitGaussWidth_gauss_sigma', 'freq_sigma_FitGaussWidth_gauss_sigma_rel_err', 'freq_sigma_FitGaussWidth_ndof', 'freq_sigma_FitGaussWidth_rms_err']
Sep 02 02:43:32 INFO >> ['freq_sigma_FitGauss_amplitude', 'freq_sigma_FitGauss_mu', 'freq_sigma_FitGauss_gauss_sigma', 'freq_sigma_FitGauss_amplitude_rel_err', 'freq_sigma_FitGauss_mu_rel_err', 'freq_sigma_FitGauss_gauss_sigma_rel_err', 'freq_sigma_FitGauss_amplitude-detection', 'freq_sigma_FitGauss_mu-detection', 'freq_sigma_FitGauss_ndof', 'freq_sigma_FitGauss_rms_err']
Sep 02 02:43:33 INFO >> Performing searching on cumulative stack 315.95 49.23
Sep 02 02:43:33 INFO >> Loading the cumulative power spectra stack to search
Sep 02 02:44:29 INFO >> DM: 56.557859150290376
Sep 02 02:44:29 INFO >> sigma: 14.593273573531043
Sep 02 02:44:29 INFO >> frequency: 89.27019318489424
Sep 02 02:44:29 INFO >> Injecting 5 harmonics.
Sep 02 02:44:29 INFO >> Starting DM: 55.35526940960348
Sep 02 02:44:29 INFO >> Stopping DM: 57.68282187106761
Sep 02 02:44:29 INFO >> Expected detection at 13.12 sigma with 4 harmonics.
Sep 02 02:44:43 INFO >> Start searching 6558 dm trials using 32 harmonics.
Sep 02 02:44:49 INFO >> Moved power spectra to shared memory.
Sep 02 02:44:49 INFO >> Number of dm trials in single multi processing job: 10
Sep 02 02:45:30 INFO >> Total number of detections=15617
Sep 02 02:45:30 INFO >> Clustering the detections
Sep 02 02:45:30 INFO >> Starting clustering
Sep 02 02:45:30 INFO >> Rogue harmonic power filter reduced detections from 15617 to 8559
Sep 02 02:45:30 INFO >> Filtering out duplicate freq,dm detections at multiple nharms removes 805 detections
Sep 02 02:45:30 INFO >> Duplicate freq,dm filter reduced detections to 7754
Sep 02 02:45:30 INFO >> Number of detections over threshold sigma (6.0): 7754
Sep 02 02:45:30 INFO >> Grouping duplicate frequencies together first
Sep 02 02:45:30 INFO >> Grouping duplicate frequencies removed 7223 detections from the harmonic metric computation
Sep 02 02:45:30 INFO >> Starting freq-DM distance metric computation
Sep 02 02:45:30 INFO >> Finished freq-DM distance metric computation
Sep 02 02:45:31 INFO >> Largest group size for metric computation is 97
Sep 02 02:45:31 INFO >> Starting harmonic distance metric computation
Sep 02 02:45:31 INFO >> Finished harmonic distance metric computation
Sep 02 02:45:31 INFO >> Starting DBSCAN
Sep 02 02:45:31 INFO >> Finished DBSCAN
Sep 02 02:45:31 INFO >> Clusters found: 76
Sep 02 02:45:31 INFO >> Filtered 32 clusters below or equal 2 DM.
Sep 02 02:45:31 INFO >> Total number of candidate clusters=1
Sep 02 02:45:31 INFO >> Candidate Processor of stack (315.95 49.23)
Sep 02 02:45:31 INFO >> Making SinglePointingCandidates from a list of 1 PowerSpectraDetectionClusters
Sep 02 02:45:34 INFO >> saved candidates to ./results//injections/315.95_49.23_cumulative_power_spectra_stack_20220627_11_tpa.yml_(1,)_candidates.npz
Sep 02 02:45:34 INFO >> Injected Pulsars:     1
Sep 02 02:45:34 INFO >> Injection Candidates: 1
Sep 02 02:45:34 INFO >> Recovered Injections: 1
Sep 02 02:45:34 INFO >> 1 candidates.
Sep 02 02:45:34 INFO >> Best candidate: F0: 89.270 DM: 56.57 Sigma: 12.62
Sep 02 02:45:35 INFO >> Unlinked shared memory for cumulative stack.
Sep 02 02:45:35 INFO >> Pipeline execution time: 2.04 minutes
