Sep 02 18:14:44 INFO >> {"message": "Waiting for suitable server to become available", "selector": "Primary()", "operation": "find", "topologyDescription": "<TopologyDescription id: 66d60094a9a9860a5eba7d73, topology_type: Unknown, servers: [<ServerDescription ('localhost', 27017) server_type: Unknown, rtt: None>]>", "clientId": {"$oid": "66d60094a9a9860a5eba7d73"}, "remainingTimeMS": 29}
Sep 02 18:14:44 INFO >> Features initialized as the following:
Sep 02 18:14:44 INFO >> num_unique_dms
Sep 02 18:14:44 INFO >> num_unique_freqs
Sep 02 18:14:44 INFO >> ndetections
Sep 02 18:14:44 INFO >> nharm
Sep 02 18:14:44 INFO >> log_p_dm
Sep 02 18:14:44 INFO >> ['dm_sigma_FitGaussWidth_gauss_sigma', 'dm_sigma_FitGaussWidth_gauss_sigma_rel_err', 'dm_sigma_FitGaussWidth_ndof', 'dm_sigma_FitGaussWidth_rms_err']
Sep 02 18:14:44 INFO >> ['dm_sigma_FitGauss_amplitude', 'dm_sigma_FitGauss_mu', 'dm_sigma_FitGauss_gauss_sigma', 'dm_sigma_FitGauss_amplitude_rel_err', 'dm_sigma_FitGauss_mu_rel_err', 'dm_sigma_FitGauss_gauss_sigma_rel_err', 'dm_sigma_FitGauss_amplitude-detection', 'dm_sigma_FitGauss_mu-detection', 'dm_sigma_FitGauss_ndof', 'dm_sigma_FitGauss_rms_err']
Sep 02 18:14:44 INFO >> ['freq_sigma_FitGaussWidth_gauss_sigma', 'freq_sigma_FitGaussWidth_gauss_sigma_rel_err', 'freq_sigma_FitGaussWidth_ndof', 'freq_sigma_FitGaussWidth_rms_err']
Sep 02 18:14:44 INFO >> ['freq_sigma_FitGauss_amplitude', 'freq_sigma_FitGauss_mu', 'freq_sigma_FitGauss_gauss_sigma', 'freq_sigma_FitGauss_amplitude_rel_err', 'freq_sigma_FitGauss_mu_rel_err', 'freq_sigma_FitGauss_gauss_sigma_rel_err', 'freq_sigma_FitGauss_amplitude-detection', 'freq_sigma_FitGauss_mu-detection', 'freq_sigma_FitGauss_ndof', 'freq_sigma_FitGauss_rms_err']
Sep 02 18:14:44 INFO >> Performing searching on cumulative stack 315.95 49.23
Sep 02 18:14:44 INFO >> Loading the cumulative power spectra stack to search
Sep 02 18:15:41 INFO >> DM: 155.18759222714857
Sep 02 18:15:41 INFO >> sigma: 16.53912558134639
Sep 02 18:15:41 INFO >> frequency: 83.75385443776109
Sep 02 18:15:41 INFO >> Injecting 6 harmonics.
Sep 02 18:15:41 INFO >> Starting DM: 153.9220562559541
Sep 02 18:15:41 INFO >> Stopping DM: 156.4520045836325
Sep 02 18:15:41 INFO >> Expected detection at 7.50 sigma with 4 harmonics.
Sep 02 18:15:55 INFO >> Start searching 6558 dm trials using 32 harmonics.
Sep 02 18:16:01 INFO >> Moved power spectra to shared memory.
Sep 02 18:16:01 INFO >> Number of dm trials in single multi processing job: 10
Sep 02 18:16:42 INFO >> Total number of detections=15579
Sep 02 18:16:42 INFO >> Clustering the detections
Sep 02 18:16:42 INFO >> Starting clustering
Sep 02 18:16:42 INFO >> Rogue harmonic power filter reduced detections from 15579 to 8521
Sep 02 18:16:42 INFO >> Filtering out duplicate freq,dm detections at multiple nharms removes 787 detections
Sep 02 18:16:42 INFO >> Duplicate freq,dm filter reduced detections to 7734
Sep 02 18:16:42 INFO >> Number of detections over threshold sigma (6.0): 7734
Sep 02 18:16:42 INFO >> Grouping duplicate frequencies together first
Sep 02 18:16:42 INFO >> Grouping duplicate frequencies removed 7215 detections from the harmonic metric computation
Sep 02 18:16:42 INFO >> Starting freq-DM distance metric computation
Sep 02 18:16:42 INFO >> Finished freq-DM distance metric computation
Sep 02 18:16:42 INFO >> Largest group size for metric computation is 97
Sep 02 18:16:42 INFO >> Starting harmonic distance metric computation
Sep 02 18:16:43 INFO >> Finished harmonic distance metric computation
Sep 02 18:16:43 INFO >> Starting DBSCAN
Sep 02 18:16:43 INFO >> Finished DBSCAN
Sep 02 18:16:43 INFO >> Clusters found: 75
Sep 02 18:16:43 INFO >> Filtered 32 clusters below or equal 2 DM.
Sep 02 18:16:43 INFO >> Total number of candidate clusters=0
Sep 02 18:16:43 INFO >> Candidate Processor of stack (315.95 49.23)
Sep 02 18:16:43 INFO >> Making SinglePointingCandidates from a list of 0 PowerSpectraDetectionClusters
Sep 02 18:16:45 INFO >> saved candidates to ./results//injections/315.95_49.23_cumulative_power_spectra_stack_20220627_11_tpa.yml_(446,)_candidates.npz
Sep 02 18:16:45 INFO >> Injected Pulsars:     1
Sep 02 18:16:45 INFO >> Injection Candidates: 0
Sep 02 18:16:45 INFO >> Recovered Injections: 0
Sep 02 18:16:45 INFO >> 0 candidates.
Sep 02 18:16:46 INFO >> Unlinked shared memory for cumulative stack.
Sep 02 18:16:46 INFO >> Pipeline execution time: 2.04 minutes
