Sep 02 15:52:17 INFO >> {"message": "Waiting for suitable server to become available", "selector": "Primary()", "operation": "find", "topologyDescription": "<TopologyDescription id: 66d5df313b1437a2458deb32, topology_type: Unknown, servers: [<ServerDescription ('localhost', 27017) server_type: Unknown, rtt: None>]>", "clientId": {"$oid": "66d5df313b1437a2458deb32"}, "remainingTimeMS": 29}
Sep 02 15:52:18 INFO >> Features initialized as the following:
Sep 02 15:52:18 INFO >> num_unique_dms
Sep 02 15:52:18 INFO >> num_unique_freqs
Sep 02 15:52:18 INFO >> ndetections
Sep 02 15:52:18 INFO >> nharm
Sep 02 15:52:18 INFO >> log_p_dm
Sep 02 15:52:18 INFO >> ['dm_sigma_FitGaussWidth_gauss_sigma', 'dm_sigma_FitGaussWidth_gauss_sigma_rel_err', 'dm_sigma_FitGaussWidth_ndof', 'dm_sigma_FitGaussWidth_rms_err']
Sep 02 15:52:18 INFO >> ['dm_sigma_FitGauss_amplitude', 'dm_sigma_FitGauss_mu', 'dm_sigma_FitGauss_gauss_sigma', 'dm_sigma_FitGauss_amplitude_rel_err', 'dm_sigma_FitGauss_mu_rel_err', 'dm_sigma_FitGauss_gauss_sigma_rel_err', 'dm_sigma_FitGauss_amplitude-detection', 'dm_sigma_FitGauss_mu-detection', 'dm_sigma_FitGauss_ndof', 'dm_sigma_FitGauss_rms_err']
Sep 02 15:52:18 INFO >> ['freq_sigma_FitGaussWidth_gauss_sigma', 'freq_sigma_FitGaussWidth_gauss_sigma_rel_err', 'freq_sigma_FitGaussWidth_ndof', 'freq_sigma_FitGaussWidth_rms_err']
Sep 02 15:52:18 INFO >> ['freq_sigma_FitGauss_amplitude', 'freq_sigma_FitGauss_mu', 'freq_sigma_FitGauss_gauss_sigma', 'freq_sigma_FitGauss_amplitude_rel_err', 'freq_sigma_FitGauss_mu_rel_err', 'freq_sigma_FitGauss_gauss_sigma_rel_err', 'freq_sigma_FitGauss_amplitude-detection', 'freq_sigma_FitGauss_mu-detection', 'freq_sigma_FitGauss_ndof', 'freq_sigma_FitGauss_rms_err']
Sep 02 15:52:18 INFO >> Performing searching on cumulative stack 315.95 49.23
Sep 02 15:52:18 INFO >> Loading the cumulative power spectra stack to search
Sep 02 15:53:16 INFO >> DM: 103.32491147477344
Sep 02 15:53:16 INFO >> sigma: 15.702839840463774
Sep 02 15:53:16 INFO >> frequency: 28.498503659477795
Sep 02 15:53:16 INFO >> Injecting 17 harmonics.
Sep 02 15:53:16 INFO >> Starting DM: 99.6799641105291
Sep 02 15:53:16 INFO >> Stopping DM: 106.96621529424291
Sep 02 15:53:16 INFO >> Expected detection at 17.25 sigma with 8 harmonics.
Sep 02 15:53:30 INFO >> Start searching 6558 dm trials using 32 harmonics.
Sep 02 15:53:35 INFO >> Moved power spectra to shared memory.
Sep 02 15:53:35 INFO >> Number of dm trials in single multi processing job: 10
Sep 02 15:54:16 INFO >> Total number of detections=16034
Sep 02 15:54:16 INFO >> Clustering the detections
Sep 02 15:54:16 INFO >> Starting clustering
Sep 02 15:54:17 INFO >> Rogue harmonic power filter reduced detections from 16034 to 8918
Sep 02 15:54:17 INFO >> Filtering out duplicate freq,dm detections at multiple nharms removes 970 detections
Sep 02 15:54:17 INFO >> Duplicate freq,dm filter reduced detections to 7948
Sep 02 15:54:17 INFO >> Number of detections over threshold sigma (6.0): 7948
Sep 02 15:54:17 INFO >> Grouping duplicate frequencies together first
Sep 02 15:54:17 INFO >> Grouping duplicate frequencies removed 7385 detections from the harmonic metric computation
Sep 02 15:54:17 INFO >> Starting freq-DM distance metric computation
Sep 02 15:54:17 INFO >> Finished freq-DM distance metric computation
Sep 02 15:54:17 INFO >> Largest group size for metric computation is 97
Sep 02 15:54:17 INFO >> Starting harmonic distance metric computation
Sep 02 15:54:18 INFO >> Finished harmonic distance metric computation
Sep 02 15:54:18 INFO >> Starting DBSCAN
Sep 02 15:54:18 INFO >> Finished DBSCAN
Sep 02 15:54:18 INFO >> Clusters found: 83
Sep 02 15:54:18 INFO >> Filtered 32 clusters below or equal 2 DM.
Sep 02 15:54:18 INFO >> Total number of candidate clusters=8
Sep 02 15:54:18 INFO >> Candidate Processor of stack (315.95 49.23)
Sep 02 15:54:18 INFO >> Making SinglePointingCandidates from a list of 8 PowerSpectraDetectionClusters
Sep 02 15:54:22 INFO >> saved candidates to ./results//injections/315.95_49.23_cumulative_power_spectra_stack_20220627_11_tpa.yml_(378,)_candidates.npz
Sep 02 15:54:22 INFO >> Injected Pulsars:     1
Sep 02 15:54:22 INFO >> Injection Candidates: 8
Sep 02 15:54:22 INFO >> Recovered Injections: 1
Sep 02 15:54:22 INFO >> 8 candidates.
Sep 02 15:54:22 INFO >> Best candidate: F0: 28.498 DM: 103.32 Sigma: 17.68
Sep 02 15:54:24 INFO >> Unlinked shared memory for cumulative stack.
Sep 02 15:54:24 INFO >> Pipeline execution time: 2.10 minutes
