Sep 02 21:27:12 INFO >> {"message": "Waiting for suitable server to become available", "selector": "Primary()", "operation": "find", "topologyDescription": "<TopologyDescription id: 66d62db04156b9eafe42a80a, topology_type: Unknown, servers: [<ServerDescription ('localhost', 27017) server_type: Unknown, rtt: None>]>", "clientId": {"$oid": "66d62db04156b9eafe42a80a"}, "remainingTimeMS": 29}
Sep 02 21:27:12 INFO >> Features initialized as the following:
Sep 02 21:27:12 INFO >> num_unique_dms
Sep 02 21:27:12 INFO >> num_unique_freqs
Sep 02 21:27:12 INFO >> ndetections
Sep 02 21:27:12 INFO >> nharm
Sep 02 21:27:12 INFO >> log_p_dm
Sep 02 21:27:12 INFO >> ['dm_sigma_FitGaussWidth_gauss_sigma', 'dm_sigma_FitGaussWidth_gauss_sigma_rel_err', 'dm_sigma_FitGaussWidth_ndof', 'dm_sigma_FitGaussWidth_rms_err']
Sep 02 21:27:12 INFO >> ['dm_sigma_FitGauss_amplitude', 'dm_sigma_FitGauss_mu', 'dm_sigma_FitGauss_gauss_sigma', 'dm_sigma_FitGauss_amplitude_rel_err', 'dm_sigma_FitGauss_mu_rel_err', 'dm_sigma_FitGauss_gauss_sigma_rel_err', 'dm_sigma_FitGauss_amplitude-detection', 'dm_sigma_FitGauss_mu-detection', 'dm_sigma_FitGauss_ndof', 'dm_sigma_FitGauss_rms_err']
Sep 02 21:27:12 INFO >> ['freq_sigma_FitGaussWidth_gauss_sigma', 'freq_sigma_FitGaussWidth_gauss_sigma_rel_err', 'freq_sigma_FitGaussWidth_ndof', 'freq_sigma_FitGaussWidth_rms_err']
Sep 02 21:27:12 INFO >> ['freq_sigma_FitGauss_amplitude', 'freq_sigma_FitGauss_mu', 'freq_sigma_FitGauss_gauss_sigma', 'freq_sigma_FitGauss_amplitude_rel_err', 'freq_sigma_FitGauss_mu_rel_err', 'freq_sigma_FitGauss_gauss_sigma_rel_err', 'freq_sigma_FitGauss_amplitude-detection', 'freq_sigma_FitGauss_mu-detection', 'freq_sigma_FitGauss_ndof', 'freq_sigma_FitGauss_rms_err']
Sep 02 21:27:12 INFO >> Performing searching on cumulative stack 315.95 49.23
Sep 02 21:27:12 INFO >> Loading the cumulative power spectra stack to search
Sep 02 21:28:10 INFO >> DM: 102.82222887342897
Sep 02 21:28:10 INFO >> sigma: 10.228956639784709
Sep 02 21:28:10 INFO >> frequency: 39.17130934292484
Sep 02 21:28:10 INFO >> Injecting 12 harmonics.
Sep 02 21:28:10 INFO >> Starting DM: 100.18595377606479
Sep 02 21:28:10 INFO >> Stopping DM: 105.44824629763588
Sep 02 21:28:10 INFO >> Expected detection at 8.61 sigma with 4 harmonics.
Sep 02 21:28:24 INFO >> Start searching 6558 dm trials using 32 harmonics.
Sep 02 21:28:30 INFO >> Moved power spectra to shared memory.
Sep 02 21:28:30 INFO >> Number of dm trials in single multi processing job: 10
Sep 02 21:29:10 INFO >> Total number of detections=15599
Sep 02 21:29:10 INFO >> Clustering the detections
Sep 02 21:29:10 INFO >> Starting clustering
Sep 02 21:29:10 INFO >> Rogue harmonic power filter reduced detections from 15599 to 8541
Sep 02 21:29:10 INFO >> Filtering out duplicate freq,dm detections at multiple nharms removes 799 detections
Sep 02 21:29:10 INFO >> Duplicate freq,dm filter reduced detections to 7742
Sep 02 21:29:10 INFO >> Number of detections over threshold sigma (6.0): 7742
Sep 02 21:29:10 INFO >> Grouping duplicate frequencies together first
Sep 02 21:29:10 INFO >> Grouping duplicate frequencies removed 7220 detections from the harmonic metric computation
Sep 02 21:29:10 INFO >> Starting freq-DM distance metric computation
Sep 02 21:29:10 INFO >> Finished freq-DM distance metric computation
Sep 02 21:29:11 INFO >> Largest group size for metric computation is 97
Sep 02 21:29:11 INFO >> Starting harmonic distance metric computation
Sep 02 21:29:11 INFO >> Finished harmonic distance metric computation
Sep 02 21:29:11 INFO >> Starting DBSCAN
Sep 02 21:29:12 INFO >> Finished DBSCAN
Sep 02 21:29:12 INFO >> Clusters found: 76
Sep 02 21:29:12 INFO >> Filtered 32 clusters below or equal 2 DM.
Sep 02 21:29:12 INFO >> Total number of candidate clusters=1
Sep 02 21:29:12 INFO >> Candidate Processor of stack (315.95 49.23)
Sep 02 21:29:12 INFO >> Making SinglePointingCandidates from a list of 1 PowerSpectraDetectionClusters
Sep 02 21:29:14 INFO >> saved candidates to ./results//injections/315.95_49.23_cumulative_power_spectra_stack_20220627_11_tpa.yml_(538,)_candidates.npz
Sep 02 21:29:14 INFO >> Injected Pulsars:     1
Sep 02 21:29:14 INFO >> Injection Candidates: 1
Sep 02 21:29:14 INFO >> Recovered Injections: 1
Sep 02 21:29:14 INFO >> 1 candidates.
Sep 02 21:29:14 INFO >> Best candidate: F0: 39.171 DM: 102.82 Sigma: 8.83
Sep 02 21:29:15 INFO >> Unlinked shared memory for cumulative stack.
Sep 02 21:29:15 INFO >> Pipeline execution time: 2.05 minutes
