Sep 02 13:23:44 INFO >> {"message": "Waiting for suitable server to become available", "selector": "Primary()", "operation": "find", "topologyDescription": "<TopologyDescription id: 66d5bc60e88b44186052ca0b, topology_type: Unknown, servers: [<ServerDescription ('localhost', 27017) server_type: Unknown, rtt: None>]>", "clientId": {"$oid": "66d5bc60e88b44186052ca0b"}, "remainingTimeMS": 29}
Sep 02 13:23:44 INFO >> Features initialized as the following:
Sep 02 13:23:44 INFO >> num_unique_dms
Sep 02 13:23:44 INFO >> num_unique_freqs
Sep 02 13:23:44 INFO >> ndetections
Sep 02 13:23:44 INFO >> nharm
Sep 02 13:23:44 INFO >> log_p_dm
Sep 02 13:23:44 INFO >> ['dm_sigma_FitGaussWidth_gauss_sigma', 'dm_sigma_FitGaussWidth_gauss_sigma_rel_err', 'dm_sigma_FitGaussWidth_ndof', 'dm_sigma_FitGaussWidth_rms_err']
Sep 02 13:23:44 INFO >> ['dm_sigma_FitGauss_amplitude', 'dm_sigma_FitGauss_mu', 'dm_sigma_FitGauss_gauss_sigma', 'dm_sigma_FitGauss_amplitude_rel_err', 'dm_sigma_FitGauss_mu_rel_err', 'dm_sigma_FitGauss_gauss_sigma_rel_err', 'dm_sigma_FitGauss_amplitude-detection', 'dm_sigma_FitGauss_mu-detection', 'dm_sigma_FitGauss_ndof', 'dm_sigma_FitGauss_rms_err']
Sep 02 13:23:44 INFO >> ['freq_sigma_FitGaussWidth_gauss_sigma', 'freq_sigma_FitGaussWidth_gauss_sigma_rel_err', 'freq_sigma_FitGaussWidth_ndof', 'freq_sigma_FitGaussWidth_rms_err']
Sep 02 13:23:44 INFO >> ['freq_sigma_FitGauss_amplitude', 'freq_sigma_FitGauss_mu', 'freq_sigma_FitGauss_gauss_sigma', 'freq_sigma_FitGauss_amplitude_rel_err', 'freq_sigma_FitGauss_mu_rel_err', 'freq_sigma_FitGauss_gauss_sigma_rel_err', 'freq_sigma_FitGauss_amplitude-detection', 'freq_sigma_FitGauss_mu-detection', 'freq_sigma_FitGauss_ndof', 'freq_sigma_FitGauss_rms_err']
Sep 02 13:23:44 INFO >> Performing searching on cumulative stack 315.95 49.23
Sep 02 13:23:44 INFO >> Loading the cumulative power spectra stack to search
Sep 02 13:24:42 INFO >> DM: 171.70684626221134
Sep 02 13:24:42 INFO >> sigma: 16.466762824859508
Sep 02 13:24:42 INFO >> frequency: 61.33508610733265
Sep 02 13:24:42 INFO >> Injecting 8 harmonics.
Sep 02 13:24:42 INFO >> Starting DM: 170.01252761998873
Sep 02 13:24:42 INFO >> Stopping DM: 173.35205941252423
Sep 02 13:24:42 INFO >> Expected detection at 12.48 sigma with 8 harmonics.
Sep 02 13:24:56 INFO >> Start searching 6558 dm trials using 32 harmonics.
Sep 02 13:25:02 INFO >> Moved power spectra to shared memory.
Sep 02 13:25:02 INFO >> Number of dm trials in single multi processing job: 10
Sep 02 13:25:42 INFO >> Total number of detections=15602
Sep 02 13:25:42 INFO >> Clustering the detections
Sep 02 13:25:42 INFO >> Starting clustering
Sep 02 13:25:42 INFO >> Rogue harmonic power filter reduced detections from 15602 to 8544
Sep 02 13:25:42 INFO >> Filtering out duplicate freq,dm detections at multiple nharms removes 796 detections
Sep 02 13:25:42 INFO >> Duplicate freq,dm filter reduced detections to 7748
Sep 02 13:25:42 INFO >> Number of detections over threshold sigma (6.0): 7748
Sep 02 13:25:42 INFO >> Grouping duplicate frequencies together first
Sep 02 13:25:42 INFO >> Grouping duplicate frequencies removed 7220 detections from the harmonic metric computation
Sep 02 13:25:42 INFO >> Starting freq-DM distance metric computation
Sep 02 13:25:43 INFO >> Finished freq-DM distance metric computation
Sep 02 13:25:43 INFO >> Largest group size for metric computation is 97
Sep 02 13:25:43 INFO >> Starting harmonic distance metric computation
Sep 02 13:25:44 INFO >> Finished harmonic distance metric computation
Sep 02 13:25:44 INFO >> Starting DBSCAN
Sep 02 13:25:44 INFO >> Finished DBSCAN
Sep 02 13:25:44 INFO >> Clusters found: 76
Sep 02 13:25:44 INFO >> Filtered 32 clusters below or equal 2 DM.
Sep 02 13:25:44 INFO >> Total number of candidate clusters=1
Sep 02 13:25:44 INFO >> Candidate Processor of stack (315.95 49.23)
Sep 02 13:25:44 INFO >> Making SinglePointingCandidates from a list of 1 PowerSpectraDetectionClusters
Sep 02 13:25:46 INFO >> saved candidates to ./results//injections/315.95_49.23_cumulative_power_spectra_stack_20220627_11_tpa.yml_(307,)_candidates.npz
Sep 02 13:25:46 INFO >> Injected Pulsars:     1
Sep 02 13:25:46 INFO >> Injection Candidates: 1
Sep 02 13:25:46 INFO >> Recovered Injections: 1
Sep 02 13:25:46 INFO >> 1 candidates.
Sep 02 13:25:46 INFO >> Best candidate: F0: 61.335 DM: 171.73 Sigma: 12.68
Sep 02 13:25:47 INFO >> Unlinked shared memory for cumulative stack.
Sep 02 13:25:47 INFO >> Pipeline execution time: 2.06 minutes
