Sep 02 16:36:20 INFO >> {"message": "Waiting for suitable server to become available", "selector": "Primary()", "operation": "find", "topologyDescription": "<TopologyDescription id: 66d5e984539f80837c102eb5, topology_type: Unknown, servers: [<ServerDescription ('localhost', 27017) server_type: Unknown, rtt: None>]>", "clientId": {"$oid": "66d5e984539f80837c102eb5"}, "remainingTimeMS": 29}
Sep 02 16:36:20 INFO >> Features initialized as the following:
Sep 02 16:36:20 INFO >> num_unique_dms
Sep 02 16:36:20 INFO >> num_unique_freqs
Sep 02 16:36:20 INFO >> ndetections
Sep 02 16:36:20 INFO >> nharm
Sep 02 16:36:20 INFO >> log_p_dm
Sep 02 16:36:20 INFO >> ['dm_sigma_FitGaussWidth_gauss_sigma', 'dm_sigma_FitGaussWidth_gauss_sigma_rel_err', 'dm_sigma_FitGaussWidth_ndof', 'dm_sigma_FitGaussWidth_rms_err']
Sep 02 16:36:20 INFO >> ['dm_sigma_FitGauss_amplitude', 'dm_sigma_FitGauss_mu', 'dm_sigma_FitGauss_gauss_sigma', 'dm_sigma_FitGauss_amplitude_rel_err', 'dm_sigma_FitGauss_mu_rel_err', 'dm_sigma_FitGauss_gauss_sigma_rel_err', 'dm_sigma_FitGauss_amplitude-detection', 'dm_sigma_FitGauss_mu-detection', 'dm_sigma_FitGauss_ndof', 'dm_sigma_FitGauss_rms_err']
Sep 02 16:36:20 INFO >> ['freq_sigma_FitGaussWidth_gauss_sigma', 'freq_sigma_FitGaussWidth_gauss_sigma_rel_err', 'freq_sigma_FitGaussWidth_ndof', 'freq_sigma_FitGaussWidth_rms_err']
Sep 02 16:36:20 INFO >> ['freq_sigma_FitGauss_amplitude', 'freq_sigma_FitGauss_mu', 'freq_sigma_FitGauss_gauss_sigma', 'freq_sigma_FitGauss_amplitude_rel_err', 'freq_sigma_FitGauss_mu_rel_err', 'freq_sigma_FitGauss_gauss_sigma_rel_err', 'freq_sigma_FitGauss_amplitude-detection', 'freq_sigma_FitGauss_mu-detection', 'freq_sigma_FitGauss_ndof', 'freq_sigma_FitGauss_rms_err']
Sep 02 16:36:20 INFO >> Performing searching on cumulative stack 315.95 49.23
Sep 02 16:36:20 INFO >> Loading the cumulative power spectra stack to search
Sep 02 16:37:20 INFO >> DM: 103.62915603312759
Sep 02 16:37:20 INFO >> sigma: 13.639946686250662
Sep 02 16:37:20 INFO >> frequency: 17.34864743332575
Sep 02 16:37:20 INFO >> Injecting 29 harmonics.
Sep 02 16:37:20 INFO >> Starting DM: 97.65600544838638
Sep 02 16:37:20 INFO >> Stopping DM: 109.59736155502846
Sep 02 16:37:20 INFO >> Expected detection at 12.17 sigma with 8 harmonics.
Sep 02 16:37:34 INFO >> Start searching 6558 dm trials using 32 harmonics.
Sep 02 16:37:40 INFO >> Moved power spectra to shared memory.
Sep 02 16:37:40 INFO >> Number of dm trials in single multi processing job: 10
Sep 02 16:38:21 INFO >> Total number of detections=15759
Sep 02 16:38:21 INFO >> Clustering the detections
Sep 02 16:38:21 INFO >> Starting clustering
Sep 02 16:38:21 INFO >> Rogue harmonic power filter reduced detections from 15759 to 8701
Sep 02 16:38:21 INFO >> Filtering out duplicate freq,dm detections at multiple nharms removes 838 detections
Sep 02 16:38:21 INFO >> Duplicate freq,dm filter reduced detections to 7863
Sep 02 16:38:21 INFO >> Number of detections over threshold sigma (6.0): 7863
Sep 02 16:38:21 INFO >> Grouping duplicate frequencies together first
Sep 02 16:38:21 INFO >> Grouping duplicate frequencies removed 7320 detections from the harmonic metric computation
Sep 02 16:38:21 INFO >> Starting freq-DM distance metric computation
Sep 02 16:38:21 INFO >> Finished freq-DM distance metric computation
Sep 02 16:38:21 INFO >> Largest group size for metric computation is 97
Sep 02 16:38:21 INFO >> Starting harmonic distance metric computation
Sep 02 16:38:22 INFO >> Finished harmonic distance metric computation
Sep 02 16:38:22 INFO >> Starting DBSCAN
Sep 02 16:38:22 INFO >> Finished DBSCAN
Sep 02 16:38:22 INFO >> Clusters found: 76
Sep 02 16:38:22 INFO >> Filtered 32 clusters below or equal 2 DM.
Sep 02 16:38:22 INFO >> Total number of candidate clusters=1
Sep 02 16:38:22 INFO >> Candidate Processor of stack (315.95 49.23)
Sep 02 16:38:22 INFO >> Making SinglePointingCandidates from a list of 1 PowerSpectraDetectionClusters
Sep 02 16:38:25 INFO >> saved candidates to ./results//injections/315.95_49.23_cumulative_power_spectra_stack_20220627_11_tpa.yml_(399,)_candidates.npz
Sep 02 16:38:25 INFO >> Injected Pulsars:     1
Sep 02 16:38:25 INFO >> Injection Candidates: 1
Sep 02 16:38:25 INFO >> Recovered Injections: 1
Sep 02 16:38:25 INFO >> 1 candidates.
Sep 02 16:38:25 INFO >> Best candidate: F0: 17.349 DM: 103.63 Sigma: 11.67
Sep 02 16:38:26 INFO >> Unlinked shared memory for cumulative stack.
Sep 02 16:38:26 INFO >> Pipeline execution time: 2.10 minutes
