Sep 02 20:03:30 INFO >> {"message": "Waiting for suitable server to become available", "selector": "Primary()", "operation": "find", "topologyDescription": "<TopologyDescription id: 66d61a12771a7691fafa2f9f, topology_type: Unknown, servers: [<ServerDescription ('localhost', 27017) server_type: Unknown, rtt: None>]>", "clientId": {"$oid": "66d61a12771a7691fafa2f9f"}, "remainingTimeMS": 29}
Sep 02 20:03:30 INFO >> Features initialized as the following:
Sep 02 20:03:30 INFO >> num_unique_dms
Sep 02 20:03:30 INFO >> num_unique_freqs
Sep 02 20:03:30 INFO >> ndetections
Sep 02 20:03:30 INFO >> nharm
Sep 02 20:03:30 INFO >> log_p_dm
Sep 02 20:03:30 INFO >> ['dm_sigma_FitGaussWidth_gauss_sigma', 'dm_sigma_FitGaussWidth_gauss_sigma_rel_err', 'dm_sigma_FitGaussWidth_ndof', 'dm_sigma_FitGaussWidth_rms_err']
Sep 02 20:03:30 INFO >> ['dm_sigma_FitGauss_amplitude', 'dm_sigma_FitGauss_mu', 'dm_sigma_FitGauss_gauss_sigma', 'dm_sigma_FitGauss_amplitude_rel_err', 'dm_sigma_FitGauss_mu_rel_err', 'dm_sigma_FitGauss_gauss_sigma_rel_err', 'dm_sigma_FitGauss_amplitude-detection', 'dm_sigma_FitGauss_mu-detection', 'dm_sigma_FitGauss_ndof', 'dm_sigma_FitGauss_rms_err']
Sep 02 20:03:30 INFO >> ['freq_sigma_FitGaussWidth_gauss_sigma', 'freq_sigma_FitGaussWidth_gauss_sigma_rel_err', 'freq_sigma_FitGaussWidth_ndof', 'freq_sigma_FitGaussWidth_rms_err']
Sep 02 20:03:30 INFO >> ['freq_sigma_FitGauss_amplitude', 'freq_sigma_FitGauss_mu', 'freq_sigma_FitGauss_gauss_sigma', 'freq_sigma_FitGauss_amplitude_rel_err', 'freq_sigma_FitGauss_mu_rel_err', 'freq_sigma_FitGauss_gauss_sigma_rel_err', 'freq_sigma_FitGauss_amplitude-detection', 'freq_sigma_FitGauss_mu-detection', 'freq_sigma_FitGauss_ndof', 'freq_sigma_FitGauss_rms_err']
Sep 02 20:03:30 INFO >> Performing searching on cumulative stack 315.95 49.23
Sep 02 20:03:30 INFO >> Loading the cumulative power spectra stack to search
Sep 02 20:04:28 INFO >> DM: 23.611383256571187
Sep 02 20:04:28 INFO >> sigma: 10.705096502863306
Sep 02 20:04:28 INFO >> frequency: 31.45144356451515
Sep 02 20:04:28 INFO >> Injecting 16 harmonics.
Sep 02 20:04:28 INFO >> Starting DM: 20.340784554534366
Sep 02 20:04:28 INFO >> Stopping DM: 26.918650206498214
Sep 02 20:04:28 INFO >> Expected detection at 7.94 sigma with 16 harmonics.
Sep 02 20:04:42 INFO >> Start searching 6558 dm trials using 32 harmonics.
Sep 02 20:04:48 INFO >> Moved power spectra to shared memory.
Sep 02 20:04:48 INFO >> Number of dm trials in single multi processing job: 10
Sep 02 20:05:28 INFO >> Total number of detections=15581
Sep 02 20:05:28 INFO >> Clustering the detections
Sep 02 20:05:28 INFO >> Starting clustering
Sep 02 20:05:29 INFO >> Rogue harmonic power filter reduced detections from 15581 to 8523
Sep 02 20:05:29 INFO >> Filtering out duplicate freq,dm detections at multiple nharms removes 788 detections
Sep 02 20:05:29 INFO >> Duplicate freq,dm filter reduced detections to 7735
Sep 02 20:05:29 INFO >> Number of detections over threshold sigma (6.0): 7735
Sep 02 20:05:29 INFO >> Grouping duplicate frequencies together first
Sep 02 20:05:29 INFO >> Grouping duplicate frequencies removed 7215 detections from the harmonic metric computation
Sep 02 20:05:29 INFO >> Starting freq-DM distance metric computation
Sep 02 20:05:29 INFO >> Finished freq-DM distance metric computation
Sep 02 20:05:29 INFO >> Largest group size for metric computation is 97
Sep 02 20:05:29 INFO >> Starting harmonic distance metric computation
Sep 02 20:05:30 INFO >> Finished harmonic distance metric computation
Sep 02 20:05:30 INFO >> Starting DBSCAN
Sep 02 20:05:30 INFO >> Finished DBSCAN
Sep 02 20:05:30 INFO >> Clusters found: 75
Sep 02 20:05:30 INFO >> Filtered 32 clusters below or equal 2 DM.
Sep 02 20:05:30 INFO >> Total number of candidate clusters=0
Sep 02 20:05:30 INFO >> Candidate Processor of stack (315.95 49.23)
Sep 02 20:05:30 INFO >> Making SinglePointingCandidates from a list of 0 PowerSpectraDetectionClusters
Sep 02 20:05:32 INFO >> saved candidates to ./results//injections/315.95_49.23_cumulative_power_spectra_stack_20220627_11_tpa.yml_(498,)_candidates.npz
Sep 02 20:05:32 INFO >> Injected Pulsars:     1
Sep 02 20:05:32 INFO >> Injection Candidates: 0
Sep 02 20:05:32 INFO >> Recovered Injections: 0
Sep 02 20:05:32 INFO >> 0 candidates.
Sep 02 20:05:33 INFO >> Unlinked shared memory for cumulative stack.
Sep 02 20:05:33 INFO >> Pipeline execution time: 2.06 minutes
