Sep 02 12:54:24 INFO >> {"message": "Waiting for suitable server to become available", "selector": "Primary()", "operation": "find", "topologyDescription": "<TopologyDescription id: 66d5b5805f1a284aeedde0ea, topology_type: Unknown, servers: [<ServerDescription ('localhost', 27017) server_type: Unknown, rtt: None>]>", "clientId": {"$oid": "66d5b5805f1a284aeedde0ea"}, "remainingTimeMS": 29}
Sep 02 12:54:25 INFO >> Features initialized as the following:
Sep 02 12:54:25 INFO >> num_unique_dms
Sep 02 12:54:25 INFO >> num_unique_freqs
Sep 02 12:54:25 INFO >> ndetections
Sep 02 12:54:25 INFO >> nharm
Sep 02 12:54:25 INFO >> log_p_dm
Sep 02 12:54:25 INFO >> ['dm_sigma_FitGaussWidth_gauss_sigma', 'dm_sigma_FitGaussWidth_gauss_sigma_rel_err', 'dm_sigma_FitGaussWidth_ndof', 'dm_sigma_FitGaussWidth_rms_err']
Sep 02 12:54:25 INFO >> ['dm_sigma_FitGauss_amplitude', 'dm_sigma_FitGauss_mu', 'dm_sigma_FitGauss_gauss_sigma', 'dm_sigma_FitGauss_amplitude_rel_err', 'dm_sigma_FitGauss_mu_rel_err', 'dm_sigma_FitGauss_gauss_sigma_rel_err', 'dm_sigma_FitGauss_amplitude-detection', 'dm_sigma_FitGauss_mu-detection', 'dm_sigma_FitGauss_ndof', 'dm_sigma_FitGauss_rms_err']
Sep 02 12:54:25 INFO >> ['freq_sigma_FitGaussWidth_gauss_sigma', 'freq_sigma_FitGaussWidth_gauss_sigma_rel_err', 'freq_sigma_FitGaussWidth_ndof', 'freq_sigma_FitGaussWidth_rms_err']
Sep 02 12:54:25 INFO >> ['freq_sigma_FitGauss_amplitude', 'freq_sigma_FitGauss_mu', 'freq_sigma_FitGauss_gauss_sigma', 'freq_sigma_FitGauss_amplitude_rel_err', 'freq_sigma_FitGauss_mu_rel_err', 'freq_sigma_FitGauss_gauss_sigma_rel_err', 'freq_sigma_FitGauss_amplitude-detection', 'freq_sigma_FitGauss_mu-detection', 'freq_sigma_FitGauss_ndof', 'freq_sigma_FitGauss_rms_err']
Sep 02 12:54:25 INFO >> Performing searching on cumulative stack 315.95 49.23
Sep 02 12:54:25 INFO >> Loading the cumulative power spectra stack to search
Sep 02 12:55:22 INFO >> DM: 177.6325459694576
Sep 02 12:55:22 INFO >> sigma: 15.0538927111822
Sep 02 12:55:22 INFO >> frequency: 24.64837877825392
Sep 02 12:55:22 INFO >> Injecting 20 harmonics.
Sep 02 12:55:22 INFO >> Starting DM: 173.45325734563139
Sep 02 12:55:22 INFO >> Stopping DM: 181.85268579352368
Sep 02 12:55:22 INFO >> Expected detection at 11.43 sigma with 16 harmonics.
Sep 02 12:55:36 INFO >> Start searching 6558 dm trials using 32 harmonics.
Sep 02 12:55:42 INFO >> Moved power spectra to shared memory.
Sep 02 12:55:42 INFO >> Number of dm trials in single multi processing job: 10
Sep 02 12:56:23 INFO >> Total number of detections=15603
Sep 02 12:56:23 INFO >> Clustering the detections
Sep 02 12:56:23 INFO >> Starting clustering
Sep 02 12:56:23 INFO >> Rogue harmonic power filter reduced detections from 15603 to 8545
Sep 02 12:56:23 INFO >> Filtering out duplicate freq,dm detections at multiple nharms removes 794 detections
Sep 02 12:56:23 INFO >> Duplicate freq,dm filter reduced detections to 7751
Sep 02 12:56:23 INFO >> Number of detections over threshold sigma (6.0): 7751
Sep 02 12:56:23 INFO >> Grouping duplicate frequencies together first
Sep 02 12:56:23 INFO >> Grouping duplicate frequencies removed 7224 detections from the harmonic metric computation
Sep 02 12:56:23 INFO >> Starting freq-DM distance metric computation
Sep 02 12:56:23 INFO >> Finished freq-DM distance metric computation
Sep 02 12:56:23 INFO >> Largest group size for metric computation is 97
Sep 02 12:56:23 INFO >> Starting harmonic distance metric computation
Sep 02 12:56:24 INFO >> Finished harmonic distance metric computation
Sep 02 12:56:24 INFO >> Starting DBSCAN
Sep 02 12:56:24 INFO >> Finished DBSCAN
Sep 02 12:56:24 INFO >> Clusters found: 76
Sep 02 12:56:24 INFO >> Filtered 32 clusters below or equal 2 DM.
Sep 02 12:56:24 INFO >> Total number of candidate clusters=1
Sep 02 12:56:24 INFO >> Candidate Processor of stack (315.95 49.23)
Sep 02 12:56:24 INFO >> Making SinglePointingCandidates from a list of 1 PowerSpectraDetectionClusters
Sep 02 12:56:27 INFO >> saved candidates to ./results//injections/315.95_49.23_cumulative_power_spectra_stack_20220627_11_tpa.yml_(293,)_candidates.npz
Sep 02 12:56:27 INFO >> Injected Pulsars:     1
Sep 02 12:56:27 INFO >> Injection Candidates: 1
Sep 02 12:56:27 INFO >> Recovered Injections: 1
Sep 02 12:56:27 INFO >> 1 candidates.
Sep 02 12:56:27 INFO >> Best candidate: F0: 24.648 DM: 177.60 Sigma: 12.46
Sep 02 12:56:28 INFO >> Unlinked shared memory for cumulative stack.
Sep 02 12:56:28 INFO >> Pipeline execution time: 2.06 minutes
