Sep 02 20:57:52 INFO >> {"message": "Waiting for suitable server to become available", "selector": "Primary()", "operation": "find", "topologyDescription": "<TopologyDescription id: 66d626d00c36b0485eff95bb, topology_type: Unknown, servers: [<ServerDescription ('localhost', 27017) server_type: Unknown, rtt: None>]>", "clientId": {"$oid": "66d626d00c36b0485eff95bb"}, "remainingTimeMS": 29}
Sep 02 20:57:52 INFO >> Features initialized as the following:
Sep 02 20:57:52 INFO >> num_unique_dms
Sep 02 20:57:52 INFO >> num_unique_freqs
Sep 02 20:57:52 INFO >> ndetections
Sep 02 20:57:52 INFO >> nharm
Sep 02 20:57:52 INFO >> log_p_dm
Sep 02 20:57:52 INFO >> ['dm_sigma_FitGaussWidth_gauss_sigma', 'dm_sigma_FitGaussWidth_gauss_sigma_rel_err', 'dm_sigma_FitGaussWidth_ndof', 'dm_sigma_FitGaussWidth_rms_err']
Sep 02 20:57:52 INFO >> ['dm_sigma_FitGauss_amplitude', 'dm_sigma_FitGauss_mu', 'dm_sigma_FitGauss_gauss_sigma', 'dm_sigma_FitGauss_amplitude_rel_err', 'dm_sigma_FitGauss_mu_rel_err', 'dm_sigma_FitGauss_gauss_sigma_rel_err', 'dm_sigma_FitGauss_amplitude-detection', 'dm_sigma_FitGauss_mu-detection', 'dm_sigma_FitGauss_ndof', 'dm_sigma_FitGauss_rms_err']
Sep 02 20:57:52 INFO >> ['freq_sigma_FitGaussWidth_gauss_sigma', 'freq_sigma_FitGaussWidth_gauss_sigma_rel_err', 'freq_sigma_FitGaussWidth_ndof', 'freq_sigma_FitGaussWidth_rms_err']
Sep 02 20:57:52 INFO >> ['freq_sigma_FitGauss_amplitude', 'freq_sigma_FitGauss_mu', 'freq_sigma_FitGauss_gauss_sigma', 'freq_sigma_FitGauss_amplitude_rel_err', 'freq_sigma_FitGauss_mu_rel_err', 'freq_sigma_FitGauss_gauss_sigma_rel_err', 'freq_sigma_FitGauss_amplitude-detection', 'freq_sigma_FitGauss_mu-detection', 'freq_sigma_FitGauss_ndof', 'freq_sigma_FitGauss_rms_err']
Sep 02 20:57:52 INFO >> Performing searching on cumulative stack 315.95 49.23
Sep 02 20:57:52 INFO >> Loading the cumulative power spectra stack to search
Sep 02 20:58:49 INFO >> DM: 180.13617771050795
Sep 02 20:58:49 INFO >> sigma: 13.909264634413901
Sep 02 20:58:49 INFO >> frequency: 82.40442175385759
Sep 02 20:58:49 INFO >> Injecting 6 harmonics.
Sep 02 20:58:49 INFO >> Starting DM: 178.91794573341673
Sep 02 20:58:49 INFO >> Stopping DM: 181.34669612798797
Sep 02 20:58:49 INFO >> Expected detection at 7.82 sigma with 4 harmonics.
Sep 02 20:59:03 INFO >> Start searching 6558 dm trials using 32 harmonics.
Sep 02 20:59:09 INFO >> Moved power spectra to shared memory.
Sep 02 20:59:09 INFO >> Number of dm trials in single multi processing job: 10
Sep 02 20:59:49 INFO >> Total number of detections=15579
Sep 02 20:59:49 INFO >> Clustering the detections
Sep 02 20:59:49 INFO >> Starting clustering
Sep 02 20:59:49 INFO >> Rogue harmonic power filter reduced detections from 15579 to 8521
Sep 02 20:59:49 INFO >> Filtering out duplicate freq,dm detections at multiple nharms removes 787 detections
Sep 02 20:59:49 INFO >> Duplicate freq,dm filter reduced detections to 7734
Sep 02 20:59:49 INFO >> Number of detections over threshold sigma (6.0): 7734
Sep 02 20:59:49 INFO >> Grouping duplicate frequencies together first
Sep 02 20:59:49 INFO >> Grouping duplicate frequencies removed 7214 detections from the harmonic metric computation
Sep 02 20:59:49 INFO >> Starting freq-DM distance metric computation
Sep 02 20:59:50 INFO >> Finished freq-DM distance metric computation
Sep 02 20:59:50 INFO >> Largest group size for metric computation is 97
Sep 02 20:59:50 INFO >> Starting harmonic distance metric computation
Sep 02 20:59:51 INFO >> Finished harmonic distance metric computation
Sep 02 20:59:51 INFO >> Starting DBSCAN
Sep 02 20:59:51 INFO >> Finished DBSCAN
Sep 02 20:59:51 INFO >> Clusters found: 75
Sep 02 20:59:51 INFO >> Filtered 32 clusters below or equal 2 DM.
Sep 02 20:59:51 INFO >> Total number of candidate clusters=0
Sep 02 20:59:51 INFO >> Candidate Processor of stack (315.95 49.23)
Sep 02 20:59:51 INFO >> Making SinglePointingCandidates from a list of 0 PowerSpectraDetectionClusters
Sep 02 20:59:53 INFO >> saved candidates to ./results//injections/315.95_49.23_cumulative_power_spectra_stack_20220627_11_tpa.yml_(524,)_candidates.npz
Sep 02 20:59:53 INFO >> Injected Pulsars:     1
Sep 02 20:59:53 INFO >> Injection Candidates: 0
Sep 02 20:59:53 INFO >> Recovered Injections: 0
Sep 02 20:59:53 INFO >> 0 candidates.
Sep 02 20:59:54 INFO >> Unlinked shared memory for cumulative stack.
Sep 02 20:59:54 INFO >> Pipeline execution time: 2.04 minutes
