Sep 02 15:00:00 INFO >> {"message": "Waiting for suitable server to become available", "selector": "Primary()", "operation": "find", "topologyDescription": "<TopologyDescription id: 66d5d2f047c900d72bf6919c, topology_type: Unknown, servers: [<ServerDescription ('localhost', 27017) server_type: Unknown, rtt: None>]>", "clientId": {"$oid": "66d5d2f047c900d72bf6919c"}, "remainingTimeMS": 29}
Sep 02 15:00:00 INFO >> Features initialized as the following:
Sep 02 15:00:00 INFO >> num_unique_dms
Sep 02 15:00:00 INFO >> num_unique_freqs
Sep 02 15:00:00 INFO >> ndetections
Sep 02 15:00:00 INFO >> nharm
Sep 02 15:00:00 INFO >> log_p_dm
Sep 02 15:00:00 INFO >> ['dm_sigma_FitGaussWidth_gauss_sigma', 'dm_sigma_FitGaussWidth_gauss_sigma_rel_err', 'dm_sigma_FitGaussWidth_ndof', 'dm_sigma_FitGaussWidth_rms_err']
Sep 02 15:00:00 INFO >> ['dm_sigma_FitGauss_amplitude', 'dm_sigma_FitGauss_mu', 'dm_sigma_FitGauss_gauss_sigma', 'dm_sigma_FitGauss_amplitude_rel_err', 'dm_sigma_FitGauss_mu_rel_err', 'dm_sigma_FitGauss_gauss_sigma_rel_err', 'dm_sigma_FitGauss_amplitude-detection', 'dm_sigma_FitGauss_mu-detection', 'dm_sigma_FitGauss_ndof', 'dm_sigma_FitGauss_rms_err']
Sep 02 15:00:00 INFO >> ['freq_sigma_FitGaussWidth_gauss_sigma', 'freq_sigma_FitGaussWidth_gauss_sigma_rel_err', 'freq_sigma_FitGaussWidth_ndof', 'freq_sigma_FitGaussWidth_rms_err']
Sep 02 15:00:00 INFO >> ['freq_sigma_FitGauss_amplitude', 'freq_sigma_FitGauss_mu', 'freq_sigma_FitGauss_gauss_sigma', 'freq_sigma_FitGauss_amplitude_rel_err', 'freq_sigma_FitGauss_mu_rel_err', 'freq_sigma_FitGauss_gauss_sigma_rel_err', 'freq_sigma_FitGauss_amplitude-detection', 'freq_sigma_FitGauss_mu-detection', 'freq_sigma_FitGauss_ndof', 'freq_sigma_FitGauss_rms_err']
Sep 02 15:00:00 INFO >> Performing searching on cumulative stack 315.95 49.23
Sep 02 15:00:00 INFO >> Loading the cumulative power spectra stack to search
Sep 02 15:00:57 INFO >> DM: 116.8765469337132
Sep 02 15:00:57 INFO >> sigma: 16.09372714606422
Sep 02 15:00:57 INFO >> frequency: 44.659716929022785
Sep 02 15:00:57 INFO >> Injecting 11 harmonics.
Sep 02 15:00:57 INFO >> Starting DM: 114.55606027727812
Sep 02 15:00:57 INFO >> Stopping DM: 119.21116520020638
Sep 02 15:00:57 INFO >> Expected detection at 12.76 sigma with 8 harmonics.
Sep 02 15:01:11 INFO >> Start searching 6558 dm trials using 32 harmonics.
Sep 02 15:01:17 INFO >> Moved power spectra to shared memory.
Sep 02 15:01:17 INFO >> Number of dm trials in single multi processing job: 10
Sep 02 15:01:57 INFO >> Total number of detections=15654
Sep 02 15:01:57 INFO >> Clustering the detections
Sep 02 15:01:57 INFO >> Starting clustering
Sep 02 15:01:57 INFO >> Rogue harmonic power filter reduced detections from 15654 to 8596
Sep 02 15:01:57 INFO >> Filtering out duplicate freq,dm detections at multiple nharms removes 814 detections
Sep 02 15:01:57 INFO >> Duplicate freq,dm filter reduced detections to 7782
Sep 02 15:01:57 INFO >> Number of detections over threshold sigma (6.0): 7782
Sep 02 15:01:57 INFO >> Grouping duplicate frequencies together first
Sep 02 15:01:57 INFO >> Grouping duplicate frequencies removed 7242 detections from the harmonic metric computation
Sep 02 15:01:57 INFO >> Starting freq-DM distance metric computation
Sep 02 15:01:58 INFO >> Finished freq-DM distance metric computation
Sep 02 15:01:58 INFO >> Largest group size for metric computation is 120
Sep 02 15:01:58 INFO >> Starting harmonic distance metric computation
Sep 02 15:01:59 INFO >> Finished harmonic distance metric computation
Sep 02 15:01:59 INFO >> Starting DBSCAN
Sep 02 15:01:59 INFO >> Finished DBSCAN
Sep 02 15:01:59 INFO >> Clusters found: 77
Sep 02 15:01:59 INFO >> Filtered 32 clusters below or equal 2 DM.
Sep 02 15:01:59 INFO >> Total number of candidate clusters=2
Sep 02 15:01:59 INFO >> Candidate Processor of stack (315.95 49.23)
Sep 02 15:01:59 INFO >> Making SinglePointingCandidates from a list of 2 PowerSpectraDetectionClusters
Sep 02 15:02:02 INFO >> saved candidates to ./results//injections/315.95_49.23_cumulative_power_spectra_stack_20220627_11_tpa.yml_(353,)_candidates.npz
Sep 02 15:02:02 INFO >> Injected Pulsars:     1
Sep 02 15:02:02 INFO >> Injection Candidates: 2
Sep 02 15:02:02 INFO >> Recovered Injections: 1
Sep 02 15:02:02 INFO >> 2 candidates.
Sep 02 15:02:02 INFO >> Best candidate: F0: 44.660 DM: 116.88 Sigma: 13.63
Sep 02 15:02:03 INFO >> Unlinked shared memory for cumulative stack.
Sep 02 15:02:03 INFO >> Pipeline execution time: 2.06 minutes
