Sep 02 18:44:00 INFO >> {"message": "Waiting for suitable server to become available", "selector": "Primary()", "operation": "find", "topologyDescription": "<TopologyDescription id: 66d607707c6c8386ef5eca24, topology_type: Unknown, servers: [<ServerDescription ('localhost', 27017) server_type: Unknown, rtt: None>]>", "clientId": {"$oid": "66d607707c6c8386ef5eca24"}, "remainingTimeMS": 29}
Sep 02 18:44:00 INFO >> Features initialized as the following:
Sep 02 18:44:00 INFO >> num_unique_dms
Sep 02 18:44:00 INFO >> num_unique_freqs
Sep 02 18:44:00 INFO >> ndetections
Sep 02 18:44:00 INFO >> nharm
Sep 02 18:44:00 INFO >> log_p_dm
Sep 02 18:44:00 INFO >> ['dm_sigma_FitGaussWidth_gauss_sigma', 'dm_sigma_FitGaussWidth_gauss_sigma_rel_err', 'dm_sigma_FitGaussWidth_ndof', 'dm_sigma_FitGaussWidth_rms_err']
Sep 02 18:44:00 INFO >> ['dm_sigma_FitGauss_amplitude', 'dm_sigma_FitGauss_mu', 'dm_sigma_FitGauss_gauss_sigma', 'dm_sigma_FitGauss_amplitude_rel_err', 'dm_sigma_FitGauss_mu_rel_err', 'dm_sigma_FitGauss_gauss_sigma_rel_err', 'dm_sigma_FitGauss_amplitude-detection', 'dm_sigma_FitGauss_mu-detection', 'dm_sigma_FitGauss_ndof', 'dm_sigma_FitGauss_rms_err']
Sep 02 18:44:00 INFO >> ['freq_sigma_FitGaussWidth_gauss_sigma', 'freq_sigma_FitGaussWidth_gauss_sigma_rel_err', 'freq_sigma_FitGaussWidth_ndof', 'freq_sigma_FitGaussWidth_rms_err']
Sep 02 18:44:00 INFO >> ['freq_sigma_FitGauss_amplitude', 'freq_sigma_FitGauss_mu', 'freq_sigma_FitGauss_gauss_sigma', 'freq_sigma_FitGauss_amplitude_rel_err', 'freq_sigma_FitGauss_mu_rel_err', 'freq_sigma_FitGauss_gauss_sigma_rel_err', 'freq_sigma_FitGauss_amplitude-detection', 'freq_sigma_FitGauss_mu-detection', 'freq_sigma_FitGauss_ndof', 'freq_sigma_FitGauss_rms_err']
Sep 02 18:44:01 INFO >> Performing searching on cumulative stack 315.95 49.23
Sep 02 18:44:01 INFO >> Loading the cumulative power spectra stack to search
Sep 02 18:44:58 INFO >> DM: 135.4981769901242
Sep 02 18:44:58 INFO >> sigma: 15.830520284798986
Sep 02 18:44:58 INFO >> frequency: 42.018944802368715
Sep 02 18:44:58 INFO >> Injecting 12 harmonics.
Sep 02 18:44:58 INFO >> Starting DM: 133.07528203588404
Sep 02 18:44:58 INFO >> Stopping DM: 137.93278282502658
Sep 02 18:44:58 INFO >> Expected detection at 8.31 sigma with 8 harmonics.
Sep 02 18:45:12 INFO >> Start searching 6558 dm trials using 32 harmonics.
Sep 02 18:45:18 INFO >> Moved power spectra to shared memory.
Sep 02 18:45:18 INFO >> Number of dm trials in single multi processing job: 10
Sep 02 18:45:58 INFO >> Total number of detections=15584
Sep 02 18:45:58 INFO >> Clustering the detections
Sep 02 18:45:58 INFO >> Starting clustering
Sep 02 18:45:58 INFO >> Rogue harmonic power filter reduced detections from 15584 to 8526
Sep 02 18:45:58 INFO >> Filtering out duplicate freq,dm detections at multiple nharms removes 790 detections
Sep 02 18:45:58 INFO >> Duplicate freq,dm filter reduced detections to 7736
Sep 02 18:45:58 INFO >> Number of detections over threshold sigma (6.0): 7736
Sep 02 18:45:58 INFO >> Grouping duplicate frequencies together first
Sep 02 18:45:58 INFO >> Grouping duplicate frequencies removed 7216 detections from the harmonic metric computation
Sep 02 18:45:58 INFO >> Starting freq-DM distance metric computation
Sep 02 18:45:59 INFO >> Finished freq-DM distance metric computation
Sep 02 18:45:59 INFO >> Largest group size for metric computation is 97
Sep 02 18:45:59 INFO >> Starting harmonic distance metric computation
Sep 02 18:46:00 INFO >> Finished harmonic distance metric computation
Sep 02 18:46:00 INFO >> Starting DBSCAN
Sep 02 18:46:00 INFO >> Finished DBSCAN
Sep 02 18:46:00 INFO >> Clusters found: 75
Sep 02 18:46:00 INFO >> Filtered 32 clusters below or equal 2 DM.
Sep 02 18:46:00 INFO >> Total number of candidate clusters=0
Sep 02 18:46:00 INFO >> Candidate Processor of stack (315.95 49.23)
Sep 02 18:46:00 INFO >> Making SinglePointingCandidates from a list of 0 PowerSpectraDetectionClusters
Sep 02 18:46:02 INFO >> saved candidates to ./results//injections/315.95_49.23_cumulative_power_spectra_stack_20220627_11_tpa.yml_(460,)_candidates.npz
Sep 02 18:46:02 INFO >> Injected Pulsars:     1
Sep 02 18:46:02 INFO >> Injection Candidates: 0
Sep 02 18:46:02 INFO >> Recovered Injections: 0
Sep 02 18:46:02 INFO >> 0 candidates.
Sep 02 18:46:03 INFO >> Unlinked shared memory for cumulative stack.
Sep 02 18:46:03 INFO >> Pipeline execution time: 2.05 minutes
