Sep 02 18:25:10 INFO >> {"message": "Waiting for suitable server to become available", "selector": "Primary()", "operation": "find", "topologyDescription": "<TopologyDescription id: 66d60306715f2e338e059872, topology_type: Unknown, servers: [<ServerDescription ('localhost', 27017) server_type: Unknown, rtt: None>]>", "clientId": {"$oid": "66d60306715f2e338e059872"}, "remainingTimeMS": 29}
Sep 02 18:25:11 INFO >> Features initialized as the following:
Sep 02 18:25:11 INFO >> num_unique_dms
Sep 02 18:25:11 INFO >> num_unique_freqs
Sep 02 18:25:11 INFO >> ndetections
Sep 02 18:25:11 INFO >> nharm
Sep 02 18:25:11 INFO >> log_p_dm
Sep 02 18:25:11 INFO >> ['dm_sigma_FitGaussWidth_gauss_sigma', 'dm_sigma_FitGaussWidth_gauss_sigma_rel_err', 'dm_sigma_FitGaussWidth_ndof', 'dm_sigma_FitGaussWidth_rms_err']
Sep 02 18:25:11 INFO >> ['dm_sigma_FitGauss_amplitude', 'dm_sigma_FitGauss_mu', 'dm_sigma_FitGauss_gauss_sigma', 'dm_sigma_FitGauss_amplitude_rel_err', 'dm_sigma_FitGauss_mu_rel_err', 'dm_sigma_FitGauss_gauss_sigma_rel_err', 'dm_sigma_FitGauss_amplitude-detection', 'dm_sigma_FitGauss_mu-detection', 'dm_sigma_FitGauss_ndof', 'dm_sigma_FitGauss_rms_err']
Sep 02 18:25:11 INFO >> ['freq_sigma_FitGaussWidth_gauss_sigma', 'freq_sigma_FitGaussWidth_gauss_sigma_rel_err', 'freq_sigma_FitGaussWidth_ndof', 'freq_sigma_FitGaussWidth_rms_err']
Sep 02 18:25:11 INFO >> ['freq_sigma_FitGauss_amplitude', 'freq_sigma_FitGauss_mu', 'freq_sigma_FitGauss_gauss_sigma', 'freq_sigma_FitGauss_amplitude_rel_err', 'freq_sigma_FitGauss_mu_rel_err', 'freq_sigma_FitGauss_gauss_sigma_rel_err', 'freq_sigma_FitGauss_amplitude-detection', 'freq_sigma_FitGauss_mu-detection', 'freq_sigma_FitGauss_ndof', 'freq_sigma_FitGauss_rms_err']
Sep 02 18:25:11 INFO >> Performing searching on cumulative stack 315.95 49.23
Sep 02 18:25:11 INFO >> Loading the cumulative power spectra stack to search
Sep 02 18:26:07 INFO >> DM: 73.31953722334649
Sep 02 18:26:07 INFO >> sigma: 13.803123709663554
Sep 02 18:26:07 INFO >> frequency: 98.00485686964005
Sep 02 18:26:07 INFO >> Injecting 5 harmonics.
Sep 02 18:26:07 INFO >> Starting DM: 72.2553242384952
Sep 02 18:26:07 INFO >> Stopping DM: 74.38048083374507
Sep 02 18:26:07 INFO >> Expected detection at 8.65 sigma with 4 harmonics.
Sep 02 18:26:21 INFO >> Start searching 6558 dm trials using 32 harmonics.
Sep 02 18:26:27 INFO >> Moved power spectra to shared memory.
Sep 02 18:26:27 INFO >> Number of dm trials in single multi processing job: 10
Sep 02 18:27:07 INFO >> Total number of detections=15597
Sep 02 18:27:07 INFO >> Clustering the detections
Sep 02 18:27:07 INFO >> Starting clustering
Sep 02 18:27:07 INFO >> Rogue harmonic power filter reduced detections from 15597 to 8535
Sep 02 18:27:07 INFO >> Filtering out duplicate freq,dm detections at multiple nharms removes 790 detections
Sep 02 18:27:07 INFO >> Duplicate freq,dm filter reduced detections to 7745
Sep 02 18:27:07 INFO >> Number of detections over threshold sigma (6.0): 7745
Sep 02 18:27:07 INFO >> Grouping duplicate frequencies together first
Sep 02 18:27:07 INFO >> Grouping duplicate frequencies removed 7220 detections from the harmonic metric computation
Sep 02 18:27:07 INFO >> Starting freq-DM distance metric computation
Sep 02 18:27:08 INFO >> Finished freq-DM distance metric computation
Sep 02 18:27:08 INFO >> Largest group size for metric computation is 97
Sep 02 18:27:08 INFO >> Starting harmonic distance metric computation
Sep 02 18:27:09 INFO >> Finished harmonic distance metric computation
Sep 02 18:27:09 INFO >> Starting DBSCAN
Sep 02 18:27:09 INFO >> Finished DBSCAN
Sep 02 18:27:09 INFO >> Clusters found: 76
Sep 02 18:27:09 INFO >> Filtered 32 clusters below or equal 2 DM.
Sep 02 18:27:09 INFO >> Total number of candidate clusters=1
Sep 02 18:27:09 INFO >> Candidate Processor of stack (315.95 49.23)
Sep 02 18:27:09 INFO >> Making SinglePointingCandidates from a list of 1 PowerSpectraDetectionClusters
Sep 02 18:27:11 INFO >> saved candidates to ./results//injections/315.95_49.23_cumulative_power_spectra_stack_20220627_11_tpa.yml_(451,)_candidates.npz
Sep 02 18:27:11 INFO >> Injected Pulsars:     1
Sep 02 18:27:11 INFO >> Injection Candidates: 1
Sep 02 18:27:11 INFO >> Recovered Injections: 1
Sep 02 18:27:11 INFO >> 1 candidates.
Sep 02 18:27:11 INFO >> Best candidate: F0: 98.005 DM: 73.27 Sigma: 8.94
Sep 02 18:27:13 INFO >> Unlinked shared memory for cumulative stack.
Sep 02 18:27:13 INFO >> Pipeline execution time: 2.04 minutes
