Sep 02 09:35:35 INFO >> {"message": "Waiting for suitable server to become available", "selector": "Primary()", "operation": "find", "topologyDescription": "<TopologyDescription id: 66d586e7eb1153149a03968f, topology_type: Unknown, servers: [<ServerDescription ('localhost', 27017) server_type: Unknown, rtt: None>]>", "clientId": {"$oid": "66d586e7eb1153149a03968f"}, "remainingTimeMS": 29}
Sep 02 09:35:35 INFO >> Features initialized as the following:
Sep 02 09:35:35 INFO >> num_unique_dms
Sep 02 09:35:35 INFO >> num_unique_freqs
Sep 02 09:35:35 INFO >> ndetections
Sep 02 09:35:35 INFO >> nharm
Sep 02 09:35:35 INFO >> log_p_dm
Sep 02 09:35:35 INFO >> ['dm_sigma_FitGaussWidth_gauss_sigma', 'dm_sigma_FitGaussWidth_gauss_sigma_rel_err', 'dm_sigma_FitGaussWidth_ndof', 'dm_sigma_FitGaussWidth_rms_err']
Sep 02 09:35:35 INFO >> ['dm_sigma_FitGauss_amplitude', 'dm_sigma_FitGauss_mu', 'dm_sigma_FitGauss_gauss_sigma', 'dm_sigma_FitGauss_amplitude_rel_err', 'dm_sigma_FitGauss_mu_rel_err', 'dm_sigma_FitGauss_gauss_sigma_rel_err', 'dm_sigma_FitGauss_amplitude-detection', 'dm_sigma_FitGauss_mu-detection', 'dm_sigma_FitGauss_ndof', 'dm_sigma_FitGauss_rms_err']
Sep 02 09:35:35 INFO >> ['freq_sigma_FitGaussWidth_gauss_sigma', 'freq_sigma_FitGaussWidth_gauss_sigma_rel_err', 'freq_sigma_FitGaussWidth_ndof', 'freq_sigma_FitGaussWidth_rms_err']
Sep 02 09:35:35 INFO >> ['freq_sigma_FitGauss_amplitude', 'freq_sigma_FitGauss_mu', 'freq_sigma_FitGauss_gauss_sigma', 'freq_sigma_FitGauss_amplitude_rel_err', 'freq_sigma_FitGauss_mu_rel_err', 'freq_sigma_FitGauss_gauss_sigma_rel_err', 'freq_sigma_FitGauss_amplitude-detection', 'freq_sigma_FitGauss_mu-detection', 'freq_sigma_FitGauss_ndof', 'freq_sigma_FitGauss_rms_err']
Sep 02 09:35:35 INFO >> Performing searching on cumulative stack 315.95 49.23
Sep 02 09:35:35 INFO >> Loading the cumulative power spectra stack to search
Sep 02 09:36:32 INFO >> DM: 32.171985899416086
Sep 02 09:36:32 INFO >> sigma: 15.154317921212982
Sep 02 09:36:32 INFO >> frequency: 28.95656676953195
Sep 02 09:36:32 INFO >> Injecting 17 harmonics.
Sep 02 09:36:32 INFO >> Starting DM: 28.63901506931953
Sep 02 09:36:32 INFO >> Stopping DM: 35.72287038681906
Sep 02 09:36:32 INFO >> Expected detection at 13.03 sigma with 16 harmonics.
Sep 02 09:36:46 INFO >> Start searching 6558 dm trials using 32 harmonics.
Sep 02 09:36:52 INFO >> Moved power spectra to shared memory.
Sep 02 09:36:52 INFO >> Number of dm trials in single multi processing job: 10
Sep 02 09:37:33 INFO >> Total number of detections=15602
Sep 02 09:37:33 INFO >> Clustering the detections
Sep 02 09:37:33 INFO >> Starting clustering
Sep 02 09:37:33 INFO >> Rogue harmonic power filter reduced detections from 15602 to 8544
Sep 02 09:37:33 INFO >> Filtering out duplicate freq,dm detections at multiple nharms removes 791 detections
Sep 02 09:37:33 INFO >> Duplicate freq,dm filter reduced detections to 7753
Sep 02 09:37:33 INFO >> Number of detections over threshold sigma (6.0): 7753
Sep 02 09:37:33 INFO >> Grouping duplicate frequencies together first
Sep 02 09:37:33 INFO >> Grouping duplicate frequencies removed 7225 detections from the harmonic metric computation
Sep 02 09:37:33 INFO >> Starting freq-DM distance metric computation
Sep 02 09:37:33 INFO >> Finished freq-DM distance metric computation
Sep 02 09:37:33 INFO >> Largest group size for metric computation is 97
Sep 02 09:37:33 INFO >> Starting harmonic distance metric computation
Sep 02 09:37:34 INFO >> Finished harmonic distance metric computation
Sep 02 09:37:34 INFO >> Starting DBSCAN
Sep 02 09:37:34 INFO >> Finished DBSCAN
Sep 02 09:37:34 INFO >> Clusters found: 76
Sep 02 09:37:34 INFO >> Filtered 32 clusters below or equal 2 DM.
Sep 02 09:37:34 INFO >> Total number of candidate clusters=1
Sep 02 09:37:34 INFO >> Candidate Processor of stack (315.95 49.23)
Sep 02 09:37:34 INFO >> Making SinglePointingCandidates from a list of 1 PowerSpectraDetectionClusters
Sep 02 09:37:36 INFO >> saved candidates to ./results//injections/315.95_49.23_cumulative_power_spectra_stack_20220627_11_tpa.yml_(198,)_candidates.npz
Sep 02 09:37:36 INFO >> Injected Pulsars:     1
Sep 02 09:37:36 INFO >> Injection Candidates: 1
Sep 02 09:37:36 INFO >> Recovered Injections: 1
Sep 02 09:37:36 INFO >> 1 candidates.
Sep 02 09:37:36 INFO >> Best candidate: F0: 28.957 DM: 32.18 Sigma: 12.86
Sep 02 09:37:38 INFO >> Unlinked shared memory for cumulative stack.
Sep 02 09:37:38 INFO >> Pipeline execution time: 2.04 minutes
