Sep 02 17:30:43 INFO >> {"message": "Waiting for suitable server to become available", "selector": "Primary()", "operation": "find", "topologyDescription": "<TopologyDescription id: 66d5f6437debe9ef3a7a18de, topology_type: Unknown, servers: [<ServerDescription ('localhost', 27017) server_type: Unknown, rtt: None>]>", "clientId": {"$oid": "66d5f6437debe9ef3a7a18de"}, "remainingTimeMS": 29}
Sep 02 17:30:44 INFO >> Features initialized as the following:
Sep 02 17:30:44 INFO >> num_unique_dms
Sep 02 17:30:44 INFO >> num_unique_freqs
Sep 02 17:30:44 INFO >> ndetections
Sep 02 17:30:44 INFO >> nharm
Sep 02 17:30:44 INFO >> log_p_dm
Sep 02 17:30:44 INFO >> ['dm_sigma_FitGaussWidth_gauss_sigma', 'dm_sigma_FitGaussWidth_gauss_sigma_rel_err', 'dm_sigma_FitGaussWidth_ndof', 'dm_sigma_FitGaussWidth_rms_err']
Sep 02 17:30:44 INFO >> ['dm_sigma_FitGauss_amplitude', 'dm_sigma_FitGauss_mu', 'dm_sigma_FitGauss_gauss_sigma', 'dm_sigma_FitGauss_amplitude_rel_err', 'dm_sigma_FitGauss_mu_rel_err', 'dm_sigma_FitGauss_gauss_sigma_rel_err', 'dm_sigma_FitGauss_amplitude-detection', 'dm_sigma_FitGauss_mu-detection', 'dm_sigma_FitGauss_ndof', 'dm_sigma_FitGauss_rms_err']
Sep 02 17:30:44 INFO >> ['freq_sigma_FitGaussWidth_gauss_sigma', 'freq_sigma_FitGaussWidth_gauss_sigma_rel_err', 'freq_sigma_FitGaussWidth_ndof', 'freq_sigma_FitGaussWidth_rms_err']
Sep 02 17:30:44 INFO >> ['freq_sigma_FitGauss_amplitude', 'freq_sigma_FitGauss_mu', 'freq_sigma_FitGauss_gauss_sigma', 'freq_sigma_FitGauss_amplitude_rel_err', 'freq_sigma_FitGauss_mu_rel_err', 'freq_sigma_FitGauss_gauss_sigma_rel_err', 'freq_sigma_FitGauss_amplitude-detection', 'freq_sigma_FitGauss_mu-detection', 'freq_sigma_FitGauss_ndof', 'freq_sigma_FitGauss_rms_err']
Sep 02 17:30:44 INFO >> Performing searching on cumulative stack 315.95 49.23
Sep 02 17:30:44 INFO >> Loading the cumulative power spectra stack to search
Sep 02 17:31:43 INFO >> DM: 37.71253757629696
Sep 02 17:31:43 INFO >> sigma: 14.062635848236567
Sep 02 17:31:43 INFO >> frequency: 62.50853986879377
Sep 02 17:31:43 INFO >> Injecting 8 harmonics.
Sep 02 17:31:43 INFO >> Starting DM: 36.02646418614047
Sep 02 17:31:43 INFO >> Stopping DM: 39.36599597867597
Sep 02 17:31:43 INFO >> Expected detection at 10.12 sigma with 8 harmonics.
Sep 02 17:31:57 INFO >> Start searching 6558 dm trials using 32 harmonics.
Sep 02 17:32:02 INFO >> Moved power spectra to shared memory.
Sep 02 17:32:02 INFO >> Number of dm trials in single multi processing job: 10
Sep 02 17:32:43 INFO >> Total number of detections=15581
Sep 02 17:32:43 INFO >> Clustering the detections
Sep 02 17:32:43 INFO >> Starting clustering
Sep 02 17:32:43 INFO >> Rogue harmonic power filter reduced detections from 15581 to 8523
Sep 02 17:32:43 INFO >> Filtering out duplicate freq,dm detections at multiple nharms removes 789 detections
Sep 02 17:32:43 INFO >> Duplicate freq,dm filter reduced detections to 7734
Sep 02 17:32:43 INFO >> Number of detections over threshold sigma (6.0): 7734
Sep 02 17:32:43 INFO >> Grouping duplicate frequencies together first
Sep 02 17:32:43 INFO >> Grouping duplicate frequencies removed 7215 detections from the harmonic metric computation
Sep 02 17:32:43 INFO >> Starting freq-DM distance metric computation
Sep 02 17:32:43 INFO >> Finished freq-DM distance metric computation
Sep 02 17:32:44 INFO >> Largest group size for metric computation is 97
Sep 02 17:32:44 INFO >> Starting harmonic distance metric computation
Sep 02 17:32:44 INFO >> Finished harmonic distance metric computation
Sep 02 17:32:44 INFO >> Starting DBSCAN
Sep 02 17:32:45 INFO >> Finished DBSCAN
Sep 02 17:32:45 INFO >> Clusters found: 75
Sep 02 17:32:45 INFO >> Filtered 32 clusters below or equal 2 DM.
Sep 02 17:32:45 INFO >> Total number of candidate clusters=0
Sep 02 17:32:45 INFO >> Candidate Processor of stack (315.95 49.23)
Sep 02 17:32:45 INFO >> Making SinglePointingCandidates from a list of 0 PowerSpectraDetectionClusters
Sep 02 17:32:47 INFO >> saved candidates to ./results//injections/315.95_49.23_cumulative_power_spectra_stack_20220627_11_tpa.yml_(425,)_candidates.npz
Sep 02 17:32:47 INFO >> Injected Pulsars:     1
Sep 02 17:32:47 INFO >> Injection Candidates: 0
Sep 02 17:32:47 INFO >> Recovered Injections: 0
Sep 02 17:32:47 INFO >> 0 candidates.
Sep 02 17:32:48 INFO >> Unlinked shared memory for cumulative stack.
Sep 02 17:32:48 INFO >> Pipeline execution time: 2.08 minutes
