Sep 02 04:00:53 INFO >> {"message": "Waiting for suitable server to become available", "selector": "Primary()", "operation": "find", "topologyDescription": "<TopologyDescription id: 66d5387594d0e1296c106205, topology_type: Unknown, servers: [<ServerDescription ('localhost', 27017) server_type: Unknown, rtt: None>]>", "clientId": {"$oid": "66d5387594d0e1296c106205"}, "remainingTimeMS": 29}
Sep 02 04:00:53 INFO >> Features initialized as the following:
Sep 02 04:00:53 INFO >> num_unique_dms
Sep 02 04:00:53 INFO >> num_unique_freqs
Sep 02 04:00:53 INFO >> ndetections
Sep 02 04:00:53 INFO >> nharm
Sep 02 04:00:53 INFO >> log_p_dm
Sep 02 04:00:53 INFO >> ['dm_sigma_FitGaussWidth_gauss_sigma', 'dm_sigma_FitGaussWidth_gauss_sigma_rel_err', 'dm_sigma_FitGaussWidth_ndof', 'dm_sigma_FitGaussWidth_rms_err']
Sep 02 04:00:53 INFO >> ['dm_sigma_FitGauss_amplitude', 'dm_sigma_FitGauss_mu', 'dm_sigma_FitGauss_gauss_sigma', 'dm_sigma_FitGauss_amplitude_rel_err', 'dm_sigma_FitGauss_mu_rel_err', 'dm_sigma_FitGauss_gauss_sigma_rel_err', 'dm_sigma_FitGauss_amplitude-detection', 'dm_sigma_FitGauss_mu-detection', 'dm_sigma_FitGauss_ndof', 'dm_sigma_FitGauss_rms_err']
Sep 02 04:00:53 INFO >> ['freq_sigma_FitGaussWidth_gauss_sigma', 'freq_sigma_FitGaussWidth_gauss_sigma_rel_err', 'freq_sigma_FitGaussWidth_ndof', 'freq_sigma_FitGaussWidth_rms_err']
Sep 02 04:00:53 INFO >> ['freq_sigma_FitGauss_amplitude', 'freq_sigma_FitGauss_mu', 'freq_sigma_FitGauss_gauss_sigma', 'freq_sigma_FitGauss_amplitude_rel_err', 'freq_sigma_FitGauss_mu_rel_err', 'freq_sigma_FitGauss_gauss_sigma_rel_err', 'freq_sigma_FitGauss_amplitude-detection', 'freq_sigma_FitGauss_mu-detection', 'freq_sigma_FitGauss_ndof', 'freq_sigma_FitGauss_rms_err']
Sep 02 04:00:54 INFO >> Performing searching on cumulative stack 315.95 49.23
Sep 02 04:00:54 INFO >> Loading the cumulative power spectra stack to search
Sep 02 04:01:51 INFO >> DM: 118.9219584012989
Sep 02 04:01:51 INFO >> sigma: 16.450228594261382
Sep 02 04:01:51 INFO >> frequency: 13.425587880134849
Sep 02 04:01:51 INFO >> Injecting 37 harmonics.
Sep 02 04:01:51 INFO >> Starting DM: 111.21652848474264
Sep 02 04:01:51 INFO >> Stopping DM: 126.59861431702734
Sep 02 04:01:51 INFO >> Expected detection at 17.21 sigma with 32 harmonics.
Sep 02 04:02:05 INFO >> Start searching 6558 dm trials using 32 harmonics.
Sep 02 04:02:11 INFO >> Moved power spectra to shared memory.
Sep 02 04:02:11 INFO >> Number of dm trials in single multi processing job: 10
Sep 02 04:02:51 INFO >> Total number of detections=15702
Sep 02 04:02:51 INFO >> Clustering the detections
Sep 02 04:02:51 INFO >> Starting clustering
Sep 02 04:02:51 INFO >> Rogue harmonic power filter reduced detections from 15702 to 8644
Sep 02 04:02:51 INFO >> Filtering out duplicate freq,dm detections at multiple nharms removes 854 detections
Sep 02 04:02:51 INFO >> Duplicate freq,dm filter reduced detections to 7790
Sep 02 04:02:51 INFO >> Number of detections over threshold sigma (6.0): 7790
Sep 02 04:02:51 INFO >> Grouping duplicate frequencies together first
Sep 02 04:02:51 INFO >> Grouping duplicate frequencies removed 7255 detections from the harmonic metric computation
Sep 02 04:02:51 INFO >> Starting freq-DM distance metric computation
Sep 02 04:02:52 INFO >> Finished freq-DM distance metric computation
Sep 02 04:02:52 INFO >> Largest group size for metric computation is 97
Sep 02 04:02:52 INFO >> Starting harmonic distance metric computation
Sep 02 04:02:53 INFO >> Finished harmonic distance metric computation
Sep 02 04:02:53 INFO >> Starting DBSCAN
Sep 02 04:02:53 INFO >> Finished DBSCAN
Sep 02 04:02:53 INFO >> Clusters found: 79
Sep 02 04:02:53 INFO >> Filtered 32 clusters below or equal 2 DM.
Sep 02 04:02:53 INFO >> Total number of candidate clusters=4
Sep 02 04:02:53 INFO >> Candidate Processor of stack (315.95 49.23)
Sep 02 04:02:53 INFO >> Making SinglePointingCandidates from a list of 4 PowerSpectraDetectionClusters
Sep 02 04:02:56 INFO >> saved candidates to ./results//injections/315.95_49.23_cumulative_power_spectra_stack_20220627_11_tpa.yml_(38,)_candidates.npz
Sep 02 04:02:56 INFO >> Injected Pulsars:     1
Sep 02 04:02:56 INFO >> Injection Candidates: 4
Sep 02 04:02:56 INFO >> Recovered Injections: 1
Sep 02 04:02:56 INFO >> 4 candidates.
Sep 02 04:02:56 INFO >> Best candidate: F0: 13.426 DM: 118.91 Sigma: 16.45
Sep 02 04:02:57 INFO >> Unlinked shared memory for cumulative stack.
Sep 02 04:02:57 INFO >> Pipeline execution time: 2.07 minutes
