Sep 02 14:18:05 INFO >> {"message": "Waiting for suitable server to become available", "selector": "Primary()", "operation": "find", "topologyDescription": "<TopologyDescription id: 66d5c91d432ca1cb5bef4d96, topology_type: Unknown, servers: [<ServerDescription ('localhost', 27017) server_type: Unknown, rtt: None>]>", "clientId": {"$oid": "66d5c91d432ca1cb5bef4d96"}, "remainingTimeMS": 29}
Sep 02 14:18:05 INFO >> Features initialized as the following:
Sep 02 14:18:05 INFO >> num_unique_dms
Sep 02 14:18:05 INFO >> num_unique_freqs
Sep 02 14:18:05 INFO >> ndetections
Sep 02 14:18:05 INFO >> nharm
Sep 02 14:18:05 INFO >> log_p_dm
Sep 02 14:18:05 INFO >> ['dm_sigma_FitGaussWidth_gauss_sigma', 'dm_sigma_FitGaussWidth_gauss_sigma_rel_err', 'dm_sigma_FitGaussWidth_ndof', 'dm_sigma_FitGaussWidth_rms_err']
Sep 02 14:18:05 INFO >> ['dm_sigma_FitGauss_amplitude', 'dm_sigma_FitGauss_mu', 'dm_sigma_FitGauss_gauss_sigma', 'dm_sigma_FitGauss_amplitude_rel_err', 'dm_sigma_FitGauss_mu_rel_err', 'dm_sigma_FitGauss_gauss_sigma_rel_err', 'dm_sigma_FitGauss_amplitude-detection', 'dm_sigma_FitGauss_mu-detection', 'dm_sigma_FitGauss_ndof', 'dm_sigma_FitGauss_rms_err']
Sep 02 14:18:05 INFO >> ['freq_sigma_FitGaussWidth_gauss_sigma', 'freq_sigma_FitGaussWidth_gauss_sigma_rel_err', 'freq_sigma_FitGaussWidth_ndof', 'freq_sigma_FitGaussWidth_rms_err']
Sep 02 14:18:05 INFO >> ['freq_sigma_FitGauss_amplitude', 'freq_sigma_FitGauss_mu', 'freq_sigma_FitGauss_gauss_sigma', 'freq_sigma_FitGauss_amplitude_rel_err', 'freq_sigma_FitGauss_mu_rel_err', 'freq_sigma_FitGauss_gauss_sigma_rel_err', 'freq_sigma_FitGauss_amplitude-detection', 'freq_sigma_FitGauss_mu-detection', 'freq_sigma_FitGauss_ndof', 'freq_sigma_FitGauss_rms_err']
Sep 02 14:18:05 INFO >> Performing searching on cumulative stack 315.95 49.23
Sep 02 14:18:05 INFO >> Loading the cumulative power spectra stack to search
Sep 02 14:19:02 INFO >> DM: 188.13027192948402
Sep 02 14:19:02 INFO >> sigma: 14.553107350292688
Sep 02 14:19:02 INFO >> frequency: 16.759937827506757
Sep 02 14:19:02 INFO >> Injecting 30 harmonics.
Sep 02 14:19:02 INFO >> Starting DM: 181.9538837266308
Sep 02 14:19:02 INFO >> Stopping DM: 194.3000315657014
Sep 02 14:19:02 INFO >> Expected detection at 15.99 sigma with 16 harmonics.
Sep 02 14:19:16 INFO >> Start searching 6558 dm trials using 32 harmonics.
Sep 02 14:19:22 INFO >> Moved power spectra to shared memory.
Sep 02 14:19:22 INFO >> Number of dm trials in single multi processing job: 10
Sep 02 14:20:03 INFO >> Total number of detections=15839
Sep 02 14:20:03 INFO >> Clustering the detections
Sep 02 14:20:03 INFO >> Starting clustering
Sep 02 14:20:03 INFO >> Rogue harmonic power filter reduced detections from 15839 to 8781
Sep 02 14:20:03 INFO >> Filtering out duplicate freq,dm detections at multiple nharms removes 912 detections
Sep 02 14:20:03 INFO >> Duplicate freq,dm filter reduced detections to 7869
Sep 02 14:20:03 INFO >> Number of detections over threshold sigma (6.0): 7869
Sep 02 14:20:03 INFO >> Grouping duplicate frequencies together first
Sep 02 14:20:03 INFO >> Grouping duplicate frequencies removed 7321 detections from the harmonic metric computation
Sep 02 14:20:03 INFO >> Starting freq-DM distance metric computation
Sep 02 14:20:03 INFO >> Finished freq-DM distance metric computation
Sep 02 14:20:03 INFO >> Largest group size for metric computation is 97
Sep 02 14:20:03 INFO >> Starting harmonic distance metric computation
Sep 02 14:20:04 INFO >> Finished harmonic distance metric computation
Sep 02 14:20:04 INFO >> Starting DBSCAN
Sep 02 14:20:04 INFO >> Finished DBSCAN
Sep 02 14:20:04 INFO >> Clusters found: 78
Sep 02 14:20:04 INFO >> Filtered 32 clusters below or equal 2 DM.
Sep 02 14:20:04 INFO >> Total number of candidate clusters=3
Sep 02 14:20:04 INFO >> Candidate Processor of stack (315.95 49.23)
Sep 02 14:20:04 INFO >> Making SinglePointingCandidates from a list of 3 PowerSpectraDetectionClusters
Sep 02 14:20:07 INFO >> saved candidates to ./results//injections/315.95_49.23_cumulative_power_spectra_stack_20220627_11_tpa.yml_(333,)_candidates.npz
Sep 02 14:20:07 INFO >> Injected Pulsars:     1
Sep 02 14:20:07 INFO >> Injection Candidates: 3
Sep 02 14:20:07 INFO >> Recovered Injections: 1
Sep 02 14:20:07 INFO >> 3 candidates.
Sep 02 14:20:07 INFO >> Best candidate: F0: 16.760 DM: 188.13 Sigma: 15.60
Sep 02 14:20:08 INFO >> Unlinked shared memory for cumulative stack.
Sep 02 14:20:08 INFO >> Pipeline execution time: 2.06 minutes
