Sep 02 11:53:44 INFO >> {"message": "Waiting for suitable server to become available", "selector": "Primary()", "operation": "find", "topologyDescription": "<TopologyDescription id: 66d5a748916d613a677881fa, topology_type: Unknown, servers: [<ServerDescription ('localhost', 27017) server_type: Unknown, rtt: None>]>", "clientId": {"$oid": "66d5a748916d613a677881fa"}, "remainingTimeMS": 29}
Sep 02 11:53:44 INFO >> Features initialized as the following:
Sep 02 11:53:44 INFO >> num_unique_dms
Sep 02 11:53:44 INFO >> num_unique_freqs
Sep 02 11:53:44 INFO >> ndetections
Sep 02 11:53:44 INFO >> nharm
Sep 02 11:53:44 INFO >> log_p_dm
Sep 02 11:53:44 INFO >> ['dm_sigma_FitGaussWidth_gauss_sigma', 'dm_sigma_FitGaussWidth_gauss_sigma_rel_err', 'dm_sigma_FitGaussWidth_ndof', 'dm_sigma_FitGaussWidth_rms_err']
Sep 02 11:53:44 INFO >> ['dm_sigma_FitGauss_amplitude', 'dm_sigma_FitGauss_mu', 'dm_sigma_FitGauss_gauss_sigma', 'dm_sigma_FitGauss_amplitude_rel_err', 'dm_sigma_FitGauss_mu_rel_err', 'dm_sigma_FitGauss_gauss_sigma_rel_err', 'dm_sigma_FitGauss_amplitude-detection', 'dm_sigma_FitGauss_mu-detection', 'dm_sigma_FitGauss_ndof', 'dm_sigma_FitGauss_rms_err']
Sep 02 11:53:44 INFO >> ['freq_sigma_FitGaussWidth_gauss_sigma', 'freq_sigma_FitGaussWidth_gauss_sigma_rel_err', 'freq_sigma_FitGaussWidth_ndof', 'freq_sigma_FitGaussWidth_rms_err']
Sep 02 11:53:44 INFO >> ['freq_sigma_FitGauss_amplitude', 'freq_sigma_FitGauss_mu', 'freq_sigma_FitGauss_gauss_sigma', 'freq_sigma_FitGauss_amplitude_rel_err', 'freq_sigma_FitGauss_mu_rel_err', 'freq_sigma_FitGauss_gauss_sigma_rel_err', 'freq_sigma_FitGauss_amplitude-detection', 'freq_sigma_FitGauss_mu-detection', 'freq_sigma_FitGauss_ndof', 'freq_sigma_FitGauss_rms_err']
Sep 02 11:53:45 INFO >> Performing searching on cumulative stack 315.95 49.23
Sep 02 11:53:45 INFO >> Loading the cumulative power spectra stack to search
Sep 02 11:54:43 INFO >> DM: 86.94046771749395
Sep 02 11:54:43 INFO >> sigma: 11.249647313508587
Sep 02 11:54:43 INFO >> frequency: 15.185747628474804
Sep 02 11:54:43 INFO >> Injecting 33 harmonics.
Sep 02 11:54:43 INFO >> Starting DM: 80.14876302085183
Sep 02 11:54:43 INFO >> Stopping DM: 93.70928605720809
Sep 02 11:54:43 INFO >> Expected detection at 9.80 sigma with 32 harmonics.
Sep 02 11:54:57 INFO >> Start searching 6558 dm trials using 32 harmonics.
Sep 02 11:55:03 INFO >> Moved power spectra to shared memory.
Sep 02 11:55:03 INFO >> Number of dm trials in single multi processing job: 10
Sep 02 11:55:44 INFO >> Total number of detections=15598
Sep 02 11:55:44 INFO >> Clustering the detections
Sep 02 11:55:44 INFO >> Starting clustering
Sep 02 11:55:44 INFO >> Rogue harmonic power filter reduced detections from 15598 to 8540
Sep 02 11:55:44 INFO >> Filtering out duplicate freq,dm detections at multiple nharms removes 790 detections
Sep 02 11:55:44 INFO >> Duplicate freq,dm filter reduced detections to 7750
Sep 02 11:55:44 INFO >> Number of detections over threshold sigma (6.0): 7750
Sep 02 11:55:44 INFO >> Grouping duplicate frequencies together first
Sep 02 11:55:44 INFO >> Grouping duplicate frequencies removed 7222 detections from the harmonic metric computation
Sep 02 11:55:44 INFO >> Starting freq-DM distance metric computation
Sep 02 11:55:44 INFO >> Finished freq-DM distance metric computation
Sep 02 11:55:44 INFO >> Largest group size for metric computation is 97
Sep 02 11:55:44 INFO >> Starting harmonic distance metric computation
Sep 02 11:55:45 INFO >> Finished harmonic distance metric computation
Sep 02 11:55:45 INFO >> Starting DBSCAN
Sep 02 11:55:45 INFO >> Finished DBSCAN
Sep 02 11:55:45 INFO >> Clusters found: 76
Sep 02 11:55:45 INFO >> Filtered 32 clusters below or equal 2 DM.
Sep 02 11:55:45 INFO >> Total number of candidate clusters=1
Sep 02 11:55:45 INFO >> Candidate Processor of stack (315.95 49.23)
Sep 02 11:55:45 INFO >> Making SinglePointingCandidates from a list of 1 PowerSpectraDetectionClusters
Sep 02 11:55:48 INFO >> saved candidates to ./results//injections/315.95_49.23_cumulative_power_spectra_stack_20220627_11_tpa.yml_(264,)_candidates.npz
Sep 02 11:55:48 INFO >> Injected Pulsars:     1
Sep 02 11:55:48 INFO >> Injection Candidates: 1
Sep 02 11:55:48 INFO >> Recovered Injections: 1
Sep 02 11:55:48 INFO >> 1 candidates.
Sep 02 11:55:48 INFO >> Best candidate: F0: 15.186 DM: 86.93 Sigma: 9.84
Sep 02 11:55:49 INFO >> Unlinked shared memory for cumulative stack.
Sep 02 11:55:49 INFO >> Pipeline execution time: 2.08 minutes
