Sep 02 10:27:55 INFO >> {"message": "Waiting for suitable server to become available", "selector": "Primary()", "operation": "find", "topologyDescription": "<TopologyDescription id: 66d5932b932d6a9348311754, topology_type: Unknown, servers: [<ServerDescription ('localhost', 27017) server_type: Unknown, rtt: None>]>", "clientId": {"$oid": "66d5932b932d6a9348311754"}, "remainingTimeMS": 29}
Sep 02 10:27:55 INFO >> Features initialized as the following:
Sep 02 10:27:55 INFO >> num_unique_dms
Sep 02 10:27:55 INFO >> num_unique_freqs
Sep 02 10:27:55 INFO >> ndetections
Sep 02 10:27:55 INFO >> nharm
Sep 02 10:27:55 INFO >> log_p_dm
Sep 02 10:27:55 INFO >> ['dm_sigma_FitGaussWidth_gauss_sigma', 'dm_sigma_FitGaussWidth_gauss_sigma_rel_err', 'dm_sigma_FitGaussWidth_ndof', 'dm_sigma_FitGaussWidth_rms_err']
Sep 02 10:27:55 INFO >> ['dm_sigma_FitGauss_amplitude', 'dm_sigma_FitGauss_mu', 'dm_sigma_FitGauss_gauss_sigma', 'dm_sigma_FitGauss_amplitude_rel_err', 'dm_sigma_FitGauss_mu_rel_err', 'dm_sigma_FitGauss_gauss_sigma_rel_err', 'dm_sigma_FitGauss_amplitude-detection', 'dm_sigma_FitGauss_mu-detection', 'dm_sigma_FitGauss_ndof', 'dm_sigma_FitGauss_rms_err']
Sep 02 10:27:55 INFO >> ['freq_sigma_FitGaussWidth_gauss_sigma', 'freq_sigma_FitGaussWidth_gauss_sigma_rel_err', 'freq_sigma_FitGaussWidth_ndof', 'freq_sigma_FitGaussWidth_rms_err']
Sep 02 10:27:55 INFO >> ['freq_sigma_FitGauss_amplitude', 'freq_sigma_FitGauss_mu', 'freq_sigma_FitGauss_gauss_sigma', 'freq_sigma_FitGauss_amplitude_rel_err', 'freq_sigma_FitGauss_mu_rel_err', 'freq_sigma_FitGauss_gauss_sigma_rel_err', 'freq_sigma_FitGauss_amplitude-detection', 'freq_sigma_FitGauss_mu-detection', 'freq_sigma_FitGauss_ndof', 'freq_sigma_FitGauss_rms_err']
Sep 02 10:27:55 INFO >> Performing searching on cumulative stack 315.95 49.23
Sep 02 10:27:55 INFO >> Loading the cumulative power spectra stack to search
Sep 02 10:28:52 INFO >> DM: 161.82180182872239
Sep 02 10:28:52 INFO >> sigma: 13.564749111258955
Sep 02 10:28:52 INFO >> frequency: 55.45168016873903
Sep 02 10:28:52 INFO >> Injecting 9 harmonics.
Sep 02 10:28:52 INFO >> Starting DM: 159.99393224238224
Sep 02 10:28:52 INFO >> Stopping DM: 163.63705783423916
Sep 02 10:28:52 INFO >> Expected detection at 11.83 sigma with 8 harmonics.
Sep 02 10:29:06 INFO >> Start searching 6558 dm trials using 32 harmonics.
Sep 02 10:29:12 INFO >> Moved power spectra to shared memory.
Sep 02 10:29:12 INFO >> Number of dm trials in single multi processing job: 10
Sep 02 10:29:53 INFO >> Total number of detections=15614
Sep 02 10:29:53 INFO >> Clustering the detections
Sep 02 10:29:53 INFO >> Starting clustering
Sep 02 10:29:53 INFO >> Rogue harmonic power filter reduced detections from 15614 to 8556
Sep 02 10:29:53 INFO >> Filtering out duplicate freq,dm detections at multiple nharms removes 792 detections
Sep 02 10:29:53 INFO >> Duplicate freq,dm filter reduced detections to 7764
Sep 02 10:29:53 INFO >> Number of detections over threshold sigma (6.0): 7764
Sep 02 10:29:53 INFO >> Grouping duplicate frequencies together first
Sep 02 10:29:53 INFO >> Grouping duplicate frequencies removed 7235 detections from the harmonic metric computation
Sep 02 10:29:53 INFO >> Starting freq-DM distance metric computation
Sep 02 10:29:54 INFO >> Finished freq-DM distance metric computation
Sep 02 10:29:54 INFO >> Largest group size for metric computation is 97
Sep 02 10:29:54 INFO >> Starting harmonic distance metric computation
Sep 02 10:29:54 INFO >> Finished harmonic distance metric computation
Sep 02 10:29:54 INFO >> Starting DBSCAN
Sep 02 10:29:55 INFO >> Finished DBSCAN
Sep 02 10:29:55 INFO >> Clusters found: 76
Sep 02 10:29:55 INFO >> Filtered 32 clusters below or equal 2 DM.
Sep 02 10:29:55 INFO >> Total number of candidate clusters=1
Sep 02 10:29:55 INFO >> Candidate Processor of stack (315.95 49.23)
Sep 02 10:29:55 INFO >> Making SinglePointingCandidates from a list of 1 PowerSpectraDetectionClusters
Sep 02 10:29:57 INFO >> saved candidates to ./results//injections/315.95_49.23_cumulative_power_spectra_stack_20220627_11_tpa.yml_(223,)_candidates.npz
Sep 02 10:29:57 INFO >> Injected Pulsars:     1
Sep 02 10:29:57 INFO >> Injection Candidates: 1
Sep 02 10:29:57 INFO >> Recovered Injections: 1
Sep 02 10:29:57 INFO >> 1 candidates.
Sep 02 10:29:57 INFO >> Best candidate: F0: 55.452 DM: 161.82 Sigma: 11.49
Sep 02 10:29:58 INFO >> Unlinked shared memory for cumulative stack.
Sep 02 10:29:58 INFO >> Pipeline execution time: 2.05 minutes
