Sep 02 17:37:01 INFO >> {"message": "Waiting for suitable server to become available", "selector": "Primary()", "operation": "find", "topologyDescription": "<TopologyDescription id: 66d5f7bdc09cd15ae15aea53, topology_type: Unknown, servers: [<ServerDescription ('localhost', 27017) server_type: Unknown, rtt: None>]>", "clientId": {"$oid": "66d5f7bdc09cd15ae15aea53"}, "remainingTimeMS": 29}
Sep 02 17:37:01 INFO >> Features initialized as the following:
Sep 02 17:37:01 INFO >> num_unique_dms
Sep 02 17:37:01 INFO >> num_unique_freqs
Sep 02 17:37:01 INFO >> ndetections
Sep 02 17:37:01 INFO >> nharm
Sep 02 17:37:01 INFO >> log_p_dm
Sep 02 17:37:01 INFO >> ['dm_sigma_FitGaussWidth_gauss_sigma', 'dm_sigma_FitGaussWidth_gauss_sigma_rel_err', 'dm_sigma_FitGaussWidth_ndof', 'dm_sigma_FitGaussWidth_rms_err']
Sep 02 17:37:01 INFO >> ['dm_sigma_FitGauss_amplitude', 'dm_sigma_FitGauss_mu', 'dm_sigma_FitGauss_gauss_sigma', 'dm_sigma_FitGauss_amplitude_rel_err', 'dm_sigma_FitGauss_mu_rel_err', 'dm_sigma_FitGauss_gauss_sigma_rel_err', 'dm_sigma_FitGauss_amplitude-detection', 'dm_sigma_FitGauss_mu-detection', 'dm_sigma_FitGauss_ndof', 'dm_sigma_FitGauss_rms_err']
Sep 02 17:37:01 INFO >> ['freq_sigma_FitGaussWidth_gauss_sigma', 'freq_sigma_FitGaussWidth_gauss_sigma_rel_err', 'freq_sigma_FitGaussWidth_ndof', 'freq_sigma_FitGaussWidth_rms_err']
Sep 02 17:37:01 INFO >> ['freq_sigma_FitGauss_amplitude', 'freq_sigma_FitGauss_mu', 'freq_sigma_FitGauss_gauss_sigma', 'freq_sigma_FitGauss_amplitude_rel_err', 'freq_sigma_FitGauss_mu_rel_err', 'freq_sigma_FitGauss_gauss_sigma_rel_err', 'freq_sigma_FitGauss_amplitude-detection', 'freq_sigma_FitGauss_mu-detection', 'freq_sigma_FitGauss_ndof', 'freq_sigma_FitGauss_rms_err']
Sep 02 17:37:01 INFO >> Performing searching on cumulative stack 315.95 49.23
Sep 02 17:37:01 INFO >> Loading the cumulative power spectra stack to search
Sep 02 17:37:59 INFO >> DM: 123.54841312340508
Sep 02 17:37:59 INFO >> sigma: 10.288080801422499
Sep 02 17:37:59 INFO >> frequency: 28.235353567787016
Sep 02 17:37:59 INFO >> Injecting 18 harmonics.
Sep 02 17:37:59 INFO >> Starting DM: 119.91955073195633
Sep 02 17:37:59 INFO >> Stopping DM: 127.20580191567015
Sep 02 17:37:59 INFO >> Expected detection at 8.78 sigma with 4 harmonics.
Sep 02 17:38:13 INFO >> Start searching 6558 dm trials using 32 harmonics.
Sep 02 17:38:19 INFO >> Moved power spectra to shared memory.
Sep 02 17:38:19 INFO >> Number of dm trials in single multi processing job: 10
Sep 02 17:38:59 INFO >> Total number of detections=15630
Sep 02 17:38:59 INFO >> Clustering the detections
Sep 02 17:38:59 INFO >> Starting clustering
Sep 02 17:38:59 INFO >> Rogue harmonic power filter reduced detections from 15630 to 8572
Sep 02 17:38:59 INFO >> Filtering out duplicate freq,dm detections at multiple nharms removes 806 detections
Sep 02 17:38:59 INFO >> Duplicate freq,dm filter reduced detections to 7766
Sep 02 17:38:59 INFO >> Number of detections over threshold sigma (6.0): 7766
Sep 02 17:38:59 INFO >> Grouping duplicate frequencies together first
Sep 02 17:38:59 INFO >> Grouping duplicate frequencies removed 7241 detections from the harmonic metric computation
Sep 02 17:38:59 INFO >> Starting freq-DM distance metric computation
Sep 02 17:39:00 INFO >> Finished freq-DM distance metric computation
Sep 02 17:39:00 INFO >> Largest group size for metric computation is 97
Sep 02 17:39:00 INFO >> Starting harmonic distance metric computation
Sep 02 17:39:01 INFO >> Finished harmonic distance metric computation
Sep 02 17:39:01 INFO >> Starting DBSCAN
Sep 02 17:39:01 INFO >> Finished DBSCAN
Sep 02 17:39:01 INFO >> Clusters found: 76
Sep 02 17:39:01 INFO >> Filtered 32 clusters below or equal 2 DM.
Sep 02 17:39:01 INFO >> Total number of candidate clusters=1
Sep 02 17:39:01 INFO >> Candidate Processor of stack (315.95 49.23)
Sep 02 17:39:01 INFO >> Making SinglePointingCandidates from a list of 1 PowerSpectraDetectionClusters
Sep 02 17:39:03 INFO >> saved candidates to ./results//injections/315.95_49.23_cumulative_power_spectra_stack_20220627_11_tpa.yml_(428,)_candidates.npz
Sep 02 17:39:03 INFO >> Injected Pulsars:     1
Sep 02 17:39:03 INFO >> Injection Candidates: 1
Sep 02 17:39:03 INFO >> Recovered Injections: 1
Sep 02 17:39:03 INFO >> 1 candidates.
Sep 02 17:39:03 INFO >> Best candidate: F0: 28.235 DM: 123.56 Sigma: 9.35
Sep 02 17:39:05 INFO >> Unlinked shared memory for cumulative stack.
Sep 02 17:39:05 INFO >> Pipeline execution time: 2.07 minutes
