Sep 02 09:58:38 INFO >> {"message": "Waiting for suitable server to become available", "selector": "Primary()", "operation": "find", "topologyDescription": "<TopologyDescription id: 66d58c4e364f63a644ad2c42, topology_type: Unknown, servers: [<ServerDescription ('localhost', 27017) server_type: Unknown, rtt: None>]>", "clientId": {"$oid": "66d58c4e364f63a644ad2c42"}, "remainingTimeMS": 29}
Sep 02 09:58:38 INFO >> Features initialized as the following:
Sep 02 09:58:38 INFO >> num_unique_dms
Sep 02 09:58:38 INFO >> num_unique_freqs
Sep 02 09:58:38 INFO >> ndetections
Sep 02 09:58:38 INFO >> nharm
Sep 02 09:58:38 INFO >> log_p_dm
Sep 02 09:58:38 INFO >> ['dm_sigma_FitGaussWidth_gauss_sigma', 'dm_sigma_FitGaussWidth_gauss_sigma_rel_err', 'dm_sigma_FitGaussWidth_ndof', 'dm_sigma_FitGaussWidth_rms_err']
Sep 02 09:58:38 INFO >> ['dm_sigma_FitGauss_amplitude', 'dm_sigma_FitGauss_mu', 'dm_sigma_FitGauss_gauss_sigma', 'dm_sigma_FitGauss_amplitude_rel_err', 'dm_sigma_FitGauss_mu_rel_err', 'dm_sigma_FitGauss_gauss_sigma_rel_err', 'dm_sigma_FitGauss_amplitude-detection', 'dm_sigma_FitGauss_mu-detection', 'dm_sigma_FitGauss_ndof', 'dm_sigma_FitGauss_rms_err']
Sep 02 09:58:38 INFO >> ['freq_sigma_FitGaussWidth_gauss_sigma', 'freq_sigma_FitGaussWidth_gauss_sigma_rel_err', 'freq_sigma_FitGaussWidth_ndof', 'freq_sigma_FitGaussWidth_rms_err']
Sep 02 09:58:38 INFO >> ['freq_sigma_FitGauss_amplitude', 'freq_sigma_FitGauss_mu', 'freq_sigma_FitGauss_gauss_sigma', 'freq_sigma_FitGauss_amplitude_rel_err', 'freq_sigma_FitGauss_mu_rel_err', 'freq_sigma_FitGauss_gauss_sigma_rel_err', 'freq_sigma_FitGauss_amplitude-detection', 'freq_sigma_FitGauss_mu-detection', 'freq_sigma_FitGauss_ndof', 'freq_sigma_FitGauss_rms_err']
Sep 02 09:58:39 INFO >> Performing searching on cumulative stack 315.95 49.23
Sep 02 09:58:39 INFO >> Loading the cumulative power spectra stack to search
Sep 02 09:59:36 INFO >> DM: 119.53759425667954
Sep 02 09:59:36 INFO >> sigma: 12.02128858035227
Sep 02 09:59:36 INFO >> frequency: 62.45552661979597
Sep 02 09:59:36 INFO >> Injecting 8 harmonics.
Sep 02 09:59:36 INFO >> Starting DM: 117.8955920698136
Sep 02 09:59:36 INFO >> Stopping DM: 121.23512386234911
Sep 02 09:59:36 INFO >> Expected detection at 8.78 sigma with 8 harmonics.
Sep 02 09:59:50 INFO >> Start searching 6558 dm trials using 32 harmonics.
Sep 02 09:59:56 INFO >> Moved power spectra to shared memory.
Sep 02 09:59:56 INFO >> Number of dm trials in single multi processing job: 10
Sep 02 10:00:37 INFO >> Total number of detections=15607
Sep 02 10:00:37 INFO >> Clustering the detections
Sep 02 10:00:37 INFO >> Starting clustering
Sep 02 10:00:37 INFO >> Rogue harmonic power filter reduced detections from 15607 to 8547
Sep 02 10:00:37 INFO >> Filtering out duplicate freq,dm detections at multiple nharms removes 793 detections
Sep 02 10:00:37 INFO >> Duplicate freq,dm filter reduced detections to 7754
Sep 02 10:00:37 INFO >> Number of detections over threshold sigma (6.0): 7754
Sep 02 10:00:37 INFO >> Grouping duplicate frequencies together first
Sep 02 10:00:37 INFO >> Grouping duplicate frequencies removed 7223 detections from the harmonic metric computation
Sep 02 10:00:37 INFO >> Starting freq-DM distance metric computation
Sep 02 10:00:37 INFO >> Finished freq-DM distance metric computation
Sep 02 10:00:38 INFO >> Largest group size for metric computation is 97
Sep 02 10:00:38 INFO >> Starting harmonic distance metric computation
Sep 02 10:00:38 INFO >> Finished harmonic distance metric computation
Sep 02 10:00:38 INFO >> Starting DBSCAN
Sep 02 10:00:38 INFO >> Finished DBSCAN
Sep 02 10:00:38 INFO >> Clusters found: 75
Sep 02 10:00:38 INFO >> Filtered 31 clusters below or equal 2 DM.
Sep 02 10:00:38 INFO >> Total number of candidate clusters=1
Sep 02 10:00:38 INFO >> Candidate Processor of stack (315.95 49.23)
Sep 02 10:00:38 INFO >> Making SinglePointingCandidates from a list of 1 PowerSpectraDetectionClusters
Sep 02 10:00:41 INFO >> saved candidates to ./results//injections/315.95_49.23_cumulative_power_spectra_stack_20220627_11_tpa.yml_(209,)_candidates.npz
Sep 02 10:00:41 INFO >> Injected Pulsars:     1
Sep 02 10:00:41 INFO >> Injection Candidates: 1
Sep 02 10:00:41 INFO >> Recovered Injections: 1
Sep 02 10:00:41 INFO >> 1 candidates.
Sep 02 10:00:41 INFO >> Best candidate: F0: 62.455 DM: 119.51 Sigma: 9.76
Sep 02 10:00:42 INFO >> Unlinked shared memory for cumulative stack.
Sep 02 10:00:42 INFO >> Pipeline execution time: 2.06 minutes
