Sep 02 12:02:07 INFO >> {"message": "Waiting for suitable server to become available", "selector": "Primary()", "operation": "find", "topologyDescription": "<TopologyDescription id: 66d5a93f240a007b26494866, topology_type: Unknown, servers: [<ServerDescription ('localhost', 27017) server_type: Unknown, rtt: None>]>", "clientId": {"$oid": "66d5a93f240a007b26494866"}, "remainingTimeMS": 29}
Sep 02 12:02:07 INFO >> Features initialized as the following:
Sep 02 12:02:07 INFO >> num_unique_dms
Sep 02 12:02:07 INFO >> num_unique_freqs
Sep 02 12:02:07 INFO >> ndetections
Sep 02 12:02:07 INFO >> nharm
Sep 02 12:02:07 INFO >> log_p_dm
Sep 02 12:02:07 INFO >> ['dm_sigma_FitGaussWidth_gauss_sigma', 'dm_sigma_FitGaussWidth_gauss_sigma_rel_err', 'dm_sigma_FitGaussWidth_ndof', 'dm_sigma_FitGaussWidth_rms_err']
Sep 02 12:02:07 INFO >> ['dm_sigma_FitGauss_amplitude', 'dm_sigma_FitGauss_mu', 'dm_sigma_FitGauss_gauss_sigma', 'dm_sigma_FitGauss_amplitude_rel_err', 'dm_sigma_FitGauss_mu_rel_err', 'dm_sigma_FitGauss_gauss_sigma_rel_err', 'dm_sigma_FitGauss_amplitude-detection', 'dm_sigma_FitGauss_mu-detection', 'dm_sigma_FitGauss_ndof', 'dm_sigma_FitGauss_rms_err']
Sep 02 12:02:07 INFO >> ['freq_sigma_FitGaussWidth_gauss_sigma', 'freq_sigma_FitGaussWidth_gauss_sigma_rel_err', 'freq_sigma_FitGaussWidth_ndof', 'freq_sigma_FitGaussWidth_rms_err']
Sep 02 12:02:07 INFO >> ['freq_sigma_FitGauss_amplitude', 'freq_sigma_FitGauss_mu', 'freq_sigma_FitGauss_gauss_sigma', 'freq_sigma_FitGauss_amplitude_rel_err', 'freq_sigma_FitGauss_mu_rel_err', 'freq_sigma_FitGauss_gauss_sigma_rel_err', 'freq_sigma_FitGauss_amplitude-detection', 'freq_sigma_FitGauss_mu-detection', 'freq_sigma_FitGauss_ndof', 'freq_sigma_FitGauss_rms_err']
Sep 02 12:02:08 INFO >> Performing searching on cumulative stack 315.95 49.23
Sep 02 12:02:08 INFO >> Loading the cumulative power spectra stack to search
Sep 02 12:03:05 INFO >> DM: 169.2900643014188
Sep 02 12:03:05 INFO >> sigma: 11.92520474120109
Sep 02 12:03:05 INFO >> frequency: 30.721491007115972
Sep 02 12:03:06 INFO >> Injecting 16 harmonics.
Sep 02 12:03:06 INFO >> Starting DM: 165.9646102957033
Sep 02 12:03:06 INFO >> Stopping DM: 172.6436738807743
Sep 02 12:03:06 INFO >> Expected detection at 7.03 sigma with 16 harmonics.
Sep 02 12:03:20 INFO >> Start searching 6558 dm trials using 32 harmonics.
Sep 02 12:03:25 INFO >> Moved power spectra to shared memory.
Sep 02 12:03:25 INFO >> Number of dm trials in single multi processing job: 10
Sep 02 12:04:06 INFO >> Total number of detections=15596
Sep 02 12:04:06 INFO >> Clustering the detections
Sep 02 12:04:06 INFO >> Starting clustering
Sep 02 12:04:06 INFO >> Rogue harmonic power filter reduced detections from 15596 to 8538
Sep 02 12:04:06 INFO >> Filtering out duplicate freq,dm detections at multiple nharms removes 790 detections
Sep 02 12:04:06 INFO >> Duplicate freq,dm filter reduced detections to 7748
Sep 02 12:04:06 INFO >> Number of detections over threshold sigma (6.0): 7748
Sep 02 12:04:06 INFO >> Grouping duplicate frequencies together first
Sep 02 12:04:06 INFO >> Grouping duplicate frequencies removed 7223 detections from the harmonic metric computation
Sep 02 12:04:06 INFO >> Starting freq-DM distance metric computation
Sep 02 12:04:07 INFO >> Finished freq-DM distance metric computation
Sep 02 12:04:07 INFO >> Largest group size for metric computation is 97
Sep 02 12:04:07 INFO >> Starting harmonic distance metric computation
Sep 02 12:04:08 INFO >> Finished harmonic distance metric computation
Sep 02 12:04:08 INFO >> Starting DBSCAN
Sep 02 12:04:08 INFO >> Finished DBSCAN
Sep 02 12:04:08 INFO >> Clusters found: 76
Sep 02 12:04:08 INFO >> Filtered 32 clusters below or equal 2 DM.
Sep 02 12:04:08 INFO >> Total number of candidate clusters=1
Sep 02 12:04:08 INFO >> Candidate Processor of stack (315.95 49.23)
Sep 02 12:04:08 INFO >> Making SinglePointingCandidates from a list of 1 PowerSpectraDetectionClusters
Sep 02 12:04:10 INFO >> saved candidates to ./results//injections/315.95_49.23_cumulative_power_spectra_stack_20220627_11_tpa.yml_(268,)_candidates.npz
Sep 02 12:04:10 INFO >> Injected Pulsars:     1
Sep 02 12:04:10 INFO >> Injection Candidates: 1
Sep 02 12:04:10 INFO >> Recovered Injections: 1
Sep 02 12:04:10 INFO >> 1 candidates.
Sep 02 12:04:10 INFO >> Best candidate: F0: 30.722 DM: 169.30 Sigma: 7.69
Sep 02 12:04:11 INFO >> Unlinked shared memory for cumulative stack.
Sep 02 12:04:11 INFO >> Pipeline execution time: 2.07 minutes
