Sep 02 07:11:15 INFO >> {"message": "Waiting for suitable server to become available", "selector": "Primary()", "operation": "find", "topologyDescription": "<TopologyDescription id: 66d56513cbff22cec4ec6f2b, topology_type: Unknown, servers: [<ServerDescription ('localhost', 27017) server_type: Unknown, rtt: None>]>", "clientId": {"$oid": "66d56513cbff22cec4ec6f2b"}, "remainingTimeMS": 29}
Sep 02 07:11:16 INFO >> Features initialized as the following:
Sep 02 07:11:16 INFO >> num_unique_dms
Sep 02 07:11:16 INFO >> num_unique_freqs
Sep 02 07:11:16 INFO >> ndetections
Sep 02 07:11:16 INFO >> nharm
Sep 02 07:11:16 INFO >> log_p_dm
Sep 02 07:11:16 INFO >> ['dm_sigma_FitGaussWidth_gauss_sigma', 'dm_sigma_FitGaussWidth_gauss_sigma_rel_err', 'dm_sigma_FitGaussWidth_ndof', 'dm_sigma_FitGaussWidth_rms_err']
Sep 02 07:11:16 INFO >> ['dm_sigma_FitGauss_amplitude', 'dm_sigma_FitGauss_mu', 'dm_sigma_FitGauss_gauss_sigma', 'dm_sigma_FitGauss_amplitude_rel_err', 'dm_sigma_FitGauss_mu_rel_err', 'dm_sigma_FitGauss_gauss_sigma_rel_err', 'dm_sigma_FitGauss_amplitude-detection', 'dm_sigma_FitGauss_mu-detection', 'dm_sigma_FitGauss_ndof', 'dm_sigma_FitGauss_rms_err']
Sep 02 07:11:16 INFO >> ['freq_sigma_FitGaussWidth_gauss_sigma', 'freq_sigma_FitGaussWidth_gauss_sigma_rel_err', 'freq_sigma_FitGaussWidth_ndof', 'freq_sigma_FitGaussWidth_rms_err']
Sep 02 07:11:16 INFO >> ['freq_sigma_FitGauss_amplitude', 'freq_sigma_FitGauss_mu', 'freq_sigma_FitGauss_gauss_sigma', 'freq_sigma_FitGauss_amplitude_rel_err', 'freq_sigma_FitGauss_mu_rel_err', 'freq_sigma_FitGauss_gauss_sigma_rel_err', 'freq_sigma_FitGauss_amplitude-detection', 'freq_sigma_FitGauss_mu-detection', 'freq_sigma_FitGauss_ndof', 'freq_sigma_FitGauss_rms_err']
Sep 02 07:11:16 INFO >> Performing searching on cumulative stack 315.95 49.23
Sep 02 07:11:16 INFO >> Loading the cumulative power spectra stack to search
Sep 02 07:12:13 INFO >> DM: 20.248196743801277
Sep 02 07:12:13 INFO >> sigma: 10.60939193677316
Sep 02 07:12:13 INFO >> frequency: 68.20363671568484
Sep 02 07:12:13 INFO >> Injecting 7 harmonics.
Sep 02 07:12:13 INFO >> Starting DM: 18.721617624820187
Sep 02 07:12:13 INFO >> Stopping DM: 21.75755561803427
Sep 02 07:12:13 INFO >> Expected detection at 8.00 sigma with 4 harmonics.
Sep 02 07:12:27 INFO >> Start searching 6558 dm trials using 32 harmonics.
Sep 02 07:12:33 INFO >> Moved power spectra to shared memory.
Sep 02 07:12:33 INFO >> Number of dm trials in single multi processing job: 10
Sep 02 07:13:14 INFO >> Total number of detections=15581
Sep 02 07:13:14 INFO >> Clustering the detections
Sep 02 07:13:14 INFO >> Starting clustering
Sep 02 07:13:14 INFO >> Rogue harmonic power filter reduced detections from 15581 to 8523
Sep 02 07:13:14 INFO >> Filtering out duplicate freq,dm detections at multiple nharms removes 787 detections
Sep 02 07:13:14 INFO >> Duplicate freq,dm filter reduced detections to 7736
Sep 02 07:13:14 INFO >> Number of detections over threshold sigma (6.0): 7736
Sep 02 07:13:14 INFO >> Grouping duplicate frequencies together first
Sep 02 07:13:14 INFO >> Grouping duplicate frequencies removed 7216 detections from the harmonic metric computation
Sep 02 07:13:14 INFO >> Starting freq-DM distance metric computation
Sep 02 07:13:15 INFO >> Finished freq-DM distance metric computation
Sep 02 07:13:15 INFO >> Largest group size for metric computation is 97
Sep 02 07:13:15 INFO >> Starting harmonic distance metric computation
Sep 02 07:13:16 INFO >> Finished harmonic distance metric computation
Sep 02 07:13:16 INFO >> Starting DBSCAN
Sep 02 07:13:16 INFO >> Finished DBSCAN
Sep 02 07:13:16 INFO >> Clusters found: 75
Sep 02 07:13:16 INFO >> Filtered 32 clusters below or equal 2 DM.
Sep 02 07:13:16 INFO >> Total number of candidate clusters=0
Sep 02 07:13:16 INFO >> Candidate Processor of stack (315.95 49.23)
Sep 02 07:13:16 INFO >> Making SinglePointingCandidates from a list of 0 PowerSpectraDetectionClusters
Sep 02 07:13:18 INFO >> saved candidates to ./results//injections/315.95_49.23_cumulative_power_spectra_stack_20220627_11_tpa.yml_(129,)_candidates.npz
Sep 02 07:13:18 INFO >> Injected Pulsars:     1
Sep 02 07:13:18 INFO >> Injection Candidates: 0
Sep 02 07:13:18 INFO >> Recovered Injections: 0
Sep 02 07:13:18 INFO >> 0 candidates.
Sep 02 07:13:19 INFO >> Unlinked shared memory for cumulative stack.
Sep 02 07:13:19 INFO >> Pipeline execution time: 2.06 minutes
