Sep 02 21:43:56 INFO >> {"message": "Waiting for suitable server to become available", "selector": "Primary()", "operation": "find", "topologyDescription": "<TopologyDescription id: 66d6319cd2e1340bc5214d00, topology_type: Unknown, servers: [<ServerDescription ('localhost', 27017) server_type: Unknown, rtt: None>]>", "clientId": {"$oid": "66d6319cd2e1340bc5214d00"}, "remainingTimeMS": 29}
Sep 02 21:43:56 INFO >> Features initialized as the following:
Sep 02 21:43:56 INFO >> num_unique_dms
Sep 02 21:43:56 INFO >> num_unique_freqs
Sep 02 21:43:56 INFO >> ndetections
Sep 02 21:43:56 INFO >> nharm
Sep 02 21:43:56 INFO >> log_p_dm
Sep 02 21:43:56 INFO >> ['dm_sigma_FitGaussWidth_gauss_sigma', 'dm_sigma_FitGaussWidth_gauss_sigma_rel_err', 'dm_sigma_FitGaussWidth_ndof', 'dm_sigma_FitGaussWidth_rms_err']
Sep 02 21:43:56 INFO >> ['dm_sigma_FitGauss_amplitude', 'dm_sigma_FitGauss_mu', 'dm_sigma_FitGauss_gauss_sigma', 'dm_sigma_FitGauss_amplitude_rel_err', 'dm_sigma_FitGauss_mu_rel_err', 'dm_sigma_FitGauss_gauss_sigma_rel_err', 'dm_sigma_FitGauss_amplitude-detection', 'dm_sigma_FitGauss_mu-detection', 'dm_sigma_FitGauss_ndof', 'dm_sigma_FitGauss_rms_err']
Sep 02 21:43:56 INFO >> ['freq_sigma_FitGaussWidth_gauss_sigma', 'freq_sigma_FitGaussWidth_gauss_sigma_rel_err', 'freq_sigma_FitGaussWidth_ndof', 'freq_sigma_FitGaussWidth_rms_err']
Sep 02 21:43:56 INFO >> ['freq_sigma_FitGauss_amplitude', 'freq_sigma_FitGauss_mu', 'freq_sigma_FitGauss_gauss_sigma', 'freq_sigma_FitGauss_amplitude_rel_err', 'freq_sigma_FitGauss_mu_rel_err', 'freq_sigma_FitGauss_gauss_sigma_rel_err', 'freq_sigma_FitGauss_amplitude-detection', 'freq_sigma_FitGauss_mu-detection', 'freq_sigma_FitGauss_ndof', 'freq_sigma_FitGauss_rms_err']
Sep 02 21:43:56 INFO >> Performing searching on cumulative stack 315.95 49.23
Sep 02 21:43:56 INFO >> Loading the cumulative power spectra stack to search
Sep 02 21:44:54 INFO >> DM: 142.560077969194
Sep 02 21:44:54 INFO >> sigma: 12.189633535437133
Sep 02 21:44:54 INFO >> frequency: 67.52138841670791
Sep 02 21:44:54 INFO >> Injecting 7 harmonics.
Sep 02 21:44:54 INFO >> Starting DM: 141.06991875134779
Sep 02 21:44:54 INFO >> Stopping DM: 144.1058567445619
Sep 02 21:44:54 INFO >> Expected detection at 8.25 sigma with 4 harmonics.
Sep 02 21:45:08 INFO >> Start searching 6558 dm trials using 32 harmonics.
Sep 02 21:45:14 INFO >> Moved power spectra to shared memory.
Sep 02 21:45:14 INFO >> Number of dm trials in single multi processing job: 10
Sep 02 21:45:55 INFO >> Total number of detections=15583
Sep 02 21:45:55 INFO >> Clustering the detections
Sep 02 21:45:55 INFO >> Starting clustering
Sep 02 21:45:55 INFO >> Rogue harmonic power filter reduced detections from 15583 to 8525
Sep 02 21:45:55 INFO >> Filtering out duplicate freq,dm detections at multiple nharms removes 787 detections
Sep 02 21:45:55 INFO >> Duplicate freq,dm filter reduced detections to 7738
Sep 02 21:45:55 INFO >> Number of detections over threshold sigma (6.0): 7738
Sep 02 21:45:55 INFO >> Grouping duplicate frequencies together first
Sep 02 21:45:55 INFO >> Grouping duplicate frequencies removed 7217 detections from the harmonic metric computation
Sep 02 21:45:55 INFO >> Starting freq-DM distance metric computation
Sep 02 21:45:55 INFO >> Finished freq-DM distance metric computation
Sep 02 21:45:56 INFO >> Largest group size for metric computation is 97
Sep 02 21:45:56 INFO >> Starting harmonic distance metric computation
Sep 02 21:45:56 INFO >> Finished harmonic distance metric computation
Sep 02 21:45:56 INFO >> Starting DBSCAN
Sep 02 21:45:56 INFO >> Finished DBSCAN
Sep 02 21:45:56 INFO >> Clusters found: 76
Sep 02 21:45:56 INFO >> Filtered 32 clusters below or equal 2 DM.
Sep 02 21:45:56 INFO >> Total number of candidate clusters=1
Sep 02 21:45:57 INFO >> Candidate Processor of stack (315.95 49.23)
Sep 02 21:45:57 INFO >> Making SinglePointingCandidates from a list of 1 PowerSpectraDetectionClusters
Sep 02 21:45:59 INFO >> saved candidates to ./results//injections/315.95_49.23_cumulative_power_spectra_stack_20220627_11_tpa.yml_(546,)_candidates.npz
Sep 02 21:45:59 INFO >> Injected Pulsars:     1
Sep 02 21:45:59 INFO >> Injection Candidates: 1
Sep 02 21:45:59 INFO >> Recovered Injections: 1
Sep 02 21:45:59 INFO >> 1 candidates.
Sep 02 21:45:59 INFO >> Best candidate: F0: 67.521 DM: 142.59 Sigma: 7.84
Sep 02 21:46:00 INFO >> Unlinked shared memory for cumulative stack.
Sep 02 21:46:00 INFO >> Pipeline execution time: 2.07 minutes
