Sep 02 20:47:23 INFO >> {"message": "Waiting for suitable server to become available", "selector": "Primary()", "operation": "find", "topologyDescription": "<TopologyDescription id: 66d6245bd3f74742e7170946, topology_type: Unknown, servers: [<ServerDescription ('localhost', 27017) server_type: Unknown, rtt: None>]>", "clientId": {"$oid": "66d6245bd3f74742e7170946"}, "remainingTimeMS": 29}
Sep 02 20:47:23 INFO >> Features initialized as the following:
Sep 02 20:47:23 INFO >> num_unique_dms
Sep 02 20:47:23 INFO >> num_unique_freqs
Sep 02 20:47:23 INFO >> ndetections
Sep 02 20:47:23 INFO >> nharm
Sep 02 20:47:23 INFO >> log_p_dm
Sep 02 20:47:23 INFO >> ['dm_sigma_FitGaussWidth_gauss_sigma', 'dm_sigma_FitGaussWidth_gauss_sigma_rel_err', 'dm_sigma_FitGaussWidth_ndof', 'dm_sigma_FitGaussWidth_rms_err']
Sep 02 20:47:23 INFO >> ['dm_sigma_FitGauss_amplitude', 'dm_sigma_FitGauss_mu', 'dm_sigma_FitGauss_gauss_sigma', 'dm_sigma_FitGauss_amplitude_rel_err', 'dm_sigma_FitGauss_mu_rel_err', 'dm_sigma_FitGauss_gauss_sigma_rel_err', 'dm_sigma_FitGauss_amplitude-detection', 'dm_sigma_FitGauss_mu-detection', 'dm_sigma_FitGauss_ndof', 'dm_sigma_FitGauss_rms_err']
Sep 02 20:47:23 INFO >> ['freq_sigma_FitGaussWidth_gauss_sigma', 'freq_sigma_FitGaussWidth_gauss_sigma_rel_err', 'freq_sigma_FitGaussWidth_ndof', 'freq_sigma_FitGaussWidth_rms_err']
Sep 02 20:47:23 INFO >> ['freq_sigma_FitGauss_amplitude', 'freq_sigma_FitGauss_mu', 'freq_sigma_FitGauss_gauss_sigma', 'freq_sigma_FitGauss_amplitude_rel_err', 'freq_sigma_FitGauss_mu_rel_err', 'freq_sigma_FitGauss_gauss_sigma_rel_err', 'freq_sigma_FitGauss_amplitude-detection', 'freq_sigma_FitGauss_mu-detection', 'freq_sigma_FitGauss_ndof', 'freq_sigma_FitGauss_rms_err']
Sep 02 20:47:23 INFO >> Performing searching on cumulative stack 315.95 49.23
Sep 02 20:47:23 INFO >> Loading the cumulative power spectra stack to search
Sep 02 20:48:21 INFO >> DM: 134.67263436396158
Sep 02 20:48:21 INFO >> sigma: 15.491703160399473
Sep 02 20:48:21 INFO >> frequency: 13.716829374593967
Sep 02 20:48:21 INFO >> Injecting 37 harmonics.
Sep 02 20:48:21 INFO >> Starting DM: 127.20580191567015
Sep 02 20:48:21 INFO >> Stopping DM: 142.1830960155263
Sep 02 20:48:21 INFO >> Expected detection at 13.29 sigma with 16 harmonics.
Sep 02 20:48:35 INFO >> Start searching 6558 dm trials using 32 harmonics.
Sep 02 20:48:40 INFO >> Moved power spectra to shared memory.
Sep 02 20:48:40 INFO >> Number of dm trials in single multi processing job: 10
Sep 02 20:49:21 INFO >> Total number of detections=15640
Sep 02 20:49:21 INFO >> Clustering the detections
Sep 02 20:49:21 INFO >> Starting clustering
Sep 02 20:49:21 INFO >> Rogue harmonic power filter reduced detections from 15640 to 8582
Sep 02 20:49:21 INFO >> Filtering out duplicate freq,dm detections at multiple nharms removes 805 detections
Sep 02 20:49:21 INFO >> Duplicate freq,dm filter reduced detections to 7777
Sep 02 20:49:21 INFO >> Number of detections over threshold sigma (6.0): 7777
Sep 02 20:49:21 INFO >> Grouping duplicate frequencies together first
Sep 02 20:49:21 INFO >> Grouping duplicate frequencies removed 7246 detections from the harmonic metric computation
Sep 02 20:49:21 INFO >> Starting freq-DM distance metric computation
Sep 02 20:49:22 INFO >> Finished freq-DM distance metric computation
Sep 02 20:49:22 INFO >> Largest group size for metric computation is 97
Sep 02 20:49:22 INFO >> Starting harmonic distance metric computation
Sep 02 20:49:23 INFO >> Finished harmonic distance metric computation
Sep 02 20:49:23 INFO >> Starting DBSCAN
Sep 02 20:49:23 INFO >> Finished DBSCAN
Sep 02 20:49:23 INFO >> Clusters found: 76
Sep 02 20:49:23 INFO >> Filtered 32 clusters below or equal 2 DM.
Sep 02 20:49:23 INFO >> Total number of candidate clusters=1
Sep 02 20:49:23 INFO >> Candidate Processor of stack (315.95 49.23)
Sep 02 20:49:23 INFO >> Making SinglePointingCandidates from a list of 1 PowerSpectraDetectionClusters
Sep 02 20:49:25 INFO >> saved candidates to ./results//injections/315.95_49.23_cumulative_power_spectra_stack_20220627_11_tpa.yml_(519,)_candidates.npz
Sep 02 20:49:25 INFO >> Injected Pulsars:     1
Sep 02 20:49:25 INFO >> Injection Candidates: 1
Sep 02 20:49:25 INFO >> Recovered Injections: 1
Sep 02 20:49:25 INFO >> 1 candidates.
Sep 02 20:49:25 INFO >> Best candidate: F0: 13.717 DM: 134.69 Sigma: 13.71
Sep 02 20:49:26 INFO >> Unlinked shared memory for cumulative stack.
Sep 02 20:49:26 INFO >> Pipeline execution time: 2.07 minutes
