Sep 02 12:29:19 INFO >> {"message": "Waiting for suitable server to become available", "selector": "Primary()", "operation": "find", "topologyDescription": "<TopologyDescription id: 66d5af9f7c521156cfba50a9, topology_type: Unknown, servers: [<ServerDescription ('localhost', 27017) server_type: Unknown, rtt: None>]>", "clientId": {"$oid": "66d5af9f7c521156cfba50a9"}, "remainingTimeMS": 29}
Sep 02 12:29:20 INFO >> Features initialized as the following:
Sep 02 12:29:20 INFO >> num_unique_dms
Sep 02 12:29:20 INFO >> num_unique_freqs
Sep 02 12:29:20 INFO >> ndetections
Sep 02 12:29:20 INFO >> nharm
Sep 02 12:29:20 INFO >> log_p_dm
Sep 02 12:29:20 INFO >> ['dm_sigma_FitGaussWidth_gauss_sigma', 'dm_sigma_FitGaussWidth_gauss_sigma_rel_err', 'dm_sigma_FitGaussWidth_ndof', 'dm_sigma_FitGaussWidth_rms_err']
Sep 02 12:29:20 INFO >> ['dm_sigma_FitGauss_amplitude', 'dm_sigma_FitGauss_mu', 'dm_sigma_FitGauss_gauss_sigma', 'dm_sigma_FitGauss_amplitude_rel_err', 'dm_sigma_FitGauss_mu_rel_err', 'dm_sigma_FitGauss_gauss_sigma_rel_err', 'dm_sigma_FitGauss_amplitude-detection', 'dm_sigma_FitGauss_mu-detection', 'dm_sigma_FitGauss_ndof', 'dm_sigma_FitGauss_rms_err']
Sep 02 12:29:20 INFO >> ['freq_sigma_FitGaussWidth_gauss_sigma', 'freq_sigma_FitGaussWidth_gauss_sigma_rel_err', 'freq_sigma_FitGaussWidth_ndof', 'freq_sigma_FitGaussWidth_rms_err']
Sep 02 12:29:20 INFO >> ['freq_sigma_FitGauss_amplitude', 'freq_sigma_FitGauss_mu', 'freq_sigma_FitGauss_gauss_sigma', 'freq_sigma_FitGauss_amplitude_rel_err', 'freq_sigma_FitGauss_mu_rel_err', 'freq_sigma_FitGauss_gauss_sigma_rel_err', 'freq_sigma_FitGauss_amplitude-detection', 'freq_sigma_FitGauss_mu-detection', 'freq_sigma_FitGauss_ndof', 'freq_sigma_FitGauss_rms_err']
Sep 02 12:29:20 INFO >> Performing searching on cumulative stack 315.95 49.23
Sep 02 12:29:20 INFO >> Loading the cumulative power spectra stack to search
Sep 02 12:30:17 INFO >> DM: 168.01325238860196
Sep 02 12:30:17 INFO >> sigma: 14.490746511233866
Sep 02 12:30:17 INFO >> frequency: 86.20840228889602
Sep 02 12:30:17 INFO >> Injecting 5 harmonics.
Sep 02 12:30:17 INFO >> Starting DM: 166.7741937605604
Sep 02 12:30:17 INFO >> Stopping DM: 169.20294415513166
Sep 02 12:30:17 INFO >> Expected detection at 12.70 sigma with 4 harmonics.
Sep 02 12:30:31 INFO >> Start searching 6558 dm trials using 32 harmonics.
Sep 02 12:30:37 INFO >> Moved power spectra to shared memory.
Sep 02 12:30:37 INFO >> Number of dm trials in single multi processing job: 10
Sep 02 12:31:17 INFO >> Total number of detections=15624
Sep 02 12:31:17 INFO >> Clustering the detections
Sep 02 12:31:17 INFO >> Starting clustering
Sep 02 12:31:17 INFO >> Rogue harmonic power filter reduced detections from 15624 to 8566
Sep 02 12:31:17 INFO >> Filtering out duplicate freq,dm detections at multiple nharms removes 809 detections
Sep 02 12:31:17 INFO >> Duplicate freq,dm filter reduced detections to 7757
Sep 02 12:31:17 INFO >> Number of detections over threshold sigma (6.0): 7757
Sep 02 12:31:17 INFO >> Grouping duplicate frequencies together first
Sep 02 12:31:17 INFO >> Grouping duplicate frequencies removed 7226 detections from the harmonic metric computation
Sep 02 12:31:17 INFO >> Starting freq-DM distance metric computation
Sep 02 12:31:18 INFO >> Finished freq-DM distance metric computation
Sep 02 12:31:18 INFO >> Largest group size for metric computation is 97
Sep 02 12:31:18 INFO >> Starting harmonic distance metric computation
Sep 02 12:31:19 INFO >> Finished harmonic distance metric computation
Sep 02 12:31:19 INFO >> Starting DBSCAN
Sep 02 12:31:19 INFO >> Finished DBSCAN
Sep 02 12:31:19 INFO >> Clusters found: 76
Sep 02 12:31:19 INFO >> Filtered 32 clusters below or equal 2 DM.
Sep 02 12:31:19 INFO >> Total number of candidate clusters=1
Sep 02 12:31:19 INFO >> Candidate Processor of stack (315.95 49.23)
Sep 02 12:31:19 INFO >> Making SinglePointingCandidates from a list of 1 PowerSpectraDetectionClusters
Sep 02 12:31:21 INFO >> saved candidates to ./results//injections/315.95_49.23_cumulative_power_spectra_stack_20220627_11_tpa.yml_(281,)_candidates.npz
Sep 02 12:31:21 INFO >> Injected Pulsars:     1
Sep 02 12:31:21 INFO >> Injection Candidates: 1
Sep 02 12:31:21 INFO >> Recovered Injections: 1
Sep 02 12:31:21 INFO >> 1 candidates.
Sep 02 12:31:21 INFO >> Best candidate: F0: 86.208 DM: 167.99 Sigma: 12.20
Sep 02 12:31:23 INFO >> Unlinked shared memory for cumulative stack.
Sep 02 12:31:23 INFO >> Pipeline execution time: 2.05 minutes
