Sep 02 06:31:29 INFO >> {"message": "Waiting for suitable server to become available", "selector": "Primary()", "operation": "find", "topologyDescription": "<TopologyDescription id: 66d55bc18e7b725d27a86957, topology_type: Unknown, servers: [<ServerDescription ('localhost', 27017) server_type: Unknown, rtt: None>]>", "clientId": {"$oid": "66d55bc18e7b725d27a86957"}, "remainingTimeMS": 29}
Sep 02 06:31:29 INFO >> Features initialized as the following:
Sep 02 06:31:29 INFO >> num_unique_dms
Sep 02 06:31:29 INFO >> num_unique_freqs
Sep 02 06:31:29 INFO >> ndetections
Sep 02 06:31:29 INFO >> nharm
Sep 02 06:31:29 INFO >> log_p_dm
Sep 02 06:31:29 INFO >> ['dm_sigma_FitGaussWidth_gauss_sigma', 'dm_sigma_FitGaussWidth_gauss_sigma_rel_err', 'dm_sigma_FitGaussWidth_ndof', 'dm_sigma_FitGaussWidth_rms_err']
Sep 02 06:31:29 INFO >> ['dm_sigma_FitGauss_amplitude', 'dm_sigma_FitGauss_mu', 'dm_sigma_FitGauss_gauss_sigma', 'dm_sigma_FitGauss_amplitude_rel_err', 'dm_sigma_FitGauss_mu_rel_err', 'dm_sigma_FitGauss_gauss_sigma_rel_err', 'dm_sigma_FitGauss_amplitude-detection', 'dm_sigma_FitGauss_mu-detection', 'dm_sigma_FitGauss_ndof', 'dm_sigma_FitGauss_rms_err']
Sep 02 06:31:29 INFO >> ['freq_sigma_FitGaussWidth_gauss_sigma', 'freq_sigma_FitGaussWidth_gauss_sigma_rel_err', 'freq_sigma_FitGaussWidth_ndof', 'freq_sigma_FitGaussWidth_rms_err']
Sep 02 06:31:29 INFO >> ['freq_sigma_FitGauss_amplitude', 'freq_sigma_FitGauss_mu', 'freq_sigma_FitGauss_gauss_sigma', 'freq_sigma_FitGauss_amplitude_rel_err', 'freq_sigma_FitGauss_mu_rel_err', 'freq_sigma_FitGauss_gauss_sigma_rel_err', 'freq_sigma_FitGauss_amplitude-detection', 'freq_sigma_FitGauss_mu-detection', 'freq_sigma_FitGauss_ndof', 'freq_sigma_FitGauss_rms_err']
Sep 02 06:31:29 INFO >> Performing searching on cumulative stack 315.95 49.23
Sep 02 06:31:29 INFO >> Loading the cumulative power spectra stack to search
Sep 02 06:32:26 INFO >> DM: 36.65752417181178
Sep 02 06:32:26 INFO >> sigma: 15.753798197418774
Sep 02 06:32:26 INFO >> frequency: 12.220699163639699
Sep 02 06:32:26 INFO >> Injecting 41 harmonics.
Sep 02 06:32:26 INFO >> Starting DM: 28.234223336890985
Sep 02 06:32:26 INFO >> Stopping DM: 45.03308023267559
Sep 02 06:32:26 INFO >> Expected detection at 17.97 sigma with 4 harmonics.
Sep 02 06:32:40 INFO >> Start searching 6558 dm trials using 32 harmonics.
Sep 02 06:32:46 INFO >> Moved power spectra to shared memory.
Sep 02 06:32:46 INFO >> Number of dm trials in single multi processing job: 10
Sep 02 06:33:27 INFO >> Total number of detections=17048
Sep 02 06:33:27 INFO >> Clustering the detections
Sep 02 06:33:27 INFO >> Starting clustering
Sep 02 06:33:27 INFO >> Rogue harmonic power filter reduced detections from 17048 to 9447
Sep 02 06:33:27 INFO >> Filtering out duplicate freq,dm detections at multiple nharms removes 1186 detections
Sep 02 06:33:27 INFO >> Duplicate freq,dm filter reduced detections to 8261
Sep 02 06:33:27 INFO >> Number of detections over threshold sigma (6.0): 8261
Sep 02 06:33:27 INFO >> Grouping duplicate frequencies together first
Sep 02 06:33:27 INFO >> Grouping duplicate frequencies removed 7688 detections from the harmonic metric computation
Sep 02 06:33:27 INFO >> Starting freq-DM distance metric computation
Sep 02 06:33:27 INFO >> Finished freq-DM distance metric computation
Sep 02 06:33:28 INFO >> Largest group size for metric computation is 97
Sep 02 06:33:28 INFO >> Starting harmonic distance metric computation
Sep 02 06:33:28 INFO >> Finished harmonic distance metric computation
Sep 02 06:33:28 INFO >> Starting DBSCAN
Sep 02 06:33:29 INFO >> Finished DBSCAN
Sep 02 06:33:29 INFO >> Clusters found: 83
Sep 02 06:33:29 INFO >> Filtered 32 clusters below or equal 2 DM.
Sep 02 06:33:29 INFO >> Total number of candidate clusters=8
Sep 02 06:33:29 INFO >> Candidate Processor of stack (315.95 49.23)
Sep 02 06:33:29 INFO >> Making SinglePointingCandidates from a list of 8 PowerSpectraDetectionClusters
Sep 02 06:33:32 INFO >> saved candidates to ./results//injections/315.95_49.23_cumulative_power_spectra_stack_20220627_11_tpa.yml_(110,)_candidates.npz
Sep 02 06:33:32 INFO >> Injected Pulsars:     1
Sep 02 06:33:32 INFO >> Injection Candidates: 8
Sep 02 06:33:32 INFO >> Recovered Injections: 1
Sep 02 06:33:32 INFO >> 8 candidates.
Sep 02 06:33:32 INFO >> Best candidate: F0: 12.221 DM: 36.63 Sigma: 17.84
Sep 02 06:33:34 INFO >> Unlinked shared memory for cumulative stack.
Sep 02 06:33:34 INFO >> Pipeline execution time: 2.09 minutes
