Sep 02 03:25:21 INFO >> {"message": "Waiting for suitable server to become available", "selector": "Primary()", "operation": "find", "topologyDescription": "<TopologyDescription id: 66d530218daaf7adc61e9cd7, topology_type: Unknown, servers: [<ServerDescription ('localhost', 27017) server_type: Unknown, rtt: None>]>", "clientId": {"$oid": "66d530218daaf7adc61e9cd7"}, "remainingTimeMS": 29}
Sep 02 03:25:21 INFO >> Features initialized as the following:
Sep 02 03:25:21 INFO >> num_unique_dms
Sep 02 03:25:21 INFO >> num_unique_freqs
Sep 02 03:25:21 INFO >> ndetections
Sep 02 03:25:21 INFO >> nharm
Sep 02 03:25:21 INFO >> log_p_dm
Sep 02 03:25:21 INFO >> ['dm_sigma_FitGaussWidth_gauss_sigma', 'dm_sigma_FitGaussWidth_gauss_sigma_rel_err', 'dm_sigma_FitGaussWidth_ndof', 'dm_sigma_FitGaussWidth_rms_err']
Sep 02 03:25:21 INFO >> ['dm_sigma_FitGauss_amplitude', 'dm_sigma_FitGauss_mu', 'dm_sigma_FitGauss_gauss_sigma', 'dm_sigma_FitGauss_amplitude_rel_err', 'dm_sigma_FitGauss_mu_rel_err', 'dm_sigma_FitGauss_gauss_sigma_rel_err', 'dm_sigma_FitGauss_amplitude-detection', 'dm_sigma_FitGauss_mu-detection', 'dm_sigma_FitGauss_ndof', 'dm_sigma_FitGauss_rms_err']
Sep 02 03:25:21 INFO >> ['freq_sigma_FitGaussWidth_gauss_sigma', 'freq_sigma_FitGaussWidth_gauss_sigma_rel_err', 'freq_sigma_FitGaussWidth_ndof', 'freq_sigma_FitGaussWidth_rms_err']
Sep 02 03:25:21 INFO >> ['freq_sigma_FitGauss_amplitude', 'freq_sigma_FitGauss_mu', 'freq_sigma_FitGauss_gauss_sigma', 'freq_sigma_FitGauss_amplitude_rel_err', 'freq_sigma_FitGauss_mu_rel_err', 'freq_sigma_FitGauss_gauss_sigma_rel_err', 'freq_sigma_FitGauss_amplitude-detection', 'freq_sigma_FitGauss_mu-detection', 'freq_sigma_FitGauss_ndof', 'freq_sigma_FitGauss_rms_err']
Sep 02 03:25:21 INFO >> Performing searching on cumulative stack 315.95 49.23
Sep 02 03:25:21 INFO >> Loading the cumulative power spectra stack to search
Sep 02 03:26:19 INFO >> DM: 146.15916593047672
Sep 02 03:26:19 INFO >> sigma: 14.349890007648298
Sep 02 03:26:19 INFO >> frequency: 46.401710145307
Sep 02 03:26:19 INFO >> Injecting 10 harmonics.
Sep 02 03:26:19 INFO >> Starting DM: 143.90346087834763
Sep 02 03:26:19 INFO >> Stopping DM: 148.35616993506162
Sep 02 03:26:19 INFO >> Expected detection at 12.65 sigma with 8 harmonics.
Sep 02 03:26:33 INFO >> Start searching 6558 dm trials using 32 harmonics.
Sep 02 03:26:39 INFO >> Moved power spectra to shared memory.
Sep 02 03:26:39 INFO >> Number of dm trials in single multi processing job: 10
Sep 02 03:27:19 INFO >> Total number of detections=15611
Sep 02 03:27:19 INFO >> Clustering the detections
Sep 02 03:27:19 INFO >> Starting clustering
Sep 02 03:27:19 INFO >> Rogue harmonic power filter reduced detections from 15611 to 8553
Sep 02 03:27:19 INFO >> Filtering out duplicate freq,dm detections at multiple nharms removes 803 detections
Sep 02 03:27:19 INFO >> Duplicate freq,dm filter reduced detections to 7750
Sep 02 03:27:19 INFO >> Number of detections over threshold sigma (6.0): 7750
Sep 02 03:27:19 INFO >> Grouping duplicate frequencies together first
Sep 02 03:27:19 INFO >> Grouping duplicate frequencies removed 7223 detections from the harmonic metric computation
Sep 02 03:27:19 INFO >> Starting freq-DM distance metric computation
Sep 02 03:27:20 INFO >> Finished freq-DM distance metric computation
Sep 02 03:27:20 INFO >> Largest group size for metric computation is 97
Sep 02 03:27:20 INFO >> Starting harmonic distance metric computation
Sep 02 03:27:21 INFO >> Finished harmonic distance metric computation
Sep 02 03:27:21 INFO >> Starting DBSCAN
Sep 02 03:27:21 INFO >> Finished DBSCAN
Sep 02 03:27:21 INFO >> Clusters found: 76
Sep 02 03:27:21 INFO >> Filtered 32 clusters below or equal 2 DM.
Sep 02 03:27:21 INFO >> Total number of candidate clusters=1
Sep 02 03:27:21 INFO >> Candidate Processor of stack (315.95 49.23)
Sep 02 03:27:21 INFO >> Making SinglePointingCandidates from a list of 1 PowerSpectraDetectionClusters
Sep 02 03:27:23 INFO >> saved candidates to ./results//injections/315.95_49.23_cumulative_power_spectra_stack_20220627_11_tpa.yml_(21,)_candidates.npz
Sep 02 03:27:23 INFO >> Injected Pulsars:     1
Sep 02 03:27:23 INFO >> Injection Candidates: 1
Sep 02 03:27:23 INFO >> Recovered Injections: 1
Sep 02 03:27:23 INFO >> 1 candidates.
Sep 02 03:27:23 INFO >> Best candidate: F0: 46.402 DM: 146.13 Sigma: 12.16
Sep 02 03:27:24 INFO >> Unlinked shared memory for cumulative stack.
Sep 02 03:27:24 INFO >> Pipeline execution time: 2.06 minutes
