Sep 02 11:55:51 INFO >> {"message": "Waiting for suitable server to become available", "selector": "Primary()", "operation": "find", "topologyDescription": "<TopologyDescription id: 66d5a7c7762c1bdd4f85f83d, topology_type: Unknown, servers: [<ServerDescription ('localhost', 27017) server_type: Unknown, rtt: None>]>", "clientId": {"$oid": "66d5a7c7762c1bdd4f85f83d"}, "remainingTimeMS": 29}
Sep 02 11:55:51 INFO >> Features initialized as the following:
Sep 02 11:55:51 INFO >> num_unique_dms
Sep 02 11:55:51 INFO >> num_unique_freqs
Sep 02 11:55:51 INFO >> ndetections
Sep 02 11:55:51 INFO >> nharm
Sep 02 11:55:51 INFO >> log_p_dm
Sep 02 11:55:51 INFO >> ['dm_sigma_FitGaussWidth_gauss_sigma', 'dm_sigma_FitGaussWidth_gauss_sigma_rel_err', 'dm_sigma_FitGaussWidth_ndof', 'dm_sigma_FitGaussWidth_rms_err']
Sep 02 11:55:51 INFO >> ['dm_sigma_FitGauss_amplitude', 'dm_sigma_FitGauss_mu', 'dm_sigma_FitGauss_gauss_sigma', 'dm_sigma_FitGauss_amplitude_rel_err', 'dm_sigma_FitGauss_mu_rel_err', 'dm_sigma_FitGauss_gauss_sigma_rel_err', 'dm_sigma_FitGauss_amplitude-detection', 'dm_sigma_FitGauss_mu-detection', 'dm_sigma_FitGauss_ndof', 'dm_sigma_FitGauss_rms_err']
Sep 02 11:55:51 INFO >> ['freq_sigma_FitGaussWidth_gauss_sigma', 'freq_sigma_FitGaussWidth_gauss_sigma_rel_err', 'freq_sigma_FitGaussWidth_ndof', 'freq_sigma_FitGaussWidth_rms_err']
Sep 02 11:55:51 INFO >> ['freq_sigma_FitGauss_amplitude', 'freq_sigma_FitGauss_mu', 'freq_sigma_FitGauss_gauss_sigma', 'freq_sigma_FitGauss_amplitude_rel_err', 'freq_sigma_FitGauss_mu_rel_err', 'freq_sigma_FitGauss_gauss_sigma_rel_err', 'freq_sigma_FitGauss_amplitude-detection', 'freq_sigma_FitGauss_mu-detection', 'freq_sigma_FitGauss_ndof', 'freq_sigma_FitGauss_rms_err']
Sep 02 11:55:51 INFO >> Performing searching on cumulative stack 315.95 49.23
Sep 02 11:55:51 INFO >> Loading the cumulative power spectra stack to search
Sep 02 11:56:49 INFO >> DM: 159.52346880332067
Sep 02 11:56:49 INFO >> sigma: 13.909534375493134
Sep 02 11:56:49 INFO >> frequency: 24.734803262591484
Sep 02 11:56:49 INFO >> Injecting 20 harmonics.
Sep 02 11:56:49 INFO >> Starting DM: 155.338827319454
Sep 02 11:56:49 INFO >> Stopping DM: 163.63705783423916
Sep 02 11:56:49 INFO >> Expected detection at 12.63 sigma with 16 harmonics.
Sep 02 11:57:03 INFO >> Start searching 6558 dm trials using 32 harmonics.
Sep 02 11:57:09 INFO >> Moved power spectra to shared memory.
Sep 02 11:57:09 INFO >> Number of dm trials in single multi processing job: 10
Sep 02 11:57:49 INFO >> Total number of detections=15641
Sep 02 11:57:49 INFO >> Clustering the detections
Sep 02 11:57:49 INFO >> Starting clustering
Sep 02 11:57:49 INFO >> Rogue harmonic power filter reduced detections from 15641 to 8583
Sep 02 11:57:49 INFO >> Filtering out duplicate freq,dm detections at multiple nharms removes 804 detections
Sep 02 11:57:49 INFO >> Duplicate freq,dm filter reduced detections to 7779
Sep 02 11:57:49 INFO >> Number of detections over threshold sigma (6.0): 7779
Sep 02 11:57:49 INFO >> Grouping duplicate frequencies together first
Sep 02 11:57:49 INFO >> Grouping duplicate frequencies removed 7249 detections from the harmonic metric computation
Sep 02 11:57:49 INFO >> Starting freq-DM distance metric computation
Sep 02 11:57:50 INFO >> Finished freq-DM distance metric computation
Sep 02 11:57:50 INFO >> Largest group size for metric computation is 97
Sep 02 11:57:50 INFO >> Starting harmonic distance metric computation
Sep 02 11:57:51 INFO >> Finished harmonic distance metric computation
Sep 02 11:57:51 INFO >> Starting DBSCAN
Sep 02 11:57:51 INFO >> Finished DBSCAN
Sep 02 11:57:51 INFO >> Clusters found: 76
Sep 02 11:57:51 INFO >> Filtered 32 clusters below or equal 2 DM.
Sep 02 11:57:51 INFO >> Total number of candidate clusters=1
Sep 02 11:57:51 INFO >> Candidate Processor of stack (315.95 49.23)
Sep 02 11:57:51 INFO >> Making SinglePointingCandidates from a list of 1 PowerSpectraDetectionClusters
Sep 02 11:57:53 INFO >> saved candidates to ./results//injections/315.95_49.23_cumulative_power_spectra_stack_20220627_11_tpa.yml_(265,)_candidates.npz
Sep 02 11:57:53 INFO >> Injected Pulsars:     1
Sep 02 11:57:53 INFO >> Injection Candidates: 1
Sep 02 11:57:53 INFO >> Recovered Injections: 1
Sep 02 11:57:53 INFO >> 1 candidates.
Sep 02 11:57:53 INFO >> Best candidate: F0: 24.735 DM: 159.49 Sigma: 12.37
Sep 02 11:57:55 INFO >> Unlinked shared memory for cumulative stack.
Sep 02 11:57:55 INFO >> Pipeline execution time: 2.06 minutes
