Sep 02 14:01:23 INFO >> {"message": "Waiting for suitable server to become available", "selector": "Primary()", "operation": "find", "topologyDescription": "<TopologyDescription id: 66d5c533af6e1411817e0774, topology_type: Unknown, servers: [<ServerDescription ('localhost', 27017) server_type: Unknown, rtt: None>]>", "clientId": {"$oid": "66d5c533af6e1411817e0774"}, "remainingTimeMS": 29}
Sep 02 14:01:23 INFO >> Features initialized as the following:
Sep 02 14:01:23 INFO >> num_unique_dms
Sep 02 14:01:23 INFO >> num_unique_freqs
Sep 02 14:01:23 INFO >> ndetections
Sep 02 14:01:23 INFO >> nharm
Sep 02 14:01:23 INFO >> log_p_dm
Sep 02 14:01:23 INFO >> ['dm_sigma_FitGaussWidth_gauss_sigma', 'dm_sigma_FitGaussWidth_gauss_sigma_rel_err', 'dm_sigma_FitGaussWidth_ndof', 'dm_sigma_FitGaussWidth_rms_err']
Sep 02 14:01:23 INFO >> ['dm_sigma_FitGauss_amplitude', 'dm_sigma_FitGauss_mu', 'dm_sigma_FitGauss_gauss_sigma', 'dm_sigma_FitGauss_amplitude_rel_err', 'dm_sigma_FitGauss_mu_rel_err', 'dm_sigma_FitGauss_gauss_sigma_rel_err', 'dm_sigma_FitGauss_amplitude-detection', 'dm_sigma_FitGauss_mu-detection', 'dm_sigma_FitGauss_ndof', 'dm_sigma_FitGauss_rms_err']
Sep 02 14:01:23 INFO >> ['freq_sigma_FitGaussWidth_gauss_sigma', 'freq_sigma_FitGaussWidth_gauss_sigma_rel_err', 'freq_sigma_FitGaussWidth_ndof', 'freq_sigma_FitGaussWidth_rms_err']
Sep 02 14:01:23 INFO >> ['freq_sigma_FitGauss_amplitude', 'freq_sigma_FitGauss_mu', 'freq_sigma_FitGauss_gauss_sigma', 'freq_sigma_FitGauss_amplitude_rel_err', 'freq_sigma_FitGauss_mu_rel_err', 'freq_sigma_FitGauss_gauss_sigma_rel_err', 'freq_sigma_FitGauss_amplitude-detection', 'freq_sigma_FitGauss_mu-detection', 'freq_sigma_FitGauss_ndof', 'freq_sigma_FitGauss_rms_err']
Sep 02 14:01:23 INFO >> Performing searching on cumulative stack 315.95 49.23
Sep 02 14:01:23 INFO >> Loading the cumulative power spectra stack to search
Sep 02 14:02:20 INFO >> DM: 6.120304787544402
Sep 02 14:02:20 INFO >> sigma: 16.873457714097967
Sep 02 14:02:20 INFO >> frequency: 71.65526561271042
Sep 02 14:02:20 INFO >> Injecting 7 harmonics.
Sep 02 14:02:20 INFO >> Starting DM: 4.655104922928262
Sep 02 14:02:20 INFO >> Stopping DM: 7.589844983035212
Sep 02 14:02:20 INFO >> Expected detection at 12.53 sigma with 4 harmonics.
Sep 02 14:02:34 INFO >> Start searching 6558 dm trials using 32 harmonics.
Sep 02 14:02:40 INFO >> Moved power spectra to shared memory.
Sep 02 14:02:40 INFO >> Number of dm trials in single multi processing job: 10
Sep 02 14:03:20 INFO >> Total number of detections=15669
Sep 02 14:03:20 INFO >> Clustering the detections
Sep 02 14:03:20 INFO >> Starting clustering
Sep 02 14:03:20 INFO >> Rogue harmonic power filter reduced detections from 15669 to 8602
Sep 02 14:03:20 INFO >> Filtering out duplicate freq,dm detections at multiple nharms removes 792 detections
Sep 02 14:03:20 INFO >> Duplicate freq,dm filter reduced detections to 7810
Sep 02 14:03:20 INFO >> Number of detections over threshold sigma (6.0): 7810
Sep 02 14:03:20 INFO >> Grouping duplicate frequencies together first
Sep 02 14:03:20 INFO >> Grouping duplicate frequencies removed 7266 detections from the harmonic metric computation
Sep 02 14:03:20 INFO >> Starting freq-DM distance metric computation
Sep 02 14:03:21 INFO >> Finished freq-DM distance metric computation
Sep 02 14:03:21 INFO >> Largest group size for metric computation is 97
Sep 02 14:03:21 INFO >> Starting harmonic distance metric computation
Sep 02 14:03:22 INFO >> Finished harmonic distance metric computation
Sep 02 14:03:22 INFO >> Starting DBSCAN
Sep 02 14:03:22 INFO >> Finished DBSCAN
Sep 02 14:03:22 INFO >> Clusters found: 76
Sep 02 14:03:22 INFO >> Filtered 32 clusters below or equal 2 DM.
Sep 02 14:03:22 INFO >> Total number of candidate clusters=1
Sep 02 14:03:22 INFO >> Candidate Processor of stack (315.95 49.23)
Sep 02 14:03:22 INFO >> Making SinglePointingCandidates from a list of 1 PowerSpectraDetectionClusters
Sep 02 14:03:24 INFO >> saved candidates to ./results//injections/315.95_49.23_cumulative_power_spectra_stack_20220627_11_tpa.yml_(325,)_candidates.npz
Sep 02 14:03:24 INFO >> Injected Pulsars:     1
Sep 02 14:03:24 INFO >> Injection Candidates: 1
Sep 02 14:03:24 INFO >> Recovered Injections: 1
Sep 02 14:03:24 INFO >> 1 candidates.
Sep 02 14:03:24 INFO >> Best candidate: F0: 71.655 DM: 6.07 Sigma: 12.78
Sep 02 14:03:26 INFO >> Unlinked shared memory for cumulative stack.
Sep 02 14:03:26 INFO >> Pipeline execution time: 2.05 minutes
