Sep 02 23:20:13 INFO >> {"message": "Waiting for suitable server to become available", "selector": "Primary()", "operation": "find", "topologyDescription": "<TopologyDescription id: 66d6482d68f650d031ae973d, topology_type: Unknown, servers: [<ServerDescription ('localhost', 27017) server_type: Unknown, rtt: None>]>", "clientId": {"$oid": "66d6482d68f650d031ae973d"}, "remainingTimeMS": 29}
Sep 02 23:20:13 INFO >> Features initialized as the following:
Sep 02 23:20:13 INFO >> num_unique_dms
Sep 02 23:20:13 INFO >> num_unique_freqs
Sep 02 23:20:13 INFO >> ndetections
Sep 02 23:20:13 INFO >> nharm
Sep 02 23:20:13 INFO >> log_p_dm
Sep 02 23:20:13 INFO >> ['dm_sigma_FitGaussWidth_gauss_sigma', 'dm_sigma_FitGaussWidth_gauss_sigma_rel_err', 'dm_sigma_FitGaussWidth_ndof', 'dm_sigma_FitGaussWidth_rms_err']
Sep 02 23:20:13 INFO >> ['dm_sigma_FitGauss_amplitude', 'dm_sigma_FitGauss_mu', 'dm_sigma_FitGauss_gauss_sigma', 'dm_sigma_FitGauss_amplitude_rel_err', 'dm_sigma_FitGauss_mu_rel_err', 'dm_sigma_FitGauss_gauss_sigma_rel_err', 'dm_sigma_FitGauss_amplitude-detection', 'dm_sigma_FitGauss_mu-detection', 'dm_sigma_FitGauss_ndof', 'dm_sigma_FitGauss_rms_err']
Sep 02 23:20:13 INFO >> ['freq_sigma_FitGaussWidth_gauss_sigma', 'freq_sigma_FitGaussWidth_gauss_sigma_rel_err', 'freq_sigma_FitGaussWidth_ndof', 'freq_sigma_FitGaussWidth_rms_err']
Sep 02 23:20:13 INFO >> ['freq_sigma_FitGauss_amplitude', 'freq_sigma_FitGauss_mu', 'freq_sigma_FitGauss_gauss_sigma', 'freq_sigma_FitGauss_amplitude_rel_err', 'freq_sigma_FitGauss_mu_rel_err', 'freq_sigma_FitGauss_gauss_sigma_rel_err', 'freq_sigma_FitGauss_amplitude-detection', 'freq_sigma_FitGauss_mu-detection', 'freq_sigma_FitGauss_ndof', 'freq_sigma_FitGauss_rms_err']
Sep 02 23:20:14 INFO >> Performing searching on cumulative stack 315.95 49.23
Sep 02 23:20:14 INFO >> Loading the cumulative power spectra stack to search
Sep 02 23:21:11 INFO >> DM: 174.38059493130925
Sep 02 23:21:11 INFO >> sigma: 10.136034644205616
Sep 02 23:21:11 INFO >> frequency: 14.367729953365984
Sep 02 23:21:11 INFO >> Injecting 35 harmonics.
Sep 02 23:21:11 INFO >> Starting DM: 167.17898549298894
Sep 02 23:21:11 INFO >> Stopping DM: 181.54909199420226
Sep 02 23:21:11 INFO >> Expected detection at 9.64 sigma with 32 harmonics.
Sep 02 23:21:25 INFO >> Start searching 6558 dm trials using 32 harmonics.
Sep 02 23:21:31 INFO >> Moved power spectra to shared memory.
Sep 02 23:21:31 INFO >> Number of dm trials in single multi processing job: 10
Sep 02 23:22:12 INFO >> Total number of detections=15588
Sep 02 23:22:12 INFO >> Clustering the detections
Sep 02 23:22:12 INFO >> Starting clustering
Sep 02 23:22:12 INFO >> Rogue harmonic power filter reduced detections from 15588 to 8530
Sep 02 23:22:12 INFO >> Filtering out duplicate freq,dm detections at multiple nharms removes 789 detections
Sep 02 23:22:12 INFO >> Duplicate freq,dm filter reduced detections to 7741
Sep 02 23:22:12 INFO >> Number of detections over threshold sigma (6.0): 7741
Sep 02 23:22:12 INFO >> Grouping duplicate frequencies together first
Sep 02 23:22:12 INFO >> Grouping duplicate frequencies removed 7219 detections from the harmonic metric computation
Sep 02 23:22:12 INFO >> Starting freq-DM distance metric computation
Sep 02 23:22:12 INFO >> Finished freq-DM distance metric computation
Sep 02 23:22:12 INFO >> Largest group size for metric computation is 97
Sep 02 23:22:12 INFO >> Starting harmonic distance metric computation
Sep 02 23:22:13 INFO >> Finished harmonic distance metric computation
Sep 02 23:22:13 INFO >> Starting DBSCAN
Sep 02 23:22:13 INFO >> Finished DBSCAN
Sep 02 23:22:13 INFO >> Clusters found: 76
Sep 02 23:22:13 INFO >> Filtered 32 clusters below or equal 2 DM.
Sep 02 23:22:13 INFO >> Total number of candidate clusters=1
Sep 02 23:22:13 INFO >> Candidate Processor of stack (315.95 49.23)
Sep 02 23:22:13 INFO >> Making SinglePointingCandidates from a list of 1 PowerSpectraDetectionClusters
Sep 02 23:22:15 INFO >> saved candidates to ./results//injections/315.95_49.23_cumulative_power_spectra_stack_20220627_11_tpa.yml_(592,)_candidates.npz
Sep 02 23:22:15 INFO >> Injected Pulsars:     1
Sep 02 23:22:15 INFO >> Injection Candidates: 1
Sep 02 23:22:15 INFO >> Recovered Injections: 1
Sep 02 23:22:15 INFO >> 1 candidates.
Sep 02 23:22:15 INFO >> Best candidate: F0: 14.368 DM: 174.36 Sigma: 9.38
Sep 02 23:22:17 INFO >> Unlinked shared memory for cumulative stack.
Sep 02 23:22:17 INFO >> Pipeline execution time: 2.06 minutes
