Sep 02 19:09:06 INFO >> {"message": "Waiting for suitable server to become available", "selector": "Primary()", "operation": "find", "topologyDescription": "<TopologyDescription id: 66d60d520cb811bf1956ed87, topology_type: Unknown, servers: [<ServerDescription ('localhost', 27017) server_type: Unknown, rtt: None>]>", "clientId": {"$oid": "66d60d520cb811bf1956ed87"}, "remainingTimeMS": 29}
Sep 02 19:09:06 INFO >> Features initialized as the following:
Sep 02 19:09:06 INFO >> num_unique_dms
Sep 02 19:09:06 INFO >> num_unique_freqs
Sep 02 19:09:06 INFO >> ndetections
Sep 02 19:09:06 INFO >> nharm
Sep 02 19:09:06 INFO >> log_p_dm
Sep 02 19:09:06 INFO >> ['dm_sigma_FitGaussWidth_gauss_sigma', 'dm_sigma_FitGaussWidth_gauss_sigma_rel_err', 'dm_sigma_FitGaussWidth_ndof', 'dm_sigma_FitGaussWidth_rms_err']
Sep 02 19:09:06 INFO >> ['dm_sigma_FitGauss_amplitude', 'dm_sigma_FitGauss_mu', 'dm_sigma_FitGauss_gauss_sigma', 'dm_sigma_FitGauss_amplitude_rel_err', 'dm_sigma_FitGauss_mu_rel_err', 'dm_sigma_FitGauss_gauss_sigma_rel_err', 'dm_sigma_FitGauss_amplitude-detection', 'dm_sigma_FitGauss_mu-detection', 'dm_sigma_FitGauss_ndof', 'dm_sigma_FitGauss_rms_err']
Sep 02 19:09:06 INFO >> ['freq_sigma_FitGaussWidth_gauss_sigma', 'freq_sigma_FitGaussWidth_gauss_sigma_rel_err', 'freq_sigma_FitGaussWidth_ndof', 'freq_sigma_FitGaussWidth_rms_err']
Sep 02 19:09:06 INFO >> ['freq_sigma_FitGauss_amplitude', 'freq_sigma_FitGauss_mu', 'freq_sigma_FitGauss_gauss_sigma', 'freq_sigma_FitGauss_amplitude_rel_err', 'freq_sigma_FitGauss_mu_rel_err', 'freq_sigma_FitGauss_gauss_sigma_rel_err', 'freq_sigma_FitGauss_amplitude-detection', 'freq_sigma_FitGauss_mu-detection', 'freq_sigma_FitGauss_ndof', 'freq_sigma_FitGauss_rms_err']
Sep 02 19:09:06 INFO >> Performing searching on cumulative stack 315.95 49.23
Sep 02 19:09:06 INFO >> Loading the cumulative power spectra stack to search
Sep 02 19:10:03 INFO >> DM: 99.73360612560604
Sep 02 19:10:03 INFO >> sigma: 11.534718329598656
Sep 02 19:10:03 INFO >> frequency: 77.17727229315157
Sep 02 19:10:03 INFO >> Injecting 6 harmonics.
Sep 02 19:10:03 INFO >> Starting DM: 98.36439098013635
Sep 02 19:10:03 INFO >> Stopping DM: 101.09673517402902
Sep 02 19:10:03 INFO >> Expected detection at 8.13 sigma with 4 harmonics.
Sep 02 19:10:17 INFO >> Start searching 6558 dm trials using 32 harmonics.
Sep 02 19:10:23 INFO >> Moved power spectra to shared memory.
Sep 02 19:10:23 INFO >> Number of dm trials in single multi processing job: 10
Sep 02 19:11:03 INFO >> Total number of detections=15580
Sep 02 19:11:03 INFO >> Clustering the detections
Sep 02 19:11:03 INFO >> Starting clustering
Sep 02 19:11:03 INFO >> Rogue harmonic power filter reduced detections from 15580 to 8522
Sep 02 19:11:03 INFO >> Filtering out duplicate freq,dm detections at multiple nharms removes 787 detections
Sep 02 19:11:03 INFO >> Duplicate freq,dm filter reduced detections to 7735
Sep 02 19:11:03 INFO >> Number of detections over threshold sigma (6.0): 7735
Sep 02 19:11:03 INFO >> Grouping duplicate frequencies together first
Sep 02 19:11:03 INFO >> Grouping duplicate frequencies removed 7215 detections from the harmonic metric computation
Sep 02 19:11:03 INFO >> Starting freq-DM distance metric computation
Sep 02 19:11:04 INFO >> Finished freq-DM distance metric computation
Sep 02 19:11:04 INFO >> Largest group size for metric computation is 97
Sep 02 19:11:04 INFO >> Starting harmonic distance metric computation
Sep 02 19:11:05 INFO >> Finished harmonic distance metric computation
Sep 02 19:11:05 INFO >> Starting DBSCAN
Sep 02 19:11:05 INFO >> Finished DBSCAN
Sep 02 19:11:05 INFO >> Clusters found: 75
Sep 02 19:11:05 INFO >> Filtered 32 clusters below or equal 2 DM.
Sep 02 19:11:05 INFO >> Total number of candidate clusters=0
Sep 02 19:11:05 INFO >> Candidate Processor of stack (315.95 49.23)
Sep 02 19:11:05 INFO >> Making SinglePointingCandidates from a list of 0 PowerSpectraDetectionClusters
Sep 02 19:11:07 INFO >> saved candidates to ./results//injections/315.95_49.23_cumulative_power_spectra_stack_20220627_11_tpa.yml_(472,)_candidates.npz
Sep 02 19:11:07 INFO >> Injected Pulsars:     1
Sep 02 19:11:07 INFO >> Injection Candidates: 0
Sep 02 19:11:07 INFO >> Recovered Injections: 0
Sep 02 19:11:07 INFO >> 0 candidates.
Sep 02 19:11:08 INFO >> Unlinked shared memory for cumulative stack.
Sep 02 19:11:08 INFO >> Pipeline execution time: 2.04 minutes
