Sep 02 10:48:51 INFO >> {"message": "Waiting for suitable server to become available", "selector": "Primary()", "operation": "find", "topologyDescription": "<TopologyDescription id: 66d59813fbd19df61a212083, topology_type: Unknown, servers: [<ServerDescription ('localhost', 27017) server_type: Unknown, rtt: None>]>", "clientId": {"$oid": "66d59813fbd19df61a212083"}, "remainingTimeMS": 29}
Sep 02 10:48:52 INFO >> Features initialized as the following:
Sep 02 10:48:52 INFO >> num_unique_dms
Sep 02 10:48:52 INFO >> num_unique_freqs
Sep 02 10:48:52 INFO >> ndetections
Sep 02 10:48:52 INFO >> nharm
Sep 02 10:48:52 INFO >> log_p_dm
Sep 02 10:48:52 INFO >> ['dm_sigma_FitGaussWidth_gauss_sigma', 'dm_sigma_FitGaussWidth_gauss_sigma_rel_err', 'dm_sigma_FitGaussWidth_ndof', 'dm_sigma_FitGaussWidth_rms_err']
Sep 02 10:48:52 INFO >> ['dm_sigma_FitGauss_amplitude', 'dm_sigma_FitGauss_mu', 'dm_sigma_FitGauss_gauss_sigma', 'dm_sigma_FitGauss_amplitude_rel_err', 'dm_sigma_FitGauss_mu_rel_err', 'dm_sigma_FitGauss_gauss_sigma_rel_err', 'dm_sigma_FitGauss_amplitude-detection', 'dm_sigma_FitGauss_mu-detection', 'dm_sigma_FitGauss_ndof', 'dm_sigma_FitGauss_rms_err']
Sep 02 10:48:52 INFO >> ['freq_sigma_FitGaussWidth_gauss_sigma', 'freq_sigma_FitGaussWidth_gauss_sigma_rel_err', 'freq_sigma_FitGaussWidth_ndof', 'freq_sigma_FitGaussWidth_rms_err']
Sep 02 10:48:52 INFO >> ['freq_sigma_FitGauss_amplitude', 'freq_sigma_FitGauss_mu', 'freq_sigma_FitGauss_gauss_sigma', 'freq_sigma_FitGauss_amplitude_rel_err', 'freq_sigma_FitGauss_mu_rel_err', 'freq_sigma_FitGauss_gauss_sigma_rel_err', 'freq_sigma_FitGauss_amplitude-detection', 'freq_sigma_FitGauss_mu-detection', 'freq_sigma_FitGauss_ndof', 'freq_sigma_FitGauss_rms_err']
Sep 02 10:48:52 INFO >> Performing searching on cumulative stack 315.95 49.23
Sep 02 10:48:52 INFO >> Loading the cumulative power spectra stack to search
Sep 02 10:49:50 INFO >> DM: 32.054790068860314
Sep 02 10:49:50 INFO >> sigma: 14.813691667868795
Sep 02 10:49:50 INFO >> frequency: 66.05281630520051
Sep 02 10:49:50 INFO >> Injecting 7 harmonics.
Sep 02 10:49:50 INFO >> Starting DM: 30.46057786524798
Sep 02 10:49:50 INFO >> Stopping DM: 33.597713791569205
Sep 02 10:49:50 INFO >> Expected detection at 10.31 sigma with 4 harmonics.
Sep 02 10:50:04 INFO >> Start searching 6558 dm trials using 32 harmonics.
Sep 02 10:50:10 INFO >> Moved power spectra to shared memory.
Sep 02 10:50:10 INFO >> Number of dm trials in single multi processing job: 10
Sep 02 10:50:51 INFO >> Total number of detections=15608
Sep 02 10:50:51 INFO >> Clustering the detections
Sep 02 10:50:51 INFO >> Starting clustering
Sep 02 10:50:51 INFO >> Rogue harmonic power filter reduced detections from 15608 to 8550
Sep 02 10:50:51 INFO >> Filtering out duplicate freq,dm detections at multiple nharms removes 790 detections
Sep 02 10:50:51 INFO >> Duplicate freq,dm filter reduced detections to 7760
Sep 02 10:50:51 INFO >> Number of detections over threshold sigma (6.0): 7760
Sep 02 10:50:51 INFO >> Grouping duplicate frequencies together first
Sep 02 10:50:51 INFO >> Grouping duplicate frequencies removed 7227 detections from the harmonic metric computation
Sep 02 10:50:51 INFO >> Starting freq-DM distance metric computation
Sep 02 10:50:51 INFO >> Finished freq-DM distance metric computation
Sep 02 10:50:51 INFO >> Largest group size for metric computation is 97
Sep 02 10:50:51 INFO >> Starting harmonic distance metric computation
Sep 02 10:50:52 INFO >> Finished harmonic distance metric computation
Sep 02 10:50:52 INFO >> Starting DBSCAN
Sep 02 10:50:52 INFO >> Finished DBSCAN
Sep 02 10:50:52 INFO >> Clusters found: 76
Sep 02 10:50:52 INFO >> Filtered 32 clusters below or equal 2 DM.
Sep 02 10:50:52 INFO >> Total number of candidate clusters=1
Sep 02 10:50:52 INFO >> Candidate Processor of stack (315.95 49.23)
Sep 02 10:50:52 INFO >> Making SinglePointingCandidates from a list of 1 PowerSpectraDetectionClusters
Sep 02 10:50:54 INFO >> saved candidates to ./results//injections/315.95_49.23_cumulative_power_spectra_stack_20220627_11_tpa.yml_(233,)_candidates.npz
Sep 02 10:50:54 INFO >> Injected Pulsars:     1
Sep 02 10:50:54 INFO >> Injection Candidates: 1
Sep 02 10:50:54 INFO >> Recovered Injections: 1
Sep 02 10:50:54 INFO >> 1 candidates.
Sep 02 10:50:54 INFO >> Best candidate: F0: 66.053 DM: 32.08 Sigma: 11.50
Sep 02 10:50:56 INFO >> Unlinked shared memory for cumulative stack.
Sep 02 10:50:56 INFO >> Pipeline execution time: 2.07 minutes
