Sep 02 12:10:29 INFO >> {"message": "Waiting for suitable server to become available", "selector": "Primary()", "operation": "find", "topologyDescription": "<TopologyDescription id: 66d5ab357ea3b9714f29b061, topology_type: Unknown, servers: [<ServerDescription ('localhost', 27017) server_type: Unknown, rtt: None>]>", "clientId": {"$oid": "66d5ab357ea3b9714f29b061"}, "remainingTimeMS": 29}
Sep 02 12:10:29 INFO >> Features initialized as the following:
Sep 02 12:10:29 INFO >> num_unique_dms
Sep 02 12:10:29 INFO >> num_unique_freqs
Sep 02 12:10:29 INFO >> ndetections
Sep 02 12:10:29 INFO >> nharm
Sep 02 12:10:29 INFO >> log_p_dm
Sep 02 12:10:29 INFO >> ['dm_sigma_FitGaussWidth_gauss_sigma', 'dm_sigma_FitGaussWidth_gauss_sigma_rel_err', 'dm_sigma_FitGaussWidth_ndof', 'dm_sigma_FitGaussWidth_rms_err']
Sep 02 12:10:29 INFO >> ['dm_sigma_FitGauss_amplitude', 'dm_sigma_FitGauss_mu', 'dm_sigma_FitGauss_gauss_sigma', 'dm_sigma_FitGauss_amplitude_rel_err', 'dm_sigma_FitGauss_mu_rel_err', 'dm_sigma_FitGauss_gauss_sigma_rel_err', 'dm_sigma_FitGauss_amplitude-detection', 'dm_sigma_FitGauss_mu-detection', 'dm_sigma_FitGauss_ndof', 'dm_sigma_FitGauss_rms_err']
Sep 02 12:10:29 INFO >> ['freq_sigma_FitGaussWidth_gauss_sigma', 'freq_sigma_FitGaussWidth_gauss_sigma_rel_err', 'freq_sigma_FitGaussWidth_ndof', 'freq_sigma_FitGaussWidth_rms_err']
Sep 02 12:10:29 INFO >> ['freq_sigma_FitGauss_amplitude', 'freq_sigma_FitGauss_mu', 'freq_sigma_FitGauss_gauss_sigma', 'freq_sigma_FitGauss_amplitude_rel_err', 'freq_sigma_FitGauss_mu_rel_err', 'freq_sigma_FitGauss_gauss_sigma_rel_err', 'freq_sigma_FitGauss_amplitude-detection', 'freq_sigma_FitGauss_mu-detection', 'freq_sigma_FitGauss_ndof', 'freq_sigma_FitGauss_rms_err']
Sep 02 12:10:30 INFO >> Performing searching on cumulative stack 315.95 49.23
Sep 02 12:10:30 INFO >> Loading the cumulative power spectra stack to search
Sep 02 12:11:27 INFO >> DM: 22.695510534910994
Sep 02 12:11:27 INFO >> sigma: 14.047254101219636
Sep 02 12:11:27 INFO >> frequency: 39.42793516727807
Sep 02 12:11:27 INFO >> Injecting 12 harmonics.
Sep 02 12:11:27 INFO >> Starting DM: 20.037190755212958
Sep 02 12:11:27 INFO >> Stopping DM: 25.299483276784038
Sep 02 12:11:27 INFO >> Expected detection at 14.37 sigma with 8 harmonics.
Sep 02 12:11:41 INFO >> Start searching 6558 dm trials using 32 harmonics.
Sep 02 12:11:47 INFO >> Moved power spectra to shared memory.
Sep 02 12:11:47 INFO >> Number of dm trials in single multi processing job: 10
Sep 02 12:12:27 INFO >> Total number of detections=15653
Sep 02 12:12:27 INFO >> Clustering the detections
Sep 02 12:12:27 INFO >> Starting clustering
Sep 02 12:12:27 INFO >> Rogue harmonic power filter reduced detections from 15653 to 8595
Sep 02 12:12:27 INFO >> Filtering out duplicate freq,dm detections at multiple nharms removes 817 detections
Sep 02 12:12:27 INFO >> Duplicate freq,dm filter reduced detections to 7778
Sep 02 12:12:27 INFO >> Number of detections over threshold sigma (6.0): 7778
Sep 02 12:12:27 INFO >> Grouping duplicate frequencies together first
Sep 02 12:12:27 INFO >> Grouping duplicate frequencies removed 7242 detections from the harmonic metric computation
Sep 02 12:12:27 INFO >> Starting freq-DM distance metric computation
Sep 02 12:12:27 INFO >> Finished freq-DM distance metric computation
Sep 02 12:12:28 INFO >> Largest group size for metric computation is 97
Sep 02 12:12:28 INFO >> Starting harmonic distance metric computation
Sep 02 12:12:28 INFO >> Finished harmonic distance metric computation
Sep 02 12:12:28 INFO >> Starting DBSCAN
Sep 02 12:12:29 INFO >> Finished DBSCAN
Sep 02 12:12:29 INFO >> Clusters found: 78
Sep 02 12:12:29 INFO >> Filtered 32 clusters below or equal 2 DM.
Sep 02 12:12:29 INFO >> Total number of candidate clusters=3
Sep 02 12:12:29 INFO >> Candidate Processor of stack (315.95 49.23)
Sep 02 12:12:29 INFO >> Making SinglePointingCandidates from a list of 3 PowerSpectraDetectionClusters
Sep 02 12:12:31 INFO >> saved candidates to ./results//injections/315.95_49.23_cumulative_power_spectra_stack_20220627_11_tpa.yml_(272,)_candidates.npz
Sep 02 12:12:31 INFO >> Injected Pulsars:     1
Sep 02 12:12:31 INFO >> Injection Candidates: 3
Sep 02 12:12:31 INFO >> Recovered Injections: 1
Sep 02 12:12:31 INFO >> 3 candidates.
Sep 02 12:12:31 INFO >> Best candidate: F0: 39.428 DM: 22.67 Sigma: 14.36
Sep 02 12:12:33 INFO >> Unlinked shared memory for cumulative stack.
Sep 02 12:12:33 INFO >> Pipeline execution time: 2.05 minutes
