Sep 02 07:48:55 INFO >> {"message": "Waiting for suitable server to become available", "selector": "Primary()", "operation": "find", "topologyDescription": "<TopologyDescription id: 66d56de73a1aa845c2353e28, topology_type: Unknown, servers: [<ServerDescription ('localhost', 27017) server_type: Unknown, rtt: None>]>", "clientId": {"$oid": "66d56de73a1aa845c2353e28"}, "remainingTimeMS": 29}
Sep 02 07:48:55 INFO >> Features initialized as the following:
Sep 02 07:48:55 INFO >> num_unique_dms
Sep 02 07:48:55 INFO >> num_unique_freqs
Sep 02 07:48:55 INFO >> ndetections
Sep 02 07:48:55 INFO >> nharm
Sep 02 07:48:55 INFO >> log_p_dm
Sep 02 07:48:55 INFO >> ['dm_sigma_FitGaussWidth_gauss_sigma', 'dm_sigma_FitGaussWidth_gauss_sigma_rel_err', 'dm_sigma_FitGaussWidth_ndof', 'dm_sigma_FitGaussWidth_rms_err']
Sep 02 07:48:55 INFO >> ['dm_sigma_FitGauss_amplitude', 'dm_sigma_FitGauss_mu', 'dm_sigma_FitGauss_gauss_sigma', 'dm_sigma_FitGauss_amplitude_rel_err', 'dm_sigma_FitGauss_mu_rel_err', 'dm_sigma_FitGauss_gauss_sigma_rel_err', 'dm_sigma_FitGauss_amplitude-detection', 'dm_sigma_FitGauss_mu-detection', 'dm_sigma_FitGauss_ndof', 'dm_sigma_FitGauss_rms_err']
Sep 02 07:48:55 INFO >> ['freq_sigma_FitGaussWidth_gauss_sigma', 'freq_sigma_FitGaussWidth_gauss_sigma_rel_err', 'freq_sigma_FitGaussWidth_ndof', 'freq_sigma_FitGaussWidth_rms_err']
Sep 02 07:48:55 INFO >> ['freq_sigma_FitGauss_amplitude', 'freq_sigma_FitGauss_mu', 'freq_sigma_FitGauss_gauss_sigma', 'freq_sigma_FitGauss_amplitude_rel_err', 'freq_sigma_FitGauss_mu_rel_err', 'freq_sigma_FitGauss_gauss_sigma_rel_err', 'freq_sigma_FitGauss_amplitude-detection', 'freq_sigma_FitGauss_mu-detection', 'freq_sigma_FitGauss_ndof', 'freq_sigma_FitGauss_rms_err']
Sep 02 07:48:55 INFO >> Performing searching on cumulative stack 315.95 49.23
Sep 02 07:48:55 INFO >> Loading the cumulative power spectra stack to search
Sep 02 07:49:53 INFO >> DM: 40.38919462121971
Sep 02 07:49:53 INFO >> sigma: 11.778018595586577
Sep 02 07:49:53 INFO >> frequency: 12.530125745364279
Sep 02 07:49:53 INFO >> Injecting 40 harmonics.
Sep 02 07:49:53 INFO >> Starting DM: 32.1809427280693
Sep 02 07:49:53 INFO >> Stopping DM: 48.57500789142535
Sep 02 07:49:53 INFO >> Expected detection at 11.98 sigma with 8 harmonics.
Sep 02 07:50:07 INFO >> Start searching 6558 dm trials using 32 harmonics.
Sep 02 07:50:13 INFO >> Moved power spectra to shared memory.
Sep 02 07:50:13 INFO >> Number of dm trials in single multi processing job: 10
Sep 02 07:50:53 INFO >> Total number of detections=15737
Sep 02 07:50:53 INFO >> Clustering the detections
Sep 02 07:50:53 INFO >> Starting clustering
Sep 02 07:50:53 INFO >> Rogue harmonic power filter reduced detections from 15737 to 8679
Sep 02 07:50:53 INFO >> Filtering out duplicate freq,dm detections at multiple nharms removes 852 detections
Sep 02 07:50:53 INFO >> Duplicate freq,dm filter reduced detections to 7827
Sep 02 07:50:53 INFO >> Number of detections over threshold sigma (6.0): 7827
Sep 02 07:50:53 INFO >> Grouping duplicate frequencies together first
Sep 02 07:50:53 INFO >> Grouping duplicate frequencies removed 7294 detections from the harmonic metric computation
Sep 02 07:50:53 INFO >> Starting freq-DM distance metric computation
Sep 02 07:50:54 INFO >> Finished freq-DM distance metric computation
Sep 02 07:50:54 INFO >> Largest group size for metric computation is 97
Sep 02 07:50:54 INFO >> Starting harmonic distance metric computation
Sep 02 07:50:55 INFO >> Finished harmonic distance metric computation
Sep 02 07:50:55 INFO >> Starting DBSCAN
Sep 02 07:50:55 INFO >> Finished DBSCAN
Sep 02 07:50:55 INFO >> Clusters found: 78
Sep 02 07:50:55 INFO >> Filtered 32 clusters below or equal 2 DM.
Sep 02 07:50:55 INFO >> Total number of candidate clusters=3
Sep 02 07:50:55 INFO >> Candidate Processor of stack (315.95 49.23)
Sep 02 07:50:55 INFO >> Making SinglePointingCandidates from a list of 3 PowerSpectraDetectionClusters
Sep 02 07:50:58 INFO >> saved candidates to ./results//injections/315.95_49.23_cumulative_power_spectra_stack_20220627_11_tpa.yml_(147,)_candidates.npz
Sep 02 07:50:58 INFO >> Injected Pulsars:     1
Sep 02 07:50:58 INFO >> Injection Candidates: 3
Sep 02 07:50:58 INFO >> Recovered Injections: 1
Sep 02 07:50:58 INFO >> 3 candidates.
Sep 02 07:50:58 INFO >> Best candidate: F0: 12.530 DM: 40.38 Sigma: 10.97
Sep 02 07:50:59 INFO >> Unlinked shared memory for cumulative stack.
Sep 02 07:50:59 INFO >> Pipeline execution time: 2.07 minutes
