Sep 02 13:50:56 INFO >> {"message": "Waiting for suitable server to become available", "selector": "Primary()", "operation": "find", "topologyDescription": "<TopologyDescription id: 66d5c2c01937e6a7bbe5e6aa, topology_type: Unknown, servers: [<ServerDescription ('localhost', 27017) server_type: Unknown, rtt: None>]>", "clientId": {"$oid": "66d5c2c01937e6a7bbe5e6aa"}, "remainingTimeMS": 29}
Sep 02 13:50:56 INFO >> Features initialized as the following:
Sep 02 13:50:56 INFO >> num_unique_dms
Sep 02 13:50:56 INFO >> num_unique_freqs
Sep 02 13:50:56 INFO >> ndetections
Sep 02 13:50:56 INFO >> nharm
Sep 02 13:50:56 INFO >> log_p_dm
Sep 02 13:50:56 INFO >> ['dm_sigma_FitGaussWidth_gauss_sigma', 'dm_sigma_FitGaussWidth_gauss_sigma_rel_err', 'dm_sigma_FitGaussWidth_ndof', 'dm_sigma_FitGaussWidth_rms_err']
Sep 02 13:50:56 INFO >> ['dm_sigma_FitGauss_amplitude', 'dm_sigma_FitGauss_mu', 'dm_sigma_FitGauss_gauss_sigma', 'dm_sigma_FitGauss_amplitude_rel_err', 'dm_sigma_FitGauss_mu_rel_err', 'dm_sigma_FitGauss_gauss_sigma_rel_err', 'dm_sigma_FitGauss_amplitude-detection', 'dm_sigma_FitGauss_mu-detection', 'dm_sigma_FitGauss_ndof', 'dm_sigma_FitGauss_rms_err']
Sep 02 13:50:56 INFO >> ['freq_sigma_FitGaussWidth_gauss_sigma', 'freq_sigma_FitGaussWidth_gauss_sigma_rel_err', 'freq_sigma_FitGaussWidth_ndof', 'freq_sigma_FitGaussWidth_rms_err']
Sep 02 13:50:56 INFO >> ['freq_sigma_FitGauss_amplitude', 'freq_sigma_FitGauss_mu', 'freq_sigma_FitGauss_gauss_sigma', 'freq_sigma_FitGauss_amplitude_rel_err', 'freq_sigma_FitGauss_mu_rel_err', 'freq_sigma_FitGauss_gauss_sigma_rel_err', 'freq_sigma_FitGauss_amplitude-detection', 'freq_sigma_FitGauss_mu-detection', 'freq_sigma_FitGauss_ndof', 'freq_sigma_FitGauss_rms_err']
Sep 02 13:50:56 INFO >> Performing searching on cumulative stack 315.95 49.23
Sep 02 13:50:56 INFO >> Loading the cumulative power spectra stack to search
Sep 02 13:51:53 INFO >> DM: 54.08963787503506
Sep 02 13:51:53 INFO >> sigma: 14.00935018178108
Sep 02 13:51:53 INFO >> frequency: 66.55084198332334
Sep 02 13:51:53 INFO >> Injecting 7 harmonics.
Sep 02 13:51:53 INFO >> Starting DM: 52.52172728260366
Sep 02 13:51:53 INFO >> Stopping DM: 55.658863208924885
Sep 02 13:51:53 INFO >> Expected detection at 15.06 sigma with 2 harmonics.
Sep 02 13:52:07 INFO >> Start searching 6558 dm trials using 32 harmonics.
Sep 02 13:52:13 INFO >> Moved power spectra to shared memory.
Sep 02 13:52:13 INFO >> Number of dm trials in single multi processing job: 10
Sep 02 13:52:54 INFO >> Total number of detections=15841
Sep 02 13:52:54 INFO >> Clustering the detections
Sep 02 13:52:54 INFO >> Starting clustering
Sep 02 13:52:54 INFO >> Rogue harmonic power filter reduced detections from 15841 to 8568
Sep 02 13:52:54 INFO >> Filtering out duplicate freq,dm detections at multiple nharms removes 804 detections
Sep 02 13:52:54 INFO >> Duplicate freq,dm filter reduced detections to 7764
Sep 02 13:52:54 INFO >> Number of detections over threshold sigma (6.0): 7764
Sep 02 13:52:54 INFO >> Grouping duplicate frequencies together first
Sep 02 13:52:54 INFO >> Grouping duplicate frequencies removed 7237 detections from the harmonic metric computation
Sep 02 13:52:54 INFO >> Starting freq-DM distance metric computation
Sep 02 13:52:54 INFO >> Finished freq-DM distance metric computation
Sep 02 13:52:54 INFO >> Largest group size for metric computation is 97
Sep 02 13:52:54 INFO >> Starting harmonic distance metric computation
Sep 02 13:52:55 INFO >> Finished harmonic distance metric computation
Sep 02 13:52:55 INFO >> Starting DBSCAN
Sep 02 13:52:55 INFO >> Finished DBSCAN
Sep 02 13:52:55 INFO >> Clusters found: 76
Sep 02 13:52:55 INFO >> Filtered 32 clusters below or equal 2 DM.
Sep 02 13:52:55 INFO >> Total number of candidate clusters=1
Sep 02 13:52:55 INFO >> Candidate Processor of stack (315.95 49.23)
Sep 02 13:52:55 INFO >> Making SinglePointingCandidates from a list of 1 PowerSpectraDetectionClusters
Sep 02 13:52:57 INFO >> saved candidates to ./results//injections/315.95_49.23_cumulative_power_spectra_stack_20220627_11_tpa.yml_(320,)_candidates.npz
Sep 02 13:52:57 INFO >> Injected Pulsars:     1
Sep 02 13:52:57 INFO >> Injection Candidates: 1
Sep 02 13:52:57 INFO >> Recovered Injections: 1
Sep 02 13:52:57 INFO >> 1 candidates.
Sep 02 13:52:57 INFO >> Best candidate: F0: 66.551 DM: 54.14 Sigma: 14.97
Sep 02 13:52:59 INFO >> Unlinked shared memory for cumulative stack.
Sep 02 13:52:59 INFO >> Pipeline execution time: 2.05 minutes
