Sep 02 09:12:34 INFO >> {"message": "Waiting for suitable server to become available", "selector": "Primary()", "operation": "find", "topologyDescription": "<TopologyDescription id: 66d58182336b8c73e348f868, topology_type: Unknown, servers: [<ServerDescription ('localhost', 27017) server_type: Unknown, rtt: None>]>", "clientId": {"$oid": "66d58182336b8c73e348f868"}, "remainingTimeMS": 29}
Sep 02 09:12:34 INFO >> Features initialized as the following:
Sep 02 09:12:34 INFO >> num_unique_dms
Sep 02 09:12:34 INFO >> num_unique_freqs
Sep 02 09:12:34 INFO >> ndetections
Sep 02 09:12:34 INFO >> nharm
Sep 02 09:12:34 INFO >> log_p_dm
Sep 02 09:12:34 INFO >> ['dm_sigma_FitGaussWidth_gauss_sigma', 'dm_sigma_FitGaussWidth_gauss_sigma_rel_err', 'dm_sigma_FitGaussWidth_ndof', 'dm_sigma_FitGaussWidth_rms_err']
Sep 02 09:12:34 INFO >> ['dm_sigma_FitGauss_amplitude', 'dm_sigma_FitGauss_mu', 'dm_sigma_FitGauss_gauss_sigma', 'dm_sigma_FitGauss_amplitude_rel_err', 'dm_sigma_FitGauss_mu_rel_err', 'dm_sigma_FitGauss_gauss_sigma_rel_err', 'dm_sigma_FitGauss_amplitude-detection', 'dm_sigma_FitGauss_mu-detection', 'dm_sigma_FitGauss_ndof', 'dm_sigma_FitGauss_rms_err']
Sep 02 09:12:34 INFO >> ['freq_sigma_FitGaussWidth_gauss_sigma', 'freq_sigma_FitGaussWidth_gauss_sigma_rel_err', 'freq_sigma_FitGaussWidth_ndof', 'freq_sigma_FitGaussWidth_rms_err']
Sep 02 09:12:34 INFO >> ['freq_sigma_FitGauss_amplitude', 'freq_sigma_FitGauss_mu', 'freq_sigma_FitGauss_gauss_sigma', 'freq_sigma_FitGauss_amplitude_rel_err', 'freq_sigma_FitGauss_mu_rel_err', 'freq_sigma_FitGauss_gauss_sigma_rel_err', 'freq_sigma_FitGauss_amplitude-detection', 'freq_sigma_FitGauss_mu-detection', 'freq_sigma_FitGauss_ndof', 'freq_sigma_FitGauss_rms_err']
Sep 02 09:12:35 INFO >> Performing searching on cumulative stack 315.95 49.23
Sep 02 09:12:35 INFO >> Loading the cumulative power spectra stack to search
Sep 02 09:13:33 INFO >> DM: 187.62016578254168
Sep 02 09:13:33 INFO >> sigma: 16.704338309939548
Sep 02 09:13:33 INFO >> frequency: 93.28382883516055
Sep 02 09:13:33 INFO >> Injecting 5 harmonics.
Sep 02 09:13:33 INFO >> Starting DM: 186.50779071645192
Sep 02 09:13:33 INFO >> Stopping DM: 188.73414524480896
Sep 02 09:13:33 INFO >> Expected detection at 14.14 sigma with 4 harmonics.
Sep 02 09:13:47 INFO >> Start searching 6558 dm trials using 32 harmonics.
Sep 02 09:13:53 INFO >> Moved power spectra to shared memory.
Sep 02 09:13:53 INFO >> Number of dm trials in single multi processing job: 10
Sep 02 09:14:33 INFO >> Total number of detections=15599
Sep 02 09:14:33 INFO >> Clustering the detections
Sep 02 09:14:33 INFO >> Starting clustering
Sep 02 09:14:33 INFO >> Rogue harmonic power filter reduced detections from 15599 to 8541
Sep 02 09:14:33 INFO >> Filtering out duplicate freq,dm detections at multiple nharms removes 789 detections
Sep 02 09:14:33 INFO >> Duplicate freq,dm filter reduced detections to 7752
Sep 02 09:14:33 INFO >> Number of detections over threshold sigma (6.0): 7752
Sep 02 09:14:33 INFO >> Grouping duplicate frequencies together first
Sep 02 09:14:33 INFO >> Grouping duplicate frequencies removed 7220 detections from the harmonic metric computation
Sep 02 09:14:33 INFO >> Starting freq-DM distance metric computation
Sep 02 09:14:34 INFO >> Finished freq-DM distance metric computation
Sep 02 09:14:34 INFO >> Largest group size for metric computation is 97
Sep 02 09:14:34 INFO >> Starting harmonic distance metric computation
Sep 02 09:14:34 INFO >> Finished harmonic distance metric computation
Sep 02 09:14:34 INFO >> Starting DBSCAN
Sep 02 09:14:35 INFO >> Finished DBSCAN
Sep 02 09:14:35 INFO >> Clusters found: 76
Sep 02 09:14:35 INFO >> Filtered 32 clusters below or equal 2 DM.
Sep 02 09:14:35 INFO >> Total number of candidate clusters=1
Sep 02 09:14:35 INFO >> Candidate Processor of stack (315.95 49.23)
Sep 02 09:14:35 INFO >> Making SinglePointingCandidates from a list of 1 PowerSpectraDetectionClusters
Sep 02 09:14:37 INFO >> saved candidates to ./results//injections/315.95_49.23_cumulative_power_spectra_stack_20220627_11_tpa.yml_(187,)_candidates.npz
Sep 02 09:14:37 INFO >> Injected Pulsars:     1
Sep 02 09:14:37 INFO >> Injection Candidates: 1
Sep 02 09:14:37 INFO >> Recovered Injections: 1
Sep 02 09:14:37 INFO >> 1 candidates.
Sep 02 09:14:37 INFO >> Best candidate: F0: 93.284 DM: 187.62 Sigma: 14.00
Sep 02 09:14:38 INFO >> Unlinked shared memory for cumulative stack.
Sep 02 09:14:38 INFO >> Pipeline execution time: 2.07 minutes
