Sep 02 08:16:05 INFO >> {"message": "Waiting for suitable server to become available", "selector": "Primary()", "operation": "find", "topologyDescription": "<TopologyDescription id: 66d57445be702575e56fc533, topology_type: Unknown, servers: [<ServerDescription ('localhost', 27017) server_type: Unknown, rtt: None>]>", "clientId": {"$oid": "66d57445be702575e56fc533"}, "remainingTimeMS": 29}
Sep 02 08:16:05 INFO >> Features initialized as the following:
Sep 02 08:16:05 INFO >> num_unique_dms
Sep 02 08:16:05 INFO >> num_unique_freqs
Sep 02 08:16:05 INFO >> ndetections
Sep 02 08:16:05 INFO >> nharm
Sep 02 08:16:05 INFO >> log_p_dm
Sep 02 08:16:05 INFO >> ['dm_sigma_FitGaussWidth_gauss_sigma', 'dm_sigma_FitGaussWidth_gauss_sigma_rel_err', 'dm_sigma_FitGaussWidth_ndof', 'dm_sigma_FitGaussWidth_rms_err']
Sep 02 08:16:05 INFO >> ['dm_sigma_FitGauss_amplitude', 'dm_sigma_FitGauss_mu', 'dm_sigma_FitGauss_gauss_sigma', 'dm_sigma_FitGauss_amplitude_rel_err', 'dm_sigma_FitGauss_mu_rel_err', 'dm_sigma_FitGauss_gauss_sigma_rel_err', 'dm_sigma_FitGauss_amplitude-detection', 'dm_sigma_FitGauss_mu-detection', 'dm_sigma_FitGauss_ndof', 'dm_sigma_FitGauss_rms_err']
Sep 02 08:16:05 INFO >> ['freq_sigma_FitGaussWidth_gauss_sigma', 'freq_sigma_FitGaussWidth_gauss_sigma_rel_err', 'freq_sigma_FitGaussWidth_ndof', 'freq_sigma_FitGaussWidth_rms_err']
Sep 02 08:16:05 INFO >> ['freq_sigma_FitGauss_amplitude', 'freq_sigma_FitGauss_mu', 'freq_sigma_FitGauss_gauss_sigma', 'freq_sigma_FitGauss_amplitude_rel_err', 'freq_sigma_FitGauss_mu_rel_err', 'freq_sigma_FitGauss_gauss_sigma_rel_err', 'freq_sigma_FitGauss_amplitude-detection', 'freq_sigma_FitGauss_mu-detection', 'freq_sigma_FitGauss_ndof', 'freq_sigma_FitGauss_rms_err']
Sep 02 08:16:06 INFO >> Performing searching on cumulative stack 315.95 49.23
Sep 02 08:16:06 INFO >> Loading the cumulative power spectra stack to search
Sep 02 08:17:02 INFO >> DM: 115.1308553532649
Sep 02 08:17:02 INFO >> sigma: 15.907349540215407
Sep 02 08:17:02 INFO >> frequency: 63.130459469569345
Sep 02 08:17:02 INFO >> Injecting 8 harmonics.
Sep 02 08:17:02 INFO >> Starting DM: 113.54408094620675
Sep 02 08:17:02 INFO >> Stopping DM: 116.7824148056351
Sep 02 08:17:03 INFO >> Expected detection at 11.58 sigma with 8 harmonics.
Sep 02 08:17:17 INFO >> Start searching 6558 dm trials using 32 harmonics.
Sep 02 08:17:22 INFO >> Moved power spectra to shared memory.
Sep 02 08:17:22 INFO >> Number of dm trials in single multi processing job: 10
Sep 02 08:18:02 INFO >> Total number of detections=15589
Sep 02 08:18:02 INFO >> Clustering the detections
Sep 02 08:18:02 INFO >> Starting clustering
Sep 02 08:18:02 INFO >> Rogue harmonic power filter reduced detections from 15589 to 8531
Sep 02 08:18:02 INFO >> Filtering out duplicate freq,dm detections at multiple nharms removes 787 detections
Sep 02 08:18:02 INFO >> Duplicate freq,dm filter reduced detections to 7744
Sep 02 08:18:02 INFO >> Number of detections over threshold sigma (6.0): 7744
Sep 02 08:18:02 INFO >> Grouping duplicate frequencies together first
Sep 02 08:18:02 INFO >> Grouping duplicate frequencies removed 7218 detections from the harmonic metric computation
Sep 02 08:18:02 INFO >> Starting freq-DM distance metric computation
Sep 02 08:18:03 INFO >> Finished freq-DM distance metric computation
Sep 02 08:18:03 INFO >> Largest group size for metric computation is 97
Sep 02 08:18:03 INFO >> Starting harmonic distance metric computation
Sep 02 08:18:04 INFO >> Finished harmonic distance metric computation
Sep 02 08:18:04 INFO >> Starting DBSCAN
Sep 02 08:18:04 INFO >> Finished DBSCAN
Sep 02 08:18:04 INFO >> Clusters found: 76
Sep 02 08:18:04 INFO >> Filtered 32 clusters below or equal 2 DM.
Sep 02 08:18:04 INFO >> Total number of candidate clusters=1
Sep 02 08:18:04 INFO >> Candidate Processor of stack (315.95 49.23)
Sep 02 08:18:04 INFO >> Making SinglePointingCandidates from a list of 1 PowerSpectraDetectionClusters
Sep 02 08:18:06 INFO >> saved candidates to ./results//injections/315.95_49.23_cumulative_power_spectra_stack_20220627_11_tpa.yml_(160,)_candidates.npz
Sep 02 08:18:06 INFO >> Injected Pulsars:     1
Sep 02 08:18:06 INFO >> Injection Candidates: 1
Sep 02 08:18:06 INFO >> Recovered Injections: 1
Sep 02 08:18:06 INFO >> 1 candidates.
Sep 02 08:18:06 INFO >> Best candidate: F0: 63.130 DM: 115.16 Sigma: 11.43
Sep 02 08:18:07 INFO >> Unlinked shared memory for cumulative stack.
Sep 02 08:18:07 INFO >> Pipeline execution time: 2.04 minutes
