Sep 02 16:50:58 INFO >> {"message": "Waiting for suitable server to become available", "selector": "Primary()", "operation": "find", "topologyDescription": "<TopologyDescription id: 66d5ecf2c5da4577f840a54b, topology_type: Unknown, servers: [<ServerDescription ('localhost', 27017) server_type: Unknown, rtt: None>]>", "clientId": {"$oid": "66d5ecf2c5da4577f840a54b"}, "remainingTimeMS": 29}
Sep 02 16:50:58 INFO >> Features initialized as the following:
Sep 02 16:50:58 INFO >> num_unique_dms
Sep 02 16:50:58 INFO >> num_unique_freqs
Sep 02 16:50:58 INFO >> ndetections
Sep 02 16:50:58 INFO >> nharm
Sep 02 16:50:58 INFO >> log_p_dm
Sep 02 16:50:58 INFO >> ['dm_sigma_FitGaussWidth_gauss_sigma', 'dm_sigma_FitGaussWidth_gauss_sigma_rel_err', 'dm_sigma_FitGaussWidth_ndof', 'dm_sigma_FitGaussWidth_rms_err']
Sep 02 16:50:58 INFO >> ['dm_sigma_FitGauss_amplitude', 'dm_sigma_FitGauss_mu', 'dm_sigma_FitGauss_gauss_sigma', 'dm_sigma_FitGauss_amplitude_rel_err', 'dm_sigma_FitGauss_mu_rel_err', 'dm_sigma_FitGauss_gauss_sigma_rel_err', 'dm_sigma_FitGauss_amplitude-detection', 'dm_sigma_FitGauss_mu-detection', 'dm_sigma_FitGauss_ndof', 'dm_sigma_FitGauss_rms_err']
Sep 02 16:50:58 INFO >> ['freq_sigma_FitGaussWidth_gauss_sigma', 'freq_sigma_FitGaussWidth_gauss_sigma_rel_err', 'freq_sigma_FitGaussWidth_ndof', 'freq_sigma_FitGaussWidth_rms_err']
Sep 02 16:50:58 INFO >> ['freq_sigma_FitGauss_amplitude', 'freq_sigma_FitGauss_mu', 'freq_sigma_FitGauss_gauss_sigma', 'freq_sigma_FitGauss_amplitude_rel_err', 'freq_sigma_FitGauss_mu_rel_err', 'freq_sigma_FitGauss_gauss_sigma_rel_err', 'freq_sigma_FitGauss_amplitude-detection', 'freq_sigma_FitGauss_mu-detection', 'freq_sigma_FitGauss_ndof', 'freq_sigma_FitGauss_rms_err']
Sep 02 16:50:59 INFO >> Performing searching on cumulative stack 315.95 49.23
Sep 02 16:50:59 INFO >> Loading the cumulative power spectra stack to search
Sep 02 16:51:56 INFO >> DM: 131.9270237479202
Sep 02 16:51:56 INFO >> sigma: 13.473565295104361
Sep 02 16:51:56 INFO >> frequency: 48.98540489818267
Sep 02 16:51:56 INFO >> Injecting 10 harmonics.
Sep 02 16:51:56 INFO >> Starting DM: 129.83694817645568
Sep 02 16:51:56 INFO >> Stopping DM: 133.98606343384824
Sep 02 16:51:56 INFO >> Expected detection at 10.51 sigma with 8 harmonics.
Sep 02 16:52:10 INFO >> Start searching 6558 dm trials using 32 harmonics.
Sep 02 16:52:16 INFO >> Moved power spectra to shared memory.
Sep 02 16:52:16 INFO >> Number of dm trials in single multi processing job: 10
Sep 02 16:52:56 INFO >> Total number of detections=15605
Sep 02 16:52:56 INFO >> Clustering the detections
Sep 02 16:52:56 INFO >> Starting clustering
Sep 02 16:52:56 INFO >> Rogue harmonic power filter reduced detections from 15605 to 8547
Sep 02 16:52:56 INFO >> Filtering out duplicate freq,dm detections at multiple nharms removes 795 detections
Sep 02 16:52:56 INFO >> Duplicate freq,dm filter reduced detections to 7752
Sep 02 16:52:56 INFO >> Number of detections over threshold sigma (6.0): 7752
Sep 02 16:52:57 INFO >> Grouping duplicate frequencies together first
Sep 02 16:52:57 INFO >> Grouping duplicate frequencies removed 7225 detections from the harmonic metric computation
Sep 02 16:52:57 INFO >> Starting freq-DM distance metric computation
Sep 02 16:52:57 INFO >> Finished freq-DM distance metric computation
Sep 02 16:52:57 INFO >> Largest group size for metric computation is 97
Sep 02 16:52:57 INFO >> Starting harmonic distance metric computation
Sep 02 16:52:58 INFO >> Finished harmonic distance metric computation
Sep 02 16:52:58 INFO >> Starting DBSCAN
Sep 02 16:52:58 INFO >> Finished DBSCAN
Sep 02 16:52:58 INFO >> Clusters found: 76
Sep 02 16:52:58 INFO >> Filtered 32 clusters below or equal 2 DM.
Sep 02 16:52:58 INFO >> Total number of candidate clusters=1
Sep 02 16:52:58 INFO >> Candidate Processor of stack (315.95 49.23)
Sep 02 16:52:58 INFO >> Making SinglePointingCandidates from a list of 1 PowerSpectraDetectionClusters
Sep 02 16:53:00 INFO >> saved candidates to ./results//injections/315.95_49.23_cumulative_power_spectra_stack_20220627_11_tpa.yml_(406,)_candidates.npz
Sep 02 16:53:00 INFO >> Injected Pulsars:     1
Sep 02 16:53:00 INFO >> Injection Candidates: 1
Sep 02 16:53:00 INFO >> Recovered Injections: 1
Sep 02 16:53:00 INFO >> 1 candidates.
Sep 02 16:53:00 INFO >> Best candidate: F0: 48.985 DM: 131.96 Sigma: 11.57
Sep 02 16:53:02 INFO >> Unlinked shared memory for cumulative stack.
Sep 02 16:53:02 INFO >> Pipeline execution time: 2.05 minutes
