Sep 02 22:32:01 INFO >> {"message": "Waiting for suitable server to become available", "selector": "Primary()", "operation": "find", "topologyDescription": "<TopologyDescription id: 66d63ce1cbe268857316bfbf, topology_type: Unknown, servers: [<ServerDescription ('localhost', 27017) server_type: Unknown, rtt: None>]>", "clientId": {"$oid": "66d63ce1cbe268857316bfbf"}, "remainingTimeMS": 29}
Sep 02 22:32:01 INFO >> Features initialized as the following:
Sep 02 22:32:01 INFO >> num_unique_dms
Sep 02 22:32:01 INFO >> num_unique_freqs
Sep 02 22:32:01 INFO >> ndetections
Sep 02 22:32:01 INFO >> nharm
Sep 02 22:32:01 INFO >> log_p_dm
Sep 02 22:32:01 INFO >> ['dm_sigma_FitGaussWidth_gauss_sigma', 'dm_sigma_FitGaussWidth_gauss_sigma_rel_err', 'dm_sigma_FitGaussWidth_ndof', 'dm_sigma_FitGaussWidth_rms_err']
Sep 02 22:32:01 INFO >> ['dm_sigma_FitGauss_amplitude', 'dm_sigma_FitGauss_mu', 'dm_sigma_FitGauss_gauss_sigma', 'dm_sigma_FitGauss_amplitude_rel_err', 'dm_sigma_FitGauss_mu_rel_err', 'dm_sigma_FitGauss_gauss_sigma_rel_err', 'dm_sigma_FitGauss_amplitude-detection', 'dm_sigma_FitGauss_mu-detection', 'dm_sigma_FitGauss_ndof', 'dm_sigma_FitGauss_rms_err']
Sep 02 22:32:01 INFO >> ['freq_sigma_FitGaussWidth_gauss_sigma', 'freq_sigma_FitGaussWidth_gauss_sigma_rel_err', 'freq_sigma_FitGaussWidth_ndof', 'freq_sigma_FitGaussWidth_rms_err']
Sep 02 22:32:01 INFO >> ['freq_sigma_FitGauss_amplitude', 'freq_sigma_FitGauss_mu', 'freq_sigma_FitGauss_gauss_sigma', 'freq_sigma_FitGauss_amplitude_rel_err', 'freq_sigma_FitGauss_mu_rel_err', 'freq_sigma_FitGauss_gauss_sigma_rel_err', 'freq_sigma_FitGauss_amplitude-detection', 'freq_sigma_FitGauss_mu-detection', 'freq_sigma_FitGauss_ndof', 'freq_sigma_FitGauss_rms_err']
Sep 02 22:32:01 INFO >> Performing searching on cumulative stack 315.95 49.23
Sep 02 22:32:01 INFO >> Loading the cumulative power spectra stack to search
Sep 02 22:32:58 INFO >> DM: 31.258436523840594
Sep 02 22:32:58 INFO >> sigma: 16.031867448156888
Sep 02 22:32:58 INFO >> frequency: 75.2000239668212
Sep 02 22:32:58 INFO >> Injecting 6 harmonics.
Sep 02 22:32:58 INFO >> Starting DM: 29.853390266605167
Sep 02 22:32:58 INFO >> Stopping DM: 32.58573446049785
Sep 02 22:32:58 INFO >> Expected detection at 7.88 sigma with 4 harmonics.
Sep 02 22:33:12 INFO >> Start searching 6558 dm trials using 32 harmonics.
Sep 02 22:33:18 INFO >> Moved power spectra to shared memory.
Sep 02 22:33:18 INFO >> Number of dm trials in single multi processing job: 10
Sep 02 22:33:59 INFO >> Total number of detections=15606
Sep 02 22:33:59 INFO >> Clustering the detections
Sep 02 22:33:59 INFO >> Starting clustering
Sep 02 22:33:59 INFO >> Rogue harmonic power filter reduced detections from 15606 to 8546
Sep 02 22:33:59 INFO >> Filtering out duplicate freq,dm detections at multiple nharms removes 795 detections
Sep 02 22:33:59 INFO >> Duplicate freq,dm filter reduced detections to 7751
Sep 02 22:33:59 INFO >> Number of detections over threshold sigma (6.0): 7751
Sep 02 22:33:59 INFO >> Grouping duplicate frequencies together first
Sep 02 22:33:59 INFO >> Grouping duplicate frequencies removed 7221 detections from the harmonic metric computation
Sep 02 22:33:59 INFO >> Starting freq-DM distance metric computation
Sep 02 22:33:59 INFO >> Finished freq-DM distance metric computation
Sep 02 22:34:00 INFO >> Largest group size for metric computation is 97
Sep 02 22:34:00 INFO >> Starting harmonic distance metric computation
Sep 02 22:34:00 INFO >> Finished harmonic distance metric computation
Sep 02 22:34:00 INFO >> Starting DBSCAN
Sep 02 22:34:01 INFO >> Finished DBSCAN
Sep 02 22:34:01 INFO >> Clusters found: 77
Sep 02 22:34:01 INFO >> Filtered 32 clusters below or equal 2 DM.
Sep 02 22:34:01 INFO >> Total number of candidate clusters=2
Sep 02 22:34:01 INFO >> Candidate Processor of stack (315.95 49.23)
Sep 02 22:34:01 INFO >> Making SinglePointingCandidates from a list of 2 PowerSpectraDetectionClusters
Sep 02 22:34:03 INFO >> saved candidates to ./results//injections/315.95_49.23_cumulative_power_spectra_stack_20220627_11_tpa.yml_(569,)_candidates.npz
Sep 02 22:34:03 INFO >> Injected Pulsars:     1
Sep 02 22:34:03 INFO >> Injection Candidates: 2
Sep 02 22:34:03 INFO >> Recovered Injections: 1
Sep 02 22:34:03 INFO >> 2 candidates.
Sep 02 22:34:03 INFO >> Best candidate: F0: 75.200 DM: 31.27 Sigma: 8.93
Sep 02 22:34:04 INFO >> Unlinked shared memory for cumulative stack.
Sep 02 22:34:04 INFO >> Pipeline execution time: 2.06 minutes
