Sep 02 05:24:31 INFO >> {"message": "Waiting for suitable server to become available", "selector": "Primary()", "operation": "find", "topologyDescription": "<TopologyDescription id: 66d54c0f2a7d6896b1c6974c, topology_type: Unknown, servers: [<ServerDescription ('localhost', 27017) server_type: Unknown, rtt: None>]>", "clientId": {"$oid": "66d54c0f2a7d6896b1c6974c"}, "remainingTimeMS": 29}
Sep 02 05:24:31 INFO >> Features initialized as the following:
Sep 02 05:24:31 INFO >> num_unique_dms
Sep 02 05:24:31 INFO >> num_unique_freqs
Sep 02 05:24:31 INFO >> ndetections
Sep 02 05:24:31 INFO >> nharm
Sep 02 05:24:31 INFO >> log_p_dm
Sep 02 05:24:31 INFO >> ['dm_sigma_FitGaussWidth_gauss_sigma', 'dm_sigma_FitGaussWidth_gauss_sigma_rel_err', 'dm_sigma_FitGaussWidth_ndof', 'dm_sigma_FitGaussWidth_rms_err']
Sep 02 05:24:31 INFO >> ['dm_sigma_FitGauss_amplitude', 'dm_sigma_FitGauss_mu', 'dm_sigma_FitGauss_gauss_sigma', 'dm_sigma_FitGauss_amplitude_rel_err', 'dm_sigma_FitGauss_mu_rel_err', 'dm_sigma_FitGauss_gauss_sigma_rel_err', 'dm_sigma_FitGauss_amplitude-detection', 'dm_sigma_FitGauss_mu-detection', 'dm_sigma_FitGauss_ndof', 'dm_sigma_FitGauss_rms_err']
Sep 02 05:24:31 INFO >> ['freq_sigma_FitGaussWidth_gauss_sigma', 'freq_sigma_FitGaussWidth_gauss_sigma_rel_err', 'freq_sigma_FitGaussWidth_ndof', 'freq_sigma_FitGaussWidth_rms_err']
Sep 02 05:24:31 INFO >> ['freq_sigma_FitGauss_amplitude', 'freq_sigma_FitGauss_mu', 'freq_sigma_FitGauss_gauss_sigma', 'freq_sigma_FitGauss_amplitude_rel_err', 'freq_sigma_FitGauss_mu_rel_err', 'freq_sigma_FitGauss_gauss_sigma_rel_err', 'freq_sigma_FitGauss_amplitude-detection', 'freq_sigma_FitGauss_mu-detection', 'freq_sigma_FitGauss_ndof', 'freq_sigma_FitGauss_rms_err']
Sep 02 05:24:31 INFO >> Performing searching on cumulative stack 315.95 49.23
Sep 02 05:24:31 INFO >> Loading the cumulative power spectra stack to search
Sep 02 05:25:28 INFO >> DM: 195.0460278094498
Sep 02 05:25:28 INFO >> sigma: 16.241481480052542
Sep 02 05:25:28 INFO >> frequency: 12.219008061552394
Sep 02 05:25:28 INFO >> Injecting 41 harmonics.
Sep 02 05:25:28 INFO >> Starting DM: 186.60898864955908
Sep 02 05:25:28 INFO >> Stopping DM: 203.5090434784508
Sep 02 05:25:28 INFO >> Expected detection at 12.88 sigma with 16 harmonics.
Sep 02 05:25:42 INFO >> Start searching 6558 dm trials using 32 harmonics.
Sep 02 05:25:48 INFO >> Moved power spectra to shared memory.
Sep 02 05:25:48 INFO >> Number of dm trials in single multi processing job: 10
Sep 02 05:26:29 INFO >> Total number of detections=15704
Sep 02 05:26:29 INFO >> Clustering the detections
Sep 02 05:26:29 INFO >> Starting clustering
Sep 02 05:26:29 INFO >> Rogue harmonic power filter reduced detections from 15704 to 8646
Sep 02 05:26:29 INFO >> Filtering out duplicate freq,dm detections at multiple nharms removes 841 detections
Sep 02 05:26:29 INFO >> Duplicate freq,dm filter reduced detections to 7805
Sep 02 05:26:29 INFO >> Number of detections over threshold sigma (6.0): 7805
Sep 02 05:26:29 INFO >> Grouping duplicate frequencies together first
Sep 02 05:26:29 INFO >> Grouping duplicate frequencies removed 7274 detections from the harmonic metric computation
Sep 02 05:26:29 INFO >> Starting freq-DM distance metric computation
Sep 02 05:26:29 INFO >> Finished freq-DM distance metric computation
Sep 02 05:26:30 INFO >> Largest group size for metric computation is 97
Sep 02 05:26:30 INFO >> Starting harmonic distance metric computation
Sep 02 05:26:30 INFO >> Finished harmonic distance metric computation
Sep 02 05:26:30 INFO >> Starting DBSCAN
Sep 02 05:26:30 INFO >> Finished DBSCAN
Sep 02 05:26:30 INFO >> Clusters found: 77
Sep 02 05:26:30 INFO >> Filtered 32 clusters below or equal 2 DM.
Sep 02 05:26:30 INFO >> Total number of candidate clusters=2
Sep 02 05:26:30 INFO >> Candidate Processor of stack (315.95 49.23)
Sep 02 05:26:30 INFO >> Making SinglePointingCandidates from a list of 2 PowerSpectraDetectionClusters
Sep 02 05:26:33 INFO >> saved candidates to ./results//injections/315.95_49.23_cumulative_power_spectra_stack_20220627_11_tpa.yml_(78,)_candidates.npz
Sep 02 05:26:33 INFO >> Injected Pulsars:     1
Sep 02 05:26:33 INFO >> Injection Candidates: 2
Sep 02 05:26:33 INFO >> Recovered Injections: 1
Sep 02 05:26:33 INFO >> 2 candidates.
Sep 02 05:26:33 INFO >> Best candidate: F0: 12.219 DM: 195.01 Sigma: 12.63
Sep 02 05:26:34 INFO >> Unlinked shared memory for cumulative stack.
Sep 02 05:26:34 INFO >> Pipeline execution time: 2.06 minutes
