Sep 02 15:43:58 INFO >> {"message": "Waiting for suitable server to become available", "selector": "Primary()", "operation": "find", "topologyDescription": "<TopologyDescription id: 66d5dd3e5e7003693c7c47ce, topology_type: Unknown, servers: [<ServerDescription ('localhost', 27017) server_type: Unknown, rtt: None>]>", "clientId": {"$oid": "66d5dd3e5e7003693c7c47ce"}, "remainingTimeMS": 29}
Sep 02 15:43:58 INFO >> Features initialized as the following:
Sep 02 15:43:58 INFO >> num_unique_dms
Sep 02 15:43:58 INFO >> num_unique_freqs
Sep 02 15:43:58 INFO >> ndetections
Sep 02 15:43:58 INFO >> nharm
Sep 02 15:43:58 INFO >> log_p_dm
Sep 02 15:43:58 INFO >> ['dm_sigma_FitGaussWidth_gauss_sigma', 'dm_sigma_FitGaussWidth_gauss_sigma_rel_err', 'dm_sigma_FitGaussWidth_ndof', 'dm_sigma_FitGaussWidth_rms_err']
Sep 02 15:43:58 INFO >> ['dm_sigma_FitGauss_amplitude', 'dm_sigma_FitGauss_mu', 'dm_sigma_FitGauss_gauss_sigma', 'dm_sigma_FitGauss_amplitude_rel_err', 'dm_sigma_FitGauss_mu_rel_err', 'dm_sigma_FitGauss_gauss_sigma_rel_err', 'dm_sigma_FitGauss_amplitude-detection', 'dm_sigma_FitGauss_mu-detection', 'dm_sigma_FitGauss_ndof', 'dm_sigma_FitGauss_rms_err']
Sep 02 15:43:58 INFO >> ['freq_sigma_FitGaussWidth_gauss_sigma', 'freq_sigma_FitGaussWidth_gauss_sigma_rel_err', 'freq_sigma_FitGaussWidth_ndof', 'freq_sigma_FitGaussWidth_rms_err']
Sep 02 15:43:58 INFO >> ['freq_sigma_FitGauss_amplitude', 'freq_sigma_FitGauss_mu', 'freq_sigma_FitGauss_gauss_sigma', 'freq_sigma_FitGauss_amplitude_rel_err', 'freq_sigma_FitGauss_mu_rel_err', 'freq_sigma_FitGauss_gauss_sigma_rel_err', 'freq_sigma_FitGauss_amplitude-detection', 'freq_sigma_FitGauss_mu-detection', 'freq_sigma_FitGauss_ndof', 'freq_sigma_FitGauss_rms_err']
Sep 02 15:43:58 INFO >> Performing searching on cumulative stack 315.95 49.23
Sep 02 15:43:58 INFO >> Loading the cumulative power spectra stack to search
Sep 02 15:44:55 INFO >> DM: 85.52874668265984
Sep 02 15:44:55 INFO >> sigma: 12.570132501803903
Sep 02 15:44:55 INFO >> frequency: 12.980553056546299
Sep 02 15:44:55 INFO >> Injecting 39 harmonics.
Sep 02 15:44:55 INFO >> Starting DM: 77.61881469317343
Sep 02 15:44:55 INFO >> Stopping DM: 93.5068901909938
Sep 02 15:44:55 INFO >> Expected detection at 10.33 sigma with 8 harmonics.
Sep 02 15:45:09 INFO >> Start searching 6558 dm trials using 32 harmonics.
Sep 02 15:45:15 INFO >> Moved power spectra to shared memory.
Sep 02 15:45:15 INFO >> Number of dm trials in single multi processing job: 10
Sep 02 15:45:55 INFO >> Total number of detections=15688
Sep 02 15:45:55 INFO >> Clustering the detections
Sep 02 15:45:55 INFO >> Starting clustering
Sep 02 15:45:55 INFO >> Rogue harmonic power filter reduced detections from 15688 to 8630
Sep 02 15:45:55 INFO >> Filtering out duplicate freq,dm detections at multiple nharms removes 827 detections
Sep 02 15:45:55 INFO >> Duplicate freq,dm filter reduced detections to 7803
Sep 02 15:45:55 INFO >> Number of detections over threshold sigma (6.0): 7803
Sep 02 15:45:55 INFO >> Grouping duplicate frequencies together first
Sep 02 15:45:55 INFO >> Grouping duplicate frequencies removed 7274 detections from the harmonic metric computation
Sep 02 15:45:55 INFO >> Starting freq-DM distance metric computation
Sep 02 15:45:56 INFO >> Finished freq-DM distance metric computation
Sep 02 15:45:56 INFO >> Largest group size for metric computation is 97
Sep 02 15:45:56 INFO >> Starting harmonic distance metric computation
Sep 02 15:45:57 INFO >> Finished harmonic distance metric computation
Sep 02 15:45:57 INFO >> Starting DBSCAN
Sep 02 15:45:57 INFO >> Finished DBSCAN
Sep 02 15:45:57 INFO >> Clusters found: 76
Sep 02 15:45:57 INFO >> Filtered 32 clusters below or equal 2 DM.
Sep 02 15:45:57 INFO >> Total number of candidate clusters=1
Sep 02 15:45:57 INFO >> Candidate Processor of stack (315.95 49.23)
Sep 02 15:45:57 INFO >> Making SinglePointingCandidates from a list of 1 PowerSpectraDetectionClusters
Sep 02 15:45:59 INFO >> saved candidates to ./results//injections/315.95_49.23_cumulative_power_spectra_stack_20220627_11_tpa.yml_(374,)_candidates.npz
Sep 02 15:45:59 INFO >> Injected Pulsars:     1
Sep 02 15:45:59 INFO >> Injection Candidates: 1
Sep 02 15:45:59 INFO >> Recovered Injections: 1
Sep 02 15:45:59 INFO >> 1 candidates.
Sep 02 15:45:59 INFO >> Best candidate: F0: 12.981 DM: 85.51 Sigma: 9.95
Sep 02 15:46:01 INFO >> Unlinked shared memory for cumulative stack.
Sep 02 15:46:01 INFO >> Pipeline execution time: 2.05 minutes
