Sep 02 20:36:56 INFO >> {"message": "Waiting for suitable server to become available", "selector": "Primary()", "operation": "find", "topologyDescription": "<TopologyDescription id: 66d621e8316797ea1c02a513, topology_type: Unknown, servers: [<ServerDescription ('localhost', 27017) server_type: Unknown, rtt: None>]>", "clientId": {"$oid": "66d621e8316797ea1c02a513"}, "remainingTimeMS": 29}
Sep 02 20:36:56 INFO >> Features initialized as the following:
Sep 02 20:36:56 INFO >> num_unique_dms
Sep 02 20:36:56 INFO >> num_unique_freqs
Sep 02 20:36:56 INFO >> ndetections
Sep 02 20:36:56 INFO >> nharm
Sep 02 20:36:56 INFO >> log_p_dm
Sep 02 20:36:56 INFO >> ['dm_sigma_FitGaussWidth_gauss_sigma', 'dm_sigma_FitGaussWidth_gauss_sigma_rel_err', 'dm_sigma_FitGaussWidth_ndof', 'dm_sigma_FitGaussWidth_rms_err']
Sep 02 20:36:56 INFO >> ['dm_sigma_FitGauss_amplitude', 'dm_sigma_FitGauss_mu', 'dm_sigma_FitGauss_gauss_sigma', 'dm_sigma_FitGauss_amplitude_rel_err', 'dm_sigma_FitGauss_mu_rel_err', 'dm_sigma_FitGauss_gauss_sigma_rel_err', 'dm_sigma_FitGauss_amplitude-detection', 'dm_sigma_FitGauss_mu-detection', 'dm_sigma_FitGauss_ndof', 'dm_sigma_FitGauss_rms_err']
Sep 02 20:36:56 INFO >> ['freq_sigma_FitGaussWidth_gauss_sigma', 'freq_sigma_FitGaussWidth_gauss_sigma_rel_err', 'freq_sigma_FitGaussWidth_ndof', 'freq_sigma_FitGaussWidth_rms_err']
Sep 02 20:36:56 INFO >> ['freq_sigma_FitGauss_amplitude', 'freq_sigma_FitGauss_mu', 'freq_sigma_FitGauss_gauss_sigma', 'freq_sigma_FitGauss_amplitude_rel_err', 'freq_sigma_FitGauss_mu_rel_err', 'freq_sigma_FitGauss_gauss_sigma_rel_err', 'freq_sigma_FitGauss_amplitude-detection', 'freq_sigma_FitGauss_mu-detection', 'freq_sigma_FitGauss_ndof', 'freq_sigma_FitGauss_rms_err']
Sep 02 20:36:57 INFO >> Performing searching on cumulative stack 315.95 49.23
Sep 02 20:36:57 INFO >> Loading the cumulative power spectra stack to search
Sep 02 20:37:54 INFO >> DM: 80.03790479743272
Sep 02 20:37:54 INFO >> sigma: 16.995095006891166
Sep 02 20:37:54 INFO >> frequency: 90.92077935026468
Sep 02 20:37:54 INFO >> Injecting 5 harmonics.
Sep 02 20:37:54 INFO >> Starting DM: 78.93438782356621
Sep 02 20:37:54 INFO >> Stopping DM: 81.1607423519232
Sep 02 20:37:54 INFO >> Expected detection at 7.01 sigma with 4 harmonics.
Sep 02 20:38:08 INFO >> Start searching 6558 dm trials using 32 harmonics.
Sep 02 20:38:14 INFO >> Moved power spectra to shared memory.
Sep 02 20:38:14 INFO >> Number of dm trials in single multi processing job: 10
Sep 02 20:38:54 INFO >> Total number of detections=15583
Sep 02 20:38:54 INFO >> Clustering the detections
Sep 02 20:38:54 INFO >> Starting clustering
Sep 02 20:38:54 INFO >> Rogue harmonic power filter reduced detections from 15583 to 8525
Sep 02 20:38:54 INFO >> Filtering out duplicate freq,dm detections at multiple nharms removes 789 detections
Sep 02 20:38:54 INFO >> Duplicate freq,dm filter reduced detections to 7736
Sep 02 20:38:54 INFO >> Number of detections over threshold sigma (6.0): 7736
Sep 02 20:38:54 INFO >> Grouping duplicate frequencies together first
Sep 02 20:38:54 INFO >> Grouping duplicate frequencies removed 7214 detections from the harmonic metric computation
Sep 02 20:38:54 INFO >> Starting freq-DM distance metric computation
Sep 02 20:38:54 INFO >> Finished freq-DM distance metric computation
Sep 02 20:38:55 INFO >> Largest group size for metric computation is 97
Sep 02 20:38:55 INFO >> Starting harmonic distance metric computation
Sep 02 20:38:55 INFO >> Finished harmonic distance metric computation
Sep 02 20:38:55 INFO >> Starting DBSCAN
Sep 02 20:38:55 INFO >> Finished DBSCAN
Sep 02 20:38:55 INFO >> Clusters found: 75
Sep 02 20:38:55 INFO >> Filtered 32 clusters below or equal 2 DM.
Sep 02 20:38:55 INFO >> Total number of candidate clusters=0
Sep 02 20:38:56 INFO >> Candidate Processor of stack (315.95 49.23)
Sep 02 20:38:56 INFO >> Making SinglePointingCandidates from a list of 0 PowerSpectraDetectionClusters
Sep 02 20:38:57 INFO >> saved candidates to ./results//injections/315.95_49.23_cumulative_power_spectra_stack_20220627_11_tpa.yml_(514,)_candidates.npz
Sep 02 20:38:57 INFO >> Injected Pulsars:     1
Sep 02 20:38:57 INFO >> Injection Candidates: 0
Sep 02 20:38:57 INFO >> Recovered Injections: 0
Sep 02 20:38:57 INFO >> 0 candidates.
Sep 02 20:38:59 INFO >> Unlinked shared memory for cumulative stack.
Sep 02 20:38:59 INFO >> Pipeline execution time: 2.04 minutes
