Sep 02 03:19:02 INFO >> {"message": "Waiting for suitable server to become available", "selector": "Primary()", "operation": "find", "topologyDescription": "<TopologyDescription id: 66d52ea6f026a7318278d3db, topology_type: Unknown, servers: [<ServerDescription ('localhost', 27017) server_type: Unknown, rtt: None>]>", "clientId": {"$oid": "66d52ea6f026a7318278d3db"}, "remainingTimeMS": 29}
Sep 02 03:19:02 INFO >> Features initialized as the following:
Sep 02 03:19:02 INFO >> num_unique_dms
Sep 02 03:19:02 INFO >> num_unique_freqs
Sep 02 03:19:02 INFO >> ndetections
Sep 02 03:19:02 INFO >> nharm
Sep 02 03:19:02 INFO >> log_p_dm
Sep 02 03:19:02 INFO >> ['dm_sigma_FitGaussWidth_gauss_sigma', 'dm_sigma_FitGaussWidth_gauss_sigma_rel_err', 'dm_sigma_FitGaussWidth_ndof', 'dm_sigma_FitGaussWidth_rms_err']
Sep 02 03:19:02 INFO >> ['dm_sigma_FitGauss_amplitude', 'dm_sigma_FitGauss_mu', 'dm_sigma_FitGauss_gauss_sigma', 'dm_sigma_FitGauss_amplitude_rel_err', 'dm_sigma_FitGauss_mu_rel_err', 'dm_sigma_FitGauss_gauss_sigma_rel_err', 'dm_sigma_FitGauss_amplitude-detection', 'dm_sigma_FitGauss_mu-detection', 'dm_sigma_FitGauss_ndof', 'dm_sigma_FitGauss_rms_err']
Sep 02 03:19:02 INFO >> ['freq_sigma_FitGaussWidth_gauss_sigma', 'freq_sigma_FitGaussWidth_gauss_sigma_rel_err', 'freq_sigma_FitGaussWidth_ndof', 'freq_sigma_FitGaussWidth_rms_err']
Sep 02 03:19:02 INFO >> ['freq_sigma_FitGauss_amplitude', 'freq_sigma_FitGauss_mu', 'freq_sigma_FitGauss_gauss_sigma', 'freq_sigma_FitGauss_amplitude_rel_err', 'freq_sigma_FitGauss_mu_rel_err', 'freq_sigma_FitGauss_gauss_sigma_rel_err', 'freq_sigma_FitGauss_amplitude-detection', 'freq_sigma_FitGauss_mu-detection', 'freq_sigma_FitGauss_ndof', 'freq_sigma_FitGauss_rms_err']
Sep 02 03:19:02 INFO >> Performing searching on cumulative stack 315.95 49.23
Sep 02 03:19:02 INFO >> Loading the cumulative power spectra stack to search
Sep 02 03:20:01 INFO >> DM: 69.06432628570325
Sep 02 03:20:01 INFO >> sigma: 14.317155456428559
Sep 02 03:20:01 INFO >> frequency: 78.31160344512686
Sep 02 03:20:01 INFO >> Injecting 6 harmonics.
Sep 02 03:20:01 INFO >> Starting DM: 67.70141724867409
Sep 02 03:20:01 INFO >> Stopping DM: 70.33256350945963
Sep 02 03:20:01 INFO >> Expected detection at 13.35 sigma with 4 harmonics.
Sep 02 03:20:15 INFO >> Start searching 6558 dm trials using 32 harmonics.
Sep 02 03:20:20 INFO >> Moved power spectra to shared memory.
Sep 02 03:20:20 INFO >> Number of dm trials in single multi processing job: 10
Sep 02 03:21:02 INFO >> Total number of detections=15647
Sep 02 03:21:02 INFO >> Clustering the detections
Sep 02 03:21:02 INFO >> Starting clustering
Sep 02 03:21:02 INFO >> Rogue harmonic power filter reduced detections from 15647 to 8536
Sep 02 03:21:02 INFO >> Filtering out duplicate freq,dm detections at multiple nharms removes 794 detections
Sep 02 03:21:02 INFO >> Duplicate freq,dm filter reduced detections to 7742
Sep 02 03:21:02 INFO >> Number of detections over threshold sigma (6.0): 7742
Sep 02 03:21:02 INFO >> Grouping duplicate frequencies together first
Sep 02 03:21:02 INFO >> Grouping duplicate frequencies removed 7221 detections from the harmonic metric computation
Sep 02 03:21:02 INFO >> Starting freq-DM distance metric computation
Sep 02 03:21:03 INFO >> Finished freq-DM distance metric computation
Sep 02 03:21:03 INFO >> Largest group size for metric computation is 97
Sep 02 03:21:03 INFO >> Starting harmonic distance metric computation
Sep 02 03:21:04 INFO >> Finished harmonic distance metric computation
Sep 02 03:21:04 INFO >> Starting DBSCAN
Sep 02 03:21:04 INFO >> Finished DBSCAN
Sep 02 03:21:04 INFO >> Clusters found: 76
Sep 02 03:21:04 INFO >> Filtered 32 clusters below or equal 2 DM.
Sep 02 03:21:04 INFO >> Total number of candidate clusters=1
Sep 02 03:21:04 INFO >> Candidate Processor of stack (315.95 49.23)
Sep 02 03:21:04 INFO >> Making SinglePointingCandidates from a list of 1 PowerSpectraDetectionClusters
Sep 02 03:21:06 INFO >> saved candidates to ./results//injections/315.95_49.23_cumulative_power_spectra_stack_20220627_11_tpa.yml_(18,)_candidates.npz
Sep 02 03:21:06 INFO >> Injected Pulsars:     1
Sep 02 03:21:06 INFO >> Injection Candidates: 1
Sep 02 03:21:06 INFO >> Recovered Injections: 1
Sep 02 03:21:06 INFO >> 1 candidates.
Sep 02 03:21:06 INFO >> Best candidate: F0: 78.312 DM: 69.02 Sigma: 13.77
Sep 02 03:21:07 INFO >> Unlinked shared memory for cumulative stack.
Sep 02 03:21:07 INFO >> Pipeline execution time: 2.09 minutes
