Sep 02 23:43:13 INFO >> {"message": "Waiting for suitable server to become available", "selector": "Primary()", "operation": "find", "topologyDescription": "<TopologyDescription id: 66d64d9118e1cf9281889fa5, topology_type: Unknown, servers: [<ServerDescription ('localhost', 27017) server_type: Unknown, rtt: None>]>", "clientId": {"$oid": "66d64d9118e1cf9281889fa5"}, "remainingTimeMS": 29}
Sep 02 23:43:13 INFO >> Features initialized as the following:
Sep 02 23:43:13 INFO >> num_unique_dms
Sep 02 23:43:13 INFO >> num_unique_freqs
Sep 02 23:43:13 INFO >> ndetections
Sep 02 23:43:13 INFO >> nharm
Sep 02 23:43:13 INFO >> log_p_dm
Sep 02 23:43:13 INFO >> ['dm_sigma_FitGaussWidth_gauss_sigma', 'dm_sigma_FitGaussWidth_gauss_sigma_rel_err', 'dm_sigma_FitGaussWidth_ndof', 'dm_sigma_FitGaussWidth_rms_err']
Sep 02 23:43:13 INFO >> ['dm_sigma_FitGauss_amplitude', 'dm_sigma_FitGauss_mu', 'dm_sigma_FitGauss_gauss_sigma', 'dm_sigma_FitGauss_amplitude_rel_err', 'dm_sigma_FitGauss_mu_rel_err', 'dm_sigma_FitGauss_gauss_sigma_rel_err', 'dm_sigma_FitGauss_amplitude-detection', 'dm_sigma_FitGauss_mu-detection', 'dm_sigma_FitGauss_ndof', 'dm_sigma_FitGauss_rms_err']
Sep 02 23:43:13 INFO >> ['freq_sigma_FitGaussWidth_gauss_sigma', 'freq_sigma_FitGaussWidth_gauss_sigma_rel_err', 'freq_sigma_FitGaussWidth_ndof', 'freq_sigma_FitGaussWidth_rms_err']
Sep 02 23:43:13 INFO >> ['freq_sigma_FitGauss_amplitude', 'freq_sigma_FitGauss_mu', 'freq_sigma_FitGauss_gauss_sigma', 'freq_sigma_FitGauss_amplitude_rel_err', 'freq_sigma_FitGauss_mu_rel_err', 'freq_sigma_FitGauss_gauss_sigma_rel_err', 'freq_sigma_FitGauss_amplitude-detection', 'freq_sigma_FitGauss_mu-detection', 'freq_sigma_FitGauss_ndof', 'freq_sigma_FitGauss_rms_err']
Sep 02 23:43:13 INFO >> Performing searching on cumulative stack 315.95 49.23
Sep 02 23:43:13 INFO >> Loading the cumulative power spectra stack to search
Sep 02 23:44:10 INFO >> DM: 178.97541412359058
Sep 02 23:44:10 INFO >> sigma: 14.179730911099082
Sep 02 23:44:10 INFO >> frequency: 25.827726621976826
Sep 02 23:44:10 INFO >> Injecting 19 harmonics.
Sep 02 23:44:10 INFO >> Starting DM: 174.97122634223842
Sep 02 23:44:10 INFO >> Stopping DM: 182.9658630577022
Sep 02 23:44:10 INFO >> Expected detection at 11.78 sigma with 16 harmonics.
Sep 02 23:44:24 INFO >> Start searching 6558 dm trials using 32 harmonics.
Sep 02 23:44:30 INFO >> Moved power spectra to shared memory.
Sep 02 23:44:30 INFO >> Number of dm trials in single multi processing job: 10
Sep 02 23:45:11 INFO >> Total number of detections=15649
Sep 02 23:45:11 INFO >> Clustering the detections
Sep 02 23:45:11 INFO >> Starting clustering
Sep 02 23:45:11 INFO >> Rogue harmonic power filter reduced detections from 15649 to 8591
Sep 02 23:45:11 INFO >> Filtering out duplicate freq,dm detections at multiple nharms removes 822 detections
Sep 02 23:45:11 INFO >> Duplicate freq,dm filter reduced detections to 7769
Sep 02 23:45:11 INFO >> Number of detections over threshold sigma (6.0): 7769
Sep 02 23:45:11 INFO >> Grouping duplicate frequencies together first
Sep 02 23:45:11 INFO >> Grouping duplicate frequencies removed 7236 detections from the harmonic metric computation
Sep 02 23:45:11 INFO >> Starting freq-DM distance metric computation
Sep 02 23:45:11 INFO >> Finished freq-DM distance metric computation
Sep 02 23:45:11 INFO >> Largest group size for metric computation is 112
Sep 02 23:45:11 INFO >> Starting harmonic distance metric computation
Sep 02 23:45:12 INFO >> Finished harmonic distance metric computation
Sep 02 23:45:12 INFO >> Starting DBSCAN
Sep 02 23:45:12 INFO >> Finished DBSCAN
Sep 02 23:45:12 INFO >> Clusters found: 77
Sep 02 23:45:12 INFO >> Filtered 32 clusters below or equal 2 DM.
Sep 02 23:45:12 INFO >> Total number of candidate clusters=2
Sep 02 23:45:12 INFO >> Candidate Processor of stack (315.95 49.23)
Sep 02 23:45:12 INFO >> Making SinglePointingCandidates from a list of 2 PowerSpectraDetectionClusters
Sep 02 23:45:15 INFO >> saved candidates to ./results//injections/315.95_49.23_cumulative_power_spectra_stack_20220627_11_tpa.yml_(603,)_candidates.npz
Sep 02 23:45:15 INFO >> Injected Pulsars:     1
Sep 02 23:45:15 INFO >> Injection Candidates: 2
Sep 02 23:45:15 INFO >> Recovered Injections: 1
Sep 02 23:45:15 INFO >> 2 candidates.
Sep 02 23:45:15 INFO >> Best candidate: F0: 51.655 DM: 179.02 Sigma: 13.22
Sep 02 23:45:16 INFO >> Unlinked shared memory for cumulative stack.
Sep 02 23:45:16 INFO >> Pipeline execution time: 2.06 minutes
