Sep 02 09:18:53 INFO >> {"message": "Waiting for suitable server to become available", "selector": "Primary()", "operation": "find", "topologyDescription": "<TopologyDescription id: 66d582fdab777a02d87abf40, topology_type: Unknown, servers: [<ServerDescription ('localhost', 27017) server_type: Unknown, rtt: None>]>", "clientId": {"$oid": "66d582fdab777a02d87abf40"}, "remainingTimeMS": 29}
Sep 02 09:18:53 INFO >> Features initialized as the following:
Sep 02 09:18:53 INFO >> num_unique_dms
Sep 02 09:18:53 INFO >> num_unique_freqs
Sep 02 09:18:53 INFO >> ndetections
Sep 02 09:18:53 INFO >> nharm
Sep 02 09:18:53 INFO >> log_p_dm
Sep 02 09:18:53 INFO >> ['dm_sigma_FitGaussWidth_gauss_sigma', 'dm_sigma_FitGaussWidth_gauss_sigma_rel_err', 'dm_sigma_FitGaussWidth_ndof', 'dm_sigma_FitGaussWidth_rms_err']
Sep 02 09:18:53 INFO >> ['dm_sigma_FitGauss_amplitude', 'dm_sigma_FitGauss_mu', 'dm_sigma_FitGauss_gauss_sigma', 'dm_sigma_FitGauss_amplitude_rel_err', 'dm_sigma_FitGauss_mu_rel_err', 'dm_sigma_FitGauss_gauss_sigma_rel_err', 'dm_sigma_FitGauss_amplitude-detection', 'dm_sigma_FitGauss_mu-detection', 'dm_sigma_FitGauss_ndof', 'dm_sigma_FitGauss_rms_err']
Sep 02 09:18:53 INFO >> ['freq_sigma_FitGaussWidth_gauss_sigma', 'freq_sigma_FitGaussWidth_gauss_sigma_rel_err', 'freq_sigma_FitGaussWidth_ndof', 'freq_sigma_FitGaussWidth_rms_err']
Sep 02 09:18:53 INFO >> ['freq_sigma_FitGauss_amplitude', 'freq_sigma_FitGauss_mu', 'freq_sigma_FitGauss_gauss_sigma', 'freq_sigma_FitGauss_amplitude_rel_err', 'freq_sigma_FitGauss_mu_rel_err', 'freq_sigma_FitGauss_gauss_sigma_rel_err', 'freq_sigma_FitGauss_amplitude-detection', 'freq_sigma_FitGauss_mu-detection', 'freq_sigma_FitGauss_ndof', 'freq_sigma_FitGauss_rms_err']
Sep 02 09:18:53 INFO >> Performing searching on cumulative stack 315.95 49.23
Sep 02 09:18:53 INFO >> Loading the cumulative power spectra stack to search
Sep 02 09:19:51 INFO >> DM: 57.204044568419995
Sep 02 09:19:51 INFO >> sigma: 10.495718354252071
Sep 02 09:19:51 INFO >> frequency: 39.75495359171089
Sep 02 09:19:51 INFO >> Injecting 12 harmonics.
Sep 02 09:19:51 INFO >> Starting DM: 54.646883877853526
Sep 02 09:19:51 INFO >> Stopping DM: 59.80797846631747
Sep 02 09:19:51 INFO >> Expected detection at 6.32 sigma with 8 harmonics.
Sep 02 09:20:05 INFO >> Start searching 6558 dm trials using 32 harmonics.
Sep 02 09:20:11 INFO >> Moved power spectra to shared memory.
Sep 02 09:20:11 INFO >> Number of dm trials in single multi processing job: 10
Sep 02 09:20:51 INFO >> Total number of detections=15580
Sep 02 09:20:51 INFO >> Clustering the detections
Sep 02 09:20:51 INFO >> Starting clustering
Sep 02 09:20:51 INFO >> Rogue harmonic power filter reduced detections from 15580 to 8522
Sep 02 09:20:51 INFO >> Filtering out duplicate freq,dm detections at multiple nharms removes 787 detections
Sep 02 09:20:51 INFO >> Duplicate freq,dm filter reduced detections to 7735
Sep 02 09:20:51 INFO >> Number of detections over threshold sigma (6.0): 7735
Sep 02 09:20:51 INFO >> Grouping duplicate frequencies together first
Sep 02 09:20:51 INFO >> Grouping duplicate frequencies removed 7214 detections from the harmonic metric computation
Sep 02 09:20:51 INFO >> Starting freq-DM distance metric computation
Sep 02 09:20:51 INFO >> Finished freq-DM distance metric computation
Sep 02 09:20:52 INFO >> Largest group size for metric computation is 97
Sep 02 09:20:52 INFO >> Starting harmonic distance metric computation
Sep 02 09:20:52 INFO >> Finished harmonic distance metric computation
Sep 02 09:20:52 INFO >> Starting DBSCAN
Sep 02 09:20:53 INFO >> Finished DBSCAN
Sep 02 09:20:53 INFO >> Clusters found: 75
Sep 02 09:20:53 INFO >> Filtered 32 clusters below or equal 2 DM.
Sep 02 09:20:53 INFO >> Total number of candidate clusters=0
Sep 02 09:20:53 INFO >> Candidate Processor of stack (315.95 49.23)
Sep 02 09:20:53 INFO >> Making SinglePointingCandidates from a list of 0 PowerSpectraDetectionClusters
Sep 02 09:20:55 INFO >> saved candidates to ./results//injections/315.95_49.23_cumulative_power_spectra_stack_20220627_11_tpa.yml_(190,)_candidates.npz
Sep 02 09:20:55 INFO >> Injected Pulsars:     1
Sep 02 09:20:55 INFO >> Injection Candidates: 0
Sep 02 09:20:55 INFO >> Recovered Injections: 0
Sep 02 09:20:55 INFO >> 0 candidates.
Sep 02 09:20:56 INFO >> Unlinked shared memory for cumulative stack.
Sep 02 09:20:56 INFO >> Pipeline execution time: 2.05 minutes
