Sep 02 15:06:17 INFO >> {"message": "Waiting for suitable server to become available", "selector": "Primary()", "operation": "find", "topologyDescription": "<TopologyDescription id: 66d5d4691d0ef6ce21c15daf, topology_type: Unknown, servers: [<ServerDescription ('localhost', 27017) server_type: Unknown, rtt: None>]>", "clientId": {"$oid": "66d5d4691d0ef6ce21c15daf"}, "remainingTimeMS": 29}
Sep 02 15:06:17 INFO >> Features initialized as the following:
Sep 02 15:06:17 INFO >> num_unique_dms
Sep 02 15:06:17 INFO >> num_unique_freqs
Sep 02 15:06:17 INFO >> ndetections
Sep 02 15:06:17 INFO >> nharm
Sep 02 15:06:17 INFO >> log_p_dm
Sep 02 15:06:17 INFO >> ['dm_sigma_FitGaussWidth_gauss_sigma', 'dm_sigma_FitGaussWidth_gauss_sigma_rel_err', 'dm_sigma_FitGaussWidth_ndof', 'dm_sigma_FitGaussWidth_rms_err']
Sep 02 15:06:17 INFO >> ['dm_sigma_FitGauss_amplitude', 'dm_sigma_FitGauss_mu', 'dm_sigma_FitGauss_gauss_sigma', 'dm_sigma_FitGauss_amplitude_rel_err', 'dm_sigma_FitGauss_mu_rel_err', 'dm_sigma_FitGauss_gauss_sigma_rel_err', 'dm_sigma_FitGauss_amplitude-detection', 'dm_sigma_FitGauss_mu-detection', 'dm_sigma_FitGauss_ndof', 'dm_sigma_FitGauss_rms_err']
Sep 02 15:06:17 INFO >> ['freq_sigma_FitGaussWidth_gauss_sigma', 'freq_sigma_FitGaussWidth_gauss_sigma_rel_err', 'freq_sigma_FitGaussWidth_ndof', 'freq_sigma_FitGaussWidth_rms_err']
Sep 02 15:06:17 INFO >> ['freq_sigma_FitGauss_amplitude', 'freq_sigma_FitGauss_mu', 'freq_sigma_FitGauss_gauss_sigma', 'freq_sigma_FitGauss_amplitude_rel_err', 'freq_sigma_FitGauss_mu_rel_err', 'freq_sigma_FitGauss_gauss_sigma_rel_err', 'freq_sigma_FitGauss_amplitude-detection', 'freq_sigma_FitGauss_mu-detection', 'freq_sigma_FitGauss_ndof', 'freq_sigma_FitGauss_rms_err']
Sep 02 15:06:17 INFO >> Performing searching on cumulative stack 315.95 49.23
Sep 02 15:06:17 INFO >> Loading the cumulative power spectra stack to search
Sep 02 15:07:14 INFO >> DM: 136.77695375016316
Sep 02 15:07:14 INFO >> sigma: 15.155834922317235
Sep 02 15:07:14 INFO >> frequency: 35.81655724132001
Sep 02 15:07:14 INFO >> Injecting 14 harmonics.
Sep 02 15:07:14 INFO >> Starting DM: 133.88486550074114
Sep 02 15:07:14 INFO >> Stopping DM: 139.6531476878479
Sep 02 15:07:14 INFO >> Expected detection at 9.66 sigma with 8 harmonics.
Sep 02 15:07:28 INFO >> Start searching 6558 dm trials using 32 harmonics.
Sep 02 15:07:34 INFO >> Moved power spectra to shared memory.
Sep 02 15:07:34 INFO >> Number of dm trials in single multi processing job: 10
Sep 02 15:08:15 INFO >> Total number of detections=15587
Sep 02 15:08:15 INFO >> Clustering the detections
Sep 02 15:08:15 INFO >> Starting clustering
Sep 02 15:08:15 INFO >> Rogue harmonic power filter reduced detections from 15587 to 8529
Sep 02 15:08:15 INFO >> Filtering out duplicate freq,dm detections at multiple nharms removes 787 detections
Sep 02 15:08:15 INFO >> Duplicate freq,dm filter reduced detections to 7742
Sep 02 15:08:15 INFO >> Number of detections over threshold sigma (6.0): 7742
Sep 02 15:08:15 INFO >> Grouping duplicate frequencies together first
Sep 02 15:08:15 INFO >> Grouping duplicate frequencies removed 7220 detections from the harmonic metric computation
Sep 02 15:08:15 INFO >> Starting freq-DM distance metric computation
Sep 02 15:08:16 INFO >> Finished freq-DM distance metric computation
Sep 02 15:08:16 INFO >> Largest group size for metric computation is 97
Sep 02 15:08:16 INFO >> Starting harmonic distance metric computation
Sep 02 15:08:16 INFO >> Finished harmonic distance metric computation
Sep 02 15:08:16 INFO >> Starting DBSCAN
Sep 02 15:08:17 INFO >> Finished DBSCAN
Sep 02 15:08:17 INFO >> Clusters found: 76
Sep 02 15:08:17 INFO >> Filtered 32 clusters below or equal 2 DM.
Sep 02 15:08:17 INFO >> Total number of candidate clusters=1
Sep 02 15:08:17 INFO >> Candidate Processor of stack (315.95 49.23)
Sep 02 15:08:17 INFO >> Making SinglePointingCandidates from a list of 1 PowerSpectraDetectionClusters
Sep 02 15:08:19 INFO >> saved candidates to ./results//injections/315.95_49.23_cumulative_power_spectra_stack_20220627_11_tpa.yml_(356,)_candidates.npz
Sep 02 15:08:19 INFO >> Injected Pulsars:     1
Sep 02 15:08:19 INFO >> Injection Candidates: 1
Sep 02 15:08:19 INFO >> Recovered Injections: 1
Sep 02 15:08:19 INFO >> 1 candidates.
Sep 02 15:08:19 INFO >> Best candidate: F0: 35.817 DM: 136.72 Sigma: 9.22
Sep 02 15:08:20 INFO >> Unlinked shared memory for cumulative stack.
Sep 02 15:08:20 INFO >> Pipeline execution time: 2.06 minutes
