Sep 02 21:12:32 INFO >> {"message": "Waiting for suitable server to become available", "selector": "Primary()", "operation": "find", "topologyDescription": "<TopologyDescription id: 66d62a40b13eb0add27a8716, topology_type: Unknown, servers: [<ServerDescription ('localhost', 27017) server_type: Unknown, rtt: None>]>", "clientId": {"$oid": "66d62a40b13eb0add27a8716"}, "remainingTimeMS": 29}
Sep 02 21:12:32 INFO >> Features initialized as the following:
Sep 02 21:12:32 INFO >> num_unique_dms
Sep 02 21:12:32 INFO >> num_unique_freqs
Sep 02 21:12:32 INFO >> ndetections
Sep 02 21:12:32 INFO >> nharm
Sep 02 21:12:32 INFO >> log_p_dm
Sep 02 21:12:32 INFO >> ['dm_sigma_FitGaussWidth_gauss_sigma', 'dm_sigma_FitGaussWidth_gauss_sigma_rel_err', 'dm_sigma_FitGaussWidth_ndof', 'dm_sigma_FitGaussWidth_rms_err']
Sep 02 21:12:32 INFO >> ['dm_sigma_FitGauss_amplitude', 'dm_sigma_FitGauss_mu', 'dm_sigma_FitGauss_gauss_sigma', 'dm_sigma_FitGauss_amplitude_rel_err', 'dm_sigma_FitGauss_mu_rel_err', 'dm_sigma_FitGauss_gauss_sigma_rel_err', 'dm_sigma_FitGauss_amplitude-detection', 'dm_sigma_FitGauss_mu-detection', 'dm_sigma_FitGauss_ndof', 'dm_sigma_FitGauss_rms_err']
Sep 02 21:12:32 INFO >> ['freq_sigma_FitGaussWidth_gauss_sigma', 'freq_sigma_FitGaussWidth_gauss_sigma_rel_err', 'freq_sigma_FitGaussWidth_ndof', 'freq_sigma_FitGaussWidth_rms_err']
Sep 02 21:12:32 INFO >> ['freq_sigma_FitGauss_amplitude', 'freq_sigma_FitGauss_mu', 'freq_sigma_FitGauss_gauss_sigma', 'freq_sigma_FitGauss_amplitude_rel_err', 'freq_sigma_FitGauss_mu_rel_err', 'freq_sigma_FitGauss_gauss_sigma_rel_err', 'freq_sigma_FitGauss_amplitude-detection', 'freq_sigma_FitGauss_mu-detection', 'freq_sigma_FitGauss_ndof', 'freq_sigma_FitGauss_rms_err']
Sep 02 21:12:32 INFO >> Performing searching on cumulative stack 315.95 49.23
Sep 02 21:12:32 INFO >> Loading the cumulative power spectra stack to search
Sep 02 21:13:30 INFO >> DM: 95.73511240390522
Sep 02 21:13:30 INFO >> sigma: 15.42383151694679
Sep 02 21:13:30 INFO >> frequency: 23.565678458227367
Sep 02 21:13:30 INFO >> Injecting 21 harmonics.
Sep 02 21:13:30 INFO >> Starting DM: 91.38173359574395
Sep 02 21:13:30 INFO >> Stopping DM: 100.08475584295766
Sep 02 21:13:30 INFO >> Expected detection at 13.38 sigma with 16 harmonics.
Sep 02 21:13:44 INFO >> Start searching 6558 dm trials using 32 harmonics.
Sep 02 21:13:49 INFO >> Moved power spectra to shared memory.
Sep 02 21:13:49 INFO >> Number of dm trials in single multi processing job: 10
Sep 02 21:14:30 INFO >> Total number of detections=15780
Sep 02 21:14:30 INFO >> Clustering the detections
Sep 02 21:14:30 INFO >> Starting clustering
Sep 02 21:14:30 INFO >> Rogue harmonic power filter reduced detections from 15780 to 8716
Sep 02 21:14:30 INFO >> Filtering out duplicate freq,dm detections at multiple nharms removes 829 detections
Sep 02 21:14:30 INFO >> Duplicate freq,dm filter reduced detections to 7887
Sep 02 21:14:30 INFO >> Number of detections over threshold sigma (6.0): 7887
Sep 02 21:14:30 INFO >> Grouping duplicate frequencies together first
Sep 02 21:14:30 INFO >> Grouping duplicate frequencies removed 7344 detections from the harmonic metric computation
Sep 02 21:14:30 INFO >> Starting freq-DM distance metric computation
Sep 02 21:14:31 INFO >> Finished freq-DM distance metric computation
Sep 02 21:14:31 INFO >> Largest group size for metric computation is 97
Sep 02 21:14:31 INFO >> Starting harmonic distance metric computation
Sep 02 21:14:32 INFO >> Finished harmonic distance metric computation
Sep 02 21:14:32 INFO >> Starting DBSCAN
Sep 02 21:14:32 INFO >> Finished DBSCAN
Sep 02 21:14:32 INFO >> Clusters found: 76
Sep 02 21:14:32 INFO >> Filtered 32 clusters below or equal 2 DM.
Sep 02 21:14:32 INFO >> Total number of candidate clusters=1
Sep 02 21:14:32 INFO >> Candidate Processor of stack (315.95 49.23)
Sep 02 21:14:32 INFO >> Making SinglePointingCandidates from a list of 1 PowerSpectraDetectionClusters
Sep 02 21:14:34 INFO >> saved candidates to ./results//injections/315.95_49.23_cumulative_power_spectra_stack_20220627_11_tpa.yml_(531,)_candidates.npz
Sep 02 21:14:34 INFO >> Injected Pulsars:     1
Sep 02 21:14:34 INFO >> Injection Candidates: 1
Sep 02 21:14:34 INFO >> Recovered Injections: 1
Sep 02 21:14:34 INFO >> 1 candidates.
Sep 02 21:14:34 INFO >> Best candidate: F0: 23.566 DM: 95.73 Sigma: 13.16
Sep 02 21:14:35 INFO >> Unlinked shared memory for cumulative stack.
Sep 02 21:14:35 INFO >> Pipeline execution time: 2.07 minutes
