Sep 02 10:19:33 INFO >> {"message": "Waiting for suitable server to become available", "selector": "Primary()", "operation": "find", "topologyDescription": "<TopologyDescription id: 66d591353d687077667e6f2c, topology_type: Unknown, servers: [<ServerDescription ('localhost', 27017) server_type: Unknown, rtt: None>]>", "clientId": {"$oid": "66d591353d687077667e6f2c"}, "remainingTimeMS": 29}
Sep 02 10:19:34 INFO >> Features initialized as the following:
Sep 02 10:19:34 INFO >> num_unique_dms
Sep 02 10:19:34 INFO >> num_unique_freqs
Sep 02 10:19:34 INFO >> ndetections
Sep 02 10:19:34 INFO >> nharm
Sep 02 10:19:34 INFO >> log_p_dm
Sep 02 10:19:34 INFO >> ['dm_sigma_FitGaussWidth_gauss_sigma', 'dm_sigma_FitGaussWidth_gauss_sigma_rel_err', 'dm_sigma_FitGaussWidth_ndof', 'dm_sigma_FitGaussWidth_rms_err']
Sep 02 10:19:34 INFO >> ['dm_sigma_FitGauss_amplitude', 'dm_sigma_FitGauss_mu', 'dm_sigma_FitGauss_gauss_sigma', 'dm_sigma_FitGauss_amplitude_rel_err', 'dm_sigma_FitGauss_mu_rel_err', 'dm_sigma_FitGauss_gauss_sigma_rel_err', 'dm_sigma_FitGauss_amplitude-detection', 'dm_sigma_FitGauss_mu-detection', 'dm_sigma_FitGauss_ndof', 'dm_sigma_FitGauss_rms_err']
Sep 02 10:19:34 INFO >> ['freq_sigma_FitGaussWidth_gauss_sigma', 'freq_sigma_FitGaussWidth_gauss_sigma_rel_err', 'freq_sigma_FitGaussWidth_ndof', 'freq_sigma_FitGaussWidth_rms_err']
Sep 02 10:19:34 INFO >> ['freq_sigma_FitGauss_amplitude', 'freq_sigma_FitGauss_mu', 'freq_sigma_FitGauss_gauss_sigma', 'freq_sigma_FitGauss_amplitude_rel_err', 'freq_sigma_FitGauss_mu_rel_err', 'freq_sigma_FitGauss_gauss_sigma_rel_err', 'freq_sigma_FitGauss_amplitude-detection', 'freq_sigma_FitGauss_mu-detection', 'freq_sigma_FitGauss_ndof', 'freq_sigma_FitGauss_rms_err']
Sep 02 10:19:34 INFO >> Performing searching on cumulative stack 315.95 49.23
Sep 02 10:19:34 INFO >> Loading the cumulative power spectra stack to search
Sep 02 10:20:31 INFO >> DM: 177.767752280581
Sep 02 10:20:31 INFO >> sigma: 16.34588002642102
Sep 02 10:20:31 INFO >> frequency: 34.479097999514394
Sep 02 10:20:31 INFO >> Injecting 14 harmonics.
Sep 02 10:20:31 INFO >> Starting DM: 174.76883047602414
Sep 02 10:20:31 INFO >> Stopping DM: 180.73950852934516
Sep 02 10:20:31 INFO >> Expected detection at 14.41 sigma with 2 harmonics.
Sep 02 10:20:45 INFO >> Start searching 6558 dm trials using 32 harmonics.
Sep 02 10:20:51 INFO >> Moved power spectra to shared memory.
Sep 02 10:20:51 INFO >> Number of dm trials in single multi processing job: 10
Sep 02 10:21:32 INFO >> Total number of detections=16115
Sep 02 10:21:32 INFO >> Clustering the detections
Sep 02 10:21:32 INFO >> Starting clustering
Sep 02 10:21:32 INFO >> Rogue harmonic power filter reduced detections from 16115 to 8606
Sep 02 10:21:32 INFO >> Filtering out duplicate freq,dm detections at multiple nharms removes 815 detections
Sep 02 10:21:32 INFO >> Duplicate freq,dm filter reduced detections to 7791
Sep 02 10:21:32 INFO >> Number of detections over threshold sigma (6.0): 7791
Sep 02 10:21:32 INFO >> Grouping duplicate frequencies together first
Sep 02 10:21:32 INFO >> Grouping duplicate frequencies removed 7266 detections from the harmonic metric computation
Sep 02 10:21:32 INFO >> Starting freq-DM distance metric computation
Sep 02 10:21:32 INFO >> Finished freq-DM distance metric computation
Sep 02 10:21:32 INFO >> Largest group size for metric computation is 97
Sep 02 10:21:32 INFO >> Starting harmonic distance metric computation
Sep 02 10:21:33 INFO >> Finished harmonic distance metric computation
Sep 02 10:21:33 INFO >> Starting DBSCAN
Sep 02 10:21:33 INFO >> Finished DBSCAN
Sep 02 10:21:33 INFO >> Clusters found: 77
Sep 02 10:21:33 INFO >> Filtered 32 clusters below or equal 2 DM.
Sep 02 10:21:33 INFO >> Total number of candidate clusters=2
Sep 02 10:21:33 INFO >> Candidate Processor of stack (315.95 49.23)
Sep 02 10:21:33 INFO >> Making SinglePointingCandidates from a list of 2 PowerSpectraDetectionClusters
Sep 02 10:21:36 INFO >> saved candidates to ./results//injections/315.95_49.23_cumulative_power_spectra_stack_20220627_11_tpa.yml_(219,)_candidates.npz
Sep 02 10:21:36 INFO >> Injected Pulsars:     1
Sep 02 10:21:36 INFO >> Injection Candidates: 2
Sep 02 10:21:36 INFO >> Recovered Injections: 1
Sep 02 10:21:36 INFO >> 2 candidates.
Sep 02 10:21:36 INFO >> Best candidate: F0: 34.479 DM: 177.80 Sigma: 13.74
Sep 02 10:21:37 INFO >> Unlinked shared memory for cumulative stack.
Sep 02 10:21:37 INFO >> Pipeline execution time: 2.06 minutes
