Sep 02 03:16:56 INFO >> {"message": "Waiting for suitable server to become available", "selector": "Primary()", "operation": "find", "topologyDescription": "<TopologyDescription id: 66d52e28dc203c3689b850e0, topology_type: Unknown, servers: [<ServerDescription ('localhost', 27017) server_type: Unknown, rtt: None>]>", "clientId": {"$oid": "66d52e28dc203c3689b850e0"}, "remainingTimeMS": 29}
Sep 02 03:16:56 INFO >> Features initialized as the following:
Sep 02 03:16:56 INFO >> num_unique_dms
Sep 02 03:16:56 INFO >> num_unique_freqs
Sep 02 03:16:56 INFO >> ndetections
Sep 02 03:16:56 INFO >> nharm
Sep 02 03:16:56 INFO >> log_p_dm
Sep 02 03:16:56 INFO >> ['dm_sigma_FitGaussWidth_gauss_sigma', 'dm_sigma_FitGaussWidth_gauss_sigma_rel_err', 'dm_sigma_FitGaussWidth_ndof', 'dm_sigma_FitGaussWidth_rms_err']
Sep 02 03:16:56 INFO >> ['dm_sigma_FitGauss_amplitude', 'dm_sigma_FitGauss_mu', 'dm_sigma_FitGauss_gauss_sigma', 'dm_sigma_FitGauss_amplitude_rel_err', 'dm_sigma_FitGauss_mu_rel_err', 'dm_sigma_FitGauss_gauss_sigma_rel_err', 'dm_sigma_FitGauss_amplitude-detection', 'dm_sigma_FitGauss_mu-detection', 'dm_sigma_FitGauss_ndof', 'dm_sigma_FitGauss_rms_err']
Sep 02 03:16:56 INFO >> ['freq_sigma_FitGaussWidth_gauss_sigma', 'freq_sigma_FitGaussWidth_gauss_sigma_rel_err', 'freq_sigma_FitGaussWidth_ndof', 'freq_sigma_FitGaussWidth_rms_err']
Sep 02 03:16:56 INFO >> ['freq_sigma_FitGauss_amplitude', 'freq_sigma_FitGauss_mu', 'freq_sigma_FitGauss_gauss_sigma', 'freq_sigma_FitGauss_amplitude_rel_err', 'freq_sigma_FitGauss_mu_rel_err', 'freq_sigma_FitGauss_gauss_sigma_rel_err', 'freq_sigma_FitGauss_amplitude-detection', 'freq_sigma_FitGauss_mu-detection', 'freq_sigma_FitGauss_ndof', 'freq_sigma_FitGauss_rms_err']
Sep 02 03:16:57 INFO >> Performing searching on cumulative stack 315.95 49.23
Sep 02 03:16:57 INFO >> Loading the cumulative power spectra stack to search
Sep 02 03:17:54 INFO >> DM: 63.17321950608665
Sep 02 03:17:54 INFO >> sigma: 11.699177371121213
Sep 02 03:17:54 INFO >> frequency: 13.527834324354949
Sep 02 03:17:54 INFO >> Injecting 37 harmonics.
Sep 02 03:17:54 INFO >> Starting DM: 55.557665275817754
Sep 02 03:17:54 INFO >> Stopping DM: 70.73735524188817
Sep 02 03:17:54 INFO >> Expected detection at 11.54 sigma with 16 harmonics.
Sep 02 03:18:08 INFO >> Start searching 6558 dm trials using 32 harmonics.
Sep 02 03:18:14 INFO >> Moved power spectra to shared memory.
Sep 02 03:18:14 INFO >> Number of dm trials in single multi processing job: 10
Sep 02 03:18:54 INFO >> Total number of detections=15638
Sep 02 03:18:54 INFO >> Clustering the detections
Sep 02 03:18:54 INFO >> Starting clustering
Sep 02 03:18:54 INFO >> Rogue harmonic power filter reduced detections from 15638 to 8580
Sep 02 03:18:54 INFO >> Filtering out duplicate freq,dm detections at multiple nharms removes 805 detections
Sep 02 03:18:54 INFO >> Duplicate freq,dm filter reduced detections to 7775
Sep 02 03:18:54 INFO >> Number of detections over threshold sigma (6.0): 7775
Sep 02 03:18:55 INFO >> Grouping duplicate frequencies together first
Sep 02 03:18:55 INFO >> Grouping duplicate frequencies removed 7247 detections from the harmonic metric computation
Sep 02 03:18:55 INFO >> Starting freq-DM distance metric computation
Sep 02 03:18:55 INFO >> Finished freq-DM distance metric computation
Sep 02 03:18:55 INFO >> Largest group size for metric computation is 97
Sep 02 03:18:55 INFO >> Starting harmonic distance metric computation
Sep 02 03:18:56 INFO >> Finished harmonic distance metric computation
Sep 02 03:18:56 INFO >> Starting DBSCAN
Sep 02 03:18:56 INFO >> Finished DBSCAN
Sep 02 03:18:56 INFO >> Clusters found: 76
Sep 02 03:18:56 INFO >> Filtered 32 clusters below or equal 2 DM.
Sep 02 03:18:56 INFO >> Total number of candidate clusters=1
Sep 02 03:18:56 INFO >> Candidate Processor of stack (315.95 49.23)
Sep 02 03:18:56 INFO >> Making SinglePointingCandidates from a list of 1 PowerSpectraDetectionClusters
Sep 02 03:18:58 INFO >> saved candidates to ./results//injections/315.95_49.23_cumulative_power_spectra_stack_20220627_11_tpa.yml_(17,)_candidates.npz
Sep 02 03:18:58 INFO >> Injected Pulsars:     1
Sep 02 03:18:58 INFO >> Injection Candidates: 1
Sep 02 03:18:58 INFO >> Recovered Injections: 1
Sep 02 03:18:58 INFO >> 1 candidates.
Sep 02 03:18:58 INFO >> Best candidate: F0: 13.528 DM: 63.15 Sigma: 11.52
Sep 02 03:19:00 INFO >> Unlinked shared memory for cumulative stack.
Sep 02 03:19:00 INFO >> Pipeline execution time: 2.06 minutes
