Sep 02 07:42:39 INFO >> {"message": "Waiting for suitable server to become available", "selector": "Primary()", "operation": "find", "topologyDescription": "<TopologyDescription id: 66d56c6f92100328cbc10c51, topology_type: Unknown, servers: [<ServerDescription ('localhost', 27017) server_type: Unknown, rtt: None>]>", "clientId": {"$oid": "66d56c6f92100328cbc10c51"}, "remainingTimeMS": 29}
Sep 02 07:42:39 INFO >> Features initialized as the following:
Sep 02 07:42:39 INFO >> num_unique_dms
Sep 02 07:42:39 INFO >> num_unique_freqs
Sep 02 07:42:39 INFO >> ndetections
Sep 02 07:42:39 INFO >> nharm
Sep 02 07:42:39 INFO >> log_p_dm
Sep 02 07:42:39 INFO >> ['dm_sigma_FitGaussWidth_gauss_sigma', 'dm_sigma_FitGaussWidth_gauss_sigma_rel_err', 'dm_sigma_FitGaussWidth_ndof', 'dm_sigma_FitGaussWidth_rms_err']
Sep 02 07:42:39 INFO >> ['dm_sigma_FitGauss_amplitude', 'dm_sigma_FitGauss_mu', 'dm_sigma_FitGauss_gauss_sigma', 'dm_sigma_FitGauss_amplitude_rel_err', 'dm_sigma_FitGauss_mu_rel_err', 'dm_sigma_FitGauss_gauss_sigma_rel_err', 'dm_sigma_FitGauss_amplitude-detection', 'dm_sigma_FitGauss_mu-detection', 'dm_sigma_FitGauss_ndof', 'dm_sigma_FitGauss_rms_err']
Sep 02 07:42:39 INFO >> ['freq_sigma_FitGaussWidth_gauss_sigma', 'freq_sigma_FitGaussWidth_gauss_sigma_rel_err', 'freq_sigma_FitGaussWidth_ndof', 'freq_sigma_FitGaussWidth_rms_err']
Sep 02 07:42:39 INFO >> ['freq_sigma_FitGauss_amplitude', 'freq_sigma_FitGauss_mu', 'freq_sigma_FitGauss_gauss_sigma', 'freq_sigma_FitGauss_amplitude_rel_err', 'freq_sigma_FitGauss_mu_rel_err', 'freq_sigma_FitGauss_gauss_sigma_rel_err', 'freq_sigma_FitGauss_amplitude-detection', 'freq_sigma_FitGauss_mu-detection', 'freq_sigma_FitGauss_ndof', 'freq_sigma_FitGauss_rms_err']
Sep 02 07:42:39 INFO >> Performing searching on cumulative stack 315.95 49.23
Sep 02 07:42:39 INFO >> Loading the cumulative power spectra stack to search
Sep 02 07:43:36 INFO >> DM: 33.638939364099265
Sep 02 07:43:36 INFO >> sigma: 15.427241220012224
Sep 02 07:43:36 INFO >> frequency: 54.17300680242816
Sep 02 07:43:36 INFO >> Injecting 9 harmonics.
Sep 02 07:43:36 INFO >> Starting DM: 31.776150995640755
Sep 02 07:43:36 INFO >> Stopping DM: 35.52047452060479
Sep 02 07:43:36 INFO >> Expected detection at 10.53 sigma with 8 harmonics.
Sep 02 07:43:50 INFO >> Start searching 6558 dm trials using 32 harmonics.
Sep 02 07:43:56 INFO >> Moved power spectra to shared memory.
Sep 02 07:43:56 INFO >> Number of dm trials in single multi processing job: 10
Sep 02 07:44:37 INFO >> Total number of detections=15599
Sep 02 07:44:37 INFO >> Clustering the detections
Sep 02 07:44:37 INFO >> Starting clustering
Sep 02 07:44:37 INFO >> Rogue harmonic power filter reduced detections from 15599 to 8541
Sep 02 07:44:37 INFO >> Filtering out duplicate freq,dm detections at multiple nharms removes 793 detections
Sep 02 07:44:37 INFO >> Duplicate freq,dm filter reduced detections to 7748
Sep 02 07:44:37 INFO >> Number of detections over threshold sigma (6.0): 7748
Sep 02 07:44:37 INFO >> Grouping duplicate frequencies together first
Sep 02 07:44:37 INFO >> Grouping duplicate frequencies removed 7223 detections from the harmonic metric computation
Sep 02 07:44:37 INFO >> Starting freq-DM distance metric computation
Sep 02 07:44:37 INFO >> Finished freq-DM distance metric computation
Sep 02 07:44:38 INFO >> Largest group size for metric computation is 97
Sep 02 07:44:38 INFO >> Starting harmonic distance metric computation
Sep 02 07:44:38 INFO >> Finished harmonic distance metric computation
Sep 02 07:44:38 INFO >> Starting DBSCAN
Sep 02 07:44:38 INFO >> Finished DBSCAN
Sep 02 07:44:38 INFO >> Clusters found: 76
Sep 02 07:44:38 INFO >> Filtered 32 clusters below or equal 2 DM.
Sep 02 07:44:38 INFO >> Total number of candidate clusters=1
Sep 02 07:44:38 INFO >> Candidate Processor of stack (315.95 49.23)
Sep 02 07:44:38 INFO >> Making SinglePointingCandidates from a list of 1 PowerSpectraDetectionClusters
Sep 02 07:44:41 INFO >> saved candidates to ./results//injections/315.95_49.23_cumulative_power_spectra_stack_20220627_11_tpa.yml_(144,)_candidates.npz
Sep 02 07:44:41 INFO >> Injected Pulsars:     1
Sep 02 07:44:41 INFO >> Injection Candidates: 1
Sep 02 07:44:41 INFO >> Recovered Injections: 1
Sep 02 07:44:41 INFO >> 1 candidates.
Sep 02 07:44:41 INFO >> Best candidate: F0: 54.173 DM: 33.60 Sigma: 10.54
Sep 02 07:44:42 INFO >> Unlinked shared memory for cumulative stack.
Sep 02 07:44:42 INFO >> Pipeline execution time: 2.05 minutes
