Sep 02 22:50:52 INFO >> {"message": "Waiting for suitable server to become available", "selector": "Primary()", "operation": "find", "topologyDescription": "<TopologyDescription id: 66d6414cfd41cf390a4ec4e8, topology_type: Unknown, servers: [<ServerDescription ('localhost', 27017) server_type: Unknown, rtt: None>]>", "clientId": {"$oid": "66d6414cfd41cf390a4ec4e8"}, "remainingTimeMS": 29}
Sep 02 22:50:53 INFO >> Features initialized as the following:
Sep 02 22:50:53 INFO >> num_unique_dms
Sep 02 22:50:53 INFO >> num_unique_freqs
Sep 02 22:50:53 INFO >> ndetections
Sep 02 22:50:53 INFO >> nharm
Sep 02 22:50:53 INFO >> log_p_dm
Sep 02 22:50:53 INFO >> ['dm_sigma_FitGaussWidth_gauss_sigma', 'dm_sigma_FitGaussWidth_gauss_sigma_rel_err', 'dm_sigma_FitGaussWidth_ndof', 'dm_sigma_FitGaussWidth_rms_err']
Sep 02 22:50:53 INFO >> ['dm_sigma_FitGauss_amplitude', 'dm_sigma_FitGauss_mu', 'dm_sigma_FitGauss_gauss_sigma', 'dm_sigma_FitGauss_amplitude_rel_err', 'dm_sigma_FitGauss_mu_rel_err', 'dm_sigma_FitGauss_gauss_sigma_rel_err', 'dm_sigma_FitGauss_amplitude-detection', 'dm_sigma_FitGauss_mu-detection', 'dm_sigma_FitGauss_ndof', 'dm_sigma_FitGauss_rms_err']
Sep 02 22:50:53 INFO >> ['freq_sigma_FitGaussWidth_gauss_sigma', 'freq_sigma_FitGaussWidth_gauss_sigma_rel_err', 'freq_sigma_FitGaussWidth_ndof', 'freq_sigma_FitGaussWidth_rms_err']
Sep 02 22:50:53 INFO >> ['freq_sigma_FitGauss_amplitude', 'freq_sigma_FitGauss_mu', 'freq_sigma_FitGauss_gauss_sigma', 'freq_sigma_FitGauss_amplitude_rel_err', 'freq_sigma_FitGauss_mu_rel_err', 'freq_sigma_FitGauss_gauss_sigma_rel_err', 'freq_sigma_FitGauss_amplitude-detection', 'freq_sigma_FitGauss_mu-detection', 'freq_sigma_FitGauss_ndof', 'freq_sigma_FitGauss_rms_err']
Sep 02 22:50:53 INFO >> Performing searching on cumulative stack 315.95 49.23
Sep 02 22:50:53 INFO >> Loading the cumulative power spectra stack to search
Sep 02 22:51:50 INFO >> DM: 17.62553542046045
Sep 02 22:51:50 INFO >> sigma: 10.24237338749501
Sep 02 22:51:50 INFO >> frequency: 20.89118609539505
Sep 02 22:51:50 INFO >> Injecting 24 harmonics.
Sep 02 22:51:50 INFO >> Starting DM: 12.649741638392019
Sep 02 22:51:50 INFO >> Stopping DM: 22.567139082891362
Sep 02 22:51:50 INFO >> Expected detection at 9.01 sigma with 16 harmonics.
Sep 02 22:52:04 INFO >> Start searching 6558 dm trials using 32 harmonics.
Sep 02 22:52:10 INFO >> Moved power spectra to shared memory.
Sep 02 22:52:10 INFO >> Number of dm trials in single multi processing job: 10
Sep 02 22:52:50 INFO >> Total number of detections=15606
Sep 02 22:52:50 INFO >> Clustering the detections
Sep 02 22:52:50 INFO >> Starting clustering
Sep 02 22:52:50 INFO >> Rogue harmonic power filter reduced detections from 15606 to 8548
Sep 02 22:52:50 INFO >> Filtering out duplicate freq,dm detections at multiple nharms removes 800 detections
Sep 02 22:52:50 INFO >> Duplicate freq,dm filter reduced detections to 7748
Sep 02 22:52:50 INFO >> Number of detections over threshold sigma (6.0): 7748
Sep 02 22:52:50 INFO >> Grouping duplicate frequencies together first
Sep 02 22:52:50 INFO >> Grouping duplicate frequencies removed 7224 detections from the harmonic metric computation
Sep 02 22:52:50 INFO >> Starting freq-DM distance metric computation
Sep 02 22:52:51 INFO >> Finished freq-DM distance metric computation
Sep 02 22:52:51 INFO >> Largest group size for metric computation is 97
Sep 02 22:52:51 INFO >> Starting harmonic distance metric computation
Sep 02 22:52:52 INFO >> Finished harmonic distance metric computation
Sep 02 22:52:52 INFO >> Starting DBSCAN
Sep 02 22:52:52 INFO >> Finished DBSCAN
Sep 02 22:52:52 INFO >> Clusters found: 76
Sep 02 22:52:52 INFO >> Filtered 32 clusters below or equal 2 DM.
Sep 02 22:52:52 INFO >> Total number of candidate clusters=1
Sep 02 22:52:52 INFO >> Candidate Processor of stack (315.95 49.23)
Sep 02 22:52:52 INFO >> Making SinglePointingCandidates from a list of 1 PowerSpectraDetectionClusters
Sep 02 22:52:54 INFO >> saved candidates to ./results//injections/315.95_49.23_cumulative_power_spectra_stack_20220627_11_tpa.yml_(578,)_candidates.npz
Sep 02 22:52:54 INFO >> Injected Pulsars:     1
Sep 02 22:52:54 INFO >> Injection Candidates: 1
Sep 02 22:52:54 INFO >> Recovered Injections: 1
Sep 02 22:52:54 INFO >> 1 candidates.
Sep 02 22:52:54 INFO >> Best candidate: F0: 20.891 DM: 17.61 Sigma: 8.70
Sep 02 22:52:56 INFO >> Unlinked shared memory for cumulative stack.
Sep 02 22:52:56 INFO >> Pipeline execution time: 2.05 minutes
