Sep 02 04:07:09 INFO >> {"message": "Waiting for suitable server to become available", "selector": "Primary()", "operation": "find", "topologyDescription": "<TopologyDescription id: 66d539edf55030563eeee453, topology_type: Unknown, servers: [<ServerDescription ('localhost', 27017) server_type: Unknown, rtt: None>]>", "clientId": {"$oid": "66d539edf55030563eeee453"}, "remainingTimeMS": 29}
Sep 02 04:07:10 INFO >> Features initialized as the following:
Sep 02 04:07:10 INFO >> num_unique_dms
Sep 02 04:07:10 INFO >> num_unique_freqs
Sep 02 04:07:10 INFO >> ndetections
Sep 02 04:07:10 INFO >> nharm
Sep 02 04:07:10 INFO >> log_p_dm
Sep 02 04:07:10 INFO >> ['dm_sigma_FitGaussWidth_gauss_sigma', 'dm_sigma_FitGaussWidth_gauss_sigma_rel_err', 'dm_sigma_FitGaussWidth_ndof', 'dm_sigma_FitGaussWidth_rms_err']
Sep 02 04:07:10 INFO >> ['dm_sigma_FitGauss_amplitude', 'dm_sigma_FitGauss_mu', 'dm_sigma_FitGauss_gauss_sigma', 'dm_sigma_FitGauss_amplitude_rel_err', 'dm_sigma_FitGauss_mu_rel_err', 'dm_sigma_FitGauss_gauss_sigma_rel_err', 'dm_sigma_FitGauss_amplitude-detection', 'dm_sigma_FitGauss_mu-detection', 'dm_sigma_FitGauss_ndof', 'dm_sigma_FitGauss_rms_err']
Sep 02 04:07:10 INFO >> ['freq_sigma_FitGaussWidth_gauss_sigma', 'freq_sigma_FitGaussWidth_gauss_sigma_rel_err', 'freq_sigma_FitGaussWidth_ndof', 'freq_sigma_FitGaussWidth_rms_err']
Sep 02 04:07:10 INFO >> ['freq_sigma_FitGauss_amplitude', 'freq_sigma_FitGauss_mu', 'freq_sigma_FitGauss_gauss_sigma', 'freq_sigma_FitGauss_amplitude_rel_err', 'freq_sigma_FitGauss_mu_rel_err', 'freq_sigma_FitGauss_gauss_sigma_rel_err', 'freq_sigma_FitGauss_amplitude-detection', 'freq_sigma_FitGauss_mu-detection', 'freq_sigma_FitGauss_ndof', 'freq_sigma_FitGauss_rms_err']
Sep 02 04:07:10 INFO >> Performing searching on cumulative stack 315.95 49.23
Sep 02 04:07:10 INFO >> Loading the cumulative power spectra stack to search
Sep 02 04:08:06 INFO >> DM: 179.741661932981
Sep 02 04:08:06 INFO >> sigma: 13.790650648223192
Sep 02 04:08:06 INFO >> frequency: 33.12135675457769
Sep 02 04:08:06 INFO >> Injecting 15 harmonics.
Sep 02 04:08:06 INFO >> Starting DM: 176.5903932719526
Sep 02 04:08:06 INFO >> Stopping DM: 182.86466512459504
Sep 02 04:08:06 INFO >> Expected detection at 9.09 sigma with 8 harmonics.
Sep 02 04:08:20 INFO >> Start searching 6558 dm trials using 32 harmonics.
Sep 02 04:08:26 INFO >> Moved power spectra to shared memory.
Sep 02 04:08:26 INFO >> Number of dm trials in single multi processing job: 10
Sep 02 04:09:09 INFO >> Total number of detections=15589
Sep 02 04:09:09 INFO >> Clustering the detections
Sep 02 04:09:09 INFO >> Starting clustering
Sep 02 04:09:09 INFO >> Rogue harmonic power filter reduced detections from 15589 to 8531
Sep 02 04:09:09 INFO >> Filtering out duplicate freq,dm detections at multiple nharms removes 791 detections
Sep 02 04:09:09 INFO >> Duplicate freq,dm filter reduced detections to 7740
Sep 02 04:09:09 INFO >> Number of detections over threshold sigma (6.0): 7740
Sep 02 04:09:09 INFO >> Grouping duplicate frequencies together first
Sep 02 04:09:09 INFO >> Grouping duplicate frequencies removed 7216 detections from the harmonic metric computation
Sep 02 04:09:09 INFO >> Starting freq-DM distance metric computation
Sep 02 04:09:10 INFO >> Finished freq-DM distance metric computation
Sep 02 04:09:10 INFO >> Largest group size for metric computation is 97
Sep 02 04:09:10 INFO >> Starting harmonic distance metric computation
Sep 02 04:09:11 INFO >> Finished harmonic distance metric computation
Sep 02 04:09:11 INFO >> Starting DBSCAN
Sep 02 04:09:11 INFO >> Finished DBSCAN
Sep 02 04:09:11 INFO >> Clusters found: 76
Sep 02 04:09:11 INFO >> Filtered 32 clusters below or equal 2 DM.
Sep 02 04:09:11 INFO >> Total number of candidate clusters=1
Sep 02 04:09:11 INFO >> Candidate Processor of stack (315.95 49.23)
Sep 02 04:09:11 INFO >> Making SinglePointingCandidates from a list of 1 PowerSpectraDetectionClusters
Sep 02 04:09:13 INFO >> saved candidates to ./results//injections/315.95_49.23_cumulative_power_spectra_stack_20220627_11_tpa.yml_(41,)_candidates.npz
Sep 02 04:09:13 INFO >> Injected Pulsars:     1
Sep 02 04:09:13 INFO >> Injection Candidates: 1
Sep 02 04:09:13 INFO >> Recovered Injections: 1
Sep 02 04:09:13 INFO >> 1 candidates.
Sep 02 04:09:13 INFO >> Best candidate: F0: 33.121 DM: 179.73 Sigma: 8.61
Sep 02 04:09:14 INFO >> Unlinked shared memory for cumulative stack.
Sep 02 04:09:14 INFO >> Pipeline execution time: 2.08 minutes
