Sep 02 23:34:51 INFO >> {"message": "Waiting for suitable server to become available", "selector": "Primary()", "operation": "find", "topologyDescription": "<TopologyDescription id: 66d64b9b47e5d9e2c06c09b2, topology_type: Unknown, servers: [<ServerDescription ('localhost', 27017) server_type: Unknown, rtt: None>]>", "clientId": {"$oid": "66d64b9b47e5d9e2c06c09b2"}, "remainingTimeMS": 29}
Sep 02 23:34:51 INFO >> Features initialized as the following:
Sep 02 23:34:51 INFO >> num_unique_dms
Sep 02 23:34:51 INFO >> num_unique_freqs
Sep 02 23:34:51 INFO >> ndetections
Sep 02 23:34:51 INFO >> nharm
Sep 02 23:34:51 INFO >> log_p_dm
Sep 02 23:34:51 INFO >> ['dm_sigma_FitGaussWidth_gauss_sigma', 'dm_sigma_FitGaussWidth_gauss_sigma_rel_err', 'dm_sigma_FitGaussWidth_ndof', 'dm_sigma_FitGaussWidth_rms_err']
Sep 02 23:34:51 INFO >> ['dm_sigma_FitGauss_amplitude', 'dm_sigma_FitGauss_mu', 'dm_sigma_FitGauss_gauss_sigma', 'dm_sigma_FitGauss_amplitude_rel_err', 'dm_sigma_FitGauss_mu_rel_err', 'dm_sigma_FitGauss_gauss_sigma_rel_err', 'dm_sigma_FitGauss_amplitude-detection', 'dm_sigma_FitGauss_mu-detection', 'dm_sigma_FitGauss_ndof', 'dm_sigma_FitGauss_rms_err']
Sep 02 23:34:51 INFO >> ['freq_sigma_FitGaussWidth_gauss_sigma', 'freq_sigma_FitGaussWidth_gauss_sigma_rel_err', 'freq_sigma_FitGaussWidth_ndof', 'freq_sigma_FitGaussWidth_rms_err']
Sep 02 23:34:51 INFO >> ['freq_sigma_FitGauss_amplitude', 'freq_sigma_FitGauss_mu', 'freq_sigma_FitGauss_gauss_sigma', 'freq_sigma_FitGauss_amplitude_rel_err', 'freq_sigma_FitGauss_mu_rel_err', 'freq_sigma_FitGauss_gauss_sigma_rel_err', 'freq_sigma_FitGauss_amplitude-detection', 'freq_sigma_FitGauss_mu-detection', 'freq_sigma_FitGauss_ndof', 'freq_sigma_FitGauss_rms_err']
Sep 02 23:34:52 INFO >> Performing searching on cumulative stack 315.95 49.23
Sep 02 23:34:52 INFO >> Loading the cumulative power spectra stack to search
Sep 02 23:35:49 INFO >> DM: 192.81422008042236
Sep 02 23:35:49 INFO >> sigma: 12.981663206808246
Sep 02 23:35:49 INFO >> frequency: 54.482393489870304
Sep 02 23:35:49 INFO >> Injecting 9 harmonics.
Sep 02 23:35:49 INFO >> Starting DM: 190.96049977316594
Sep 02 23:35:49 INFO >> Stopping DM: 194.70482329812995
Sep 02 23:35:49 INFO >> Expected detection at 14.21 sigma with 4 harmonics.
Sep 02 23:36:03 INFO >> Start searching 6558 dm trials using 32 harmonics.
Sep 02 23:36:08 INFO >> Moved power spectra to shared memory.
Sep 02 23:36:08 INFO >> Number of dm trials in single multi processing job: 10
Sep 02 23:36:48 INFO >> Total number of detections=15696
Sep 02 23:36:48 INFO >> Clustering the detections
Sep 02 23:36:48 INFO >> Starting clustering
Sep 02 23:36:49 INFO >> Rogue harmonic power filter reduced detections from 15696 to 8631
Sep 02 23:36:49 INFO >> Filtering out duplicate freq,dm detections at multiple nharms removes 836 detections
Sep 02 23:36:49 INFO >> Duplicate freq,dm filter reduced detections to 7795
Sep 02 23:36:49 INFO >> Number of detections over threshold sigma (6.0): 7795
Sep 02 23:36:49 INFO >> Grouping duplicate frequencies together first
Sep 02 23:36:49 INFO >> Grouping duplicate frequencies removed 7255 detections from the harmonic metric computation
Sep 02 23:36:49 INFO >> Starting freq-DM distance metric computation
Sep 02 23:36:49 INFO >> Finished freq-DM distance metric computation
Sep 02 23:36:49 INFO >> Largest group size for metric computation is 97
Sep 02 23:36:49 INFO >> Starting harmonic distance metric computation
Sep 02 23:36:50 INFO >> Finished harmonic distance metric computation
Sep 02 23:36:50 INFO >> Starting DBSCAN
Sep 02 23:36:50 INFO >> Finished DBSCAN
Sep 02 23:36:50 INFO >> Clusters found: 76
Sep 02 23:36:50 INFO >> Filtered 32 clusters below or equal 2 DM.
Sep 02 23:36:50 INFO >> Total number of candidate clusters=1
Sep 02 23:36:50 INFO >> Candidate Processor of stack (315.95 49.23)
Sep 02 23:36:50 INFO >> Making SinglePointingCandidates from a list of 1 PowerSpectraDetectionClusters
Sep 02 23:36:52 INFO >> saved candidates to ./results//injections/315.95_49.23_cumulative_power_spectra_stack_20220627_11_tpa.yml_(599,)_candidates.npz
Sep 02 23:36:52 INFO >> Injected Pulsars:     1
Sep 02 23:36:52 INFO >> Injection Candidates: 1
Sep 02 23:36:52 INFO >> Recovered Injections: 1
Sep 02 23:36:52 INFO >> 1 candidates.
Sep 02 23:36:52 INFO >> Best candidate: F0: 54.482 DM: 192.78 Sigma: 14.18
Sep 02 23:36:54 INFO >> Unlinked shared memory for cumulative stack.
Sep 02 23:36:54 INFO >> Pipeline execution time: 2.04 minutes
