Sep 02 11:05:37 INFO >> {"message": "Waiting for suitable server to become available", "selector": "Primary()", "operation": "find", "topologyDescription": "<TopologyDescription id: 66d59c0183d36cf0206f7b1a, topology_type: Unknown, servers: [<ServerDescription ('localhost', 27017) server_type: Unknown, rtt: None>]>", "clientId": {"$oid": "66d59c0183d36cf0206f7b1a"}, "remainingTimeMS": 29}
Sep 02 11:05:37 INFO >> Features initialized as the following:
Sep 02 11:05:37 INFO >> num_unique_dms
Sep 02 11:05:37 INFO >> num_unique_freqs
Sep 02 11:05:37 INFO >> ndetections
Sep 02 11:05:37 INFO >> nharm
Sep 02 11:05:37 INFO >> log_p_dm
Sep 02 11:05:37 INFO >> ['dm_sigma_FitGaussWidth_gauss_sigma', 'dm_sigma_FitGaussWidth_gauss_sigma_rel_err', 'dm_sigma_FitGaussWidth_ndof', 'dm_sigma_FitGaussWidth_rms_err']
Sep 02 11:05:37 INFO >> ['dm_sigma_FitGauss_amplitude', 'dm_sigma_FitGauss_mu', 'dm_sigma_FitGauss_gauss_sigma', 'dm_sigma_FitGauss_amplitude_rel_err', 'dm_sigma_FitGauss_mu_rel_err', 'dm_sigma_FitGauss_gauss_sigma_rel_err', 'dm_sigma_FitGauss_amplitude-detection', 'dm_sigma_FitGauss_mu-detection', 'dm_sigma_FitGauss_ndof', 'dm_sigma_FitGauss_rms_err']
Sep 02 11:05:37 INFO >> ['freq_sigma_FitGaussWidth_gauss_sigma', 'freq_sigma_FitGaussWidth_gauss_sigma_rel_err', 'freq_sigma_FitGaussWidth_ndof', 'freq_sigma_FitGaussWidth_rms_err']
Sep 02 11:05:37 INFO >> ['freq_sigma_FitGauss_amplitude', 'freq_sigma_FitGauss_mu', 'freq_sigma_FitGauss_gauss_sigma', 'freq_sigma_FitGauss_amplitude_rel_err', 'freq_sigma_FitGauss_mu_rel_err', 'freq_sigma_FitGauss_gauss_sigma_rel_err', 'freq_sigma_FitGauss_amplitude-detection', 'freq_sigma_FitGauss_mu-detection', 'freq_sigma_FitGauss_ndof', 'freq_sigma_FitGauss_rms_err']
Sep 02 11:05:37 INFO >> Performing searching on cumulative stack 315.95 49.23
Sep 02 11:05:37 INFO >> Loading the cumulative power spectra stack to search
Sep 02 11:06:35 INFO >> DM: 137.75295473237588
Sep 02 11:06:35 INFO >> sigma: 14.401533886645582
Sep 02 11:06:35 INFO >> frequency: 22.924430377884597
Sep 02 11:06:35 INFO >> Injecting 22 harmonics.
Sep 02 11:06:35 INFO >> Starting DM: 133.2776779020983
Sep 02 11:06:35 INFO >> Stopping DM: 142.28429394863343
Sep 02 11:06:35 INFO >> Expected detection at 12.80 sigma with 16 harmonics.
Sep 02 11:06:49 INFO >> Start searching 6558 dm trials using 32 harmonics.
Sep 02 11:06:55 INFO >> Moved power spectra to shared memory.
Sep 02 11:06:55 INFO >> Number of dm trials in single multi processing job: 10
Sep 02 11:07:35 INFO >> Total number of detections=15618
Sep 02 11:07:35 INFO >> Clustering the detections
Sep 02 11:07:35 INFO >> Starting clustering
Sep 02 11:07:35 INFO >> Rogue harmonic power filter reduced detections from 15618 to 8560
Sep 02 11:07:35 INFO >> Filtering out duplicate freq,dm detections at multiple nharms removes 795 detections
Sep 02 11:07:35 INFO >> Duplicate freq,dm filter reduced detections to 7765
Sep 02 11:07:35 INFO >> Number of detections over threshold sigma (6.0): 7765
Sep 02 11:07:36 INFO >> Grouping duplicate frequencies together first
Sep 02 11:07:36 INFO >> Grouping duplicate frequencies removed 7234 detections from the harmonic metric computation
Sep 02 11:07:36 INFO >> Starting freq-DM distance metric computation
Sep 02 11:07:36 INFO >> Finished freq-DM distance metric computation
Sep 02 11:07:36 INFO >> Largest group size for metric computation is 97
Sep 02 11:07:36 INFO >> Starting harmonic distance metric computation
Sep 02 11:07:37 INFO >> Finished harmonic distance metric computation
Sep 02 11:07:37 INFO >> Starting DBSCAN
Sep 02 11:07:37 INFO >> Finished DBSCAN
Sep 02 11:07:37 INFO >> Clusters found: 76
Sep 02 11:07:37 INFO >> Filtered 32 clusters below or equal 2 DM.
Sep 02 11:07:37 INFO >> Total number of candidate clusters=1
Sep 02 11:07:37 INFO >> Candidate Processor of stack (315.95 49.23)
Sep 02 11:07:37 INFO >> Making SinglePointingCandidates from a list of 1 PowerSpectraDetectionClusters
Sep 02 11:07:39 INFO >> saved candidates to ./results//injections/315.95_49.23_cumulative_power_spectra_stack_20220627_11_tpa.yml_(241,)_candidates.npz
Sep 02 11:07:39 INFO >> Injected Pulsars:     1
Sep 02 11:07:39 INFO >> Injection Candidates: 1
Sep 02 11:07:39 INFO >> Recovered Injections: 1
Sep 02 11:07:39 INFO >> 1 candidates.
Sep 02 11:07:39 INFO >> Best candidate: F0: 22.924 DM: 137.73 Sigma: 13.66
Sep 02 11:07:41 INFO >> Unlinked shared memory for cumulative stack.
Sep 02 11:07:41 INFO >> Pipeline execution time: 2.07 minutes
