Sep 02 15:29:19 INFO >> {"message": "Waiting for suitable server to become available", "selector": "Primary()", "operation": "find", "topologyDescription": "<TopologyDescription id: 66d5d9cf3cd99dc5f3063977, topology_type: Unknown, servers: [<ServerDescription ('localhost', 27017) server_type: Unknown, rtt: None>]>", "clientId": {"$oid": "66d5d9cf3cd99dc5f3063977"}, "remainingTimeMS": 29}
Sep 02 15:29:19 INFO >> Features initialized as the following:
Sep 02 15:29:19 INFO >> num_unique_dms
Sep 02 15:29:19 INFO >> num_unique_freqs
Sep 02 15:29:19 INFO >> ndetections
Sep 02 15:29:19 INFO >> nharm
Sep 02 15:29:19 INFO >> log_p_dm
Sep 02 15:29:19 INFO >> ['dm_sigma_FitGaussWidth_gauss_sigma', 'dm_sigma_FitGaussWidth_gauss_sigma_rel_err', 'dm_sigma_FitGaussWidth_ndof', 'dm_sigma_FitGaussWidth_rms_err']
Sep 02 15:29:19 INFO >> ['dm_sigma_FitGauss_amplitude', 'dm_sigma_FitGauss_mu', 'dm_sigma_FitGauss_gauss_sigma', 'dm_sigma_FitGauss_amplitude_rel_err', 'dm_sigma_FitGauss_mu_rel_err', 'dm_sigma_FitGauss_gauss_sigma_rel_err', 'dm_sigma_FitGauss_amplitude-detection', 'dm_sigma_FitGauss_mu-detection', 'dm_sigma_FitGauss_ndof', 'dm_sigma_FitGauss_rms_err']
Sep 02 15:29:19 INFO >> ['freq_sigma_FitGaussWidth_gauss_sigma', 'freq_sigma_FitGaussWidth_gauss_sigma_rel_err', 'freq_sigma_FitGaussWidth_ndof', 'freq_sigma_FitGaussWidth_rms_err']
Sep 02 15:29:19 INFO >> ['freq_sigma_FitGauss_amplitude', 'freq_sigma_FitGauss_mu', 'freq_sigma_FitGauss_gauss_sigma', 'freq_sigma_FitGauss_amplitude_rel_err', 'freq_sigma_FitGauss_mu_rel_err', 'freq_sigma_FitGauss_gauss_sigma_rel_err', 'freq_sigma_FitGauss_amplitude-detection', 'freq_sigma_FitGauss_mu-detection', 'freq_sigma_FitGauss_ndof', 'freq_sigma_FitGauss_rms_err']
Sep 02 15:29:19 INFO >> Performing searching on cumulative stack 315.95 49.23
Sep 02 15:29:19 INFO >> Loading the cumulative power spectra stack to search
Sep 02 15:30:16 INFO >> DM: 194.41938070191375
Sep 02 15:30:16 INFO >> sigma: 11.278320924977425
Sep 02 15:30:16 INFO >> frequency: 99.55791397366534
Sep 02 15:30:16 INFO >> Injecting 5 harmonics.
Sep 02 15:30:16 INFO >> Starting DM: 193.3892501677372
Sep 02 15:30:16 INFO >> Stopping DM: 195.41320882987992
Sep 02 15:30:16 INFO >> Expected detection at 7.31 sigma with 4 harmonics.
Sep 02 15:30:30 INFO >> Start searching 6558 dm trials using 32 harmonics.
Sep 02 15:30:36 INFO >> Moved power spectra to shared memory.
Sep 02 15:30:36 INFO >> Number of dm trials in single multi processing job: 10
Sep 02 15:31:17 INFO >> Total number of detections=15579
Sep 02 15:31:17 INFO >> Clustering the detections
Sep 02 15:31:17 INFO >> Starting clustering
Sep 02 15:31:17 INFO >> Rogue harmonic power filter reduced detections from 15579 to 8521
Sep 02 15:31:17 INFO >> Filtering out duplicate freq,dm detections at multiple nharms removes 787 detections
Sep 02 15:31:17 INFO >> Duplicate freq,dm filter reduced detections to 7734
Sep 02 15:31:17 INFO >> Number of detections over threshold sigma (6.0): 7734
Sep 02 15:31:17 INFO >> Grouping duplicate frequencies together first
Sep 02 15:31:17 INFO >> Grouping duplicate frequencies removed 7214 detections from the harmonic metric computation
Sep 02 15:31:17 INFO >> Starting freq-DM distance metric computation
Sep 02 15:31:17 INFO >> Finished freq-DM distance metric computation
Sep 02 15:31:18 INFO >> Largest group size for metric computation is 97
Sep 02 15:31:18 INFO >> Starting harmonic distance metric computation
Sep 02 15:31:18 INFO >> Finished harmonic distance metric computation
Sep 02 15:31:18 INFO >> Starting DBSCAN
Sep 02 15:31:18 INFO >> Finished DBSCAN
Sep 02 15:31:18 INFO >> Clusters found: 75
Sep 02 15:31:18 INFO >> Filtered 32 clusters below or equal 2 DM.
Sep 02 15:31:18 INFO >> Total number of candidate clusters=0
Sep 02 15:31:18 INFO >> Candidate Processor of stack (315.95 49.23)
Sep 02 15:31:18 INFO >> Making SinglePointingCandidates from a list of 0 PowerSpectraDetectionClusters
Sep 02 15:31:20 INFO >> saved candidates to ./results//injections/315.95_49.23_cumulative_power_spectra_stack_20220627_11_tpa.yml_(367,)_candidates.npz
Sep 02 15:31:20 INFO >> Injected Pulsars:     1
Sep 02 15:31:20 INFO >> Injection Candidates: 0
Sep 02 15:31:20 INFO >> Recovered Injections: 0
Sep 02 15:31:20 INFO >> 0 candidates.
Sep 02 15:31:22 INFO >> Unlinked shared memory for cumulative stack.
Sep 02 15:31:22 INFO >> Pipeline execution time: 2.05 minutes
