Sep 02 22:06:56 INFO >> {"message": "Waiting for suitable server to become available", "selector": "Primary()", "operation": "find", "topologyDescription": "<TopologyDescription id: 66d637008b81c7a60934cb87, topology_type: Unknown, servers: [<ServerDescription ('localhost', 27017) server_type: Unknown, rtt: None>]>", "clientId": {"$oid": "66d637008b81c7a60934cb87"}, "remainingTimeMS": 29}
Sep 02 22:06:56 INFO >> Features initialized as the following:
Sep 02 22:06:56 INFO >> num_unique_dms
Sep 02 22:06:56 INFO >> num_unique_freqs
Sep 02 22:06:56 INFO >> ndetections
Sep 02 22:06:56 INFO >> nharm
Sep 02 22:06:56 INFO >> log_p_dm
Sep 02 22:06:56 INFO >> ['dm_sigma_FitGaussWidth_gauss_sigma', 'dm_sigma_FitGaussWidth_gauss_sigma_rel_err', 'dm_sigma_FitGaussWidth_ndof', 'dm_sigma_FitGaussWidth_rms_err']
Sep 02 22:06:56 INFO >> ['dm_sigma_FitGauss_amplitude', 'dm_sigma_FitGauss_mu', 'dm_sigma_FitGauss_gauss_sigma', 'dm_sigma_FitGauss_amplitude_rel_err', 'dm_sigma_FitGauss_mu_rel_err', 'dm_sigma_FitGauss_gauss_sigma_rel_err', 'dm_sigma_FitGauss_amplitude-detection', 'dm_sigma_FitGauss_mu-detection', 'dm_sigma_FitGauss_ndof', 'dm_sigma_FitGauss_rms_err']
Sep 02 22:06:56 INFO >> ['freq_sigma_FitGaussWidth_gauss_sigma', 'freq_sigma_FitGaussWidth_gauss_sigma_rel_err', 'freq_sigma_FitGaussWidth_ndof', 'freq_sigma_FitGaussWidth_rms_err']
Sep 02 22:06:56 INFO >> ['freq_sigma_FitGauss_amplitude', 'freq_sigma_FitGauss_mu', 'freq_sigma_FitGauss_gauss_sigma', 'freq_sigma_FitGauss_amplitude_rel_err', 'freq_sigma_FitGauss_mu_rel_err', 'freq_sigma_FitGauss_gauss_sigma_rel_err', 'freq_sigma_FitGauss_amplitude-detection', 'freq_sigma_FitGauss_mu-detection', 'freq_sigma_FitGauss_ndof', 'freq_sigma_FitGauss_rms_err']
Sep 02 22:06:56 INFO >> Performing searching on cumulative stack 315.95 49.23
Sep 02 22:06:56 INFO >> Loading the cumulative power spectra stack to search
Sep 02 22:07:53 INFO >> DM: 182.40319129167156
Sep 02 22:07:53 INFO >> sigma: 10.502861213220669
Sep 02 22:07:53 INFO >> frequency: 59.176189626687176
Sep 02 22:07:53 INFO >> Injecting 8 harmonics.
Sep 02 22:07:53 INFO >> Starting DM: 180.63831059623803
Sep 02 22:07:53 INFO >> Stopping DM: 184.1802382549878
Sep 02 22:07:53 INFO >> Expected detection at 6.56 sigma with 8 harmonics.
Sep 02 22:08:07 INFO >> Start searching 6558 dm trials using 32 harmonics.
Sep 02 22:08:13 INFO >> Moved power spectra to shared memory.
Sep 02 22:08:13 INFO >> Number of dm trials in single multi processing job: 10
Sep 02 22:08:54 INFO >> Total number of detections=15579
Sep 02 22:08:54 INFO >> Clustering the detections
Sep 02 22:08:54 INFO >> Starting clustering
Sep 02 22:08:54 INFO >> Rogue harmonic power filter reduced detections from 15579 to 8521
Sep 02 22:08:54 INFO >> Filtering out duplicate freq,dm detections at multiple nharms removes 787 detections
Sep 02 22:08:54 INFO >> Duplicate freq,dm filter reduced detections to 7734
Sep 02 22:08:54 INFO >> Number of detections over threshold sigma (6.0): 7734
Sep 02 22:08:54 INFO >> Grouping duplicate frequencies together first
Sep 02 22:08:54 INFO >> Grouping duplicate frequencies removed 7215 detections from the harmonic metric computation
Sep 02 22:08:54 INFO >> Starting freq-DM distance metric computation
Sep 02 22:08:54 INFO >> Finished freq-DM distance metric computation
Sep 02 22:08:55 INFO >> Largest group size for metric computation is 97
Sep 02 22:08:55 INFO >> Starting harmonic distance metric computation
Sep 02 22:08:55 INFO >> Finished harmonic distance metric computation
Sep 02 22:08:55 INFO >> Starting DBSCAN
Sep 02 22:08:56 INFO >> Finished DBSCAN
Sep 02 22:08:56 INFO >> Clusters found: 75
Sep 02 22:08:56 INFO >> Filtered 32 clusters below or equal 2 DM.
Sep 02 22:08:56 INFO >> Total number of candidate clusters=0
Sep 02 22:08:56 INFO >> Candidate Processor of stack (315.95 49.23)
Sep 02 22:08:56 INFO >> Making SinglePointingCandidates from a list of 0 PowerSpectraDetectionClusters
Sep 02 22:08:57 INFO >> saved candidates to ./results//injections/315.95_49.23_cumulative_power_spectra_stack_20220627_11_tpa.yml_(557,)_candidates.npz
Sep 02 22:08:57 INFO >> Injected Pulsars:     1
Sep 02 22:08:57 INFO >> Injection Candidates: 0
Sep 02 22:08:57 INFO >> Recovered Injections: 0
Sep 02 22:08:57 INFO >> 0 candidates.
Sep 02 22:08:59 INFO >> Unlinked shared memory for cumulative stack.
Sep 02 22:08:59 INFO >> Pipeline execution time: 2.05 minutes
