Sep 02 18:02:10 INFO >> {"message": "Waiting for suitable server to become available", "selector": "Primary()", "operation": "find", "topologyDescription": "<TopologyDescription id: 66d5fda236f3beee4670c9e6, topology_type: Unknown, servers: [<ServerDescription ('localhost', 27017) server_type: Unknown, rtt: None>]>", "clientId": {"$oid": "66d5fda236f3beee4670c9e6"}, "remainingTimeMS": 29}
Sep 02 18:02:10 INFO >> Features initialized as the following:
Sep 02 18:02:10 INFO >> num_unique_dms
Sep 02 18:02:10 INFO >> num_unique_freqs
Sep 02 18:02:10 INFO >> ndetections
Sep 02 18:02:10 INFO >> nharm
Sep 02 18:02:10 INFO >> log_p_dm
Sep 02 18:02:10 INFO >> ['dm_sigma_FitGaussWidth_gauss_sigma', 'dm_sigma_FitGaussWidth_gauss_sigma_rel_err', 'dm_sigma_FitGaussWidth_ndof', 'dm_sigma_FitGaussWidth_rms_err']
Sep 02 18:02:10 INFO >> ['dm_sigma_FitGauss_amplitude', 'dm_sigma_FitGauss_mu', 'dm_sigma_FitGauss_gauss_sigma', 'dm_sigma_FitGauss_amplitude_rel_err', 'dm_sigma_FitGauss_mu_rel_err', 'dm_sigma_FitGauss_gauss_sigma_rel_err', 'dm_sigma_FitGauss_amplitude-detection', 'dm_sigma_FitGauss_mu-detection', 'dm_sigma_FitGauss_ndof', 'dm_sigma_FitGauss_rms_err']
Sep 02 18:02:10 INFO >> ['freq_sigma_FitGaussWidth_gauss_sigma', 'freq_sigma_FitGaussWidth_gauss_sigma_rel_err', 'freq_sigma_FitGaussWidth_ndof', 'freq_sigma_FitGaussWidth_rms_err']
Sep 02 18:02:10 INFO >> ['freq_sigma_FitGauss_amplitude', 'freq_sigma_FitGauss_mu', 'freq_sigma_FitGauss_gauss_sigma', 'freq_sigma_FitGauss_amplitude_rel_err', 'freq_sigma_FitGauss_mu_rel_err', 'freq_sigma_FitGauss_gauss_sigma_rel_err', 'freq_sigma_FitGauss_amplitude-detection', 'freq_sigma_FitGauss_mu-detection', 'freq_sigma_FitGauss_ndof', 'freq_sigma_FitGauss_rms_err']
Sep 02 18:02:11 INFO >> Performing searching on cumulative stack 315.95 49.23
Sep 02 18:02:11 INFO >> Loading the cumulative power spectra stack to search
Sep 02 18:03:08 INFO >> DM: 111.04895209752823
Sep 02 18:03:08 INFO >> sigma: 10.40260263772783
Sep 02 18:03:08 INFO >> frequency: 24.591264702899252
Sep 02 18:03:08 INFO >> Injecting 20 harmonics.
Sep 02 18:03:08 INFO >> Starting DM: 106.86501736113578
Sep 02 18:03:08 INFO >> Stopping DM: 115.26444580902808
Sep 02 18:03:08 INFO >> Expected detection at 9.73 sigma with 16 harmonics.
Sep 02 18:03:22 INFO >> Start searching 6558 dm trials using 32 harmonics.
Sep 02 18:03:28 INFO >> Moved power spectra to shared memory.
Sep 02 18:03:28 INFO >> Number of dm trials in single multi processing job: 10
Sep 02 18:04:08 INFO >> Total number of detections=15597
Sep 02 18:04:08 INFO >> Clustering the detections
Sep 02 18:04:08 INFO >> Starting clustering
Sep 02 18:04:08 INFO >> Rogue harmonic power filter reduced detections from 15597 to 8539
Sep 02 18:04:08 INFO >> Filtering out duplicate freq,dm detections at multiple nharms removes 791 detections
Sep 02 18:04:08 INFO >> Duplicate freq,dm filter reduced detections to 7748
Sep 02 18:04:08 INFO >> Number of detections over threshold sigma (6.0): 7748
Sep 02 18:04:08 INFO >> Grouping duplicate frequencies together first
Sep 02 18:04:08 INFO >> Grouping duplicate frequencies removed 7222 detections from the harmonic metric computation
Sep 02 18:04:08 INFO >> Starting freq-DM distance metric computation
Sep 02 18:04:09 INFO >> Finished freq-DM distance metric computation
Sep 02 18:04:09 INFO >> Largest group size for metric computation is 97
Sep 02 18:04:09 INFO >> Starting harmonic distance metric computation
Sep 02 18:04:09 INFO >> Finished harmonic distance metric computation
Sep 02 18:04:09 INFO >> Starting DBSCAN
Sep 02 18:04:10 INFO >> Finished DBSCAN
Sep 02 18:04:10 INFO >> Clusters found: 76
Sep 02 18:04:10 INFO >> Filtered 32 clusters below or equal 2 DM.
Sep 02 18:04:10 INFO >> Total number of candidate clusters=1
Sep 02 18:04:10 INFO >> Candidate Processor of stack (315.95 49.23)
Sep 02 18:04:10 INFO >> Making SinglePointingCandidates from a list of 1 PowerSpectraDetectionClusters
Sep 02 18:04:12 INFO >> saved candidates to ./results//injections/315.95_49.23_cumulative_power_spectra_stack_20220627_11_tpa.yml_(440,)_candidates.npz
Sep 02 18:04:12 INFO >> Injected Pulsars:     1
Sep 02 18:04:12 INFO >> Injection Candidates: 1
Sep 02 18:04:12 INFO >> Recovered Injections: 1
Sep 02 18:04:12 INFO >> 1 candidates.
Sep 02 18:04:12 INFO >> Best candidate: F0: 49.183 DM: 111.01 Sigma: 8.92
Sep 02 18:04:13 INFO >> Unlinked shared memory for cumulative stack.
Sep 02 18:04:13 INFO >> Pipeline execution time: 2.05 minutes
