Sep 02 23:41:06 INFO >> {"message": "Waiting for suitable server to become available", "selector": "Primary()", "operation": "find", "topologyDescription": "<TopologyDescription id: 66d64d122198d28b5ef55f5f, topology_type: Unknown, servers: [<ServerDescription ('localhost', 27017) server_type: Unknown, rtt: None>]>", "clientId": {"$oid": "66d64d122198d28b5ef55f5f"}, "remainingTimeMS": 29}
Sep 02 23:41:06 INFO >> Features initialized as the following:
Sep 02 23:41:06 INFO >> num_unique_dms
Sep 02 23:41:06 INFO >> num_unique_freqs
Sep 02 23:41:06 INFO >> ndetections
Sep 02 23:41:06 INFO >> nharm
Sep 02 23:41:06 INFO >> log_p_dm
Sep 02 23:41:06 INFO >> ['dm_sigma_FitGaussWidth_gauss_sigma', 'dm_sigma_FitGaussWidth_gauss_sigma_rel_err', 'dm_sigma_FitGaussWidth_ndof', 'dm_sigma_FitGaussWidth_rms_err']
Sep 02 23:41:06 INFO >> ['dm_sigma_FitGauss_amplitude', 'dm_sigma_FitGauss_mu', 'dm_sigma_FitGauss_gauss_sigma', 'dm_sigma_FitGauss_amplitude_rel_err', 'dm_sigma_FitGauss_mu_rel_err', 'dm_sigma_FitGauss_gauss_sigma_rel_err', 'dm_sigma_FitGauss_amplitude-detection', 'dm_sigma_FitGauss_mu-detection', 'dm_sigma_FitGauss_ndof', 'dm_sigma_FitGauss_rms_err']
Sep 02 23:41:06 INFO >> ['freq_sigma_FitGaussWidth_gauss_sigma', 'freq_sigma_FitGaussWidth_gauss_sigma_rel_err', 'freq_sigma_FitGaussWidth_ndof', 'freq_sigma_FitGaussWidth_rms_err']
Sep 02 23:41:06 INFO >> ['freq_sigma_FitGauss_amplitude', 'freq_sigma_FitGauss_mu', 'freq_sigma_FitGauss_gauss_sigma', 'freq_sigma_FitGauss_amplitude_rel_err', 'freq_sigma_FitGauss_mu_rel_err', 'freq_sigma_FitGauss_gauss_sigma_rel_err', 'freq_sigma_FitGauss_amplitude-detection', 'freq_sigma_FitGauss_mu-detection', 'freq_sigma_FitGauss_ndof', 'freq_sigma_FitGauss_rms_err']
Sep 02 23:41:07 INFO >> Performing searching on cumulative stack 315.95 49.23
Sep 02 23:41:07 INFO >> Loading the cumulative power spectra stack to search
Sep 02 23:42:05 INFO >> DM: 55.76717833347478
Sep 02 23:42:05 INFO >> sigma: 15.418983571087457
Sep 02 23:42:05 INFO >> frequency: 26.263749722569536
Sep 02 23:42:05 INFO >> Injecting 19 harmonics.
Sep 02 23:42:05 INFO >> Starting DM: 51.81334175085371
Sep 02 23:42:05 INFO >> Stopping DM: 59.706780533210335
Sep 02 23:42:05 INFO >> Expected detection at 14.14 sigma with 16 harmonics.
Sep 02 23:42:19 INFO >> Start searching 6558 dm trials using 32 harmonics.
Sep 02 23:42:24 INFO >> Moved power spectra to shared memory.
Sep 02 23:42:24 INFO >> Number of dm trials in single multi processing job: 10
Sep 02 23:43:05 INFO >> Total number of detections=15640
Sep 02 23:43:05 INFO >> Clustering the detections
Sep 02 23:43:05 INFO >> Starting clustering
Sep 02 23:43:05 INFO >> Rogue harmonic power filter reduced detections from 15640 to 8582
Sep 02 23:43:05 INFO >> Filtering out duplicate freq,dm detections at multiple nharms removes 807 detections
Sep 02 23:43:05 INFO >> Duplicate freq,dm filter reduced detections to 7775
Sep 02 23:43:05 INFO >> Number of detections over threshold sigma (6.0): 7775
Sep 02 23:43:05 INFO >> Grouping duplicate frequencies together first
Sep 02 23:43:05 INFO >> Grouping duplicate frequencies removed 7243 detections from the harmonic metric computation
Sep 02 23:43:05 INFO >> Starting freq-DM distance metric computation
Sep 02 23:43:05 INFO >> Finished freq-DM distance metric computation
Sep 02 23:43:06 INFO >> Largest group size for metric computation is 97
Sep 02 23:43:06 INFO >> Starting harmonic distance metric computation
Sep 02 23:43:06 INFO >> Finished harmonic distance metric computation
Sep 02 23:43:06 INFO >> Starting DBSCAN
Sep 02 23:43:06 INFO >> Finished DBSCAN
Sep 02 23:43:06 INFO >> Clusters found: 77
Sep 02 23:43:06 INFO >> Filtered 32 clusters below or equal 2 DM.
Sep 02 23:43:06 INFO >> Total number of candidate clusters=2
Sep 02 23:43:07 INFO >> Candidate Processor of stack (315.95 49.23)
Sep 02 23:43:07 INFO >> Making SinglePointingCandidates from a list of 2 PowerSpectraDetectionClusters
Sep 02 23:43:09 INFO >> saved candidates to ./results//injections/315.95_49.23_cumulative_power_spectra_stack_20220627_11_tpa.yml_(602,)_candidates.npz
Sep 02 23:43:09 INFO >> Injected Pulsars:     1
Sep 02 23:43:09 INFO >> Injection Candidates: 2
Sep 02 23:43:09 INFO >> Recovered Injections: 1
Sep 02 23:43:09 INFO >> 2 candidates.
Sep 02 23:43:09 INFO >> Best candidate: F0: 26.264 DM: 55.76 Sigma: 14.85
Sep 02 23:43:10 INFO >> Unlinked shared memory for cumulative stack.
Sep 02 23:43:10 INFO >> Pipeline execution time: 2.07 minutes
