Sep 02 05:20:21 INFO >> {"message": "Waiting for suitable server to become available", "selector": "Primary()", "operation": "find", "topologyDescription": "<TopologyDescription id: 66d54b1506013f93ae97dca8, topology_type: Unknown, servers: [<ServerDescription ('localhost', 27017) server_type: Unknown, rtt: None>]>", "clientId": {"$oid": "66d54b1506013f93ae97dca8"}, "remainingTimeMS": 29}
Sep 02 05:20:21 INFO >> Features initialized as the following:
Sep 02 05:20:21 INFO >> num_unique_dms
Sep 02 05:20:21 INFO >> num_unique_freqs
Sep 02 05:20:21 INFO >> ndetections
Sep 02 05:20:21 INFO >> nharm
Sep 02 05:20:21 INFO >> log_p_dm
Sep 02 05:20:21 INFO >> ['dm_sigma_FitGaussWidth_gauss_sigma', 'dm_sigma_FitGaussWidth_gauss_sigma_rel_err', 'dm_sigma_FitGaussWidth_ndof', 'dm_sigma_FitGaussWidth_rms_err']
Sep 02 05:20:21 INFO >> ['dm_sigma_FitGauss_amplitude', 'dm_sigma_FitGauss_mu', 'dm_sigma_FitGauss_gauss_sigma', 'dm_sigma_FitGauss_amplitude_rel_err', 'dm_sigma_FitGauss_mu_rel_err', 'dm_sigma_FitGauss_gauss_sigma_rel_err', 'dm_sigma_FitGauss_amplitude-detection', 'dm_sigma_FitGauss_mu-detection', 'dm_sigma_FitGauss_ndof', 'dm_sigma_FitGauss_rms_err']
Sep 02 05:20:21 INFO >> ['freq_sigma_FitGaussWidth_gauss_sigma', 'freq_sigma_FitGaussWidth_gauss_sigma_rel_err', 'freq_sigma_FitGaussWidth_ndof', 'freq_sigma_FitGaussWidth_rms_err']
Sep 02 05:20:21 INFO >> ['freq_sigma_FitGauss_amplitude', 'freq_sigma_FitGauss_mu', 'freq_sigma_FitGauss_gauss_sigma', 'freq_sigma_FitGauss_amplitude_rel_err', 'freq_sigma_FitGauss_mu_rel_err', 'freq_sigma_FitGauss_gauss_sigma_rel_err', 'freq_sigma_FitGauss_amplitude-detection', 'freq_sigma_FitGauss_mu-detection', 'freq_sigma_FitGauss_ndof', 'freq_sigma_FitGauss_rms_err']
Sep 02 05:20:21 INFO >> Performing searching on cumulative stack 315.95 49.23
Sep 02 05:20:21 INFO >> Loading the cumulative power spectra stack to search
Sep 02 05:21:19 INFO >> DM: 128.363915855224
Sep 02 05:21:19 INFO >> sigma: 10.989872533237348
Sep 02 05:21:19 INFO >> frequency: 81.47980937917151
Sep 02 05:21:19 INFO >> Injecting 6 harmonics.
Sep 02 05:21:19 INFO >> Starting DM: 127.10460398256302
Sep 02 05:21:19 INFO >> Stopping DM: 129.63455231024142
Sep 02 05:21:19 INFO >> Expected detection at 5.54 sigma with 4 harmonics.
Sep 02 05:21:33 INFO >> Start searching 6558 dm trials using 32 harmonics.
Sep 02 05:21:38 INFO >> Moved power spectra to shared memory.
Sep 02 05:21:38 INFO >> Number of dm trials in single multi processing job: 10
Sep 02 05:22:19 INFO >> Total number of detections=15577
Sep 02 05:22:19 INFO >> Clustering the detections
Sep 02 05:22:19 INFO >> Starting clustering
Sep 02 05:22:19 INFO >> Rogue harmonic power filter reduced detections from 15577 to 8519
Sep 02 05:22:19 INFO >> Filtering out duplicate freq,dm detections at multiple nharms removes 787 detections
Sep 02 05:22:19 INFO >> Duplicate freq,dm filter reduced detections to 7732
Sep 02 05:22:19 INFO >> Number of detections over threshold sigma (6.0): 7732
Sep 02 05:22:19 INFO >> Grouping duplicate frequencies together first
Sep 02 05:22:19 INFO >> Grouping duplicate frequencies removed 7214 detections from the harmonic metric computation
Sep 02 05:22:19 INFO >> Starting freq-DM distance metric computation
Sep 02 05:22:19 INFO >> Finished freq-DM distance metric computation
Sep 02 05:22:20 INFO >> Largest group size for metric computation is 97
Sep 02 05:22:20 INFO >> Starting harmonic distance metric computation
Sep 02 05:22:20 INFO >> Finished harmonic distance metric computation
Sep 02 05:22:20 INFO >> Starting DBSCAN
Sep 02 05:22:21 INFO >> Finished DBSCAN
Sep 02 05:22:21 INFO >> Clusters found: 75
Sep 02 05:22:21 INFO >> Filtered 32 clusters below or equal 2 DM.
Sep 02 05:22:21 INFO >> Total number of candidate clusters=0
Sep 02 05:22:21 INFO >> Candidate Processor of stack (315.95 49.23)
Sep 02 05:22:21 INFO >> Making SinglePointingCandidates from a list of 0 PowerSpectraDetectionClusters
Sep 02 05:22:22 INFO >> saved candidates to ./results//injections/315.95_49.23_cumulative_power_spectra_stack_20220627_11_tpa.yml_(76,)_candidates.npz
Sep 02 05:22:22 INFO >> Injected Pulsars:     1
Sep 02 05:22:22 INFO >> Injection Candidates: 0
Sep 02 05:22:22 INFO >> Recovered Injections: 0
Sep 02 05:22:22 INFO >> 0 candidates.
Sep 02 05:22:24 INFO >> Unlinked shared memory for cumulative stack.
Sep 02 05:22:24 INFO >> Pipeline execution time: 2.05 minutes
