Sep 02 08:11:55 INFO >> {"message": "Waiting for suitable server to become available", "selector": "Primary()", "operation": "find", "topologyDescription": "<TopologyDescription id: 66d5734b6c0af04ddc0f8550, topology_type: Unknown, servers: [<ServerDescription ('localhost', 27017) server_type: Unknown, rtt: None>]>", "clientId": {"$oid": "66d5734b6c0af04ddc0f8550"}, "remainingTimeMS": 29}
Sep 02 08:11:55 INFO >> Features initialized as the following:
Sep 02 08:11:55 INFO >> num_unique_dms
Sep 02 08:11:55 INFO >> num_unique_freqs
Sep 02 08:11:55 INFO >> ndetections
Sep 02 08:11:55 INFO >> nharm
Sep 02 08:11:55 INFO >> log_p_dm
Sep 02 08:11:55 INFO >> ['dm_sigma_FitGaussWidth_gauss_sigma', 'dm_sigma_FitGaussWidth_gauss_sigma_rel_err', 'dm_sigma_FitGaussWidth_ndof', 'dm_sigma_FitGaussWidth_rms_err']
Sep 02 08:11:55 INFO >> ['dm_sigma_FitGauss_amplitude', 'dm_sigma_FitGauss_mu', 'dm_sigma_FitGauss_gauss_sigma', 'dm_sigma_FitGauss_amplitude_rel_err', 'dm_sigma_FitGauss_mu_rel_err', 'dm_sigma_FitGauss_gauss_sigma_rel_err', 'dm_sigma_FitGauss_amplitude-detection', 'dm_sigma_FitGauss_mu-detection', 'dm_sigma_FitGauss_ndof', 'dm_sigma_FitGauss_rms_err']
Sep 02 08:11:55 INFO >> ['freq_sigma_FitGaussWidth_gauss_sigma', 'freq_sigma_FitGaussWidth_gauss_sigma_rel_err', 'freq_sigma_FitGaussWidth_ndof', 'freq_sigma_FitGaussWidth_rms_err']
Sep 02 08:11:55 INFO >> ['freq_sigma_FitGauss_amplitude', 'freq_sigma_FitGauss_mu', 'freq_sigma_FitGauss_gauss_sigma', 'freq_sigma_FitGauss_amplitude_rel_err', 'freq_sigma_FitGauss_mu_rel_err', 'freq_sigma_FitGauss_gauss_sigma_rel_err', 'freq_sigma_FitGauss_amplitude-detection', 'freq_sigma_FitGauss_mu-detection', 'freq_sigma_FitGauss_ndof', 'freq_sigma_FitGauss_rms_err']
Sep 02 08:11:55 INFO >> Performing searching on cumulative stack 315.95 49.23
Sep 02 08:11:55 INFO >> Loading the cumulative power spectra stack to search
Sep 02 08:12:52 INFO >> DM: 42.791463088441596
Sep 02 08:12:52 INFO >> sigma: 12.465478072998184
Sep 02 08:12:52 INFO >> frequency: 68.68762196199353
Sep 02 08:12:52 INFO >> Injecting 7 harmonics.
Sep 02 08:12:52 INFO >> Starting DM: 41.28875670771155
Sep 02 08:12:52 INFO >> Stopping DM: 44.32469470092563
Sep 02 08:12:52 INFO >> Expected detection at 7.73 sigma with 4 harmonics.
Sep 02 08:13:06 INFO >> Start searching 6558 dm trials using 32 harmonics.
Sep 02 08:13:12 INFO >> Moved power spectra to shared memory.
Sep 02 08:13:12 INFO >> Number of dm trials in single multi processing job: 10
Sep 02 08:13:52 INFO >> Total number of detections=15584
Sep 02 08:13:52 INFO >> Clustering the detections
Sep 02 08:13:52 INFO >> Starting clustering
Sep 02 08:13:52 INFO >> Rogue harmonic power filter reduced detections from 15584 to 8526
Sep 02 08:13:52 INFO >> Filtering out duplicate freq,dm detections at multiple nharms removes 787 detections
Sep 02 08:13:52 INFO >> Duplicate freq,dm filter reduced detections to 7739
Sep 02 08:13:52 INFO >> Number of detections over threshold sigma (6.0): 7739
Sep 02 08:13:52 INFO >> Grouping duplicate frequencies together first
Sep 02 08:13:52 INFO >> Grouping duplicate frequencies removed 7215 detections from the harmonic metric computation
Sep 02 08:13:52 INFO >> Starting freq-DM distance metric computation
Sep 02 08:13:53 INFO >> Finished freq-DM distance metric computation
Sep 02 08:13:53 INFO >> Largest group size for metric computation is 97
Sep 02 08:13:53 INFO >> Starting harmonic distance metric computation
Sep 02 08:13:54 INFO >> Finished harmonic distance metric computation
Sep 02 08:13:54 INFO >> Starting DBSCAN
Sep 02 08:13:54 INFO >> Finished DBSCAN
Sep 02 08:13:54 INFO >> Clusters found: 75
Sep 02 08:13:54 INFO >> Filtered 32 clusters below or equal 2 DM.
Sep 02 08:13:54 INFO >> Total number of candidate clusters=0
Sep 02 08:13:54 INFO >> Candidate Processor of stack (315.95 49.23)
Sep 02 08:13:54 INFO >> Making SinglePointingCandidates from a list of 0 PowerSpectraDetectionClusters
Sep 02 08:13:56 INFO >> saved candidates to ./results//injections/315.95_49.23_cumulative_power_spectra_stack_20220627_11_tpa.yml_(158,)_candidates.npz
Sep 02 08:13:56 INFO >> Injected Pulsars:     1
Sep 02 08:13:56 INFO >> Injection Candidates: 0
Sep 02 08:13:56 INFO >> Recovered Injections: 0
Sep 02 08:13:56 INFO >> 0 candidates.
Sep 02 08:13:57 INFO >> Unlinked shared memory for cumulative stack.
Sep 02 08:13:57 INFO >> Pipeline execution time: 2.04 minutes
