Sep 02 22:11:07 INFO >> {"message": "Waiting for suitable server to become available", "selector": "Primary()", "operation": "find", "topologyDescription": "<TopologyDescription id: 66d637fb869f57cba3f5869d, topology_type: Unknown, servers: [<ServerDescription ('localhost', 27017) server_type: Unknown, rtt: None>]>", "clientId": {"$oid": "66d637fb869f57cba3f5869d"}, "remainingTimeMS": 29}
Sep 02 22:11:07 INFO >> Features initialized as the following:
Sep 02 22:11:07 INFO >> num_unique_dms
Sep 02 22:11:07 INFO >> num_unique_freqs
Sep 02 22:11:07 INFO >> ndetections
Sep 02 22:11:07 INFO >> nharm
Sep 02 22:11:07 INFO >> log_p_dm
Sep 02 22:11:07 INFO >> ['dm_sigma_FitGaussWidth_gauss_sigma', 'dm_sigma_FitGaussWidth_gauss_sigma_rel_err', 'dm_sigma_FitGaussWidth_ndof', 'dm_sigma_FitGaussWidth_rms_err']
Sep 02 22:11:07 INFO >> ['dm_sigma_FitGauss_amplitude', 'dm_sigma_FitGauss_mu', 'dm_sigma_FitGauss_gauss_sigma', 'dm_sigma_FitGauss_amplitude_rel_err', 'dm_sigma_FitGauss_mu_rel_err', 'dm_sigma_FitGauss_gauss_sigma_rel_err', 'dm_sigma_FitGauss_amplitude-detection', 'dm_sigma_FitGauss_mu-detection', 'dm_sigma_FitGauss_ndof', 'dm_sigma_FitGauss_rms_err']
Sep 02 22:11:07 INFO >> ['freq_sigma_FitGaussWidth_gauss_sigma', 'freq_sigma_FitGaussWidth_gauss_sigma_rel_err', 'freq_sigma_FitGaussWidth_ndof', 'freq_sigma_FitGaussWidth_rms_err']
Sep 02 22:11:07 INFO >> ['freq_sigma_FitGauss_amplitude', 'freq_sigma_FitGauss_mu', 'freq_sigma_FitGauss_gauss_sigma', 'freq_sigma_FitGauss_amplitude_rel_err', 'freq_sigma_FitGauss_mu_rel_err', 'freq_sigma_FitGauss_gauss_sigma_rel_err', 'freq_sigma_FitGauss_amplitude-detection', 'freq_sigma_FitGauss_mu-detection', 'freq_sigma_FitGauss_ndof', 'freq_sigma_FitGauss_rms_err']
Sep 02 22:11:07 INFO >> Performing searching on cumulative stack 315.95 49.23
Sep 02 22:11:07 INFO >> Loading the cumulative power spectra stack to search
Sep 02 22:12:04 INFO >> DM: 194.7708838914186
Sep 02 22:12:04 INFO >> sigma: 11.868195905190914
Sep 02 22:12:04 INFO >> frequency: 82.9565927354227
Sep 02 22:12:04 INFO >> Injecting 6 harmonics.
Sep 02 22:12:04 INFO >> Starting DM: 193.4904481008443
Sep 02 22:12:04 INFO >> Stopping DM: 196.0203964285227
Sep 02 22:12:04 INFO >> Expected detection at 8.94 sigma with 4 harmonics.
Sep 02 22:12:18 INFO >> Start searching 6558 dm trials using 32 harmonics.
Sep 02 22:12:23 INFO >> Moved power spectra to shared memory.
Sep 02 22:12:23 INFO >> Number of dm trials in single multi processing job: 10
Sep 02 22:13:04 INFO >> Total number of detections=15584
Sep 02 22:13:04 INFO >> Clustering the detections
Sep 02 22:13:04 INFO >> Starting clustering
Sep 02 22:13:05 INFO >> Rogue harmonic power filter reduced detections from 15584 to 8526
Sep 02 22:13:05 INFO >> Filtering out duplicate freq,dm detections at multiple nharms removes 788 detections
Sep 02 22:13:05 INFO >> Duplicate freq,dm filter reduced detections to 7738
Sep 02 22:13:05 INFO >> Number of detections over threshold sigma (6.0): 7738
Sep 02 22:13:05 INFO >> Grouping duplicate frequencies together first
Sep 02 22:13:05 INFO >> Grouping duplicate frequencies removed 7216 detections from the harmonic metric computation
Sep 02 22:13:05 INFO >> Starting freq-DM distance metric computation
Sep 02 22:13:05 INFO >> Finished freq-DM distance metric computation
Sep 02 22:13:05 INFO >> Largest group size for metric computation is 97
Sep 02 22:13:05 INFO >> Starting harmonic distance metric computation
Sep 02 22:13:06 INFO >> Finished harmonic distance metric computation
Sep 02 22:13:06 INFO >> Starting DBSCAN
Sep 02 22:13:06 INFO >> Finished DBSCAN
Sep 02 22:13:06 INFO >> Clusters found: 76
Sep 02 22:13:06 INFO >> Filtered 32 clusters below or equal 2 DM.
Sep 02 22:13:06 INFO >> Total number of candidate clusters=1
Sep 02 22:13:06 INFO >> Candidate Processor of stack (315.95 49.23)
Sep 02 22:13:06 INFO >> Making SinglePointingCandidates from a list of 1 PowerSpectraDetectionClusters
Sep 02 22:13:08 INFO >> saved candidates to ./results//injections/315.95_49.23_cumulative_power_spectra_stack_20220627_11_tpa.yml_(559,)_candidates.npz
Sep 02 22:13:08 INFO >> Injected Pulsars:     1
Sep 02 22:13:08 INFO >> Injection Candidates: 1
Sep 02 22:13:08 INFO >> Recovered Injections: 1
Sep 02 22:13:08 INFO >> 1 candidates.
Sep 02 22:13:08 INFO >> Best candidate: F0: 82.957 DM: 194.81 Sigma: 9.39
Sep 02 22:13:10 INFO >> Unlinked shared memory for cumulative stack.
Sep 02 22:13:10 INFO >> Pipeline execution time: 2.05 minutes
