Sep 02 12:23:02 INFO >> {"message": "Waiting for suitable server to become available", "selector": "Primary()", "operation": "find", "topologyDescription": "<TopologyDescription id: 66d5ae264e8dd49ac40c9dd6, topology_type: Unknown, servers: [<ServerDescription ('localhost', 27017) server_type: Unknown, rtt: None>]>", "clientId": {"$oid": "66d5ae264e8dd49ac40c9dd6"}, "remainingTimeMS": 29}
Sep 02 12:23:02 INFO >> Features initialized as the following:
Sep 02 12:23:02 INFO >> num_unique_dms
Sep 02 12:23:02 INFO >> num_unique_freqs
Sep 02 12:23:02 INFO >> ndetections
Sep 02 12:23:02 INFO >> nharm
Sep 02 12:23:02 INFO >> log_p_dm
Sep 02 12:23:02 INFO >> ['dm_sigma_FitGaussWidth_gauss_sigma', 'dm_sigma_FitGaussWidth_gauss_sigma_rel_err', 'dm_sigma_FitGaussWidth_ndof', 'dm_sigma_FitGaussWidth_rms_err']
Sep 02 12:23:02 INFO >> ['dm_sigma_FitGauss_amplitude', 'dm_sigma_FitGauss_mu', 'dm_sigma_FitGauss_gauss_sigma', 'dm_sigma_FitGauss_amplitude_rel_err', 'dm_sigma_FitGauss_mu_rel_err', 'dm_sigma_FitGauss_gauss_sigma_rel_err', 'dm_sigma_FitGauss_amplitude-detection', 'dm_sigma_FitGauss_mu-detection', 'dm_sigma_FitGauss_ndof', 'dm_sigma_FitGauss_rms_err']
Sep 02 12:23:02 INFO >> ['freq_sigma_FitGaussWidth_gauss_sigma', 'freq_sigma_FitGaussWidth_gauss_sigma_rel_err', 'freq_sigma_FitGaussWidth_ndof', 'freq_sigma_FitGaussWidth_rms_err']
Sep 02 12:23:02 INFO >> ['freq_sigma_FitGauss_amplitude', 'freq_sigma_FitGauss_mu', 'freq_sigma_FitGauss_gauss_sigma', 'freq_sigma_FitGauss_amplitude_rel_err', 'freq_sigma_FitGauss_mu_rel_err', 'freq_sigma_FitGauss_gauss_sigma_rel_err', 'freq_sigma_FitGauss_amplitude-detection', 'freq_sigma_FitGauss_mu-detection', 'freq_sigma_FitGauss_ndof', 'freq_sigma_FitGauss_rms_err']
Sep 02 12:23:02 INFO >> Performing searching on cumulative stack 315.95 49.23
Sep 02 12:23:02 INFO >> Loading the cumulative power spectra stack to search
Sep 02 12:24:00 INFO >> DM: 24.083123109470527
Sep 02 12:24:00 INFO >> sigma: 10.728396036019339
Sep 02 12:24:00 INFO >> frequency: 84.92053623820398
Sep 02 12:24:00 INFO >> Injecting 5 harmonics.
Sep 02 12:24:00 INFO >> Starting DM: 22.870732882212774
Sep 02 12:24:00 INFO >> Stopping DM: 25.299483276784038
Sep 02 12:24:00 INFO >> Expected detection at 8.08 sigma with 4 harmonics.
Sep 02 12:24:14 INFO >> Start searching 6558 dm trials using 32 harmonics.
Sep 02 12:24:20 INFO >> Moved power spectra to shared memory.
Sep 02 12:24:20 INFO >> Number of dm trials in single multi processing job: 10
Sep 02 12:25:00 INFO >> Total number of detections=15580
Sep 02 12:25:00 INFO >> Clustering the detections
Sep 02 12:25:00 INFO >> Starting clustering
Sep 02 12:25:01 INFO >> Rogue harmonic power filter reduced detections from 15580 to 8522
Sep 02 12:25:01 INFO >> Filtering out duplicate freq,dm detections at multiple nharms removes 787 detections
Sep 02 12:25:01 INFO >> Duplicate freq,dm filter reduced detections to 7735
Sep 02 12:25:01 INFO >> Number of detections over threshold sigma (6.0): 7735
Sep 02 12:25:01 INFO >> Grouping duplicate frequencies together first
Sep 02 12:25:01 INFO >> Grouping duplicate frequencies removed 7214 detections from the harmonic metric computation
Sep 02 12:25:01 INFO >> Starting freq-DM distance metric computation
Sep 02 12:25:01 INFO >> Finished freq-DM distance metric computation
Sep 02 12:25:01 INFO >> Largest group size for metric computation is 97
Sep 02 12:25:01 INFO >> Starting harmonic distance metric computation
Sep 02 12:25:02 INFO >> Finished harmonic distance metric computation
Sep 02 12:25:02 INFO >> Starting DBSCAN
Sep 02 12:25:02 INFO >> Finished DBSCAN
Sep 02 12:25:02 INFO >> Clusters found: 75
Sep 02 12:25:02 INFO >> Filtered 32 clusters below or equal 2 DM.
Sep 02 12:25:02 INFO >> Total number of candidate clusters=0
Sep 02 12:25:02 INFO >> Candidate Processor of stack (315.95 49.23)
Sep 02 12:25:02 INFO >> Making SinglePointingCandidates from a list of 0 PowerSpectraDetectionClusters
Sep 02 12:25:04 INFO >> saved candidates to ./results//injections/315.95_49.23_cumulative_power_spectra_stack_20220627_11_tpa.yml_(278,)_candidates.npz
Sep 02 12:25:04 INFO >> Injected Pulsars:     1
Sep 02 12:25:04 INFO >> Injection Candidates: 0
Sep 02 12:25:04 INFO >> Recovered Injections: 0
Sep 02 12:25:04 INFO >> 0 candidates.
Sep 02 12:25:05 INFO >> Unlinked shared memory for cumulative stack.
Sep 02 12:25:05 INFO >> Pipeline execution time: 2.06 minutes
