Sep 02 15:31:24 INFO >> {"message": "Waiting for suitable server to become available", "selector": "Primary()", "operation": "find", "topologyDescription": "<TopologyDescription id: 66d5da4cbb2087957e7d8daa, topology_type: Unknown, servers: [<ServerDescription ('localhost', 27017) server_type: Unknown, rtt: None>]>", "clientId": {"$oid": "66d5da4cbb2087957e7d8daa"}, "remainingTimeMS": 29}
Sep 02 15:31:24 INFO >> Features initialized as the following:
Sep 02 15:31:24 INFO >> num_unique_dms
Sep 02 15:31:24 INFO >> num_unique_freqs
Sep 02 15:31:24 INFO >> ndetections
Sep 02 15:31:24 INFO >> nharm
Sep 02 15:31:24 INFO >> log_p_dm
Sep 02 15:31:24 INFO >> ['dm_sigma_FitGaussWidth_gauss_sigma', 'dm_sigma_FitGaussWidth_gauss_sigma_rel_err', 'dm_sigma_FitGaussWidth_ndof', 'dm_sigma_FitGaussWidth_rms_err']
Sep 02 15:31:24 INFO >> ['dm_sigma_FitGauss_amplitude', 'dm_sigma_FitGauss_mu', 'dm_sigma_FitGauss_gauss_sigma', 'dm_sigma_FitGauss_amplitude_rel_err', 'dm_sigma_FitGauss_mu_rel_err', 'dm_sigma_FitGauss_gauss_sigma_rel_err', 'dm_sigma_FitGauss_amplitude-detection', 'dm_sigma_FitGauss_mu-detection', 'dm_sigma_FitGauss_ndof', 'dm_sigma_FitGauss_rms_err']
Sep 02 15:31:24 INFO >> ['freq_sigma_FitGaussWidth_gauss_sigma', 'freq_sigma_FitGaussWidth_gauss_sigma_rel_err', 'freq_sigma_FitGaussWidth_ndof', 'freq_sigma_FitGaussWidth_rms_err']
Sep 02 15:31:24 INFO >> ['freq_sigma_FitGauss_amplitude', 'freq_sigma_FitGauss_mu', 'freq_sigma_FitGauss_gauss_sigma', 'freq_sigma_FitGauss_amplitude_rel_err', 'freq_sigma_FitGauss_mu_rel_err', 'freq_sigma_FitGauss_gauss_sigma_rel_err', 'freq_sigma_FitGauss_amplitude-detection', 'freq_sigma_FitGauss_mu-detection', 'freq_sigma_FitGauss_ndof', 'freq_sigma_FitGauss_rms_err']
Sep 02 15:31:24 INFO >> Performing searching on cumulative stack 315.95 49.23
Sep 02 15:31:24 INFO >> Loading the cumulative power spectra stack to search
Sep 02 15:32:21 INFO >> DM: 100.29806493842862
Sep 02 15:32:21 INFO >> sigma: 16.543361204979853
Sep 02 15:32:21 INFO >> frequency: 51.037252120009704
Sep 02 15:32:21 INFO >> Injecting 9 harmonics.
Sep 02 15:32:21 INFO >> Starting DM: 98.2631930470292
Sep 02 15:32:21 INFO >> Stopping DM: 102.31111037131465
Sep 02 15:32:21 INFO >> Expected detection at 14.86 sigma with 4 harmonics.
Sep 02 15:32:35 INFO >> Start searching 6558 dm trials using 32 harmonics.
Sep 02 15:32:41 INFO >> Moved power spectra to shared memory.
Sep 02 15:32:41 INFO >> Number of dm trials in single multi processing job: 10
Sep 02 15:33:21 INFO >> Total number of detections=15961
Sep 02 15:33:21 INFO >> Clustering the detections
Sep 02 15:33:21 INFO >> Starting clustering
Sep 02 15:33:21 INFO >> Rogue harmonic power filter reduced detections from 15961 to 8582
Sep 02 15:33:21 INFO >> Filtering out duplicate freq,dm detections at multiple nharms removes 809 detections
Sep 02 15:33:21 INFO >> Duplicate freq,dm filter reduced detections to 7773
Sep 02 15:33:21 INFO >> Number of detections over threshold sigma (6.0): 7773
Sep 02 15:33:21 INFO >> Grouping duplicate frequencies together first
Sep 02 15:33:21 INFO >> Grouping duplicate frequencies removed 7248 detections from the harmonic metric computation
Sep 02 15:33:21 INFO >> Starting freq-DM distance metric computation
Sep 02 15:33:22 INFO >> Finished freq-DM distance metric computation
Sep 02 15:33:22 INFO >> Largest group size for metric computation is 97
Sep 02 15:33:22 INFO >> Starting harmonic distance metric computation
Sep 02 15:33:23 INFO >> Finished harmonic distance metric computation
Sep 02 15:33:23 INFO >> Starting DBSCAN
Sep 02 15:33:23 INFO >> Finished DBSCAN
Sep 02 15:33:23 INFO >> Clusters found: 77
Sep 02 15:33:23 INFO >> Filtered 32 clusters below or equal 2 DM.
Sep 02 15:33:23 INFO >> Total number of candidate clusters=2
Sep 02 15:33:23 INFO >> Candidate Processor of stack (315.95 49.23)
Sep 02 15:33:23 INFO >> Making SinglePointingCandidates from a list of 2 PowerSpectraDetectionClusters
Sep 02 15:33:26 INFO >> saved candidates to ./results//injections/315.95_49.23_cumulative_power_spectra_stack_20220627_11_tpa.yml_(368,)_candidates.npz
Sep 02 15:33:26 INFO >> Injected Pulsars:     1
Sep 02 15:33:26 INFO >> Injection Candidates: 2
Sep 02 15:33:26 INFO >> Recovered Injections: 1
Sep 02 15:33:26 INFO >> 2 candidates.
Sep 02 15:33:26 INFO >> Best candidate: F0: 51.037 DM: 100.29 Sigma: 15.53
Sep 02 15:33:27 INFO >> Unlinked shared memory for cumulative stack.
Sep 02 15:33:27 INFO >> Pipeline execution time: 2.05 minutes
