Sep 02 20:18:08 INFO >> {"message": "Waiting for suitable server to become available", "selector": "Primary()", "operation": "find", "topologyDescription": "<TopologyDescription id: 66d61d8095fe3d7ee53f42d3, topology_type: Unknown, servers: [<ServerDescription ('localhost', 27017) server_type: Unknown, rtt: None>]>", "clientId": {"$oid": "66d61d8095fe3d7ee53f42d3"}, "remainingTimeMS": 29}
Sep 02 20:18:08 INFO >> Features initialized as the following:
Sep 02 20:18:08 INFO >> num_unique_dms
Sep 02 20:18:08 INFO >> num_unique_freqs
Sep 02 20:18:08 INFO >> ndetections
Sep 02 20:18:08 INFO >> nharm
Sep 02 20:18:08 INFO >> log_p_dm
Sep 02 20:18:08 INFO >> ['dm_sigma_FitGaussWidth_gauss_sigma', 'dm_sigma_FitGaussWidth_gauss_sigma_rel_err', 'dm_sigma_FitGaussWidth_ndof', 'dm_sigma_FitGaussWidth_rms_err']
Sep 02 20:18:08 INFO >> ['dm_sigma_FitGauss_amplitude', 'dm_sigma_FitGauss_mu', 'dm_sigma_FitGauss_gauss_sigma', 'dm_sigma_FitGauss_amplitude_rel_err', 'dm_sigma_FitGauss_mu_rel_err', 'dm_sigma_FitGauss_gauss_sigma_rel_err', 'dm_sigma_FitGauss_amplitude-detection', 'dm_sigma_FitGauss_mu-detection', 'dm_sigma_FitGauss_ndof', 'dm_sigma_FitGauss_rms_err']
Sep 02 20:18:08 INFO >> ['freq_sigma_FitGaussWidth_gauss_sigma', 'freq_sigma_FitGaussWidth_gauss_sigma_rel_err', 'freq_sigma_FitGaussWidth_ndof', 'freq_sigma_FitGaussWidth_rms_err']
Sep 02 20:18:08 INFO >> ['freq_sigma_FitGauss_amplitude', 'freq_sigma_FitGauss_mu', 'freq_sigma_FitGauss_gauss_sigma', 'freq_sigma_FitGauss_amplitude_rel_err', 'freq_sigma_FitGauss_mu_rel_err', 'freq_sigma_FitGauss_gauss_sigma_rel_err', 'freq_sigma_FitGauss_amplitude-detection', 'freq_sigma_FitGauss_mu-detection', 'freq_sigma_FitGauss_ndof', 'freq_sigma_FitGauss_rms_err']
Sep 02 20:18:09 INFO >> Performing searching on cumulative stack 315.95 49.23
Sep 02 20:18:09 INFO >> Loading the cumulative power spectra stack to search
Sep 02 20:19:07 INFO >> DM: 166.88430334821558
Sep 02 20:19:07 INFO >> sigma: 16.670554621580386
Sep 02 20:19:07 INFO >> frequency: 23.249551421015646
Sep 02 20:19:07 INFO >> Injecting 21 harmonics.
Sep 02 20:19:07 INFO >> Starting DM: 162.42268263695354
Sep 02 20:19:07 INFO >> Stopping DM: 171.3281007503815
Sep 02 20:19:07 INFO >> Expected detection at 14.86 sigma with 16 harmonics.
Sep 02 20:19:21 INFO >> Start searching 6558 dm trials using 32 harmonics.
Sep 02 20:19:27 INFO >> Moved power spectra to shared memory.
Sep 02 20:19:27 INFO >> Number of dm trials in single multi processing job: 10
Sep 02 20:20:07 INFO >> Total number of detections=15652
Sep 02 20:20:07 INFO >> Clustering the detections
Sep 02 20:20:07 INFO >> Starting clustering
Sep 02 20:20:07 INFO >> Rogue harmonic power filter reduced detections from 15652 to 8594
Sep 02 20:20:07 INFO >> Filtering out duplicate freq,dm detections at multiple nharms removes 811 detections
Sep 02 20:20:07 INFO >> Duplicate freq,dm filter reduced detections to 7783
Sep 02 20:20:07 INFO >> Number of detections over threshold sigma (6.0): 7783
Sep 02 20:20:07 INFO >> Grouping duplicate frequencies together first
Sep 02 20:20:07 INFO >> Grouping duplicate frequencies removed 7244 detections from the harmonic metric computation
Sep 02 20:20:07 INFO >> Starting freq-DM distance metric computation
Sep 02 20:20:07 INFO >> Finished freq-DM distance metric computation
Sep 02 20:20:08 INFO >> Largest group size for metric computation is 97
Sep 02 20:20:08 INFO >> Starting harmonic distance metric computation
Sep 02 20:20:08 INFO >> Finished harmonic distance metric computation
Sep 02 20:20:08 INFO >> Starting DBSCAN
Sep 02 20:20:09 INFO >> Finished DBSCAN
Sep 02 20:20:09 INFO >> Clusters found: 77
Sep 02 20:20:09 INFO >> Filtered 32 clusters below or equal 2 DM.
Sep 02 20:20:09 INFO >> Total number of candidate clusters=2
Sep 02 20:20:09 INFO >> Candidate Processor of stack (315.95 49.23)
Sep 02 20:20:09 INFO >> Making SinglePointingCandidates from a list of 2 PowerSpectraDetectionClusters
Sep 02 20:20:11 INFO >> saved candidates to ./results//injections/315.95_49.23_cumulative_power_spectra_stack_20220627_11_tpa.yml_(505,)_candidates.npz
Sep 02 20:20:11 INFO >> Injected Pulsars:     1
Sep 02 20:20:11 INFO >> Injection Candidates: 2
Sep 02 20:20:11 INFO >> Recovered Injections: 1
Sep 02 20:20:11 INFO >> 2 candidates.
Sep 02 20:20:11 INFO >> Best candidate: F0: 23.250 DM: 166.88 Sigma: 15.10
Sep 02 20:20:12 INFO >> Unlinked shared memory for cumulative stack.
Sep 02 20:20:12 INFO >> Pipeline execution time: 2.07 minutes
