Sep 02 05:26:37 INFO >> {"message": "Waiting for suitable server to become available", "selector": "Primary()", "operation": "find", "topologyDescription": "<TopologyDescription id: 66d54c8d91d7390ce7140c48, topology_type: Unknown, servers: [<ServerDescription ('localhost', 27017) server_type: Unknown, rtt: None>]>", "clientId": {"$oid": "66d54c8d91d7390ce7140c48"}, "remainingTimeMS": 29}
Sep 02 05:26:37 INFO >> Features initialized as the following:
Sep 02 05:26:37 INFO >> num_unique_dms
Sep 02 05:26:37 INFO >> num_unique_freqs
Sep 02 05:26:37 INFO >> ndetections
Sep 02 05:26:37 INFO >> nharm
Sep 02 05:26:37 INFO >> log_p_dm
Sep 02 05:26:37 INFO >> ['dm_sigma_FitGaussWidth_gauss_sigma', 'dm_sigma_FitGaussWidth_gauss_sigma_rel_err', 'dm_sigma_FitGaussWidth_ndof', 'dm_sigma_FitGaussWidth_rms_err']
Sep 02 05:26:37 INFO >> ['dm_sigma_FitGauss_amplitude', 'dm_sigma_FitGauss_mu', 'dm_sigma_FitGauss_gauss_sigma', 'dm_sigma_FitGauss_amplitude_rel_err', 'dm_sigma_FitGauss_mu_rel_err', 'dm_sigma_FitGauss_gauss_sigma_rel_err', 'dm_sigma_FitGauss_amplitude-detection', 'dm_sigma_FitGauss_mu-detection', 'dm_sigma_FitGauss_ndof', 'dm_sigma_FitGauss_rms_err']
Sep 02 05:26:37 INFO >> ['freq_sigma_FitGaussWidth_gauss_sigma', 'freq_sigma_FitGaussWidth_gauss_sigma_rel_err', 'freq_sigma_FitGaussWidth_ndof', 'freq_sigma_FitGaussWidth_rms_err']
Sep 02 05:26:37 INFO >> ['freq_sigma_FitGauss_amplitude', 'freq_sigma_FitGauss_mu', 'freq_sigma_FitGauss_gauss_sigma', 'freq_sigma_FitGauss_amplitude_rel_err', 'freq_sigma_FitGauss_mu_rel_err', 'freq_sigma_FitGauss_gauss_sigma_rel_err', 'freq_sigma_FitGauss_amplitude-detection', 'freq_sigma_FitGauss_mu-detection', 'freq_sigma_FitGauss_ndof', 'freq_sigma_FitGauss_rms_err']
Sep 02 05:26:37 INFO >> Performing searching on cumulative stack 315.95 49.23
Sep 02 05:26:37 INFO >> Loading the cumulative power spectra stack to search
Sep 02 05:27:34 INFO >> DM: 45.988701324304365
Sep 02 05:27:34 INFO >> sigma: 12.596151039789051
Sep 02 05:27:34 INFO >> frequency: 42.547744700554404
Sep 02 05:27:34 INFO >> Injecting 11 harmonics.
Sep 02 05:27:34 INFO >> Starting DM: 43.616309169175686
Sep 02 05:27:34 INFO >> Stopping DM: 48.372612025211076
Sep 02 05:27:34 INFO >> Expected detection at 8.90 sigma with 8 harmonics.
Sep 02 05:27:48 INFO >> Start searching 6558 dm trials using 32 harmonics.
Sep 02 05:27:54 INFO >> Moved power spectra to shared memory.
Sep 02 05:27:54 INFO >> Number of dm trials in single multi processing job: 10
Sep 02 05:28:34 INFO >> Total number of detections=15590
Sep 02 05:28:34 INFO >> Clustering the detections
Sep 02 05:28:34 INFO >> Starting clustering
Sep 02 05:28:34 INFO >> Rogue harmonic power filter reduced detections from 15590 to 8532
Sep 02 05:28:34 INFO >> Filtering out duplicate freq,dm detections at multiple nharms removes 789 detections
Sep 02 05:28:34 INFO >> Duplicate freq,dm filter reduced detections to 7743
Sep 02 05:28:34 INFO >> Number of detections over threshold sigma (6.0): 7743
Sep 02 05:28:34 INFO >> Grouping duplicate frequencies together first
Sep 02 05:28:34 INFO >> Grouping duplicate frequencies removed 7219 detections from the harmonic metric computation
Sep 02 05:28:34 INFO >> Starting freq-DM distance metric computation
Sep 02 05:28:35 INFO >> Finished freq-DM distance metric computation
Sep 02 05:28:35 INFO >> Largest group size for metric computation is 97
Sep 02 05:28:35 INFO >> Starting harmonic distance metric computation
Sep 02 05:28:36 INFO >> Finished harmonic distance metric computation
Sep 02 05:28:36 INFO >> Starting DBSCAN
Sep 02 05:28:36 INFO >> Finished DBSCAN
Sep 02 05:28:36 INFO >> Clusters found: 76
Sep 02 05:28:36 INFO >> Filtered 32 clusters below or equal 2 DM.
Sep 02 05:28:36 INFO >> Total number of candidate clusters=1
Sep 02 05:28:36 INFO >> Candidate Processor of stack (315.95 49.23)
Sep 02 05:28:36 INFO >> Making SinglePointingCandidates from a list of 1 PowerSpectraDetectionClusters
Sep 02 05:28:38 INFO >> saved candidates to ./results//injections/315.95_49.23_cumulative_power_spectra_stack_20220627_11_tpa.yml_(79,)_candidates.npz
Sep 02 05:28:38 INFO >> Injected Pulsars:     1
Sep 02 05:28:38 INFO >> Injection Candidates: 1
Sep 02 05:28:38 INFO >> Recovered Injections: 1
Sep 02 05:28:38 INFO >> 1 candidates.
Sep 02 05:28:38 INFO >> Best candidate: F0: 42.548 DM: 45.94 Sigma: 9.27
Sep 02 05:28:39 INFO >> Unlinked shared memory for cumulative stack.
Sep 02 05:28:39 INFO >> Pipeline execution time: 2.05 minutes
