Sep 02 09:08:23 INFO >> {"message": "Waiting for suitable server to become available", "selector": "Primary()", "operation": "find", "topologyDescription": "<TopologyDescription id: 66d580873f7cc5765b50b738, topology_type: Unknown, servers: [<ServerDescription ('localhost', 27017) server_type: Unknown, rtt: None>]>", "clientId": {"$oid": "66d580873f7cc5765b50b738"}, "remainingTimeMS": 29}
Sep 02 09:08:23 INFO >> Features initialized as the following:
Sep 02 09:08:23 INFO >> num_unique_dms
Sep 02 09:08:23 INFO >> num_unique_freqs
Sep 02 09:08:23 INFO >> ndetections
Sep 02 09:08:23 INFO >> nharm
Sep 02 09:08:23 INFO >> log_p_dm
Sep 02 09:08:23 INFO >> ['dm_sigma_FitGaussWidth_gauss_sigma', 'dm_sigma_FitGaussWidth_gauss_sigma_rel_err', 'dm_sigma_FitGaussWidth_ndof', 'dm_sigma_FitGaussWidth_rms_err']
Sep 02 09:08:23 INFO >> ['dm_sigma_FitGauss_amplitude', 'dm_sigma_FitGauss_mu', 'dm_sigma_FitGauss_gauss_sigma', 'dm_sigma_FitGauss_amplitude_rel_err', 'dm_sigma_FitGauss_mu_rel_err', 'dm_sigma_FitGauss_gauss_sigma_rel_err', 'dm_sigma_FitGauss_amplitude-detection', 'dm_sigma_FitGauss_mu-detection', 'dm_sigma_FitGauss_ndof', 'dm_sigma_FitGauss_rms_err']
Sep 02 09:08:23 INFO >> ['freq_sigma_FitGaussWidth_gauss_sigma', 'freq_sigma_FitGaussWidth_gauss_sigma_rel_err', 'freq_sigma_FitGaussWidth_ndof', 'freq_sigma_FitGaussWidth_rms_err']
Sep 02 09:08:23 INFO >> ['freq_sigma_FitGauss_amplitude', 'freq_sigma_FitGauss_mu', 'freq_sigma_FitGauss_gauss_sigma', 'freq_sigma_FitGauss_amplitude_rel_err', 'freq_sigma_FitGauss_mu_rel_err', 'freq_sigma_FitGauss_gauss_sigma_rel_err', 'freq_sigma_FitGauss_amplitude-detection', 'freq_sigma_FitGauss_mu-detection', 'freq_sigma_FitGauss_ndof', 'freq_sigma_FitGauss_rms_err']
Sep 02 09:08:23 INFO >> Performing searching on cumulative stack 315.95 49.23
Sep 02 09:08:23 INFO >> Loading the cumulative power spectra stack to search
Sep 02 09:09:21 INFO >> DM: 62.391405412816866
Sep 02 09:09:21 INFO >> sigma: 12.070319100535123
Sep 02 09:09:21 INFO >> frequency: 13.631861145406031
Sep 02 09:09:21 INFO >> Injecting 37 harmonics.
Sep 02 09:09:21 INFO >> Starting DM: 54.84927974406779
Sep 02 09:09:21 INFO >> Stopping DM: 69.92777177703108
Sep 02 09:09:21 INFO >> Expected detection at 9.98 sigma with 32 harmonics.
Sep 02 09:09:35 INFO >> Start searching 6558 dm trials using 32 harmonics.
Sep 02 09:09:41 INFO >> Moved power spectra to shared memory.
Sep 02 09:09:41 INFO >> Number of dm trials in single multi processing job: 10
Sep 02 09:10:21 INFO >> Total number of detections=15596
Sep 02 09:10:21 INFO >> Clustering the detections
Sep 02 09:10:21 INFO >> Starting clustering
Sep 02 09:10:21 INFO >> Rogue harmonic power filter reduced detections from 15596 to 8538
Sep 02 09:10:21 INFO >> Filtering out duplicate freq,dm detections at multiple nharms removes 794 detections
Sep 02 09:10:21 INFO >> Duplicate freq,dm filter reduced detections to 7744
Sep 02 09:10:21 INFO >> Number of detections over threshold sigma (6.0): 7744
Sep 02 09:10:21 INFO >> Grouping duplicate frequencies together first
Sep 02 09:10:21 INFO >> Grouping duplicate frequencies removed 7220 detections from the harmonic metric computation
Sep 02 09:10:21 INFO >> Starting freq-DM distance metric computation
Sep 02 09:10:22 INFO >> Finished freq-DM distance metric computation
Sep 02 09:10:22 INFO >> Largest group size for metric computation is 97
Sep 02 09:10:22 INFO >> Starting harmonic distance metric computation
Sep 02 09:10:23 INFO >> Finished harmonic distance metric computation
Sep 02 09:10:23 INFO >> Starting DBSCAN
Sep 02 09:10:23 INFO >> Finished DBSCAN
Sep 02 09:10:23 INFO >> Clusters found: 76
Sep 02 09:10:23 INFO >> Filtered 32 clusters below or equal 2 DM.
Sep 02 09:10:23 INFO >> Total number of candidate clusters=1
Sep 02 09:10:23 INFO >> Candidate Processor of stack (315.95 49.23)
Sep 02 09:10:23 INFO >> Making SinglePointingCandidates from a list of 1 PowerSpectraDetectionClusters
Sep 02 09:10:25 INFO >> saved candidates to ./results//injections/315.95_49.23_cumulative_power_spectra_stack_20220627_11_tpa.yml_(185,)_candidates.npz
Sep 02 09:10:25 INFO >> Injected Pulsars:     1
Sep 02 09:10:25 INFO >> Injection Candidates: 1
Sep 02 09:10:25 INFO >> Recovered Injections: 1
Sep 02 09:10:25 INFO >> 1 candidates.
Sep 02 09:10:25 INFO >> Best candidate: F0: 13.632 DM: 62.44 Sigma: 10.56
Sep 02 09:10:26 INFO >> Unlinked shared memory for cumulative stack.
Sep 02 09:10:27 INFO >> Pipeline execution time: 2.06 minutes
