Sep 02 09:46:05 INFO >> {"message": "Waiting for suitable server to become available", "selector": "Primary()", "operation": "find", "topologyDescription": "<TopologyDescription id: 66d5895dd6023724a9bf8ab1, topology_type: Unknown, servers: [<ServerDescription ('localhost', 27017) server_type: Unknown, rtt: None>]>", "clientId": {"$oid": "66d5895dd6023724a9bf8ab1"}, "remainingTimeMS": 29}
Sep 02 09:46:05 INFO >> Features initialized as the following:
Sep 02 09:46:05 INFO >> num_unique_dms
Sep 02 09:46:05 INFO >> num_unique_freqs
Sep 02 09:46:05 INFO >> ndetections
Sep 02 09:46:05 INFO >> nharm
Sep 02 09:46:05 INFO >> log_p_dm
Sep 02 09:46:05 INFO >> ['dm_sigma_FitGaussWidth_gauss_sigma', 'dm_sigma_FitGaussWidth_gauss_sigma_rel_err', 'dm_sigma_FitGaussWidth_ndof', 'dm_sigma_FitGaussWidth_rms_err']
Sep 02 09:46:05 INFO >> ['dm_sigma_FitGauss_amplitude', 'dm_sigma_FitGauss_mu', 'dm_sigma_FitGauss_gauss_sigma', 'dm_sigma_FitGauss_amplitude_rel_err', 'dm_sigma_FitGauss_mu_rel_err', 'dm_sigma_FitGauss_gauss_sigma_rel_err', 'dm_sigma_FitGauss_amplitude-detection', 'dm_sigma_FitGauss_mu-detection', 'dm_sigma_FitGauss_ndof', 'dm_sigma_FitGauss_rms_err']
Sep 02 09:46:05 INFO >> ['freq_sigma_FitGaussWidth_gauss_sigma', 'freq_sigma_FitGaussWidth_gauss_sigma_rel_err', 'freq_sigma_FitGaussWidth_ndof', 'freq_sigma_FitGaussWidth_rms_err']
Sep 02 09:46:05 INFO >> ['freq_sigma_FitGauss_amplitude', 'freq_sigma_FitGauss_mu', 'freq_sigma_FitGauss_gauss_sigma', 'freq_sigma_FitGauss_amplitude_rel_err', 'freq_sigma_FitGauss_mu_rel_err', 'freq_sigma_FitGauss_gauss_sigma_rel_err', 'freq_sigma_FitGauss_amplitude-detection', 'freq_sigma_FitGauss_mu-detection', 'freq_sigma_FitGauss_ndof', 'freq_sigma_FitGauss_rms_err']
Sep 02 09:46:05 INFO >> Performing searching on cumulative stack 315.95 49.23
Sep 02 09:46:05 INFO >> Loading the cumulative power spectra stack to search
Sep 02 09:47:03 INFO >> DM: 108.61617554493245
Sep 02 09:47:03 INFO >> sigma: 11.706202288473634
Sep 02 09:47:03 INFO >> frequency: 90.61066969036175
Sep 02 09:47:03 INFO >> Injecting 5 harmonics.
Sep 02 09:47:03 INFO >> Starting DM: 107.4722049597786
Sep 02 09:47:03 INFO >> Stopping DM: 109.79975742124273
Sep 02 09:47:03 INFO >> Expected detection at 9.44 sigma with 4 harmonics.
Sep 02 09:47:17 INFO >> Start searching 6558 dm trials using 32 harmonics.
Sep 02 09:47:22 INFO >> Moved power spectra to shared memory.
Sep 02 09:47:22 INFO >> Number of dm trials in single multi processing job: 10
Sep 02 09:48:03 INFO >> Total number of detections=15578
Sep 02 09:48:03 INFO >> Clustering the detections
Sep 02 09:48:03 INFO >> Starting clustering
Sep 02 09:48:03 INFO >> Rogue harmonic power filter reduced detections from 15578 to 8520
Sep 02 09:48:03 INFO >> Filtering out duplicate freq,dm detections at multiple nharms removes 787 detections
Sep 02 09:48:03 INFO >> Duplicate freq,dm filter reduced detections to 7733
Sep 02 09:48:03 INFO >> Number of detections over threshold sigma (6.0): 7733
Sep 02 09:48:03 INFO >> Grouping duplicate frequencies together first
Sep 02 09:48:03 INFO >> Grouping duplicate frequencies removed 7214 detections from the harmonic metric computation
Sep 02 09:48:03 INFO >> Starting freq-DM distance metric computation
Sep 02 09:48:03 INFO >> Finished freq-DM distance metric computation
Sep 02 09:48:04 INFO >> Largest group size for metric computation is 97
Sep 02 09:48:04 INFO >> Starting harmonic distance metric computation
Sep 02 09:48:04 INFO >> Finished harmonic distance metric computation
Sep 02 09:48:04 INFO >> Starting DBSCAN
Sep 02 09:48:05 INFO >> Finished DBSCAN
Sep 02 09:48:05 INFO >> Clusters found: 75
Sep 02 09:48:05 INFO >> Filtered 32 clusters below or equal 2 DM.
Sep 02 09:48:05 INFO >> Total number of candidate clusters=0
Sep 02 09:48:05 INFO >> Candidate Processor of stack (315.95 49.23)
Sep 02 09:48:05 INFO >> Making SinglePointingCandidates from a list of 0 PowerSpectraDetectionClusters
Sep 02 09:48:07 INFO >> saved candidates to ./results//injections/315.95_49.23_cumulative_power_spectra_stack_20220627_11_tpa.yml_(203,)_candidates.npz
Sep 02 09:48:07 INFO >> Injected Pulsars:     1
Sep 02 09:48:07 INFO >> Injection Candidates: 0
Sep 02 09:48:07 INFO >> Recovered Injections: 0
Sep 02 09:48:07 INFO >> 0 candidates.
Sep 02 09:48:08 INFO >> Unlinked shared memory for cumulative stack.
Sep 02 09:48:08 INFO >> Pipeline execution time: 2.06 minutes
