Sep 02 14:57:54 INFO >> {"message": "Waiting for suitable server to become available", "selector": "Primary()", "operation": "find", "topologyDescription": "<TopologyDescription id: 66d5d27248ec7a9ef9fb1d4a, topology_type: Unknown, servers: [<ServerDescription ('localhost', 27017) server_type: Unknown, rtt: None>]>", "clientId": {"$oid": "66d5d27248ec7a9ef9fb1d4a"}, "remainingTimeMS": 29}
Sep 02 14:57:54 INFO >> Features initialized as the following:
Sep 02 14:57:54 INFO >> num_unique_dms
Sep 02 14:57:54 INFO >> num_unique_freqs
Sep 02 14:57:54 INFO >> ndetections
Sep 02 14:57:54 INFO >> nharm
Sep 02 14:57:54 INFO >> log_p_dm
Sep 02 14:57:54 INFO >> ['dm_sigma_FitGaussWidth_gauss_sigma', 'dm_sigma_FitGaussWidth_gauss_sigma_rel_err', 'dm_sigma_FitGaussWidth_ndof', 'dm_sigma_FitGaussWidth_rms_err']
Sep 02 14:57:54 INFO >> ['dm_sigma_FitGauss_amplitude', 'dm_sigma_FitGauss_mu', 'dm_sigma_FitGauss_gauss_sigma', 'dm_sigma_FitGauss_amplitude_rel_err', 'dm_sigma_FitGauss_mu_rel_err', 'dm_sigma_FitGauss_gauss_sigma_rel_err', 'dm_sigma_FitGauss_amplitude-detection', 'dm_sigma_FitGauss_mu-detection', 'dm_sigma_FitGauss_ndof', 'dm_sigma_FitGauss_rms_err']
Sep 02 14:57:54 INFO >> ['freq_sigma_FitGaussWidth_gauss_sigma', 'freq_sigma_FitGaussWidth_gauss_sigma_rel_err', 'freq_sigma_FitGaussWidth_ndof', 'freq_sigma_FitGaussWidth_rms_err']
Sep 02 14:57:54 INFO >> ['freq_sigma_FitGauss_amplitude', 'freq_sigma_FitGauss_mu', 'freq_sigma_FitGauss_gauss_sigma', 'freq_sigma_FitGauss_amplitude_rel_err', 'freq_sigma_FitGauss_mu_rel_err', 'freq_sigma_FitGauss_gauss_sigma_rel_err', 'freq_sigma_FitGauss_amplitude-detection', 'freq_sigma_FitGauss_mu-detection', 'freq_sigma_FitGauss_ndof', 'freq_sigma_FitGauss_rms_err']
Sep 02 14:57:54 INFO >> Performing searching on cumulative stack 315.95 49.23
Sep 02 14:57:54 INFO >> Loading the cumulative power spectra stack to search
Sep 02 14:58:52 INFO >> DM: 76.03677893155769
Sep 02 14:58:52 INFO >> sigma: 11.038672064798591
Sep 02 14:58:52 INFO >> frequency: 40.10264331488362
Sep 02 14:58:52 INFO >> Injecting 12 harmonics.
Sep 02 14:58:52 INFO >> Starting DM: 73.46969943578085
Sep 02 14:58:52 INFO >> Stopping DM: 78.63079402424479
Sep 02 14:58:52 INFO >> Expected detection at 8.89 sigma with 4 harmonics.
Sep 02 14:59:06 INFO >> Start searching 6558 dm trials using 32 harmonics.
Sep 02 14:59:12 INFO >> Moved power spectra to shared memory.
Sep 02 14:59:12 INFO >> Number of dm trials in single multi processing job: 10
Sep 02 14:59:52 INFO >> Total number of detections=15622
Sep 02 14:59:52 INFO >> Clustering the detections
Sep 02 14:59:52 INFO >> Starting clustering
Sep 02 14:59:52 INFO >> Rogue harmonic power filter reduced detections from 15622 to 8564
Sep 02 14:59:52 INFO >> Filtering out duplicate freq,dm detections at multiple nharms removes 804 detections
Sep 02 14:59:52 INFO >> Duplicate freq,dm filter reduced detections to 7760
Sep 02 14:59:52 INFO >> Number of detections over threshold sigma (6.0): 7760
Sep 02 14:59:52 INFO >> Grouping duplicate frequencies together first
Sep 02 14:59:52 INFO >> Grouping duplicate frequencies removed 7234 detections from the harmonic metric computation
Sep 02 14:59:52 INFO >> Starting freq-DM distance metric computation
Sep 02 14:59:52 INFO >> Finished freq-DM distance metric computation
Sep 02 14:59:53 INFO >> Largest group size for metric computation is 97
Sep 02 14:59:53 INFO >> Starting harmonic distance metric computation
Sep 02 14:59:53 INFO >> Finished harmonic distance metric computation
Sep 02 14:59:53 INFO >> Starting DBSCAN
Sep 02 14:59:54 INFO >> Finished DBSCAN
Sep 02 14:59:54 INFO >> Clusters found: 76
Sep 02 14:59:54 INFO >> Filtered 32 clusters below or equal 2 DM.
Sep 02 14:59:54 INFO >> Total number of candidate clusters=1
Sep 02 14:59:54 INFO >> Candidate Processor of stack (315.95 49.23)
Sep 02 14:59:54 INFO >> Making SinglePointingCandidates from a list of 1 PowerSpectraDetectionClusters
Sep 02 14:59:56 INFO >> saved candidates to ./results//injections/315.95_49.23_cumulative_power_spectra_stack_20220627_11_tpa.yml_(352,)_candidates.npz
Sep 02 14:59:56 INFO >> Injected Pulsars:     1
Sep 02 14:59:56 INFO >> Injection Candidates: 1
Sep 02 14:59:56 INFO >> Recovered Injections: 1
Sep 02 14:59:56 INFO >> 1 candidates.
Sep 02 14:59:56 INFO >> Best candidate: F0: 40.103 DM: 76.00 Sigma: 8.81
Sep 02 14:59:57 INFO >> Unlinked shared memory for cumulative stack.
Sep 02 14:59:57 INFO >> Pipeline execution time: 2.05 minutes
