Sep 02 13:02:48 INFO >> {"message": "Waiting for suitable server to become available", "selector": "Primary()", "operation": "find", "topologyDescription": "<TopologyDescription id: 66d5b778100e895fa3a0a248, topology_type: Unknown, servers: [<ServerDescription ('localhost', 27017) server_type: Unknown, rtt: None>]>", "clientId": {"$oid": "66d5b778100e895fa3a0a248"}, "remainingTimeMS": 29}
Sep 02 13:02:48 INFO >> Features initialized as the following:
Sep 02 13:02:48 INFO >> num_unique_dms
Sep 02 13:02:48 INFO >> num_unique_freqs
Sep 02 13:02:48 INFO >> ndetections
Sep 02 13:02:48 INFO >> nharm
Sep 02 13:02:48 INFO >> log_p_dm
Sep 02 13:02:48 INFO >> ['dm_sigma_FitGaussWidth_gauss_sigma', 'dm_sigma_FitGaussWidth_gauss_sigma_rel_err', 'dm_sigma_FitGaussWidth_ndof', 'dm_sigma_FitGaussWidth_rms_err']
Sep 02 13:02:48 INFO >> ['dm_sigma_FitGauss_amplitude', 'dm_sigma_FitGauss_mu', 'dm_sigma_FitGauss_gauss_sigma', 'dm_sigma_FitGauss_amplitude_rel_err', 'dm_sigma_FitGauss_mu_rel_err', 'dm_sigma_FitGauss_gauss_sigma_rel_err', 'dm_sigma_FitGauss_amplitude-detection', 'dm_sigma_FitGauss_mu-detection', 'dm_sigma_FitGauss_ndof', 'dm_sigma_FitGauss_rms_err']
Sep 02 13:02:48 INFO >> ['freq_sigma_FitGaussWidth_gauss_sigma', 'freq_sigma_FitGaussWidth_gauss_sigma_rel_err', 'freq_sigma_FitGaussWidth_ndof', 'freq_sigma_FitGaussWidth_rms_err']
Sep 02 13:02:48 INFO >> ['freq_sigma_FitGauss_amplitude', 'freq_sigma_FitGauss_mu', 'freq_sigma_FitGauss_gauss_sigma', 'freq_sigma_FitGauss_amplitude_rel_err', 'freq_sigma_FitGauss_mu_rel_err', 'freq_sigma_FitGauss_gauss_sigma_rel_err', 'freq_sigma_FitGauss_amplitude-detection', 'freq_sigma_FitGauss_mu-detection', 'freq_sigma_FitGauss_ndof', 'freq_sigma_FitGauss_rms_err']
Sep 02 13:02:49 INFO >> Performing searching on cumulative stack 315.95 49.23
Sep 02 13:02:49 INFO >> Loading the cumulative power spectra stack to search
Sep 02 13:03:45 INFO >> DM: 133.17533243441562
Sep 02 13:03:45 INFO >> sigma: 16.846260761263512
Sep 02 13:03:45 INFO >> frequency: 15.074894145088708
Sep 02 13:03:45 INFO >> Injecting 33 harmonics.
Sep 02 13:03:45 INFO >> Starting DM: 126.39621845081304
Sep 02 13:03:45 INFO >> Stopping DM: 139.95674148716932
Sep 02 13:03:45 INFO >> Expected detection at 14.41 sigma with 16 harmonics.
Sep 02 13:03:59 INFO >> Start searching 6558 dm trials using 32 harmonics.
Sep 02 13:04:05 INFO >> Moved power spectra to shared memory.
Sep 02 13:04:05 INFO >> Number of dm trials in single multi processing job: 10
Sep 02 13:04:46 INFO >> Total number of detections=16089
Sep 02 13:04:46 INFO >> Clustering the detections
Sep 02 13:04:46 INFO >> Starting clustering
Sep 02 13:04:46 INFO >> Rogue harmonic power filter reduced detections from 16089 to 9031
Sep 02 13:04:46 INFO >> Filtering out duplicate freq,dm detections at multiple nharms removes 1007 detections
Sep 02 13:04:46 INFO >> Duplicate freq,dm filter reduced detections to 8024
Sep 02 13:04:46 INFO >> Number of detections over threshold sigma (6.0): 8024
Sep 02 13:04:46 INFO >> Grouping duplicate frequencies together first
Sep 02 13:04:46 INFO >> Grouping duplicate frequencies removed 7463 detections from the harmonic metric computation
Sep 02 13:04:46 INFO >> Starting freq-DM distance metric computation
Sep 02 13:04:46 INFO >> Finished freq-DM distance metric computation
Sep 02 13:04:47 INFO >> Largest group size for metric computation is 97
Sep 02 13:04:47 INFO >> Starting harmonic distance metric computation
Sep 02 13:04:47 INFO >> Finished harmonic distance metric computation
Sep 02 13:04:47 INFO >> Starting DBSCAN
Sep 02 13:04:48 INFO >> Finished DBSCAN
Sep 02 13:04:48 INFO >> Clusters found: 78
Sep 02 13:04:48 INFO >> Filtered 32 clusters below or equal 2 DM.
Sep 02 13:04:48 INFO >> Total number of candidate clusters=3
Sep 02 13:04:48 INFO >> Candidate Processor of stack (315.95 49.23)
Sep 02 13:04:48 INFO >> Making SinglePointingCandidates from a list of 3 PowerSpectraDetectionClusters
Sep 02 13:04:50 INFO >> saved candidates to ./results//injections/315.95_49.23_cumulative_power_spectra_stack_20220627_11_tpa.yml_(297,)_candidates.npz
Sep 02 13:04:50 INFO >> Injected Pulsars:     1
Sep 02 13:04:50 INFO >> Injection Candidates: 3
Sep 02 13:04:50 INFO >> Recovered Injections: 1
Sep 02 13:04:50 INFO >> 3 candidates.
Sep 02 13:04:50 INFO >> Best candidate: F0: 15.075 DM: 133.18 Sigma: 15.42
Sep 02 13:04:52 INFO >> Unlinked shared memory for cumulative stack.
Sep 02 13:04:52 INFO >> Pipeline execution time: 2.06 minutes
