Sep 02 23:22:19 INFO >> {"message": "Waiting for suitable server to become available", "selector": "Primary()", "operation": "find", "topologyDescription": "<TopologyDescription id: 66d648ab005cf9a729343861, topology_type: Unknown, servers: [<ServerDescription ('localhost', 27017) server_type: Unknown, rtt: None>]>", "clientId": {"$oid": "66d648ab005cf9a729343861"}, "remainingTimeMS": 29}
Sep 02 23:22:19 INFO >> Features initialized as the following:
Sep 02 23:22:19 INFO >> num_unique_dms
Sep 02 23:22:19 INFO >> num_unique_freqs
Sep 02 23:22:19 INFO >> ndetections
Sep 02 23:22:19 INFO >> nharm
Sep 02 23:22:19 INFO >> log_p_dm
Sep 02 23:22:19 INFO >> ['dm_sigma_FitGaussWidth_gauss_sigma', 'dm_sigma_FitGaussWidth_gauss_sigma_rel_err', 'dm_sigma_FitGaussWidth_ndof', 'dm_sigma_FitGaussWidth_rms_err']
Sep 02 23:22:19 INFO >> ['dm_sigma_FitGauss_amplitude', 'dm_sigma_FitGauss_mu', 'dm_sigma_FitGauss_gauss_sigma', 'dm_sigma_FitGauss_amplitude_rel_err', 'dm_sigma_FitGauss_mu_rel_err', 'dm_sigma_FitGauss_gauss_sigma_rel_err', 'dm_sigma_FitGauss_amplitude-detection', 'dm_sigma_FitGauss_mu-detection', 'dm_sigma_FitGauss_ndof', 'dm_sigma_FitGauss_rms_err']
Sep 02 23:22:19 INFO >> ['freq_sigma_FitGaussWidth_gauss_sigma', 'freq_sigma_FitGaussWidth_gauss_sigma_rel_err', 'freq_sigma_FitGaussWidth_ndof', 'freq_sigma_FitGaussWidth_rms_err']
Sep 02 23:22:19 INFO >> ['freq_sigma_FitGauss_amplitude', 'freq_sigma_FitGauss_mu', 'freq_sigma_FitGauss_gauss_sigma', 'freq_sigma_FitGauss_amplitude_rel_err', 'freq_sigma_FitGauss_mu_rel_err', 'freq_sigma_FitGauss_gauss_sigma_rel_err', 'freq_sigma_FitGauss_amplitude-detection', 'freq_sigma_FitGauss_mu-detection', 'freq_sigma_FitGauss_ndof', 'freq_sigma_FitGauss_rms_err']
Sep 02 23:22:20 INFO >> Performing searching on cumulative stack 315.95 49.23
Sep 02 23:22:20 INFO >> Loading the cumulative power spectra stack to search
Sep 02 23:23:17 INFO >> DM: 172.86284915031325
Sep 02 23:23:17 INFO >> sigma: 15.656174516007264
Sep 02 23:23:17 INFO >> frequency: 38.801761510126866
Sep 02 23:23:17 INFO >> Injecting 13 harmonics.
Sep 02 23:23:17 INFO >> Starting DM: 170.21492348620302
Sep 02 23:23:17 INFO >> Stopping DM: 175.4772160077741
Sep 02 23:23:17 INFO >> Expected detection at 11.13 sigma with 8 harmonics.
Sep 02 23:23:31 INFO >> Start searching 6558 dm trials using 32 harmonics.
Sep 02 23:23:37 INFO >> Moved power spectra to shared memory.
Sep 02 23:23:37 INFO >> Number of dm trials in single multi processing job: 10
Sep 02 23:24:18 INFO >> Total number of detections=15605
Sep 02 23:24:18 INFO >> Clustering the detections
Sep 02 23:24:18 INFO >> Starting clustering
Sep 02 23:24:18 INFO >> Rogue harmonic power filter reduced detections from 15605 to 8547
Sep 02 23:24:18 INFO >> Filtering out duplicate freq,dm detections at multiple nharms removes 790 detections
Sep 02 23:24:18 INFO >> Duplicate freq,dm filter reduced detections to 7757
Sep 02 23:24:18 INFO >> Number of detections over threshold sigma (6.0): 7757
Sep 02 23:24:18 INFO >> Grouping duplicate frequencies together first
Sep 02 23:24:18 INFO >> Grouping duplicate frequencies removed 7229 detections from the harmonic metric computation
Sep 02 23:24:18 INFO >> Starting freq-DM distance metric computation
Sep 02 23:24:18 INFO >> Finished freq-DM distance metric computation
Sep 02 23:24:18 INFO >> Largest group size for metric computation is 97
Sep 02 23:24:18 INFO >> Starting harmonic distance metric computation
Sep 02 23:24:19 INFO >> Finished harmonic distance metric computation
Sep 02 23:24:19 INFO >> Starting DBSCAN
Sep 02 23:24:19 INFO >> Finished DBSCAN
Sep 02 23:24:19 INFO >> Clusters found: 76
Sep 02 23:24:19 INFO >> Filtered 32 clusters below or equal 2 DM.
Sep 02 23:24:19 INFO >> Total number of candidate clusters=1
Sep 02 23:24:19 INFO >> Candidate Processor of stack (315.95 49.23)
Sep 02 23:24:19 INFO >> Making SinglePointingCandidates from a list of 1 PowerSpectraDetectionClusters
Sep 02 23:24:21 INFO >> saved candidates to ./results//injections/315.95_49.23_cumulative_power_spectra_stack_20220627_11_tpa.yml_(593,)_candidates.npz
Sep 02 23:24:21 INFO >> Injected Pulsars:     1
Sep 02 23:24:21 INFO >> Injection Candidates: 1
Sep 02 23:24:21 INFO >> Recovered Injections: 1
Sep 02 23:24:21 INFO >> 1 candidates.
Sep 02 23:24:21 INFO >> Best candidate: F0: 38.802 DM: 172.85 Sigma: 11.16
Sep 02 23:24:23 INFO >> Unlinked shared memory for cumulative stack.
Sep 02 23:24:23 INFO >> Pipeline execution time: 2.06 minutes
