Sep 02 04:55:15 INFO >> {"message": "Waiting for suitable server to become available", "selector": "Primary()", "operation": "find", "topologyDescription": "<TopologyDescription id: 66d545337c4008c6448e1503, topology_type: Unknown, servers: [<ServerDescription ('localhost', 27017) server_type: Unknown, rtt: None>]>", "clientId": {"$oid": "66d545337c4008c6448e1503"}, "remainingTimeMS": 29}
Sep 02 04:55:15 INFO >> Features initialized as the following:
Sep 02 04:55:15 INFO >> num_unique_dms
Sep 02 04:55:15 INFO >> num_unique_freqs
Sep 02 04:55:15 INFO >> ndetections
Sep 02 04:55:15 INFO >> nharm
Sep 02 04:55:15 INFO >> log_p_dm
Sep 02 04:55:15 INFO >> ['dm_sigma_FitGaussWidth_gauss_sigma', 'dm_sigma_FitGaussWidth_gauss_sigma_rel_err', 'dm_sigma_FitGaussWidth_ndof', 'dm_sigma_FitGaussWidth_rms_err']
Sep 02 04:55:15 INFO >> ['dm_sigma_FitGauss_amplitude', 'dm_sigma_FitGauss_mu', 'dm_sigma_FitGauss_gauss_sigma', 'dm_sigma_FitGauss_amplitude_rel_err', 'dm_sigma_FitGauss_mu_rel_err', 'dm_sigma_FitGauss_gauss_sigma_rel_err', 'dm_sigma_FitGauss_amplitude-detection', 'dm_sigma_FitGauss_mu-detection', 'dm_sigma_FitGauss_ndof', 'dm_sigma_FitGauss_rms_err']
Sep 02 04:55:15 INFO >> ['freq_sigma_FitGaussWidth_gauss_sigma', 'freq_sigma_FitGaussWidth_gauss_sigma_rel_err', 'freq_sigma_FitGaussWidth_ndof', 'freq_sigma_FitGaussWidth_rms_err']
Sep 02 04:55:15 INFO >> ['freq_sigma_FitGauss_amplitude', 'freq_sigma_FitGauss_mu', 'freq_sigma_FitGauss_gauss_sigma', 'freq_sigma_FitGauss_amplitude_rel_err', 'freq_sigma_FitGauss_mu_rel_err', 'freq_sigma_FitGauss_gauss_sigma_rel_err', 'freq_sigma_FitGauss_amplitude-detection', 'freq_sigma_FitGauss_mu-detection', 'freq_sigma_FitGauss_ndof', 'freq_sigma_FitGauss_rms_err']
Sep 02 04:55:15 INFO >> Performing searching on cumulative stack 315.95 49.23
Sep 02 04:55:15 INFO >> Loading the cumulative power spectra stack to search
Sep 02 04:56:13 INFO >> DM: 192.62642863863488
Sep 02 04:56:13 INFO >> sigma: 11.067796350208717
Sep 02 04:56:13 INFO >> frequency: 57.971215001796864
Sep 02 04:56:13 INFO >> Injecting 8 harmonics.
Sep 02 04:56:13 INFO >> Starting DM: 190.85930184005878
Sep 02 04:56:13 INFO >> Stopping DM: 194.40122949880856
Sep 02 04:56:13 INFO >> Expected detection at 7.51 sigma with 8 harmonics.
Sep 02 04:56:27 INFO >> Start searching 6558 dm trials using 32 harmonics.
Sep 02 04:56:33 INFO >> Moved power spectra to shared memory.
Sep 02 04:56:33 INFO >> Number of dm trials in single multi processing job: 10
Sep 02 04:57:13 INFO >> Total number of detections=15582
Sep 02 04:57:13 INFO >> Clustering the detections
Sep 02 04:57:13 INFO >> Starting clustering
Sep 02 04:57:13 INFO >> Rogue harmonic power filter reduced detections from 15582 to 8524
Sep 02 04:57:13 INFO >> Filtering out duplicate freq,dm detections at multiple nharms removes 789 detections
Sep 02 04:57:13 INFO >> Duplicate freq,dm filter reduced detections to 7735
Sep 02 04:57:13 INFO >> Number of detections over threshold sigma (6.0): 7735
Sep 02 04:57:13 INFO >> Grouping duplicate frequencies together first
Sep 02 04:57:13 INFO >> Grouping duplicate frequencies removed 7215 detections from the harmonic metric computation
Sep 02 04:57:13 INFO >> Starting freq-DM distance metric computation
Sep 02 04:57:13 INFO >> Finished freq-DM distance metric computation
Sep 02 04:57:14 INFO >> Largest group size for metric computation is 97
Sep 02 04:57:14 INFO >> Starting harmonic distance metric computation
Sep 02 04:57:14 INFO >> Finished harmonic distance metric computation
Sep 02 04:57:14 INFO >> Starting DBSCAN
Sep 02 04:57:15 INFO >> Finished DBSCAN
Sep 02 04:57:15 INFO >> Clusters found: 75
Sep 02 04:57:15 INFO >> Filtered 32 clusters below or equal 2 DM.
Sep 02 04:57:15 INFO >> Total number of candidate clusters=0
Sep 02 04:57:15 INFO >> Candidate Processor of stack (315.95 49.23)
Sep 02 04:57:15 INFO >> Making SinglePointingCandidates from a list of 0 PowerSpectraDetectionClusters
Sep 02 04:57:17 INFO >> saved candidates to ./results//injections/315.95_49.23_cumulative_power_spectra_stack_20220627_11_tpa.yml_(64,)_candidates.npz
Sep 02 04:57:17 INFO >> Injected Pulsars:     1
Sep 02 04:57:17 INFO >> Injection Candidates: 0
Sep 02 04:57:17 INFO >> Recovered Injections: 0
Sep 02 04:57:17 INFO >> 0 candidates.
Sep 02 04:57:18 INFO >> Unlinked shared memory for cumulative stack.
Sep 02 04:57:18 INFO >> Pipeline execution time: 2.05 minutes
