Sep 02 12:20:57 INFO >> {"message": "Waiting for suitable server to become available", "selector": "Primary()", "operation": "find", "topologyDescription": "<TopologyDescription id: 66d5ada9260c9c4a182f0e10, topology_type: Unknown, servers: [<ServerDescription ('localhost', 27017) server_type: Unknown, rtt: None>]>", "clientId": {"$oid": "66d5ada9260c9c4a182f0e10"}, "remainingTimeMS": 29}
Sep 02 12:20:57 INFO >> Features initialized as the following:
Sep 02 12:20:57 INFO >> num_unique_dms
Sep 02 12:20:57 INFO >> num_unique_freqs
Sep 02 12:20:57 INFO >> ndetections
Sep 02 12:20:57 INFO >> nharm
Sep 02 12:20:57 INFO >> log_p_dm
Sep 02 12:20:57 INFO >> ['dm_sigma_FitGaussWidth_gauss_sigma', 'dm_sigma_FitGaussWidth_gauss_sigma_rel_err', 'dm_sigma_FitGaussWidth_ndof', 'dm_sigma_FitGaussWidth_rms_err']
Sep 02 12:20:57 INFO >> ['dm_sigma_FitGauss_amplitude', 'dm_sigma_FitGauss_mu', 'dm_sigma_FitGauss_gauss_sigma', 'dm_sigma_FitGauss_amplitude_rel_err', 'dm_sigma_FitGauss_mu_rel_err', 'dm_sigma_FitGauss_gauss_sigma_rel_err', 'dm_sigma_FitGauss_amplitude-detection', 'dm_sigma_FitGauss_mu-detection', 'dm_sigma_FitGauss_ndof', 'dm_sigma_FitGauss_rms_err']
Sep 02 12:20:57 INFO >> ['freq_sigma_FitGaussWidth_gauss_sigma', 'freq_sigma_FitGaussWidth_gauss_sigma_rel_err', 'freq_sigma_FitGaussWidth_ndof', 'freq_sigma_FitGaussWidth_rms_err']
Sep 02 12:20:57 INFO >> ['freq_sigma_FitGauss_amplitude', 'freq_sigma_FitGauss_mu', 'freq_sigma_FitGauss_gauss_sigma', 'freq_sigma_FitGauss_amplitude_rel_err', 'freq_sigma_FitGauss_mu_rel_err', 'freq_sigma_FitGauss_gauss_sigma_rel_err', 'freq_sigma_FitGauss_amplitude-detection', 'freq_sigma_FitGauss_mu-detection', 'freq_sigma_FitGauss_ndof', 'freq_sigma_FitGauss_rms_err']
Sep 02 12:20:57 INFO >> Performing searching on cumulative stack 315.95 49.23
Sep 02 12:20:57 INFO >> Loading the cumulative power spectra stack to search
Sep 02 12:21:54 INFO >> DM: 143.20498941480142
Sep 02 12:21:54 INFO >> sigma: 15.150234521033045
Sep 02 12:21:54 INFO >> frequency: 36.66949073991927
Sep 02 12:21:54 INFO >> Injecting 13 harmonics.
Sep 02 12:21:54 INFO >> Starting DM: 140.36153321959785
Sep 02 12:21:54 INFO >> Stopping DM: 146.02861747359745
Sep 02 12:21:54 INFO >> Expected detection at 13.00 sigma with 8 harmonics.
Sep 02 12:22:08 INFO >> Start searching 6558 dm trials using 32 harmonics.
Sep 02 12:22:14 INFO >> Moved power spectra to shared memory.
Sep 02 12:22:14 INFO >> Number of dm trials in single multi processing job: 10
Sep 02 12:22:54 INFO >> Total number of detections=15641
Sep 02 12:22:54 INFO >> Clustering the detections
Sep 02 12:22:54 INFO >> Starting clustering
Sep 02 12:22:54 INFO >> Rogue harmonic power filter reduced detections from 15641 to 8583
Sep 02 12:22:54 INFO >> Filtering out duplicate freq,dm detections at multiple nharms removes 803 detections
Sep 02 12:22:54 INFO >> Duplicate freq,dm filter reduced detections to 7780
Sep 02 12:22:54 INFO >> Number of detections over threshold sigma (6.0): 7780
Sep 02 12:22:54 INFO >> Grouping duplicate frequencies together first
Sep 02 12:22:54 INFO >> Grouping duplicate frequencies removed 7246 detections from the harmonic metric computation
Sep 02 12:22:54 INFO >> Starting freq-DM distance metric computation
Sep 02 12:22:55 INFO >> Finished freq-DM distance metric computation
Sep 02 12:22:55 INFO >> Largest group size for metric computation is 97
Sep 02 12:22:55 INFO >> Starting harmonic distance metric computation
Sep 02 12:22:56 INFO >> Finished harmonic distance metric computation
Sep 02 12:22:56 INFO >> Starting DBSCAN
Sep 02 12:22:56 INFO >> Finished DBSCAN
Sep 02 12:22:56 INFO >> Clusters found: 76
Sep 02 12:22:56 INFO >> Filtered 32 clusters below or equal 2 DM.
Sep 02 12:22:56 INFO >> Total number of candidate clusters=1
Sep 02 12:22:56 INFO >> Candidate Processor of stack (315.95 49.23)
Sep 02 12:22:56 INFO >> Making SinglePointingCandidates from a list of 1 PowerSpectraDetectionClusters
Sep 02 12:22:58 INFO >> saved candidates to ./results//injections/315.95_49.23_cumulative_power_spectra_stack_20220627_11_tpa.yml_(277,)_candidates.npz
Sep 02 12:22:58 INFO >> Injected Pulsars:     1
Sep 02 12:22:58 INFO >> Injection Candidates: 1
Sep 02 12:22:58 INFO >> Recovered Injections: 1
Sep 02 12:22:58 INFO >> 1 candidates.
Sep 02 12:22:58 INFO >> Best candidate: F0: 36.669 DM: 143.20 Sigma: 13.84
Sep 02 12:22:59 INFO >> Unlinked shared memory for cumulative stack.
Sep 02 12:22:59 INFO >> Pipeline execution time: 2.04 minutes
