Sep 02 08:01:28 INFO >> {"message": "Waiting for suitable server to become available", "selector": "Primary()", "operation": "find", "topologyDescription": "<TopologyDescription id: 66d570d8692cda53171e1782, topology_type: Unknown, servers: [<ServerDescription ('localhost', 27017) server_type: Unknown, rtt: None>]>", "clientId": {"$oid": "66d570d8692cda53171e1782"}, "remainingTimeMS": 29}
Sep 02 08:01:28 INFO >> Features initialized as the following:
Sep 02 08:01:28 INFO >> num_unique_dms
Sep 02 08:01:28 INFO >> num_unique_freqs
Sep 02 08:01:28 INFO >> ndetections
Sep 02 08:01:28 INFO >> nharm
Sep 02 08:01:28 INFO >> log_p_dm
Sep 02 08:01:28 INFO >> ['dm_sigma_FitGaussWidth_gauss_sigma', 'dm_sigma_FitGaussWidth_gauss_sigma_rel_err', 'dm_sigma_FitGaussWidth_ndof', 'dm_sigma_FitGaussWidth_rms_err']
Sep 02 08:01:28 INFO >> ['dm_sigma_FitGauss_amplitude', 'dm_sigma_FitGauss_mu', 'dm_sigma_FitGauss_gauss_sigma', 'dm_sigma_FitGauss_amplitude_rel_err', 'dm_sigma_FitGauss_mu_rel_err', 'dm_sigma_FitGauss_gauss_sigma_rel_err', 'dm_sigma_FitGauss_amplitude-detection', 'dm_sigma_FitGauss_mu-detection', 'dm_sigma_FitGauss_ndof', 'dm_sigma_FitGauss_rms_err']
Sep 02 08:01:28 INFO >> ['freq_sigma_FitGaussWidth_gauss_sigma', 'freq_sigma_FitGaussWidth_gauss_sigma_rel_err', 'freq_sigma_FitGaussWidth_ndof', 'freq_sigma_FitGaussWidth_rms_err']
Sep 02 08:01:28 INFO >> ['freq_sigma_FitGauss_amplitude', 'freq_sigma_FitGauss_mu', 'freq_sigma_FitGauss_gauss_sigma', 'freq_sigma_FitGauss_amplitude_rel_err', 'freq_sigma_FitGauss_mu_rel_err', 'freq_sigma_FitGauss_gauss_sigma_rel_err', 'freq_sigma_FitGauss_amplitude-detection', 'freq_sigma_FitGauss_mu-detection', 'freq_sigma_FitGauss_ndof', 'freq_sigma_FitGauss_rms_err']
Sep 02 08:01:28 INFO >> Performing searching on cumulative stack 315.95 49.23
Sep 02 08:01:28 INFO >> Loading the cumulative power spectra stack to search
Sep 02 08:02:26 INFO >> DM: 41.01930070790567
Sep 02 08:02:26 INFO >> sigma: 15.612982265939454
Sep 02 08:02:26 INFO >> frequency: 75.76247293902591
Sep 02 08:02:26 INFO >> Injecting 6 harmonics.
Sep 02 08:02:26 INFO >> Starting DM: 39.66958977799737
Sep 02 08:02:26 INFO >> Stopping DM: 42.401933971890045
Sep 02 08:02:26 INFO >> Expected detection at 8.75 sigma with 4 harmonics.
Sep 02 08:02:40 INFO >> Start searching 6558 dm trials using 32 harmonics.
Sep 02 08:02:45 INFO >> Moved power spectra to shared memory.
Sep 02 08:02:45 INFO >> Number of dm trials in single multi processing job: 10
Sep 02 08:03:26 INFO >> Total number of detections=15597
Sep 02 08:03:26 INFO >> Clustering the detections
Sep 02 08:03:26 INFO >> Starting clustering
Sep 02 08:03:26 INFO >> Rogue harmonic power filter reduced detections from 15597 to 8539
Sep 02 08:03:26 INFO >> Filtering out duplicate freq,dm detections at multiple nharms removes 792 detections
Sep 02 08:03:26 INFO >> Duplicate freq,dm filter reduced detections to 7747
Sep 02 08:03:26 INFO >> Number of detections over threshold sigma (6.0): 7747
Sep 02 08:03:26 INFO >> Grouping duplicate frequencies together first
Sep 02 08:03:26 INFO >> Grouping duplicate frequencies removed 7217 detections from the harmonic metric computation
Sep 02 08:03:26 INFO >> Starting freq-DM distance metric computation
Sep 02 08:03:26 INFO >> Finished freq-DM distance metric computation
Sep 02 08:03:26 INFO >> Largest group size for metric computation is 109
Sep 02 08:03:26 INFO >> Starting harmonic distance metric computation
Sep 02 08:03:27 INFO >> Finished harmonic distance metric computation
Sep 02 08:03:27 INFO >> Starting DBSCAN
Sep 02 08:03:27 INFO >> Finished DBSCAN
Sep 02 08:03:27 INFO >> Clusters found: 76
Sep 02 08:03:27 INFO >> Filtered 32 clusters below or equal 2 DM.
Sep 02 08:03:27 INFO >> Total number of candidate clusters=1
Sep 02 08:03:27 INFO >> Candidate Processor of stack (315.95 49.23)
Sep 02 08:03:27 INFO >> Making SinglePointingCandidates from a list of 1 PowerSpectraDetectionClusters
Sep 02 08:03:29 INFO >> saved candidates to ./results//injections/315.95_49.23_cumulative_power_spectra_stack_20220627_11_tpa.yml_(153,)_candidates.npz
Sep 02 08:03:29 INFO >> Injected Pulsars:     1
Sep 02 08:03:29 INFO >> Injection Candidates: 1
Sep 02 08:03:29 INFO >> Recovered Injections: 1
Sep 02 08:03:29 INFO >> 1 candidates.
Sep 02 08:03:29 INFO >> Best candidate: F0: 75.763 DM: 40.99 Sigma: 9.34
Sep 02 08:03:31 INFO >> Unlinked shared memory for cumulative stack.
Sep 02 08:03:31 INFO >> Pipeline execution time: 2.05 minutes
