Sep 02 18:35:39 INFO >> {"message": "Waiting for suitable server to become available", "selector": "Primary()", "operation": "find", "topologyDescription": "<TopologyDescription id: 66d6057b4aafba0c5174a286, topology_type: Unknown, servers: [<ServerDescription ('localhost', 27017) server_type: Unknown, rtt: None>]>", "clientId": {"$oid": "66d6057b4aafba0c5174a286"}, "remainingTimeMS": 29}
Sep 02 18:35:39 INFO >> Features initialized as the following:
Sep 02 18:35:39 INFO >> num_unique_dms
Sep 02 18:35:39 INFO >> num_unique_freqs
Sep 02 18:35:39 INFO >> ndetections
Sep 02 18:35:39 INFO >> nharm
Sep 02 18:35:39 INFO >> log_p_dm
Sep 02 18:35:39 INFO >> ['dm_sigma_FitGaussWidth_gauss_sigma', 'dm_sigma_FitGaussWidth_gauss_sigma_rel_err', 'dm_sigma_FitGaussWidth_ndof', 'dm_sigma_FitGaussWidth_rms_err']
Sep 02 18:35:39 INFO >> ['dm_sigma_FitGauss_amplitude', 'dm_sigma_FitGauss_mu', 'dm_sigma_FitGauss_gauss_sigma', 'dm_sigma_FitGauss_amplitude_rel_err', 'dm_sigma_FitGauss_mu_rel_err', 'dm_sigma_FitGauss_gauss_sigma_rel_err', 'dm_sigma_FitGauss_amplitude-detection', 'dm_sigma_FitGauss_mu-detection', 'dm_sigma_FitGauss_ndof', 'dm_sigma_FitGauss_rms_err']
Sep 02 18:35:39 INFO >> ['freq_sigma_FitGaussWidth_gauss_sigma', 'freq_sigma_FitGaussWidth_gauss_sigma_rel_err', 'freq_sigma_FitGaussWidth_ndof', 'freq_sigma_FitGaussWidth_rms_err']
Sep 02 18:35:39 INFO >> ['freq_sigma_FitGauss_amplitude', 'freq_sigma_FitGauss_mu', 'freq_sigma_FitGauss_gauss_sigma', 'freq_sigma_FitGauss_amplitude_rel_err', 'freq_sigma_FitGauss_mu_rel_err', 'freq_sigma_FitGauss_gauss_sigma_rel_err', 'freq_sigma_FitGauss_amplitude-detection', 'freq_sigma_FitGauss_mu-detection', 'freq_sigma_FitGauss_ndof', 'freq_sigma_FitGauss_rms_err']
Sep 02 18:35:39 INFO >> Performing searching on cumulative stack 315.95 49.23
Sep 02 18:35:39 INFO >> Loading the cumulative power spectra stack to search
Sep 02 18:36:36 INFO >> DM: 32.86912851589128
Sep 02 18:36:36 INFO >> sigma: 11.044296411630617
Sep 02 18:36:36 INFO >> frequency: 32.6890343979681
Sep 02 18:36:36 INFO >> Injecting 15 harmonics.
Sep 02 18:36:36 INFO >> Starting DM: 29.752192333498026
Sep 02 18:36:36 INFO >> Stopping DM: 36.02646418614047
Sep 02 18:36:36 INFO >> Expected detection at 10.14 sigma with 8 harmonics.
Sep 02 18:36:50 INFO >> Start searching 6558 dm trials using 32 harmonics.
Sep 02 18:36:56 INFO >> Moved power spectra to shared memory.
Sep 02 18:36:56 INFO >> Number of dm trials in single multi processing job: 10
Sep 02 18:37:36 INFO >> Total number of detections=15590
Sep 02 18:37:36 INFO >> Clustering the detections
Sep 02 18:37:36 INFO >> Starting clustering
Sep 02 18:37:36 INFO >> Rogue harmonic power filter reduced detections from 15590 to 8532
Sep 02 18:37:36 INFO >> Filtering out duplicate freq,dm detections at multiple nharms removes 789 detections
Sep 02 18:37:36 INFO >> Duplicate freq,dm filter reduced detections to 7743
Sep 02 18:37:36 INFO >> Number of detections over threshold sigma (6.0): 7743
Sep 02 18:37:36 INFO >> Grouping duplicate frequencies together first
Sep 02 18:37:36 INFO >> Grouping duplicate frequencies removed 7219 detections from the harmonic metric computation
Sep 02 18:37:36 INFO >> Starting freq-DM distance metric computation
Sep 02 18:37:37 INFO >> Finished freq-DM distance metric computation
Sep 02 18:37:37 INFO >> Largest group size for metric computation is 97
Sep 02 18:37:37 INFO >> Starting harmonic distance metric computation
Sep 02 18:37:38 INFO >> Finished harmonic distance metric computation
Sep 02 18:37:38 INFO >> Starting DBSCAN
Sep 02 18:37:38 INFO >> Finished DBSCAN
Sep 02 18:37:38 INFO >> Clusters found: 76
Sep 02 18:37:38 INFO >> Filtered 32 clusters below or equal 2 DM.
Sep 02 18:37:38 INFO >> Total number of candidate clusters=1
Sep 02 18:37:38 INFO >> Candidate Processor of stack (315.95 49.23)
Sep 02 18:37:38 INFO >> Making SinglePointingCandidates from a list of 1 PowerSpectraDetectionClusters
Sep 02 18:37:40 INFO >> saved candidates to ./results//injections/315.95_49.23_cumulative_power_spectra_stack_20220627_11_tpa.yml_(456,)_candidates.npz
Sep 02 18:37:40 INFO >> Injected Pulsars:     1
Sep 02 18:37:40 INFO >> Injection Candidates: 1
Sep 02 18:37:40 INFO >> Recovered Injections: 1
Sep 02 18:37:40 INFO >> 1 candidates.
Sep 02 18:37:40 INFO >> Best candidate: F0: 32.689 DM: 32.89 Sigma: 10.05
Sep 02 18:37:41 INFO >> Unlinked shared memory for cumulative stack.
Sep 02 18:37:41 INFO >> Pipeline execution time: 2.04 minutes
