Sep 02 18:29:20 INFO >> {"message": "Waiting for suitable server to become available", "selector": "Primary()", "operation": "find", "topologyDescription": "<TopologyDescription id: 66d604004fbd53c50e7fd55c, topology_type: Unknown, servers: [<ServerDescription ('localhost', 27017) server_type: Unknown, rtt: None>]>", "clientId": {"$oid": "66d604004fbd53c50e7fd55c"}, "remainingTimeMS": 29}
Sep 02 18:29:21 INFO >> Features initialized as the following:
Sep 02 18:29:21 INFO >> num_unique_dms
Sep 02 18:29:21 INFO >> num_unique_freqs
Sep 02 18:29:21 INFO >> ndetections
Sep 02 18:29:21 INFO >> nharm
Sep 02 18:29:21 INFO >> log_p_dm
Sep 02 18:29:21 INFO >> ['dm_sigma_FitGaussWidth_gauss_sigma', 'dm_sigma_FitGaussWidth_gauss_sigma_rel_err', 'dm_sigma_FitGaussWidth_ndof', 'dm_sigma_FitGaussWidth_rms_err']
Sep 02 18:29:21 INFO >> ['dm_sigma_FitGauss_amplitude', 'dm_sigma_FitGauss_mu', 'dm_sigma_FitGauss_gauss_sigma', 'dm_sigma_FitGauss_amplitude_rel_err', 'dm_sigma_FitGauss_mu_rel_err', 'dm_sigma_FitGauss_gauss_sigma_rel_err', 'dm_sigma_FitGauss_amplitude-detection', 'dm_sigma_FitGauss_mu-detection', 'dm_sigma_FitGauss_ndof', 'dm_sigma_FitGauss_rms_err']
Sep 02 18:29:21 INFO >> ['freq_sigma_FitGaussWidth_gauss_sigma', 'freq_sigma_FitGaussWidth_gauss_sigma_rel_err', 'freq_sigma_FitGaussWidth_ndof', 'freq_sigma_FitGaussWidth_rms_err']
Sep 02 18:29:21 INFO >> ['freq_sigma_FitGauss_amplitude', 'freq_sigma_FitGauss_mu', 'freq_sigma_FitGauss_gauss_sigma', 'freq_sigma_FitGauss_amplitude_rel_err', 'freq_sigma_FitGauss_mu_rel_err', 'freq_sigma_FitGauss_gauss_sigma_rel_err', 'freq_sigma_FitGauss_amplitude-detection', 'freq_sigma_FitGauss_mu-detection', 'freq_sigma_FitGauss_ndof', 'freq_sigma_FitGauss_rms_err']
Sep 02 18:29:21 INFO >> Performing searching on cumulative stack 315.95 49.23
Sep 02 18:29:21 INFO >> Loading the cumulative power spectra stack to search
Sep 02 18:30:18 INFO >> DM: 20.039002332228023
Sep 02 18:30:18 INFO >> sigma: 14.353161338175669
Sep 02 18:30:18 INFO >> frequency: 92.6728228674165
Sep 02 18:30:18 INFO >> Injecting 5 harmonics.
Sep 02 18:30:18 INFO >> Starting DM: 18.92401349103446
Sep 02 18:30:18 INFO >> Stopping DM: 21.150368019391458
Sep 02 18:30:18 INFO >> Expected detection at 9.47 sigma with 4 harmonics.
Sep 02 18:30:32 INFO >> Start searching 6558 dm trials using 32 harmonics.
Sep 02 18:30:38 INFO >> Moved power spectra to shared memory.
Sep 02 18:30:38 INFO >> Number of dm trials in single multi processing job: 10
Sep 02 18:31:19 INFO >> Total number of detections=15595
Sep 02 18:31:19 INFO >> Clustering the detections
Sep 02 18:31:19 INFO >> Starting clustering
Sep 02 18:31:19 INFO >> Rogue harmonic power filter reduced detections from 15595 to 8537
Sep 02 18:31:19 INFO >> Filtering out duplicate freq,dm detections at multiple nharms removes 793 detections
Sep 02 18:31:19 INFO >> Duplicate freq,dm filter reduced detections to 7744
Sep 02 18:31:19 INFO >> Number of detections over threshold sigma (6.0): 7744
Sep 02 18:31:19 INFO >> Grouping duplicate frequencies together first
Sep 02 18:31:19 INFO >> Grouping duplicate frequencies removed 7217 detections from the harmonic metric computation
Sep 02 18:31:19 INFO >> Starting freq-DM distance metric computation
Sep 02 18:31:20 INFO >> Finished freq-DM distance metric computation
Sep 02 18:31:20 INFO >> Largest group size for metric computation is 97
Sep 02 18:31:20 INFO >> Starting harmonic distance metric computation
Sep 02 18:31:21 INFO >> Finished harmonic distance metric computation
Sep 02 18:31:21 INFO >> Starting DBSCAN
Sep 02 18:31:21 INFO >> Finished DBSCAN
Sep 02 18:31:21 INFO >> Clusters found: 76
Sep 02 18:31:21 INFO >> Filtered 32 clusters below or equal 2 DM.
Sep 02 18:31:21 INFO >> Total number of candidate clusters=1
Sep 02 18:31:21 INFO >> Candidate Processor of stack (315.95 49.23)
Sep 02 18:31:21 INFO >> Making SinglePointingCandidates from a list of 1 PowerSpectraDetectionClusters
Sep 02 18:31:23 INFO >> saved candidates to ./results//injections/315.95_49.23_cumulative_power_spectra_stack_20220627_11_tpa.yml_(453,)_candidates.npz
Sep 02 18:31:23 INFO >> Injected Pulsars:     1
Sep 02 18:31:23 INFO >> Injection Candidates: 1
Sep 02 18:31:23 INFO >> Recovered Injections: 1
Sep 02 18:31:23 INFO >> 1 candidates.
Sep 02 18:31:23 INFO >> Best candidate: F0: 30.891 DM: 20.04 Sigma: 9.81
Sep 02 18:31:24 INFO >> Unlinked shared memory for cumulative stack.
Sep 02 18:31:24 INFO >> Pipeline execution time: 2.07 minutes
