Sep 02 09:27:13 INFO >> {"message": "Waiting for suitable server to become available", "selector": "Primary()", "operation": "find", "topologyDescription": "<TopologyDescription id: 66d584f1590fe833405afec9, topology_type: Unknown, servers: [<ServerDescription ('localhost', 27017) server_type: Unknown, rtt: None>]>", "clientId": {"$oid": "66d584f1590fe833405afec9"}, "remainingTimeMS": 29}
Sep 02 09:27:13 INFO >> Features initialized as the following:
Sep 02 09:27:13 INFO >> num_unique_dms
Sep 02 09:27:13 INFO >> num_unique_freqs
Sep 02 09:27:13 INFO >> ndetections
Sep 02 09:27:13 INFO >> nharm
Sep 02 09:27:13 INFO >> log_p_dm
Sep 02 09:27:13 INFO >> ['dm_sigma_FitGaussWidth_gauss_sigma', 'dm_sigma_FitGaussWidth_gauss_sigma_rel_err', 'dm_sigma_FitGaussWidth_ndof', 'dm_sigma_FitGaussWidth_rms_err']
Sep 02 09:27:13 INFO >> ['dm_sigma_FitGauss_amplitude', 'dm_sigma_FitGauss_mu', 'dm_sigma_FitGauss_gauss_sigma', 'dm_sigma_FitGauss_amplitude_rel_err', 'dm_sigma_FitGauss_mu_rel_err', 'dm_sigma_FitGauss_gauss_sigma_rel_err', 'dm_sigma_FitGauss_amplitude-detection', 'dm_sigma_FitGauss_mu-detection', 'dm_sigma_FitGauss_ndof', 'dm_sigma_FitGauss_rms_err']
Sep 02 09:27:13 INFO >> ['freq_sigma_FitGaussWidth_gauss_sigma', 'freq_sigma_FitGaussWidth_gauss_sigma_rel_err', 'freq_sigma_FitGaussWidth_ndof', 'freq_sigma_FitGaussWidth_rms_err']
Sep 02 09:27:13 INFO >> ['freq_sigma_FitGauss_amplitude', 'freq_sigma_FitGauss_mu', 'freq_sigma_FitGauss_gauss_sigma', 'freq_sigma_FitGauss_amplitude_rel_err', 'freq_sigma_FitGauss_mu_rel_err', 'freq_sigma_FitGauss_gauss_sigma_rel_err', 'freq_sigma_FitGauss_amplitude-detection', 'freq_sigma_FitGauss_mu-detection', 'freq_sigma_FitGauss_ndof', 'freq_sigma_FitGauss_rms_err']
Sep 02 09:27:14 INFO >> Performing searching on cumulative stack 315.95 49.23
Sep 02 09:27:14 INFO >> Loading the cumulative power spectra stack to search
Sep 02 09:28:11 INFO >> DM: 178.5063061251908
Sep 02 09:28:11 INFO >> sigma: 10.629350120005896
Sep 02 09:28:11 INFO >> frequency: 45.6522413949009
Sep 02 09:28:11 INFO >> Injecting 11 harmonics.
Sep 02 09:28:11 INFO >> Starting DM: 176.28679947263117
Sep 02 09:28:11 INFO >> Stopping DM: 180.73950852934516
Sep 02 09:28:11 INFO >> Expected detection at 10.04 sigma with 8 harmonics.
Sep 02 09:28:25 INFO >> Start searching 6558 dm trials using 32 harmonics.
Sep 02 09:28:31 INFO >> Moved power spectra to shared memory.
Sep 02 09:28:31 INFO >> Number of dm trials in single multi processing job: 10
Sep 02 09:29:12 INFO >> Total number of detections=15591
Sep 02 09:29:12 INFO >> Clustering the detections
Sep 02 09:29:12 INFO >> Starting clustering
Sep 02 09:29:12 INFO >> Rogue harmonic power filter reduced detections from 15591 to 8533
Sep 02 09:29:12 INFO >> Filtering out duplicate freq,dm detections at multiple nharms removes 792 detections
Sep 02 09:29:12 INFO >> Duplicate freq,dm filter reduced detections to 7741
Sep 02 09:29:12 INFO >> Number of detections over threshold sigma (6.0): 7741
Sep 02 09:29:12 INFO >> Grouping duplicate frequencies together first
Sep 02 09:29:12 INFO >> Grouping duplicate frequencies removed 7217 detections from the harmonic metric computation
Sep 02 09:29:12 INFO >> Starting freq-DM distance metric computation
Sep 02 09:29:12 INFO >> Finished freq-DM distance metric computation
Sep 02 09:29:12 INFO >> Largest group size for metric computation is 97
Sep 02 09:29:12 INFO >> Starting harmonic distance metric computation
Sep 02 09:29:13 INFO >> Finished harmonic distance metric computation
Sep 02 09:29:13 INFO >> Starting DBSCAN
Sep 02 09:29:13 INFO >> Finished DBSCAN
Sep 02 09:29:13 INFO >> Clusters found: 76
Sep 02 09:29:13 INFO >> Filtered 32 clusters below or equal 2 DM.
Sep 02 09:29:13 INFO >> Total number of candidate clusters=1
Sep 02 09:29:13 INFO >> Candidate Processor of stack (315.95 49.23)
Sep 02 09:29:13 INFO >> Making SinglePointingCandidates from a list of 1 PowerSpectraDetectionClusters
Sep 02 09:29:15 INFO >> saved candidates to ./results//injections/315.95_49.23_cumulative_power_spectra_stack_20220627_11_tpa.yml_(194,)_candidates.npz
Sep 02 09:29:15 INFO >> Injected Pulsars:     1
Sep 02 09:29:15 INFO >> Injection Candidates: 1
Sep 02 09:29:15 INFO >> Recovered Injections: 1
Sep 02 09:29:15 INFO >> 1 candidates.
Sep 02 09:29:15 INFO >> Best candidate: F0: 45.652 DM: 178.51 Sigma: 11.00
Sep 02 09:29:17 INFO >> Unlinked shared memory for cumulative stack.
Sep 02 09:29:17 INFO >> Pipeline execution time: 2.06 minutes
