Sep 02 11:43:16 INFO >> {"message": "Waiting for suitable server to become available", "selector": "Primary()", "operation": "find", "topologyDescription": "<TopologyDescription id: 66d5a4d488e5790b0cc99f10, topology_type: Unknown, servers: [<ServerDescription ('localhost', 27017) server_type: Unknown, rtt: None>]>", "clientId": {"$oid": "66d5a4d488e5790b0cc99f10"}, "remainingTimeMS": 29}
Sep 02 11:43:16 INFO >> Features initialized as the following:
Sep 02 11:43:16 INFO >> num_unique_dms
Sep 02 11:43:16 INFO >> num_unique_freqs
Sep 02 11:43:16 INFO >> ndetections
Sep 02 11:43:16 INFO >> nharm
Sep 02 11:43:16 INFO >> log_p_dm
Sep 02 11:43:16 INFO >> ['dm_sigma_FitGaussWidth_gauss_sigma', 'dm_sigma_FitGaussWidth_gauss_sigma_rel_err', 'dm_sigma_FitGaussWidth_ndof', 'dm_sigma_FitGaussWidth_rms_err']
Sep 02 11:43:16 INFO >> ['dm_sigma_FitGauss_amplitude', 'dm_sigma_FitGauss_mu', 'dm_sigma_FitGauss_gauss_sigma', 'dm_sigma_FitGauss_amplitude_rel_err', 'dm_sigma_FitGauss_mu_rel_err', 'dm_sigma_FitGauss_gauss_sigma_rel_err', 'dm_sigma_FitGauss_amplitude-detection', 'dm_sigma_FitGauss_mu-detection', 'dm_sigma_FitGauss_ndof', 'dm_sigma_FitGauss_rms_err']
Sep 02 11:43:16 INFO >> ['freq_sigma_FitGaussWidth_gauss_sigma', 'freq_sigma_FitGaussWidth_gauss_sigma_rel_err', 'freq_sigma_FitGaussWidth_ndof', 'freq_sigma_FitGaussWidth_rms_err']
Sep 02 11:43:16 INFO >> ['freq_sigma_FitGauss_amplitude', 'freq_sigma_FitGauss_mu', 'freq_sigma_FitGauss_gauss_sigma', 'freq_sigma_FitGauss_amplitude_rel_err', 'freq_sigma_FitGauss_mu_rel_err', 'freq_sigma_FitGauss_gauss_sigma_rel_err', 'freq_sigma_FitGauss_amplitude-detection', 'freq_sigma_FitGauss_mu-detection', 'freq_sigma_FitGauss_ndof', 'freq_sigma_FitGauss_rms_err']
Sep 02 11:43:17 INFO >> Performing searching on cumulative stack 315.95 49.23
Sep 02 11:43:17 INFO >> Loading the cumulative power spectra stack to search
Sep 02 11:44:14 INFO >> DM: 176.9963756521939
Sep 02 11:44:14 INFO >> sigma: 10.559001549917252
Sep 02 11:44:14 INFO >> frequency: 28.29173708646166
Sep 02 11:44:14 INFO >> Injecting 17 harmonics.
Sep 02 11:44:14 INFO >> Starting DM: 173.35205941252423
Sep 02 11:44:14 INFO >> Stopping DM: 180.63831059623803
Sep 02 11:44:14 INFO >> Expected detection at 10.41 sigma with 2 harmonics.
Sep 02 11:44:28 INFO >> Start searching 6558 dm trials using 32 harmonics.
Sep 02 11:44:33 INFO >> Moved power spectra to shared memory.
Sep 02 11:44:33 INFO >> Number of dm trials in single multi processing job: 10
Sep 02 11:45:14 INFO >> Total number of detections=15731
Sep 02 11:45:14 INFO >> Clustering the detections
Sep 02 11:45:14 INFO >> Starting clustering
Sep 02 11:45:14 INFO >> Rogue harmonic power filter reduced detections from 15731 to 8667
Sep 02 11:45:14 INFO >> Filtering out duplicate freq,dm detections at multiple nharms removes 849 detections
Sep 02 11:45:14 INFO >> Duplicate freq,dm filter reduced detections to 7818
Sep 02 11:45:14 INFO >> Number of detections over threshold sigma (6.0): 7818
Sep 02 11:45:14 INFO >> Grouping duplicate frequencies together first
Sep 02 11:45:14 INFO >> Grouping duplicate frequencies removed 7279 detections from the harmonic metric computation
Sep 02 11:45:14 INFO >> Starting freq-DM distance metric computation
Sep 02 11:45:14 INFO >> Finished freq-DM distance metric computation
Sep 02 11:45:14 INFO >> Largest group size for metric computation is 97
Sep 02 11:45:14 INFO >> Starting harmonic distance metric computation
Sep 02 11:45:15 INFO >> Finished harmonic distance metric computation
Sep 02 11:45:15 INFO >> Starting DBSCAN
Sep 02 11:45:15 INFO >> Finished DBSCAN
Sep 02 11:45:15 INFO >> Clusters found: 76
Sep 02 11:45:15 INFO >> Filtered 32 clusters below or equal 2 DM.
Sep 02 11:45:15 INFO >> Total number of candidate clusters=1
Sep 02 11:45:15 INFO >> Candidate Processor of stack (315.95 49.23)
Sep 02 11:45:15 INFO >> Making SinglePointingCandidates from a list of 1 PowerSpectraDetectionClusters
Sep 02 11:45:17 INFO >> saved candidates to ./results//injections/315.95_49.23_cumulative_power_spectra_stack_20220627_11_tpa.yml_(259,)_candidates.npz
Sep 02 11:45:17 INFO >> Injected Pulsars:     1
Sep 02 11:45:17 INFO >> Injection Candidates: 1
Sep 02 11:45:17 INFO >> Recovered Injections: 1
Sep 02 11:45:17 INFO >> 1 candidates.
Sep 02 11:45:17 INFO >> Best candidate: F0: 28.292 DM: 177.00 Sigma: 10.74
Sep 02 11:45:19 INFO >> Unlinked shared memory for cumulative stack.
Sep 02 11:45:19 INFO >> Pipeline execution time: 2.04 minutes
