Sep 02 03:48:18 INFO >> {"message": "Waiting for suitable server to become available", "selector": "Primary()", "operation": "find", "topologyDescription": "<TopologyDescription id: 66d53582a124e73b87e0519f, topology_type: Unknown, servers: [<ServerDescription ('localhost', 27017) server_type: Unknown, rtt: None>]>", "clientId": {"$oid": "66d53582a124e73b87e0519f"}, "remainingTimeMS": 29}
Sep 02 03:48:18 INFO >> Features initialized as the following:
Sep 02 03:48:18 INFO >> num_unique_dms
Sep 02 03:48:18 INFO >> num_unique_freqs
Sep 02 03:48:18 INFO >> ndetections
Sep 02 03:48:18 INFO >> nharm
Sep 02 03:48:18 INFO >> log_p_dm
Sep 02 03:48:18 INFO >> ['dm_sigma_FitGaussWidth_gauss_sigma', 'dm_sigma_FitGaussWidth_gauss_sigma_rel_err', 'dm_sigma_FitGaussWidth_ndof', 'dm_sigma_FitGaussWidth_rms_err']
Sep 02 03:48:18 INFO >> ['dm_sigma_FitGauss_amplitude', 'dm_sigma_FitGauss_mu', 'dm_sigma_FitGauss_gauss_sigma', 'dm_sigma_FitGauss_amplitude_rel_err', 'dm_sigma_FitGauss_mu_rel_err', 'dm_sigma_FitGauss_gauss_sigma_rel_err', 'dm_sigma_FitGauss_amplitude-detection', 'dm_sigma_FitGauss_mu-detection', 'dm_sigma_FitGauss_ndof', 'dm_sigma_FitGauss_rms_err']
Sep 02 03:48:18 INFO >> ['freq_sigma_FitGaussWidth_gauss_sigma', 'freq_sigma_FitGaussWidth_gauss_sigma_rel_err', 'freq_sigma_FitGaussWidth_ndof', 'freq_sigma_FitGaussWidth_rms_err']
Sep 02 03:48:18 INFO >> ['freq_sigma_FitGauss_amplitude', 'freq_sigma_FitGauss_mu', 'freq_sigma_FitGauss_gauss_sigma', 'freq_sigma_FitGauss_amplitude_rel_err', 'freq_sigma_FitGauss_mu_rel_err', 'freq_sigma_FitGauss_gauss_sigma_rel_err', 'freq_sigma_FitGauss_amplitude-detection', 'freq_sigma_FitGauss_mu-detection', 'freq_sigma_FitGauss_ndof', 'freq_sigma_FitGauss_rms_err']
Sep 02 03:48:18 INFO >> Performing searching on cumulative stack 315.95 49.23
Sep 02 03:48:18 INFO >> Loading the cumulative power spectra stack to search
Sep 02 03:49:16 INFO >> DM: 152.6246580672156
Sep 02 03:49:16 INFO >> sigma: 10.471347715333684
Sep 02 03:49:16 INFO >> frequency: 24.155404928604394
Sep 02 03:49:16 INFO >> Injecting 21 harmonics.
Sep 02 03:49:16 INFO >> Starting DM: 148.35616993506162
Sep 02 03:49:16 INFO >> Stopping DM: 156.85679631606104
Sep 02 03:49:16 INFO >> Expected detection at 9.90 sigma with 16 harmonics.
Sep 02 03:49:30 INFO >> Start searching 6558 dm trials using 32 harmonics.
Sep 02 03:49:36 INFO >> Moved power spectra to shared memory.
Sep 02 03:49:36 INFO >> Number of dm trials in single multi processing job: 10
Sep 02 03:50:16 INFO >> Total number of detections=15593
Sep 02 03:50:16 INFO >> Clustering the detections
Sep 02 03:50:16 INFO >> Starting clustering
Sep 02 03:50:16 INFO >> Rogue harmonic power filter reduced detections from 15593 to 8535
Sep 02 03:50:16 INFO >> Filtering out duplicate freq,dm detections at multiple nharms removes 791 detections
Sep 02 03:50:16 INFO >> Duplicate freq,dm filter reduced detections to 7744
Sep 02 03:50:16 INFO >> Number of detections over threshold sigma (6.0): 7744
Sep 02 03:50:16 INFO >> Grouping duplicate frequencies together first
Sep 02 03:50:16 INFO >> Grouping duplicate frequencies removed 7222 detections from the harmonic metric computation
Sep 02 03:50:16 INFO >> Starting freq-DM distance metric computation
Sep 02 03:50:16 INFO >> Finished freq-DM distance metric computation
Sep 02 03:50:17 INFO >> Largest group size for metric computation is 97
Sep 02 03:50:17 INFO >> Starting harmonic distance metric computation
Sep 02 03:50:17 INFO >> Finished harmonic distance metric computation
Sep 02 03:50:17 INFO >> Starting DBSCAN
Sep 02 03:50:18 INFO >> Finished DBSCAN
Sep 02 03:50:18 INFO >> Clusters found: 76
Sep 02 03:50:18 INFO >> Filtered 32 clusters below or equal 2 DM.
Sep 02 03:50:18 INFO >> Total number of candidate clusters=1
Sep 02 03:50:18 INFO >> Candidate Processor of stack (315.95 49.23)
Sep 02 03:50:18 INFO >> Making SinglePointingCandidates from a list of 1 PowerSpectraDetectionClusters
Sep 02 03:50:20 INFO >> saved candidates to ./results//injections/315.95_49.23_cumulative_power_spectra_stack_20220627_11_tpa.yml_(32,)_candidates.npz
Sep 02 03:50:20 INFO >> Injected Pulsars:     1
Sep 02 03:50:20 INFO >> Injection Candidates: 1
Sep 02 03:50:20 INFO >> Recovered Injections: 1
Sep 02 03:50:20 INFO >> 1 candidates.
Sep 02 03:50:20 INFO >> Best candidate: F0: 24.155 DM: 152.61 Sigma: 8.84
Sep 02 03:50:21 INFO >> Unlinked shared memory for cumulative stack.
Sep 02 03:50:21 INFO >> Pipeline execution time: 2.05 minutes
