Sep 02 05:18:15 INFO >> {"message": "Waiting for suitable server to become available", "selector": "Primary()", "operation": "find", "topologyDescription": "<TopologyDescription id: 66d54a97522f01b1d527bff1, topology_type: Unknown, servers: [<ServerDescription ('localhost', 27017) server_type: Unknown, rtt: None>]>", "clientId": {"$oid": "66d54a97522f01b1d527bff1"}, "remainingTimeMS": 29}
Sep 02 05:18:15 INFO >> Features initialized as the following:
Sep 02 05:18:15 INFO >> num_unique_dms
Sep 02 05:18:15 INFO >> num_unique_freqs
Sep 02 05:18:15 INFO >> ndetections
Sep 02 05:18:15 INFO >> nharm
Sep 02 05:18:15 INFO >> log_p_dm
Sep 02 05:18:15 INFO >> ['dm_sigma_FitGaussWidth_gauss_sigma', 'dm_sigma_FitGaussWidth_gauss_sigma_rel_err', 'dm_sigma_FitGaussWidth_ndof', 'dm_sigma_FitGaussWidth_rms_err']
Sep 02 05:18:15 INFO >> ['dm_sigma_FitGauss_amplitude', 'dm_sigma_FitGauss_mu', 'dm_sigma_FitGauss_gauss_sigma', 'dm_sigma_FitGauss_amplitude_rel_err', 'dm_sigma_FitGauss_mu_rel_err', 'dm_sigma_FitGauss_gauss_sigma_rel_err', 'dm_sigma_FitGauss_amplitude-detection', 'dm_sigma_FitGauss_mu-detection', 'dm_sigma_FitGauss_ndof', 'dm_sigma_FitGauss_rms_err']
Sep 02 05:18:15 INFO >> ['freq_sigma_FitGaussWidth_gauss_sigma', 'freq_sigma_FitGaussWidth_gauss_sigma_rel_err', 'freq_sigma_FitGaussWidth_ndof', 'freq_sigma_FitGaussWidth_rms_err']
Sep 02 05:18:15 INFO >> ['freq_sigma_FitGauss_amplitude', 'freq_sigma_FitGauss_mu', 'freq_sigma_FitGauss_gauss_sigma', 'freq_sigma_FitGauss_amplitude_rel_err', 'freq_sigma_FitGauss_mu_rel_err', 'freq_sigma_FitGauss_gauss_sigma_rel_err', 'freq_sigma_FitGauss_amplitude-detection', 'freq_sigma_FitGauss_mu-detection', 'freq_sigma_FitGauss_ndof', 'freq_sigma_FitGauss_rms_err']
Sep 02 05:18:15 INFO >> Performing searching on cumulative stack 315.95 49.23
Sep 02 05:18:15 INFO >> Loading the cumulative power spectra stack to search
Sep 02 05:19:13 INFO >> DM: 96.12700081035275
Sep 02 05:19:13 INFO >> sigma: 13.2896906378898
Sep 02 05:19:13 INFO >> frequency: 61.417863134822674
Sep 02 05:19:13 INFO >> Injecting 8 harmonics.
Sep 02 05:19:13 INFO >> Starting DM: 94.41767158895803
Sep 02 05:19:13 INFO >> Stopping DM: 97.75720338149351
Sep 02 05:19:13 INFO >> Expected detection at 10.05 sigma with 8 harmonics.
Sep 02 05:19:27 INFO >> Start searching 6558 dm trials using 32 harmonics.
Sep 02 05:19:33 INFO >> Moved power spectra to shared memory.
Sep 02 05:19:33 INFO >> Number of dm trials in single multi processing job: 10
Sep 02 05:20:13 INFO >> Total number of detections=15592
Sep 02 05:20:13 INFO >> Clustering the detections
Sep 02 05:20:13 INFO >> Starting clustering
Sep 02 05:20:13 INFO >> Rogue harmonic power filter reduced detections from 15592 to 8534
Sep 02 05:20:13 INFO >> Filtering out duplicate freq,dm detections at multiple nharms removes 793 detections
Sep 02 05:20:13 INFO >> Duplicate freq,dm filter reduced detections to 7741
Sep 02 05:20:13 INFO >> Number of detections over threshold sigma (6.0): 7741
Sep 02 05:20:13 INFO >> Grouping duplicate frequencies together first
Sep 02 05:20:13 INFO >> Grouping duplicate frequencies removed 7217 detections from the harmonic metric computation
Sep 02 05:20:13 INFO >> Starting freq-DM distance metric computation
Sep 02 05:20:14 INFO >> Finished freq-DM distance metric computation
Sep 02 05:20:14 INFO >> Largest group size for metric computation is 97
Sep 02 05:20:14 INFO >> Starting harmonic distance metric computation
Sep 02 05:20:15 INFO >> Finished harmonic distance metric computation
Sep 02 05:20:15 INFO >> Starting DBSCAN
Sep 02 05:20:15 INFO >> Finished DBSCAN
Sep 02 05:20:15 INFO >> Clusters found: 76
Sep 02 05:20:15 INFO >> Filtered 32 clusters below or equal 2 DM.
Sep 02 05:20:15 INFO >> Total number of candidate clusters=1
Sep 02 05:20:15 INFO >> Candidate Processor of stack (315.95 49.23)
Sep 02 05:20:15 INFO >> Making SinglePointingCandidates from a list of 1 PowerSpectraDetectionClusters
Sep 02 05:20:17 INFO >> saved candidates to ./results//injections/315.95_49.23_cumulative_power_spectra_stack_20220627_11_tpa.yml_(75,)_candidates.npz
Sep 02 05:20:17 INFO >> Injected Pulsars:     1
Sep 02 05:20:17 INFO >> Injection Candidates: 1
Sep 02 05:20:17 INFO >> Recovered Injections: 1
Sep 02 05:20:17 INFO >> 1 candidates.
Sep 02 05:20:17 INFO >> Best candidate: F0: 61.418 DM: 96.14 Sigma: 9.96
Sep 02 05:20:18 INFO >> Unlinked shared memory for cumulative stack.
Sep 02 05:20:18 INFO >> Pipeline execution time: 2.06 minutes
