Sep 02 19:13:15 INFO >> {"message": "Waiting for suitable server to become available", "selector": "Primary()", "operation": "find", "topologyDescription": "<TopologyDescription id: 66d60e4b5f87b59177d3c4ca, topology_type: Unknown, servers: [<ServerDescription ('localhost', 27017) server_type: Unknown, rtt: None>]>", "clientId": {"$oid": "66d60e4b5f87b59177d3c4ca"}, "remainingTimeMS": 29}
Sep 02 19:13:15 INFO >> Features initialized as the following:
Sep 02 19:13:15 INFO >> num_unique_dms
Sep 02 19:13:15 INFO >> num_unique_freqs
Sep 02 19:13:15 INFO >> ndetections
Sep 02 19:13:15 INFO >> nharm
Sep 02 19:13:15 INFO >> log_p_dm
Sep 02 19:13:15 INFO >> ['dm_sigma_FitGaussWidth_gauss_sigma', 'dm_sigma_FitGaussWidth_gauss_sigma_rel_err', 'dm_sigma_FitGaussWidth_ndof', 'dm_sigma_FitGaussWidth_rms_err']
Sep 02 19:13:15 INFO >> ['dm_sigma_FitGauss_amplitude', 'dm_sigma_FitGauss_mu', 'dm_sigma_FitGauss_gauss_sigma', 'dm_sigma_FitGauss_amplitude_rel_err', 'dm_sigma_FitGauss_mu_rel_err', 'dm_sigma_FitGauss_gauss_sigma_rel_err', 'dm_sigma_FitGauss_amplitude-detection', 'dm_sigma_FitGauss_mu-detection', 'dm_sigma_FitGauss_ndof', 'dm_sigma_FitGauss_rms_err']
Sep 02 19:13:15 INFO >> ['freq_sigma_FitGaussWidth_gauss_sigma', 'freq_sigma_FitGaussWidth_gauss_sigma_rel_err', 'freq_sigma_FitGaussWidth_ndof', 'freq_sigma_FitGaussWidth_rms_err']
Sep 02 19:13:15 INFO >> ['freq_sigma_FitGauss_amplitude', 'freq_sigma_FitGauss_mu', 'freq_sigma_FitGauss_gauss_sigma', 'freq_sigma_FitGauss_amplitude_rel_err', 'freq_sigma_FitGauss_mu_rel_err', 'freq_sigma_FitGauss_gauss_sigma_rel_err', 'freq_sigma_FitGauss_amplitude-detection', 'freq_sigma_FitGauss_mu-detection', 'freq_sigma_FitGauss_ndof', 'freq_sigma_FitGauss_rms_err']
Sep 02 19:13:15 INFO >> Performing searching on cumulative stack 315.95 49.23
Sep 02 19:13:15 INFO >> Loading the cumulative power spectra stack to search
Sep 02 19:14:12 INFO >> DM: 38.494319571474136
Sep 02 19:14:12 INFO >> sigma: 10.251738993515234
Sep 02 19:14:12 INFO >> frequency: 85.90922949603271
Sep 02 19:14:12 INFO >> Injecting 5 harmonics.
Sep 02 19:14:12 INFO >> Starting DM: 37.342037316533236
Sep 02 19:14:12 INFO >> Stopping DM: 39.66958977799737
Sep 02 19:14:12 INFO >> Expected detection at 3.79 sigma with 4 harmonics.
Sep 02 19:14:26 INFO >> Start searching 6558 dm trials using 32 harmonics.
Sep 02 19:14:32 INFO >> Moved power spectra to shared memory.
Sep 02 19:14:32 INFO >> Number of dm trials in single multi processing job: 10
Sep 02 19:15:13 INFO >> Total number of detections=15577
Sep 02 19:15:13 INFO >> Clustering the detections
Sep 02 19:15:13 INFO >> Starting clustering
Sep 02 19:15:13 INFO >> Rogue harmonic power filter reduced detections from 15577 to 8519
Sep 02 19:15:13 INFO >> Filtering out duplicate freq,dm detections at multiple nharms removes 787 detections
Sep 02 19:15:13 INFO >> Duplicate freq,dm filter reduced detections to 7732
Sep 02 19:15:13 INFO >> Number of detections over threshold sigma (6.0): 7732
Sep 02 19:15:13 INFO >> Grouping duplicate frequencies together first
Sep 02 19:15:14 INFO >> Grouping duplicate frequencies removed 7214 detections from the harmonic metric computation
Sep 02 19:15:14 INFO >> Starting freq-DM distance metric computation
Sep 02 19:15:14 INFO >> Finished freq-DM distance metric computation
Sep 02 19:15:14 INFO >> Largest group size for metric computation is 97
Sep 02 19:15:14 INFO >> Starting harmonic distance metric computation
Sep 02 19:15:15 INFO >> Finished harmonic distance metric computation
Sep 02 19:15:15 INFO >> Starting DBSCAN
Sep 02 19:15:15 INFO >> Finished DBSCAN
Sep 02 19:15:15 INFO >> Clusters found: 75
Sep 02 19:15:15 INFO >> Filtered 32 clusters below or equal 2 DM.
Sep 02 19:15:15 INFO >> Total number of candidate clusters=0
Sep 02 19:15:15 INFO >> Candidate Processor of stack (315.95 49.23)
Sep 02 19:15:15 INFO >> Making SinglePointingCandidates from a list of 0 PowerSpectraDetectionClusters
Sep 02 19:15:17 INFO >> saved candidates to ./results//injections/315.95_49.23_cumulative_power_spectra_stack_20220627_11_tpa.yml_(474,)_candidates.npz
Sep 02 19:15:17 INFO >> Injected Pulsars:     1
Sep 02 19:15:17 INFO >> Injection Candidates: 0
Sep 02 19:15:17 INFO >> Recovered Injections: 0
Sep 02 19:15:17 INFO >> 0 candidates.
Sep 02 19:15:18 INFO >> Unlinked shared memory for cumulative stack.
Sep 02 19:15:18 INFO >> Pipeline execution time: 2.05 minutes
