Sep 02 22:13:12 INFO >> {"message": "Waiting for suitable server to become available", "selector": "Primary()", "operation": "find", "topologyDescription": "<TopologyDescription id: 66d63878c95175c798784f9e, topology_type: Unknown, servers: [<ServerDescription ('localhost', 27017) server_type: Unknown, rtt: None>]>", "clientId": {"$oid": "66d63878c95175c798784f9e"}, "remainingTimeMS": 29}
Sep 02 22:13:12 INFO >> Features initialized as the following:
Sep 02 22:13:12 INFO >> num_unique_dms
Sep 02 22:13:12 INFO >> num_unique_freqs
Sep 02 22:13:12 INFO >> ndetections
Sep 02 22:13:12 INFO >> nharm
Sep 02 22:13:12 INFO >> log_p_dm
Sep 02 22:13:12 INFO >> ['dm_sigma_FitGaussWidth_gauss_sigma', 'dm_sigma_FitGaussWidth_gauss_sigma_rel_err', 'dm_sigma_FitGaussWidth_ndof', 'dm_sigma_FitGaussWidth_rms_err']
Sep 02 22:13:12 INFO >> ['dm_sigma_FitGauss_amplitude', 'dm_sigma_FitGauss_mu', 'dm_sigma_FitGauss_gauss_sigma', 'dm_sigma_FitGauss_amplitude_rel_err', 'dm_sigma_FitGauss_mu_rel_err', 'dm_sigma_FitGauss_gauss_sigma_rel_err', 'dm_sigma_FitGauss_amplitude-detection', 'dm_sigma_FitGauss_mu-detection', 'dm_sigma_FitGauss_ndof', 'dm_sigma_FitGauss_rms_err']
Sep 02 22:13:12 INFO >> ['freq_sigma_FitGaussWidth_gauss_sigma', 'freq_sigma_FitGaussWidth_gauss_sigma_rel_err', 'freq_sigma_FitGaussWidth_ndof', 'freq_sigma_FitGaussWidth_rms_err']
Sep 02 22:13:12 INFO >> ['freq_sigma_FitGauss_amplitude', 'freq_sigma_FitGauss_mu', 'freq_sigma_FitGauss_gauss_sigma', 'freq_sigma_FitGauss_amplitude_rel_err', 'freq_sigma_FitGauss_mu_rel_err', 'freq_sigma_FitGauss_gauss_sigma_rel_err', 'freq_sigma_FitGauss_amplitude-detection', 'freq_sigma_FitGauss_mu-detection', 'freq_sigma_FitGauss_ndof', 'freq_sigma_FitGauss_rms_err']
Sep 02 22:13:12 INFO >> Performing searching on cumulative stack 315.95 49.23
Sep 02 22:13:12 INFO >> Loading the cumulative power spectra stack to search
Sep 02 22:14:09 INFO >> DM: 57.56479897078747
Sep 02 22:14:09 INFO >> sigma: 11.523412817659375
Sep 02 22:14:09 INFO >> frequency: 92.40272952486487
Sep 02 22:14:09 INFO >> Injecting 5 harmonics.
Sep 02 22:14:09 INFO >> Starting DM: 56.46844667378197
Sep 02 22:14:09 INFO >> Stopping DM: 58.69480120213896
Sep 02 22:14:09 INFO >> Expected detection at 12.48 sigma with 4 harmonics.
Sep 02 22:14:23 INFO >> Start searching 6558 dm trials using 32 harmonics.
Sep 02 22:14:29 INFO >> Moved power spectra to shared memory.
Sep 02 22:14:29 INFO >> Number of dm trials in single multi processing job: 10
Sep 02 22:15:09 INFO >> Total number of detections=15605
Sep 02 22:15:09 INFO >> Clustering the detections
Sep 02 22:15:09 INFO >> Starting clustering
Sep 02 22:15:09 INFO >> Rogue harmonic power filter reduced detections from 15605 to 8547
Sep 02 22:15:09 INFO >> Filtering out duplicate freq,dm detections at multiple nharms removes 796 detections
Sep 02 22:15:09 INFO >> Duplicate freq,dm filter reduced detections to 7751
Sep 02 22:15:09 INFO >> Number of detections over threshold sigma (6.0): 7751
Sep 02 22:15:09 INFO >> Grouping duplicate frequencies together first
Sep 02 22:15:09 INFO >> Grouping duplicate frequencies removed 7220 detections from the harmonic metric computation
Sep 02 22:15:09 INFO >> Starting freq-DM distance metric computation
Sep 02 22:15:10 INFO >> Finished freq-DM distance metric computation
Sep 02 22:15:10 INFO >> Largest group size for metric computation is 97
Sep 02 22:15:10 INFO >> Starting harmonic distance metric computation
Sep 02 22:15:11 INFO >> Finished harmonic distance metric computation
Sep 02 22:15:11 INFO >> Starting DBSCAN
Sep 02 22:15:11 INFO >> Finished DBSCAN
Sep 02 22:15:11 INFO >> Clusters found: 76
Sep 02 22:15:11 INFO >> Filtered 32 clusters below or equal 2 DM.
Sep 02 22:15:11 INFO >> Total number of candidate clusters=1
Sep 02 22:15:11 INFO >> Candidate Processor of stack (315.95 49.23)
Sep 02 22:15:11 INFO >> Making SinglePointingCandidates from a list of 1 PowerSpectraDetectionClusters
Sep 02 22:15:13 INFO >> saved candidates to ./results//injections/315.95_49.23_cumulative_power_spectra_stack_20220627_11_tpa.yml_(560,)_candidates.npz
Sep 02 22:15:13 INFO >> Injected Pulsars:     1
Sep 02 22:15:13 INFO >> Injection Candidates: 1
Sep 02 22:15:13 INFO >> Recovered Injections: 1
Sep 02 22:15:13 INFO >> 1 candidates.
Sep 02 22:15:13 INFO >> Best candidate: F0: 92.403 DM: 57.58 Sigma: 12.47
Sep 02 22:15:15 INFO >> Unlinked shared memory for cumulative stack.
Sep 02 22:15:15 INFO >> Pipeline execution time: 2.04 minutes
