Sep 02 15:54:26 INFO >> {"message": "Waiting for suitable server to become available", "selector": "Primary()", "operation": "find", "topologyDescription": "<TopologyDescription id: 66d5dfb272ec26bcfd8e86c1, topology_type: Unknown, servers: [<ServerDescription ('localhost', 27017) server_type: Unknown, rtt: None>]>", "clientId": {"$oid": "66d5dfb272ec26bcfd8e86c1"}, "remainingTimeMS": 29}
Sep 02 15:54:26 INFO >> Features initialized as the following:
Sep 02 15:54:26 INFO >> num_unique_dms
Sep 02 15:54:26 INFO >> num_unique_freqs
Sep 02 15:54:26 INFO >> ndetections
Sep 02 15:54:26 INFO >> nharm
Sep 02 15:54:26 INFO >> log_p_dm
Sep 02 15:54:26 INFO >> ['dm_sigma_FitGaussWidth_gauss_sigma', 'dm_sigma_FitGaussWidth_gauss_sigma_rel_err', 'dm_sigma_FitGaussWidth_ndof', 'dm_sigma_FitGaussWidth_rms_err']
Sep 02 15:54:26 INFO >> ['dm_sigma_FitGauss_amplitude', 'dm_sigma_FitGauss_mu', 'dm_sigma_FitGauss_gauss_sigma', 'dm_sigma_FitGauss_amplitude_rel_err', 'dm_sigma_FitGauss_mu_rel_err', 'dm_sigma_FitGauss_gauss_sigma_rel_err', 'dm_sigma_FitGauss_amplitude-detection', 'dm_sigma_FitGauss_mu-detection', 'dm_sigma_FitGauss_ndof', 'dm_sigma_FitGauss_rms_err']
Sep 02 15:54:26 INFO >> ['freq_sigma_FitGaussWidth_gauss_sigma', 'freq_sigma_FitGaussWidth_gauss_sigma_rel_err', 'freq_sigma_FitGaussWidth_ndof', 'freq_sigma_FitGaussWidth_rms_err']
Sep 02 15:54:26 INFO >> ['freq_sigma_FitGauss_amplitude', 'freq_sigma_FitGauss_mu', 'freq_sigma_FitGauss_gauss_sigma', 'freq_sigma_FitGauss_amplitude_rel_err', 'freq_sigma_FitGauss_mu_rel_err', 'freq_sigma_FitGauss_gauss_sigma_rel_err', 'freq_sigma_FitGauss_amplitude-detection', 'freq_sigma_FitGauss_mu-detection', 'freq_sigma_FitGauss_ndof', 'freq_sigma_FitGauss_rms_err']
Sep 02 15:54:26 INFO >> Performing searching on cumulative stack 315.95 49.23
Sep 02 15:54:26 INFO >> Loading the cumulative power spectra stack to search
Sep 02 15:55:24 INFO >> DM: 167.68515411977518
Sep 02 15:55:24 INFO >> sigma: 11.431941295082703
Sep 02 15:55:24 INFO >> frequency: 43.07324773792497
Sep 02 15:55:24 INFO >> Injecting 11 harmonics.
Sep 02 15:55:24 INFO >> Starting DM: 165.25622476395333
Sep 02 15:55:24 INFO >> Stopping DM: 170.1137255530959
Sep 02 15:55:24 INFO >> Expected detection at 10.70 sigma with 8 harmonics.
Sep 02 15:55:38 INFO >> Start searching 6558 dm trials using 32 harmonics.
Sep 02 15:55:44 INFO >> Moved power spectra to shared memory.
Sep 02 15:55:44 INFO >> Number of dm trials in single multi processing job: 10
Sep 02 15:56:24 INFO >> Total number of detections=15609
Sep 02 15:56:24 INFO >> Clustering the detections
Sep 02 15:56:24 INFO >> Starting clustering
Sep 02 15:56:24 INFO >> Rogue harmonic power filter reduced detections from 15609 to 8551
Sep 02 15:56:24 INFO >> Filtering out duplicate freq,dm detections at multiple nharms removes 795 detections
Sep 02 15:56:24 INFO >> Duplicate freq,dm filter reduced detections to 7756
Sep 02 15:56:24 INFO >> Number of detections over threshold sigma (6.0): 7756
Sep 02 15:56:24 INFO >> Grouping duplicate frequencies together first
Sep 02 15:56:24 INFO >> Grouping duplicate frequencies removed 7229 detections from the harmonic metric computation
Sep 02 15:56:24 INFO >> Starting freq-DM distance metric computation
Sep 02 15:56:25 INFO >> Finished freq-DM distance metric computation
Sep 02 15:56:25 INFO >> Largest group size for metric computation is 97
Sep 02 15:56:25 INFO >> Starting harmonic distance metric computation
Sep 02 15:56:26 INFO >> Finished harmonic distance metric computation
Sep 02 15:56:26 INFO >> Starting DBSCAN
Sep 02 15:56:26 INFO >> Finished DBSCAN
Sep 02 15:56:26 INFO >> Clusters found: 76
Sep 02 15:56:26 INFO >> Filtered 32 clusters below or equal 2 DM.
Sep 02 15:56:26 INFO >> Total number of candidate clusters=1
Sep 02 15:56:26 INFO >> Candidate Processor of stack (315.95 49.23)
Sep 02 15:56:26 INFO >> Making SinglePointingCandidates from a list of 1 PowerSpectraDetectionClusters
Sep 02 15:56:28 INFO >> saved candidates to ./results//injections/315.95_49.23_cumulative_power_spectra_stack_20220627_11_tpa.yml_(379,)_candidates.npz
Sep 02 15:56:28 INFO >> Injected Pulsars:     1
Sep 02 15:56:28 INFO >> Injection Candidates: 1
Sep 02 15:56:28 INFO >> Recovered Injections: 1
Sep 02 15:56:28 INFO >> 1 candidates.
Sep 02 15:56:28 INFO >> Best candidate: F0: 43.073 DM: 167.68 Sigma: 9.67
Sep 02 15:56:29 INFO >> Unlinked shared memory for cumulative stack.
Sep 02 15:56:29 INFO >> Pipeline execution time: 2.06 minutes
