Sep 02 09:00:03 INFO >> {"message": "Waiting for suitable server to become available", "selector": "Primary()", "operation": "find", "topologyDescription": "<TopologyDescription id: 66d57e93185698fa0076c8f9, topology_type: Unknown, servers: [<ServerDescription ('localhost', 27017) server_type: Unknown, rtt: None>]>", "clientId": {"$oid": "66d57e93185698fa0076c8f9"}, "remainingTimeMS": 29}
Sep 02 09:00:03 INFO >> Features initialized as the following:
Sep 02 09:00:03 INFO >> num_unique_dms
Sep 02 09:00:03 INFO >> num_unique_freqs
Sep 02 09:00:03 INFO >> ndetections
Sep 02 09:00:03 INFO >> nharm
Sep 02 09:00:03 INFO >> log_p_dm
Sep 02 09:00:03 INFO >> ['dm_sigma_FitGaussWidth_gauss_sigma', 'dm_sigma_FitGaussWidth_gauss_sigma_rel_err', 'dm_sigma_FitGaussWidth_ndof', 'dm_sigma_FitGaussWidth_rms_err']
Sep 02 09:00:03 INFO >> ['dm_sigma_FitGauss_amplitude', 'dm_sigma_FitGauss_mu', 'dm_sigma_FitGauss_gauss_sigma', 'dm_sigma_FitGauss_amplitude_rel_err', 'dm_sigma_FitGauss_mu_rel_err', 'dm_sigma_FitGauss_gauss_sigma_rel_err', 'dm_sigma_FitGauss_amplitude-detection', 'dm_sigma_FitGauss_mu-detection', 'dm_sigma_FitGauss_ndof', 'dm_sigma_FitGauss_rms_err']
Sep 02 09:00:03 INFO >> ['freq_sigma_FitGaussWidth_gauss_sigma', 'freq_sigma_FitGaussWidth_gauss_sigma_rel_err', 'freq_sigma_FitGaussWidth_ndof', 'freq_sigma_FitGaussWidth_rms_err']
Sep 02 09:00:03 INFO >> ['freq_sigma_FitGauss_amplitude', 'freq_sigma_FitGauss_mu', 'freq_sigma_FitGauss_gauss_sigma', 'freq_sigma_FitGauss_amplitude_rel_err', 'freq_sigma_FitGauss_mu_rel_err', 'freq_sigma_FitGauss_gauss_sigma_rel_err', 'freq_sigma_FitGauss_amplitude-detection', 'freq_sigma_FitGauss_mu-detection', 'freq_sigma_FitGauss_ndof', 'freq_sigma_FitGauss_rms_err']
Sep 02 09:00:03 INFO >> Performing searching on cumulative stack 315.95 49.23
Sep 02 09:00:03 INFO >> Loading the cumulative power spectra stack to search
Sep 02 09:01:00 INFO >> DM: 165.0723814569029
Sep 02 09:01:00 INFO >> sigma: 13.145890015767941
Sep 02 09:01:00 INFO >> frequency: 87.73813517524509
Sep 02 09:01:00 INFO >> Injecting 5 harmonics.
Sep 02 09:01:00 INFO >> Starting DM: 163.94065163356058
Sep 02 09:01:00 INFO >> Stopping DM: 166.26820409502469
Sep 02 09:01:00 INFO >> Expected detection at 6.35 sigma with 4 harmonics.
Sep 02 09:01:14 INFO >> Start searching 6558 dm trials using 32 harmonics.
Sep 02 09:01:20 INFO >> Moved power spectra to shared memory.
Sep 02 09:01:20 INFO >> Number of dm trials in single multi processing job: 10
Sep 02 09:02:00 INFO >> Total number of detections=15577
Sep 02 09:02:00 INFO >> Clustering the detections
Sep 02 09:02:00 INFO >> Starting clustering
Sep 02 09:02:00 INFO >> Rogue harmonic power filter reduced detections from 15577 to 8519
Sep 02 09:02:00 INFO >> Filtering out duplicate freq,dm detections at multiple nharms removes 787 detections
Sep 02 09:02:00 INFO >> Duplicate freq,dm filter reduced detections to 7732
Sep 02 09:02:00 INFO >> Number of detections over threshold sigma (6.0): 7732
Sep 02 09:02:00 INFO >> Grouping duplicate frequencies together first
Sep 02 09:02:00 INFO >> Grouping duplicate frequencies removed 7214 detections from the harmonic metric computation
Sep 02 09:02:00 INFO >> Starting freq-DM distance metric computation
Sep 02 09:02:01 INFO >> Finished freq-DM distance metric computation
Sep 02 09:02:01 INFO >> Largest group size for metric computation is 97
Sep 02 09:02:01 INFO >> Starting harmonic distance metric computation
Sep 02 09:02:02 INFO >> Finished harmonic distance metric computation
Sep 02 09:02:02 INFO >> Starting DBSCAN
Sep 02 09:02:02 INFO >> Finished DBSCAN
Sep 02 09:02:02 INFO >> Clusters found: 75
Sep 02 09:02:02 INFO >> Filtered 32 clusters below or equal 2 DM.
Sep 02 09:02:02 INFO >> Total number of candidate clusters=0
Sep 02 09:02:02 INFO >> Candidate Processor of stack (315.95 49.23)
Sep 02 09:02:02 INFO >> Making SinglePointingCandidates from a list of 0 PowerSpectraDetectionClusters
Sep 02 09:02:04 INFO >> saved candidates to ./results//injections/315.95_49.23_cumulative_power_spectra_stack_20220627_11_tpa.yml_(181,)_candidates.npz
Sep 02 09:02:04 INFO >> Injected Pulsars:     1
Sep 02 09:02:04 INFO >> Injection Candidates: 0
Sep 02 09:02:04 INFO >> Recovered Injections: 0
Sep 02 09:02:04 INFO >> 0 candidates.
Sep 02 09:02:05 INFO >> Unlinked shared memory for cumulative stack.
Sep 02 09:02:05 INFO >> Pipeline execution time: 2.04 minutes
