Sep 02 04:42:42 INFO >> {"message": "Waiting for suitable server to become available", "selector": "Primary()", "operation": "find", "topologyDescription": "<TopologyDescription id: 66d54242cef6f951632021bf, topology_type: Unknown, servers: [<ServerDescription ('localhost', 27017) server_type: Unknown, rtt: None>]>", "clientId": {"$oid": "66d54242cef6f951632021bf"}, "remainingTimeMS": 29}
Sep 02 04:42:42 INFO >> Features initialized as the following:
Sep 02 04:42:42 INFO >> num_unique_dms
Sep 02 04:42:42 INFO >> num_unique_freqs
Sep 02 04:42:42 INFO >> ndetections
Sep 02 04:42:42 INFO >> nharm
Sep 02 04:42:42 INFO >> log_p_dm
Sep 02 04:42:42 INFO >> ['dm_sigma_FitGaussWidth_gauss_sigma', 'dm_sigma_FitGaussWidth_gauss_sigma_rel_err', 'dm_sigma_FitGaussWidth_ndof', 'dm_sigma_FitGaussWidth_rms_err']
Sep 02 04:42:42 INFO >> ['dm_sigma_FitGauss_amplitude', 'dm_sigma_FitGauss_mu', 'dm_sigma_FitGauss_gauss_sigma', 'dm_sigma_FitGauss_amplitude_rel_err', 'dm_sigma_FitGauss_mu_rel_err', 'dm_sigma_FitGauss_gauss_sigma_rel_err', 'dm_sigma_FitGauss_amplitude-detection', 'dm_sigma_FitGauss_mu-detection', 'dm_sigma_FitGauss_ndof', 'dm_sigma_FitGauss_rms_err']
Sep 02 04:42:42 INFO >> ['freq_sigma_FitGaussWidth_gauss_sigma', 'freq_sigma_FitGaussWidth_gauss_sigma_rel_err', 'freq_sigma_FitGaussWidth_ndof', 'freq_sigma_FitGaussWidth_rms_err']
Sep 02 04:42:42 INFO >> ['freq_sigma_FitGauss_amplitude', 'freq_sigma_FitGauss_mu', 'freq_sigma_FitGauss_gauss_sigma', 'freq_sigma_FitGauss_amplitude_rel_err', 'freq_sigma_FitGauss_mu_rel_err', 'freq_sigma_FitGauss_gauss_sigma_rel_err', 'freq_sigma_FitGauss_amplitude-detection', 'freq_sigma_FitGauss_mu-detection', 'freq_sigma_FitGauss_ndof', 'freq_sigma_FitGauss_rms_err']
Sep 02 04:42:42 INFO >> Performing searching on cumulative stack 315.95 49.23
Sep 02 04:42:42 INFO >> Loading the cumulative power spectra stack to search
Sep 02 04:43:39 INFO >> DM: 4.098176269720522
Sep 02 04:43:39 INFO >> sigma: 10.32085891202796
Sep 02 04:43:39 INFO >> frequency: 25.53590936730768
Sep 02 04:43:39 INFO >> Injecting 19 harmonics.
Sep 02 04:43:39 INFO >> Starting DM: 0.10119793310713615
Sep 02 04:43:39 INFO >> Stopping DM: 8.095834648570891
Sep 02 04:43:39 INFO >> Expected detection at 8.62 sigma with 8 harmonics.
Sep 02 04:43:53 INFO >> Start searching 6558 dm trials using 32 harmonics.
Sep 02 04:43:59 INFO >> Moved power spectra to shared memory.
Sep 02 04:43:59 INFO >> Number of dm trials in single multi processing job: 10
Sep 02 04:44:40 INFO >> Total number of detections=15591
Sep 02 04:44:40 INFO >> Clustering the detections
Sep 02 04:44:40 INFO >> Starting clustering
Sep 02 04:44:40 INFO >> Rogue harmonic power filter reduced detections from 15591 to 8533
Sep 02 04:44:40 INFO >> Filtering out duplicate freq,dm detections at multiple nharms removes 792 detections
Sep 02 04:44:40 INFO >> Duplicate freq,dm filter reduced detections to 7741
Sep 02 04:44:40 INFO >> Number of detections over threshold sigma (6.0): 7741
Sep 02 04:44:40 INFO >> Grouping duplicate frequencies together first
Sep 02 04:44:40 INFO >> Grouping duplicate frequencies removed 7219 detections from the harmonic metric computation
Sep 02 04:44:40 INFO >> Starting freq-DM distance metric computation
Sep 02 04:44:40 INFO >> Finished freq-DM distance metric computation
Sep 02 04:44:40 INFO >> Largest group size for metric computation is 97
Sep 02 04:44:40 INFO >> Starting harmonic distance metric computation
Sep 02 04:44:41 INFO >> Finished harmonic distance metric computation
Sep 02 04:44:41 INFO >> Starting DBSCAN
Sep 02 04:44:41 INFO >> Finished DBSCAN
Sep 02 04:44:41 INFO >> Clusters found: 76
Sep 02 04:44:41 INFO >> Filtered 32 clusters below or equal 2 DM.
Sep 02 04:44:41 INFO >> Total number of candidate clusters=1
Sep 02 04:44:41 INFO >> Candidate Processor of stack (315.95 49.23)
Sep 02 04:44:41 INFO >> Making SinglePointingCandidates from a list of 1 PowerSpectraDetectionClusters
Sep 02 04:44:44 INFO >> saved candidates to ./results//injections/315.95_49.23_cumulative_power_spectra_stack_20220627_11_tpa.yml_(58,)_candidates.npz
Sep 02 04:44:44 INFO >> Injected Pulsars:     1
Sep 02 04:44:44 INFO >> Injection Candidates: 1
Sep 02 04:44:44 INFO >> Recovered Injections: 1
Sep 02 04:44:44 INFO >> 1 candidates.
Sep 02 04:44:44 INFO >> Best candidate: F0: 25.536 DM: 4.05 Sigma: 8.57
Sep 02 04:44:45 INFO >> Unlinked shared memory for cumulative stack.
Sep 02 04:44:45 INFO >> Pipeline execution time: 2.05 minutes
