Sep 02 09:33:30 INFO >> {"message": "Waiting for suitable server to become available", "selector": "Primary()", "operation": "find", "topologyDescription": "<TopologyDescription id: 66d5866a6c54a9034192603e, topology_type: Unknown, servers: [<ServerDescription ('localhost', 27017) server_type: Unknown, rtt: None>]>", "clientId": {"$oid": "66d5866a6c54a9034192603e"}, "remainingTimeMS": 29}
Sep 02 09:33:30 INFO >> Features initialized as the following:
Sep 02 09:33:30 INFO >> num_unique_dms
Sep 02 09:33:30 INFO >> num_unique_freqs
Sep 02 09:33:30 INFO >> ndetections
Sep 02 09:33:30 INFO >> nharm
Sep 02 09:33:30 INFO >> log_p_dm
Sep 02 09:33:30 INFO >> ['dm_sigma_FitGaussWidth_gauss_sigma', 'dm_sigma_FitGaussWidth_gauss_sigma_rel_err', 'dm_sigma_FitGaussWidth_ndof', 'dm_sigma_FitGaussWidth_rms_err']
Sep 02 09:33:30 INFO >> ['dm_sigma_FitGauss_amplitude', 'dm_sigma_FitGauss_mu', 'dm_sigma_FitGauss_gauss_sigma', 'dm_sigma_FitGauss_amplitude_rel_err', 'dm_sigma_FitGauss_mu_rel_err', 'dm_sigma_FitGauss_gauss_sigma_rel_err', 'dm_sigma_FitGauss_amplitude-detection', 'dm_sigma_FitGauss_mu-detection', 'dm_sigma_FitGauss_ndof', 'dm_sigma_FitGauss_rms_err']
Sep 02 09:33:30 INFO >> ['freq_sigma_FitGaussWidth_gauss_sigma', 'freq_sigma_FitGaussWidth_gauss_sigma_rel_err', 'freq_sigma_FitGaussWidth_ndof', 'freq_sigma_FitGaussWidth_rms_err']
Sep 02 09:33:30 INFO >> ['freq_sigma_FitGauss_amplitude', 'freq_sigma_FitGauss_mu', 'freq_sigma_FitGauss_gauss_sigma', 'freq_sigma_FitGauss_amplitude_rel_err', 'freq_sigma_FitGauss_mu_rel_err', 'freq_sigma_FitGauss_gauss_sigma_rel_err', 'freq_sigma_FitGauss_amplitude-detection', 'freq_sigma_FitGauss_mu-detection', 'freq_sigma_FitGauss_ndof', 'freq_sigma_FitGauss_rms_err']
Sep 02 09:33:30 INFO >> Performing searching on cumulative stack 315.95 49.23
Sep 02 09:33:30 INFO >> Loading the cumulative power spectra stack to search
Sep 02 09:34:27 INFO >> DM: 19.05404166649132
Sep 02 09:34:27 INFO >> sigma: 15.697554666012856
Sep 02 09:34:27 INFO >> frequency: 41.69022080899113
Sep 02 09:34:27 INFO >> Injecting 12 harmonics.
Sep 02 09:34:27 INFO >> Starting DM: 16.596461029570328
Sep 02 09:34:27 INFO >> Stopping DM: 21.55515975182
Sep 02 09:34:27 INFO >> Expected detection at 14.06 sigma with 8 harmonics.
Sep 02 09:34:41 INFO >> Start searching 6558 dm trials using 32 harmonics.
Sep 02 09:34:47 INFO >> Moved power spectra to shared memory.
Sep 02 09:34:47 INFO >> Number of dm trials in single multi processing job: 10
Sep 02 09:35:27 INFO >> Total number of detections=15643
Sep 02 09:35:27 INFO >> Clustering the detections
Sep 02 09:35:27 INFO >> Starting clustering
Sep 02 09:35:28 INFO >> Rogue harmonic power filter reduced detections from 15643 to 8585
Sep 02 09:35:28 INFO >> Filtering out duplicate freq,dm detections at multiple nharms removes 819 detections
Sep 02 09:35:28 INFO >> Duplicate freq,dm filter reduced detections to 7766
Sep 02 09:35:28 INFO >> Number of detections over threshold sigma (6.0): 7766
Sep 02 09:35:28 INFO >> Grouping duplicate frequencies together first
Sep 02 09:35:28 INFO >> Grouping duplicate frequencies removed 7232 detections from the harmonic metric computation
Sep 02 09:35:28 INFO >> Starting freq-DM distance metric computation
Sep 02 09:35:28 INFO >> Finished freq-DM distance metric computation
Sep 02 09:35:28 INFO >> Largest group size for metric computation is 97
Sep 02 09:35:28 INFO >> Starting harmonic distance metric computation
Sep 02 09:35:29 INFO >> Finished harmonic distance metric computation
Sep 02 09:35:29 INFO >> Starting DBSCAN
Sep 02 09:35:29 INFO >> Finished DBSCAN
Sep 02 09:35:29 INFO >> Clusters found: 76
Sep 02 09:35:29 INFO >> Filtered 32 clusters below or equal 2 DM.
Sep 02 09:35:29 INFO >> Total number of candidate clusters=1
Sep 02 09:35:29 INFO >> Candidate Processor of stack (315.95 49.23)
Sep 02 09:35:29 INFO >> Making SinglePointingCandidates from a list of 1 PowerSpectraDetectionClusters
Sep 02 09:35:31 INFO >> saved candidates to ./results//injections/315.95_49.23_cumulative_power_spectra_stack_20220627_11_tpa.yml_(197,)_candidates.npz
Sep 02 09:35:31 INFO >> Injected Pulsars:     1
Sep 02 09:35:31 INFO >> Injection Candidates: 1
Sep 02 09:35:31 INFO >> Recovered Injections: 1
Sep 02 09:35:31 INFO >> 1 candidates.
Sep 02 09:35:31 INFO >> Best candidate: F0: 41.690 DM: 19.03 Sigma: 14.22
Sep 02 09:35:33 INFO >> Unlinked shared memory for cumulative stack.
Sep 02 09:35:33 INFO >> Pipeline execution time: 2.05 minutes
