Sep 02 10:13:18 INFO >> {"message": "Waiting for suitable server to become available", "selector": "Primary()", "operation": "find", "topologyDescription": "<TopologyDescription id: 66d58fbe8e00ec82c2d1a06f, topology_type: Unknown, servers: [<ServerDescription ('localhost', 27017) server_type: Unknown, rtt: None>]>", "clientId": {"$oid": "66d58fbe8e00ec82c2d1a06f"}, "remainingTimeMS": 29}
Sep 02 10:13:18 INFO >> Features initialized as the following:
Sep 02 10:13:18 INFO >> num_unique_dms
Sep 02 10:13:18 INFO >> num_unique_freqs
Sep 02 10:13:18 INFO >> ndetections
Sep 02 10:13:18 INFO >> nharm
Sep 02 10:13:18 INFO >> log_p_dm
Sep 02 10:13:18 INFO >> ['dm_sigma_FitGaussWidth_gauss_sigma', 'dm_sigma_FitGaussWidth_gauss_sigma_rel_err', 'dm_sigma_FitGaussWidth_ndof', 'dm_sigma_FitGaussWidth_rms_err']
Sep 02 10:13:18 INFO >> ['dm_sigma_FitGauss_amplitude', 'dm_sigma_FitGauss_mu', 'dm_sigma_FitGauss_gauss_sigma', 'dm_sigma_FitGauss_amplitude_rel_err', 'dm_sigma_FitGauss_mu_rel_err', 'dm_sigma_FitGauss_gauss_sigma_rel_err', 'dm_sigma_FitGauss_amplitude-detection', 'dm_sigma_FitGauss_mu-detection', 'dm_sigma_FitGauss_ndof', 'dm_sigma_FitGauss_rms_err']
Sep 02 10:13:18 INFO >> ['freq_sigma_FitGaussWidth_gauss_sigma', 'freq_sigma_FitGaussWidth_gauss_sigma_rel_err', 'freq_sigma_FitGaussWidth_ndof', 'freq_sigma_FitGaussWidth_rms_err']
Sep 02 10:13:18 INFO >> ['freq_sigma_FitGauss_amplitude', 'freq_sigma_FitGauss_mu', 'freq_sigma_FitGauss_gauss_sigma', 'freq_sigma_FitGauss_amplitude_rel_err', 'freq_sigma_FitGauss_mu_rel_err', 'freq_sigma_FitGauss_gauss_sigma_rel_err', 'freq_sigma_FitGauss_amplitude-detection', 'freq_sigma_FitGauss_mu-detection', 'freq_sigma_FitGauss_ndof', 'freq_sigma_FitGauss_rms_err']
Sep 02 10:13:18 INFO >> Performing searching on cumulative stack 315.95 49.23
Sep 02 10:13:18 INFO >> Loading the cumulative power spectra stack to search
Sep 02 10:14:15 INFO >> DM: 144.30309694091497
Sep 02 10:14:15 INFO >> sigma: 16.966612888375934
Sep 02 10:14:15 INFO >> frequency: 42.35492508330035
Sep 02 10:14:15 INFO >> Injecting 12 harmonics.
Sep 02 10:14:15 INFO >> Starting DM: 141.8795022162049
Sep 02 10:14:15 INFO >> Stopping DM: 146.73700300534742
Sep 02 10:14:15 INFO >> Expected detection at 13.30 sigma with 8 harmonics.
Sep 02 10:14:29 INFO >> Start searching 6558 dm trials using 32 harmonics.
Sep 02 10:14:35 INFO >> Moved power spectra to shared memory.
Sep 02 10:14:35 INFO >> Number of dm trials in single multi processing job: 10
Sep 02 10:15:15 INFO >> Total number of detections=15636
Sep 02 10:15:15 INFO >> Clustering the detections
Sep 02 10:15:15 INFO >> Starting clustering
Sep 02 10:15:15 INFO >> Rogue harmonic power filter reduced detections from 15636 to 8578
Sep 02 10:15:15 INFO >> Filtering out duplicate freq,dm detections at multiple nharms removes 807 detections
Sep 02 10:15:15 INFO >> Duplicate freq,dm filter reduced detections to 7771
Sep 02 10:15:15 INFO >> Number of detections over threshold sigma (6.0): 7771
Sep 02 10:15:15 INFO >> Grouping duplicate frequencies together first
Sep 02 10:15:15 INFO >> Grouping duplicate frequencies removed 7240 detections from the harmonic metric computation
Sep 02 10:15:15 INFO >> Starting freq-DM distance metric computation
Sep 02 10:15:15 INFO >> Finished freq-DM distance metric computation
Sep 02 10:15:16 INFO >> Largest group size for metric computation is 97
Sep 02 10:15:16 INFO >> Starting harmonic distance metric computation
Sep 02 10:15:16 INFO >> Finished harmonic distance metric computation
Sep 02 10:15:16 INFO >> Starting DBSCAN
Sep 02 10:15:17 INFO >> Finished DBSCAN
Sep 02 10:15:17 INFO >> Clusters found: 76
Sep 02 10:15:17 INFO >> Filtered 32 clusters below or equal 2 DM.
Sep 02 10:15:17 INFO >> Total number of candidate clusters=1
Sep 02 10:15:17 INFO >> Candidate Processor of stack (315.95 49.23)
Sep 02 10:15:17 INFO >> Making SinglePointingCandidates from a list of 1 PowerSpectraDetectionClusters
Sep 02 10:15:19 INFO >> saved candidates to ./results//injections/315.95_49.23_cumulative_power_spectra_stack_20220627_11_tpa.yml_(216,)_candidates.npz
Sep 02 10:15:19 INFO >> Injected Pulsars:     1
Sep 02 10:15:19 INFO >> Injection Candidates: 1
Sep 02 10:15:19 INFO >> Recovered Injections: 1
Sep 02 10:15:19 INFO >> 1 candidates.
Sep 02 10:15:19 INFO >> Best candidate: F0: 42.355 DM: 144.31 Sigma: 13.06
Sep 02 10:15:20 INFO >> Unlinked shared memory for cumulative stack.
Sep 02 10:15:20 INFO >> Pipeline execution time: 2.04 minutes
