Sep 02 18:10:33 INFO >> {"message": "Waiting for suitable server to become available", "selector": "Primary()", "operation": "find", "topologyDescription": "<TopologyDescription id: 66d5ff99f80d8d75ea3ab353, topology_type: Unknown, servers: [<ServerDescription ('localhost', 27017) server_type: Unknown, rtt: None>]>", "clientId": {"$oid": "66d5ff99f80d8d75ea3ab353"}, "remainingTimeMS": 29}
Sep 02 18:10:34 INFO >> Features initialized as the following:
Sep 02 18:10:34 INFO >> num_unique_dms
Sep 02 18:10:34 INFO >> num_unique_freqs
Sep 02 18:10:34 INFO >> ndetections
Sep 02 18:10:34 INFO >> nharm
Sep 02 18:10:34 INFO >> log_p_dm
Sep 02 18:10:34 INFO >> ['dm_sigma_FitGaussWidth_gauss_sigma', 'dm_sigma_FitGaussWidth_gauss_sigma_rel_err', 'dm_sigma_FitGaussWidth_ndof', 'dm_sigma_FitGaussWidth_rms_err']
Sep 02 18:10:34 INFO >> ['dm_sigma_FitGauss_amplitude', 'dm_sigma_FitGauss_mu', 'dm_sigma_FitGauss_gauss_sigma', 'dm_sigma_FitGauss_amplitude_rel_err', 'dm_sigma_FitGauss_mu_rel_err', 'dm_sigma_FitGauss_gauss_sigma_rel_err', 'dm_sigma_FitGauss_amplitude-detection', 'dm_sigma_FitGauss_mu-detection', 'dm_sigma_FitGauss_ndof', 'dm_sigma_FitGauss_rms_err']
Sep 02 18:10:34 INFO >> ['freq_sigma_FitGaussWidth_gauss_sigma', 'freq_sigma_FitGaussWidth_gauss_sigma_rel_err', 'freq_sigma_FitGaussWidth_ndof', 'freq_sigma_FitGaussWidth_rms_err']
Sep 02 18:10:34 INFO >> ['freq_sigma_FitGauss_amplitude', 'freq_sigma_FitGauss_mu', 'freq_sigma_FitGauss_gauss_sigma', 'freq_sigma_FitGauss_amplitude_rel_err', 'freq_sigma_FitGauss_mu_rel_err', 'freq_sigma_FitGauss_gauss_sigma_rel_err', 'freq_sigma_FitGauss_amplitude-detection', 'freq_sigma_FitGauss_mu-detection', 'freq_sigma_FitGauss_ndof', 'freq_sigma_FitGauss_rms_err']
Sep 02 18:10:34 INFO >> Performing searching on cumulative stack 315.95 49.23
Sep 02 18:10:34 INFO >> Loading the cumulative power spectra stack to search
Sep 02 18:11:31 INFO >> DM: 183.45786888571095
Sep 02 18:11:31 INFO >> sigma: 12.072712442251389
Sep 02 18:11:31 INFO >> frequency: 45.131599507862575
Sep 02 18:11:31 INFO >> Injecting 11 harmonics.
Sep 02 18:11:31 INFO >> Starting DM: 181.1443002617737
Sep 02 18:11:31 INFO >> Stopping DM: 185.69820725159485
Sep 02 18:11:31 INFO >> Expected detection at 11.22 sigma with 8 harmonics.
Sep 02 18:11:45 INFO >> Start searching 6558 dm trials using 32 harmonics.
Sep 02 18:11:51 INFO >> Moved power spectra to shared memory.
Sep 02 18:11:51 INFO >> Number of dm trials in single multi processing job: 10
Sep 02 18:12:31 INFO >> Total number of detections=15601
Sep 02 18:12:31 INFO >> Clustering the detections
Sep 02 18:12:31 INFO >> Starting clustering
Sep 02 18:12:31 INFO >> Rogue harmonic power filter reduced detections from 15601 to 8543
Sep 02 18:12:31 INFO >> Filtering out duplicate freq,dm detections at multiple nharms removes 793 detections
Sep 02 18:12:31 INFO >> Duplicate freq,dm filter reduced detections to 7750
Sep 02 18:12:31 INFO >> Number of detections over threshold sigma (6.0): 7750
Sep 02 18:12:31 INFO >> Grouping duplicate frequencies together first
Sep 02 18:12:31 INFO >> Grouping duplicate frequencies removed 7225 detections from the harmonic metric computation
Sep 02 18:12:31 INFO >> Starting freq-DM distance metric computation
Sep 02 18:12:32 INFO >> Finished freq-DM distance metric computation
Sep 02 18:12:32 INFO >> Largest group size for metric computation is 97
Sep 02 18:12:32 INFO >> Starting harmonic distance metric computation
Sep 02 18:12:33 INFO >> Finished harmonic distance metric computation
Sep 02 18:12:33 INFO >> Starting DBSCAN
Sep 02 18:12:33 INFO >> Finished DBSCAN
Sep 02 18:12:33 INFO >> Clusters found: 76
Sep 02 18:12:33 INFO >> Filtered 32 clusters below or equal 2 DM.
Sep 02 18:12:33 INFO >> Total number of candidate clusters=1
Sep 02 18:12:33 INFO >> Candidate Processor of stack (315.95 49.23)
Sep 02 18:12:33 INFO >> Making SinglePointingCandidates from a list of 1 PowerSpectraDetectionClusters
Sep 02 18:12:35 INFO >> saved candidates to ./results//injections/315.95_49.23_cumulative_power_spectra_stack_20220627_11_tpa.yml_(444,)_candidates.npz
Sep 02 18:12:35 INFO >> Injected Pulsars:     1
Sep 02 18:12:35 INFO >> Injection Candidates: 1
Sep 02 18:12:35 INFO >> Recovered Injections: 1
Sep 02 18:12:35 INFO >> 1 candidates.
Sep 02 18:12:35 INFO >> Best candidate: F0: 45.132 DM: 183.47 Sigma: 11.36
Sep 02 18:12:36 INFO >> Unlinked shared memory for cumulative stack.
Sep 02 18:12:36 INFO >> Pipeline execution time: 2.05 minutes
