Sep 02 21:33:29 INFO >> {"message": "Waiting for suitable server to become available", "selector": "Primary()", "operation": "find", "topologyDescription": "<TopologyDescription id: 66d62f2987404f3dc3cb67c9, topology_type: Unknown, servers: [<ServerDescription ('localhost', 27017) server_type: Unknown, rtt: None>]>", "clientId": {"$oid": "66d62f2987404f3dc3cb67c9"}, "remainingTimeMS": 29}
Sep 02 21:33:29 INFO >> Features initialized as the following:
Sep 02 21:33:29 INFO >> num_unique_dms
Sep 02 21:33:29 INFO >> num_unique_freqs
Sep 02 21:33:29 INFO >> ndetections
Sep 02 21:33:29 INFO >> nharm
Sep 02 21:33:29 INFO >> log_p_dm
Sep 02 21:33:29 INFO >> ['dm_sigma_FitGaussWidth_gauss_sigma', 'dm_sigma_FitGaussWidth_gauss_sigma_rel_err', 'dm_sigma_FitGaussWidth_ndof', 'dm_sigma_FitGaussWidth_rms_err']
Sep 02 21:33:29 INFO >> ['dm_sigma_FitGauss_amplitude', 'dm_sigma_FitGauss_mu', 'dm_sigma_FitGauss_gauss_sigma', 'dm_sigma_FitGauss_amplitude_rel_err', 'dm_sigma_FitGauss_mu_rel_err', 'dm_sigma_FitGauss_gauss_sigma_rel_err', 'dm_sigma_FitGauss_amplitude-detection', 'dm_sigma_FitGauss_mu-detection', 'dm_sigma_FitGauss_ndof', 'dm_sigma_FitGauss_rms_err']
Sep 02 21:33:29 INFO >> ['freq_sigma_FitGaussWidth_gauss_sigma', 'freq_sigma_FitGaussWidth_gauss_sigma_rel_err', 'freq_sigma_FitGaussWidth_ndof', 'freq_sigma_FitGaussWidth_rms_err']
Sep 02 21:33:29 INFO >> ['freq_sigma_FitGauss_amplitude', 'freq_sigma_FitGauss_mu', 'freq_sigma_FitGauss_gauss_sigma', 'freq_sigma_FitGauss_amplitude_rel_err', 'freq_sigma_FitGauss_mu_rel_err', 'freq_sigma_FitGauss_gauss_sigma_rel_err', 'freq_sigma_FitGauss_amplitude-detection', 'freq_sigma_FitGauss_mu-detection', 'freq_sigma_FitGauss_ndof', 'freq_sigma_FitGauss_rms_err']
Sep 02 21:33:29 INFO >> Performing searching on cumulative stack 315.95 49.23
Sep 02 21:33:29 INFO >> Loading the cumulative power spectra stack to search
Sep 02 21:34:26 INFO >> DM: 186.56112230526585
Sep 02 21:34:26 INFO >> sigma: 15.620915422157218
Sep 02 21:34:26 INFO >> frequency: 43.594812133458284
Sep 02 21:34:26 INFO >> Injecting 11 harmonics.
Sep 02 21:34:26 INFO >> Starting DM: 184.1802382549878
Sep 02 21:34:26 INFO >> Stopping DM: 188.9365411110232
Sep 02 21:34:26 INFO >> Expected detection at 12.61 sigma with 8 harmonics.
Sep 02 21:34:40 INFO >> Start searching 6558 dm trials using 32 harmonics.
Sep 02 21:34:46 INFO >> Moved power spectra to shared memory.
Sep 02 21:34:46 INFO >> Number of dm trials in single multi processing job: 10
Sep 02 21:35:26 INFO >> Total number of detections=15664
Sep 02 21:35:26 INFO >> Clustering the detections
Sep 02 21:35:26 INFO >> Starting clustering
Sep 02 21:35:26 INFO >> Rogue harmonic power filter reduced detections from 15664 to 8606
Sep 02 21:35:26 INFO >> Filtering out duplicate freq,dm detections at multiple nharms removes 815 detections
Sep 02 21:35:26 INFO >> Duplicate freq,dm filter reduced detections to 7791
Sep 02 21:35:26 INFO >> Number of detections over threshold sigma (6.0): 7791
Sep 02 21:35:26 INFO >> Grouping duplicate frequencies together first
Sep 02 21:35:26 INFO >> Grouping duplicate frequencies removed 7252 detections from the harmonic metric computation
Sep 02 21:35:26 INFO >> Starting freq-DM distance metric computation
Sep 02 21:35:27 INFO >> Finished freq-DM distance metric computation
Sep 02 21:35:27 INFO >> Largest group size for metric computation is 97
Sep 02 21:35:27 INFO >> Starting harmonic distance metric computation
Sep 02 21:35:28 INFO >> Finished harmonic distance metric computation
Sep 02 21:35:28 INFO >> Starting DBSCAN
Sep 02 21:35:28 INFO >> Finished DBSCAN
Sep 02 21:35:28 INFO >> Clusters found: 76
Sep 02 21:35:28 INFO >> Filtered 32 clusters below or equal 2 DM.
Sep 02 21:35:28 INFO >> Total number of candidate clusters=1
Sep 02 21:35:28 INFO >> Candidate Processor of stack (315.95 49.23)
Sep 02 21:35:28 INFO >> Making SinglePointingCandidates from a list of 1 PowerSpectraDetectionClusters
Sep 02 21:35:30 INFO >> saved candidates to ./results//injections/315.95_49.23_cumulative_power_spectra_stack_20220627_11_tpa.yml_(541,)_candidates.npz
Sep 02 21:35:30 INFO >> Injected Pulsars:     1
Sep 02 21:35:30 INFO >> Injection Candidates: 1
Sep 02 21:35:30 INFO >> Recovered Injections: 1
Sep 02 21:35:30 INFO >> 1 candidates.
Sep 02 21:35:30 INFO >> Best candidate: F0: 43.595 DM: 186.61 Sigma: 12.93
Sep 02 21:35:31 INFO >> Unlinked shared memory for cumulative stack.
Sep 02 21:35:31 INFO >> Pipeline execution time: 2.05 minutes
