Sep 02 22:42:28 INFO >> {"message": "Waiting for suitable server to become available", "selector": "Primary()", "operation": "find", "topologyDescription": "<TopologyDescription id: 66d63f54a9b0650be1781d53, topology_type: Unknown, servers: [<ServerDescription ('localhost', 27017) server_type: Unknown, rtt: None>]>", "clientId": {"$oid": "66d63f54a9b0650be1781d53"}, "remainingTimeMS": 29}
Sep 02 22:42:28 INFO >> Features initialized as the following:
Sep 02 22:42:28 INFO >> num_unique_dms
Sep 02 22:42:28 INFO >> num_unique_freqs
Sep 02 22:42:28 INFO >> ndetections
Sep 02 22:42:28 INFO >> nharm
Sep 02 22:42:28 INFO >> log_p_dm
Sep 02 22:42:28 INFO >> ['dm_sigma_FitGaussWidth_gauss_sigma', 'dm_sigma_FitGaussWidth_gauss_sigma_rel_err', 'dm_sigma_FitGaussWidth_ndof', 'dm_sigma_FitGaussWidth_rms_err']
Sep 02 22:42:28 INFO >> ['dm_sigma_FitGauss_amplitude', 'dm_sigma_FitGauss_mu', 'dm_sigma_FitGauss_gauss_sigma', 'dm_sigma_FitGauss_amplitude_rel_err', 'dm_sigma_FitGauss_mu_rel_err', 'dm_sigma_FitGauss_gauss_sigma_rel_err', 'dm_sigma_FitGauss_amplitude-detection', 'dm_sigma_FitGauss_mu-detection', 'dm_sigma_FitGauss_ndof', 'dm_sigma_FitGauss_rms_err']
Sep 02 22:42:28 INFO >> ['freq_sigma_FitGaussWidth_gauss_sigma', 'freq_sigma_FitGaussWidth_gauss_sigma_rel_err', 'freq_sigma_FitGaussWidth_ndof', 'freq_sigma_FitGaussWidth_rms_err']
Sep 02 22:42:28 INFO >> ['freq_sigma_FitGauss_amplitude', 'freq_sigma_FitGauss_mu', 'freq_sigma_FitGauss_gauss_sigma', 'freq_sigma_FitGauss_amplitude_rel_err', 'freq_sigma_FitGauss_mu_rel_err', 'freq_sigma_FitGauss_gauss_sigma_rel_err', 'freq_sigma_FitGauss_amplitude-detection', 'freq_sigma_FitGauss_mu-detection', 'freq_sigma_FitGauss_ndof', 'freq_sigma_FitGauss_rms_err']
Sep 02 22:42:29 INFO >> Performing searching on cumulative stack 315.95 49.23
Sep 02 22:42:29 INFO >> Loading the cumulative power spectra stack to search
Sep 02 22:43:26 INFO >> DM: 93.4261977202455
Sep 02 22:43:26 INFO >> sigma: 14.494217604944904
Sep 02 22:43:26 INFO >> frequency: 10.501521960718652
Sep 02 22:43:26 INFO >> Injecting 48 harmonics.
Sep 02 22:43:26 INFO >> Starting DM: 83.58949274649447
Sep 02 22:43:26 INFO >> Stopping DM: 103.22189176927888
Sep 02 22:43:26 INFO >> Expected detection at 12.92 sigma with 16 harmonics.
Sep 02 22:43:40 INFO >> Start searching 6558 dm trials using 32 harmonics.
Sep 02 22:43:46 INFO >> Moved power spectra to shared memory.
Sep 02 22:43:46 INFO >> Number of dm trials in single multi processing job: 10
Sep 02 22:44:28 INFO >> Total number of detections=15899
Sep 02 22:44:28 INFO >> Clustering the detections
Sep 02 22:44:28 INFO >> Starting clustering
Sep 02 22:44:28 INFO >> Rogue harmonic power filter reduced detections from 15899 to 8841
Sep 02 22:44:28 INFO >> Filtering out duplicate freq,dm detections at multiple nharms removes 917 detections
Sep 02 22:44:28 INFO >> Duplicate freq,dm filter reduced detections to 7924
Sep 02 22:44:28 INFO >> Number of detections over threshold sigma (6.0): 7924
Sep 02 22:44:28 INFO >> Grouping duplicate frequencies together first
Sep 02 22:44:28 INFO >> Grouping duplicate frequencies removed 7383 detections from the harmonic metric computation
Sep 02 22:44:28 INFO >> Starting freq-DM distance metric computation
Sep 02 22:44:28 INFO >> Finished freq-DM distance metric computation
Sep 02 22:44:29 INFO >> Largest group size for metric computation is 97
Sep 02 22:44:29 INFO >> Starting harmonic distance metric computation
Sep 02 22:44:29 INFO >> Finished harmonic distance metric computation
Sep 02 22:44:29 INFO >> Starting DBSCAN
Sep 02 22:44:30 INFO >> Finished DBSCAN
Sep 02 22:44:30 INFO >> Clusters found: 76
Sep 02 22:44:30 INFO >> Filtered 32 clusters below or equal 2 DM.
Sep 02 22:44:30 INFO >> Total number of candidate clusters=1
Sep 02 22:44:30 INFO >> Candidate Processor of stack (315.95 49.23)
Sep 02 22:44:30 INFO >> Making SinglePointingCandidates from a list of 1 PowerSpectraDetectionClusters
Sep 02 22:44:32 INFO >> saved candidates to ./results//injections/315.95_49.23_cumulative_power_spectra_stack_20220627_11_tpa.yml_(574,)_candidates.npz
Sep 02 22:44:32 INFO >> Injected Pulsars:     1
Sep 02 22:44:32 INFO >> Injection Candidates: 1
Sep 02 22:44:32 INFO >> Recovered Injections: 1
Sep 02 22:44:32 INFO >> 1 candidates.
Sep 02 22:44:32 INFO >> Best candidate: F0: 10.502 DM: 93.41 Sigma: 12.14
Sep 02 22:44:33 INFO >> Unlinked shared memory for cumulative stack.
Sep 02 22:44:33 INFO >> Pipeline execution time: 2.08 minutes
