Sep 02 15:56:32 INFO >> {"message": "Waiting for suitable server to become available", "selector": "Primary()", "operation": "find", "topologyDescription": "<TopologyDescription id: 66d5e0307eac652ad43f9e96, topology_type: Unknown, servers: [<ServerDescription ('localhost', 27017) server_type: Unknown, rtt: None>]>", "clientId": {"$oid": "66d5e0307eac652ad43f9e96"}, "remainingTimeMS": 29}
Sep 02 15:56:32 INFO >> Features initialized as the following:
Sep 02 15:56:32 INFO >> num_unique_dms
Sep 02 15:56:32 INFO >> num_unique_freqs
Sep 02 15:56:32 INFO >> ndetections
Sep 02 15:56:32 INFO >> nharm
Sep 02 15:56:32 INFO >> log_p_dm
Sep 02 15:56:32 INFO >> ['dm_sigma_FitGaussWidth_gauss_sigma', 'dm_sigma_FitGaussWidth_gauss_sigma_rel_err', 'dm_sigma_FitGaussWidth_ndof', 'dm_sigma_FitGaussWidth_rms_err']
Sep 02 15:56:32 INFO >> ['dm_sigma_FitGauss_amplitude', 'dm_sigma_FitGauss_mu', 'dm_sigma_FitGauss_gauss_sigma', 'dm_sigma_FitGauss_amplitude_rel_err', 'dm_sigma_FitGauss_mu_rel_err', 'dm_sigma_FitGauss_gauss_sigma_rel_err', 'dm_sigma_FitGauss_amplitude-detection', 'dm_sigma_FitGauss_mu-detection', 'dm_sigma_FitGauss_ndof', 'dm_sigma_FitGauss_rms_err']
Sep 02 15:56:32 INFO >> ['freq_sigma_FitGaussWidth_gauss_sigma', 'freq_sigma_FitGaussWidth_gauss_sigma_rel_err', 'freq_sigma_FitGaussWidth_ndof', 'freq_sigma_FitGaussWidth_rms_err']
Sep 02 15:56:32 INFO >> ['freq_sigma_FitGauss_amplitude', 'freq_sigma_FitGauss_mu', 'freq_sigma_FitGauss_gauss_sigma', 'freq_sigma_FitGauss_amplitude_rel_err', 'freq_sigma_FitGauss_mu_rel_err', 'freq_sigma_FitGauss_gauss_sigma_rel_err', 'freq_sigma_FitGauss_amplitude-detection', 'freq_sigma_FitGauss_mu-detection', 'freq_sigma_FitGauss_ndof', 'freq_sigma_FitGauss_rms_err']
Sep 02 15:56:32 INFO >> Performing searching on cumulative stack 315.95 49.23
Sep 02 15:56:32 INFO >> Loading the cumulative power spectra stack to search
Sep 02 15:57:29 INFO >> DM: 19.462931105396777
Sep 02 15:57:29 INFO >> sigma: 16.03229759037116
Sep 02 15:57:29 INFO >> frequency: 49.96884410990457
Sep 02 15:57:29 INFO >> Injecting 10 harmonics.
Sep 02 15:57:29 INFO >> Starting DM: 17.40604449442742
Sep 02 15:57:29 INFO >> Stopping DM: 21.55515975182
Sep 02 15:57:29 INFO >> Expected detection at 13.46 sigma with 8 harmonics.
Sep 02 15:57:43 INFO >> Start searching 6558 dm trials using 32 harmonics.
Sep 02 15:57:49 INFO >> Moved power spectra to shared memory.
Sep 02 15:57:49 INFO >> Number of dm trials in single multi processing job: 10
Sep 02 15:58:29 INFO >> Total number of detections=15640
Sep 02 15:58:29 INFO >> Clustering the detections
Sep 02 15:58:29 INFO >> Starting clustering
Sep 02 15:58:29 INFO >> Rogue harmonic power filter reduced detections from 15640 to 8576
Sep 02 15:58:29 INFO >> Filtering out duplicate freq,dm detections at multiple nharms removes 810 detections
Sep 02 15:58:29 INFO >> Duplicate freq,dm filter reduced detections to 7766
Sep 02 15:58:29 INFO >> Number of detections over threshold sigma (6.0): 7766
Sep 02 15:58:29 INFO >> Grouping duplicate frequencies together first
Sep 02 15:58:29 INFO >> Grouping duplicate frequencies removed 7230 detections from the harmonic metric computation
Sep 02 15:58:29 INFO >> Starting freq-DM distance metric computation
Sep 02 15:58:30 INFO >> Finished freq-DM distance metric computation
Sep 02 15:58:30 INFO >> Largest group size for metric computation is 97
Sep 02 15:58:30 INFO >> Starting harmonic distance metric computation
Sep 02 15:58:31 INFO >> Finished harmonic distance metric computation
Sep 02 15:58:31 INFO >> Starting DBSCAN
Sep 02 15:58:31 INFO >> Finished DBSCAN
Sep 02 15:58:31 INFO >> Clusters found: 76
Sep 02 15:58:31 INFO >> Filtered 32 clusters below or equal 2 DM.
Sep 02 15:58:31 INFO >> Total number of candidate clusters=1
Sep 02 15:58:31 INFO >> Candidate Processor of stack (315.95 49.23)
Sep 02 15:58:31 INFO >> Making SinglePointingCandidates from a list of 1 PowerSpectraDetectionClusters
Sep 02 15:58:33 INFO >> saved candidates to ./results//injections/315.95_49.23_cumulative_power_spectra_stack_20220627_11_tpa.yml_(380,)_candidates.npz
Sep 02 15:58:33 INFO >> Injected Pulsars:     1
Sep 02 15:58:33 INFO >> Injection Candidates: 1
Sep 02 15:58:33 INFO >> Recovered Injections: 1
Sep 02 15:58:33 INFO >> 1 candidates.
Sep 02 15:58:33 INFO >> Best candidate: F0: 49.969 DM: 19.43 Sigma: 12.93
Sep 02 15:58:35 INFO >> Unlinked shared memory for cumulative stack.
Sep 02 15:58:35 INFO >> Pipeline execution time: 2.05 minutes
