Sep 02 20:13:57 INFO >> {"message": "Waiting for suitable server to become available", "selector": "Primary()", "operation": "find", "topologyDescription": "<TopologyDescription id: 66d61c85ccdd12130313e145, topology_type: Unknown, servers: [<ServerDescription ('localhost', 27017) server_type: Unknown, rtt: None>]>", "clientId": {"$oid": "66d61c85ccdd12130313e145"}, "remainingTimeMS": 29}
Sep 02 20:13:57 INFO >> Features initialized as the following:
Sep 02 20:13:57 INFO >> num_unique_dms
Sep 02 20:13:57 INFO >> num_unique_freqs
Sep 02 20:13:57 INFO >> ndetections
Sep 02 20:13:57 INFO >> nharm
Sep 02 20:13:57 INFO >> log_p_dm
Sep 02 20:13:57 INFO >> ['dm_sigma_FitGaussWidth_gauss_sigma', 'dm_sigma_FitGaussWidth_gauss_sigma_rel_err', 'dm_sigma_FitGaussWidth_ndof', 'dm_sigma_FitGaussWidth_rms_err']
Sep 02 20:13:57 INFO >> ['dm_sigma_FitGauss_amplitude', 'dm_sigma_FitGauss_mu', 'dm_sigma_FitGauss_gauss_sigma', 'dm_sigma_FitGauss_amplitude_rel_err', 'dm_sigma_FitGauss_mu_rel_err', 'dm_sigma_FitGauss_gauss_sigma_rel_err', 'dm_sigma_FitGauss_amplitude-detection', 'dm_sigma_FitGauss_mu-detection', 'dm_sigma_FitGauss_ndof', 'dm_sigma_FitGauss_rms_err']
Sep 02 20:13:57 INFO >> ['freq_sigma_FitGaussWidth_gauss_sigma', 'freq_sigma_FitGaussWidth_gauss_sigma_rel_err', 'freq_sigma_FitGaussWidth_ndof', 'freq_sigma_FitGaussWidth_rms_err']
Sep 02 20:13:57 INFO >> ['freq_sigma_FitGauss_amplitude', 'freq_sigma_FitGauss_mu', 'freq_sigma_FitGauss_gauss_sigma', 'freq_sigma_FitGauss_amplitude_rel_err', 'freq_sigma_FitGauss_mu_rel_err', 'freq_sigma_FitGauss_gauss_sigma_rel_err', 'freq_sigma_FitGauss_amplitude-detection', 'freq_sigma_FitGauss_mu-detection', 'freq_sigma_FitGauss_ndof', 'freq_sigma_FitGauss_rms_err']
Sep 02 20:13:57 INFO >> Performing searching on cumulative stack 315.95 49.23
Sep 02 20:13:57 INFO >> Loading the cumulative power spectra stack to search
Sep 02 20:14:55 INFO >> DM: 54.069862220909314
Sep 02 20:14:55 INFO >> sigma: 10.495229883115293
Sep 02 20:14:55 INFO >> frequency: 59.728273397129236
Sep 02 20:14:55 INFO >> Injecting 8 harmonics.
Sep 02 20:14:55 INFO >> Starting DM: 52.31933141638939
Sep 02 20:14:55 INFO >> Stopping DM: 55.760061142032015
Sep 02 20:14:55 INFO >> Expected detection at 7.24 sigma with 8 harmonics.
Sep 02 20:15:09 INFO >> Start searching 6558 dm trials using 32 harmonics.
Sep 02 20:15:14 INFO >> Moved power spectra to shared memory.
Sep 02 20:15:14 INFO >> Number of dm trials in single multi processing job: 10
Sep 02 20:15:55 INFO >> Total number of detections=15578
Sep 02 20:15:55 INFO >> Clustering the detections
Sep 02 20:15:55 INFO >> Starting clustering
Sep 02 20:15:55 INFO >> Rogue harmonic power filter reduced detections from 15578 to 8520
Sep 02 20:15:55 INFO >> Filtering out duplicate freq,dm detections at multiple nharms removes 787 detections
Sep 02 20:15:55 INFO >> Duplicate freq,dm filter reduced detections to 7733
Sep 02 20:15:55 INFO >> Number of detections over threshold sigma (6.0): 7733
Sep 02 20:15:55 INFO >> Grouping duplicate frequencies together first
Sep 02 20:15:55 INFO >> Grouping duplicate frequencies removed 7214 detections from the harmonic metric computation
Sep 02 20:15:55 INFO >> Starting freq-DM distance metric computation
Sep 02 20:15:55 INFO >> Finished freq-DM distance metric computation
Sep 02 20:15:56 INFO >> Largest group size for metric computation is 97
Sep 02 20:15:56 INFO >> Starting harmonic distance metric computation
Sep 02 20:15:56 INFO >> Finished harmonic distance metric computation
Sep 02 20:15:56 INFO >> Starting DBSCAN
Sep 02 20:15:57 INFO >> Finished DBSCAN
Sep 02 20:15:57 INFO >> Clusters found: 75
Sep 02 20:15:57 INFO >> Filtered 32 clusters below or equal 2 DM.
Sep 02 20:15:57 INFO >> Total number of candidate clusters=0
Sep 02 20:15:57 INFO >> Candidate Processor of stack (315.95 49.23)
Sep 02 20:15:57 INFO >> Making SinglePointingCandidates from a list of 0 PowerSpectraDetectionClusters
Sep 02 20:15:59 INFO >> saved candidates to ./results//injections/315.95_49.23_cumulative_power_spectra_stack_20220627_11_tpa.yml_(503,)_candidates.npz
Sep 02 20:15:59 INFO >> Injected Pulsars:     1
Sep 02 20:15:59 INFO >> Injection Candidates: 0
Sep 02 20:15:59 INFO >> Recovered Injections: 0
Sep 02 20:15:59 INFO >> 0 candidates.
Sep 02 20:16:00 INFO >> Unlinked shared memory for cumulative stack.
Sep 02 20:16:00 INFO >> Pipeline execution time: 2.05 minutes
