Sep 02 12:35:36 INFO >> {"message": "Waiting for suitable server to become available", "selector": "Primary()", "operation": "find", "topologyDescription": "<TopologyDescription id: 66d5b118ebf5d9d2a1bdf804, topology_type: Unknown, servers: [<ServerDescription ('localhost', 27017) server_type: Unknown, rtt: None>]>", "clientId": {"$oid": "66d5b118ebf5d9d2a1bdf804"}, "remainingTimeMS": 29}
Sep 02 12:35:36 INFO >> Features initialized as the following:
Sep 02 12:35:36 INFO >> num_unique_dms
Sep 02 12:35:36 INFO >> num_unique_freqs
Sep 02 12:35:36 INFO >> ndetections
Sep 02 12:35:36 INFO >> nharm
Sep 02 12:35:36 INFO >> log_p_dm
Sep 02 12:35:36 INFO >> ['dm_sigma_FitGaussWidth_gauss_sigma', 'dm_sigma_FitGaussWidth_gauss_sigma_rel_err', 'dm_sigma_FitGaussWidth_ndof', 'dm_sigma_FitGaussWidth_rms_err']
Sep 02 12:35:36 INFO >> ['dm_sigma_FitGauss_amplitude', 'dm_sigma_FitGauss_mu', 'dm_sigma_FitGauss_gauss_sigma', 'dm_sigma_FitGauss_amplitude_rel_err', 'dm_sigma_FitGauss_mu_rel_err', 'dm_sigma_FitGauss_gauss_sigma_rel_err', 'dm_sigma_FitGauss_amplitude-detection', 'dm_sigma_FitGauss_mu-detection', 'dm_sigma_FitGauss_ndof', 'dm_sigma_FitGauss_rms_err']
Sep 02 12:35:36 INFO >> ['freq_sigma_FitGaussWidth_gauss_sigma', 'freq_sigma_FitGaussWidth_gauss_sigma_rel_err', 'freq_sigma_FitGaussWidth_ndof', 'freq_sigma_FitGaussWidth_rms_err']
Sep 02 12:35:36 INFO >> ['freq_sigma_FitGauss_amplitude', 'freq_sigma_FitGauss_mu', 'freq_sigma_FitGauss_gauss_sigma', 'freq_sigma_FitGauss_amplitude_rel_err', 'freq_sigma_FitGauss_mu_rel_err', 'freq_sigma_FitGauss_gauss_sigma_rel_err', 'freq_sigma_FitGauss_amplitude-detection', 'freq_sigma_FitGauss_mu-detection', 'freq_sigma_FitGauss_ndof', 'freq_sigma_FitGauss_rms_err']
Sep 02 12:35:36 INFO >> Performing searching on cumulative stack 315.95 49.23
Sep 02 12:35:36 INFO >> Loading the cumulative power spectra stack to search
Sep 02 12:36:33 INFO >> DM: 42.605096499480915
Sep 02 12:36:33 INFO >> sigma: 16.262036642739854
Sep 02 12:36:33 INFO >> frequency: 54.83954414269124
Sep 02 12:36:33 INFO >> Injecting 9 harmonics.
Sep 02 12:36:33 INFO >> Starting DM: 40.68156910906873
Sep 02 12:36:33 INFO >> Stopping DM: 44.52709056713991
Sep 02 12:36:33 INFO >> Expected detection at 9.88 sigma with 8 harmonics.
Sep 02 12:36:47 INFO >> Start searching 6558 dm trials using 32 harmonics.
Sep 02 12:36:53 INFO >> Moved power spectra to shared memory.
Sep 02 12:36:53 INFO >> Number of dm trials in single multi processing job: 10
Sep 02 12:37:34 INFO >> Total number of detections=15583
Sep 02 12:37:34 INFO >> Clustering the detections
Sep 02 12:37:34 INFO >> Starting clustering
Sep 02 12:37:34 INFO >> Rogue harmonic power filter reduced detections from 15583 to 8525
Sep 02 12:37:34 INFO >> Filtering out duplicate freq,dm detections at multiple nharms removes 787 detections
Sep 02 12:37:34 INFO >> Duplicate freq,dm filter reduced detections to 7738
Sep 02 12:37:34 INFO >> Number of detections over threshold sigma (6.0): 7738
Sep 02 12:37:34 INFO >> Grouping duplicate frequencies together first
Sep 02 12:37:34 INFO >> Grouping duplicate frequencies removed 7215 detections from the harmonic metric computation
Sep 02 12:37:34 INFO >> Starting freq-DM distance metric computation
Sep 02 12:37:34 INFO >> Finished freq-DM distance metric computation
Sep 02 12:37:35 INFO >> Largest group size for metric computation is 97
Sep 02 12:37:35 INFO >> Starting harmonic distance metric computation
Sep 02 12:37:35 INFO >> Finished harmonic distance metric computation
Sep 02 12:37:35 INFO >> Starting DBSCAN
Sep 02 12:37:36 INFO >> Finished DBSCAN
Sep 02 12:37:36 INFO >> Clusters found: 76
Sep 02 12:37:36 INFO >> Filtered 32 clusters below or equal 2 DM.
Sep 02 12:37:36 INFO >> Total number of candidate clusters=1
Sep 02 12:37:36 INFO >> Candidate Processor of stack (315.95 49.23)
Sep 02 12:37:36 INFO >> Making SinglePointingCandidates from a list of 1 PowerSpectraDetectionClusters
Sep 02 12:37:38 INFO >> saved candidates to ./results//injections/315.95_49.23_cumulative_power_spectra_stack_20220627_11_tpa.yml_(284,)_candidates.npz
Sep 02 12:37:38 INFO >> Injected Pulsars:     1
Sep 02 12:37:38 INFO >> Injection Candidates: 1
Sep 02 12:37:38 INFO >> Recovered Injections: 1
Sep 02 12:37:38 INFO >> 1 candidates.
Sep 02 12:37:38 INFO >> Best candidate: F0: 54.839 DM: 42.60 Sigma: 9.01
Sep 02 12:37:39 INFO >> Unlinked shared memory for cumulative stack.
Sep 02 12:37:39 INFO >> Pipeline execution time: 2.06 minutes
