Sep 02 06:37:48 INFO >> {"message": "Waiting for suitable server to become available", "selector": "Primary()", "operation": "find", "topologyDescription": "<TopologyDescription id: 66d55d3cf44246d1b71fb6d6, topology_type: Unknown, servers: [<ServerDescription ('localhost', 27017) server_type: Unknown, rtt: None>]>", "clientId": {"$oid": "66d55d3cf44246d1b71fb6d6"}, "remainingTimeMS": 29}
Sep 02 06:37:48 INFO >> Features initialized as the following:
Sep 02 06:37:48 INFO >> num_unique_dms
Sep 02 06:37:48 INFO >> num_unique_freqs
Sep 02 06:37:48 INFO >> ndetections
Sep 02 06:37:48 INFO >> nharm
Sep 02 06:37:48 INFO >> log_p_dm
Sep 02 06:37:48 INFO >> ['dm_sigma_FitGaussWidth_gauss_sigma', 'dm_sigma_FitGaussWidth_gauss_sigma_rel_err', 'dm_sigma_FitGaussWidth_ndof', 'dm_sigma_FitGaussWidth_rms_err']
Sep 02 06:37:48 INFO >> ['dm_sigma_FitGauss_amplitude', 'dm_sigma_FitGauss_mu', 'dm_sigma_FitGauss_gauss_sigma', 'dm_sigma_FitGauss_amplitude_rel_err', 'dm_sigma_FitGauss_mu_rel_err', 'dm_sigma_FitGauss_gauss_sigma_rel_err', 'dm_sigma_FitGauss_amplitude-detection', 'dm_sigma_FitGauss_mu-detection', 'dm_sigma_FitGauss_ndof', 'dm_sigma_FitGauss_rms_err']
Sep 02 06:37:48 INFO >> ['freq_sigma_FitGaussWidth_gauss_sigma', 'freq_sigma_FitGaussWidth_gauss_sigma_rel_err', 'freq_sigma_FitGaussWidth_ndof', 'freq_sigma_FitGaussWidth_rms_err']
Sep 02 06:37:48 INFO >> ['freq_sigma_FitGauss_amplitude', 'freq_sigma_FitGauss_mu', 'freq_sigma_FitGauss_gauss_sigma', 'freq_sigma_FitGauss_amplitude_rel_err', 'freq_sigma_FitGauss_mu_rel_err', 'freq_sigma_FitGauss_gauss_sigma_rel_err', 'freq_sigma_FitGauss_amplitude-detection', 'freq_sigma_FitGauss_mu-detection', 'freq_sigma_FitGauss_ndof', 'freq_sigma_FitGauss_rms_err']
Sep 02 06:37:48 INFO >> Performing searching on cumulative stack 315.95 49.23
Sep 02 06:37:48 INFO >> Loading the cumulative power spectra stack to search
Sep 02 06:38:46 INFO >> DM: 126.19328893861825
Sep 02 06:38:46 INFO >> sigma: 16.876589658628816
Sep 02 06:38:46 INFO >> frequency: 61.209165858923065
Sep 02 06:38:46 INFO >> Injecting 8 harmonics.
Sep 02 06:38:46 INFO >> Starting DM: 124.47345772177746
Sep 02 06:38:46 INFO >> Stopping DM: 127.91418744742009
Sep 02 06:38:46 INFO >> Expected detection at 11.51 sigma with 8 harmonics.
Sep 02 06:39:00 INFO >> Start searching 6558 dm trials using 32 harmonics.
Sep 02 06:39:05 INFO >> Moved power spectra to shared memory.
Sep 02 06:39:05 INFO >> Number of dm trials in single multi processing job: 10
Sep 02 06:39:45 INFO >> Total number of detections=15605
Sep 02 06:39:45 INFO >> Clustering the detections
Sep 02 06:39:45 INFO >> Starting clustering
Sep 02 06:39:46 INFO >> Rogue harmonic power filter reduced detections from 15605 to 8547
Sep 02 06:39:46 INFO >> Filtering out duplicate freq,dm detections at multiple nharms removes 800 detections
Sep 02 06:39:46 INFO >> Duplicate freq,dm filter reduced detections to 7747
Sep 02 06:39:46 INFO >> Number of detections over threshold sigma (6.0): 7747
Sep 02 06:39:46 INFO >> Grouping duplicate frequencies together first
Sep 02 06:39:46 INFO >> Grouping duplicate frequencies removed 7220 detections from the harmonic metric computation
Sep 02 06:39:46 INFO >> Starting freq-DM distance metric computation
Sep 02 06:39:46 INFO >> Finished freq-DM distance metric computation
Sep 02 06:39:46 INFO >> Largest group size for metric computation is 97
Sep 02 06:39:46 INFO >> Starting harmonic distance metric computation
Sep 02 06:39:47 INFO >> Finished harmonic distance metric computation
Sep 02 06:39:47 INFO >> Starting DBSCAN
Sep 02 06:39:47 INFO >> Finished DBSCAN
Sep 02 06:39:47 INFO >> Clusters found: 76
Sep 02 06:39:47 INFO >> Filtered 32 clusters below or equal 2 DM.
Sep 02 06:39:47 INFO >> Total number of candidate clusters=1
Sep 02 06:39:47 INFO >> Candidate Processor of stack (315.95 49.23)
Sep 02 06:39:47 INFO >> Making SinglePointingCandidates from a list of 1 PowerSpectraDetectionClusters
Sep 02 06:39:49 INFO >> saved candidates to ./results//injections/315.95_49.23_cumulative_power_spectra_stack_20220627_11_tpa.yml_(113,)_candidates.npz
Sep 02 06:39:49 INFO >> Injected Pulsars:     1
Sep 02 06:39:49 INFO >> Injection Candidates: 1
Sep 02 06:39:49 INFO >> Recovered Injections: 1
Sep 02 06:39:49 INFO >> 1 candidates.
Sep 02 06:39:49 INFO >> Best candidate: F0: 61.209 DM: 126.19 Sigma: 11.49
Sep 02 06:39:51 INFO >> Unlinked shared memory for cumulative stack.
Sep 02 06:39:51 INFO >> Pipeline execution time: 2.05 minutes
