Sep 02 05:03:37 INFO >> {"message": "Waiting for suitable server to become available", "selector": "Primary()", "operation": "find", "topologyDescription": "<TopologyDescription id: 66d54729a487e6fcc5bc29b0, topology_type: Unknown, servers: [<ServerDescription ('localhost', 27017) server_type: Unknown, rtt: None>]>", "clientId": {"$oid": "66d54729a487e6fcc5bc29b0"}, "remainingTimeMS": 29}
Sep 02 05:03:37 INFO >> Features initialized as the following:
Sep 02 05:03:37 INFO >> num_unique_dms
Sep 02 05:03:37 INFO >> num_unique_freqs
Sep 02 05:03:37 INFO >> ndetections
Sep 02 05:03:37 INFO >> nharm
Sep 02 05:03:37 INFO >> log_p_dm
Sep 02 05:03:37 INFO >> ['dm_sigma_FitGaussWidth_gauss_sigma', 'dm_sigma_FitGaussWidth_gauss_sigma_rel_err', 'dm_sigma_FitGaussWidth_ndof', 'dm_sigma_FitGaussWidth_rms_err']
Sep 02 05:03:37 INFO >> ['dm_sigma_FitGauss_amplitude', 'dm_sigma_FitGauss_mu', 'dm_sigma_FitGauss_gauss_sigma', 'dm_sigma_FitGauss_amplitude_rel_err', 'dm_sigma_FitGauss_mu_rel_err', 'dm_sigma_FitGauss_gauss_sigma_rel_err', 'dm_sigma_FitGauss_amplitude-detection', 'dm_sigma_FitGauss_mu-detection', 'dm_sigma_FitGauss_ndof', 'dm_sigma_FitGauss_rms_err']
Sep 02 05:03:37 INFO >> ['freq_sigma_FitGaussWidth_gauss_sigma', 'freq_sigma_FitGaussWidth_gauss_sigma_rel_err', 'freq_sigma_FitGaussWidth_ndof', 'freq_sigma_FitGaussWidth_rms_err']
Sep 02 05:03:37 INFO >> ['freq_sigma_FitGauss_amplitude', 'freq_sigma_FitGauss_mu', 'freq_sigma_FitGauss_gauss_sigma', 'freq_sigma_FitGauss_amplitude_rel_err', 'freq_sigma_FitGauss_mu_rel_err', 'freq_sigma_FitGauss_gauss_sigma_rel_err', 'freq_sigma_FitGauss_amplitude-detection', 'freq_sigma_FitGauss_mu-detection', 'freq_sigma_FitGauss_ndof', 'freq_sigma_FitGauss_rms_err']
Sep 02 05:03:37 INFO >> Performing searching on cumulative stack 315.95 49.23
Sep 02 05:03:37 INFO >> Loading the cumulative power spectra stack to search
Sep 02 05:04:34 INFO >> DM: 121.84547006715061
Sep 02 05:04:34 INFO >> sigma: 14.228457806312463
Sep 02 05:04:34 INFO >> frequency: 62.64908139182856
Sep 02 05:04:34 INFO >> Injecting 8 harmonics.
Sep 02 05:04:34 INFO >> Starting DM: 120.22314453127775
Sep 02 05:04:34 INFO >> Stopping DM: 123.4614783907061
Sep 02 05:04:34 INFO >> Expected detection at 11.29 sigma with 4 harmonics.
Sep 02 05:04:48 INFO >> Start searching 6558 dm trials using 32 harmonics.
Sep 02 05:04:54 INFO >> Moved power spectra to shared memory.
Sep 02 05:04:54 INFO >> Number of dm trials in single multi processing job: 10
Sep 02 05:05:35 INFO >> Total number of detections=15627
Sep 02 05:05:35 INFO >> Clustering the detections
Sep 02 05:05:35 INFO >> Starting clustering
Sep 02 05:05:35 INFO >> Rogue harmonic power filter reduced detections from 15627 to 8569
Sep 02 05:05:35 INFO >> Filtering out duplicate freq,dm detections at multiple nharms removes 798 detections
Sep 02 05:05:35 INFO >> Duplicate freq,dm filter reduced detections to 7771
Sep 02 05:05:35 INFO >> Number of detections over threshold sigma (6.0): 7771
Sep 02 05:05:35 INFO >> Grouping duplicate frequencies together first
Sep 02 05:05:35 INFO >> Grouping duplicate frequencies removed 7235 detections from the harmonic metric computation
Sep 02 05:05:35 INFO >> Starting freq-DM distance metric computation
Sep 02 05:05:35 INFO >> Finished freq-DM distance metric computation
Sep 02 05:05:35 INFO >> Largest group size for metric computation is 97
Sep 02 05:05:35 INFO >> Starting harmonic distance metric computation
Sep 02 05:05:36 INFO >> Finished harmonic distance metric computation
Sep 02 05:05:36 INFO >> Starting DBSCAN
Sep 02 05:05:36 INFO >> Finished DBSCAN
Sep 02 05:05:36 INFO >> Clusters found: 76
Sep 02 05:05:36 INFO >> Filtered 32 clusters below or equal 2 DM.
Sep 02 05:05:36 INFO >> Total number of candidate clusters=1
Sep 02 05:05:36 INFO >> Candidate Processor of stack (315.95 49.23)
Sep 02 05:05:36 INFO >> Making SinglePointingCandidates from a list of 1 PowerSpectraDetectionClusters
Sep 02 05:05:39 INFO >> saved candidates to ./results//injections/315.95_49.23_cumulative_power_spectra_stack_20220627_11_tpa.yml_(68,)_candidates.npz
Sep 02 05:05:39 INFO >> Injected Pulsars:     1
Sep 02 05:05:39 INFO >> Injection Candidates: 1
Sep 02 05:05:39 INFO >> Recovered Injections: 1
Sep 02 05:05:39 INFO >> 1 candidates.
Sep 02 05:05:39 INFO >> Best candidate: F0: 62.649 DM: 121.84 Sigma: 11.36
Sep 02 05:05:40 INFO >> Unlinked shared memory for cumulative stack.
Sep 02 05:05:40 INFO >> Pipeline execution time: 2.06 minutes
