Sep 02 18:04:15 INFO >> {"message": "Waiting for suitable server to become available", "selector": "Primary()", "operation": "find", "topologyDescription": "<TopologyDescription id: 66d5fe1fff6839e4cb1f174e, topology_type: Unknown, servers: [<ServerDescription ('localhost', 27017) server_type: Unknown, rtt: None>]>", "clientId": {"$oid": "66d5fe1fff6839e4cb1f174e"}, "remainingTimeMS": 29}
Sep 02 18:04:16 INFO >> Features initialized as the following:
Sep 02 18:04:16 INFO >> num_unique_dms
Sep 02 18:04:16 INFO >> num_unique_freqs
Sep 02 18:04:16 INFO >> ndetections
Sep 02 18:04:16 INFO >> nharm
Sep 02 18:04:16 INFO >> log_p_dm
Sep 02 18:04:16 INFO >> ['dm_sigma_FitGaussWidth_gauss_sigma', 'dm_sigma_FitGaussWidth_gauss_sigma_rel_err', 'dm_sigma_FitGaussWidth_ndof', 'dm_sigma_FitGaussWidth_rms_err']
Sep 02 18:04:16 INFO >> ['dm_sigma_FitGauss_amplitude', 'dm_sigma_FitGauss_mu', 'dm_sigma_FitGauss_gauss_sigma', 'dm_sigma_FitGauss_amplitude_rel_err', 'dm_sigma_FitGauss_mu_rel_err', 'dm_sigma_FitGauss_gauss_sigma_rel_err', 'dm_sigma_FitGauss_amplitude-detection', 'dm_sigma_FitGauss_mu-detection', 'dm_sigma_FitGauss_ndof', 'dm_sigma_FitGauss_rms_err']
Sep 02 18:04:16 INFO >> ['freq_sigma_FitGaussWidth_gauss_sigma', 'freq_sigma_FitGaussWidth_gauss_sigma_rel_err', 'freq_sigma_FitGaussWidth_ndof', 'freq_sigma_FitGaussWidth_rms_err']
Sep 02 18:04:16 INFO >> ['freq_sigma_FitGauss_amplitude', 'freq_sigma_FitGauss_mu', 'freq_sigma_FitGauss_gauss_sigma', 'freq_sigma_FitGauss_amplitude_rel_err', 'freq_sigma_FitGauss_mu_rel_err', 'freq_sigma_FitGauss_gauss_sigma_rel_err', 'freq_sigma_FitGauss_amplitude-detection', 'freq_sigma_FitGauss_mu-detection', 'freq_sigma_FitGauss_ndof', 'freq_sigma_FitGauss_rms_err']
Sep 02 18:04:16 INFO >> Performing searching on cumulative stack 315.95 49.23
Sep 02 18:04:16 INFO >> Loading the cumulative power spectra stack to search
Sep 02 18:05:14 INFO >> DM: 20.600658874245966
Sep 02 18:05:14 INFO >> sigma: 11.119153684291366
Sep 02 18:05:14 INFO >> frequency: 28.022222779676458
Sep 02 18:05:14 INFO >> Injecting 18 harmonics.
Sep 02 18:05:14 INFO >> Starting DM: 16.90005482889174
Sep 02 18:05:14 INFO >> Stopping DM: 24.287503945712675
Sep 02 18:05:14 INFO >> Expected detection at 9.42 sigma with 16 harmonics.
Sep 02 18:05:28 INFO >> Start searching 6558 dm trials using 32 harmonics.
Sep 02 18:05:34 INFO >> Moved power spectra to shared memory.
Sep 02 18:05:34 INFO >> Number of dm trials in single multi processing job: 10
Sep 02 18:06:14 INFO >> Total number of detections=15690
Sep 02 18:06:14 INFO >> Clustering the detections
Sep 02 18:06:14 INFO >> Starting clustering
Sep 02 18:06:14 INFO >> Rogue harmonic power filter reduced detections from 15690 to 8632
Sep 02 18:06:14 INFO >> Filtering out duplicate freq,dm detections at multiple nharms removes 826 detections
Sep 02 18:06:14 INFO >> Duplicate freq,dm filter reduced detections to 7806
Sep 02 18:06:14 INFO >> Number of detections over threshold sigma (6.0): 7806
Sep 02 18:06:14 INFO >> Grouping duplicate frequencies together first
Sep 02 18:06:14 INFO >> Grouping duplicate frequencies removed 7269 detections from the harmonic metric computation
Sep 02 18:06:14 INFO >> Starting freq-DM distance metric computation
Sep 02 18:06:14 INFO >> Finished freq-DM distance metric computation
Sep 02 18:06:15 INFO >> Largest group size for metric computation is 97
Sep 02 18:06:15 INFO >> Starting harmonic distance metric computation
Sep 02 18:06:15 INFO >> Finished harmonic distance metric computation
Sep 02 18:06:15 INFO >> Starting DBSCAN
Sep 02 18:06:16 INFO >> Finished DBSCAN
Sep 02 18:06:16 INFO >> Clusters found: 76
Sep 02 18:06:16 INFO >> Filtered 32 clusters below or equal 2 DM.
Sep 02 18:06:16 INFO >> Total number of candidate clusters=1
Sep 02 18:06:16 INFO >> Candidate Processor of stack (315.95 49.23)
Sep 02 18:06:16 INFO >> Making SinglePointingCandidates from a list of 1 PowerSpectraDetectionClusters
Sep 02 18:06:18 INFO >> saved candidates to ./results//injections/315.95_49.23_cumulative_power_spectra_stack_20220627_11_tpa.yml_(441,)_candidates.npz
Sep 02 18:06:18 INFO >> Injected Pulsars:     1
Sep 02 18:06:18 INFO >> Injection Candidates: 1
Sep 02 18:06:18 INFO >> Recovered Injections: 1
Sep 02 18:06:18 INFO >> 1 candidates.
Sep 02 18:06:18 INFO >> Best candidate: F0: 28.022 DM: 20.64 Sigma: 10.14
Sep 02 18:06:19 INFO >> Unlinked shared memory for cumulative stack.
Sep 02 18:06:19 INFO >> Pipeline execution time: 2.06 minutes
