Sep 02 19:57:14 INFO >> {"message": "Waiting for suitable server to become available", "selector": "Primary()", "operation": "find", "topologyDescription": "<TopologyDescription id: 66d6189a93cdb83be8535b50, topology_type: Unknown, servers: [<ServerDescription ('localhost', 27017) server_type: Unknown, rtt: None>]>", "clientId": {"$oid": "66d6189a93cdb83be8535b50"}, "remainingTimeMS": 29}
Sep 02 19:57:14 INFO >> Features initialized as the following:
Sep 02 19:57:14 INFO >> num_unique_dms
Sep 02 19:57:14 INFO >> num_unique_freqs
Sep 02 19:57:14 INFO >> ndetections
Sep 02 19:57:14 INFO >> nharm
Sep 02 19:57:14 INFO >> log_p_dm
Sep 02 19:57:14 INFO >> ['dm_sigma_FitGaussWidth_gauss_sigma', 'dm_sigma_FitGaussWidth_gauss_sigma_rel_err', 'dm_sigma_FitGaussWidth_ndof', 'dm_sigma_FitGaussWidth_rms_err']
Sep 02 19:57:14 INFO >> ['dm_sigma_FitGauss_amplitude', 'dm_sigma_FitGauss_mu', 'dm_sigma_FitGauss_gauss_sigma', 'dm_sigma_FitGauss_amplitude_rel_err', 'dm_sigma_FitGauss_mu_rel_err', 'dm_sigma_FitGauss_gauss_sigma_rel_err', 'dm_sigma_FitGauss_amplitude-detection', 'dm_sigma_FitGauss_mu-detection', 'dm_sigma_FitGauss_ndof', 'dm_sigma_FitGauss_rms_err']
Sep 02 19:57:14 INFO >> ['freq_sigma_FitGaussWidth_gauss_sigma', 'freq_sigma_FitGaussWidth_gauss_sigma_rel_err', 'freq_sigma_FitGaussWidth_ndof', 'freq_sigma_FitGaussWidth_rms_err']
Sep 02 19:57:14 INFO >> ['freq_sigma_FitGauss_amplitude', 'freq_sigma_FitGauss_mu', 'freq_sigma_FitGauss_gauss_sigma', 'freq_sigma_FitGauss_amplitude_rel_err', 'freq_sigma_FitGauss_mu_rel_err', 'freq_sigma_FitGauss_gauss_sigma_rel_err', 'freq_sigma_FitGauss_amplitude-detection', 'freq_sigma_FitGauss_mu-detection', 'freq_sigma_FitGauss_ndof', 'freq_sigma_FitGauss_rms_err']
Sep 02 19:57:14 INFO >> Performing searching on cumulative stack 315.95 49.23
Sep 02 19:57:14 INFO >> Loading the cumulative power spectra stack to search
Sep 02 19:58:12 INFO >> DM: 86.38345075411715
Sep 02 19:58:12 INFO >> sigma: 14.331556004350379
Sep 02 19:58:12 INFO >> frequency: 89.56129398523252
Sep 02 19:58:12 INFO >> Injecting 5 harmonics.
Sep 02 19:58:12 INFO >> Starting DM: 85.20865967620864
Sep 02 19:58:12 INFO >> Stopping DM: 87.53621213767278
Sep 02 19:58:12 INFO >> Expected detection at 8.99 sigma with 4 harmonics.
Sep 02 19:58:26 INFO >> Start searching 6558 dm trials using 32 harmonics.
Sep 02 19:58:31 INFO >> Moved power spectra to shared memory.
Sep 02 19:58:31 INFO >> Number of dm trials in single multi processing job: 10
Sep 02 19:59:12 INFO >> Total number of detections=15585
Sep 02 19:59:12 INFO >> Clustering the detections
Sep 02 19:59:12 INFO >> Starting clustering
Sep 02 19:59:12 INFO >> Rogue harmonic power filter reduced detections from 15585 to 8527
Sep 02 19:59:12 INFO >> Filtering out duplicate freq,dm detections at multiple nharms removes 789 detections
Sep 02 19:59:12 INFO >> Duplicate freq,dm filter reduced detections to 7738
Sep 02 19:59:12 INFO >> Number of detections over threshold sigma (6.0): 7738
Sep 02 19:59:12 INFO >> Grouping duplicate frequencies together first
Sep 02 19:59:12 INFO >> Grouping duplicate frequencies removed 7216 detections from the harmonic metric computation
Sep 02 19:59:12 INFO >> Starting freq-DM distance metric computation
Sep 02 19:59:12 INFO >> Finished freq-DM distance metric computation
Sep 02 19:59:12 INFO >> Largest group size for metric computation is 97
Sep 02 19:59:12 INFO >> Starting harmonic distance metric computation
Sep 02 19:59:13 INFO >> Finished harmonic distance metric computation
Sep 02 19:59:13 INFO >> Starting DBSCAN
Sep 02 19:59:13 INFO >> Finished DBSCAN
Sep 02 19:59:13 INFO >> Clusters found: 76
Sep 02 19:59:13 INFO >> Filtered 32 clusters below or equal 2 DM.
Sep 02 19:59:13 INFO >> Total number of candidate clusters=1
Sep 02 19:59:13 INFO >> Candidate Processor of stack (315.95 49.23)
Sep 02 19:59:13 INFO >> Making SinglePointingCandidates from a list of 1 PowerSpectraDetectionClusters
Sep 02 19:59:15 INFO >> saved candidates to ./results//injections/315.95_49.23_cumulative_power_spectra_stack_20220627_11_tpa.yml_(495,)_candidates.npz
Sep 02 19:59:15 INFO >> Injected Pulsars:     1
Sep 02 19:59:15 INFO >> Injection Candidates: 1
Sep 02 19:59:15 INFO >> Recovered Injections: 1
Sep 02 19:59:15 INFO >> 1 candidates.
Sep 02 19:59:15 INFO >> Best candidate: F0: 89.561 DM: 86.42 Sigma: 8.70
Sep 02 19:59:17 INFO >> Unlinked shared memory for cumulative stack.
Sep 02 19:59:17 INFO >> Pipeline execution time: 2.05 minutes
