Sep 02 23:39:01 INFO >> {"message": "Waiting for suitable server to become available", "selector": "Primary()", "operation": "find", "topologyDescription": "<TopologyDescription id: 66d64c9580ff3667a369ca56, topology_type: Unknown, servers: [<ServerDescription ('localhost', 27017) server_type: Unknown, rtt: None>]>", "clientId": {"$oid": "66d64c9580ff3667a369ca56"}, "remainingTimeMS": 29}
Sep 02 23:39:01 INFO >> Features initialized as the following:
Sep 02 23:39:01 INFO >> num_unique_dms
Sep 02 23:39:01 INFO >> num_unique_freqs
Sep 02 23:39:01 INFO >> ndetections
Sep 02 23:39:01 INFO >> nharm
Sep 02 23:39:01 INFO >> log_p_dm
Sep 02 23:39:01 INFO >> ['dm_sigma_FitGaussWidth_gauss_sigma', 'dm_sigma_FitGaussWidth_gauss_sigma_rel_err', 'dm_sigma_FitGaussWidth_ndof', 'dm_sigma_FitGaussWidth_rms_err']
Sep 02 23:39:01 INFO >> ['dm_sigma_FitGauss_amplitude', 'dm_sigma_FitGauss_mu', 'dm_sigma_FitGauss_gauss_sigma', 'dm_sigma_FitGauss_amplitude_rel_err', 'dm_sigma_FitGauss_mu_rel_err', 'dm_sigma_FitGauss_gauss_sigma_rel_err', 'dm_sigma_FitGauss_amplitude-detection', 'dm_sigma_FitGauss_mu-detection', 'dm_sigma_FitGauss_ndof', 'dm_sigma_FitGauss_rms_err']
Sep 02 23:39:01 INFO >> ['freq_sigma_FitGaussWidth_gauss_sigma', 'freq_sigma_FitGaussWidth_gauss_sigma_rel_err', 'freq_sigma_FitGaussWidth_ndof', 'freq_sigma_FitGaussWidth_rms_err']
Sep 02 23:39:01 INFO >> ['freq_sigma_FitGauss_amplitude', 'freq_sigma_FitGauss_mu', 'freq_sigma_FitGauss_gauss_sigma', 'freq_sigma_FitGauss_amplitude_rel_err', 'freq_sigma_FitGauss_mu_rel_err', 'freq_sigma_FitGauss_gauss_sigma_rel_err', 'freq_sigma_FitGauss_amplitude-detection', 'freq_sigma_FitGauss_mu-detection', 'freq_sigma_FitGauss_ndof', 'freq_sigma_FitGauss_rms_err']
Sep 02 23:39:01 INFO >> Performing searching on cumulative stack 315.95 49.23
Sep 02 23:39:01 INFO >> Loading the cumulative power spectra stack to search
Sep 02 23:39:59 INFO >> DM: 37.31945394165819
Sep 02 23:39:59 INFO >> sigma: 11.123467206043351
Sep 02 23:39:59 INFO >> frequency: 65.77645100134048
Sep 02 23:39:59 INFO >> Injecting 7 harmonics.
Sep 02 23:39:59 INFO >> Starting DM: 35.72287038681906
Sep 02 23:39:59 INFO >> Stopping DM: 38.86000631314029
Sep 02 23:39:59 INFO >> Expected detection at 6.37 sigma with 4 harmonics.
Sep 02 23:40:13 INFO >> Start searching 6558 dm trials using 32 harmonics.
Sep 02 23:40:19 INFO >> Moved power spectra to shared memory.
Sep 02 23:40:19 INFO >> Number of dm trials in single multi processing job: 10
Sep 02 23:40:59 INFO >> Total number of detections=15579
Sep 02 23:40:59 INFO >> Clustering the detections
Sep 02 23:40:59 INFO >> Starting clustering
Sep 02 23:40:59 INFO >> Rogue harmonic power filter reduced detections from 15579 to 8521
Sep 02 23:40:59 INFO >> Filtering out duplicate freq,dm detections at multiple nharms removes 787 detections
Sep 02 23:40:59 INFO >> Duplicate freq,dm filter reduced detections to 7734
Sep 02 23:40:59 INFO >> Number of detections over threshold sigma (6.0): 7734
Sep 02 23:40:59 INFO >> Grouping duplicate frequencies together first
Sep 02 23:40:59 INFO >> Grouping duplicate frequencies removed 7214 detections from the harmonic metric computation
Sep 02 23:40:59 INFO >> Starting freq-DM distance metric computation
Sep 02 23:41:00 INFO >> Finished freq-DM distance metric computation
Sep 02 23:41:00 INFO >> Largest group size for metric computation is 97
Sep 02 23:41:00 INFO >> Starting harmonic distance metric computation
Sep 02 23:41:01 INFO >> Finished harmonic distance metric computation
Sep 02 23:41:01 INFO >> Starting DBSCAN
Sep 02 23:41:01 INFO >> Finished DBSCAN
Sep 02 23:41:01 INFO >> Clusters found: 75
Sep 02 23:41:01 INFO >> Filtered 32 clusters below or equal 2 DM.
Sep 02 23:41:01 INFO >> Total number of candidate clusters=0
Sep 02 23:41:01 INFO >> Candidate Processor of stack (315.95 49.23)
Sep 02 23:41:01 INFO >> Making SinglePointingCandidates from a list of 0 PowerSpectraDetectionClusters
Sep 02 23:41:03 INFO >> saved candidates to ./results//injections/315.95_49.23_cumulative_power_spectra_stack_20220627_11_tpa.yml_(601,)_candidates.npz
Sep 02 23:41:03 INFO >> Injected Pulsars:     1
Sep 02 23:41:03 INFO >> Injection Candidates: 0
Sep 02 23:41:03 INFO >> Recovered Injections: 0
Sep 02 23:41:03 INFO >> 0 candidates.
Sep 02 23:41:04 INFO >> Unlinked shared memory for cumulative stack.
Sep 02 23:41:04 INFO >> Pipeline execution time: 2.05 minutes
