Sep 02 16:09:05 INFO >> {"message": "Waiting for suitable server to become available", "selector": "Primary()", "operation": "find", "topologyDescription": "<TopologyDescription id: 66d5e321515060c24d7d7997, topology_type: Unknown, servers: [<ServerDescription ('localhost', 27017) server_type: Unknown, rtt: None>]>", "clientId": {"$oid": "66d5e321515060c24d7d7997"}, "remainingTimeMS": 29}
Sep 02 16:09:05 INFO >> Features initialized as the following:
Sep 02 16:09:05 INFO >> num_unique_dms
Sep 02 16:09:05 INFO >> num_unique_freqs
Sep 02 16:09:05 INFO >> ndetections
Sep 02 16:09:05 INFO >> nharm
Sep 02 16:09:05 INFO >> log_p_dm
Sep 02 16:09:05 INFO >> ['dm_sigma_FitGaussWidth_gauss_sigma', 'dm_sigma_FitGaussWidth_gauss_sigma_rel_err', 'dm_sigma_FitGaussWidth_ndof', 'dm_sigma_FitGaussWidth_rms_err']
Sep 02 16:09:05 INFO >> ['dm_sigma_FitGauss_amplitude', 'dm_sigma_FitGauss_mu', 'dm_sigma_FitGauss_gauss_sigma', 'dm_sigma_FitGauss_amplitude_rel_err', 'dm_sigma_FitGauss_mu_rel_err', 'dm_sigma_FitGauss_gauss_sigma_rel_err', 'dm_sigma_FitGauss_amplitude-detection', 'dm_sigma_FitGauss_mu-detection', 'dm_sigma_FitGauss_ndof', 'dm_sigma_FitGauss_rms_err']
Sep 02 16:09:05 INFO >> ['freq_sigma_FitGaussWidth_gauss_sigma', 'freq_sigma_FitGaussWidth_gauss_sigma_rel_err', 'freq_sigma_FitGaussWidth_ndof', 'freq_sigma_FitGaussWidth_rms_err']
Sep 02 16:09:05 INFO >> ['freq_sigma_FitGauss_amplitude', 'freq_sigma_FitGauss_mu', 'freq_sigma_FitGauss_gauss_sigma', 'freq_sigma_FitGauss_amplitude_rel_err', 'freq_sigma_FitGauss_mu_rel_err', 'freq_sigma_FitGauss_gauss_sigma_rel_err', 'freq_sigma_FitGauss_amplitude-detection', 'freq_sigma_FitGauss_mu-detection', 'freq_sigma_FitGauss_ndof', 'freq_sigma_FitGauss_rms_err']
Sep 02 16:09:05 INFO >> Performing searching on cumulative stack 315.95 49.23
Sep 02 16:09:05 INFO >> Loading the cumulative power spectra stack to search
Sep 02 16:10:03 INFO >> DM: 144.26230024366305
Sep 02 16:10:03 INFO >> sigma: 13.303431490211121
Sep 02 16:10:03 INFO >> frequency: 65.14564256546828
Sep 02 16:10:03 INFO >> Injecting 7 harmonics.
Sep 02 16:10:03 INFO >> Starting DM: 142.68908568106198
Sep 02 16:10:03 INFO >> Stopping DM: 145.8262216073832
Sep 02 16:10:03 INFO >> Expected detection at 5.68 sigma with 4 harmonics.
Sep 02 16:10:17 INFO >> Start searching 6558 dm trials using 32 harmonics.
Sep 02 16:10:23 INFO >> Moved power spectra to shared memory.
Sep 02 16:10:23 INFO >> Number of dm trials in single multi processing job: 10
Sep 02 16:11:04 INFO >> Total number of detections=15578
Sep 02 16:11:04 INFO >> Clustering the detections
Sep 02 16:11:04 INFO >> Starting clustering
Sep 02 16:11:04 INFO >> Rogue harmonic power filter reduced detections from 15578 to 8520
Sep 02 16:11:04 INFO >> Filtering out duplicate freq,dm detections at multiple nharms removes 787 detections
Sep 02 16:11:04 INFO >> Duplicate freq,dm filter reduced detections to 7733
Sep 02 16:11:04 INFO >> Number of detections over threshold sigma (6.0): 7733
Sep 02 16:11:04 INFO >> Grouping duplicate frequencies together first
Sep 02 16:11:04 INFO >> Grouping duplicate frequencies removed 7214 detections from the harmonic metric computation
Sep 02 16:11:04 INFO >> Starting freq-DM distance metric computation
Sep 02 16:11:05 INFO >> Finished freq-DM distance metric computation
Sep 02 16:11:05 INFO >> Largest group size for metric computation is 97
Sep 02 16:11:05 INFO >> Starting harmonic distance metric computation
Sep 02 16:11:06 INFO >> Finished harmonic distance metric computation
Sep 02 16:11:06 INFO >> Starting DBSCAN
Sep 02 16:11:06 INFO >> Finished DBSCAN
Sep 02 16:11:06 INFO >> Clusters found: 75
Sep 02 16:11:06 INFO >> Filtered 32 clusters below or equal 2 DM.
Sep 02 16:11:06 INFO >> Total number of candidate clusters=0
Sep 02 16:11:06 INFO >> Candidate Processor of stack (315.95 49.23)
Sep 02 16:11:06 INFO >> Making SinglePointingCandidates from a list of 0 PowerSpectraDetectionClusters
Sep 02 16:11:08 INFO >> saved candidates to ./results//injections/315.95_49.23_cumulative_power_spectra_stack_20220627_11_tpa.yml_(386,)_candidates.npz
Sep 02 16:11:08 INFO >> Injected Pulsars:     1
Sep 02 16:11:08 INFO >> Injection Candidates: 0
Sep 02 16:11:08 INFO >> Recovered Injections: 0
Sep 02 16:11:08 INFO >> 0 candidates.
Sep 02 16:11:09 INFO >> Unlinked shared memory for cumulative stack.
Sep 02 16:11:09 INFO >> Pipeline execution time: 2.08 minutes
