Sep 02 13:57:11 INFO >> {"message": "Waiting for suitable server to become available", "selector": "Primary()", "operation": "find", "topologyDescription": "<TopologyDescription id: 66d5c43732bcb913bb390157, topology_type: Unknown, servers: [<ServerDescription ('localhost', 27017) server_type: Unknown, rtt: None>]>", "clientId": {"$oid": "66d5c43732bcb913bb390157"}, "remainingTimeMS": 29}
Sep 02 13:57:11 INFO >> Features initialized as the following:
Sep 02 13:57:11 INFO >> num_unique_dms
Sep 02 13:57:11 INFO >> num_unique_freqs
Sep 02 13:57:11 INFO >> ndetections
Sep 02 13:57:11 INFO >> nharm
Sep 02 13:57:11 INFO >> log_p_dm
Sep 02 13:57:11 INFO >> ['dm_sigma_FitGaussWidth_gauss_sigma', 'dm_sigma_FitGaussWidth_gauss_sigma_rel_err', 'dm_sigma_FitGaussWidth_ndof', 'dm_sigma_FitGaussWidth_rms_err']
Sep 02 13:57:11 INFO >> ['dm_sigma_FitGauss_amplitude', 'dm_sigma_FitGauss_mu', 'dm_sigma_FitGauss_gauss_sigma', 'dm_sigma_FitGauss_amplitude_rel_err', 'dm_sigma_FitGauss_mu_rel_err', 'dm_sigma_FitGauss_gauss_sigma_rel_err', 'dm_sigma_FitGauss_amplitude-detection', 'dm_sigma_FitGauss_mu-detection', 'dm_sigma_FitGauss_ndof', 'dm_sigma_FitGauss_rms_err']
Sep 02 13:57:11 INFO >> ['freq_sigma_FitGaussWidth_gauss_sigma', 'freq_sigma_FitGaussWidth_gauss_sigma_rel_err', 'freq_sigma_FitGaussWidth_ndof', 'freq_sigma_FitGaussWidth_rms_err']
Sep 02 13:57:11 INFO >> ['freq_sigma_FitGauss_amplitude', 'freq_sigma_FitGauss_mu', 'freq_sigma_FitGauss_gauss_sigma', 'freq_sigma_FitGauss_amplitude_rel_err', 'freq_sigma_FitGauss_mu_rel_err', 'freq_sigma_FitGauss_gauss_sigma_rel_err', 'freq_sigma_FitGauss_amplitude-detection', 'freq_sigma_FitGauss_mu-detection', 'freq_sigma_FitGauss_ndof', 'freq_sigma_FitGauss_rms_err']
Sep 02 13:57:11 INFO >> Performing searching on cumulative stack 315.95 49.23
Sep 02 13:57:11 INFO >> Loading the cumulative power spectra stack to search
Sep 02 13:58:09 INFO >> DM: 123.38842063218893
Sep 02 13:58:09 INFO >> sigma: 16.002269123513624
Sep 02 13:58:09 INFO >> frequency: 54.415910010232686
Sep 02 13:58:09 INFO >> Injecting 9 harmonics.
Sep 02 13:58:09 INFO >> Starting DM: 121.53871766167052
Sep 02 13:58:09 INFO >> Stopping DM: 125.28304118663456
Sep 02 13:58:09 INFO >> Expected detection at 12.49 sigma with 8 harmonics.
Sep 02 13:58:23 INFO >> Start searching 6558 dm trials using 32 harmonics.
Sep 02 13:58:29 INFO >> Moved power spectra to shared memory.
Sep 02 13:58:29 INFO >> Number of dm trials in single multi processing job: 10
Sep 02 13:59:10 INFO >> Total number of detections=15632
Sep 02 13:59:10 INFO >> Clustering the detections
Sep 02 13:59:10 INFO >> Starting clustering
Sep 02 13:59:10 INFO >> Rogue harmonic power filter reduced detections from 15632 to 8571
Sep 02 13:59:10 INFO >> Filtering out duplicate freq,dm detections at multiple nharms removes 808 detections
Sep 02 13:59:10 INFO >> Duplicate freq,dm filter reduced detections to 7763
Sep 02 13:59:10 INFO >> Number of detections over threshold sigma (6.0): 7763
Sep 02 13:59:10 INFO >> Grouping duplicate frequencies together first
Sep 02 13:59:10 INFO >> Grouping duplicate frequencies removed 7229 detections from the harmonic metric computation
Sep 02 13:59:10 INFO >> Starting freq-DM distance metric computation
Sep 02 13:59:10 INFO >> Finished freq-DM distance metric computation
Sep 02 13:59:11 INFO >> Largest group size for metric computation is 97
Sep 02 13:59:11 INFO >> Starting harmonic distance metric computation
Sep 02 13:59:11 INFO >> Finished harmonic distance metric computation
Sep 02 13:59:11 INFO >> Starting DBSCAN
Sep 02 13:59:11 INFO >> Finished DBSCAN
Sep 02 13:59:11 INFO >> Clusters found: 76
Sep 02 13:59:11 INFO >> Filtered 32 clusters below or equal 2 DM.
Sep 02 13:59:11 INFO >> Total number of candidate clusters=1
Sep 02 13:59:11 INFO >> Candidate Processor of stack (315.95 49.23)
Sep 02 13:59:11 INFO >> Making SinglePointingCandidates from a list of 1 PowerSpectraDetectionClusters
Sep 02 13:59:14 INFO >> saved candidates to ./results//injections/315.95_49.23_cumulative_power_spectra_stack_20220627_11_tpa.yml_(323,)_candidates.npz
Sep 02 13:59:14 INFO >> Injected Pulsars:     1
Sep 02 13:59:14 INFO >> Injection Candidates: 1
Sep 02 13:59:14 INFO >> Recovered Injections: 1
Sep 02 13:59:14 INFO >> 1 candidates.
Sep 02 13:59:14 INFO >> Best candidate: F0: 54.416 DM: 123.36 Sigma: 13.07
Sep 02 13:59:15 INFO >> Unlinked shared memory for cumulative stack.
Sep 02 13:59:15 INFO >> Pipeline execution time: 2.07 minutes
