Sep 02 13:25:50 INFO >> {"message": "Waiting for suitable server to become available", "selector": "Primary()", "operation": "find", "topologyDescription": "<TopologyDescription id: 66d5bcde4ee8bf5a4030022b, topology_type: Unknown, servers: [<ServerDescription ('localhost', 27017) server_type: Unknown, rtt: None>]>", "clientId": {"$oid": "66d5bcde4ee8bf5a4030022b"}, "remainingTimeMS": 29}
Sep 02 13:25:50 INFO >> Features initialized as the following:
Sep 02 13:25:50 INFO >> num_unique_dms
Sep 02 13:25:50 INFO >> num_unique_freqs
Sep 02 13:25:50 INFO >> ndetections
Sep 02 13:25:50 INFO >> nharm
Sep 02 13:25:50 INFO >> log_p_dm
Sep 02 13:25:50 INFO >> ['dm_sigma_FitGaussWidth_gauss_sigma', 'dm_sigma_FitGaussWidth_gauss_sigma_rel_err', 'dm_sigma_FitGaussWidth_ndof', 'dm_sigma_FitGaussWidth_rms_err']
Sep 02 13:25:50 INFO >> ['dm_sigma_FitGauss_amplitude', 'dm_sigma_FitGauss_mu', 'dm_sigma_FitGauss_gauss_sigma', 'dm_sigma_FitGauss_amplitude_rel_err', 'dm_sigma_FitGauss_mu_rel_err', 'dm_sigma_FitGauss_gauss_sigma_rel_err', 'dm_sigma_FitGauss_amplitude-detection', 'dm_sigma_FitGauss_mu-detection', 'dm_sigma_FitGauss_ndof', 'dm_sigma_FitGauss_rms_err']
Sep 02 13:25:50 INFO >> ['freq_sigma_FitGaussWidth_gauss_sigma', 'freq_sigma_FitGaussWidth_gauss_sigma_rel_err', 'freq_sigma_FitGaussWidth_ndof', 'freq_sigma_FitGaussWidth_rms_err']
Sep 02 13:25:50 INFO >> ['freq_sigma_FitGauss_amplitude', 'freq_sigma_FitGauss_mu', 'freq_sigma_FitGauss_gauss_sigma', 'freq_sigma_FitGauss_amplitude_rel_err', 'freq_sigma_FitGauss_mu_rel_err', 'freq_sigma_FitGauss_gauss_sigma_rel_err', 'freq_sigma_FitGauss_amplitude-detection', 'freq_sigma_FitGauss_mu-detection', 'freq_sigma_FitGauss_ndof', 'freq_sigma_FitGauss_rms_err']
Sep 02 13:25:50 INFO >> Performing searching on cumulative stack 315.95 49.23
Sep 02 13:25:50 INFO >> Loading the cumulative power spectra stack to search
Sep 02 13:26:47 INFO >> DM: 121.95751282840749
Sep 02 13:26:47 INFO >> sigma: 14.16113275810535
Sep 02 13:26:47 INFO >> frequency: 82.94455739660101
Sep 02 13:26:47 INFO >> Injecting 6 harmonics.
Sep 02 13:26:47 INFO >> Starting DM: 120.72913419681345
Sep 02 13:26:47 INFO >> Stopping DM: 123.15788459138469
Sep 02 13:26:47 INFO >> Expected detection at 10.05 sigma with 4 harmonics.
Sep 02 13:27:01 INFO >> Start searching 6558 dm trials using 32 harmonics.
Sep 02 13:27:07 INFO >> Moved power spectra to shared memory.
Sep 02 13:27:07 INFO >> Number of dm trials in single multi processing job: 10
Sep 02 13:27:47 INFO >> Total number of detections=15591
Sep 02 13:27:47 INFO >> Clustering the detections
Sep 02 13:27:47 INFO >> Starting clustering
Sep 02 13:27:47 INFO >> Rogue harmonic power filter reduced detections from 15591 to 8533
Sep 02 13:27:47 INFO >> Filtering out duplicate freq,dm detections at multiple nharms removes 791 detections
Sep 02 13:27:47 INFO >> Duplicate freq,dm filter reduced detections to 7742
Sep 02 13:27:47 INFO >> Number of detections over threshold sigma (6.0): 7742
Sep 02 13:27:47 INFO >> Grouping duplicate frequencies together first
Sep 02 13:27:47 INFO >> Grouping duplicate frequencies removed 7215 detections from the harmonic metric computation
Sep 02 13:27:47 INFO >> Starting freq-DM distance metric computation
Sep 02 13:27:48 INFO >> Finished freq-DM distance metric computation
Sep 02 13:27:48 INFO >> Largest group size for metric computation is 97
Sep 02 13:27:48 INFO >> Starting harmonic distance metric computation
Sep 02 13:27:49 INFO >> Finished harmonic distance metric computation
Sep 02 13:27:49 INFO >> Starting DBSCAN
Sep 02 13:27:49 INFO >> Finished DBSCAN
Sep 02 13:27:49 INFO >> Clusters found: 76
Sep 02 13:27:49 INFO >> Filtered 32 clusters below or equal 2 DM.
Sep 02 13:27:49 INFO >> Total number of candidate clusters=1
Sep 02 13:27:49 INFO >> Candidate Processor of stack (315.95 49.23)
Sep 02 13:27:49 INFO >> Making SinglePointingCandidates from a list of 1 PowerSpectraDetectionClusters
Sep 02 13:27:51 INFO >> saved candidates to ./results//injections/315.95_49.23_cumulative_power_spectra_stack_20220627_11_tpa.yml_(308,)_candidates.npz
Sep 02 13:27:51 INFO >> Injected Pulsars:     1
Sep 02 13:27:51 INFO >> Injection Candidates: 1
Sep 02 13:27:51 INFO >> Recovered Injections: 1
Sep 02 13:27:51 INFO >> 1 candidates.
Sep 02 13:27:51 INFO >> Best candidate: F0: 82.944 DM: 121.94 Sigma: 10.51
Sep 02 13:27:53 INFO >> Unlinked shared memory for cumulative stack.
Sep 02 13:27:53 INFO >> Pipeline execution time: 2.05 minutes
