Sep 02 20:53:41 INFO >> {"message": "Waiting for suitable server to become available", "selector": "Primary()", "operation": "find", "topologyDescription": "<TopologyDescription id: 66d625d5b3b588762ecbf7bb, topology_type: Unknown, servers: [<ServerDescription ('localhost', 27017) server_type: Unknown, rtt: None>]>", "clientId": {"$oid": "66d625d5b3b588762ecbf7bb"}, "remainingTimeMS": 29}
Sep 02 20:53:41 INFO >> Features initialized as the following:
Sep 02 20:53:41 INFO >> num_unique_dms
Sep 02 20:53:41 INFO >> num_unique_freqs
Sep 02 20:53:41 INFO >> ndetections
Sep 02 20:53:41 INFO >> nharm
Sep 02 20:53:41 INFO >> log_p_dm
Sep 02 20:53:41 INFO >> ['dm_sigma_FitGaussWidth_gauss_sigma', 'dm_sigma_FitGaussWidth_gauss_sigma_rel_err', 'dm_sigma_FitGaussWidth_ndof', 'dm_sigma_FitGaussWidth_rms_err']
Sep 02 20:53:41 INFO >> ['dm_sigma_FitGauss_amplitude', 'dm_sigma_FitGauss_mu', 'dm_sigma_FitGauss_gauss_sigma', 'dm_sigma_FitGauss_amplitude_rel_err', 'dm_sigma_FitGauss_mu_rel_err', 'dm_sigma_FitGauss_gauss_sigma_rel_err', 'dm_sigma_FitGauss_amplitude-detection', 'dm_sigma_FitGauss_mu-detection', 'dm_sigma_FitGauss_ndof', 'dm_sigma_FitGauss_rms_err']
Sep 02 20:53:41 INFO >> ['freq_sigma_FitGaussWidth_gauss_sigma', 'freq_sigma_FitGaussWidth_gauss_sigma_rel_err', 'freq_sigma_FitGaussWidth_ndof', 'freq_sigma_FitGaussWidth_rms_err']
Sep 02 20:53:41 INFO >> ['freq_sigma_FitGauss_amplitude', 'freq_sigma_FitGauss_mu', 'freq_sigma_FitGauss_gauss_sigma', 'freq_sigma_FitGauss_amplitude_rel_err', 'freq_sigma_FitGauss_mu_rel_err', 'freq_sigma_FitGauss_gauss_sigma_rel_err', 'freq_sigma_FitGauss_amplitude-detection', 'freq_sigma_FitGauss_mu-detection', 'freq_sigma_FitGauss_ndof', 'freq_sigma_FitGauss_rms_err']
Sep 02 20:53:41 INFO >> Performing searching on cumulative stack 315.95 49.23
Sep 02 20:53:41 INFO >> Loading the cumulative power spectra stack to search
Sep 02 20:54:38 INFO >> DM: 61.973920002061675
Sep 02 20:54:38 INFO >> sigma: 12.649848705197707
Sep 02 20:54:38 INFO >> frequency: 24.843925794655714
Sep 02 20:54:38 INFO >> Injecting 20 harmonics.
Sep 02 20:54:38 INFO >> Starting DM: 57.78401980417475
Sep 02 20:54:38 INFO >> Stopping DM: 66.08225031895991
Sep 02 20:54:38 INFO >> Expected detection at 11.14 sigma with 8 harmonics.
Sep 02 20:54:52 INFO >> Start searching 6558 dm trials using 32 harmonics.
Sep 02 20:54:58 INFO >> Moved power spectra to shared memory.
Sep 02 20:54:58 INFO >> Number of dm trials in single multi processing job: 10
Sep 02 20:55:39 INFO >> Total number of detections=15677
Sep 02 20:55:39 INFO >> Clustering the detections
Sep 02 20:55:39 INFO >> Starting clustering
Sep 02 20:55:39 INFO >> Rogue harmonic power filter reduced detections from 15677 to 8619
Sep 02 20:55:39 INFO >> Filtering out duplicate freq,dm detections at multiple nharms removes 827 detections
Sep 02 20:55:39 INFO >> Duplicate freq,dm filter reduced detections to 7792
Sep 02 20:55:39 INFO >> Number of detections over threshold sigma (6.0): 7792
Sep 02 20:55:39 INFO >> Grouping duplicate frequencies together first
Sep 02 20:55:39 INFO >> Grouping duplicate frequencies removed 7254 detections from the harmonic metric computation
Sep 02 20:55:39 INFO >> Starting freq-DM distance metric computation
Sep 02 20:55:39 INFO >> Finished freq-DM distance metric computation
Sep 02 20:55:40 INFO >> Largest group size for metric computation is 97
Sep 02 20:55:40 INFO >> Starting harmonic distance metric computation
Sep 02 20:55:40 INFO >> Finished harmonic distance metric computation
Sep 02 20:55:40 INFO >> Starting DBSCAN
Sep 02 20:55:41 INFO >> Finished DBSCAN
Sep 02 20:55:41 INFO >> Clusters found: 76
Sep 02 20:55:41 INFO >> Filtered 32 clusters below or equal 2 DM.
Sep 02 20:55:41 INFO >> Total number of candidate clusters=1
Sep 02 20:55:41 INFO >> Candidate Processor of stack (315.95 49.23)
Sep 02 20:55:41 INFO >> Making SinglePointingCandidates from a list of 1 PowerSpectraDetectionClusters
Sep 02 20:55:43 INFO >> saved candidates to ./results//injections/315.95_49.23_cumulative_power_spectra_stack_20220627_11_tpa.yml_(522,)_candidates.npz
Sep 02 20:55:43 INFO >> Injected Pulsars:     1
Sep 02 20:55:43 INFO >> Injection Candidates: 1
Sep 02 20:55:43 INFO >> Recovered Injections: 1
Sep 02 20:55:43 INFO >> 1 candidates.
Sep 02 20:55:43 INFO >> Best candidate: F0: 24.844 DM: 61.93 Sigma: 10.72
Sep 02 20:55:44 INFO >> Unlinked shared memory for cumulative stack.
Sep 02 20:55:44 INFO >> Pipeline execution time: 2.06 minutes
