Sep 02 21:48:08 INFO >> {"message": "Waiting for suitable server to become available", "selector": "Primary()", "operation": "find", "topologyDescription": "<TopologyDescription id: 66d6329891fb0516f1b57e4a, topology_type: Unknown, servers: [<ServerDescription ('localhost', 27017) server_type: Unknown, rtt: None>]>", "clientId": {"$oid": "66d6329891fb0516f1b57e4a"}, "remainingTimeMS": 29}
Sep 02 21:48:08 INFO >> Features initialized as the following:
Sep 02 21:48:08 INFO >> num_unique_dms
Sep 02 21:48:08 INFO >> num_unique_freqs
Sep 02 21:48:08 INFO >> ndetections
Sep 02 21:48:08 INFO >> nharm
Sep 02 21:48:08 INFO >> log_p_dm
Sep 02 21:48:08 INFO >> ['dm_sigma_FitGaussWidth_gauss_sigma', 'dm_sigma_FitGaussWidth_gauss_sigma_rel_err', 'dm_sigma_FitGaussWidth_ndof', 'dm_sigma_FitGaussWidth_rms_err']
Sep 02 21:48:08 INFO >> ['dm_sigma_FitGauss_amplitude', 'dm_sigma_FitGauss_mu', 'dm_sigma_FitGauss_gauss_sigma', 'dm_sigma_FitGauss_amplitude_rel_err', 'dm_sigma_FitGauss_mu_rel_err', 'dm_sigma_FitGauss_gauss_sigma_rel_err', 'dm_sigma_FitGauss_amplitude-detection', 'dm_sigma_FitGauss_mu-detection', 'dm_sigma_FitGauss_ndof', 'dm_sigma_FitGauss_rms_err']
Sep 02 21:48:08 INFO >> ['freq_sigma_FitGaussWidth_gauss_sigma', 'freq_sigma_FitGaussWidth_gauss_sigma_rel_err', 'freq_sigma_FitGaussWidth_ndof', 'freq_sigma_FitGaussWidth_rms_err']
Sep 02 21:48:08 INFO >> ['freq_sigma_FitGauss_amplitude', 'freq_sigma_FitGauss_mu', 'freq_sigma_FitGauss_gauss_sigma', 'freq_sigma_FitGauss_amplitude_rel_err', 'freq_sigma_FitGauss_mu_rel_err', 'freq_sigma_FitGauss_gauss_sigma_rel_err', 'freq_sigma_FitGauss_amplitude-detection', 'freq_sigma_FitGauss_mu-detection', 'freq_sigma_FitGauss_ndof', 'freq_sigma_FitGauss_rms_err']
Sep 02 21:48:08 INFO >> Performing searching on cumulative stack 315.95 49.23
Sep 02 21:48:08 INFO >> Loading the cumulative power spectra stack to search
Sep 02 21:49:05 INFO >> DM: 67.32748173625916
Sep 02 21:49:05 INFO >> sigma: 14.291218847229121
Sep 02 21:49:05 INFO >> frequency: 16.865920075103837
Sep 02 21:49:05 INFO >> Injecting 30 harmonics.
Sep 02 21:49:05 INFO >> Starting DM: 61.224749529817366
Sep 02 21:49:05 INFO >> Stopping DM: 73.46969943578085
Sep 02 21:49:05 INFO >> Expected detection at 12.19 sigma with 8 harmonics.
Sep 02 21:49:19 INFO >> Start searching 6558 dm trials using 32 harmonics.
Sep 02 21:49:25 INFO >> Moved power spectra to shared memory.
Sep 02 21:49:25 INFO >> Number of dm trials in single multi processing job: 10
Sep 02 21:50:06 INFO >> Total number of detections=15755
Sep 02 21:50:06 INFO >> Clustering the detections
Sep 02 21:50:06 INFO >> Starting clustering
Sep 02 21:50:06 INFO >> Rogue harmonic power filter reduced detections from 15755 to 8697
Sep 02 21:50:06 INFO >> Filtering out duplicate freq,dm detections at multiple nharms removes 861 detections
Sep 02 21:50:06 INFO >> Duplicate freq,dm filter reduced detections to 7836
Sep 02 21:50:06 INFO >> Number of detections over threshold sigma (6.0): 7836
Sep 02 21:50:06 INFO >> Grouping duplicate frequencies together first
Sep 02 21:50:06 INFO >> Grouping duplicate frequencies removed 7304 detections from the harmonic metric computation
Sep 02 21:50:06 INFO >> Starting freq-DM distance metric computation
Sep 02 21:50:06 INFO >> Finished freq-DM distance metric computation
Sep 02 21:50:06 INFO >> Largest group size for metric computation is 97
Sep 02 21:50:06 INFO >> Starting harmonic distance metric computation
Sep 02 21:50:07 INFO >> Finished harmonic distance metric computation
Sep 02 21:50:07 INFO >> Starting DBSCAN
Sep 02 21:50:07 INFO >> Finished DBSCAN
Sep 02 21:50:07 INFO >> Clusters found: 76
Sep 02 21:50:07 INFO >> Filtered 32 clusters below or equal 2 DM.
Sep 02 21:50:07 INFO >> Total number of candidate clusters=1
Sep 02 21:50:07 INFO >> Candidate Processor of stack (315.95 49.23)
Sep 02 21:50:07 INFO >> Making SinglePointingCandidates from a list of 1 PowerSpectraDetectionClusters
Sep 02 21:50:10 INFO >> saved candidates to ./results//injections/315.95_49.23_cumulative_power_spectra_stack_20220627_11_tpa.yml_(548,)_candidates.npz
Sep 02 21:50:10 INFO >> Injected Pulsars:     1
Sep 02 21:50:10 INFO >> Injection Candidates: 1
Sep 02 21:50:10 INFO >> Recovered Injections: 1
Sep 02 21:50:10 INFO >> 1 candidates.
Sep 02 21:50:10 INFO >> Best candidate: F0: 16.866 DM: 67.30 Sigma: 11.91
Sep 02 21:50:11 INFO >> Unlinked shared memory for cumulative stack.
Sep 02 21:50:11 INFO >> Pipeline execution time: 2.06 minutes
