Sep 02 15:41:53 INFO >> {"message": "Waiting for suitable server to become available", "selector": "Primary()", "operation": "find", "topologyDescription": "<TopologyDescription id: 66d5dcc160701213a4158189, topology_type: Unknown, servers: [<ServerDescription ('localhost', 27017) server_type: Unknown, rtt: None>]>", "clientId": {"$oid": "66d5dcc160701213a4158189"}, "remainingTimeMS": 29}
Sep 02 15:41:53 INFO >> Features initialized as the following:
Sep 02 15:41:53 INFO >> num_unique_dms
Sep 02 15:41:53 INFO >> num_unique_freqs
Sep 02 15:41:53 INFO >> ndetections
Sep 02 15:41:53 INFO >> nharm
Sep 02 15:41:53 INFO >> log_p_dm
Sep 02 15:41:53 INFO >> ['dm_sigma_FitGaussWidth_gauss_sigma', 'dm_sigma_FitGaussWidth_gauss_sigma_rel_err', 'dm_sigma_FitGaussWidth_ndof', 'dm_sigma_FitGaussWidth_rms_err']
Sep 02 15:41:53 INFO >> ['dm_sigma_FitGauss_amplitude', 'dm_sigma_FitGauss_mu', 'dm_sigma_FitGauss_gauss_sigma', 'dm_sigma_FitGauss_amplitude_rel_err', 'dm_sigma_FitGauss_mu_rel_err', 'dm_sigma_FitGauss_gauss_sigma_rel_err', 'dm_sigma_FitGauss_amplitude-detection', 'dm_sigma_FitGauss_mu-detection', 'dm_sigma_FitGauss_ndof', 'dm_sigma_FitGauss_rms_err']
Sep 02 15:41:53 INFO >> ['freq_sigma_FitGaussWidth_gauss_sigma', 'freq_sigma_FitGaussWidth_gauss_sigma_rel_err', 'freq_sigma_FitGaussWidth_ndof', 'freq_sigma_FitGaussWidth_rms_err']
Sep 02 15:41:53 INFO >> ['freq_sigma_FitGauss_amplitude', 'freq_sigma_FitGauss_mu', 'freq_sigma_FitGauss_gauss_sigma', 'freq_sigma_FitGauss_amplitude_rel_err', 'freq_sigma_FitGauss_mu_rel_err', 'freq_sigma_FitGauss_gauss_sigma_rel_err', 'freq_sigma_FitGauss_amplitude-detection', 'freq_sigma_FitGauss_mu-detection', 'freq_sigma_FitGauss_ndof', 'freq_sigma_FitGauss_rms_err']
Sep 02 15:41:53 INFO >> Performing searching on cumulative stack 315.95 49.23
Sep 02 15:41:53 INFO >> Loading the cumulative power spectra stack to search
Sep 02 15:42:50 INFO >> DM: 114.77959911434147
Sep 02 15:42:50 INFO >> sigma: 16.13308250160362
Sep 02 15:42:50 INFO >> frequency: 52.80687983220582
Sep 02 15:42:50 INFO >> Injecting 9 harmonics.
Sep 02 15:42:50 INFO >> Starting DM: 112.83569541445681
Sep 02 15:42:50 INFO >> Stopping DM: 116.68121687252798
Sep 02 15:42:50 INFO >> Expected detection at 12.60 sigma with 8 harmonics.
Sep 02 15:43:04 INFO >> Start searching 6558 dm trials using 32 harmonics.
Sep 02 15:43:10 INFO >> Moved power spectra to shared memory.
Sep 02 15:43:10 INFO >> Number of dm trials in single multi processing job: 10
Sep 02 15:43:50 INFO >> Total number of detections=15645
Sep 02 15:43:50 INFO >> Clustering the detections
Sep 02 15:43:50 INFO >> Starting clustering
Sep 02 15:43:50 INFO >> Rogue harmonic power filter reduced detections from 15645 to 8587
Sep 02 15:43:50 INFO >> Filtering out duplicate freq,dm detections at multiple nharms removes 806 detections
Sep 02 15:43:50 INFO >> Duplicate freq,dm filter reduced detections to 7781
Sep 02 15:43:50 INFO >> Number of detections over threshold sigma (6.0): 7781
Sep 02 15:43:50 INFO >> Grouping duplicate frequencies together first
Sep 02 15:43:50 INFO >> Grouping duplicate frequencies removed 7242 detections from the harmonic metric computation
Sep 02 15:43:50 INFO >> Starting freq-DM distance metric computation
Sep 02 15:43:51 INFO >> Finished freq-DM distance metric computation
Sep 02 15:43:51 INFO >> Largest group size for metric computation is 97
Sep 02 15:43:51 INFO >> Starting harmonic distance metric computation
Sep 02 15:43:52 INFO >> Finished harmonic distance metric computation
Sep 02 15:43:52 INFO >> Starting DBSCAN
Sep 02 15:43:52 INFO >> Finished DBSCAN
Sep 02 15:43:52 INFO >> Clusters found: 76
Sep 02 15:43:52 INFO >> Filtered 32 clusters below or equal 2 DM.
Sep 02 15:43:52 INFO >> Total number of candidate clusters=1
Sep 02 15:43:52 INFO >> Candidate Processor of stack (315.95 49.23)
Sep 02 15:43:52 INFO >> Making SinglePointingCandidates from a list of 1 PowerSpectraDetectionClusters
Sep 02 15:43:54 INFO >> saved candidates to ./results//injections/315.95_49.23_cumulative_power_spectra_stack_20220627_11_tpa.yml_(373,)_candidates.npz
Sep 02 15:43:54 INFO >> Injected Pulsars:     1
Sep 02 15:43:54 INFO >> Injection Candidates: 1
Sep 02 15:43:54 INFO >> Recovered Injections: 1
Sep 02 15:43:54 INFO >> 1 candidates.
Sep 02 15:43:54 INFO >> Best candidate: F0: 52.807 DM: 114.76 Sigma: 12.85
Sep 02 15:43:55 INFO >> Unlinked shared memory for cumulative stack.
Sep 02 15:43:55 INFO >> Pipeline execution time: 2.05 minutes
