Sep 02 02:58:09 INFO >> {"message": "Waiting for suitable server to become available", "selector": "Primary()", "operation": "find", "topologyDescription": "<TopologyDescription id: 66d529c117703e0d2036efe1, topology_type: Unknown, servers: [<ServerDescription ('localhost', 27017) server_type: Unknown, rtt: None>]>", "clientId": {"$oid": "66d529c117703e0d2036efe1"}, "remainingTimeMS": 29}
Sep 02 02:58:09 INFO >> Features initialized as the following:
Sep 02 02:58:09 INFO >> num_unique_dms
Sep 02 02:58:09 INFO >> num_unique_freqs
Sep 02 02:58:09 INFO >> ndetections
Sep 02 02:58:09 INFO >> nharm
Sep 02 02:58:09 INFO >> log_p_dm
Sep 02 02:58:09 INFO >> ['dm_sigma_FitGaussWidth_gauss_sigma', 'dm_sigma_FitGaussWidth_gauss_sigma_rel_err', 'dm_sigma_FitGaussWidth_ndof', 'dm_sigma_FitGaussWidth_rms_err']
Sep 02 02:58:09 INFO >> ['dm_sigma_FitGauss_amplitude', 'dm_sigma_FitGauss_mu', 'dm_sigma_FitGauss_gauss_sigma', 'dm_sigma_FitGauss_amplitude_rel_err', 'dm_sigma_FitGauss_mu_rel_err', 'dm_sigma_FitGauss_gauss_sigma_rel_err', 'dm_sigma_FitGauss_amplitude-detection', 'dm_sigma_FitGauss_mu-detection', 'dm_sigma_FitGauss_ndof', 'dm_sigma_FitGauss_rms_err']
Sep 02 02:58:09 INFO >> ['freq_sigma_FitGaussWidth_gauss_sigma', 'freq_sigma_FitGaussWidth_gauss_sigma_rel_err', 'freq_sigma_FitGaussWidth_ndof', 'freq_sigma_FitGaussWidth_rms_err']
Sep 02 02:58:09 INFO >> ['freq_sigma_FitGauss_amplitude', 'freq_sigma_FitGauss_mu', 'freq_sigma_FitGauss_gauss_sigma', 'freq_sigma_FitGauss_amplitude_rel_err', 'freq_sigma_FitGauss_mu_rel_err', 'freq_sigma_FitGauss_gauss_sigma_rel_err', 'freq_sigma_FitGauss_amplitude-detection', 'freq_sigma_FitGauss_mu-detection', 'freq_sigma_FitGauss_ndof', 'freq_sigma_FitGauss_rms_err']
Sep 02 02:58:09 INFO >> Performing searching on cumulative stack 315.95 49.23
Sep 02 02:58:09 INFO >> Loading the cumulative power spectra stack to search
Sep 02 02:59:06 INFO >> DM: 180.49142947944952
Sep 02 02:59:06 INFO >> sigma: 12.88388806701286
Sep 02 02:59:06 INFO >> frequency: 53.45484806170053
Sep 02 02:59:06 INFO >> Injecting 9 harmonics.
Sep 02 02:59:06 INFO >> Starting DM: 178.6143519340953
Sep 02 02:59:06 INFO >> Stopping DM: 182.4598733921665
Sep 02 02:59:06 INFO >> Expected detection at 9.47 sigma with 8 harmonics.
Sep 02 02:59:20 INFO >> Start searching 6558 dm trials using 32 harmonics.
Sep 02 02:59:26 INFO >> Moved power spectra to shared memory.
Sep 02 02:59:26 INFO >> Number of dm trials in single multi processing job: 10
Sep 02 03:00:06 INFO >> Total number of detections=15591
Sep 02 03:00:06 INFO >> Clustering the detections
Sep 02 03:00:06 INFO >> Starting clustering
Sep 02 03:00:06 INFO >> Rogue harmonic power filter reduced detections from 15591 to 8533
Sep 02 03:00:06 INFO >> Filtering out duplicate freq,dm detections at multiple nharms removes 788 detections
Sep 02 03:00:06 INFO >> Duplicate freq,dm filter reduced detections to 7745
Sep 02 03:00:06 INFO >> Number of detections over threshold sigma (6.0): 7745
Sep 02 03:00:06 INFO >> Grouping duplicate frequencies together first
Sep 02 03:00:06 INFO >> Grouping duplicate frequencies removed 7219 detections from the harmonic metric computation
Sep 02 03:00:06 INFO >> Starting freq-DM distance metric computation
Sep 02 03:00:06 INFO >> Finished freq-DM distance metric computation
Sep 02 03:00:06 INFO >> Largest group size for metric computation is 97
Sep 02 03:00:06 INFO >> Starting harmonic distance metric computation
Sep 02 03:00:07 INFO >> Finished harmonic distance metric computation
Sep 02 03:00:07 INFO >> Starting DBSCAN
Sep 02 03:00:07 INFO >> Finished DBSCAN
Sep 02 03:00:07 INFO >> Clusters found: 76
Sep 02 03:00:07 INFO >> Filtered 32 clusters below or equal 2 DM.
Sep 02 03:00:07 INFO >> Total number of candidate clusters=1
Sep 02 03:00:07 INFO >> Candidate Processor of stack (315.95 49.23)
Sep 02 03:00:07 INFO >> Making SinglePointingCandidates from a list of 1 PowerSpectraDetectionClusters
Sep 02 03:00:10 INFO >> saved candidates to ./results//injections/315.95_49.23_cumulative_power_spectra_stack_20220627_11_tpa.yml_(8,)_candidates.npz
Sep 02 03:00:10 INFO >> Injected Pulsars:     1
Sep 02 03:00:10 INFO >> Injection Candidates: 1
Sep 02 03:00:10 INFO >> Recovered Injections: 1
Sep 02 03:00:10 INFO >> 1 candidates.
Sep 02 03:00:10 INFO >> Best candidate: F0: 53.455 DM: 180.54 Sigma: 9.74
Sep 02 03:00:11 INFO >> Unlinked shared memory for cumulative stack.
Sep 02 03:00:11 INFO >> Pipeline execution time: 2.04 minutes
