Sep 02 16:34:14 INFO >> {"message": "Waiting for suitable server to become available", "selector": "Primary()", "operation": "find", "topologyDescription": "<TopologyDescription id: 66d5e9065e6bb4ea7b8d8fd1, topology_type: Unknown, servers: [<ServerDescription ('localhost', 27017) server_type: Unknown, rtt: None>]>", "clientId": {"$oid": "66d5e9065e6bb4ea7b8d8fd1"}, "remainingTimeMS": 29}
Sep 02 16:34:14 INFO >> Features initialized as the following:
Sep 02 16:34:14 INFO >> num_unique_dms
Sep 02 16:34:14 INFO >> num_unique_freqs
Sep 02 16:34:14 INFO >> ndetections
Sep 02 16:34:14 INFO >> nharm
Sep 02 16:34:14 INFO >> log_p_dm
Sep 02 16:34:14 INFO >> ['dm_sigma_FitGaussWidth_gauss_sigma', 'dm_sigma_FitGaussWidth_gauss_sigma_rel_err', 'dm_sigma_FitGaussWidth_ndof', 'dm_sigma_FitGaussWidth_rms_err']
Sep 02 16:34:14 INFO >> ['dm_sigma_FitGauss_amplitude', 'dm_sigma_FitGauss_mu', 'dm_sigma_FitGauss_gauss_sigma', 'dm_sigma_FitGauss_amplitude_rel_err', 'dm_sigma_FitGauss_mu_rel_err', 'dm_sigma_FitGauss_gauss_sigma_rel_err', 'dm_sigma_FitGauss_amplitude-detection', 'dm_sigma_FitGauss_mu-detection', 'dm_sigma_FitGauss_ndof', 'dm_sigma_FitGauss_rms_err']
Sep 02 16:34:14 INFO >> ['freq_sigma_FitGaussWidth_gauss_sigma', 'freq_sigma_FitGaussWidth_gauss_sigma_rel_err', 'freq_sigma_FitGaussWidth_ndof', 'freq_sigma_FitGaussWidth_rms_err']
Sep 02 16:34:14 INFO >> ['freq_sigma_FitGauss_amplitude', 'freq_sigma_FitGauss_mu', 'freq_sigma_FitGauss_gauss_sigma', 'freq_sigma_FitGauss_amplitude_rel_err', 'freq_sigma_FitGauss_mu_rel_err', 'freq_sigma_FitGauss_gauss_sigma_rel_err', 'freq_sigma_FitGauss_amplitude-detection', 'freq_sigma_FitGauss_mu-detection', 'freq_sigma_FitGauss_ndof', 'freq_sigma_FitGauss_rms_err']
Sep 02 16:34:14 INFO >> Performing searching on cumulative stack 315.95 49.23
Sep 02 16:34:14 INFO >> Loading the cumulative power spectra stack to search
Sep 02 16:35:12 INFO >> DM: 7.060164388752908
Sep 02 16:35:12 INFO >> sigma: 15.402315557878653
Sep 02 16:35:12 INFO >> frequency: 73.32495162189478
Sep 02 16:35:12 INFO >> Injecting 6 harmonics.
Sep 02 16:35:12 INFO >> Starting DM: 5.667084253999624
Sep 02 16:35:12 INFO >> Stopping DM: 8.500626380999435
Sep 02 16:35:12 INFO >> Expected detection at 10.77 sigma with 4 harmonics.
Sep 02 16:35:26 INFO >> Start searching 6558 dm trials using 32 harmonics.
Sep 02 16:35:32 INFO >> Moved power spectra to shared memory.
Sep 02 16:35:32 INFO >> Number of dm trials in single multi processing job: 10
Sep 02 16:36:12 INFO >> Total number of detections=15614
Sep 02 16:36:12 INFO >> Clustering the detections
Sep 02 16:36:12 INFO >> Starting clustering
Sep 02 16:36:12 INFO >> Rogue harmonic power filter reduced detections from 15614 to 8556
Sep 02 16:36:12 INFO >> Filtering out duplicate freq,dm detections at multiple nharms removes 796 detections
Sep 02 16:36:12 INFO >> Duplicate freq,dm filter reduced detections to 7760
Sep 02 16:36:12 INFO >> Number of detections over threshold sigma (6.0): 7760
Sep 02 16:36:12 INFO >> Grouping duplicate frequencies together first
Sep 02 16:36:12 INFO >> Grouping duplicate frequencies removed 7228 detections from the harmonic metric computation
Sep 02 16:36:12 INFO >> Starting freq-DM distance metric computation
Sep 02 16:36:13 INFO >> Finished freq-DM distance metric computation
Sep 02 16:36:13 INFO >> Largest group size for metric computation is 97
Sep 02 16:36:13 INFO >> Starting harmonic distance metric computation
Sep 02 16:36:14 INFO >> Finished harmonic distance metric computation
Sep 02 16:36:14 INFO >> Starting DBSCAN
Sep 02 16:36:14 INFO >> Finished DBSCAN
Sep 02 16:36:14 INFO >> Clusters found: 76
Sep 02 16:36:14 INFO >> Filtered 32 clusters below or equal 2 DM.
Sep 02 16:36:14 INFO >> Total number of candidate clusters=1
Sep 02 16:36:14 INFO >> Candidate Processor of stack (315.95 49.23)
Sep 02 16:36:14 INFO >> Making SinglePointingCandidates from a list of 1 PowerSpectraDetectionClusters
Sep 02 16:36:16 INFO >> saved candidates to ./results//injections/315.95_49.23_cumulative_power_spectra_stack_20220627_11_tpa.yml_(398,)_candidates.npz
Sep 02 16:36:16 INFO >> Injected Pulsars:     1
Sep 02 16:36:16 INFO >> Injection Candidates: 1
Sep 02 16:36:16 INFO >> Recovered Injections: 1
Sep 02 16:36:16 INFO >> 1 candidates.
Sep 02 16:36:16 INFO >> Best candidate: F0: 73.325 DM: 7.08 Sigma: 11.52
Sep 02 16:36:18 INFO >> Unlinked shared memory for cumulative stack.
Sep 02 16:36:18 INFO >> Pipeline execution time: 2.06 minutes
