Sep 02 22:19:30 INFO >> {"message": "Waiting for suitable server to become available", "selector": "Primary()", "operation": "find", "topologyDescription": "<TopologyDescription id: 66d639f2b9d8f6d0060c50d6, topology_type: Unknown, servers: [<ServerDescription ('localhost', 27017) server_type: Unknown, rtt: None>]>", "clientId": {"$oid": "66d639f2b9d8f6d0060c50d6"}, "remainingTimeMS": 29}
Sep 02 22:19:30 INFO >> Features initialized as the following:
Sep 02 22:19:30 INFO >> num_unique_dms
Sep 02 22:19:30 INFO >> num_unique_freqs
Sep 02 22:19:30 INFO >> ndetections
Sep 02 22:19:30 INFO >> nharm
Sep 02 22:19:30 INFO >> log_p_dm
Sep 02 22:19:30 INFO >> ['dm_sigma_FitGaussWidth_gauss_sigma', 'dm_sigma_FitGaussWidth_gauss_sigma_rel_err', 'dm_sigma_FitGaussWidth_ndof', 'dm_sigma_FitGaussWidth_rms_err']
Sep 02 22:19:30 INFO >> ['dm_sigma_FitGauss_amplitude', 'dm_sigma_FitGauss_mu', 'dm_sigma_FitGauss_gauss_sigma', 'dm_sigma_FitGauss_amplitude_rel_err', 'dm_sigma_FitGauss_mu_rel_err', 'dm_sigma_FitGauss_gauss_sigma_rel_err', 'dm_sigma_FitGauss_amplitude-detection', 'dm_sigma_FitGauss_mu-detection', 'dm_sigma_FitGauss_ndof', 'dm_sigma_FitGauss_rms_err']
Sep 02 22:19:30 INFO >> ['freq_sigma_FitGaussWidth_gauss_sigma', 'freq_sigma_FitGaussWidth_gauss_sigma_rel_err', 'freq_sigma_FitGaussWidth_ndof', 'freq_sigma_FitGaussWidth_rms_err']
Sep 02 22:19:30 INFO >> ['freq_sigma_FitGauss_amplitude', 'freq_sigma_FitGauss_mu', 'freq_sigma_FitGauss_gauss_sigma', 'freq_sigma_FitGauss_amplitude_rel_err', 'freq_sigma_FitGauss_mu_rel_err', 'freq_sigma_FitGauss_gauss_sigma_rel_err', 'freq_sigma_FitGauss_amplitude-detection', 'freq_sigma_FitGauss_mu-detection', 'freq_sigma_FitGauss_ndof', 'freq_sigma_FitGauss_rms_err']
Sep 02 22:19:30 INFO >> Performing searching on cumulative stack 315.95 49.23
Sep 02 22:19:30 INFO >> Loading the cumulative power spectra stack to search
Sep 02 22:20:27 INFO >> DM: 137.15106479602247
Sep 02 22:20:27 INFO >> sigma: 16.14455443549769
Sep 02 22:20:27 INFO >> frequency: 71.35676801757131
Sep 02 22:20:27 INFO >> Injecting 7 harmonics.
Sep 02 22:20:27 INFO >> Starting DM: 135.70642829666957
Sep 02 22:20:27 INFO >> Stopping DM: 138.64116835677655
Sep 02 22:20:27 INFO >> Expected detection at 8.24 sigma with 4 harmonics.
Sep 02 22:20:42 INFO >> Start searching 6558 dm trials using 32 harmonics.
Sep 02 22:20:47 INFO >> Moved power spectra to shared memory.
Sep 02 22:20:47 INFO >> Number of dm trials in single multi processing job: 10
Sep 02 22:21:27 INFO >> Total number of detections=15583
Sep 02 22:21:28 INFO >> Clustering the detections
Sep 02 22:21:28 INFO >> Starting clustering
Sep 02 22:21:28 INFO >> Rogue harmonic power filter reduced detections from 15583 to 8525
Sep 02 22:21:28 INFO >> Filtering out duplicate freq,dm detections at multiple nharms removes 789 detections
Sep 02 22:21:28 INFO >> Duplicate freq,dm filter reduced detections to 7736
Sep 02 22:21:28 INFO >> Number of detections over threshold sigma (6.0): 7736
Sep 02 22:21:28 INFO >> Grouping duplicate frequencies together first
Sep 02 22:21:28 INFO >> Grouping duplicate frequencies removed 7215 detections from the harmonic metric computation
Sep 02 22:21:28 INFO >> Starting freq-DM distance metric computation
Sep 02 22:21:28 INFO >> Finished freq-DM distance metric computation
Sep 02 22:21:28 INFO >> Largest group size for metric computation is 97
Sep 02 22:21:28 INFO >> Starting harmonic distance metric computation
Sep 02 22:21:29 INFO >> Finished harmonic distance metric computation
Sep 02 22:21:29 INFO >> Starting DBSCAN
Sep 02 22:21:29 INFO >> Finished DBSCAN
Sep 02 22:21:29 INFO >> Clusters found: 75
Sep 02 22:21:29 INFO >> Filtered 32 clusters below or equal 2 DM.
Sep 02 22:21:29 INFO >> Total number of candidate clusters=0
Sep 02 22:21:29 INFO >> Candidate Processor of stack (315.95 49.23)
Sep 02 22:21:29 INFO >> Making SinglePointingCandidates from a list of 0 PowerSpectraDetectionClusters
Sep 02 22:21:31 INFO >> saved candidates to ./results//injections/315.95_49.23_cumulative_power_spectra_stack_20220627_11_tpa.yml_(563,)_candidates.npz
Sep 02 22:21:31 INFO >> Injected Pulsars:     1
Sep 02 22:21:31 INFO >> Injection Candidates: 0
Sep 02 22:21:31 INFO >> Recovered Injections: 0
Sep 02 22:21:31 INFO >> 0 candidates.
Sep 02 22:21:32 INFO >> Unlinked shared memory for cumulative stack.
Sep 02 22:21:32 INFO >> Pipeline execution time: 2.04 minutes
