Sep 02 07:07:05 INFO >> {"message": "Waiting for suitable server to become available", "selector": "Primary()", "operation": "find", "topologyDescription": "<TopologyDescription id: 66d564195540061f0dc53007, topology_type: Unknown, servers: [<ServerDescription ('localhost', 27017) server_type: Unknown, rtt: None>]>", "clientId": {"$oid": "66d564195540061f0dc53007"}, "remainingTimeMS": 29}
Sep 02 07:07:05 INFO >> Features initialized as the following:
Sep 02 07:07:05 INFO >> num_unique_dms
Sep 02 07:07:05 INFO >> num_unique_freqs
Sep 02 07:07:05 INFO >> ndetections
Sep 02 07:07:05 INFO >> nharm
Sep 02 07:07:05 INFO >> log_p_dm
Sep 02 07:07:05 INFO >> ['dm_sigma_FitGaussWidth_gauss_sigma', 'dm_sigma_FitGaussWidth_gauss_sigma_rel_err', 'dm_sigma_FitGaussWidth_ndof', 'dm_sigma_FitGaussWidth_rms_err']
Sep 02 07:07:05 INFO >> ['dm_sigma_FitGauss_amplitude', 'dm_sigma_FitGauss_mu', 'dm_sigma_FitGauss_gauss_sigma', 'dm_sigma_FitGauss_amplitude_rel_err', 'dm_sigma_FitGauss_mu_rel_err', 'dm_sigma_FitGauss_gauss_sigma_rel_err', 'dm_sigma_FitGauss_amplitude-detection', 'dm_sigma_FitGauss_mu-detection', 'dm_sigma_FitGauss_ndof', 'dm_sigma_FitGauss_rms_err']
Sep 02 07:07:05 INFO >> ['freq_sigma_FitGaussWidth_gauss_sigma', 'freq_sigma_FitGaussWidth_gauss_sigma_rel_err', 'freq_sigma_FitGaussWidth_ndof', 'freq_sigma_FitGaussWidth_rms_err']
Sep 02 07:07:05 INFO >> ['freq_sigma_FitGauss_amplitude', 'freq_sigma_FitGauss_mu', 'freq_sigma_FitGauss_gauss_sigma', 'freq_sigma_FitGauss_amplitude_rel_err', 'freq_sigma_FitGauss_mu_rel_err', 'freq_sigma_FitGauss_gauss_sigma_rel_err', 'freq_sigma_FitGauss_amplitude-detection', 'freq_sigma_FitGauss_mu-detection', 'freq_sigma_FitGauss_ndof', 'freq_sigma_FitGauss_rms_err']
Sep 02 07:07:06 INFO >> Performing searching on cumulative stack 315.95 49.23
Sep 02 07:07:06 INFO >> Loading the cumulative power spectra stack to search
Sep 02 07:08:03 INFO >> DM: 155.00778757197492
Sep 02 07:08:03 INFO >> sigma: 11.608376785434356
Sep 02 07:08:03 INFO >> frequency: 21.068012089001197
Sep 02 07:08:03 INFO >> Injecting 24 harmonics.
Sep 02 07:08:03 INFO >> Starting DM: 150.0765347978829
Sep 02 07:08:03 INFO >> Stopping DM: 159.89273430927514
Sep 02 07:08:03 INFO >> Expected detection at 12.31 sigma with 16 harmonics.
Sep 02 07:08:17 INFO >> Start searching 6558 dm trials using 32 harmonics.
Sep 02 07:08:22 INFO >> Moved power spectra to shared memory.
Sep 02 07:08:22 INFO >> Number of dm trials in single multi processing job: 10
Sep 02 07:09:03 INFO >> Total number of detections=15627
Sep 02 07:09:03 INFO >> Clustering the detections
Sep 02 07:09:03 INFO >> Starting clustering
Sep 02 07:09:03 INFO >> Rogue harmonic power filter reduced detections from 15627 to 8569
Sep 02 07:09:03 INFO >> Filtering out duplicate freq,dm detections at multiple nharms removes 809 detections
Sep 02 07:09:03 INFO >> Duplicate freq,dm filter reduced detections to 7760
Sep 02 07:09:03 INFO >> Number of detections over threshold sigma (6.0): 7760
Sep 02 07:09:03 INFO >> Grouping duplicate frequencies together first
Sep 02 07:09:03 INFO >> Grouping duplicate frequencies removed 7235 detections from the harmonic metric computation
Sep 02 07:09:03 INFO >> Starting freq-DM distance metric computation
Sep 02 07:09:03 INFO >> Finished freq-DM distance metric computation
Sep 02 07:09:04 INFO >> Largest group size for metric computation is 104
Sep 02 07:09:04 INFO >> Starting harmonic distance metric computation
Sep 02 07:09:04 INFO >> Finished harmonic distance metric computation
Sep 02 07:09:04 INFO >> Starting DBSCAN
Sep 02 07:09:05 INFO >> Finished DBSCAN
Sep 02 07:09:05 INFO >> Clusters found: 76
Sep 02 07:09:05 INFO >> Filtered 32 clusters below or equal 2 DM.
Sep 02 07:09:05 INFO >> Total number of candidate clusters=1
Sep 02 07:09:05 INFO >> Candidate Processor of stack (315.95 49.23)
Sep 02 07:09:05 INFO >> Making SinglePointingCandidates from a list of 1 PowerSpectraDetectionClusters
Sep 02 07:09:07 INFO >> saved candidates to ./results//injections/315.95_49.23_cumulative_power_spectra_stack_20220627_11_tpa.yml_(127,)_candidates.npz
Sep 02 07:09:07 INFO >> Injected Pulsars:     1
Sep 02 07:09:07 INFO >> Injection Candidates: 1
Sep 02 07:09:07 INFO >> Recovered Injections: 1
Sep 02 07:09:07 INFO >> 1 candidates.
Sep 02 07:09:07 INFO >> Best candidate: F0: 21.068 DM: 155.04 Sigma: 12.23
Sep 02 07:09:08 INFO >> Unlinked shared memory for cumulative stack.
Sep 02 07:09:08 INFO >> Pipeline execution time: 2.05 minutes
