Sep 02 03:44:07 INFO >> {"message": "Waiting for suitable server to become available", "selector": "Primary()", "operation": "find", "topologyDescription": "<TopologyDescription id: 66d53487462e13e4f24707bf, topology_type: Unknown, servers: [<ServerDescription ('localhost', 27017) server_type: Unknown, rtt: None>]>", "clientId": {"$oid": "66d53487462e13e4f24707bf"}, "remainingTimeMS": 29}
Sep 02 03:44:07 INFO >> Features initialized as the following:
Sep 02 03:44:07 INFO >> num_unique_dms
Sep 02 03:44:07 INFO >> num_unique_freqs
Sep 02 03:44:07 INFO >> ndetections
Sep 02 03:44:07 INFO >> nharm
Sep 02 03:44:07 INFO >> log_p_dm
Sep 02 03:44:07 INFO >> ['dm_sigma_FitGaussWidth_gauss_sigma', 'dm_sigma_FitGaussWidth_gauss_sigma_rel_err', 'dm_sigma_FitGaussWidth_ndof', 'dm_sigma_FitGaussWidth_rms_err']
Sep 02 03:44:07 INFO >> ['dm_sigma_FitGauss_amplitude', 'dm_sigma_FitGauss_mu', 'dm_sigma_FitGauss_gauss_sigma', 'dm_sigma_FitGauss_amplitude_rel_err', 'dm_sigma_FitGauss_mu_rel_err', 'dm_sigma_FitGauss_gauss_sigma_rel_err', 'dm_sigma_FitGauss_amplitude-detection', 'dm_sigma_FitGauss_mu-detection', 'dm_sigma_FitGauss_ndof', 'dm_sigma_FitGauss_rms_err']
Sep 02 03:44:07 INFO >> ['freq_sigma_FitGaussWidth_gauss_sigma', 'freq_sigma_FitGaussWidth_gauss_sigma_rel_err', 'freq_sigma_FitGaussWidth_ndof', 'freq_sigma_FitGaussWidth_rms_err']
Sep 02 03:44:07 INFO >> ['freq_sigma_FitGauss_amplitude', 'freq_sigma_FitGauss_mu', 'freq_sigma_FitGauss_gauss_sigma', 'freq_sigma_FitGauss_amplitude_rel_err', 'freq_sigma_FitGauss_mu_rel_err', 'freq_sigma_FitGauss_gauss_sigma_rel_err', 'freq_sigma_FitGauss_amplitude-detection', 'freq_sigma_FitGauss_mu-detection', 'freq_sigma_FitGauss_ndof', 'freq_sigma_FitGauss_rms_err']
Sep 02 03:44:07 INFO >> Performing searching on cumulative stack 315.95 49.23
Sep 02 03:44:07 INFO >> Loading the cumulative power spectra stack to search
Sep 02 03:45:05 INFO >> DM: 4.16291228220956
Sep 02 03:45:05 INFO >> sigma: 13.439310875421537
Sep 02 03:45:05 INFO >> frequency: 36.599701115445455
Sep 02 03:45:05 INFO >> Injecting 13 harmonics.
Sep 02 03:45:05 INFO >> Starting DM: 1.31557313039277
Sep 02 03:45:05 INFO >> Stopping DM: 6.982657384392396
Sep 02 03:45:05 INFO >> Expected detection at 11.43 sigma with 8 harmonics.
Sep 02 03:45:19 INFO >> Start searching 6558 dm trials using 32 harmonics.
Sep 02 03:45:25 INFO >> Moved power spectra to shared memory.
Sep 02 03:45:25 INFO >> Number of dm trials in single multi processing job: 10
Sep 02 03:46:05 INFO >> Total number of detections=15604
Sep 02 03:46:05 INFO >> Clustering the detections
Sep 02 03:46:05 INFO >> Starting clustering
Sep 02 03:46:05 INFO >> Rogue harmonic power filter reduced detections from 15604 to 8546
Sep 02 03:46:05 INFO >> Filtering out duplicate freq,dm detections at multiple nharms removes 795 detections
Sep 02 03:46:05 INFO >> Duplicate freq,dm filter reduced detections to 7751
Sep 02 03:46:05 INFO >> Number of detections over threshold sigma (6.0): 7751
Sep 02 03:46:05 INFO >> Grouping duplicate frequencies together first
Sep 02 03:46:05 INFO >> Grouping duplicate frequencies removed 7224 detections from the harmonic metric computation
Sep 02 03:46:05 INFO >> Starting freq-DM distance metric computation
Sep 02 03:46:06 INFO >> Finished freq-DM distance metric computation
Sep 02 03:46:06 INFO >> Largest group size for metric computation is 97
Sep 02 03:46:06 INFO >> Starting harmonic distance metric computation
Sep 02 03:46:07 INFO >> Finished harmonic distance metric computation
Sep 02 03:46:07 INFO >> Starting DBSCAN
Sep 02 03:46:07 INFO >> Finished DBSCAN
Sep 02 03:46:07 INFO >> Clusters found: 76
Sep 02 03:46:07 INFO >> Filtered 32 clusters below or equal 2 DM.
Sep 02 03:46:07 INFO >> Total number of candidate clusters=1
Sep 02 03:46:07 INFO >> Candidate Processor of stack (315.95 49.23)
Sep 02 03:46:07 INFO >> Making SinglePointingCandidates from a list of 1 PowerSpectraDetectionClusters
Sep 02 03:46:09 INFO >> saved candidates to ./results//injections/315.95_49.23_cumulative_power_spectra_stack_20220627_11_tpa.yml_(30,)_candidates.npz
Sep 02 03:46:09 INFO >> Injected Pulsars:     1
Sep 02 03:46:09 INFO >> Injection Candidates: 1
Sep 02 03:46:09 INFO >> Recovered Injections: 1
Sep 02 03:46:09 INFO >> 1 candidates.
Sep 02 03:46:09 INFO >> Best candidate: F0: 18.300 DM: 4.15 Sigma: 8.85
Sep 02 03:46:10 INFO >> Unlinked shared memory for cumulative stack.
Sep 02 03:46:10 INFO >> Pipeline execution time: 2.05 minutes
