Sep 02 11:47:26 INFO >> {"message": "Waiting for suitable server to become available", "selector": "Primary()", "operation": "find", "topologyDescription": "<TopologyDescription id: 66d5a5ce1f247d25e60a357d, topology_type: Unknown, servers: [<ServerDescription ('localhost', 27017) server_type: Unknown, rtt: None>]>", "clientId": {"$oid": "66d5a5ce1f247d25e60a357d"}, "remainingTimeMS": 29}
Sep 02 11:47:26 INFO >> Features initialized as the following:
Sep 02 11:47:26 INFO >> num_unique_dms
Sep 02 11:47:26 INFO >> num_unique_freqs
Sep 02 11:47:26 INFO >> ndetections
Sep 02 11:47:26 INFO >> nharm
Sep 02 11:47:26 INFO >> log_p_dm
Sep 02 11:47:26 INFO >> ['dm_sigma_FitGaussWidth_gauss_sigma', 'dm_sigma_FitGaussWidth_gauss_sigma_rel_err', 'dm_sigma_FitGaussWidth_ndof', 'dm_sigma_FitGaussWidth_rms_err']
Sep 02 11:47:26 INFO >> ['dm_sigma_FitGauss_amplitude', 'dm_sigma_FitGauss_mu', 'dm_sigma_FitGauss_gauss_sigma', 'dm_sigma_FitGauss_amplitude_rel_err', 'dm_sigma_FitGauss_mu_rel_err', 'dm_sigma_FitGauss_gauss_sigma_rel_err', 'dm_sigma_FitGauss_amplitude-detection', 'dm_sigma_FitGauss_mu-detection', 'dm_sigma_FitGauss_ndof', 'dm_sigma_FitGauss_rms_err']
Sep 02 11:47:26 INFO >> ['freq_sigma_FitGaussWidth_gauss_sigma', 'freq_sigma_FitGaussWidth_gauss_sigma_rel_err', 'freq_sigma_FitGaussWidth_ndof', 'freq_sigma_FitGaussWidth_rms_err']
Sep 02 11:47:26 INFO >> ['freq_sigma_FitGauss_amplitude', 'freq_sigma_FitGauss_mu', 'freq_sigma_FitGauss_gauss_sigma', 'freq_sigma_FitGauss_amplitude_rel_err', 'freq_sigma_FitGauss_mu_rel_err', 'freq_sigma_FitGauss_gauss_sigma_rel_err', 'freq_sigma_FitGauss_amplitude-detection', 'freq_sigma_FitGauss_mu-detection', 'freq_sigma_FitGauss_ndof', 'freq_sigma_FitGauss_rms_err']
Sep 02 11:47:26 INFO >> Performing searching on cumulative stack 315.95 49.23
Sep 02 11:47:26 INFO >> Loading the cumulative power spectra stack to search
Sep 02 11:48:24 INFO >> DM: 9.98863687487862
Sep 02 11:48:24 INFO >> sigma: 10.780468551298288
Sep 02 11:48:24 INFO >> frequency: 84.68357473295951
Sep 02 11:48:24 INFO >> Injecting 6 harmonics.
Sep 02 11:48:24 INFO >> Starting DM: 8.804220180320845
Sep 02 11:48:24 INFO >> Stopping DM: 11.232970574892114
Sep 02 11:48:24 INFO >> Expected detection at 8.73 sigma with 4 harmonics.
Sep 02 11:48:38 INFO >> Start searching 6558 dm trials using 32 harmonics.
Sep 02 11:48:43 INFO >> Moved power spectra to shared memory.
Sep 02 11:48:43 INFO >> Number of dm trials in single multi processing job: 10
Sep 02 11:49:24 INFO >> Total number of detections=15593
Sep 02 11:49:24 INFO >> Clustering the detections
Sep 02 11:49:24 INFO >> Starting clustering
Sep 02 11:49:24 INFO >> Rogue harmonic power filter reduced detections from 15593 to 8535
Sep 02 11:49:24 INFO >> Filtering out duplicate freq,dm detections at multiple nharms removes 792 detections
Sep 02 11:49:24 INFO >> Duplicate freq,dm filter reduced detections to 7743
Sep 02 11:49:24 INFO >> Number of detections over threshold sigma (6.0): 7743
Sep 02 11:49:24 INFO >> Grouping duplicate frequencies together first
Sep 02 11:49:24 INFO >> Grouping duplicate frequencies removed 7218 detections from the harmonic metric computation
Sep 02 11:49:24 INFO >> Starting freq-DM distance metric computation
Sep 02 11:49:24 INFO >> Finished freq-DM distance metric computation
Sep 02 11:49:25 INFO >> Largest group size for metric computation is 97
Sep 02 11:49:25 INFO >> Starting harmonic distance metric computation
Sep 02 11:49:25 INFO >> Finished harmonic distance metric computation
Sep 02 11:49:25 INFO >> Starting DBSCAN
Sep 02 11:49:26 INFO >> Finished DBSCAN
Sep 02 11:49:26 INFO >> Clusters found: 76
Sep 02 11:49:26 INFO >> Filtered 32 clusters below or equal 2 DM.
Sep 02 11:49:26 INFO >> Total number of candidate clusters=1
Sep 02 11:49:26 INFO >> Candidate Processor of stack (315.95 49.23)
Sep 02 11:49:26 INFO >> Making SinglePointingCandidates from a list of 1 PowerSpectraDetectionClusters
Sep 02 11:49:28 INFO >> saved candidates to ./results//injections/315.95_49.23_cumulative_power_spectra_stack_20220627_11_tpa.yml_(261,)_candidates.npz
Sep 02 11:49:28 INFO >> Injected Pulsars:     1
Sep 02 11:49:28 INFO >> Injection Candidates: 1
Sep 02 11:49:28 INFO >> Recovered Injections: 1
Sep 02 11:49:28 INFO >> 1 candidates.
Sep 02 11:49:28 INFO >> Best candidate: F0: 84.684 DM: 10.02 Sigma: 8.90
Sep 02 11:49:29 INFO >> Unlinked shared memory for cumulative stack.
Sep 02 11:49:29 INFO >> Pipeline execution time: 2.06 minutes
