Sep 02 04:32:13 INFO >> {"message": "Waiting for suitable server to become available", "selector": "Primary()", "operation": "find", "topologyDescription": "<TopologyDescription id: 66d53fcd56fce0e0d4a58656, topology_type: Unknown, servers: [<ServerDescription ('localhost', 27017) server_type: Unknown, rtt: None>]>", "clientId": {"$oid": "66d53fcd56fce0e0d4a58656"}, "remainingTimeMS": 29}
Sep 02 04:32:13 INFO >> Features initialized as the following:
Sep 02 04:32:13 INFO >> num_unique_dms
Sep 02 04:32:13 INFO >> num_unique_freqs
Sep 02 04:32:13 INFO >> ndetections
Sep 02 04:32:13 INFO >> nharm
Sep 02 04:32:13 INFO >> log_p_dm
Sep 02 04:32:13 INFO >> ['dm_sigma_FitGaussWidth_gauss_sigma', 'dm_sigma_FitGaussWidth_gauss_sigma_rel_err', 'dm_sigma_FitGaussWidth_ndof', 'dm_sigma_FitGaussWidth_rms_err']
Sep 02 04:32:13 INFO >> ['dm_sigma_FitGauss_amplitude', 'dm_sigma_FitGauss_mu', 'dm_sigma_FitGauss_gauss_sigma', 'dm_sigma_FitGauss_amplitude_rel_err', 'dm_sigma_FitGauss_mu_rel_err', 'dm_sigma_FitGauss_gauss_sigma_rel_err', 'dm_sigma_FitGauss_amplitude-detection', 'dm_sigma_FitGauss_mu-detection', 'dm_sigma_FitGauss_ndof', 'dm_sigma_FitGauss_rms_err']
Sep 02 04:32:13 INFO >> ['freq_sigma_FitGaussWidth_gauss_sigma', 'freq_sigma_FitGaussWidth_gauss_sigma_rel_err', 'freq_sigma_FitGaussWidth_ndof', 'freq_sigma_FitGaussWidth_rms_err']
Sep 02 04:32:13 INFO >> ['freq_sigma_FitGauss_amplitude', 'freq_sigma_FitGauss_mu', 'freq_sigma_FitGauss_gauss_sigma', 'freq_sigma_FitGauss_amplitude_rel_err', 'freq_sigma_FitGauss_mu_rel_err', 'freq_sigma_FitGauss_gauss_sigma_rel_err', 'freq_sigma_FitGauss_amplitude-detection', 'freq_sigma_FitGauss_mu-detection', 'freq_sigma_FitGauss_ndof', 'freq_sigma_FitGauss_rms_err']
Sep 02 04:32:13 INFO >> Performing searching on cumulative stack 315.95 49.23
Sep 02 04:32:13 INFO >> Loading the cumulative power spectra stack to search
Sep 02 04:33:11 INFO >> DM: 13.764129877459936
Sep 02 04:33:11 INFO >> sigma: 12.572750674585345
Sep 02 04:33:11 INFO >> frequency: 48.6752651733024
Sep 02 04:33:11 INFO >> Injecting 10 harmonics.
Sep 02 04:33:11 INFO >> Starting DM: 11.637762307320658
Sep 02 04:33:11 INFO >> Stopping DM: 15.888075497820378
Sep 02 04:33:11 INFO >> Expected detection at 10.33 sigma with 8 harmonics.
Sep 02 04:33:25 INFO >> Start searching 6558 dm trials using 32 harmonics.
Sep 02 04:33:31 INFO >> Moved power spectra to shared memory.
Sep 02 04:33:31 INFO >> Number of dm trials in single multi processing job: 10
Sep 02 04:34:11 INFO >> Total number of detections=15621
Sep 02 04:34:11 INFO >> Clustering the detections
Sep 02 04:34:11 INFO >> Starting clustering
Sep 02 04:34:11 INFO >> Rogue harmonic power filter reduced detections from 15621 to 8563
Sep 02 04:34:11 INFO >> Filtering out duplicate freq,dm detections at multiple nharms removes 802 detections
Sep 02 04:34:11 INFO >> Duplicate freq,dm filter reduced detections to 7761
Sep 02 04:34:11 INFO >> Number of detections over threshold sigma (6.0): 7761
Sep 02 04:34:11 INFO >> Grouping duplicate frequencies together first
Sep 02 04:34:11 INFO >> Grouping duplicate frequencies removed 7232 detections from the harmonic metric computation
Sep 02 04:34:11 INFO >> Starting freq-DM distance metric computation
Sep 02 04:34:12 INFO >> Finished freq-DM distance metric computation
Sep 02 04:34:12 INFO >> Largest group size for metric computation is 97
Sep 02 04:34:12 INFO >> Starting harmonic distance metric computation
Sep 02 04:34:13 INFO >> Finished harmonic distance metric computation
Sep 02 04:34:13 INFO >> Starting DBSCAN
Sep 02 04:34:13 INFO >> Finished DBSCAN
Sep 02 04:34:13 INFO >> Clusters found: 76
Sep 02 04:34:13 INFO >> Filtered 32 clusters below or equal 2 DM.
Sep 02 04:34:13 INFO >> Total number of candidate clusters=1
Sep 02 04:34:13 INFO >> Candidate Processor of stack (315.95 49.23)
Sep 02 04:34:13 INFO >> Making SinglePointingCandidates from a list of 1 PowerSpectraDetectionClusters
Sep 02 04:34:15 INFO >> saved candidates to ./results//injections/315.95_49.23_cumulative_power_spectra_stack_20220627_11_tpa.yml_(53,)_candidates.npz
Sep 02 04:34:15 INFO >> Injected Pulsars:     1
Sep 02 04:34:15 INFO >> Injection Candidates: 1
Sep 02 04:34:15 INFO >> Recovered Injections: 1
Sep 02 04:34:15 INFO >> 1 candidates.
Sep 02 04:34:15 INFO >> Best candidate: F0: 48.675 DM: 13.76 Sigma: 10.72
Sep 02 04:34:16 INFO >> Unlinked shared memory for cumulative stack.
Sep 02 04:34:16 INFO >> Pipeline execution time: 2.06 minutes
