Sep 02 06:29:23 INFO >> {"message": "Waiting for suitable server to become available", "selector": "Primary()", "operation": "find", "topologyDescription": "<TopologyDescription id: 66d55b437b492dbc2eb4e163, topology_type: Unknown, servers: [<ServerDescription ('localhost', 27017) server_type: Unknown, rtt: None>]>", "clientId": {"$oid": "66d55b437b492dbc2eb4e163"}, "remainingTimeMS": 29}
Sep 02 06:29:23 INFO >> Features initialized as the following:
Sep 02 06:29:23 INFO >> num_unique_dms
Sep 02 06:29:23 INFO >> num_unique_freqs
Sep 02 06:29:23 INFO >> ndetections
Sep 02 06:29:23 INFO >> nharm
Sep 02 06:29:23 INFO >> log_p_dm
Sep 02 06:29:23 INFO >> ['dm_sigma_FitGaussWidth_gauss_sigma', 'dm_sigma_FitGaussWidth_gauss_sigma_rel_err', 'dm_sigma_FitGaussWidth_ndof', 'dm_sigma_FitGaussWidth_rms_err']
Sep 02 06:29:23 INFO >> ['dm_sigma_FitGauss_amplitude', 'dm_sigma_FitGauss_mu', 'dm_sigma_FitGauss_gauss_sigma', 'dm_sigma_FitGauss_amplitude_rel_err', 'dm_sigma_FitGauss_mu_rel_err', 'dm_sigma_FitGauss_gauss_sigma_rel_err', 'dm_sigma_FitGauss_amplitude-detection', 'dm_sigma_FitGauss_mu-detection', 'dm_sigma_FitGauss_ndof', 'dm_sigma_FitGauss_rms_err']
Sep 02 06:29:23 INFO >> ['freq_sigma_FitGaussWidth_gauss_sigma', 'freq_sigma_FitGaussWidth_gauss_sigma_rel_err', 'freq_sigma_FitGaussWidth_ndof', 'freq_sigma_FitGaussWidth_rms_err']
Sep 02 06:29:23 INFO >> ['freq_sigma_FitGauss_amplitude', 'freq_sigma_FitGauss_mu', 'freq_sigma_FitGauss_gauss_sigma', 'freq_sigma_FitGauss_amplitude_rel_err', 'freq_sigma_FitGauss_mu_rel_err', 'freq_sigma_FitGauss_gauss_sigma_rel_err', 'freq_sigma_FitGauss_amplitude-detection', 'freq_sigma_FitGauss_mu-detection', 'freq_sigma_FitGauss_ndof', 'freq_sigma_FitGauss_rms_err']
Sep 02 06:29:23 INFO >> Performing searching on cumulative stack 315.95 49.23
Sep 02 06:29:23 INFO >> Loading the cumulative power spectra stack to search
Sep 02 06:30:21 INFO >> DM: 143.8462178129626
Sep 02 06:30:21 INFO >> sigma: 13.562521378373619
Sep 02 06:30:21 INFO >> frequency: 32.47054203969654
Sep 02 06:30:21 INFO >> Injecting 15 harmonics.
Sep 02 06:30:21 INFO >> Starting DM: 140.66512701891926
Sep 02 06:30:21 INFO >> Stopping DM: 147.04059680466884
Sep 02 06:30:21 INFO >> Expected detection at 11.35 sigma with 8 harmonics.
Sep 02 06:30:35 INFO >> Start searching 6558 dm trials using 32 harmonics.
Sep 02 06:30:41 INFO >> Moved power spectra to shared memory.
Sep 02 06:30:41 INFO >> Number of dm trials in single multi processing job: 10
Sep 02 06:31:21 INFO >> Total number of detections=15602
Sep 02 06:31:21 INFO >> Clustering the detections
Sep 02 06:31:21 INFO >> Starting clustering
Sep 02 06:31:21 INFO >> Rogue harmonic power filter reduced detections from 15602 to 8544
Sep 02 06:31:21 INFO >> Filtering out duplicate freq,dm detections at multiple nharms removes 790 detections
Sep 02 06:31:21 INFO >> Duplicate freq,dm filter reduced detections to 7754
Sep 02 06:31:21 INFO >> Number of detections over threshold sigma (6.0): 7754
Sep 02 06:31:21 INFO >> Grouping duplicate frequencies together first
Sep 02 06:31:21 INFO >> Grouping duplicate frequencies removed 7228 detections from the harmonic metric computation
Sep 02 06:31:21 INFO >> Starting freq-DM distance metric computation
Sep 02 06:31:21 INFO >> Finished freq-DM distance metric computation
Sep 02 06:31:22 INFO >> Largest group size for metric computation is 105
Sep 02 06:31:22 INFO >> Starting harmonic distance metric computation
Sep 02 06:31:22 INFO >> Finished harmonic distance metric computation
Sep 02 06:31:22 INFO >> Starting DBSCAN
Sep 02 06:31:23 INFO >> Finished DBSCAN
Sep 02 06:31:23 INFO >> Clusters found: 77
Sep 02 06:31:23 INFO >> Filtered 32 clusters below or equal 2 DM.
Sep 02 06:31:23 INFO >> Total number of candidate clusters=2
Sep 02 06:31:23 INFO >> Candidate Processor of stack (315.95 49.23)
Sep 02 06:31:23 INFO >> Making SinglePointingCandidates from a list of 2 PowerSpectraDetectionClusters
Sep 02 06:31:25 INFO >> saved candidates to ./results//injections/315.95_49.23_cumulative_power_spectra_stack_20220627_11_tpa.yml_(109,)_candidates.npz
Sep 02 06:31:25 INFO >> Injected Pulsars:     1
Sep 02 06:31:25 INFO >> Injection Candidates: 2
Sep 02 06:31:25 INFO >> Recovered Injections: 1
Sep 02 06:31:25 INFO >> 2 candidates.
Sep 02 06:31:25 INFO >> Best candidate: F0: 32.471 DM: 143.80 Sigma: 10.84
Sep 02 06:31:26 INFO >> Unlinked shared memory for cumulative stack.
Sep 02 06:31:26 INFO >> Pipeline execution time: 2.06 minutes
