Sep 02 15:08:22 INFO >> {"message": "Waiting for suitable server to become available", "selector": "Primary()", "operation": "find", "topologyDescription": "<TopologyDescription id: 66d5d4e64ceba48b50ec15b2, topology_type: Unknown, servers: [<ServerDescription ('localhost', 27017) server_type: Unknown, rtt: None>]>", "clientId": {"$oid": "66d5d4e64ceba48b50ec15b2"}, "remainingTimeMS": 29}
Sep 02 15:08:22 INFO >> Features initialized as the following:
Sep 02 15:08:22 INFO >> num_unique_dms
Sep 02 15:08:22 INFO >> num_unique_freqs
Sep 02 15:08:22 INFO >> ndetections
Sep 02 15:08:22 INFO >> nharm
Sep 02 15:08:22 INFO >> log_p_dm
Sep 02 15:08:22 INFO >> ['dm_sigma_FitGaussWidth_gauss_sigma', 'dm_sigma_FitGaussWidth_gauss_sigma_rel_err', 'dm_sigma_FitGaussWidth_ndof', 'dm_sigma_FitGaussWidth_rms_err']
Sep 02 15:08:22 INFO >> ['dm_sigma_FitGauss_amplitude', 'dm_sigma_FitGauss_mu', 'dm_sigma_FitGauss_gauss_sigma', 'dm_sigma_FitGauss_amplitude_rel_err', 'dm_sigma_FitGauss_mu_rel_err', 'dm_sigma_FitGauss_gauss_sigma_rel_err', 'dm_sigma_FitGauss_amplitude-detection', 'dm_sigma_FitGauss_mu-detection', 'dm_sigma_FitGauss_ndof', 'dm_sigma_FitGauss_rms_err']
Sep 02 15:08:22 INFO >> ['freq_sigma_FitGaussWidth_gauss_sigma', 'freq_sigma_FitGaussWidth_gauss_sigma_rel_err', 'freq_sigma_FitGaussWidth_ndof', 'freq_sigma_FitGaussWidth_rms_err']
Sep 02 15:08:22 INFO >> ['freq_sigma_FitGauss_amplitude', 'freq_sigma_FitGauss_mu', 'freq_sigma_FitGauss_gauss_sigma', 'freq_sigma_FitGauss_amplitude_rel_err', 'freq_sigma_FitGauss_mu_rel_err', 'freq_sigma_FitGauss_gauss_sigma_rel_err', 'freq_sigma_FitGauss_amplitude-detection', 'freq_sigma_FitGauss_mu-detection', 'freq_sigma_FitGauss_ndof', 'freq_sigma_FitGauss_rms_err']
Sep 02 15:08:23 INFO >> Performing searching on cumulative stack 315.95 49.23
Sep 02 15:08:23 INFO >> Loading the cumulative power spectra stack to search
Sep 02 15:09:20 INFO >> DM: 98.45987941784794
Sep 02 15:09:20 INFO >> sigma: 11.13271482673673
Sep 02 15:09:20 INFO >> frequency: 59.48546308856217
Sep 02 15:09:20 INFO >> Injecting 8 harmonics.
Sep 02 15:09:20 INFO >> Starting DM: 96.74522405042215
Sep 02 15:09:20 INFO >> Stopping DM: 100.18595377606479
Sep 02 15:09:20 INFO >> Expected detection at 11.30 sigma with 8 harmonics.
Sep 02 15:09:34 INFO >> Start searching 6558 dm trials using 32 harmonics.
Sep 02 15:09:39 INFO >> Moved power spectra to shared memory.
Sep 02 15:09:39 INFO >> Number of dm trials in single multi processing job: 10
Sep 02 15:10:20 INFO >> Total number of detections=15611
Sep 02 15:10:20 INFO >> Clustering the detections
Sep 02 15:10:20 INFO >> Starting clustering
Sep 02 15:10:20 INFO >> Rogue harmonic power filter reduced detections from 15611 to 8553
Sep 02 15:10:20 INFO >> Filtering out duplicate freq,dm detections at multiple nharms removes 794 detections
Sep 02 15:10:20 INFO >> Duplicate freq,dm filter reduced detections to 7759
Sep 02 15:10:20 INFO >> Number of detections over threshold sigma (6.0): 7759
Sep 02 15:10:20 INFO >> Grouping duplicate frequencies together first
Sep 02 15:10:20 INFO >> Grouping duplicate frequencies removed 7228 detections from the harmonic metric computation
Sep 02 15:10:20 INFO >> Starting freq-DM distance metric computation
Sep 02 15:10:21 INFO >> Finished freq-DM distance metric computation
Sep 02 15:10:21 INFO >> Largest group size for metric computation is 97
Sep 02 15:10:21 INFO >> Starting harmonic distance metric computation
Sep 02 15:10:22 INFO >> Finished harmonic distance metric computation
Sep 02 15:10:22 INFO >> Starting DBSCAN
Sep 02 15:10:22 INFO >> Finished DBSCAN
Sep 02 15:10:22 INFO >> Clusters found: 76
Sep 02 15:10:22 INFO >> Filtered 32 clusters below or equal 2 DM.
Sep 02 15:10:22 INFO >> Total number of candidate clusters=1
Sep 02 15:10:22 INFO >> Candidate Processor of stack (315.95 49.23)
Sep 02 15:10:22 INFO >> Making SinglePointingCandidates from a list of 1 PowerSpectraDetectionClusters
Sep 02 15:10:24 INFO >> saved candidates to ./results//injections/315.95_49.23_cumulative_power_spectra_stack_20220627_11_tpa.yml_(357,)_candidates.npz
Sep 02 15:10:24 INFO >> Injected Pulsars:     1
Sep 02 15:10:24 INFO >> Injection Candidates: 1
Sep 02 15:10:24 INFO >> Recovered Injections: 1
Sep 02 15:10:24 INFO >> 1 candidates.
Sep 02 15:10:24 INFO >> Best candidate: F0: 59.485 DM: 98.47 Sigma: 11.23
Sep 02 15:10:25 INFO >> Unlinked shared memory for cumulative stack.
Sep 02 15:10:25 INFO >> Pipeline execution time: 2.05 minutes
