Sep 02 06:46:09 INFO >> {"message": "Waiting for suitable server to become available", "selector": "Primary()", "operation": "find", "topologyDescription": "<TopologyDescription id: 66d55f317b2f2d5845dc9113, topology_type: Unknown, servers: [<ServerDescription ('localhost', 27017) server_type: Unknown, rtt: None>]>", "clientId": {"$oid": "66d55f317b2f2d5845dc9113"}, "remainingTimeMS": 29}
Sep 02 06:46:09 INFO >> Features initialized as the following:
Sep 02 06:46:09 INFO >> num_unique_dms
Sep 02 06:46:09 INFO >> num_unique_freqs
Sep 02 06:46:09 INFO >> ndetections
Sep 02 06:46:09 INFO >> nharm
Sep 02 06:46:09 INFO >> log_p_dm
Sep 02 06:46:09 INFO >> ['dm_sigma_FitGaussWidth_gauss_sigma', 'dm_sigma_FitGaussWidth_gauss_sigma_rel_err', 'dm_sigma_FitGaussWidth_ndof', 'dm_sigma_FitGaussWidth_rms_err']
Sep 02 06:46:09 INFO >> ['dm_sigma_FitGauss_amplitude', 'dm_sigma_FitGauss_mu', 'dm_sigma_FitGauss_gauss_sigma', 'dm_sigma_FitGauss_amplitude_rel_err', 'dm_sigma_FitGauss_mu_rel_err', 'dm_sigma_FitGauss_gauss_sigma_rel_err', 'dm_sigma_FitGauss_amplitude-detection', 'dm_sigma_FitGauss_mu-detection', 'dm_sigma_FitGauss_ndof', 'dm_sigma_FitGauss_rms_err']
Sep 02 06:46:09 INFO >> ['freq_sigma_FitGaussWidth_gauss_sigma', 'freq_sigma_FitGaussWidth_gauss_sigma_rel_err', 'freq_sigma_FitGaussWidth_ndof', 'freq_sigma_FitGaussWidth_rms_err']
Sep 02 06:46:09 INFO >> ['freq_sigma_FitGauss_amplitude', 'freq_sigma_FitGauss_mu', 'freq_sigma_FitGauss_gauss_sigma', 'freq_sigma_FitGauss_amplitude_rel_err', 'freq_sigma_FitGauss_mu_rel_err', 'freq_sigma_FitGauss_gauss_sigma_rel_err', 'freq_sigma_FitGauss_amplitude-detection', 'freq_sigma_FitGauss_mu-detection', 'freq_sigma_FitGauss_ndof', 'freq_sigma_FitGauss_rms_err']
Sep 02 06:46:09 INFO >> Performing searching on cumulative stack 315.95 49.23
Sep 02 06:46:09 INFO >> Loading the cumulative power spectra stack to search
Sep 02 06:47:07 INFO >> DM: 148.43355334136626
Sep 02 06:47:07 INFO >> sigma: 15.752841336981188
Sep 02 06:47:07 INFO >> frequency: 92.08902146032537
Sep 02 06:47:07 INFO >> Injecting 5 harmonics.
Sep 02 06:47:07 INFO >> Starting DM: 147.34419060399023
Sep 02 06:47:07 INFO >> Stopping DM: 149.57054513234723
Sep 02 06:47:07 INFO >> Expected detection at 10.39 sigma with 4 harmonics.
Sep 02 06:47:21 INFO >> Start searching 6558 dm trials using 32 harmonics.
Sep 02 06:47:26 INFO >> Moved power spectra to shared memory.
Sep 02 06:47:26 INFO >> Number of dm trials in single multi processing job: 10
Sep 02 06:48:07 INFO >> Total number of detections=15600
Sep 02 06:48:07 INFO >> Clustering the detections
Sep 02 06:48:07 INFO >> Starting clustering
Sep 02 06:48:07 INFO >> Rogue harmonic power filter reduced detections from 15600 to 8542
Sep 02 06:48:07 INFO >> Filtering out duplicate freq,dm detections at multiple nharms removes 791 detections
Sep 02 06:48:07 INFO >> Duplicate freq,dm filter reduced detections to 7751
Sep 02 06:48:07 INFO >> Number of detections over threshold sigma (6.0): 7751
Sep 02 06:48:07 INFO >> Grouping duplicate frequencies together first
Sep 02 06:48:07 INFO >> Grouping duplicate frequencies removed 7220 detections from the harmonic metric computation
Sep 02 06:48:07 INFO >> Starting freq-DM distance metric computation
Sep 02 06:48:07 INFO >> Finished freq-DM distance metric computation
Sep 02 06:48:08 INFO >> Largest group size for metric computation is 97
Sep 02 06:48:08 INFO >> Starting harmonic distance metric computation
Sep 02 06:48:08 INFO >> Finished harmonic distance metric computation
Sep 02 06:48:08 INFO >> Starting DBSCAN
Sep 02 06:48:09 INFO >> Finished DBSCAN
Sep 02 06:48:09 INFO >> Clusters found: 76
Sep 02 06:48:09 INFO >> Filtered 32 clusters below or equal 2 DM.
Sep 02 06:48:09 INFO >> Total number of candidate clusters=1
Sep 02 06:48:09 INFO >> Candidate Processor of stack (315.95 49.23)
Sep 02 06:48:09 INFO >> Making SinglePointingCandidates from a list of 1 PowerSpectraDetectionClusters
Sep 02 06:48:11 INFO >> saved candidates to ./results//injections/315.95_49.23_cumulative_power_spectra_stack_20220627_11_tpa.yml_(117,)_candidates.npz
Sep 02 06:48:11 INFO >> Injected Pulsars:     1
Sep 02 06:48:11 INFO >> Injection Candidates: 1
Sep 02 06:48:11 INFO >> Recovered Injections: 1
Sep 02 06:48:11 INFO >> 1 candidates.
Sep 02 06:48:11 INFO >> Best candidate: F0: 92.089 DM: 148.46 Sigma: 10.10
Sep 02 06:48:12 INFO >> Unlinked shared memory for cumulative stack.
Sep 02 06:48:12 INFO >> Pipeline execution time: 2.06 minutes
