Aug 31 00:05:06 INFO >> {"message": "Waiting for suitable server to become available", "selector": "Primary()", "operation": "find", "topologyDescription": "<TopologyDescription id: 66d25e32c90c5bda70d767ab, topology_type: Unknown, servers: [<ServerDescription ('localhost', 27017) server_type: Unknown, rtt: None>]>", "clientId": {"$oid": "66d25e32c90c5bda70d767ab"}, "remainingTimeMS": 29}
Aug 31 00:05:06 INFO >> Features initialized as the following:
Aug 31 00:05:06 INFO >> num_unique_dms
Aug 31 00:05:06 INFO >> num_unique_freqs
Aug 31 00:05:06 INFO >> ndetections
Aug 31 00:05:06 INFO >> nharm
Aug 31 00:05:06 INFO >> log_p_dm
Aug 31 00:05:06 INFO >> ['dm_sigma_FitGaussWidth_gauss_sigma', 'dm_sigma_FitGaussWidth_gauss_sigma_rel_err', 'dm_sigma_FitGaussWidth_ndof', 'dm_sigma_FitGaussWidth_rms_err']
Aug 31 00:05:06 INFO >> ['dm_sigma_FitGauss_amplitude', 'dm_sigma_FitGauss_mu', 'dm_sigma_FitGauss_gauss_sigma', 'dm_sigma_FitGauss_amplitude_rel_err', 'dm_sigma_FitGauss_mu_rel_err', 'dm_sigma_FitGauss_gauss_sigma_rel_err', 'dm_sigma_FitGauss_amplitude-detection', 'dm_sigma_FitGauss_mu-detection', 'dm_sigma_FitGauss_ndof', 'dm_sigma_FitGauss_rms_err']
Aug 31 00:05:06 INFO >> ['freq_sigma_FitGaussWidth_gauss_sigma', 'freq_sigma_FitGaussWidth_gauss_sigma_rel_err', 'freq_sigma_FitGaussWidth_ndof', 'freq_sigma_FitGaussWidth_rms_err']
Aug 31 00:05:06 INFO >> ['freq_sigma_FitGauss_amplitude', 'freq_sigma_FitGauss_mu', 'freq_sigma_FitGauss_gauss_sigma', 'freq_sigma_FitGauss_amplitude_rel_err', 'freq_sigma_FitGauss_mu_rel_err', 'freq_sigma_FitGauss_gauss_sigma_rel_err', 'freq_sigma_FitGauss_amplitude-detection', 'freq_sigma_FitGauss_mu-detection', 'freq_sigma_FitGauss_ndof', 'freq_sigma_FitGauss_rms_err']
Aug 31 00:05:07 INFO >> Performing searching on cumulative stack 315.95 49.23
Aug 31 00:05:07 INFO >> Loading the cumulative power spectra stack to search
Aug 31 00:06:04 INFO >> DM: 122.684695310102
Aug 31 00:06:04 INFO >> sigma: 10.740436286347972
Aug 31 00:06:04 INFO >> frequency: 102.3215009972196
Aug 31 00:06:04 INFO >> Injecting 4 harmonics.
Aug 31 00:06:04 INFO >> Starting DM: 121.63991559477765
Aug 31 00:06:04 INFO >> Stopping DM: 123.66387425692037
Aug 31 00:06:04 INFO >> Expected detection at 4.01 sigma with 4 harmonics.
Aug 31 00:06:18 INFO >> Start searching 6558 dm trials using 32 harmonics.
Aug 31 00:06:23 INFO >> Moved power spectra to shared memory.
Aug 31 00:06:23 INFO >> Number of dm trials in single multi processing job: 10
Aug 31 00:07:04 INFO >> Total number of detections=15577
Aug 31 00:07:04 INFO >> Clustering the detections
Aug 31 00:07:04 INFO >> Starting clustering
Aug 31 00:07:04 INFO >> Rogue harmonic power filter reduced detections from 15577 to 8519
Aug 31 00:07:04 INFO >> Filtering out duplicate freq,dm detections at multiple nharms removes 787 detections
Aug 31 00:07:04 INFO >> Duplicate freq,dm filter reduced detections to 7732
Aug 31 00:07:04 INFO >> Number of detections over threshold sigma (6.0): 7732
Aug 31 00:07:04 INFO >> Grouping duplicate frequencies together first
Aug 31 00:07:04 INFO >> Grouping duplicate frequencies removed 7214 detections from the harmonic metric computation
Aug 31 00:07:04 INFO >> Starting freq-DM distance metric computation
Aug 31 00:07:04 INFO >> Finished freq-DM distance metric computation
Aug 31 00:07:05 INFO >> Largest group size for metric computation is 97
Aug 31 00:07:05 INFO >> Starting harmonic distance metric computation
Aug 31 00:07:05 INFO >> Finished harmonic distance metric computation
Aug 31 00:07:05 INFO >> Starting DBSCAN
Aug 31 00:07:06 INFO >> Finished DBSCAN
Aug 31 00:07:06 INFO >> Clusters found: 75
Aug 31 00:07:06 INFO >> Filtered 32 clusters below or equal 2 DM.
Aug 31 00:07:06 INFO >> Total number of candidate clusters=0
Aug 31 00:07:06 INFO >> Candidate Processor of stack (315.95 49.23)
Aug 31 00:07:06 INFO >> Making SinglePointingCandidates from a list of 0 PowerSpectraDetectionClusters
Aug 31 00:07:08 INFO >> saved candidates to ./results//injections/315.95_49.23_cumulative_power_spectra_stack_20220627_11_tpa.yml_(257,)_candidates.npz
Aug 31 00:07:08 INFO >> Injected Pulsars:     1
Aug 31 00:07:08 INFO >> Injection Candidates: 0
Aug 31 00:07:08 INFO >> Recovered Injections: 0
Aug 31 00:07:08 INFO >> 0 candidates.
Aug 31 00:07:09 INFO >> Unlinked shared memory for cumulative stack.
Aug 31 00:07:09 INFO >> Pipeline execution time: 2.04 minutes
