Aug 31 02:14:33 INFO >> {"message": "Waiting for suitable server to become available", "selector": "Primary()", "operation": "find", "topologyDescription": "<TopologyDescription id: 66d27c89b77db155e5e0e7fa, topology_type: Unknown, servers: [<ServerDescription ('localhost', 27017) server_type: Unknown, rtt: None>]>", "clientId": {"$oid": "66d27c89b77db155e5e0e7fa"}, "remainingTimeMS": 29}
Aug 31 02:14:33 INFO >> Features initialized as the following:
Aug 31 02:14:33 INFO >> num_unique_dms
Aug 31 02:14:33 INFO >> num_unique_freqs
Aug 31 02:14:33 INFO >> ndetections
Aug 31 02:14:33 INFO >> nharm
Aug 31 02:14:33 INFO >> log_p_dm
Aug 31 02:14:33 INFO >> ['dm_sigma_FitGaussWidth_gauss_sigma', 'dm_sigma_FitGaussWidth_gauss_sigma_rel_err', 'dm_sigma_FitGaussWidth_ndof', 'dm_sigma_FitGaussWidth_rms_err']
Aug 31 02:14:33 INFO >> ['dm_sigma_FitGauss_amplitude', 'dm_sigma_FitGauss_mu', 'dm_sigma_FitGauss_gauss_sigma', 'dm_sigma_FitGauss_amplitude_rel_err', 'dm_sigma_FitGauss_mu_rel_err', 'dm_sigma_FitGauss_gauss_sigma_rel_err', 'dm_sigma_FitGauss_amplitude-detection', 'dm_sigma_FitGauss_mu-detection', 'dm_sigma_FitGauss_ndof', 'dm_sigma_FitGauss_rms_err']
Aug 31 02:14:33 INFO >> ['freq_sigma_FitGaussWidth_gauss_sigma', 'freq_sigma_FitGaussWidth_gauss_sigma_rel_err', 'freq_sigma_FitGaussWidth_ndof', 'freq_sigma_FitGaussWidth_rms_err']
Aug 31 02:14:33 INFO >> ['freq_sigma_FitGauss_amplitude', 'freq_sigma_FitGauss_mu', 'freq_sigma_FitGauss_gauss_sigma', 'freq_sigma_FitGauss_amplitude_rel_err', 'freq_sigma_FitGauss_mu_rel_err', 'freq_sigma_FitGauss_gauss_sigma_rel_err', 'freq_sigma_FitGauss_amplitude-detection', 'freq_sigma_FitGauss_mu-detection', 'freq_sigma_FitGauss_ndof', 'freq_sigma_FitGauss_rms_err']
Aug 31 02:14:33 INFO >> Performing searching on cumulative stack 315.95 49.23
Aug 31 02:14:33 INFO >> Loading the cumulative power spectra stack to search
Aug 31 02:15:30 INFO >> DM: 166.736532247399
Aug 31 02:15:30 INFO >> sigma: 6.560906912658799
Aug 31 02:15:30 INFO >> frequency: 55.616363547493386
Aug 31 02:15:30 INFO >> Injecting 9 harmonics.
Aug 31 02:15:30 INFO >> Starting DM: 164.8514330315248
Aug 31 02:15:30 INFO >> Stopping DM: 168.59575655648882
Aug 31 02:15:30 INFO >> Expected detection at 5.22 sigma with 4 harmonics.
Aug 31 02:15:44 INFO >> Start searching 6558 dm trials using 32 harmonics.
Aug 31 02:15:50 INFO >> Moved power spectra to shared memory.
Aug 31 02:15:50 INFO >> Number of dm trials in single multi processing job: 10
Aug 31 02:16:30 INFO >> Total number of detections=15579
Aug 31 02:16:30 INFO >> Clustering the detections
Aug 31 02:16:30 INFO >> Starting clustering
Aug 31 02:16:31 INFO >> Rogue harmonic power filter reduced detections from 15579 to 8521
Aug 31 02:16:31 INFO >> Filtering out duplicate freq,dm detections at multiple nharms removes 788 detections
Aug 31 02:16:31 INFO >> Duplicate freq,dm filter reduced detections to 7733
Aug 31 02:16:31 INFO >> Number of detections over threshold sigma (6.0): 7733
Aug 31 02:16:31 INFO >> Grouping duplicate frequencies together first
Aug 31 02:16:31 INFO >> Grouping duplicate frequencies removed 7214 detections from the harmonic metric computation
Aug 31 02:16:31 INFO >> Starting freq-DM distance metric computation
Aug 31 02:16:31 INFO >> Finished freq-DM distance metric computation
Aug 31 02:16:31 INFO >> Largest group size for metric computation is 97
Aug 31 02:16:31 INFO >> Starting harmonic distance metric computation
Aug 31 02:16:32 INFO >> Finished harmonic distance metric computation
Aug 31 02:16:32 INFO >> Starting DBSCAN
Aug 31 02:16:32 INFO >> Finished DBSCAN
Aug 31 02:16:32 INFO >> Clusters found: 75
Aug 31 02:16:32 INFO >> Filtered 32 clusters below or equal 2 DM.
Aug 31 02:16:32 INFO >> Total number of candidate clusters=0
Aug 31 02:16:32 INFO >> Candidate Processor of stack (315.95 49.23)
Aug 31 02:16:32 INFO >> Making SinglePointingCandidates from a list of 0 PowerSpectraDetectionClusters
Aug 31 02:16:34 INFO >> saved candidates to ./results//injections/315.95_49.23_cumulative_power_spectra_stack_20220627_11_tpa.yml_(319,)_candidates.npz
Aug 31 02:16:34 INFO >> Injected Pulsars:     1
Aug 31 02:16:34 INFO >> Injection Candidates: 0
Aug 31 02:16:34 INFO >> Recovered Injections: 0
Aug 31 02:16:34 INFO >> 0 candidates.
Aug 31 02:16:35 INFO >> Unlinked shared memory for cumulative stack.
Aug 31 02:16:35 INFO >> Pipeline execution time: 2.04 minutes
