Aug 31 13:42:17 INFO >> {"message": "Waiting for suitable server to become available", "selector": "Primary()", "operation": "find", "topologyDescription": "<TopologyDescription id: 66d31db922a75d455af2e0d2, topology_type: Unknown, servers: [<ServerDescription ('localhost', 27017) server_type: Unknown, rtt: None>]>", "clientId": {"$oid": "66d31db922a75d455af2e0d2"}, "remainingTimeMS": 29}
Aug 31 13:42:17 INFO >> Features initialized as the following:
Aug 31 13:42:17 INFO >> num_unique_dms
Aug 31 13:42:17 INFO >> num_unique_freqs
Aug 31 13:42:17 INFO >> ndetections
Aug 31 13:42:17 INFO >> nharm
Aug 31 13:42:17 INFO >> log_p_dm
Aug 31 13:42:17 INFO >> ['dm_sigma_FitGaussWidth_gauss_sigma', 'dm_sigma_FitGaussWidth_gauss_sigma_rel_err', 'dm_sigma_FitGaussWidth_ndof', 'dm_sigma_FitGaussWidth_rms_err']
Aug 31 13:42:17 INFO >> ['dm_sigma_FitGauss_amplitude', 'dm_sigma_FitGauss_mu', 'dm_sigma_FitGauss_gauss_sigma', 'dm_sigma_FitGauss_amplitude_rel_err', 'dm_sigma_FitGauss_mu_rel_err', 'dm_sigma_FitGauss_gauss_sigma_rel_err', 'dm_sigma_FitGauss_amplitude-detection', 'dm_sigma_FitGauss_mu-detection', 'dm_sigma_FitGauss_ndof', 'dm_sigma_FitGauss_rms_err']
Aug 31 13:42:17 INFO >> ['freq_sigma_FitGaussWidth_gauss_sigma', 'freq_sigma_FitGaussWidth_gauss_sigma_rel_err', 'freq_sigma_FitGaussWidth_ndof', 'freq_sigma_FitGaussWidth_rms_err']
Aug 31 13:42:17 INFO >> ['freq_sigma_FitGauss_amplitude', 'freq_sigma_FitGauss_mu', 'freq_sigma_FitGauss_gauss_sigma', 'freq_sigma_FitGauss_amplitude_rel_err', 'freq_sigma_FitGauss_mu_rel_err', 'freq_sigma_FitGauss_gauss_sigma_rel_err', 'freq_sigma_FitGauss_amplitude-detection', 'freq_sigma_FitGauss_mu-detection', 'freq_sigma_FitGauss_ndof', 'freq_sigma_FitGauss_rms_err']
Aug 31 13:42:17 INFO >> Performing searching on cumulative stack 315.95 49.23
Aug 31 13:42:17 INFO >> Loading the cumulative power spectra stack to search
Aug 31 13:43:14 INFO >> DM: 155.36080812077125
Aug 31 13:43:14 INFO >> sigma: 14.240181797994971
Aug 31 13:43:14 INFO >> frequency: 161.99802577139246
Aug 31 13:43:14 INFO >> Injecting 3 harmonics.
Aug 31 13:43:14 INFO >> Starting DM: 154.73163972081116
Aug 31 13:43:14 INFO >> Stopping DM: 155.94601491809684
Aug 31 13:43:14 INFO >> Expected detection at 4.24 sigma with 2 harmonics.
Aug 31 13:43:28 INFO >> Start searching 6558 dm trials using 32 harmonics.
Aug 31 13:43:34 INFO >> Moved power spectra to shared memory.
Aug 31 13:43:34 INFO >> Number of dm trials in single multi processing job: 10
Aug 31 13:44:15 INFO >> Total number of detections=15577
Aug 31 13:44:15 INFO >> Clustering the detections
Aug 31 13:44:15 INFO >> Starting clustering
Aug 31 13:44:15 INFO >> Rogue harmonic power filter reduced detections from 15577 to 8519
Aug 31 13:44:15 INFO >> Filtering out duplicate freq,dm detections at multiple nharms removes 787 detections
Aug 31 13:44:15 INFO >> Duplicate freq,dm filter reduced detections to 7732
Aug 31 13:44:15 INFO >> Number of detections over threshold sigma (6.0): 7732
Aug 31 13:44:15 INFO >> Grouping duplicate frequencies together first
Aug 31 13:44:15 INFO >> Grouping duplicate frequencies removed 7214 detections from the harmonic metric computation
Aug 31 13:44:15 INFO >> Starting freq-DM distance metric computation
Aug 31 13:44:15 INFO >> Finished freq-DM distance metric computation
Aug 31 13:44:16 INFO >> Largest group size for metric computation is 97
Aug 31 13:44:16 INFO >> Starting harmonic distance metric computation
Aug 31 13:44:16 INFO >> Finished harmonic distance metric computation
Aug 31 13:44:16 INFO >> Starting DBSCAN
Aug 31 13:44:16 INFO >> Finished DBSCAN
Aug 31 13:44:16 INFO >> Clusters found: 75
Aug 31 13:44:16 INFO >> Filtered 32 clusters below or equal 2 DM.
Aug 31 13:44:16 INFO >> Total number of candidate clusters=0
Aug 31 13:44:16 INFO >> Candidate Processor of stack (315.95 49.23)
Aug 31 13:44:16 INFO >> Making SinglePointingCandidates from a list of 0 PowerSpectraDetectionClusters
Aug 31 13:44:18 INFO >> saved candidates to ./results//injections/315.95_49.23_cumulative_power_spectra_stack_20220627_11_tpa.yml_(648,)_candidates.npz
Aug 31 13:44:18 INFO >> Injected Pulsars:     1
Aug 31 13:44:18 INFO >> Injection Candidates: 0
Aug 31 13:44:18 INFO >> Recovered Injections: 0
Aug 31 13:44:18 INFO >> 0 candidates.
Aug 31 13:44:20 INFO >> Unlinked shared memory for cumulative stack.
Aug 31 13:44:20 INFO >> Pipeline execution time: 2.05 minutes
