Aug 31 00:42:40 INFO >> {"message": "Waiting for suitable server to become available", "selector": "Primary()", "operation": "find", "topologyDescription": "<TopologyDescription id: 66d26700e09f7df7b7511077, topology_type: Unknown, servers: [<ServerDescription ('localhost', 27017) server_type: Unknown, rtt: None>]>", "clientId": {"$oid": "66d26700e09f7df7b7511077"}, "remainingTimeMS": 29}
Aug 31 00:42:40 INFO >> Features initialized as the following:
Aug 31 00:42:40 INFO >> num_unique_dms
Aug 31 00:42:40 INFO >> num_unique_freqs
Aug 31 00:42:40 INFO >> ndetections
Aug 31 00:42:40 INFO >> nharm
Aug 31 00:42:40 INFO >> log_p_dm
Aug 31 00:42:40 INFO >> ['dm_sigma_FitGaussWidth_gauss_sigma', 'dm_sigma_FitGaussWidth_gauss_sigma_rel_err', 'dm_sigma_FitGaussWidth_ndof', 'dm_sigma_FitGaussWidth_rms_err']
Aug 31 00:42:40 INFO >> ['dm_sigma_FitGauss_amplitude', 'dm_sigma_FitGauss_mu', 'dm_sigma_FitGauss_gauss_sigma', 'dm_sigma_FitGauss_amplitude_rel_err', 'dm_sigma_FitGauss_mu_rel_err', 'dm_sigma_FitGauss_gauss_sigma_rel_err', 'dm_sigma_FitGauss_amplitude-detection', 'dm_sigma_FitGauss_mu-detection', 'dm_sigma_FitGauss_ndof', 'dm_sigma_FitGauss_rms_err']
Aug 31 00:42:40 INFO >> ['freq_sigma_FitGaussWidth_gauss_sigma', 'freq_sigma_FitGaussWidth_gauss_sigma_rel_err', 'freq_sigma_FitGaussWidth_ndof', 'freq_sigma_FitGaussWidth_rms_err']
Aug 31 00:42:40 INFO >> ['freq_sigma_FitGauss_amplitude', 'freq_sigma_FitGauss_mu', 'freq_sigma_FitGauss_gauss_sigma', 'freq_sigma_FitGauss_amplitude_rel_err', 'freq_sigma_FitGauss_mu_rel_err', 'freq_sigma_FitGauss_gauss_sigma_rel_err', 'freq_sigma_FitGauss_amplitude-detection', 'freq_sigma_FitGauss_mu-detection', 'freq_sigma_FitGauss_ndof', 'freq_sigma_FitGauss_rms_err']
Aug 31 00:42:41 INFO >> Performing searching on cumulative stack 315.95 49.23
Aug 31 00:42:41 INFO >> Loading the cumulative power spectra stack to search
Aug 31 00:43:38 INFO >> DM: 188.15927179163737
Aug 31 00:43:38 INFO >> sigma: 13.706897764344129
Aug 31 00:43:38 INFO >> frequency: 38.775173959887795
Aug 31 00:43:38 INFO >> Injecting 13 harmonics.
Aug 31 00:43:38 INFO >> Starting DM: 185.49581138538056
Aug 31 00:43:38 INFO >> Stopping DM: 190.85930184005878
Aug 31 00:43:38 INFO >> Expected detection at 11.57 sigma with 8 harmonics.
Aug 31 00:43:52 INFO >> Start searching 6558 dm trials using 32 harmonics.
Aug 31 00:43:58 INFO >> Moved power spectra to shared memory.
Aug 31 00:43:58 INFO >> Number of dm trials in single multi processing job: 10
Aug 31 00:44:38 INFO >> Total number of detections=15625
Aug 31 00:44:38 INFO >> Clustering the detections
Aug 31 00:44:38 INFO >> Starting clustering
Aug 31 00:44:38 INFO >> Rogue harmonic power filter reduced detections from 15625 to 8567
Aug 31 00:44:39 INFO >> Filtering out duplicate freq,dm detections at multiple nharms removes 802 detections
Aug 31 00:44:39 INFO >> Duplicate freq,dm filter reduced detections to 7765
Aug 31 00:44:39 INFO >> Number of detections over threshold sigma (6.0): 7765
Aug 31 00:44:39 INFO >> Grouping duplicate frequencies together first
Aug 31 00:44:39 INFO >> Grouping duplicate frequencies removed 7236 detections from the harmonic metric computation
Aug 31 00:44:39 INFO >> Starting freq-DM distance metric computation
Aug 31 00:44:39 INFO >> Finished freq-DM distance metric computation
Aug 31 00:44:39 INFO >> Largest group size for metric computation is 97
Aug 31 00:44:39 INFO >> Starting harmonic distance metric computation
Aug 31 00:44:40 INFO >> Finished harmonic distance metric computation
Aug 31 00:44:40 INFO >> Starting DBSCAN
Aug 31 00:44:40 INFO >> Finished DBSCAN
Aug 31 00:44:40 INFO >> Clusters found: 76
Aug 31 00:44:40 INFO >> Filtered 32 clusters below or equal 2 DM.
Aug 31 00:44:40 INFO >> Total number of candidate clusters=1
Aug 31 00:44:40 INFO >> Candidate Processor of stack (315.95 49.23)
Aug 31 00:44:40 INFO >> Making SinglePointingCandidates from a list of 1 PowerSpectraDetectionClusters
Aug 31 00:44:42 INFO >> saved candidates to ./results//injections/315.95_49.23_cumulative_power_spectra_stack_20220627_11_tpa.yml_(275,)_candidates.npz
Aug 31 00:44:42 INFO >> Injected Pulsars:     1
Aug 31 00:44:42 INFO >> Injection Candidates: 1
Aug 31 00:44:42 INFO >> Recovered Injections: 1
Aug 31 00:44:42 INFO >> 1 candidates.
Aug 31 00:44:42 INFO >> Best candidate: F0: 38.775 DM: 188.13 Sigma: 12.14
Aug 31 00:44:44 INFO >> Unlinked shared memory for cumulative stack.
Aug 31 00:44:44 INFO >> Pipeline execution time: 2.06 minutes
