Aug 31 03:54:56 INFO >> {"message": "Waiting for suitable server to become available", "selector": "Primary()", "operation": "find", "topologyDescription": "<TopologyDescription id: 66d29410a80a8323ce16d85d, topology_type: Unknown, servers: [<ServerDescription ('localhost', 27017) server_type: Unknown, rtt: None>]>", "clientId": {"$oid": "66d29410a80a8323ce16d85d"}, "remainingTimeMS": 29}
Aug 31 03:54:57 INFO >> Features initialized as the following:
Aug 31 03:54:57 INFO >> num_unique_dms
Aug 31 03:54:57 INFO >> num_unique_freqs
Aug 31 03:54:57 INFO >> ndetections
Aug 31 03:54:57 INFO >> nharm
Aug 31 03:54:57 INFO >> log_p_dm
Aug 31 03:54:57 INFO >> ['dm_sigma_FitGaussWidth_gauss_sigma', 'dm_sigma_FitGaussWidth_gauss_sigma_rel_err', 'dm_sigma_FitGaussWidth_ndof', 'dm_sigma_FitGaussWidth_rms_err']
Aug 31 03:54:57 INFO >> ['dm_sigma_FitGauss_amplitude', 'dm_sigma_FitGauss_mu', 'dm_sigma_FitGauss_gauss_sigma', 'dm_sigma_FitGauss_amplitude_rel_err', 'dm_sigma_FitGauss_mu_rel_err', 'dm_sigma_FitGauss_gauss_sigma_rel_err', 'dm_sigma_FitGauss_amplitude-detection', 'dm_sigma_FitGauss_mu-detection', 'dm_sigma_FitGauss_ndof', 'dm_sigma_FitGauss_rms_err']
Aug 31 03:54:57 INFO >> ['freq_sigma_FitGaussWidth_gauss_sigma', 'freq_sigma_FitGaussWidth_gauss_sigma_rel_err', 'freq_sigma_FitGaussWidth_ndof', 'freq_sigma_FitGaussWidth_rms_err']
Aug 31 03:54:57 INFO >> ['freq_sigma_FitGauss_amplitude', 'freq_sigma_FitGauss_mu', 'freq_sigma_FitGauss_gauss_sigma', 'freq_sigma_FitGauss_amplitude_rel_err', 'freq_sigma_FitGauss_mu_rel_err', 'freq_sigma_FitGauss_gauss_sigma_rel_err', 'freq_sigma_FitGauss_amplitude-detection', 'freq_sigma_FitGauss_mu-detection', 'freq_sigma_FitGauss_ndof', 'freq_sigma_FitGauss_rms_err']
Aug 31 03:54:57 INFO >> Performing searching on cumulative stack 315.95 49.23
Aug 31 03:54:57 INFO >> Loading the cumulative power spectra stack to search
Aug 31 03:55:55 INFO >> DM: 81.37295863128
Aug 31 03:55:55 INFO >> sigma: 11.797869674433397
Aug 31 03:55:55 INFO >> frequency: 60.76894116602709
Aug 31 03:55:55 INFO >> Injecting 8 harmonics.
Aug 31 03:55:55 INFO >> Starting DM: 79.64277335531615
Aug 31 03:55:55 INFO >> Stopping DM: 83.08350308095879
Aug 31 03:55:55 INFO >> Expected detection at 10.29 sigma with 8 harmonics.
Aug 31 03:56:09 INFO >> Start searching 6558 dm trials using 32 harmonics.
Aug 31 03:56:15 INFO >> Moved power spectra to shared memory.
Aug 31 03:56:15 INFO >> Number of dm trials in single multi processing job: 10
Aug 31 03:56:56 INFO >> Total number of detections=15597
Aug 31 03:56:56 INFO >> Clustering the detections
Aug 31 03:56:56 INFO >> Starting clustering
Aug 31 03:56:56 INFO >> Rogue harmonic power filter reduced detections from 15597 to 8539
Aug 31 03:56:56 INFO >> Filtering out duplicate freq,dm detections at multiple nharms removes 788 detections
Aug 31 03:56:56 INFO >> Duplicate freq,dm filter reduced detections to 7751
Aug 31 03:56:56 INFO >> Number of detections over threshold sigma (6.0): 7751
Aug 31 03:56:56 INFO >> Grouping duplicate frequencies together first
Aug 31 03:56:56 INFO >> Grouping duplicate frequencies removed 7223 detections from the harmonic metric computation
Aug 31 03:56:56 INFO >> Starting freq-DM distance metric computation
Aug 31 03:56:56 INFO >> Finished freq-DM distance metric computation
Aug 31 03:56:57 INFO >> Largest group size for metric computation is 97
Aug 31 03:56:57 INFO >> Starting harmonic distance metric computation
Aug 31 03:56:57 INFO >> Finished harmonic distance metric computation
Aug 31 03:56:57 INFO >> Starting DBSCAN
Aug 31 03:56:58 INFO >> Finished DBSCAN
Aug 31 03:56:58 INFO >> Clusters found: 76
Aug 31 03:56:58 INFO >> Filtered 32 clusters below or equal 2 DM.
Aug 31 03:56:58 INFO >> Total number of candidate clusters=1
Aug 31 03:56:58 INFO >> Candidate Processor of stack (315.95 49.23)
Aug 31 03:56:58 INFO >> Making SinglePointingCandidates from a list of 1 PowerSpectraDetectionClusters
Aug 31 03:57:00 INFO >> saved candidates to ./results//injections/315.95_49.23_cumulative_power_spectra_stack_20220627_11_tpa.yml_(367,)_candidates.npz
Aug 31 03:57:00 INFO >> Injected Pulsars:     1
Aug 31 03:57:00 INFO >> Injection Candidates: 1
Aug 31 03:57:00 INFO >> Recovered Injections: 1
Aug 31 03:57:00 INFO >> 1 candidates.
Aug 31 03:57:00 INFO >> Best candidate: F0: 60.769 DM: 81.36 Sigma: 10.55
Aug 31 03:57:01 INFO >> Unlinked shared memory for cumulative stack.
Aug 31 03:57:01 INFO >> Pipeline execution time: 2.08 minutes
