Aug 31 04:24:14 INFO >> {"message": "Waiting for suitable server to become available", "selector": "Primary()", "operation": "find", "topologyDescription": "<TopologyDescription id: 66d29aee19884d20e0cf058c, topology_type: Unknown, servers: [<ServerDescription ('localhost', 27017) server_type: Unknown, rtt: None>]>", "clientId": {"$oid": "66d29aee19884d20e0cf058c"}, "remainingTimeMS": 29}
Aug 31 04:24:14 INFO >> Features initialized as the following:
Aug 31 04:24:14 INFO >> num_unique_dms
Aug 31 04:24:14 INFO >> num_unique_freqs
Aug 31 04:24:14 INFO >> ndetections
Aug 31 04:24:14 INFO >> nharm
Aug 31 04:24:14 INFO >> log_p_dm
Aug 31 04:24:14 INFO >> ['dm_sigma_FitGaussWidth_gauss_sigma', 'dm_sigma_FitGaussWidth_gauss_sigma_rel_err', 'dm_sigma_FitGaussWidth_ndof', 'dm_sigma_FitGaussWidth_rms_err']
Aug 31 04:24:14 INFO >> ['dm_sigma_FitGauss_amplitude', 'dm_sigma_FitGauss_mu', 'dm_sigma_FitGauss_gauss_sigma', 'dm_sigma_FitGauss_amplitude_rel_err', 'dm_sigma_FitGauss_mu_rel_err', 'dm_sigma_FitGauss_gauss_sigma_rel_err', 'dm_sigma_FitGauss_amplitude-detection', 'dm_sigma_FitGauss_mu-detection', 'dm_sigma_FitGauss_ndof', 'dm_sigma_FitGauss_rms_err']
Aug 31 04:24:14 INFO >> ['freq_sigma_FitGaussWidth_gauss_sigma', 'freq_sigma_FitGaussWidth_gauss_sigma_rel_err', 'freq_sigma_FitGaussWidth_ndof', 'freq_sigma_FitGaussWidth_rms_err']
Aug 31 04:24:14 INFO >> ['freq_sigma_FitGauss_amplitude', 'freq_sigma_FitGauss_mu', 'freq_sigma_FitGauss_gauss_sigma', 'freq_sigma_FitGauss_amplitude_rel_err', 'freq_sigma_FitGauss_mu_rel_err', 'freq_sigma_FitGauss_gauss_sigma_rel_err', 'freq_sigma_FitGauss_amplitude-detection', 'freq_sigma_FitGauss_mu-detection', 'freq_sigma_FitGauss_ndof', 'freq_sigma_FitGauss_rms_err']
Aug 31 04:24:14 INFO >> Performing searching on cumulative stack 315.95 49.23
Aug 31 04:24:14 INFO >> Loading the cumulative power spectra stack to search
Aug 31 04:25:11 INFO >> DM: 196.66213016796164
Aug 31 04:25:11 INFO >> sigma: 7.66013533011343
Aug 31 04:25:11 INFO >> frequency: 57.36853094610817
Aug 31 04:25:11 INFO >> Injecting 8 harmonics.
Aug 31 04:25:11 INFO >> Starting DM: 194.90721916434424
Aug 31 04:25:11 INFO >> Stopping DM: 198.449146823094
Aug 31 04:25:11 INFO >> Expected detection at 8.06 sigma with 4 harmonics.
Aug 31 04:25:25 INFO >> Start searching 6558 dm trials using 32 harmonics.
Aug 31 04:25:31 INFO >> Moved power spectra to shared memory.
Aug 31 04:25:31 INFO >> Number of dm trials in single multi processing job: 10
Aug 31 04:26:11 INFO >> Total number of detections=15586
Aug 31 04:26:11 INFO >> Clustering the detections
Aug 31 04:26:11 INFO >> Starting clustering
Aug 31 04:26:11 INFO >> Rogue harmonic power filter reduced detections from 15586 to 8528
Aug 31 04:26:11 INFO >> Filtering out duplicate freq,dm detections at multiple nharms removes 790 detections
Aug 31 04:26:11 INFO >> Duplicate freq,dm filter reduced detections to 7738
Aug 31 04:26:11 INFO >> Number of detections over threshold sigma (6.0): 7738
Aug 31 04:26:11 INFO >> Grouping duplicate frequencies together first
Aug 31 04:26:11 INFO >> Grouping duplicate frequencies removed 7217 detections from the harmonic metric computation
Aug 31 04:26:11 INFO >> Starting freq-DM distance metric computation
Aug 31 04:26:11 INFO >> Finished freq-DM distance metric computation
Aug 31 04:26:12 INFO >> Largest group size for metric computation is 97
Aug 31 04:26:12 INFO >> Starting harmonic distance metric computation
Aug 31 04:26:12 INFO >> Finished harmonic distance metric computation
Aug 31 04:26:12 INFO >> Starting DBSCAN
Aug 31 04:26:13 INFO >> Finished DBSCAN
Aug 31 04:26:13 INFO >> Clusters found: 76
Aug 31 04:26:13 INFO >> Filtered 32 clusters below or equal 2 DM.
Aug 31 04:26:13 INFO >> Total number of candidate clusters=1
Aug 31 04:26:13 INFO >> Candidate Processor of stack (315.95 49.23)
Aug 31 04:26:13 INFO >> Making SinglePointingCandidates from a list of 1 PowerSpectraDetectionClusters
Aug 31 04:26:15 INFO >> saved candidates to ./results//injections/315.95_49.23_cumulative_power_spectra_stack_20220627_11_tpa.yml_(381,)_candidates.npz
Aug 31 04:26:15 INFO >> Injected Pulsars:     1
Aug 31 04:26:15 INFO >> Injection Candidates: 1
Aug 31 04:26:15 INFO >> Recovered Injections: 1
Aug 31 04:26:15 INFO >> 1 candidates.
Aug 31 04:26:15 INFO >> Best candidate: F0: 57.369 DM: 196.63 Sigma: 7.53
Aug 31 04:26:16 INFO >> Unlinked shared memory for cumulative stack.
Aug 31 04:26:16 INFO >> Pipeline execution time: 2.04 minutes
