Aug 31 06:10:51 INFO >> {"message": "Waiting for suitable server to become available", "selector": "Primary()", "operation": "find", "topologyDescription": "<TopologyDescription id: 66d2b3ebdd2b828a0a452d16, topology_type: Unknown, servers: [<ServerDescription ('localhost', 27017) server_type: Unknown, rtt: None>]>", "clientId": {"$oid": "66d2b3ebdd2b828a0a452d16"}, "remainingTimeMS": 29}
Aug 31 06:10:51 INFO >> Features initialized as the following:
Aug 31 06:10:51 INFO >> num_unique_dms
Aug 31 06:10:51 INFO >> num_unique_freqs
Aug 31 06:10:51 INFO >> ndetections
Aug 31 06:10:51 INFO >> nharm
Aug 31 06:10:51 INFO >> log_p_dm
Aug 31 06:10:51 INFO >> ['dm_sigma_FitGaussWidth_gauss_sigma', 'dm_sigma_FitGaussWidth_gauss_sigma_rel_err', 'dm_sigma_FitGaussWidth_ndof', 'dm_sigma_FitGaussWidth_rms_err']
Aug 31 06:10:51 INFO >> ['dm_sigma_FitGauss_amplitude', 'dm_sigma_FitGauss_mu', 'dm_sigma_FitGauss_gauss_sigma', 'dm_sigma_FitGauss_amplitude_rel_err', 'dm_sigma_FitGauss_mu_rel_err', 'dm_sigma_FitGauss_gauss_sigma_rel_err', 'dm_sigma_FitGauss_amplitude-detection', 'dm_sigma_FitGauss_mu-detection', 'dm_sigma_FitGauss_ndof', 'dm_sigma_FitGauss_rms_err']
Aug 31 06:10:51 INFO >> ['freq_sigma_FitGaussWidth_gauss_sigma', 'freq_sigma_FitGaussWidth_gauss_sigma_rel_err', 'freq_sigma_FitGaussWidth_ndof', 'freq_sigma_FitGaussWidth_rms_err']
Aug 31 06:10:51 INFO >> ['freq_sigma_FitGauss_amplitude', 'freq_sigma_FitGauss_mu', 'freq_sigma_FitGauss_gauss_sigma', 'freq_sigma_FitGauss_amplitude_rel_err', 'freq_sigma_FitGauss_mu_rel_err', 'freq_sigma_FitGauss_gauss_sigma_rel_err', 'freq_sigma_FitGauss_amplitude-detection', 'freq_sigma_FitGauss_mu-detection', 'freq_sigma_FitGauss_ndof', 'freq_sigma_FitGauss_rms_err']
Aug 31 06:10:52 INFO >> Performing searching on cumulative stack 315.95 49.23
Aug 31 06:10:52 INFO >> Loading the cumulative power spectra stack to search
Aug 31 06:11:49 INFO >> DM: 142.60430820577557
Aug 31 06:11:49 INFO >> sigma: 14.391845144737957
Aug 31 06:11:49 INFO >> frequency: 53.79553952351611
Aug 31 06:11:49 INFO >> Injecting 9 harmonics.
Aug 31 06:11:49 INFO >> Starting DM: 140.66512701891926
Aug 31 06:11:49 INFO >> Stopping DM: 144.5106484769904
Aug 31 06:11:49 INFO >> Expected detection at 15.30 sigma with 4 harmonics.
Aug 31 06:12:03 INFO >> Start searching 6558 dm trials using 32 harmonics.
Aug 31 06:12:09 INFO >> Moved power spectra to shared memory.
Aug 31 06:12:09 INFO >> Number of dm trials in single multi processing job: 10
Aug 31 06:12:49 INFO >> Total number of detections=15874
Aug 31 06:12:49 INFO >> Clustering the detections
Aug 31 06:12:49 INFO >> Starting clustering
Aug 31 06:12:49 INFO >> Rogue harmonic power filter reduced detections from 15874 to 8625
Aug 31 06:12:49 INFO >> Filtering out duplicate freq,dm detections at multiple nharms removes 838 detections
Aug 31 06:12:49 INFO >> Duplicate freq,dm filter reduced detections to 7787
Aug 31 06:12:49 INFO >> Number of detections over threshold sigma (6.0): 7787
Aug 31 06:12:49 INFO >> Grouping duplicate frequencies together first
Aug 31 06:12:49 INFO >> Grouping duplicate frequencies removed 7245 detections from the harmonic metric computation
Aug 31 06:12:49 INFO >> Starting freq-DM distance metric computation
Aug 31 06:12:50 INFO >> Finished freq-DM distance metric computation
Aug 31 06:12:50 INFO >> Largest group size for metric computation is 97
Aug 31 06:12:50 INFO >> Starting harmonic distance metric computation
Aug 31 06:12:51 INFO >> Finished harmonic distance metric computation
Aug 31 06:12:51 INFO >> Starting DBSCAN
Aug 31 06:12:51 INFO >> Finished DBSCAN
Aug 31 06:12:51 INFO >> Clusters found: 76
Aug 31 06:12:51 INFO >> Filtered 32 clusters below or equal 2 DM.
Aug 31 06:12:51 INFO >> Total number of candidate clusters=1
Aug 31 06:12:51 INFO >> Candidate Processor of stack (315.95 49.23)
Aug 31 06:12:51 INFO >> Making SinglePointingCandidates from a list of 1 PowerSpectraDetectionClusters
Aug 31 06:12:53 INFO >> saved candidates to ./results//injections/315.95_49.23_cumulative_power_spectra_stack_20220627_11_tpa.yml_(432,)_candidates.npz
Aug 31 06:12:53 INFO >> Injected Pulsars:     1
Aug 31 06:12:53 INFO >> Injection Candidates: 1
Aug 31 06:12:53 INFO >> Recovered Injections: 1
Aug 31 06:12:53 INFO >> 1 candidates.
Aug 31 06:12:53 INFO >> Best candidate: F0: 53.796 DM: 142.59 Sigma: 15.72
Aug 31 06:12:55 INFO >> Unlinked shared memory for cumulative stack.
Aug 31 06:12:55 INFO >> Pipeline execution time: 2.06 minutes
