Aug 31 05:18:34 INFO >> {"message": "Waiting for suitable server to become available", "selector": "Primary()", "operation": "find", "topologyDescription": "<TopologyDescription id: 66d2a7aaf806bde36f835582, topology_type: Unknown, servers: [<ServerDescription ('localhost', 27017) server_type: Unknown, rtt: None>]>", "clientId": {"$oid": "66d2a7aaf806bde36f835582"}, "remainingTimeMS": 29}
Aug 31 05:18:34 INFO >> Features initialized as the following:
Aug 31 05:18:34 INFO >> num_unique_dms
Aug 31 05:18:34 INFO >> num_unique_freqs
Aug 31 05:18:34 INFO >> ndetections
Aug 31 05:18:34 INFO >> nharm
Aug 31 05:18:34 INFO >> log_p_dm
Aug 31 05:18:34 INFO >> ['dm_sigma_FitGaussWidth_gauss_sigma', 'dm_sigma_FitGaussWidth_gauss_sigma_rel_err', 'dm_sigma_FitGaussWidth_ndof', 'dm_sigma_FitGaussWidth_rms_err']
Aug 31 05:18:34 INFO >> ['dm_sigma_FitGauss_amplitude', 'dm_sigma_FitGauss_mu', 'dm_sigma_FitGauss_gauss_sigma', 'dm_sigma_FitGauss_amplitude_rel_err', 'dm_sigma_FitGauss_mu_rel_err', 'dm_sigma_FitGauss_gauss_sigma_rel_err', 'dm_sigma_FitGauss_amplitude-detection', 'dm_sigma_FitGauss_mu-detection', 'dm_sigma_FitGauss_ndof', 'dm_sigma_FitGauss_rms_err']
Aug 31 05:18:34 INFO >> ['freq_sigma_FitGaussWidth_gauss_sigma', 'freq_sigma_FitGaussWidth_gauss_sigma_rel_err', 'freq_sigma_FitGaussWidth_ndof', 'freq_sigma_FitGaussWidth_rms_err']
Aug 31 05:18:34 INFO >> ['freq_sigma_FitGauss_amplitude', 'freq_sigma_FitGauss_mu', 'freq_sigma_FitGauss_gauss_sigma', 'freq_sigma_FitGauss_amplitude_rel_err', 'freq_sigma_FitGauss_mu_rel_err', 'freq_sigma_FitGauss_gauss_sigma_rel_err', 'freq_sigma_FitGauss_amplitude-detection', 'freq_sigma_FitGauss_mu-detection', 'freq_sigma_FitGauss_ndof', 'freq_sigma_FitGauss_rms_err']
Aug 31 05:18:35 INFO >> Performing searching on cumulative stack 315.95 49.23
Aug 31 05:18:35 INFO >> Loading the cumulative power spectra stack to search
Aug 31 05:19:32 INFO >> DM: 23.66803395747332
Aug 31 05:19:32 INFO >> sigma: 11.671647925988331
Aug 31 05:19:32 INFO >> frequency: 118.30125459446985
Aug 31 05:19:32 INFO >> Injecting 4 harmonics.
Aug 31 05:19:32 INFO >> Starting DM: 22.769534949105637
Aug 31 05:19:32 INFO >> Stopping DM: 24.48989981192695
Aug 31 05:19:32 INFO >> Expected detection at 10.31 sigma with 4 harmonics.
Aug 31 05:19:46 INFO >> Start searching 6558 dm trials using 32 harmonics.
Aug 31 05:19:52 INFO >> Moved power spectra to shared memory.
Aug 31 05:19:52 INFO >> Number of dm trials in single multi processing job: 10
Aug 31 05:20:33 INFO >> Total number of detections=15590
Aug 31 05:20:33 INFO >> Clustering the detections
Aug 31 05:20:33 INFO >> Starting clustering
Aug 31 05:20:33 INFO >> Rogue harmonic power filter reduced detections from 15590 to 8532
Aug 31 05:20:33 INFO >> Filtering out duplicate freq,dm detections at multiple nharms removes 792 detections
Aug 31 05:20:33 INFO >> Duplicate freq,dm filter reduced detections to 7740
Aug 31 05:20:33 INFO >> Number of detections over threshold sigma (6.0): 7740
Aug 31 05:20:33 INFO >> Grouping duplicate frequencies together first
Aug 31 05:20:33 INFO >> Grouping duplicate frequencies removed 7216 detections from the harmonic metric computation
Aug 31 05:20:33 INFO >> Starting freq-DM distance metric computation
Aug 31 05:20:33 INFO >> Finished freq-DM distance metric computation
Aug 31 05:20:34 INFO >> Largest group size for metric computation is 97
Aug 31 05:20:34 INFO >> Starting harmonic distance metric computation
Aug 31 05:20:34 INFO >> Finished harmonic distance metric computation
Aug 31 05:20:34 INFO >> Starting DBSCAN
Aug 31 05:20:35 INFO >> Finished DBSCAN
Aug 31 05:20:35 INFO >> Clusters found: 76
Aug 31 05:20:35 INFO >> Filtered 32 clusters below or equal 2 DM.
Aug 31 05:20:35 INFO >> Total number of candidate clusters=1
Aug 31 05:20:35 INFO >> Candidate Processor of stack (315.95 49.23)
Aug 31 05:20:35 INFO >> Making SinglePointingCandidates from a list of 1 PowerSpectraDetectionClusters
Aug 31 05:20:37 INFO >> saved candidates to ./results//injections/315.95_49.23_cumulative_power_spectra_stack_20220627_11_tpa.yml_(407,)_candidates.npz
Aug 31 05:20:37 INFO >> Injected Pulsars:     1
Aug 31 05:20:37 INFO >> Injection Candidates: 1
Aug 31 05:20:37 INFO >> Recovered Injections: 1
Aug 31 05:20:37 INFO >> 1 candidates.
Aug 31 05:20:37 INFO >> Best candidate: F0: 118.301 DM: 23.68 Sigma: 10.11
Aug 31 05:20:38 INFO >> Unlinked shared memory for cumulative stack.
Aug 31 05:20:38 INFO >> Pipeline execution time: 2.06 minutes
