Aug 31 00:19:43 INFO >> {"message": "Waiting for suitable server to become available", "selector": "Primary()", "operation": "find", "topologyDescription": "<TopologyDescription id: 66d2619f646ae7cba00df127, topology_type: Unknown, servers: [<ServerDescription ('localhost', 27017) server_type: Unknown, rtt: None>]>", "clientId": {"$oid": "66d2619f646ae7cba00df127"}, "remainingTimeMS": 29}
Aug 31 00:19:43 INFO >> Features initialized as the following:
Aug 31 00:19:43 INFO >> num_unique_dms
Aug 31 00:19:43 INFO >> num_unique_freqs
Aug 31 00:19:43 INFO >> ndetections
Aug 31 00:19:43 INFO >> nharm
Aug 31 00:19:43 INFO >> log_p_dm
Aug 31 00:19:43 INFO >> ['dm_sigma_FitGaussWidth_gauss_sigma', 'dm_sigma_FitGaussWidth_gauss_sigma_rel_err', 'dm_sigma_FitGaussWidth_ndof', 'dm_sigma_FitGaussWidth_rms_err']
Aug 31 00:19:43 INFO >> ['dm_sigma_FitGauss_amplitude', 'dm_sigma_FitGauss_mu', 'dm_sigma_FitGauss_gauss_sigma', 'dm_sigma_FitGauss_amplitude_rel_err', 'dm_sigma_FitGauss_mu_rel_err', 'dm_sigma_FitGauss_gauss_sigma_rel_err', 'dm_sigma_FitGauss_amplitude-detection', 'dm_sigma_FitGauss_mu-detection', 'dm_sigma_FitGauss_ndof', 'dm_sigma_FitGauss_rms_err']
Aug 31 00:19:43 INFO >> ['freq_sigma_FitGaussWidth_gauss_sigma', 'freq_sigma_FitGaussWidth_gauss_sigma_rel_err', 'freq_sigma_FitGaussWidth_ndof', 'freq_sigma_FitGaussWidth_rms_err']
Aug 31 00:19:43 INFO >> ['freq_sigma_FitGauss_amplitude', 'freq_sigma_FitGauss_mu', 'freq_sigma_FitGauss_gauss_sigma', 'freq_sigma_FitGauss_amplitude_rel_err', 'freq_sigma_FitGauss_mu_rel_err', 'freq_sigma_FitGauss_gauss_sigma_rel_err', 'freq_sigma_FitGauss_amplitude-detection', 'freq_sigma_FitGauss_mu-detection', 'freq_sigma_FitGauss_ndof', 'freq_sigma_FitGauss_rms_err']
Aug 31 00:19:43 INFO >> Performing searching on cumulative stack 315.95 49.23
Aug 31 00:19:43 INFO >> Loading the cumulative power spectra stack to search
Aug 31 00:20:40 INFO >> DM: 107.37694548974063
Aug 31 00:20:40 INFO >> sigma: 15.780434937840479
Aug 31 00:20:40 INFO >> frequency: 58.14854084676238
Aug 31 00:20:40 INFO >> Injecting 8 harmonics.
Aug 31 00:20:40 INFO >> Starting DM: 105.65064216385014
Aug 31 00:20:40 INFO >> Stopping DM: 109.19256982259992
Aug 31 00:20:40 INFO >> Expected detection at 11.32 sigma with 8 harmonics.
Aug 31 00:20:54 INFO >> Start searching 6558 dm trials using 32 harmonics.
Aug 31 00:21:00 INFO >> Moved power spectra to shared memory.
Aug 31 00:21:00 INFO >> Number of dm trials in single multi processing job: 10
Aug 31 00:21:41 INFO >> Total number of detections=15601
Aug 31 00:21:41 INFO >> Clustering the detections
Aug 31 00:21:41 INFO >> Starting clustering
Aug 31 00:21:41 INFO >> Rogue harmonic power filter reduced detections from 15601 to 8543
Aug 31 00:21:41 INFO >> Filtering out duplicate freq,dm detections at multiple nharms removes 799 detections
Aug 31 00:21:41 INFO >> Duplicate freq,dm filter reduced detections to 7744
Aug 31 00:21:41 INFO >> Number of detections over threshold sigma (6.0): 7744
Aug 31 00:21:41 INFO >> Grouping duplicate frequencies together first
Aug 31 00:21:41 INFO >> Grouping duplicate frequencies removed 7218 detections from the harmonic metric computation
Aug 31 00:21:41 INFO >> Starting freq-DM distance metric computation
Aug 31 00:21:41 INFO >> Finished freq-DM distance metric computation
Aug 31 00:21:41 INFO >> Largest group size for metric computation is 97
Aug 31 00:21:41 INFO >> Starting harmonic distance metric computation
Aug 31 00:21:42 INFO >> Finished harmonic distance metric computation
Aug 31 00:21:42 INFO >> Starting DBSCAN
Aug 31 00:21:42 INFO >> Finished DBSCAN
Aug 31 00:21:42 INFO >> Clusters found: 76
Aug 31 00:21:42 INFO >> Filtered 32 clusters below or equal 2 DM.
Aug 31 00:21:42 INFO >> Total number of candidate clusters=1
Aug 31 00:21:42 INFO >> Candidate Processor of stack (315.95 49.23)
Aug 31 00:21:42 INFO >> Making SinglePointingCandidates from a list of 1 PowerSpectraDetectionClusters
Aug 31 00:21:44 INFO >> saved candidates to ./results//injections/315.95_49.23_cumulative_power_spectra_stack_20220627_11_tpa.yml_(264,)_candidates.npz
Aug 31 00:21:44 INFO >> Injected Pulsars:     1
Aug 31 00:21:44 INFO >> Injection Candidates: 1
Aug 31 00:21:44 INFO >> Recovered Injections: 1
Aug 31 00:21:44 INFO >> 1 candidates.
Aug 31 00:21:44 INFO >> Best candidate: F0: 58.148 DM: 107.37 Sigma: 11.01
Aug 31 00:21:46 INFO >> Unlinked shared memory for cumulative stack.
Aug 31 00:21:46 INFO >> Pipeline execution time: 2.05 minutes
