Aug 31 05:29:03 INFO >> {"message": "Waiting for suitable server to become available", "selector": "Primary()", "operation": "find", "topologyDescription": "<TopologyDescription id: 66d2aa1f3d121b917b282fb9, topology_type: Unknown, servers: [<ServerDescription ('localhost', 27017) server_type: Unknown, rtt: None>]>", "clientId": {"$oid": "66d2aa1f3d121b917b282fb9"}, "remainingTimeMS": 29}
Aug 31 05:29:03 INFO >> Features initialized as the following:
Aug 31 05:29:03 INFO >> num_unique_dms
Aug 31 05:29:03 INFO >> num_unique_freqs
Aug 31 05:29:03 INFO >> ndetections
Aug 31 05:29:03 INFO >> nharm
Aug 31 05:29:03 INFO >> log_p_dm
Aug 31 05:29:03 INFO >> ['dm_sigma_FitGaussWidth_gauss_sigma', 'dm_sigma_FitGaussWidth_gauss_sigma_rel_err', 'dm_sigma_FitGaussWidth_ndof', 'dm_sigma_FitGaussWidth_rms_err']
Aug 31 05:29:03 INFO >> ['dm_sigma_FitGauss_amplitude', 'dm_sigma_FitGauss_mu', 'dm_sigma_FitGauss_gauss_sigma', 'dm_sigma_FitGauss_amplitude_rel_err', 'dm_sigma_FitGauss_mu_rel_err', 'dm_sigma_FitGauss_gauss_sigma_rel_err', 'dm_sigma_FitGauss_amplitude-detection', 'dm_sigma_FitGauss_mu-detection', 'dm_sigma_FitGauss_ndof', 'dm_sigma_FitGauss_rms_err']
Aug 31 05:29:03 INFO >> ['freq_sigma_FitGaussWidth_gauss_sigma', 'freq_sigma_FitGaussWidth_gauss_sigma_rel_err', 'freq_sigma_FitGaussWidth_ndof', 'freq_sigma_FitGaussWidth_rms_err']
Aug 31 05:29:03 INFO >> ['freq_sigma_FitGauss_amplitude', 'freq_sigma_FitGauss_mu', 'freq_sigma_FitGauss_gauss_sigma', 'freq_sigma_FitGauss_amplitude_rel_err', 'freq_sigma_FitGauss_mu_rel_err', 'freq_sigma_FitGauss_gauss_sigma_rel_err', 'freq_sigma_FitGauss_amplitude-detection', 'freq_sigma_FitGauss_mu-detection', 'freq_sigma_FitGauss_ndof', 'freq_sigma_FitGauss_rms_err']
Aug 31 05:29:04 INFO >> Performing searching on cumulative stack 315.95 49.23
Aug 31 05:29:04 INFO >> Loading the cumulative power spectra stack to search
Aug 31 05:30:01 INFO >> DM: 103.85734303785493
Aug 31 05:30:01 INFO >> sigma: 15.185153635132044
Aug 31 05:30:01 INFO >> frequency: 183.7177940479918
Aug 31 05:30:01 INFO >> Injecting 2 harmonics.
Aug 31 05:30:01 INFO >> Starting DM: 103.32308970238601
Aug 31 05:30:01 INFO >> Stopping DM: 104.4362669665645
Aug 31 05:30:01 INFO >> Expected detection at 12.80 sigma with 2 harmonics.
Aug 31 05:30:15 INFO >> Start searching 6558 dm trials using 32 harmonics.
Aug 31 05:30:21 INFO >> Moved power spectra to shared memory.
Aug 31 05:30:21 INFO >> Number of dm trials in single multi processing job: 10
Aug 31 05:31:01 INFO >> Total number of detections=15615
Aug 31 05:31:01 INFO >> Clustering the detections
Aug 31 05:31:01 INFO >> Starting clustering
Aug 31 05:31:01 INFO >> Rogue harmonic power filter reduced detections from 15615 to 8539
Aug 31 05:31:01 INFO >> Filtering out duplicate freq,dm detections at multiple nharms removes 791 detections
Aug 31 05:31:01 INFO >> Duplicate freq,dm filter reduced detections to 7748
Aug 31 05:31:01 INFO >> Number of detections over threshold sigma (6.0): 7748
Aug 31 05:31:01 INFO >> Grouping duplicate frequencies together first
Aug 31 05:31:01 INFO >> Grouping duplicate frequencies removed 7218 detections from the harmonic metric computation
Aug 31 05:31:01 INFO >> Starting freq-DM distance metric computation
Aug 31 05:31:01 INFO >> Finished freq-DM distance metric computation
Aug 31 05:31:02 INFO >> Largest group size for metric computation is 97
Aug 31 05:31:02 INFO >> Starting harmonic distance metric computation
Aug 31 05:31:02 INFO >> Finished harmonic distance metric computation
Aug 31 05:31:02 INFO >> Starting DBSCAN
Aug 31 05:31:03 INFO >> Finished DBSCAN
Aug 31 05:31:03 INFO >> Clusters found: 76
Aug 31 05:31:03 INFO >> Filtered 32 clusters below or equal 2 DM.
Aug 31 05:31:03 INFO >> Total number of candidate clusters=1
Aug 31 05:31:03 INFO >> Candidate Processor of stack (315.95 49.23)
Aug 31 05:31:03 INFO >> Making SinglePointingCandidates from a list of 1 PowerSpectraDetectionClusters
Aug 31 05:31:05 INFO >> saved candidates to ./results//injections/315.95_49.23_cumulative_power_spectra_stack_20220627_11_tpa.yml_(412,)_candidates.npz
Aug 31 05:31:05 INFO >> Injected Pulsars:     1
Aug 31 05:31:05 INFO >> Injection Candidates: 1
Aug 31 05:31:05 INFO >> Recovered Injections: 1
Aug 31 05:31:05 INFO >> 1 candidates.
Aug 31 05:31:05 INFO >> Best candidate: F0: 183.718 DM: 103.83 Sigma: 12.75
Aug 31 05:31:06 INFO >> Unlinked shared memory for cumulative stack.
Aug 31 05:31:06 INFO >> Pipeline execution time: 2.05 minutes
