Aug 31 14:11:30 INFO >> {"message": "Waiting for suitable server to become available", "selector": "Primary()", "operation": "find", "topologyDescription": "<TopologyDescription id: 66d324929cfa4163cb347858, topology_type: Unknown, servers: [<ServerDescription ('localhost', 27017) server_type: Unknown, rtt: None>]>", "clientId": {"$oid": "66d324929cfa4163cb347858"}, "remainingTimeMS": 29}
Aug 31 14:11:30 INFO >> Features initialized as the following:
Aug 31 14:11:30 INFO >> num_unique_dms
Aug 31 14:11:30 INFO >> num_unique_freqs
Aug 31 14:11:30 INFO >> ndetections
Aug 31 14:11:30 INFO >> nharm
Aug 31 14:11:30 INFO >> log_p_dm
Aug 31 14:11:30 INFO >> ['dm_sigma_FitGaussWidth_gauss_sigma', 'dm_sigma_FitGaussWidth_gauss_sigma_rel_err', 'dm_sigma_FitGaussWidth_ndof', 'dm_sigma_FitGaussWidth_rms_err']
Aug 31 14:11:30 INFO >> ['dm_sigma_FitGauss_amplitude', 'dm_sigma_FitGauss_mu', 'dm_sigma_FitGauss_gauss_sigma', 'dm_sigma_FitGauss_amplitude_rel_err', 'dm_sigma_FitGauss_mu_rel_err', 'dm_sigma_FitGauss_gauss_sigma_rel_err', 'dm_sigma_FitGauss_amplitude-detection', 'dm_sigma_FitGauss_mu-detection', 'dm_sigma_FitGauss_ndof', 'dm_sigma_FitGauss_rms_err']
Aug 31 14:11:30 INFO >> ['freq_sigma_FitGaussWidth_gauss_sigma', 'freq_sigma_FitGaussWidth_gauss_sigma_rel_err', 'freq_sigma_FitGaussWidth_ndof', 'freq_sigma_FitGaussWidth_rms_err']
Aug 31 14:11:30 INFO >> ['freq_sigma_FitGauss_amplitude', 'freq_sigma_FitGauss_mu', 'freq_sigma_FitGauss_gauss_sigma', 'freq_sigma_FitGauss_amplitude_rel_err', 'freq_sigma_FitGauss_mu_rel_err', 'freq_sigma_FitGauss_gauss_sigma_rel_err', 'freq_sigma_FitGauss_amplitude-detection', 'freq_sigma_FitGauss_mu-detection', 'freq_sigma_FitGauss_ndof', 'freq_sigma_FitGauss_rms_err']
Aug 31 14:11:30 INFO >> Performing searching on cumulative stack 315.95 49.23
Aug 31 14:11:30 INFO >> Loading the cumulative power spectra stack to search
Aug 31 14:12:28 INFO >> DM: 192.88127345131488
Aug 31 14:12:28 INFO >> sigma: 6.74410705177829
Aug 31 14:12:28 INFO >> frequency: 191.90326483888398
Aug 31 14:12:28 INFO >> Injecting 2 harmonics.
Aug 31 14:12:28 INFO >> Starting DM: 192.37727083666584
Aug 31 14:12:28 INFO >> Stopping DM: 193.3892501677372
Aug 31 14:12:28 INFO >> Expected detection at 3.39 sigma with 2 harmonics.
Aug 31 14:12:42 INFO >> Start searching 6558 dm trials using 32 harmonics.
Aug 31 14:12:48 INFO >> Moved power spectra to shared memory.
Aug 31 14:12:48 INFO >> Number of dm trials in single multi processing job: 10
Aug 31 14:13:28 INFO >> Total number of detections=15577
Aug 31 14:13:28 INFO >> Clustering the detections
Aug 31 14:13:28 INFO >> Starting clustering
Aug 31 14:13:28 INFO >> Rogue harmonic power filter reduced detections from 15577 to 8519
Aug 31 14:13:28 INFO >> Filtering out duplicate freq,dm detections at multiple nharms removes 787 detections
Aug 31 14:13:28 INFO >> Duplicate freq,dm filter reduced detections to 7732
Aug 31 14:13:28 INFO >> Number of detections over threshold sigma (6.0): 7732
Aug 31 14:13:28 INFO >> Grouping duplicate frequencies together first
Aug 31 14:13:28 INFO >> Grouping duplicate frequencies removed 7214 detections from the harmonic metric computation
Aug 31 14:13:28 INFO >> Starting freq-DM distance metric computation
Aug 31 14:13:29 INFO >> Finished freq-DM distance metric computation
Aug 31 14:13:29 INFO >> Largest group size for metric computation is 97
Aug 31 14:13:29 INFO >> Starting harmonic distance metric computation
Aug 31 14:13:30 INFO >> Finished harmonic distance metric computation
Aug 31 14:13:30 INFO >> Starting DBSCAN
Aug 31 14:13:30 INFO >> Finished DBSCAN
Aug 31 14:13:30 INFO >> Clusters found: 75
Aug 31 14:13:30 INFO >> Filtered 32 clusters below or equal 2 DM.
Aug 31 14:13:30 INFO >> Total number of candidate clusters=0
Aug 31 14:13:30 INFO >> Candidate Processor of stack (315.95 49.23)
Aug 31 14:13:30 INFO >> Making SinglePointingCandidates from a list of 0 PowerSpectraDetectionClusters
Aug 31 14:13:32 INFO >> saved candidates to ./results//injections/315.95_49.23_cumulative_power_spectra_stack_20220627_11_tpa.yml_(662,)_candidates.npz
Aug 31 14:13:32 INFO >> Injected Pulsars:     1
Aug 31 14:13:32 INFO >> Injection Candidates: 0
Aug 31 14:13:32 INFO >> Recovered Injections: 0
Aug 31 14:13:32 INFO >> 0 candidates.
Aug 31 14:13:33 INFO >> Unlinked shared memory for cumulative stack.
Aug 31 14:13:33 INFO >> Pipeline execution time: 2.05 minutes
