Aug 31 06:08:46 INFO >> {"message": "Waiting for suitable server to become available", "selector": "Primary()", "operation": "find", "topologyDescription": "<TopologyDescription id: 66d2b36e0598c97a82199f0b, topology_type: Unknown, servers: [<ServerDescription ('localhost', 27017) server_type: Unknown, rtt: None>]>", "clientId": {"$oid": "66d2b36e0598c97a82199f0b"}, "remainingTimeMS": 29}
Aug 31 06:08:46 INFO >> Features initialized as the following:
Aug 31 06:08:46 INFO >> num_unique_dms
Aug 31 06:08:46 INFO >> num_unique_freqs
Aug 31 06:08:46 INFO >> ndetections
Aug 31 06:08:46 INFO >> nharm
Aug 31 06:08:46 INFO >> log_p_dm
Aug 31 06:08:46 INFO >> ['dm_sigma_FitGaussWidth_gauss_sigma', 'dm_sigma_FitGaussWidth_gauss_sigma_rel_err', 'dm_sigma_FitGaussWidth_ndof', 'dm_sigma_FitGaussWidth_rms_err']
Aug 31 06:08:46 INFO >> ['dm_sigma_FitGauss_amplitude', 'dm_sigma_FitGauss_mu', 'dm_sigma_FitGauss_gauss_sigma', 'dm_sigma_FitGauss_amplitude_rel_err', 'dm_sigma_FitGauss_mu_rel_err', 'dm_sigma_FitGauss_gauss_sigma_rel_err', 'dm_sigma_FitGauss_amplitude-detection', 'dm_sigma_FitGauss_mu-detection', 'dm_sigma_FitGauss_ndof', 'dm_sigma_FitGauss_rms_err']
Aug 31 06:08:46 INFO >> ['freq_sigma_FitGaussWidth_gauss_sigma', 'freq_sigma_FitGaussWidth_gauss_sigma_rel_err', 'freq_sigma_FitGaussWidth_ndof', 'freq_sigma_FitGaussWidth_rms_err']
Aug 31 06:08:46 INFO >> ['freq_sigma_FitGauss_amplitude', 'freq_sigma_FitGauss_mu', 'freq_sigma_FitGauss_gauss_sigma', 'freq_sigma_FitGauss_amplitude_rel_err', 'freq_sigma_FitGauss_mu_rel_err', 'freq_sigma_FitGauss_gauss_sigma_rel_err', 'freq_sigma_FitGauss_amplitude-detection', 'freq_sigma_FitGauss_mu-detection', 'freq_sigma_FitGauss_ndof', 'freq_sigma_FitGauss_rms_err']
Aug 31 06:08:46 INFO >> Performing searching on cumulative stack 315.95 49.23
Aug 31 06:08:46 INFO >> Loading the cumulative power spectra stack to search
Aug 31 06:09:43 INFO >> DM: 161.3401694079403
Aug 31 06:09:43 INFO >> sigma: 15.886067538266879
Aug 31 06:09:43 INFO >> frequency: 66.37652101048388
Aug 31 06:09:43 INFO >> Injecting 7 harmonics.
Aug 31 06:09:43 INFO >> Starting DM: 159.79153637616798
Aug 31 06:09:43 INFO >> Stopping DM: 162.92867230248922
Aug 31 06:09:43 INFO >> Expected detection at 8.00 sigma with 4 harmonics.
Aug 31 06:09:57 INFO >> Start searching 6558 dm trials using 32 harmonics.
Aug 31 06:10:03 INFO >> Moved power spectra to shared memory.
Aug 31 06:10:03 INFO >> Number of dm trials in single multi processing job: 10
Aug 31 06:10:44 INFO >> Total number of detections=15588
Aug 31 06:10:44 INFO >> Clustering the detections
Aug 31 06:10:44 INFO >> Starting clustering
Aug 31 06:10:44 INFO >> Rogue harmonic power filter reduced detections from 15588 to 8530
Aug 31 06:10:44 INFO >> Filtering out duplicate freq,dm detections at multiple nharms removes 789 detections
Aug 31 06:10:44 INFO >> Duplicate freq,dm filter reduced detections to 7741
Aug 31 06:10:44 INFO >> Number of detections over threshold sigma (6.0): 7741
Aug 31 06:10:44 INFO >> Grouping duplicate frequencies together first
Aug 31 06:10:44 INFO >> Grouping duplicate frequencies removed 7217 detections from the harmonic metric computation
Aug 31 06:10:44 INFO >> Starting freq-DM distance metric computation
Aug 31 06:10:45 INFO >> Finished freq-DM distance metric computation
Aug 31 06:10:45 INFO >> Largest group size for metric computation is 97
Aug 31 06:10:45 INFO >> Starting harmonic distance metric computation
Aug 31 06:10:45 INFO >> Finished harmonic distance metric computation
Aug 31 06:10:45 INFO >> Starting DBSCAN
Aug 31 06:10:46 INFO >> Finished DBSCAN
Aug 31 06:10:46 INFO >> Clusters found: 76
Aug 31 06:10:46 INFO >> Filtered 32 clusters below or equal 2 DM.
Aug 31 06:10:46 INFO >> Total number of candidate clusters=1
Aug 31 06:10:46 INFO >> Candidate Processor of stack (315.95 49.23)
Aug 31 06:10:46 INFO >> Making SinglePointingCandidates from a list of 1 PowerSpectraDetectionClusters
Aug 31 06:10:48 INFO >> saved candidates to ./results//injections/315.95_49.23_cumulative_power_spectra_stack_20220627_11_tpa.yml_(431,)_candidates.npz
Aug 31 06:10:48 INFO >> Injected Pulsars:     1
Aug 31 06:10:48 INFO >> Injection Candidates: 1
Aug 31 06:10:48 INFO >> Recovered Injections: 1
Aug 31 06:10:48 INFO >> 1 candidates.
Aug 31 06:10:48 INFO >> Best candidate: F0: 22.126 DM: 161.31 Sigma: 7.96
Aug 31 06:10:49 INFO >> Unlinked shared memory for cumulative stack.
Aug 31 06:10:49 INFO >> Pipeline execution time: 2.06 minutes
