Aug 31 10:15:21 INFO >> {"message": "Waiting for suitable server to become available", "selector": "Primary()", "operation": "find", "topologyDescription": "<TopologyDescription id: 66d2ed399ed7e0abe95b5400, topology_type: Unknown, servers: [<ServerDescription ('localhost', 27017) server_type: Unknown, rtt: None>]>", "clientId": {"$oid": "66d2ed399ed7e0abe95b5400"}, "remainingTimeMS": 29}
Aug 31 10:15:21 INFO >> Features initialized as the following:
Aug 31 10:15:21 INFO >> num_unique_dms
Aug 31 10:15:21 INFO >> num_unique_freqs
Aug 31 10:15:21 INFO >> ndetections
Aug 31 10:15:21 INFO >> nharm
Aug 31 10:15:21 INFO >> log_p_dm
Aug 31 10:15:21 INFO >> ['dm_sigma_FitGaussWidth_gauss_sigma', 'dm_sigma_FitGaussWidth_gauss_sigma_rel_err', 'dm_sigma_FitGaussWidth_ndof', 'dm_sigma_FitGaussWidth_rms_err']
Aug 31 10:15:21 INFO >> ['dm_sigma_FitGauss_amplitude', 'dm_sigma_FitGauss_mu', 'dm_sigma_FitGauss_gauss_sigma', 'dm_sigma_FitGauss_amplitude_rel_err', 'dm_sigma_FitGauss_mu_rel_err', 'dm_sigma_FitGauss_gauss_sigma_rel_err', 'dm_sigma_FitGauss_amplitude-detection', 'dm_sigma_FitGauss_mu-detection', 'dm_sigma_FitGauss_ndof', 'dm_sigma_FitGauss_rms_err']
Aug 31 10:15:21 INFO >> ['freq_sigma_FitGaussWidth_gauss_sigma', 'freq_sigma_FitGaussWidth_gauss_sigma_rel_err', 'freq_sigma_FitGaussWidth_ndof', 'freq_sigma_FitGaussWidth_rms_err']
Aug 31 10:15:21 INFO >> ['freq_sigma_FitGauss_amplitude', 'freq_sigma_FitGauss_mu', 'freq_sigma_FitGauss_gauss_sigma', 'freq_sigma_FitGauss_amplitude_rel_err', 'freq_sigma_FitGauss_mu_rel_err', 'freq_sigma_FitGauss_gauss_sigma_rel_err', 'freq_sigma_FitGauss_amplitude-detection', 'freq_sigma_FitGauss_mu-detection', 'freq_sigma_FitGauss_ndof', 'freq_sigma_FitGauss_rms_err']
Aug 31 10:15:21 INFO >> Performing searching on cumulative stack 315.95 49.23
Aug 31 10:15:21 INFO >> Loading the cumulative power spectra stack to search
Aug 31 10:16:18 INFO >> DM: 14.91404701799972
Aug 31 10:16:18 INFO >> sigma: 9.308793799449044
Aug 31 10:16:18 INFO >> frequency: 140.5072631059677
Aug 31 10:16:18 INFO >> Injecting 3 harmonics.
Aug 31 10:16:18 INFO >> Starting DM: 14.167710634999061
Aug 31 10:16:18 INFO >> Stopping DM: 15.685679631606105
Aug 31 10:16:18 INFO >> Expected detection at 9.47 sigma with 1 harmonics.
Aug 31 10:16:32 INFO >> Start searching 6558 dm trials using 32 harmonics.
Aug 31 10:16:38 INFO >> Moved power spectra to shared memory.
Aug 31 10:16:38 INFO >> Number of dm trials in single multi processing job: 10
Aug 31 10:17:18 INFO >> Total number of detections=15607
Aug 31 10:17:18 INFO >> Clustering the detections
Aug 31 10:17:18 INFO >> Starting clustering
Aug 31 10:17:18 INFO >> Rogue harmonic power filter reduced detections from 15607 to 8531
Aug 31 10:17:18 INFO >> Filtering out duplicate freq,dm detections at multiple nharms removes 790 detections
Aug 31 10:17:18 INFO >> Duplicate freq,dm filter reduced detections to 7741
Aug 31 10:17:18 INFO >> Number of detections over threshold sigma (6.0): 7741
Aug 31 10:17:18 INFO >> Grouping duplicate frequencies together first
Aug 31 10:17:18 INFO >> Grouping duplicate frequencies removed 7219 detections from the harmonic metric computation
Aug 31 10:17:18 INFO >> Starting freq-DM distance metric computation
Aug 31 10:17:19 INFO >> Finished freq-DM distance metric computation
Aug 31 10:17:19 INFO >> Largest group size for metric computation is 97
Aug 31 10:17:19 INFO >> Starting harmonic distance metric computation
Aug 31 10:17:20 INFO >> Finished harmonic distance metric computation
Aug 31 10:17:20 INFO >> Starting DBSCAN
Aug 31 10:17:20 INFO >> Finished DBSCAN
Aug 31 10:17:20 INFO >> Clusters found: 76
Aug 31 10:17:20 INFO >> Filtered 32 clusters below or equal 2 DM.
Aug 31 10:17:20 INFO >> Total number of candidate clusters=1
Aug 31 10:17:20 INFO >> Candidate Processor of stack (315.95 49.23)
Aug 31 10:17:20 INFO >> Making SinglePointingCandidates from a list of 1 PowerSpectraDetectionClusters
Aug 31 10:17:22 INFO >> saved candidates to ./results//injections/315.95_49.23_cumulative_power_spectra_stack_20220627_11_tpa.yml_(549,)_candidates.npz
Aug 31 10:17:22 INFO >> Injected Pulsars:     1
Aug 31 10:17:22 INFO >> Injection Candidates: 1
Aug 31 10:17:22 INFO >> Recovered Injections: 1
Aug 31 10:17:22 INFO >> 1 candidates.
Aug 31 10:17:22 INFO >> Best candidate: F0: 140.507 DM: 14.88 Sigma: 9.79
Aug 31 10:17:23 INFO >> Unlinked shared memory for cumulative stack.
Aug 31 10:17:23 INFO >> Pipeline execution time: 2.05 minutes
