Aug 31 10:13:14 INFO >> {"message": "Waiting for suitable server to become available", "selector": "Primary()", "operation": "find", "topologyDescription": "<TopologyDescription id: 66d2ecbaf1f6273ff0b234fb, topology_type: Unknown, servers: [<ServerDescription ('localhost', 27017) server_type: Unknown, rtt: None>]>", "clientId": {"$oid": "66d2ecbaf1f6273ff0b234fb"}, "remainingTimeMS": 29}
Aug 31 10:13:14 INFO >> Features initialized as the following:
Aug 31 10:13:14 INFO >> num_unique_dms
Aug 31 10:13:14 INFO >> num_unique_freqs
Aug 31 10:13:14 INFO >> ndetections
Aug 31 10:13:14 INFO >> nharm
Aug 31 10:13:14 INFO >> log_p_dm
Aug 31 10:13:14 INFO >> ['dm_sigma_FitGaussWidth_gauss_sigma', 'dm_sigma_FitGaussWidth_gauss_sigma_rel_err', 'dm_sigma_FitGaussWidth_ndof', 'dm_sigma_FitGaussWidth_rms_err']
Aug 31 10:13:14 INFO >> ['dm_sigma_FitGauss_amplitude', 'dm_sigma_FitGauss_mu', 'dm_sigma_FitGauss_gauss_sigma', 'dm_sigma_FitGauss_amplitude_rel_err', 'dm_sigma_FitGauss_mu_rel_err', 'dm_sigma_FitGauss_gauss_sigma_rel_err', 'dm_sigma_FitGauss_amplitude-detection', 'dm_sigma_FitGauss_mu-detection', 'dm_sigma_FitGauss_ndof', 'dm_sigma_FitGauss_rms_err']
Aug 31 10:13:14 INFO >> ['freq_sigma_FitGaussWidth_gauss_sigma', 'freq_sigma_FitGaussWidth_gauss_sigma_rel_err', 'freq_sigma_FitGaussWidth_ndof', 'freq_sigma_FitGaussWidth_rms_err']
Aug 31 10:13:14 INFO >> ['freq_sigma_FitGauss_amplitude', 'freq_sigma_FitGauss_mu', 'freq_sigma_FitGauss_gauss_sigma', 'freq_sigma_FitGauss_amplitude_rel_err', 'freq_sigma_FitGauss_mu_rel_err', 'freq_sigma_FitGauss_gauss_sigma_rel_err', 'freq_sigma_FitGauss_amplitude-detection', 'freq_sigma_FitGauss_mu-detection', 'freq_sigma_FitGauss_ndof', 'freq_sigma_FitGauss_rms_err']
Aug 31 10:13:14 INFO >> Performing searching on cumulative stack 315.95 49.23
Aug 31 10:13:14 INFO >> Loading the cumulative power spectra stack to search
Aug 31 10:14:12 INFO >> DM: 14.606191457779765
Aug 31 10:14:12 INFO >> sigma: 14.525490383471084
Aug 31 10:14:12 INFO >> frequency: 16.440838878388345
Aug 31 10:14:12 INFO >> Injecting 30 harmonics.
Aug 31 10:14:12 INFO >> Starting DM: 8.298230514785164
Aug 31 10:14:12 INFO >> Stopping DM: 20.84677422007005
Aug 31 10:14:12 INFO >> Expected detection at 13.72 sigma with 4 harmonics.
Aug 31 10:14:26 INFO >> Start searching 6558 dm trials using 32 harmonics.
Aug 31 10:14:32 INFO >> Moved power spectra to shared memory.
Aug 31 10:14:32 INFO >> Number of dm trials in single multi processing job: 10
Aug 31 10:15:12 INFO >> Total number of detections=16061
Aug 31 10:15:12 INFO >> Clustering the detections
Aug 31 10:15:12 INFO >> Starting clustering
Aug 31 10:15:12 INFO >> Rogue harmonic power filter reduced detections from 16061 to 8935
Aug 31 10:15:12 INFO >> Filtering out duplicate freq,dm detections at multiple nharms removes 968 detections
Aug 31 10:15:12 INFO >> Duplicate freq,dm filter reduced detections to 7967
Aug 31 10:15:12 INFO >> Number of detections over threshold sigma (6.0): 7967
Aug 31 10:15:13 INFO >> Grouping duplicate frequencies together first
Aug 31 10:15:13 INFO >> Grouping duplicate frequencies removed 7416 detections from the harmonic metric computation
Aug 31 10:15:13 INFO >> Starting freq-DM distance metric computation
Aug 31 10:15:13 INFO >> Finished freq-DM distance metric computation
Aug 31 10:15:13 INFO >> Largest group size for metric computation is 97
Aug 31 10:15:13 INFO >> Starting harmonic distance metric computation
Aug 31 10:15:14 INFO >> Finished harmonic distance metric computation
Aug 31 10:15:14 INFO >> Starting DBSCAN
Aug 31 10:15:14 INFO >> Finished DBSCAN
Aug 31 10:15:14 INFO >> Clusters found: 79
Aug 31 10:15:14 INFO >> Filtered 32 clusters below or equal 2 DM.
Aug 31 10:15:14 INFO >> Total number of candidate clusters=4
Aug 31 10:15:14 INFO >> Candidate Processor of stack (315.95 49.23)
Aug 31 10:15:14 INFO >> Making SinglePointingCandidates from a list of 4 PowerSpectraDetectionClusters
Aug 31 10:15:17 INFO >> saved candidates to ./results//injections/315.95_49.23_cumulative_power_spectra_stack_20220627_11_tpa.yml_(548,)_candidates.npz
Aug 31 10:15:17 INFO >> Injected Pulsars:     1
Aug 31 10:15:17 INFO >> Injection Candidates: 4
Aug 31 10:15:17 INFO >> Recovered Injections: 1
Aug 31 10:15:17 INFO >> 4 candidates.
Aug 31 10:15:17 INFO >> Best candidate: F0: 16.441 DM: 14.57 Sigma: 13.22
Aug 31 10:15:18 INFO >> Unlinked shared memory for cumulative stack.
Aug 31 10:15:18 INFO >> Pipeline execution time: 2.07 minutes
