Aug 31 16:18:59 INFO >> {"message": "Waiting for suitable server to become available", "selector": "Primary()", "operation": "find", "topologyDescription": "<TopologyDescription id: 66d34273615241c88d3e9108, topology_type: Unknown, servers: [<ServerDescription ('localhost', 27017) server_type: Unknown, rtt: None>]>", "clientId": {"$oid": "66d34273615241c88d3e9108"}, "remainingTimeMS": 29}
Aug 31 16:18:59 INFO >> Features initialized as the following:
Aug 31 16:18:59 INFO >> num_unique_dms
Aug 31 16:18:59 INFO >> num_unique_freqs
Aug 31 16:18:59 INFO >> ndetections
Aug 31 16:18:59 INFO >> nharm
Aug 31 16:18:59 INFO >> log_p_dm
Aug 31 16:18:59 INFO >> ['dm_sigma_FitGaussWidth_gauss_sigma', 'dm_sigma_FitGaussWidth_gauss_sigma_rel_err', 'dm_sigma_FitGaussWidth_ndof', 'dm_sigma_FitGaussWidth_rms_err']
Aug 31 16:18:59 INFO >> ['dm_sigma_FitGauss_amplitude', 'dm_sigma_FitGauss_mu', 'dm_sigma_FitGauss_gauss_sigma', 'dm_sigma_FitGauss_amplitude_rel_err', 'dm_sigma_FitGauss_mu_rel_err', 'dm_sigma_FitGauss_gauss_sigma_rel_err', 'dm_sigma_FitGauss_amplitude-detection', 'dm_sigma_FitGauss_mu-detection', 'dm_sigma_FitGauss_ndof', 'dm_sigma_FitGauss_rms_err']
Aug 31 16:18:59 INFO >> ['freq_sigma_FitGaussWidth_gauss_sigma', 'freq_sigma_FitGaussWidth_gauss_sigma_rel_err', 'freq_sigma_FitGaussWidth_ndof', 'freq_sigma_FitGaussWidth_rms_err']
Aug 31 16:18:59 INFO >> ['freq_sigma_FitGauss_amplitude', 'freq_sigma_FitGauss_mu', 'freq_sigma_FitGauss_gauss_sigma', 'freq_sigma_FitGauss_amplitude_rel_err', 'freq_sigma_FitGauss_mu_rel_err', 'freq_sigma_FitGauss_gauss_sigma_rel_err', 'freq_sigma_FitGauss_amplitude-detection', 'freq_sigma_FitGauss_mu-detection', 'freq_sigma_FitGauss_ndof', 'freq_sigma_FitGauss_rms_err']
Aug 31 16:18:59 INFO >> Performing searching on cumulative stack 315.95 49.23
Aug 31 16:18:59 INFO >> Loading the cumulative power spectra stack to search
Aug 31 16:19:57 INFO >> DM: 156.90939293185036
Aug 31 16:19:57 INFO >> sigma: 12.38647815382479
Aug 31 16:19:57 INFO >> frequency: 69.02895797899582
Aug 31 16:19:57 INFO >> Injecting 7 harmonics.
Aug 31 16:19:57 INFO >> Starting DM: 155.44002525256116
Aug 31 16:19:57 INFO >> Stopping DM: 158.37476531266807
Aug 31 16:19:57 INFO >> Expected detection at 7.51 sigma with 4 harmonics.
Aug 31 16:20:11 INFO >> Start searching 6558 dm trials using 32 harmonics.
Aug 31 16:20:17 INFO >> Moved power spectra to shared memory.
Aug 31 16:20:17 INFO >> Number of dm trials in single multi processing job: 10
Aug 31 16:20:57 INFO >> Total number of detections=15585
Aug 31 16:20:57 INFO >> Clustering the detections
Aug 31 16:20:57 INFO >> Starting clustering
Aug 31 16:20:58 INFO >> Rogue harmonic power filter reduced detections from 15585 to 8527
Aug 31 16:20:58 INFO >> Filtering out duplicate freq,dm detections at multiple nharms removes 789 detections
Aug 31 16:20:58 INFO >> Duplicate freq,dm filter reduced detections to 7738
Aug 31 16:20:58 INFO >> Number of detections over threshold sigma (6.0): 7738
Aug 31 16:20:58 INFO >> Grouping duplicate frequencies together first
Aug 31 16:20:58 INFO >> Grouping duplicate frequencies removed 7216 detections from the harmonic metric computation
Aug 31 16:20:58 INFO >> Starting freq-DM distance metric computation
Aug 31 16:20:58 INFO >> Finished freq-DM distance metric computation
Aug 31 16:20:58 INFO >> Largest group size for metric computation is 97
Aug 31 16:20:58 INFO >> Starting harmonic distance metric computation
Aug 31 16:20:59 INFO >> Finished harmonic distance metric computation
Aug 31 16:20:59 INFO >> Starting DBSCAN
Aug 31 16:20:59 INFO >> Finished DBSCAN
Aug 31 16:20:59 INFO >> Clusters found: 76
Aug 31 16:20:59 INFO >> Filtered 32 clusters below or equal 2 DM.
Aug 31 16:20:59 INFO >> Total number of candidate clusters=1
Aug 31 16:20:59 INFO >> Candidate Processor of stack (315.95 49.23)
Aug 31 16:20:59 INFO >> Making SinglePointingCandidates from a list of 1 PowerSpectraDetectionClusters
Aug 31 16:21:01 INFO >> saved candidates to ./results//injections/315.95_49.23_cumulative_power_spectra_stack_20220627_11_tpa.yml_(723,)_candidates.npz
Aug 31 16:21:01 INFO >> Injected Pulsars:     1
Aug 31 16:21:01 INFO >> Injection Candidates: 1
Aug 31 16:21:01 INFO >> Recovered Injections: 1
Aug 31 16:21:01 INFO >> 1 candidates.
Aug 31 16:21:01 INFO >> Best candidate: F0: 69.029 DM: 156.96 Sigma: 7.56
Aug 31 16:21:03 INFO >> Unlinked shared memory for cumulative stack.
Aug 31 16:21:03 INFO >> Pipeline execution time: 2.06 minutes
