Aug 31 03:02:39 INFO >> {"message": "Waiting for suitable server to become available", "selector": "Primary()", "operation": "find", "topologyDescription": "<TopologyDescription id: 66d287cf64bbdba67c167158, topology_type: Unknown, servers: [<ServerDescription ('localhost', 27017) server_type: Unknown, rtt: None>]>", "clientId": {"$oid": "66d287cf64bbdba67c167158"}, "remainingTimeMS": 29}
Aug 31 03:02:39 INFO >> Features initialized as the following:
Aug 31 03:02:39 INFO >> num_unique_dms
Aug 31 03:02:39 INFO >> num_unique_freqs
Aug 31 03:02:39 INFO >> ndetections
Aug 31 03:02:39 INFO >> nharm
Aug 31 03:02:39 INFO >> log_p_dm
Aug 31 03:02:39 INFO >> ['dm_sigma_FitGaussWidth_gauss_sigma', 'dm_sigma_FitGaussWidth_gauss_sigma_rel_err', 'dm_sigma_FitGaussWidth_ndof', 'dm_sigma_FitGaussWidth_rms_err']
Aug 31 03:02:39 INFO >> ['dm_sigma_FitGauss_amplitude', 'dm_sigma_FitGauss_mu', 'dm_sigma_FitGauss_gauss_sigma', 'dm_sigma_FitGauss_amplitude_rel_err', 'dm_sigma_FitGauss_mu_rel_err', 'dm_sigma_FitGauss_gauss_sigma_rel_err', 'dm_sigma_FitGauss_amplitude-detection', 'dm_sigma_FitGauss_mu-detection', 'dm_sigma_FitGauss_ndof', 'dm_sigma_FitGauss_rms_err']
Aug 31 03:02:39 INFO >> ['freq_sigma_FitGaussWidth_gauss_sigma', 'freq_sigma_FitGaussWidth_gauss_sigma_rel_err', 'freq_sigma_FitGaussWidth_ndof', 'freq_sigma_FitGaussWidth_rms_err']
Aug 31 03:02:39 INFO >> ['freq_sigma_FitGauss_amplitude', 'freq_sigma_FitGauss_mu', 'freq_sigma_FitGauss_gauss_sigma', 'freq_sigma_FitGauss_amplitude_rel_err', 'freq_sigma_FitGauss_mu_rel_err', 'freq_sigma_FitGauss_gauss_sigma_rel_err', 'freq_sigma_FitGauss_amplitude-detection', 'freq_sigma_FitGauss_mu-detection', 'freq_sigma_FitGauss_ndof', 'freq_sigma_FitGauss_rms_err']
Aug 31 03:02:39 INFO >> Performing searching on cumulative stack 315.95 49.23
Aug 31 03:02:39 INFO >> Loading the cumulative power spectra stack to search
Aug 31 03:03:35 INFO >> DM: 34.95390905656144
Aug 31 03:03:35 INFO >> sigma: 14.71433328778128
Aug 31 03:03:35 INFO >> frequency: 157.31858315033142
Aug 31 03:03:35 INFO >> Injecting 3 harmonics.
Aug 31 03:03:35 INFO >> Starting DM: 34.30609932331915
Aug 31 03:03:35 INFO >> Stopping DM: 35.62167245371192
Aug 31 03:03:35 INFO >> Expected detection at 9.28 sigma with 2 harmonics.
Aug 31 03:03:49 INFO >> Start searching 6558 dm trials using 32 harmonics.
Aug 31 03:03:55 INFO >> Moved power spectra to shared memory.
Aug 31 03:03:55 INFO >> Number of dm trials in single multi processing job: 10
Aug 31 03:04:36 INFO >> Total number of detections=15588
Aug 31 03:04:36 INFO >> Clustering the detections
Aug 31 03:04:36 INFO >> Starting clustering
Aug 31 03:04:36 INFO >> Rogue harmonic power filter reduced detections from 15588 to 8530
Aug 31 03:04:36 INFO >> Filtering out duplicate freq,dm detections at multiple nharms removes 791 detections
Aug 31 03:04:36 INFO >> Duplicate freq,dm filter reduced detections to 7739
Aug 31 03:04:36 INFO >> Number of detections over threshold sigma (6.0): 7739
Aug 31 03:04:36 INFO >> Grouping duplicate frequencies together first
Aug 31 03:04:36 INFO >> Grouping duplicate frequencies removed 7217 detections from the harmonic metric computation
Aug 31 03:04:36 INFO >> Starting freq-DM distance metric computation
Aug 31 03:04:36 INFO >> Finished freq-DM distance metric computation
Aug 31 03:04:37 INFO >> Largest group size for metric computation is 97
Aug 31 03:04:37 INFO >> Starting harmonic distance metric computation
Aug 31 03:04:37 INFO >> Finished harmonic distance metric computation
Aug 31 03:04:37 INFO >> Starting DBSCAN
Aug 31 03:04:38 INFO >> Finished DBSCAN
Aug 31 03:04:38 INFO >> Clusters found: 76
Aug 31 03:04:38 INFO >> Filtered 32 clusters below or equal 2 DM.
Aug 31 03:04:38 INFO >> Total number of candidate clusters=1
Aug 31 03:04:38 INFO >> Candidate Processor of stack (315.95 49.23)
Aug 31 03:04:38 INFO >> Making SinglePointingCandidates from a list of 1 PowerSpectraDetectionClusters
Aug 31 03:04:40 INFO >> saved candidates to ./results//injections/315.95_49.23_cumulative_power_spectra_stack_20220627_11_tpa.yml_(342,)_candidates.npz
Aug 31 03:04:40 INFO >> Injected Pulsars:     1
Aug 31 03:04:40 INFO >> Injection Candidates: 1
Aug 31 03:04:40 INFO >> Recovered Injections: 1
Aug 31 03:04:40 INFO >> 1 candidates.
Aug 31 03:04:40 INFO >> Best candidate: F0: 157.319 DM: 35.01 Sigma: 8.83
Aug 31 03:04:41 INFO >> Unlinked shared memory for cumulative stack.
Aug 31 03:04:41 INFO >> Pipeline execution time: 2.04 minutes
