Aug 31 15:16:18 INFO >> {"message": "Waiting for suitable server to become available", "selector": "Primary()", "operation": "find", "topologyDescription": "<TopologyDescription id: 66d333c25c12ec9f32ac9caa, topology_type: Unknown, servers: [<ServerDescription ('localhost', 27017) server_type: Unknown, rtt: None>]>", "clientId": {"$oid": "66d333c25c12ec9f32ac9caa"}, "remainingTimeMS": 29}
Aug 31 15:16:18 INFO >> Features initialized as the following:
Aug 31 15:16:18 INFO >> num_unique_dms
Aug 31 15:16:18 INFO >> num_unique_freqs
Aug 31 15:16:18 INFO >> ndetections
Aug 31 15:16:18 INFO >> nharm
Aug 31 15:16:18 INFO >> log_p_dm
Aug 31 15:16:18 INFO >> ['dm_sigma_FitGaussWidth_gauss_sigma', 'dm_sigma_FitGaussWidth_gauss_sigma_rel_err', 'dm_sigma_FitGaussWidth_ndof', 'dm_sigma_FitGaussWidth_rms_err']
Aug 31 15:16:18 INFO >> ['dm_sigma_FitGauss_amplitude', 'dm_sigma_FitGauss_mu', 'dm_sigma_FitGauss_gauss_sigma', 'dm_sigma_FitGauss_amplitude_rel_err', 'dm_sigma_FitGauss_mu_rel_err', 'dm_sigma_FitGauss_gauss_sigma_rel_err', 'dm_sigma_FitGauss_amplitude-detection', 'dm_sigma_FitGauss_mu-detection', 'dm_sigma_FitGauss_ndof', 'dm_sigma_FitGauss_rms_err']
Aug 31 15:16:18 INFO >> ['freq_sigma_FitGaussWidth_gauss_sigma', 'freq_sigma_FitGaussWidth_gauss_sigma_rel_err', 'freq_sigma_FitGaussWidth_ndof', 'freq_sigma_FitGaussWidth_rms_err']
Aug 31 15:16:18 INFO >> ['freq_sigma_FitGauss_amplitude', 'freq_sigma_FitGauss_mu', 'freq_sigma_FitGauss_gauss_sigma', 'freq_sigma_FitGauss_amplitude_rel_err', 'freq_sigma_FitGauss_mu_rel_err', 'freq_sigma_FitGauss_gauss_sigma_rel_err', 'freq_sigma_FitGauss_amplitude-detection', 'freq_sigma_FitGauss_mu-detection', 'freq_sigma_FitGauss_ndof', 'freq_sigma_FitGauss_rms_err']
Aug 31 15:16:18 INFO >> Performing searching on cumulative stack 315.95 49.23
Aug 31 15:16:18 INFO >> Loading the cumulative power spectra stack to search
Aug 31 15:17:16 INFO >> DM: 19.4905114923282
Aug 31 15:17:16 INFO >> sigma: 12.29622173544579
Aug 31 15:17:16 INFO >> frequency: 17.49943704439019
Aug 31 15:17:16 INFO >> Injecting 29 harmonics.
Aug 31 15:17:16 INFO >> Starting DM: 13.560523036356244
Aug 31 15:17:16 INFO >> Stopping DM: 25.400681209891175
Aug 31 15:17:16 INFO >> Expected detection at 12.41 sigma with 16 harmonics.
Aug 31 15:17:30 INFO >> Start searching 6558 dm trials using 32 harmonics.
Aug 31 15:17:36 INFO >> Moved power spectra to shared memory.
Aug 31 15:17:36 INFO >> Number of dm trials in single multi processing job: 10
Aug 31 15:18:16 INFO >> Total number of detections=15646
Aug 31 15:18:16 INFO >> Clustering the detections
Aug 31 15:18:16 INFO >> Starting clustering
Aug 31 15:18:16 INFO >> Rogue harmonic power filter reduced detections from 15646 to 8588
Aug 31 15:18:16 INFO >> Filtering out duplicate freq,dm detections at multiple nharms removes 810 detections
Aug 31 15:18:16 INFO >> Duplicate freq,dm filter reduced detections to 7778
Aug 31 15:18:16 INFO >> Number of detections over threshold sigma (6.0): 7778
Aug 31 15:18:16 INFO >> Grouping duplicate frequencies together first
Aug 31 15:18:16 INFO >> Grouping duplicate frequencies removed 7248 detections from the harmonic metric computation
Aug 31 15:18:16 INFO >> Starting freq-DM distance metric computation
Aug 31 15:18:17 INFO >> Finished freq-DM distance metric computation
Aug 31 15:18:17 INFO >> Largest group size for metric computation is 97
Aug 31 15:18:17 INFO >> Starting harmonic distance metric computation
Aug 31 15:18:18 INFO >> Finished harmonic distance metric computation
Aug 31 15:18:18 INFO >> Starting DBSCAN
Aug 31 15:18:18 INFO >> Finished DBSCAN
Aug 31 15:18:18 INFO >> Clusters found: 76
Aug 31 15:18:18 INFO >> Filtered 32 clusters below or equal 2 DM.
Aug 31 15:18:18 INFO >> Total number of candidate clusters=1
Aug 31 15:18:18 INFO >> Candidate Processor of stack (315.95 49.23)
Aug 31 15:18:18 INFO >> Making SinglePointingCandidates from a list of 1 PowerSpectraDetectionClusters
Aug 31 15:18:20 INFO >> saved candidates to ./results//injections/315.95_49.23_cumulative_power_spectra_stack_20220627_11_tpa.yml_(693,)_candidates.npz
Aug 31 15:18:20 INFO >> Injected Pulsars:     1
Aug 31 15:18:20 INFO >> Injection Candidates: 1
Aug 31 15:18:20 INFO >> Recovered Injections: 1
Aug 31 15:18:20 INFO >> 1 candidates.
Aug 31 15:18:20 INFO >> Best candidate: F0: 17.499 DM: 19.53 Sigma: 12.17
Aug 31 15:18:21 INFO >> Unlinked shared memory for cumulative stack.
Aug 31 15:18:21 INFO >> Pipeline execution time: 2.06 minutes
