Aug 31 16:48:15 INFO >> {"message": "Waiting for suitable server to become available", "selector": "Primary()", "operation": "find", "topologyDescription": "<TopologyDescription id: 66d3494f1ee6fa6de49616d1, topology_type: Unknown, servers: [<ServerDescription ('localhost', 27017) server_type: Unknown, rtt: None>]>", "clientId": {"$oid": "66d3494f1ee6fa6de49616d1"}, "remainingTimeMS": 29}
Aug 31 16:48:15 INFO >> Features initialized as the following:
Aug 31 16:48:15 INFO >> num_unique_dms
Aug 31 16:48:15 INFO >> num_unique_freqs
Aug 31 16:48:15 INFO >> ndetections
Aug 31 16:48:15 INFO >> nharm
Aug 31 16:48:15 INFO >> log_p_dm
Aug 31 16:48:15 INFO >> ['dm_sigma_FitGaussWidth_gauss_sigma', 'dm_sigma_FitGaussWidth_gauss_sigma_rel_err', 'dm_sigma_FitGaussWidth_ndof', 'dm_sigma_FitGaussWidth_rms_err']
Aug 31 16:48:15 INFO >> ['dm_sigma_FitGauss_amplitude', 'dm_sigma_FitGauss_mu', 'dm_sigma_FitGauss_gauss_sigma', 'dm_sigma_FitGauss_amplitude_rel_err', 'dm_sigma_FitGauss_mu_rel_err', 'dm_sigma_FitGauss_gauss_sigma_rel_err', 'dm_sigma_FitGauss_amplitude-detection', 'dm_sigma_FitGauss_mu-detection', 'dm_sigma_FitGauss_ndof', 'dm_sigma_FitGauss_rms_err']
Aug 31 16:48:15 INFO >> ['freq_sigma_FitGaussWidth_gauss_sigma', 'freq_sigma_FitGaussWidth_gauss_sigma_rel_err', 'freq_sigma_FitGaussWidth_ndof', 'freq_sigma_FitGaussWidth_rms_err']
Aug 31 16:48:15 INFO >> ['freq_sigma_FitGauss_amplitude', 'freq_sigma_FitGauss_mu', 'freq_sigma_FitGauss_gauss_sigma', 'freq_sigma_FitGauss_amplitude_rel_err', 'freq_sigma_FitGauss_mu_rel_err', 'freq_sigma_FitGauss_gauss_sigma_rel_err', 'freq_sigma_FitGauss_amplitude-detection', 'freq_sigma_FitGauss_mu-detection', 'freq_sigma_FitGauss_ndof', 'freq_sigma_FitGauss_rms_err']
Aug 31 16:48:15 INFO >> Performing searching on cumulative stack 315.95 49.23
Aug 31 16:48:15 INFO >> Loading the cumulative power spectra stack to search
Aug 31 16:49:12 INFO >> DM: 164.54656245102547
Aug 31 16:49:12 INFO >> sigma: 15.823591696309549
Aug 31 16:49:12 INFO >> frequency: 130.4351609535213
Aug 31 16:49:12 INFO >> Injecting 3 harmonics.
Aug 31 16:49:12 INFO >> Starting DM: 163.7382557673463
Aug 31 16:49:12 INFO >> Stopping DM: 165.35742269706046
Aug 31 16:49:12 INFO >> Expected detection at 7.31 sigma with 2 harmonics.
Aug 31 16:49:26 INFO >> Start searching 6558 dm trials using 32 harmonics.
Aug 31 16:49:32 INFO >> Moved power spectra to shared memory.
Aug 31 16:49:32 INFO >> Number of dm trials in single multi processing job: 10
Aug 31 16:50:12 INFO >> Total number of detections=15580
Aug 31 16:50:12 INFO >> Clustering the detections
Aug 31 16:50:12 INFO >> Starting clustering
Aug 31 16:50:12 INFO >> Rogue harmonic power filter reduced detections from 15580 to 8522
Aug 31 16:50:12 INFO >> Filtering out duplicate freq,dm detections at multiple nharms removes 787 detections
Aug 31 16:50:12 INFO >> Duplicate freq,dm filter reduced detections to 7735
Aug 31 16:50:12 INFO >> Number of detections over threshold sigma (6.0): 7735
Aug 31 16:50:12 INFO >> Grouping duplicate frequencies together first
Aug 31 16:50:12 INFO >> Grouping duplicate frequencies removed 7214 detections from the harmonic metric computation
Aug 31 16:50:12 INFO >> Starting freq-DM distance metric computation
Aug 31 16:50:13 INFO >> Finished freq-DM distance metric computation
Aug 31 16:50:13 INFO >> Largest group size for metric computation is 97
Aug 31 16:50:13 INFO >> Starting harmonic distance metric computation
Aug 31 16:50:14 INFO >> Finished harmonic distance metric computation
Aug 31 16:50:14 INFO >> Starting DBSCAN
Aug 31 16:50:14 INFO >> Finished DBSCAN
Aug 31 16:50:14 INFO >> Clusters found: 75
Aug 31 16:50:14 INFO >> Filtered 32 clusters below or equal 2 DM.
Aug 31 16:50:14 INFO >> Total number of candidate clusters=0
Aug 31 16:50:14 INFO >> Candidate Processor of stack (315.95 49.23)
Aug 31 16:50:14 INFO >> Making SinglePointingCandidates from a list of 0 PowerSpectraDetectionClusters
Aug 31 16:50:16 INFO >> saved candidates to ./results//injections/315.95_49.23_cumulative_power_spectra_stack_20220627_11_tpa.yml_(737,)_candidates.npz
Aug 31 16:50:16 INFO >> Injected Pulsars:     1
Aug 31 16:50:16 INFO >> Injection Candidates: 0
Aug 31 16:50:16 INFO >> Recovered Injections: 0
Aug 31 16:50:16 INFO >> 0 candidates.
Aug 31 16:50:17 INFO >> Unlinked shared memory for cumulative stack.
Aug 31 16:50:17 INFO >> Pipeline execution time: 2.05 minutes
