Aug 31 10:19:32 INFO >> {"message": "Waiting for suitable server to become available", "selector": "Primary()", "operation": "find", "topologyDescription": "<TopologyDescription id: 66d2ee348b53cf21cc643aa0, topology_type: Unknown, servers: [<ServerDescription ('localhost', 27017) server_type: Unknown, rtt: None>]>", "clientId": {"$oid": "66d2ee348b53cf21cc643aa0"}, "remainingTimeMS": 29}
Aug 31 10:19:32 INFO >> Features initialized as the following:
Aug 31 10:19:32 INFO >> num_unique_dms
Aug 31 10:19:32 INFO >> num_unique_freqs
Aug 31 10:19:32 INFO >> ndetections
Aug 31 10:19:32 INFO >> nharm
Aug 31 10:19:32 INFO >> log_p_dm
Aug 31 10:19:32 INFO >> ['dm_sigma_FitGaussWidth_gauss_sigma', 'dm_sigma_FitGaussWidth_gauss_sigma_rel_err', 'dm_sigma_FitGaussWidth_ndof', 'dm_sigma_FitGaussWidth_rms_err']
Aug 31 10:19:32 INFO >> ['dm_sigma_FitGauss_amplitude', 'dm_sigma_FitGauss_mu', 'dm_sigma_FitGauss_gauss_sigma', 'dm_sigma_FitGauss_amplitude_rel_err', 'dm_sigma_FitGauss_mu_rel_err', 'dm_sigma_FitGauss_gauss_sigma_rel_err', 'dm_sigma_FitGauss_amplitude-detection', 'dm_sigma_FitGauss_mu-detection', 'dm_sigma_FitGauss_ndof', 'dm_sigma_FitGauss_rms_err']
Aug 31 10:19:32 INFO >> ['freq_sigma_FitGaussWidth_gauss_sigma', 'freq_sigma_FitGaussWidth_gauss_sigma_rel_err', 'freq_sigma_FitGaussWidth_ndof', 'freq_sigma_FitGaussWidth_rms_err']
Aug 31 10:19:32 INFO >> ['freq_sigma_FitGauss_amplitude', 'freq_sigma_FitGauss_mu', 'freq_sigma_FitGauss_gauss_sigma', 'freq_sigma_FitGauss_amplitude_rel_err', 'freq_sigma_FitGauss_mu_rel_err', 'freq_sigma_FitGauss_gauss_sigma_rel_err', 'freq_sigma_FitGauss_amplitude-detection', 'freq_sigma_FitGauss_mu-detection', 'freq_sigma_FitGauss_ndof', 'freq_sigma_FitGauss_rms_err']
Aug 31 10:19:32 INFO >> Performing searching on cumulative stack 315.95 49.23
Aug 31 10:19:32 INFO >> Loading the cumulative power spectra stack to search
Aug 31 10:20:29 INFO >> DM: 189.42308815401475
Aug 31 10:20:29 INFO >> sigma: 16.976598065052727
Aug 31 10:20:29 INFO >> frequency: 183.17891366717436
Aug 31 10:20:29 INFO >> Injecting 2 harmonics.
Aug 31 10:20:29 INFO >> Starting DM: 188.83534317791606
Aug 31 10:20:29 INFO >> Stopping DM: 189.94852044209458
Aug 31 10:20:29 INFO >> Expected detection at 8.96 sigma with 2 harmonics.
Aug 31 10:20:43 INFO >> Start searching 6558 dm trials using 32 harmonics.
Aug 31 10:20:49 INFO >> Moved power spectra to shared memory.
Aug 31 10:20:49 INFO >> Number of dm trials in single multi processing job: 10
Aug 31 10:21:30 INFO >> Total number of detections=15592
Aug 31 10:21:30 INFO >> Clustering the detections
Aug 31 10:21:30 INFO >> Starting clustering
Aug 31 10:21:30 INFO >> Rogue harmonic power filter reduced detections from 15592 to 8529
Aug 31 10:21:30 INFO >> Filtering out duplicate freq,dm detections at multiple nharms removes 788 detections
Aug 31 10:21:30 INFO >> Duplicate freq,dm filter reduced detections to 7741
Aug 31 10:21:30 INFO >> Number of detections over threshold sigma (6.0): 7741
Aug 31 10:21:30 INFO >> Grouping duplicate frequencies together first
Aug 31 10:21:30 INFO >> Grouping duplicate frequencies removed 7215 detections from the harmonic metric computation
Aug 31 10:21:30 INFO >> Starting freq-DM distance metric computation
Aug 31 10:21:30 INFO >> Finished freq-DM distance metric computation
Aug 31 10:21:30 INFO >> Largest group size for metric computation is 97
Aug 31 10:21:30 INFO >> Starting harmonic distance metric computation
Aug 31 10:21:31 INFO >> Finished harmonic distance metric computation
Aug 31 10:21:31 INFO >> Starting DBSCAN
Aug 31 10:21:31 INFO >> Finished DBSCAN
Aug 31 10:21:31 INFO >> Clusters found: 76
Aug 31 10:21:31 INFO >> Filtered 32 clusters below or equal 2 DM.
Aug 31 10:21:31 INFO >> Total number of candidate clusters=1
Aug 31 10:21:31 INFO >> Candidate Processor of stack (315.95 49.23)
Aug 31 10:21:31 INFO >> Making SinglePointingCandidates from a list of 1 PowerSpectraDetectionClusters
Aug 31 10:21:34 INFO >> saved candidates to ./results//injections/315.95_49.23_cumulative_power_spectra_stack_20220627_11_tpa.yml_(551,)_candidates.npz
Aug 31 10:21:34 INFO >> Injected Pulsars:     1
Aug 31 10:21:34 INFO >> Injection Candidates: 1
Aug 31 10:21:34 INFO >> Recovered Injections: 1
Aug 31 10:21:34 INFO >> 1 candidates.
Aug 31 10:21:34 INFO >> Best candidate: F0: 183.179 DM: 189.44 Sigma: 9.03
Aug 31 10:21:35 INFO >> Unlinked shared memory for cumulative stack.
Aug 31 10:21:35 INFO >> Pipeline execution time: 2.06 minutes
