Aug 31 03:42:23 INFO >> {"message": "Waiting for suitable server to become available", "selector": "Primary()", "operation": "find", "topologyDescription": "<TopologyDescription id: 66d2911fdc47c6ad184adfa2, topology_type: Unknown, servers: [<ServerDescription ('localhost', 27017) server_type: Unknown, rtt: None>]>", "clientId": {"$oid": "66d2911fdc47c6ad184adfa2"}, "remainingTimeMS": 29}
Aug 31 03:42:23 INFO >> Features initialized as the following:
Aug 31 03:42:23 INFO >> num_unique_dms
Aug 31 03:42:23 INFO >> num_unique_freqs
Aug 31 03:42:23 INFO >> ndetections
Aug 31 03:42:23 INFO >> nharm
Aug 31 03:42:23 INFO >> log_p_dm
Aug 31 03:42:23 INFO >> ['dm_sigma_FitGaussWidth_gauss_sigma', 'dm_sigma_FitGaussWidth_gauss_sigma_rel_err', 'dm_sigma_FitGaussWidth_ndof', 'dm_sigma_FitGaussWidth_rms_err']
Aug 31 03:42:23 INFO >> ['dm_sigma_FitGauss_amplitude', 'dm_sigma_FitGauss_mu', 'dm_sigma_FitGauss_gauss_sigma', 'dm_sigma_FitGauss_amplitude_rel_err', 'dm_sigma_FitGauss_mu_rel_err', 'dm_sigma_FitGauss_gauss_sigma_rel_err', 'dm_sigma_FitGauss_amplitude-detection', 'dm_sigma_FitGauss_mu-detection', 'dm_sigma_FitGauss_ndof', 'dm_sigma_FitGauss_rms_err']
Aug 31 03:42:23 INFO >> ['freq_sigma_FitGaussWidth_gauss_sigma', 'freq_sigma_FitGaussWidth_gauss_sigma_rel_err', 'freq_sigma_FitGaussWidth_ndof', 'freq_sigma_FitGaussWidth_rms_err']
Aug 31 03:42:23 INFO >> ['freq_sigma_FitGauss_amplitude', 'freq_sigma_FitGauss_mu', 'freq_sigma_FitGauss_gauss_sigma', 'freq_sigma_FitGauss_amplitude_rel_err', 'freq_sigma_FitGauss_mu_rel_err', 'freq_sigma_FitGauss_gauss_sigma_rel_err', 'freq_sigma_FitGauss_amplitude-detection', 'freq_sigma_FitGauss_mu-detection', 'freq_sigma_FitGauss_ndof', 'freq_sigma_FitGauss_rms_err']
Aug 31 03:42:23 INFO >> Performing searching on cumulative stack 315.95 49.23
Aug 31 03:42:23 INFO >> Loading the cumulative power spectra stack to search
Aug 31 03:43:21 INFO >> DM: 6.677698902250475
Aug 31 03:43:21 INFO >> sigma: 14.90340306258902
Aug 31 03:43:21 INFO >> frequency: 139.6402648379196
Aug 31 03:43:21 INFO >> Injecting 3 harmonics.
Aug 31 03:43:21 INFO >> Starting DM: 5.970678053321033
Aug 31 03:43:21 INFO >> Stopping DM: 7.38744911682094
Aug 31 03:43:21 INFO >> Expected detection at 7.78 sigma with 2 harmonics.
Aug 31 03:43:35 INFO >> Start searching 6558 dm trials using 32 harmonics.
Aug 31 03:43:41 INFO >> Moved power spectra to shared memory.
Aug 31 03:43:41 INFO >> Number of dm trials in single multi processing job: 10
Aug 31 03:44:23 INFO >> Total number of detections=15578
Aug 31 03:44:23 INFO >> Clustering the detections
Aug 31 03:44:23 INFO >> Starting clustering
Aug 31 03:44:23 INFO >> Rogue harmonic power filter reduced detections from 15578 to 8520
Aug 31 03:44:23 INFO >> Filtering out duplicate freq,dm detections at multiple nharms removes 787 detections
Aug 31 03:44:23 INFO >> Duplicate freq,dm filter reduced detections to 7733
Aug 31 03:44:23 INFO >> Number of detections over threshold sigma (6.0): 7733
Aug 31 03:44:23 INFO >> Grouping duplicate frequencies together first
Aug 31 03:44:23 INFO >> Grouping duplicate frequencies removed 7214 detections from the harmonic metric computation
Aug 31 03:44:23 INFO >> Starting freq-DM distance metric computation
Aug 31 03:44:24 INFO >> Finished freq-DM distance metric computation
Aug 31 03:44:24 INFO >> Largest group size for metric computation is 97
Aug 31 03:44:24 INFO >> Starting harmonic distance metric computation
Aug 31 03:44:25 INFO >> Finished harmonic distance metric computation
Aug 31 03:44:25 INFO >> Starting DBSCAN
Aug 31 03:44:25 INFO >> Finished DBSCAN
Aug 31 03:44:25 INFO >> Clusters found: 75
Aug 31 03:44:25 INFO >> Filtered 32 clusters below or equal 2 DM.
Aug 31 03:44:25 INFO >> Total number of candidate clusters=0
Aug 31 03:44:25 INFO >> Candidate Processor of stack (315.95 49.23)
Aug 31 03:44:25 INFO >> Making SinglePointingCandidates from a list of 0 PowerSpectraDetectionClusters
Aug 31 03:44:27 INFO >> saved candidates to ./results//injections/315.95_49.23_cumulative_power_spectra_stack_20220627_11_tpa.yml_(361,)_candidates.npz
Aug 31 03:44:27 INFO >> Injected Pulsars:     1
Aug 31 03:44:27 INFO >> Injection Candidates: 0
Aug 31 03:44:27 INFO >> Recovered Injections: 0
Aug 31 03:44:27 INFO >> 0 candidates.
Aug 31 03:44:28 INFO >> Unlinked shared memory for cumulative stack.
Aug 31 03:44:28 INFO >> Pipeline execution time: 2.09 minutes
