Aug 31 05:26:57 INFO >> {"message": "Waiting for suitable server to become available", "selector": "Primary()", "operation": "find", "topologyDescription": "<TopologyDescription id: 66d2a9a170506352943aa790, topology_type: Unknown, servers: [<ServerDescription ('localhost', 27017) server_type: Unknown, rtt: None>]>", "clientId": {"$oid": "66d2a9a170506352943aa790"}, "remainingTimeMS": 29}
Aug 31 05:26:58 INFO >> Features initialized as the following:
Aug 31 05:26:58 INFO >> num_unique_dms
Aug 31 05:26:58 INFO >> num_unique_freqs
Aug 31 05:26:58 INFO >> ndetections
Aug 31 05:26:58 INFO >> nharm
Aug 31 05:26:58 INFO >> log_p_dm
Aug 31 05:26:58 INFO >> ['dm_sigma_FitGaussWidth_gauss_sigma', 'dm_sigma_FitGaussWidth_gauss_sigma_rel_err', 'dm_sigma_FitGaussWidth_ndof', 'dm_sigma_FitGaussWidth_rms_err']
Aug 31 05:26:58 INFO >> ['dm_sigma_FitGauss_amplitude', 'dm_sigma_FitGauss_mu', 'dm_sigma_FitGauss_gauss_sigma', 'dm_sigma_FitGauss_amplitude_rel_err', 'dm_sigma_FitGauss_mu_rel_err', 'dm_sigma_FitGauss_gauss_sigma_rel_err', 'dm_sigma_FitGauss_amplitude-detection', 'dm_sigma_FitGauss_mu-detection', 'dm_sigma_FitGauss_ndof', 'dm_sigma_FitGauss_rms_err']
Aug 31 05:26:58 INFO >> ['freq_sigma_FitGaussWidth_gauss_sigma', 'freq_sigma_FitGaussWidth_gauss_sigma_rel_err', 'freq_sigma_FitGaussWidth_ndof', 'freq_sigma_FitGaussWidth_rms_err']
Aug 31 05:26:58 INFO >> ['freq_sigma_FitGauss_amplitude', 'freq_sigma_FitGauss_mu', 'freq_sigma_FitGauss_gauss_sigma', 'freq_sigma_FitGauss_amplitude_rel_err', 'freq_sigma_FitGauss_mu_rel_err', 'freq_sigma_FitGauss_gauss_sigma_rel_err', 'freq_sigma_FitGauss_amplitude-detection', 'freq_sigma_FitGauss_mu-detection', 'freq_sigma_FitGauss_ndof', 'freq_sigma_FitGauss_rms_err']
Aug 31 05:26:58 INFO >> Performing searching on cumulative stack 315.95 49.23
Aug 31 05:26:58 INFO >> Loading the cumulative power spectra stack to search
Aug 31 05:27:55 INFO >> DM: 165.30528679114283
Aug 31 05:27:55 INFO >> sigma: 14.337892841487017
Aug 31 05:27:55 INFO >> frequency: 15.97790289550314
Aug 31 05:27:55 INFO >> Injecting 31 harmonics.
Aug 31 05:27:55 INFO >> Starting DM: 158.88075497820375
Aug 31 05:27:55 INFO >> Stopping DM: 171.73289248281003
Aug 31 05:27:55 INFO >> Expected detection at 8.46 sigma with 16 harmonics.
Aug 31 05:28:09 INFO >> Start searching 6558 dm trials using 32 harmonics.
Aug 31 05:28:15 INFO >> Moved power spectra to shared memory.
Aug 31 05:28:15 INFO >> Number of dm trials in single multi processing job: 10
Aug 31 05:28:56 INFO >> Total number of detections=15588
Aug 31 05:28:56 INFO >> Clustering the detections
Aug 31 05:28:56 INFO >> Starting clustering
Aug 31 05:28:56 INFO >> Rogue harmonic power filter reduced detections from 15588 to 8530
Aug 31 05:28:56 INFO >> Filtering out duplicate freq,dm detections at multiple nharms removes 790 detections
Aug 31 05:28:56 INFO >> Duplicate freq,dm filter reduced detections to 7740
Aug 31 05:28:56 INFO >> Number of detections over threshold sigma (6.0): 7740
Aug 31 05:28:56 INFO >> Grouping duplicate frequencies together first
Aug 31 05:28:56 INFO >> Grouping duplicate frequencies removed 7217 detections from the harmonic metric computation
Aug 31 05:28:56 INFO >> Starting freq-DM distance metric computation
Aug 31 05:28:56 INFO >> Finished freq-DM distance metric computation
Aug 31 05:28:57 INFO >> Largest group size for metric computation is 97
Aug 31 05:28:57 INFO >> Starting harmonic distance metric computation
Aug 31 05:28:57 INFO >> Finished harmonic distance metric computation
Aug 31 05:28:57 INFO >> Starting DBSCAN
Aug 31 05:28:58 INFO >> Finished DBSCAN
Aug 31 05:28:58 INFO >> Clusters found: 76
Aug 31 05:28:58 INFO >> Filtered 32 clusters below or equal 2 DM.
Aug 31 05:28:58 INFO >> Total number of candidate clusters=1
Aug 31 05:28:58 INFO >> Candidate Processor of stack (315.95 49.23)
Aug 31 05:28:58 INFO >> Making SinglePointingCandidates from a list of 1 PowerSpectraDetectionClusters
Aug 31 05:29:00 INFO >> saved candidates to ./results//injections/315.95_49.23_cumulative_power_spectra_stack_20220627_11_tpa.yml_(411,)_candidates.npz
Aug 31 05:29:00 INFO >> Injected Pulsars:     1
Aug 31 05:29:00 INFO >> Injection Candidates: 1
Aug 31 05:29:00 INFO >> Recovered Injections: 1
Aug 31 05:29:00 INFO >> 1 candidates.
Aug 31 05:29:00 INFO >> Best candidate: F0: 15.978 DM: 165.26 Sigma: 8.80
Aug 31 05:29:01 INFO >> Unlinked shared memory for cumulative stack.
Aug 31 05:29:01 INFO >> Pipeline execution time: 2.06 minutes
