Aug 31 07:51:11 INFO >> {"message": "Waiting for suitable server to become available", "selector": "Primary()", "operation": "find", "topologyDescription": "<TopologyDescription id: 66d2cb6f3e93df8a18df77c3, topology_type: Unknown, servers: [<ServerDescription ('localhost', 27017) server_type: Unknown, rtt: None>]>", "clientId": {"$oid": "66d2cb6f3e93df8a18df77c3"}, "remainingTimeMS": 29}
Aug 31 07:51:11 INFO >> Features initialized as the following:
Aug 31 07:51:11 INFO >> num_unique_dms
Aug 31 07:51:11 INFO >> num_unique_freqs
Aug 31 07:51:11 INFO >> ndetections
Aug 31 07:51:11 INFO >> nharm
Aug 31 07:51:11 INFO >> log_p_dm
Aug 31 07:51:11 INFO >> ['dm_sigma_FitGaussWidth_gauss_sigma', 'dm_sigma_FitGaussWidth_gauss_sigma_rel_err', 'dm_sigma_FitGaussWidth_ndof', 'dm_sigma_FitGaussWidth_rms_err']
Aug 31 07:51:11 INFO >> ['dm_sigma_FitGauss_amplitude', 'dm_sigma_FitGauss_mu', 'dm_sigma_FitGauss_gauss_sigma', 'dm_sigma_FitGauss_amplitude_rel_err', 'dm_sigma_FitGauss_mu_rel_err', 'dm_sigma_FitGauss_gauss_sigma_rel_err', 'dm_sigma_FitGauss_amplitude-detection', 'dm_sigma_FitGauss_mu-detection', 'dm_sigma_FitGauss_ndof', 'dm_sigma_FitGauss_rms_err']
Aug 31 07:51:11 INFO >> ['freq_sigma_FitGaussWidth_gauss_sigma', 'freq_sigma_FitGaussWidth_gauss_sigma_rel_err', 'freq_sigma_FitGaussWidth_ndof', 'freq_sigma_FitGaussWidth_rms_err']
Aug 31 07:51:11 INFO >> ['freq_sigma_FitGauss_amplitude', 'freq_sigma_FitGauss_mu', 'freq_sigma_FitGauss_gauss_sigma', 'freq_sigma_FitGauss_amplitude_rel_err', 'freq_sigma_FitGauss_mu_rel_err', 'freq_sigma_FitGauss_gauss_sigma_rel_err', 'freq_sigma_FitGauss_amplitude-detection', 'freq_sigma_FitGauss_mu-detection', 'freq_sigma_FitGauss_ndof', 'freq_sigma_FitGauss_rms_err']
Aug 31 07:51:11 INFO >> Performing searching on cumulative stack 315.95 49.23
Aug 31 07:51:11 INFO >> Loading the cumulative power spectra stack to search
Aug 31 07:52:08 INFO >> DM: 105.4283804283461
Aug 31 07:52:08 INFO >> sigma: 13.406873203129482
Aug 31 07:52:08 INFO >> frequency: 116.89538926959331
Aug 31 07:52:08 INFO >> Injecting 4 harmonics.
Aug 31 07:52:08 INFO >> Starting DM: 104.53746489967165
Aug 31 07:52:08 INFO >> Stopping DM: 106.3590276956001
Aug 31 07:52:08 INFO >> Expected detection at 5.87 sigma with 4 harmonics.
Aug 31 07:52:22 INFO >> Start searching 6558 dm trials using 32 harmonics.
Aug 31 07:52:28 INFO >> Moved power spectra to shared memory.
Aug 31 07:52:28 INFO >> Number of dm trials in single multi processing job: 10
Aug 31 07:53:09 INFO >> Total number of detections=15580
Aug 31 07:53:09 INFO >> Clustering the detections
Aug 31 07:53:09 INFO >> Starting clustering
Aug 31 07:53:09 INFO >> Rogue harmonic power filter reduced detections from 15580 to 8522
Aug 31 07:53:09 INFO >> Filtering out duplicate freq,dm detections at multiple nharms removes 787 detections
Aug 31 07:53:09 INFO >> Duplicate freq,dm filter reduced detections to 7735
Aug 31 07:53:09 INFO >> Number of detections over threshold sigma (6.0): 7735
Aug 31 07:53:09 INFO >> Grouping duplicate frequencies together first
Aug 31 07:53:09 INFO >> Grouping duplicate frequencies removed 7214 detections from the harmonic metric computation
Aug 31 07:53:09 INFO >> Starting freq-DM distance metric computation
Aug 31 07:53:10 INFO >> Finished freq-DM distance metric computation
Aug 31 07:53:10 INFO >> Largest group size for metric computation is 97
Aug 31 07:53:10 INFO >> Starting harmonic distance metric computation
Aug 31 07:53:11 INFO >> Finished harmonic distance metric computation
Aug 31 07:53:11 INFO >> Starting DBSCAN
Aug 31 07:53:11 INFO >> Finished DBSCAN
Aug 31 07:53:11 INFO >> Clusters found: 75
Aug 31 07:53:11 INFO >> Filtered 32 clusters below or equal 2 DM.
Aug 31 07:53:11 INFO >> Total number of candidate clusters=0
Aug 31 07:53:11 INFO >> Candidate Processor of stack (315.95 49.23)
Aug 31 07:53:11 INFO >> Making SinglePointingCandidates from a list of 0 PowerSpectraDetectionClusters
Aug 31 07:53:13 INFO >> saved candidates to ./results//injections/315.95_49.23_cumulative_power_spectra_stack_20220627_11_tpa.yml_(480,)_candidates.npz
Aug 31 07:53:13 INFO >> Injected Pulsars:     1
Aug 31 07:53:13 INFO >> Injection Candidates: 0
Aug 31 07:53:13 INFO >> Recovered Injections: 0
Aug 31 07:53:13 INFO >> 0 candidates.
Aug 31 07:53:14 INFO >> Unlinked shared memory for cumulative stack.
Aug 31 07:53:14 INFO >> Pipeline execution time: 2.06 minutes
