Aug 31 15:56:00 INFO >> {"message": "Waiting for suitable server to become available", "selector": "Primary()", "operation": "find", "topologyDescription": "<TopologyDescription id: 66d33d1056b3af05a71d66dc, topology_type: Unknown, servers: [<ServerDescription ('localhost', 27017) server_type: Unknown, rtt: None>]>", "clientId": {"$oid": "66d33d1056b3af05a71d66dc"}, "remainingTimeMS": 29}
Aug 31 15:56:00 INFO >> Features initialized as the following:
Aug 31 15:56:00 INFO >> num_unique_dms
Aug 31 15:56:00 INFO >> num_unique_freqs
Aug 31 15:56:00 INFO >> ndetections
Aug 31 15:56:00 INFO >> nharm
Aug 31 15:56:00 INFO >> log_p_dm
Aug 31 15:56:00 INFO >> ['dm_sigma_FitGaussWidth_gauss_sigma', 'dm_sigma_FitGaussWidth_gauss_sigma_rel_err', 'dm_sigma_FitGaussWidth_ndof', 'dm_sigma_FitGaussWidth_rms_err']
Aug 31 15:56:00 INFO >> ['dm_sigma_FitGauss_amplitude', 'dm_sigma_FitGauss_mu', 'dm_sigma_FitGauss_gauss_sigma', 'dm_sigma_FitGauss_amplitude_rel_err', 'dm_sigma_FitGauss_mu_rel_err', 'dm_sigma_FitGauss_gauss_sigma_rel_err', 'dm_sigma_FitGauss_amplitude-detection', 'dm_sigma_FitGauss_mu-detection', 'dm_sigma_FitGauss_ndof', 'dm_sigma_FitGauss_rms_err']
Aug 31 15:56:00 INFO >> ['freq_sigma_FitGaussWidth_gauss_sigma', 'freq_sigma_FitGaussWidth_gauss_sigma_rel_err', 'freq_sigma_FitGaussWidth_ndof', 'freq_sigma_FitGaussWidth_rms_err']
Aug 31 15:56:00 INFO >> ['freq_sigma_FitGauss_amplitude', 'freq_sigma_FitGauss_mu', 'freq_sigma_FitGauss_gauss_sigma', 'freq_sigma_FitGauss_amplitude_rel_err', 'freq_sigma_FitGauss_mu_rel_err', 'freq_sigma_FitGauss_gauss_sigma_rel_err', 'freq_sigma_FitGauss_amplitude-detection', 'freq_sigma_FitGauss_mu-detection', 'freq_sigma_FitGauss_ndof', 'freq_sigma_FitGauss_rms_err']
Aug 31 15:56:00 INFO >> Performing searching on cumulative stack 315.95 49.23
Aug 31 15:56:00 INFO >> Loading the cumulative power spectra stack to search
Aug 31 15:56:57 INFO >> DM: 4.3018728147768455
Aug 31 15:56:57 INFO >> sigma: 13.846462851439785
Aug 31 15:56:57 INFO >> frequency: 47.0350433997654
Aug 31 15:56:57 INFO >> Injecting 10 harmonics.
Aug 31 15:56:57 INFO >> Starting DM: 2.125156595249859
Aug 31 15:56:57 INFO >> Stopping DM: 6.476667718856714
Aug 31 15:56:57 INFO >> Expected detection at 7.10 sigma with 8 harmonics.
Aug 31 15:57:11 INFO >> Start searching 6558 dm trials using 32 harmonics.
Aug 31 15:57:17 INFO >> Moved power spectra to shared memory.
Aug 31 15:57:17 INFO >> Number of dm trials in single multi processing job: 10
Aug 31 15:57:58 INFO >> Total number of detections=15582
Aug 31 15:57:58 INFO >> Clustering the detections
Aug 31 15:57:58 INFO >> Starting clustering
Aug 31 15:57:58 INFO >> Rogue harmonic power filter reduced detections from 15582 to 8524
Aug 31 15:57:58 INFO >> Filtering out duplicate freq,dm detections at multiple nharms removes 787 detections
Aug 31 15:57:58 INFO >> Duplicate freq,dm filter reduced detections to 7737
Aug 31 15:57:58 INFO >> Number of detections over threshold sigma (6.0): 7737
Aug 31 15:57:58 INFO >> Grouping duplicate frequencies together first
Aug 31 15:57:58 INFO >> Grouping duplicate frequencies removed 7216 detections from the harmonic metric computation
Aug 31 15:57:58 INFO >> Starting freq-DM distance metric computation
Aug 31 15:57:58 INFO >> Finished freq-DM distance metric computation
Aug 31 15:57:59 INFO >> Largest group size for metric computation is 97
Aug 31 15:57:59 INFO >> Starting harmonic distance metric computation
Aug 31 15:57:59 INFO >> Finished harmonic distance metric computation
Aug 31 15:57:59 INFO >> Starting DBSCAN
Aug 31 15:58:00 INFO >> Finished DBSCAN
Aug 31 15:58:00 INFO >> Clusters found: 76
Aug 31 15:58:00 INFO >> Filtered 32 clusters below or equal 2 DM.
Aug 31 15:58:00 INFO >> Total number of candidate clusters=1
Aug 31 15:58:00 INFO >> Candidate Processor of stack (315.95 49.23)
Aug 31 15:58:00 INFO >> Making SinglePointingCandidates from a list of 1 PowerSpectraDetectionClusters
Aug 31 15:58:02 INFO >> saved candidates to ./results//injections/315.95_49.23_cumulative_power_spectra_stack_20220627_11_tpa.yml_(712,)_candidates.npz
Aug 31 15:58:02 INFO >> Injected Pulsars:     1
Aug 31 15:58:02 INFO >> Injection Candidates: 1
Aug 31 15:58:02 INFO >> Recovered Injections: 1
Aug 31 15:58:02 INFO >> 1 candidates.
Aug 31 15:58:02 INFO >> Best candidate: F0: 47.035 DM: 4.35 Sigma: 7.85
Aug 31 15:58:03 INFO >> Unlinked shared memory for cumulative stack.
Aug 31 15:58:03 INFO >> Pipeline execution time: 2.06 minutes
