Aug 31 04:26:19 INFO >> {"message": "Waiting for suitable server to become available", "selector": "Primary()", "operation": "find", "topologyDescription": "<TopologyDescription id: 66d29b6b0dbd20d80ef6a7cf, topology_type: Unknown, servers: [<ServerDescription ('localhost', 27017) server_type: Unknown, rtt: None>]>", "clientId": {"$oid": "66d29b6b0dbd20d80ef6a7cf"}, "remainingTimeMS": 29}
Aug 31 04:26:19 INFO >> Features initialized as the following:
Aug 31 04:26:19 INFO >> num_unique_dms
Aug 31 04:26:19 INFO >> num_unique_freqs
Aug 31 04:26:19 INFO >> ndetections
Aug 31 04:26:19 INFO >> nharm
Aug 31 04:26:19 INFO >> log_p_dm
Aug 31 04:26:19 INFO >> ['dm_sigma_FitGaussWidth_gauss_sigma', 'dm_sigma_FitGaussWidth_gauss_sigma_rel_err', 'dm_sigma_FitGaussWidth_ndof', 'dm_sigma_FitGaussWidth_rms_err']
Aug 31 04:26:19 INFO >> ['dm_sigma_FitGauss_amplitude', 'dm_sigma_FitGauss_mu', 'dm_sigma_FitGauss_gauss_sigma', 'dm_sigma_FitGauss_amplitude_rel_err', 'dm_sigma_FitGauss_mu_rel_err', 'dm_sigma_FitGauss_gauss_sigma_rel_err', 'dm_sigma_FitGauss_amplitude-detection', 'dm_sigma_FitGauss_mu-detection', 'dm_sigma_FitGauss_ndof', 'dm_sigma_FitGauss_rms_err']
Aug 31 04:26:19 INFO >> ['freq_sigma_FitGaussWidth_gauss_sigma', 'freq_sigma_FitGaussWidth_gauss_sigma_rel_err', 'freq_sigma_FitGaussWidth_ndof', 'freq_sigma_FitGaussWidth_rms_err']
Aug 31 04:26:19 INFO >> ['freq_sigma_FitGauss_amplitude', 'freq_sigma_FitGauss_mu', 'freq_sigma_FitGauss_gauss_sigma', 'freq_sigma_FitGauss_amplitude_rel_err', 'freq_sigma_FitGauss_mu_rel_err', 'freq_sigma_FitGauss_gauss_sigma_rel_err', 'freq_sigma_FitGauss_amplitude-detection', 'freq_sigma_FitGauss_mu-detection', 'freq_sigma_FitGauss_ndof', 'freq_sigma_FitGauss_rms_err']
Aug 31 04:26:19 INFO >> Performing searching on cumulative stack 315.95 49.23
Aug 31 04:26:19 INFO >> Loading the cumulative power spectra stack to search
Aug 31 04:27:17 INFO >> DM: 156.11265958875268
Aug 31 04:27:17 INFO >> sigma: 15.41520355098306
Aug 31 04:27:17 INFO >> frequency: 110.72096860585687
Aug 31 04:27:17 INFO >> Injecting 4 harmonics.
Aug 31 04:27:17 INFO >> Starting DM: 155.1364314532397
Aug 31 04:27:17 INFO >> Stopping DM: 157.0591921822753
Aug 31 04:27:17 INFO >> Expected detection at 8.79 sigma with 4 harmonics.
Aug 31 04:27:31 INFO >> Start searching 6558 dm trials using 32 harmonics.
Aug 31 04:27:37 INFO >> Moved power spectra to shared memory.
Aug 31 04:27:37 INFO >> Number of dm trials in single multi processing job: 10
Aug 31 04:28:17 INFO >> Total number of detections=15584
Aug 31 04:28:17 INFO >> Clustering the detections
Aug 31 04:28:17 INFO >> Starting clustering
Aug 31 04:28:17 INFO >> Rogue harmonic power filter reduced detections from 15584 to 8526
Aug 31 04:28:17 INFO >> Filtering out duplicate freq,dm detections at multiple nharms removes 787 detections
Aug 31 04:28:17 INFO >> Duplicate freq,dm filter reduced detections to 7739
Aug 31 04:28:17 INFO >> Number of detections over threshold sigma (6.0): 7739
Aug 31 04:28:17 INFO >> Grouping duplicate frequencies together first
Aug 31 04:28:17 INFO >> Grouping duplicate frequencies removed 7217 detections from the harmonic metric computation
Aug 31 04:28:17 INFO >> Starting freq-DM distance metric computation
Aug 31 04:28:18 INFO >> Finished freq-DM distance metric computation
Aug 31 04:28:18 INFO >> Largest group size for metric computation is 97
Aug 31 04:28:18 INFO >> Starting harmonic distance metric computation
Aug 31 04:28:18 INFO >> Finished harmonic distance metric computation
Aug 31 04:28:18 INFO >> Starting DBSCAN
Aug 31 04:28:19 INFO >> Finished DBSCAN
Aug 31 04:28:19 INFO >> Clusters found: 76
Aug 31 04:28:19 INFO >> Filtered 32 clusters below or equal 2 DM.
Aug 31 04:28:19 INFO >> Total number of candidate clusters=1
Aug 31 04:28:19 INFO >> Candidate Processor of stack (315.95 49.23)
Aug 31 04:28:19 INFO >> Making SinglePointingCandidates from a list of 1 PowerSpectraDetectionClusters
Aug 31 04:28:21 INFO >> saved candidates to ./results//injections/315.95_49.23_cumulative_power_spectra_stack_20220627_11_tpa.yml_(382,)_candidates.npz
Aug 31 04:28:21 INFO >> Injected Pulsars:     1
Aug 31 04:28:21 INFO >> Injection Candidates: 1
Aug 31 04:28:21 INFO >> Recovered Injections: 1
Aug 31 04:28:21 INFO >> 1 candidates.
Aug 31 04:28:21 INFO >> Best candidate: F0: 110.721 DM: 156.15 Sigma: 7.94
Aug 31 04:28:22 INFO >> Unlinked shared memory for cumulative stack.
Aug 31 04:28:22 INFO >> Pipeline execution time: 2.06 minutes
