Aug 31 06:25:31 INFO >> {"message": "Waiting for suitable server to become available", "selector": "Primary()", "operation": "find", "topologyDescription": "<TopologyDescription id: 66d2b75bfa2c07dddb40443b, topology_type: Unknown, servers: [<ServerDescription ('localhost', 27017) server_type: Unknown, rtt: None>]>", "clientId": {"$oid": "66d2b75bfa2c07dddb40443b"}, "remainingTimeMS": 29}
Aug 31 06:25:31 INFO >> Features initialized as the following:
Aug 31 06:25:31 INFO >> num_unique_dms
Aug 31 06:25:31 INFO >> num_unique_freqs
Aug 31 06:25:31 INFO >> ndetections
Aug 31 06:25:31 INFO >> nharm
Aug 31 06:25:31 INFO >> log_p_dm
Aug 31 06:25:31 INFO >> ['dm_sigma_FitGaussWidth_gauss_sigma', 'dm_sigma_FitGaussWidth_gauss_sigma_rel_err', 'dm_sigma_FitGaussWidth_ndof', 'dm_sigma_FitGaussWidth_rms_err']
Aug 31 06:25:31 INFO >> ['dm_sigma_FitGauss_amplitude', 'dm_sigma_FitGauss_mu', 'dm_sigma_FitGauss_gauss_sigma', 'dm_sigma_FitGauss_amplitude_rel_err', 'dm_sigma_FitGauss_mu_rel_err', 'dm_sigma_FitGauss_gauss_sigma_rel_err', 'dm_sigma_FitGauss_amplitude-detection', 'dm_sigma_FitGauss_mu-detection', 'dm_sigma_FitGauss_ndof', 'dm_sigma_FitGauss_rms_err']
Aug 31 06:25:31 INFO >> ['freq_sigma_FitGaussWidth_gauss_sigma', 'freq_sigma_FitGaussWidth_gauss_sigma_rel_err', 'freq_sigma_FitGaussWidth_ndof', 'freq_sigma_FitGaussWidth_rms_err']
Aug 31 06:25:31 INFO >> ['freq_sigma_FitGauss_amplitude', 'freq_sigma_FitGauss_mu', 'freq_sigma_FitGauss_gauss_sigma', 'freq_sigma_FitGauss_amplitude_rel_err', 'freq_sigma_FitGauss_mu_rel_err', 'freq_sigma_FitGauss_gauss_sigma_rel_err', 'freq_sigma_FitGauss_amplitude-detection', 'freq_sigma_FitGauss_mu-detection', 'freq_sigma_FitGauss_ndof', 'freq_sigma_FitGauss_rms_err']
Aug 31 06:25:31 INFO >> Performing searching on cumulative stack 315.95 49.23
Aug 31 06:25:31 INFO >> Loading the cumulative power spectra stack to search
Aug 31 06:26:29 INFO >> DM: 94.47064299762934
Aug 31 06:26:29 INFO >> sigma: 15.191584173112597
Aug 31 06:26:29 INFO >> frequency: 197.32206982880467
Aug 31 06:26:29 INFO >> Injecting 2 harmonics.
Aug 31 06:26:29 INFO >> Starting DM: 93.91168192342235
Aug 31 06:26:29 INFO >> Stopping DM: 95.02485918760084
Aug 31 06:26:29 INFO >> Expected detection at 12.12 sigma with 2 harmonics.
Aug 31 06:26:43 INFO >> Start searching 6558 dm trials using 32 harmonics.
Aug 31 06:26:48 INFO >> Moved power spectra to shared memory.
Aug 31 06:26:48 INFO >> Number of dm trials in single multi processing job: 10
Aug 31 06:27:29 INFO >> Total number of detections=15605
Aug 31 06:27:29 INFO >> Clustering the detections
Aug 31 06:27:29 INFO >> Starting clustering
Aug 31 06:27:29 INFO >> Rogue harmonic power filter reduced detections from 15605 to 8534
Aug 31 06:27:29 INFO >> Filtering out duplicate freq,dm detections at multiple nharms removes 791 detections
Aug 31 06:27:29 INFO >> Duplicate freq,dm filter reduced detections to 7743
Aug 31 06:27:29 INFO >> Number of detections over threshold sigma (6.0): 7743
Aug 31 06:27:29 INFO >> Grouping duplicate frequencies together first
Aug 31 06:27:29 INFO >> Grouping duplicate frequencies removed 7218 detections from the harmonic metric computation
Aug 31 06:27:29 INFO >> Starting freq-DM distance metric computation
Aug 31 06:27:29 INFO >> Finished freq-DM distance metric computation
Aug 31 06:27:29 INFO >> Largest group size for metric computation is 97
Aug 31 06:27:29 INFO >> Starting harmonic distance metric computation
Aug 31 06:27:30 INFO >> Finished harmonic distance metric computation
Aug 31 06:27:30 INFO >> Starting DBSCAN
Aug 31 06:27:30 INFO >> Finished DBSCAN
Aug 31 06:27:30 INFO >> Clusters found: 76
Aug 31 06:27:30 INFO >> Filtered 32 clusters below or equal 2 DM.
Aug 31 06:27:30 INFO >> Total number of candidate clusters=1
Aug 31 06:27:30 INFO >> Candidate Processor of stack (315.95 49.23)
Aug 31 06:27:30 INFO >> Making SinglePointingCandidates from a list of 1 PowerSpectraDetectionClusters
Aug 31 06:27:32 INFO >> saved candidates to ./results//injections/315.95_49.23_cumulative_power_spectra_stack_20220627_11_tpa.yml_(439,)_candidates.npz
Aug 31 06:27:32 INFO >> Injected Pulsars:     1
Aug 31 06:27:32 INFO >> Injection Candidates: 1
Aug 31 06:27:32 INFO >> Recovered Injections: 1
Aug 31 06:27:32 INFO >> 1 candidates.
Aug 31 06:27:32 INFO >> Best candidate: F0: 197.322 DM: 94.52 Sigma: 12.75
Aug 31 06:27:34 INFO >> Unlinked shared memory for cumulative stack.
Aug 31 06:27:34 INFO >> Pipeline execution time: 2.05 minutes
