Aug 31 11:15:59 INFO >> {"message": "Waiting for suitable server to become available", "selector": "Primary()", "operation": "find", "topologyDescription": "<TopologyDescription id: 66d2fb6f8131a3b9d86b8101, topology_type: Unknown, servers: [<ServerDescription ('localhost', 27017) server_type: Unknown, rtt: None>]>", "clientId": {"$oid": "66d2fb6f8131a3b9d86b8101"}, "remainingTimeMS": 29}
Aug 31 11:15:59 INFO >> Features initialized as the following:
Aug 31 11:15:59 INFO >> num_unique_dms
Aug 31 11:15:59 INFO >> num_unique_freqs
Aug 31 11:15:59 INFO >> ndetections
Aug 31 11:15:59 INFO >> nharm
Aug 31 11:15:59 INFO >> log_p_dm
Aug 31 11:15:59 INFO >> ['dm_sigma_FitGaussWidth_gauss_sigma', 'dm_sigma_FitGaussWidth_gauss_sigma_rel_err', 'dm_sigma_FitGaussWidth_ndof', 'dm_sigma_FitGaussWidth_rms_err']
Aug 31 11:15:59 INFO >> ['dm_sigma_FitGauss_amplitude', 'dm_sigma_FitGauss_mu', 'dm_sigma_FitGauss_gauss_sigma', 'dm_sigma_FitGauss_amplitude_rel_err', 'dm_sigma_FitGauss_mu_rel_err', 'dm_sigma_FitGauss_gauss_sigma_rel_err', 'dm_sigma_FitGauss_amplitude-detection', 'dm_sigma_FitGauss_mu-detection', 'dm_sigma_FitGauss_ndof', 'dm_sigma_FitGauss_rms_err']
Aug 31 11:15:59 INFO >> ['freq_sigma_FitGaussWidth_gauss_sigma', 'freq_sigma_FitGaussWidth_gauss_sigma_rel_err', 'freq_sigma_FitGaussWidth_ndof', 'freq_sigma_FitGaussWidth_rms_err']
Aug 31 11:15:59 INFO >> ['freq_sigma_FitGauss_amplitude', 'freq_sigma_FitGauss_mu', 'freq_sigma_FitGauss_gauss_sigma', 'freq_sigma_FitGauss_amplitude_rel_err', 'freq_sigma_FitGauss_mu_rel_err', 'freq_sigma_FitGauss_gauss_sigma_rel_err', 'freq_sigma_FitGauss_amplitude-detection', 'freq_sigma_FitGauss_mu-detection', 'freq_sigma_FitGauss_ndof', 'freq_sigma_FitGauss_rms_err']
Aug 31 11:15:59 INFO >> Performing searching on cumulative stack 315.95 49.23
Aug 31 11:15:59 INFO >> Loading the cumulative power spectra stack to search
Aug 31 11:16:57 INFO >> DM: 101.09668845357614
Aug 31 11:16:57 INFO >> sigma: 11.964081414318045
Aug 31 11:16:57 INFO >> frequency: 14.37005416223121
Aug 31 11:16:57 INFO >> Injecting 35 harmonics.
Aug 31 11:16:57 INFO >> Starting DM: 93.91168192342235
Aug 31 11:16:57 INFO >> Stopping DM: 108.28178842463568
Aug 31 11:16:57 INFO >> Expected detection at 11.06 sigma with 16 harmonics.
Aug 31 11:17:11 INFO >> Start searching 6558 dm trials using 32 harmonics.
Aug 31 11:17:17 INFO >> Moved power spectra to shared memory.
Aug 31 11:17:17 INFO >> Number of dm trials in single multi processing job: 10
Aug 31 11:17:57 INFO >> Total number of detections=15623
Aug 31 11:17:57 INFO >> Clustering the detections
Aug 31 11:17:57 INFO >> Starting clustering
Aug 31 11:17:57 INFO >> Rogue harmonic power filter reduced detections from 15623 to 8565
Aug 31 11:17:57 INFO >> Filtering out duplicate freq,dm detections at multiple nharms removes 799 detections
Aug 31 11:17:57 INFO >> Duplicate freq,dm filter reduced detections to 7766
Aug 31 11:17:57 INFO >> Number of detections over threshold sigma (6.0): 7766
Aug 31 11:17:57 INFO >> Grouping duplicate frequencies together first
Aug 31 11:17:57 INFO >> Grouping duplicate frequencies removed 7238 detections from the harmonic metric computation
Aug 31 11:17:57 INFO >> Starting freq-DM distance metric computation
Aug 31 11:17:58 INFO >> Finished freq-DM distance metric computation
Aug 31 11:17:58 INFO >> Largest group size for metric computation is 97
Aug 31 11:17:58 INFO >> Starting harmonic distance metric computation
Aug 31 11:17:58 INFO >> Finished harmonic distance metric computation
Aug 31 11:17:58 INFO >> Starting DBSCAN
Aug 31 11:17:59 INFO >> Finished DBSCAN
Aug 31 11:17:59 INFO >> Clusters found: 76
Aug 31 11:17:59 INFO >> Filtered 32 clusters below or equal 2 DM.
Aug 31 11:17:59 INFO >> Total number of candidate clusters=1
Aug 31 11:17:59 INFO >> Candidate Processor of stack (315.95 49.23)
Aug 31 11:17:59 INFO >> Making SinglePointingCandidates from a list of 1 PowerSpectraDetectionClusters
Aug 31 11:18:01 INFO >> saved candidates to ./results//injections/315.95_49.23_cumulative_power_spectra_stack_20220627_11_tpa.yml_(578,)_candidates.npz
Aug 31 11:18:01 INFO >> Injected Pulsars:     1
Aug 31 11:18:01 INFO >> Injection Candidates: 1
Aug 31 11:18:01 INFO >> Recovered Injections: 1
Aug 31 11:18:01 INFO >> 1 candidates.
Aug 31 11:18:01 INFO >> Best candidate: F0: 14.370 DM: 101.10 Sigma: 10.33
Aug 31 11:18:02 INFO >> Unlinked shared memory for cumulative stack.
Aug 31 11:18:02 INFO >> Pipeline execution time: 2.06 minutes
