Aug 31 06:50:34 INFO >> {"message": "Waiting for suitable server to become available", "selector": "Primary()", "operation": "find", "topologyDescription": "<TopologyDescription id: 66d2bd3ab5c9ea50364bbba5, topology_type: Unknown, servers: [<ServerDescription ('localhost', 27017) server_type: Unknown, rtt: None>]>", "clientId": {"$oid": "66d2bd3ab5c9ea50364bbba5"}, "remainingTimeMS": 29}
Aug 31 06:50:34 INFO >> Features initialized as the following:
Aug 31 06:50:34 INFO >> num_unique_dms
Aug 31 06:50:34 INFO >> num_unique_freqs
Aug 31 06:50:34 INFO >> ndetections
Aug 31 06:50:34 INFO >> nharm
Aug 31 06:50:34 INFO >> log_p_dm
Aug 31 06:50:34 INFO >> ['dm_sigma_FitGaussWidth_gauss_sigma', 'dm_sigma_FitGaussWidth_gauss_sigma_rel_err', 'dm_sigma_FitGaussWidth_ndof', 'dm_sigma_FitGaussWidth_rms_err']
Aug 31 06:50:34 INFO >> ['dm_sigma_FitGauss_amplitude', 'dm_sigma_FitGauss_mu', 'dm_sigma_FitGauss_gauss_sigma', 'dm_sigma_FitGauss_amplitude_rel_err', 'dm_sigma_FitGauss_mu_rel_err', 'dm_sigma_FitGauss_gauss_sigma_rel_err', 'dm_sigma_FitGauss_amplitude-detection', 'dm_sigma_FitGauss_mu-detection', 'dm_sigma_FitGauss_ndof', 'dm_sigma_FitGauss_rms_err']
Aug 31 06:50:34 INFO >> ['freq_sigma_FitGaussWidth_gauss_sigma', 'freq_sigma_FitGaussWidth_gauss_sigma_rel_err', 'freq_sigma_FitGaussWidth_ndof', 'freq_sigma_FitGaussWidth_rms_err']
Aug 31 06:50:34 INFO >> ['freq_sigma_FitGauss_amplitude', 'freq_sigma_FitGauss_mu', 'freq_sigma_FitGauss_gauss_sigma', 'freq_sigma_FitGauss_amplitude_rel_err', 'freq_sigma_FitGauss_mu_rel_err', 'freq_sigma_FitGauss_gauss_sigma_rel_err', 'freq_sigma_FitGauss_amplitude-detection', 'freq_sigma_FitGauss_mu-detection', 'freq_sigma_FitGauss_ndof', 'freq_sigma_FitGauss_rms_err']
Aug 31 06:50:35 INFO >> Performing searching on cumulative stack 315.95 49.23
Aug 31 06:50:35 INFO >> Loading the cumulative power spectra stack to search
Aug 31 06:51:32 INFO >> DM: 21.58932188762022
Aug 31 06:51:32 INFO >> sigma: 13.586946441944582
Aug 31 06:51:32 INFO >> frequency: 56.76368777490297
Aug 31 06:51:32 INFO >> Injecting 8 harmonics.
Aug 31 06:51:32 INFO >> Starting DM: 19.733596955891553
Aug 31 06:51:32 INFO >> Stopping DM: 23.37672254774845
Aug 31 06:51:32 INFO >> Expected detection at 11.15 sigma with 8 harmonics.
Aug 31 06:51:46 INFO >> Start searching 6558 dm trials using 32 harmonics.
Aug 31 06:51:52 INFO >> Moved power spectra to shared memory.
Aug 31 06:51:52 INFO >> Number of dm trials in single multi processing job: 10
Aug 31 06:52:32 INFO >> Total number of detections=15648
Aug 31 06:52:32 INFO >> Clustering the detections
Aug 31 06:52:32 INFO >> Starting clustering
Aug 31 06:52:32 INFO >> Rogue harmonic power filter reduced detections from 15648 to 8590
Aug 31 06:52:32 INFO >> Filtering out duplicate freq,dm detections at multiple nharms removes 813 detections
Aug 31 06:52:32 INFO >> Duplicate freq,dm filter reduced detections to 7777
Aug 31 06:52:32 INFO >> Number of detections over threshold sigma (6.0): 7777
Aug 31 06:52:32 INFO >> Grouping duplicate frequencies together first
Aug 31 06:52:32 INFO >> Grouping duplicate frequencies removed 7246 detections from the harmonic metric computation
Aug 31 06:52:32 INFO >> Starting freq-DM distance metric computation
Aug 31 06:52:33 INFO >> Finished freq-DM distance metric computation
Aug 31 06:52:33 INFO >> Largest group size for metric computation is 97
Aug 31 06:52:33 INFO >> Starting harmonic distance metric computation
Aug 31 06:52:34 INFO >> Finished harmonic distance metric computation
Aug 31 06:52:34 INFO >> Starting DBSCAN
Aug 31 06:52:34 INFO >> Finished DBSCAN
Aug 31 06:52:34 INFO >> Clusters found: 76
Aug 31 06:52:34 INFO >> Filtered 32 clusters below or equal 2 DM.
Aug 31 06:52:34 INFO >> Total number of candidate clusters=1
Aug 31 06:52:34 INFO >> Candidate Processor of stack (315.95 49.23)
Aug 31 06:52:34 INFO >> Making SinglePointingCandidates from a list of 1 PowerSpectraDetectionClusters
Aug 31 06:52:36 INFO >> saved candidates to ./results//injections/315.95_49.23_cumulative_power_spectra_stack_20220627_11_tpa.yml_(451,)_candidates.npz
Aug 31 06:52:36 INFO >> Injected Pulsars:     1
Aug 31 06:52:36 INFO >> Injection Candidates: 1
Aug 31 06:52:36 INFO >> Recovered Injections: 1
Aug 31 06:52:36 INFO >> 1 candidates.
Aug 31 06:52:36 INFO >> Best candidate: F0: 56.764 DM: 21.66 Sigma: 11.10
Aug 31 06:52:37 INFO >> Unlinked shared memory for cumulative stack.
Aug 31 06:52:37 INFO >> Pipeline execution time: 2.05 minutes
