Aug 31 16:25:15 INFO >> {"message": "Waiting for suitable server to become available", "selector": "Primary()", "operation": "find", "topologyDescription": "<TopologyDescription id: 66d343ebf8a9eb70bed4cd6e, topology_type: Unknown, servers: [<ServerDescription ('localhost', 27017) server_type: Unknown, rtt: None>]>", "clientId": {"$oid": "66d343ebf8a9eb70bed4cd6e"}, "remainingTimeMS": 29}
Aug 31 16:25:15 INFO >> Features initialized as the following:
Aug 31 16:25:15 INFO >> num_unique_dms
Aug 31 16:25:15 INFO >> num_unique_freqs
Aug 31 16:25:15 INFO >> ndetections
Aug 31 16:25:15 INFO >> nharm
Aug 31 16:25:15 INFO >> log_p_dm
Aug 31 16:25:15 INFO >> ['dm_sigma_FitGaussWidth_gauss_sigma', 'dm_sigma_FitGaussWidth_gauss_sigma_rel_err', 'dm_sigma_FitGaussWidth_ndof', 'dm_sigma_FitGaussWidth_rms_err']
Aug 31 16:25:15 INFO >> ['dm_sigma_FitGauss_amplitude', 'dm_sigma_FitGauss_mu', 'dm_sigma_FitGauss_gauss_sigma', 'dm_sigma_FitGauss_amplitude_rel_err', 'dm_sigma_FitGauss_mu_rel_err', 'dm_sigma_FitGauss_gauss_sigma_rel_err', 'dm_sigma_FitGauss_amplitude-detection', 'dm_sigma_FitGauss_mu-detection', 'dm_sigma_FitGauss_ndof', 'dm_sigma_FitGauss_rms_err']
Aug 31 16:25:15 INFO >> ['freq_sigma_FitGaussWidth_gauss_sigma', 'freq_sigma_FitGaussWidth_gauss_sigma_rel_err', 'freq_sigma_FitGaussWidth_ndof', 'freq_sigma_FitGaussWidth_rms_err']
Aug 31 16:25:15 INFO >> ['freq_sigma_FitGauss_amplitude', 'freq_sigma_FitGauss_mu', 'freq_sigma_FitGauss_gauss_sigma', 'freq_sigma_FitGauss_amplitude_rel_err', 'freq_sigma_FitGauss_mu_rel_err', 'freq_sigma_FitGauss_gauss_sigma_rel_err', 'freq_sigma_FitGauss_amplitude-detection', 'freq_sigma_FitGauss_mu-detection', 'freq_sigma_FitGauss_ndof', 'freq_sigma_FitGauss_rms_err']
Aug 31 16:25:15 INFO >> Performing searching on cumulative stack 315.95 49.23
Aug 31 16:25:15 INFO >> Loading the cumulative power spectra stack to search
Aug 31 16:26:13 INFO >> DM: 43.87429843233994
Aug 31 16:26:13 INFO >> sigma: 9.071061204915903
Aug 31 16:26:13 INFO >> frequency: 22.56749536338494
Aug 31 16:26:13 INFO >> Injecting 22 harmonics.
Aug 31 16:26:13 INFO >> Starting DM: 39.264798045568824
Aug 31 16:26:13 INFO >> Stopping DM: 48.47380995831822
Aug 31 16:26:13 INFO >> Expected detection at 8.56 sigma with 16 harmonics.
Aug 31 16:26:27 INFO >> Start searching 6558 dm trials using 32 harmonics.
Aug 31 16:26:32 INFO >> Moved power spectra to shared memory.
Aug 31 16:26:32 INFO >> Number of dm trials in single multi processing job: 10
Aug 31 16:27:13 INFO >> Total number of detections=15586
Aug 31 16:27:13 INFO >> Clustering the detections
Aug 31 16:27:13 INFO >> Starting clustering
Aug 31 16:27:13 INFO >> Rogue harmonic power filter reduced detections from 15586 to 8528
Aug 31 16:27:13 INFO >> Filtering out duplicate freq,dm detections at multiple nharms removes 790 detections
Aug 31 16:27:13 INFO >> Duplicate freq,dm filter reduced detections to 7738
Aug 31 16:27:13 INFO >> Number of detections over threshold sigma (6.0): 7738
Aug 31 16:27:13 INFO >> Grouping duplicate frequencies together first
Aug 31 16:27:13 INFO >> Grouping duplicate frequencies removed 7217 detections from the harmonic metric computation
Aug 31 16:27:13 INFO >> Starting freq-DM distance metric computation
Aug 31 16:27:14 INFO >> Finished freq-DM distance metric computation
Aug 31 16:27:14 INFO >> Largest group size for metric computation is 97
Aug 31 16:27:14 INFO >> Starting harmonic distance metric computation
Aug 31 16:27:15 INFO >> Finished harmonic distance metric computation
Aug 31 16:27:15 INFO >> Starting DBSCAN
Aug 31 16:27:15 INFO >> Finished DBSCAN
Aug 31 16:27:15 INFO >> Clusters found: 76
Aug 31 16:27:15 INFO >> Filtered 32 clusters below or equal 2 DM.
Aug 31 16:27:15 INFO >> Total number of candidate clusters=1
Aug 31 16:27:15 INFO >> Candidate Processor of stack (315.95 49.23)
Aug 31 16:27:15 INFO >> Making SinglePointingCandidates from a list of 1 PowerSpectraDetectionClusters
Aug 31 16:27:17 INFO >> saved candidates to ./results//injections/315.95_49.23_cumulative_power_spectra_stack_20220627_11_tpa.yml_(726,)_candidates.npz
Aug 31 16:27:17 INFO >> Injected Pulsars:     1
Aug 31 16:27:17 INFO >> Injection Candidates: 1
Aug 31 16:27:17 INFO >> Recovered Injections: 1
Aug 31 16:27:17 INFO >> 1 candidates.
Aug 31 16:27:17 INFO >> Best candidate: F0: 22.567 DM: 43.82 Sigma: 8.23
Aug 31 16:27:19 INFO >> Unlinked shared memory for cumulative stack.
Aug 31 16:27:19 INFO >> Pipeline execution time: 2.06 minutes
