Aug 31 05:01:52 INFO >> {"message": "Waiting for suitable server to become available", "selector": "Primary()", "operation": "find", "topologyDescription": "<TopologyDescription id: 66d2a3c017800340eac225c7, topology_type: Unknown, servers: [<ServerDescription ('localhost', 27017) server_type: Unknown, rtt: None>]>", "clientId": {"$oid": "66d2a3c017800340eac225c7"}, "remainingTimeMS": 29}
Aug 31 05:01:52 INFO >> Features initialized as the following:
Aug 31 05:01:52 INFO >> num_unique_dms
Aug 31 05:01:52 INFO >> num_unique_freqs
Aug 31 05:01:52 INFO >> ndetections
Aug 31 05:01:52 INFO >> nharm
Aug 31 05:01:52 INFO >> log_p_dm
Aug 31 05:01:52 INFO >> ['dm_sigma_FitGaussWidth_gauss_sigma', 'dm_sigma_FitGaussWidth_gauss_sigma_rel_err', 'dm_sigma_FitGaussWidth_ndof', 'dm_sigma_FitGaussWidth_rms_err']
Aug 31 05:01:52 INFO >> ['dm_sigma_FitGauss_amplitude', 'dm_sigma_FitGauss_mu', 'dm_sigma_FitGauss_gauss_sigma', 'dm_sigma_FitGauss_amplitude_rel_err', 'dm_sigma_FitGauss_mu_rel_err', 'dm_sigma_FitGauss_gauss_sigma_rel_err', 'dm_sigma_FitGauss_amplitude-detection', 'dm_sigma_FitGauss_mu-detection', 'dm_sigma_FitGauss_ndof', 'dm_sigma_FitGauss_rms_err']
Aug 31 05:01:52 INFO >> ['freq_sigma_FitGaussWidth_gauss_sigma', 'freq_sigma_FitGaussWidth_gauss_sigma_rel_err', 'freq_sigma_FitGaussWidth_ndof', 'freq_sigma_FitGaussWidth_rms_err']
Aug 31 05:01:52 INFO >> ['freq_sigma_FitGauss_amplitude', 'freq_sigma_FitGauss_mu', 'freq_sigma_FitGauss_gauss_sigma', 'freq_sigma_FitGauss_amplitude_rel_err', 'freq_sigma_FitGauss_mu_rel_err', 'freq_sigma_FitGauss_gauss_sigma_rel_err', 'freq_sigma_FitGauss_amplitude-detection', 'freq_sigma_FitGauss_mu-detection', 'freq_sigma_FitGauss_ndof', 'freq_sigma_FitGauss_rms_err']
Aug 31 05:01:52 INFO >> Performing searching on cumulative stack 315.95 49.23
Aug 31 05:01:52 INFO >> Loading the cumulative power spectra stack to search
Aug 31 05:02:49 INFO >> DM: 55.29109712699669
Aug 31 05:02:49 INFO >> sigma: 11.055904513127658
Aug 31 05:02:49 INFO >> frequency: 14.936745954131712
Aug 31 05:02:49 INFO >> Injecting 34 harmonics.
Aug 31 05:02:49 INFO >> Starting DM: 48.372612025211076
Aug 31 05:02:49 INFO >> Stopping DM: 62.135530927781595
Aug 31 05:02:49 INFO >> Expected detection at 9.97 sigma with 32 harmonics.
Aug 31 05:03:04 INFO >> Start searching 6558 dm trials using 32 harmonics.
Aug 31 05:03:09 INFO >> Moved power spectra to shared memory.
Aug 31 05:03:09 INFO >> Number of dm trials in single multi processing job: 10
Aug 31 05:03:50 INFO >> Total number of detections=15675
Aug 31 05:03:50 INFO >> Clustering the detections
Aug 31 05:03:50 INFO >> Starting clustering
Aug 31 05:03:51 INFO >> Rogue harmonic power filter reduced detections from 15675 to 8617
Aug 31 05:03:51 INFO >> Filtering out duplicate freq,dm detections at multiple nharms removes 798 detections
Aug 31 05:03:51 INFO >> Duplicate freq,dm filter reduced detections to 7819
Aug 31 05:03:51 INFO >> Number of detections over threshold sigma (6.0): 7819
Aug 31 05:03:51 INFO >> Grouping duplicate frequencies together first
Aug 31 05:03:51 INFO >> Grouping duplicate frequencies removed 7285 detections from the harmonic metric computation
Aug 31 05:03:51 INFO >> Starting freq-DM distance metric computation
Aug 31 05:03:51 INFO >> Finished freq-DM distance metric computation
Aug 31 05:03:51 INFO >> Largest group size for metric computation is 97
Aug 31 05:03:51 INFO >> Starting harmonic distance metric computation
Aug 31 05:03:52 INFO >> Finished harmonic distance metric computation
Aug 31 05:03:52 INFO >> Starting DBSCAN
Aug 31 05:03:52 INFO >> Finished DBSCAN
Aug 31 05:03:52 INFO >> Clusters found: 76
Aug 31 05:03:52 INFO >> Filtered 32 clusters below or equal 2 DM.
Aug 31 05:03:52 INFO >> Total number of candidate clusters=1
Aug 31 05:03:52 INFO >> Candidate Processor of stack (315.95 49.23)
Aug 31 05:03:52 INFO >> Making SinglePointingCandidates from a list of 1 PowerSpectraDetectionClusters
Aug 31 05:03:55 INFO >> saved candidates to ./results//injections/315.95_49.23_cumulative_power_spectra_stack_20220627_11_tpa.yml_(399,)_candidates.npz
Aug 31 05:03:55 INFO >> Injected Pulsars:     1
Aug 31 05:03:55 INFO >> Injection Candidates: 1
Aug 31 05:03:55 INFO >> Recovered Injections: 1
Aug 31 05:03:55 INFO >> 1 candidates.
Aug 31 05:03:55 INFO >> Best candidate: F0: 14.937 DM: 55.25 Sigma: 9.39
Aug 31 05:03:56 INFO >> Unlinked shared memory for cumulative stack.
Aug 31 05:03:56 INFO >> Pipeline execution time: 2.06 minutes
