Aug 31 07:07:16 INFO >> {"message": "Waiting for suitable server to become available", "selector": "Primary()", "operation": "find", "topologyDescription": "<TopologyDescription id: 66d2c1240585f13de3a8cd32, topology_type: Unknown, servers: [<ServerDescription ('localhost', 27017) server_type: Unknown, rtt: None>]>", "clientId": {"$oid": "66d2c1240585f13de3a8cd32"}, "remainingTimeMS": 29}
Aug 31 07:07:17 INFO >> Features initialized as the following:
Aug 31 07:07:17 INFO >> num_unique_dms
Aug 31 07:07:17 INFO >> num_unique_freqs
Aug 31 07:07:17 INFO >> ndetections
Aug 31 07:07:17 INFO >> nharm
Aug 31 07:07:17 INFO >> log_p_dm
Aug 31 07:07:17 INFO >> ['dm_sigma_FitGaussWidth_gauss_sigma', 'dm_sigma_FitGaussWidth_gauss_sigma_rel_err', 'dm_sigma_FitGaussWidth_ndof', 'dm_sigma_FitGaussWidth_rms_err']
Aug 31 07:07:17 INFO >> ['dm_sigma_FitGauss_amplitude', 'dm_sigma_FitGauss_mu', 'dm_sigma_FitGauss_gauss_sigma', 'dm_sigma_FitGauss_amplitude_rel_err', 'dm_sigma_FitGauss_mu_rel_err', 'dm_sigma_FitGauss_gauss_sigma_rel_err', 'dm_sigma_FitGauss_amplitude-detection', 'dm_sigma_FitGauss_mu-detection', 'dm_sigma_FitGauss_ndof', 'dm_sigma_FitGauss_rms_err']
Aug 31 07:07:17 INFO >> ['freq_sigma_FitGaussWidth_gauss_sigma', 'freq_sigma_FitGaussWidth_gauss_sigma_rel_err', 'freq_sigma_FitGaussWidth_ndof', 'freq_sigma_FitGaussWidth_rms_err']
Aug 31 07:07:17 INFO >> ['freq_sigma_FitGauss_amplitude', 'freq_sigma_FitGauss_mu', 'freq_sigma_FitGauss_gauss_sigma', 'freq_sigma_FitGauss_amplitude_rel_err', 'freq_sigma_FitGauss_mu_rel_err', 'freq_sigma_FitGauss_gauss_sigma_rel_err', 'freq_sigma_FitGauss_amplitude-detection', 'freq_sigma_FitGauss_mu-detection', 'freq_sigma_FitGauss_ndof', 'freq_sigma_FitGauss_rms_err']
Aug 31 07:07:17 INFO >> Performing searching on cumulative stack 315.95 49.23
Aug 31 07:07:17 INFO >> Loading the cumulative power spectra stack to search
Aug 31 07:08:14 INFO >> DM: 39.47792176377857
Aug 31 07:08:14 INFO >> sigma: 16.193363254784927
Aug 31 07:08:14 INFO >> frequency: 15.820357655552552
Aug 31 07:08:14 INFO >> Injecting 32 harmonics.
Aug 31 07:08:14 INFO >> Starting DM: 32.99052619292638
Aug 31 07:08:14 INFO >> Stopping DM: 45.94386163063981
Aug 31 07:08:14 INFO >> Expected detection at 12.39 sigma with 16 harmonics.
Aug 31 07:08:28 INFO >> Start searching 6558 dm trials using 32 harmonics.
Aug 31 07:08:34 INFO >> Moved power spectra to shared memory.
Aug 31 07:08:34 INFO >> Number of dm trials in single multi processing job: 10
Aug 31 07:09:15 INFO >> Total number of detections=15755
Aug 31 07:09:15 INFO >> Clustering the detections
Aug 31 07:09:15 INFO >> Starting clustering
Aug 31 07:09:15 INFO >> Rogue harmonic power filter reduced detections from 15755 to 8697
Aug 31 07:09:15 INFO >> Filtering out duplicate freq,dm detections at multiple nharms removes 862 detections
Aug 31 07:09:15 INFO >> Duplicate freq,dm filter reduced detections to 7835
Aug 31 07:09:15 INFO >> Number of detections over threshold sigma (6.0): 7835
Aug 31 07:09:15 INFO >> Grouping duplicate frequencies together first
Aug 31 07:09:15 INFO >> Grouping duplicate frequencies removed 7289 detections from the harmonic metric computation
Aug 31 07:09:15 INFO >> Starting freq-DM distance metric computation
Aug 31 07:09:15 INFO >> Finished freq-DM distance metric computation
Aug 31 07:09:16 INFO >> Largest group size for metric computation is 97
Aug 31 07:09:16 INFO >> Starting harmonic distance metric computation
Aug 31 07:09:16 INFO >> Finished harmonic distance metric computation
Aug 31 07:09:16 INFO >> Starting DBSCAN
Aug 31 07:09:17 INFO >> Finished DBSCAN
Aug 31 07:09:17 INFO >> Clusters found: 77
Aug 31 07:09:17 INFO >> Filtered 32 clusters below or equal 2 DM.
Aug 31 07:09:17 INFO >> Total number of candidate clusters=2
Aug 31 07:09:17 INFO >> Candidate Processor of stack (315.95 49.23)
Aug 31 07:09:17 INFO >> Making SinglePointingCandidates from a list of 2 PowerSpectraDetectionClusters
Aug 31 07:09:19 INFO >> saved candidates to ./results//injections/315.95_49.23_cumulative_power_spectra_stack_20220627_11_tpa.yml_(459,)_candidates.npz
Aug 31 07:09:19 INFO >> Injected Pulsars:     1
Aug 31 07:09:19 INFO >> Injection Candidates: 2
Aug 31 07:09:19 INFO >> Recovered Injections: 1
Aug 31 07:09:19 INFO >> 2 candidates.
Aug 31 07:09:19 INFO >> Best candidate: F0: 15.820 DM: 39.57 Sigma: 11.59
Aug 31 07:09:20 INFO >> Unlinked shared memory for cumulative stack.
Aug 31 07:09:20 INFO >> Pipeline execution time: 2.06 minutes
