Aug 31 16:35:42 INFO >> {"message": "Waiting for suitable server to become available", "selector": "Primary()", "operation": "find", "topologyDescription": "<TopologyDescription id: 66d3465ed631c0623c427a61, topology_type: Unknown, servers: [<ServerDescription ('localhost', 27017) server_type: Unknown, rtt: None>]>", "clientId": {"$oid": "66d3465ed631c0623c427a61"}, "remainingTimeMS": 29}
Aug 31 16:35:42 INFO >> Features initialized as the following:
Aug 31 16:35:42 INFO >> num_unique_dms
Aug 31 16:35:42 INFO >> num_unique_freqs
Aug 31 16:35:42 INFO >> ndetections
Aug 31 16:35:42 INFO >> nharm
Aug 31 16:35:42 INFO >> log_p_dm
Aug 31 16:35:42 INFO >> ['dm_sigma_FitGaussWidth_gauss_sigma', 'dm_sigma_FitGaussWidth_gauss_sigma_rel_err', 'dm_sigma_FitGaussWidth_ndof', 'dm_sigma_FitGaussWidth_rms_err']
Aug 31 16:35:42 INFO >> ['dm_sigma_FitGauss_amplitude', 'dm_sigma_FitGauss_mu', 'dm_sigma_FitGauss_gauss_sigma', 'dm_sigma_FitGauss_amplitude_rel_err', 'dm_sigma_FitGauss_mu_rel_err', 'dm_sigma_FitGauss_gauss_sigma_rel_err', 'dm_sigma_FitGauss_amplitude-detection', 'dm_sigma_FitGauss_mu-detection', 'dm_sigma_FitGauss_ndof', 'dm_sigma_FitGauss_rms_err']
Aug 31 16:35:42 INFO >> ['freq_sigma_FitGaussWidth_gauss_sigma', 'freq_sigma_FitGaussWidth_gauss_sigma_rel_err', 'freq_sigma_FitGaussWidth_ndof', 'freq_sigma_FitGaussWidth_rms_err']
Aug 31 16:35:42 INFO >> ['freq_sigma_FitGauss_amplitude', 'freq_sigma_FitGauss_mu', 'freq_sigma_FitGauss_gauss_sigma', 'freq_sigma_FitGauss_amplitude_rel_err', 'freq_sigma_FitGauss_mu_rel_err', 'freq_sigma_FitGauss_gauss_sigma_rel_err', 'freq_sigma_FitGauss_amplitude-detection', 'freq_sigma_FitGauss_mu-detection', 'freq_sigma_FitGauss_ndof', 'freq_sigma_FitGauss_rms_err']
Aug 31 16:35:42 INFO >> Performing searching on cumulative stack 315.95 49.23
Aug 31 16:35:42 INFO >> Loading the cumulative power spectra stack to search
Aug 31 16:36:40 INFO >> DM: 184.34466672737346
Aug 31 16:36:40 INFO >> sigma: 15.209066538351657
Aug 31 16:36:40 INFO >> frequency: 156.99852945965992
Aug 31 16:36:40 INFO >> Injecting 3 harmonics.
Aug 31 16:36:40 INFO >> Starting DM: 183.67424858945213
Aug 31 16:36:40 INFO >> Stopping DM: 184.98982171984488
Aug 31 16:36:40 INFO >> Expected detection at 7.00 sigma with 2 harmonics.
Aug 31 16:36:54 INFO >> Start searching 6558 dm trials using 32 harmonics.
Aug 31 16:37:00 INFO >> Moved power spectra to shared memory.
Aug 31 16:37:00 INFO >> Number of dm trials in single multi processing job: 10
Aug 31 16:37:40 INFO >> Total number of detections=15580
Aug 31 16:37:40 INFO >> Clustering the detections
Aug 31 16:37:40 INFO >> Starting clustering
Aug 31 16:37:40 INFO >> Rogue harmonic power filter reduced detections from 15580 to 8522
Aug 31 16:37:40 INFO >> Filtering out duplicate freq,dm detections at multiple nharms removes 787 detections
Aug 31 16:37:40 INFO >> Duplicate freq,dm filter reduced detections to 7735
Aug 31 16:37:40 INFO >> Number of detections over threshold sigma (6.0): 7735
Aug 31 16:37:40 INFO >> Grouping duplicate frequencies together first
Aug 31 16:37:40 INFO >> Grouping duplicate frequencies removed 7215 detections from the harmonic metric computation
Aug 31 16:37:40 INFO >> Starting freq-DM distance metric computation
Aug 31 16:37:41 INFO >> Finished freq-DM distance metric computation
Aug 31 16:37:41 INFO >> Largest group size for metric computation is 97
Aug 31 16:37:41 INFO >> Starting harmonic distance metric computation
Aug 31 16:37:42 INFO >> Finished harmonic distance metric computation
Aug 31 16:37:42 INFO >> Starting DBSCAN
Aug 31 16:37:42 INFO >> Finished DBSCAN
Aug 31 16:37:42 INFO >> Clusters found: 75
Aug 31 16:37:42 INFO >> Filtered 32 clusters below or equal 2 DM.
Aug 31 16:37:42 INFO >> Total number of candidate clusters=0
Aug 31 16:37:42 INFO >> Candidate Processor of stack (315.95 49.23)
Aug 31 16:37:42 INFO >> Making SinglePointingCandidates from a list of 0 PowerSpectraDetectionClusters
Aug 31 16:37:44 INFO >> saved candidates to ./results//injections/315.95_49.23_cumulative_power_spectra_stack_20220627_11_tpa.yml_(731,)_candidates.npz
Aug 31 16:37:44 INFO >> Injected Pulsars:     1
Aug 31 16:37:44 INFO >> Injection Candidates: 0
Aug 31 16:37:44 INFO >> Recovered Injections: 0
Aug 31 16:37:44 INFO >> 0 candidates.
Aug 31 16:37:45 INFO >> Unlinked shared memory for cumulative stack.
Aug 31 16:37:45 INFO >> Pipeline execution time: 2.06 minutes
