Aug 31 08:45:29 INFO >> {"message": "Waiting for suitable server to become available", "selector": "Primary()", "operation": "find", "topologyDescription": "<TopologyDescription id: 66d2d829b66c546ee2944a91, topology_type: Unknown, servers: [<ServerDescription ('localhost', 27017) server_type: Unknown, rtt: None>]>", "clientId": {"$oid": "66d2d829b66c546ee2944a91"}, "remainingTimeMS": 29}
Aug 31 08:45:29 INFO >> Features initialized as the following:
Aug 31 08:45:29 INFO >> num_unique_dms
Aug 31 08:45:29 INFO >> num_unique_freqs
Aug 31 08:45:29 INFO >> ndetections
Aug 31 08:45:29 INFO >> nharm
Aug 31 08:45:29 INFO >> log_p_dm
Aug 31 08:45:29 INFO >> ['dm_sigma_FitGaussWidth_gauss_sigma', 'dm_sigma_FitGaussWidth_gauss_sigma_rel_err', 'dm_sigma_FitGaussWidth_ndof', 'dm_sigma_FitGaussWidth_rms_err']
Aug 31 08:45:29 INFO >> ['dm_sigma_FitGauss_amplitude', 'dm_sigma_FitGauss_mu', 'dm_sigma_FitGauss_gauss_sigma', 'dm_sigma_FitGauss_amplitude_rel_err', 'dm_sigma_FitGauss_mu_rel_err', 'dm_sigma_FitGauss_gauss_sigma_rel_err', 'dm_sigma_FitGauss_amplitude-detection', 'dm_sigma_FitGauss_mu-detection', 'dm_sigma_FitGauss_ndof', 'dm_sigma_FitGauss_rms_err']
Aug 31 08:45:29 INFO >> ['freq_sigma_FitGaussWidth_gauss_sigma', 'freq_sigma_FitGaussWidth_gauss_sigma_rel_err', 'freq_sigma_FitGaussWidth_ndof', 'freq_sigma_FitGaussWidth_rms_err']
Aug 31 08:45:29 INFO >> ['freq_sigma_FitGauss_amplitude', 'freq_sigma_FitGauss_mu', 'freq_sigma_FitGauss_gauss_sigma', 'freq_sigma_FitGauss_amplitude_rel_err', 'freq_sigma_FitGauss_mu_rel_err', 'freq_sigma_FitGauss_gauss_sigma_rel_err', 'freq_sigma_FitGauss_amplitude-detection', 'freq_sigma_FitGauss_mu-detection', 'freq_sigma_FitGauss_ndof', 'freq_sigma_FitGauss_rms_err']
Aug 31 08:45:29 INFO >> Performing searching on cumulative stack 315.95 49.23
Aug 31 08:45:29 INFO >> Loading the cumulative power spectra stack to search
Aug 31 08:46:33 INFO >> DM: 191.6419853946552
Aug 31 08:46:33 INFO >> sigma: 12.902991928288387
Aug 31 08:46:33 INFO >> frequency: 138.6511536855518
Aug 31 08:46:33 INFO >> Injecting 3 harmonics.
Aug 31 08:46:33 INFO >> Starting DM: 190.85930184005878
Aug 31 08:46:33 INFO >> Stopping DM: 192.37727083666584
Aug 31 08:46:33 INFO >> Expected detection at 5.42 sigma with 2 harmonics.
Aug 31 08:46:47 INFO >> Start searching 6558 dm trials using 32 harmonics.
Aug 31 08:46:53 INFO >> Moved power spectra to shared memory.
Aug 31 08:46:53 INFO >> Number of dm trials in single multi processing job: 10
Aug 31 08:47:33 INFO >> Total number of detections=15578
Aug 31 08:47:33 INFO >> Clustering the detections
Aug 31 08:47:33 INFO >> Starting clustering
Aug 31 08:47:33 INFO >> Rogue harmonic power filter reduced detections from 15578 to 8520
Aug 31 08:47:33 INFO >> Filtering out duplicate freq,dm detections at multiple nharms removes 787 detections
Aug 31 08:47:33 INFO >> Duplicate freq,dm filter reduced detections to 7733
Aug 31 08:47:33 INFO >> Number of detections over threshold sigma (6.0): 7733
Aug 31 08:47:33 INFO >> Grouping duplicate frequencies together first
Aug 31 08:47:33 INFO >> Grouping duplicate frequencies removed 7214 detections from the harmonic metric computation
Aug 31 08:47:33 INFO >> Starting freq-DM distance metric computation
Aug 31 08:47:34 INFO >> Finished freq-DM distance metric computation
Aug 31 08:47:34 INFO >> Largest group size for metric computation is 97
Aug 31 08:47:34 INFO >> Starting harmonic distance metric computation
Aug 31 08:47:35 INFO >> Finished harmonic distance metric computation
Aug 31 08:47:35 INFO >> Starting DBSCAN
Aug 31 08:47:35 INFO >> Finished DBSCAN
Aug 31 08:47:35 INFO >> Clusters found: 75
Aug 31 08:47:35 INFO >> Filtered 32 clusters below or equal 2 DM.
Aug 31 08:47:35 INFO >> Total number of candidate clusters=0
Aug 31 08:47:35 INFO >> Candidate Processor of stack (315.95 49.23)
Aug 31 08:47:35 INFO >> Making SinglePointingCandidates from a list of 0 PowerSpectraDetectionClusters
Aug 31 08:47:37 INFO >> saved candidates to ./results//injections/315.95_49.23_cumulative_power_spectra_stack_20220627_11_tpa.yml_(506,)_candidates.npz
Aug 31 08:47:37 INFO >> Injected Pulsars:     1
Aug 31 08:47:37 INFO >> Injection Candidates: 0
Aug 31 08:47:37 INFO >> Recovered Injections: 0
Aug 31 08:47:37 INFO >> 0 candidates.
Aug 31 08:47:38 INFO >> Unlinked shared memory for cumulative stack.
Aug 31 08:47:38 INFO >> Pipeline execution time: 2.16 minutes
