Aug 31 01:45:19 INFO >> {"message": "Waiting for suitable server to become available", "selector": "Primary()", "operation": "find", "topologyDescription": "<TopologyDescription id: 66d275af14527c5c54fd7992, topology_type: Unknown, servers: [<ServerDescription ('localhost', 27017) server_type: Unknown, rtt: None>]>", "clientId": {"$oid": "66d275af14527c5c54fd7992"}, "remainingTimeMS": 29}
Aug 31 01:45:19 INFO >> Features initialized as the following:
Aug 31 01:45:19 INFO >> num_unique_dms
Aug 31 01:45:19 INFO >> num_unique_freqs
Aug 31 01:45:19 INFO >> ndetections
Aug 31 01:45:19 INFO >> nharm
Aug 31 01:45:19 INFO >> log_p_dm
Aug 31 01:45:19 INFO >> ['dm_sigma_FitGaussWidth_gauss_sigma', 'dm_sigma_FitGaussWidth_gauss_sigma_rel_err', 'dm_sigma_FitGaussWidth_ndof', 'dm_sigma_FitGaussWidth_rms_err']
Aug 31 01:45:19 INFO >> ['dm_sigma_FitGauss_amplitude', 'dm_sigma_FitGauss_mu', 'dm_sigma_FitGauss_gauss_sigma', 'dm_sigma_FitGauss_amplitude_rel_err', 'dm_sigma_FitGauss_mu_rel_err', 'dm_sigma_FitGauss_gauss_sigma_rel_err', 'dm_sigma_FitGauss_amplitude-detection', 'dm_sigma_FitGauss_mu-detection', 'dm_sigma_FitGauss_ndof', 'dm_sigma_FitGauss_rms_err']
Aug 31 01:45:19 INFO >> ['freq_sigma_FitGaussWidth_gauss_sigma', 'freq_sigma_FitGaussWidth_gauss_sigma_rel_err', 'freq_sigma_FitGaussWidth_ndof', 'freq_sigma_FitGaussWidth_rms_err']
Aug 31 01:45:19 INFO >> ['freq_sigma_FitGauss_amplitude', 'freq_sigma_FitGauss_mu', 'freq_sigma_FitGauss_gauss_sigma', 'freq_sigma_FitGauss_amplitude_rel_err', 'freq_sigma_FitGauss_mu_rel_err', 'freq_sigma_FitGauss_gauss_sigma_rel_err', 'freq_sigma_FitGauss_amplitude-detection', 'freq_sigma_FitGauss_mu-detection', 'freq_sigma_FitGauss_ndof', 'freq_sigma_FitGauss_rms_err']
Aug 31 01:45:19 INFO >> Performing searching on cumulative stack 315.95 49.23
Aug 31 01:45:19 INFO >> Loading the cumulative power spectra stack to search
Aug 31 01:46:16 INFO >> DM: 91.21567107678146
Aug 31 01:46:16 INFO >> sigma: 9.031274315712345
Aug 31 01:46:16 INFO >> frequency: 169.4346548491322
Aug 31 01:46:16 INFO >> Injecting 3 harmonics.
Aug 31 01:46:16 INFO >> Starting DM: 90.57215013088685
Aug 31 01:46:16 INFO >> Stopping DM: 91.78652532817249
Aug 31 01:46:16 INFO >> Expected detection at 3.84 sigma with 2 harmonics.
Aug 31 01:46:30 INFO >> Start searching 6558 dm trials using 32 harmonics.
Aug 31 01:46:36 INFO >> Moved power spectra to shared memory.
Aug 31 01:46:36 INFO >> Number of dm trials in single multi processing job: 10
Aug 31 01:47:17 INFO >> Total number of detections=15577
Aug 31 01:47:17 INFO >> Clustering the detections
Aug 31 01:47:17 INFO >> Starting clustering
Aug 31 01:47:17 INFO >> Rogue harmonic power filter reduced detections from 15577 to 8519
Aug 31 01:47:17 INFO >> Filtering out duplicate freq,dm detections at multiple nharms removes 787 detections
Aug 31 01:47:17 INFO >> Duplicate freq,dm filter reduced detections to 7732
Aug 31 01:47:17 INFO >> Number of detections over threshold sigma (6.0): 7732
Aug 31 01:47:17 INFO >> Grouping duplicate frequencies together first
Aug 31 01:47:17 INFO >> Grouping duplicate frequencies removed 7214 detections from the harmonic metric computation
Aug 31 01:47:17 INFO >> Starting freq-DM distance metric computation
Aug 31 01:47:17 INFO >> Finished freq-DM distance metric computation
Aug 31 01:47:18 INFO >> Largest group size for metric computation is 97
Aug 31 01:47:18 INFO >> Starting harmonic distance metric computation
Aug 31 01:47:18 INFO >> Finished harmonic distance metric computation
Aug 31 01:47:18 INFO >> Starting DBSCAN
Aug 31 01:47:19 INFO >> Finished DBSCAN
Aug 31 01:47:19 INFO >> Clusters found: 75
Aug 31 01:47:19 INFO >> Filtered 32 clusters below or equal 2 DM.
Aug 31 01:47:19 INFO >> Total number of candidate clusters=0
Aug 31 01:47:19 INFO >> Candidate Processor of stack (315.95 49.23)
Aug 31 01:47:19 INFO >> Making SinglePointingCandidates from a list of 0 PowerSpectraDetectionClusters
Aug 31 01:47:21 INFO >> saved candidates to ./results//injections/315.95_49.23_cumulative_power_spectra_stack_20220627_11_tpa.yml_(305,)_candidates.npz
Aug 31 01:47:21 INFO >> Injected Pulsars:     1
Aug 31 01:47:21 INFO >> Injection Candidates: 0
Aug 31 01:47:21 INFO >> Recovered Injections: 0
Aug 31 01:47:21 INFO >> 0 candidates.
Aug 31 01:47:22 INFO >> Unlinked shared memory for cumulative stack.
Aug 31 01:47:22 INFO >> Pipeline execution time: 2.06 minutes
