Aug 31 17:21:41 INFO >> {"message": "Waiting for suitable server to become available", "selector": "Primary()", "operation": "find", "topologyDescription": "<TopologyDescription id: 66d35125b13f21ea85a9095c, topology_type: Unknown, servers: [<ServerDescription ('localhost', 27017) server_type: Unknown, rtt: None>]>", "clientId": {"$oid": "66d35125b13f21ea85a9095c"}, "remainingTimeMS": 29}
Aug 31 17:21:41 INFO >> Features initialized as the following:
Aug 31 17:21:41 INFO >> num_unique_dms
Aug 31 17:21:41 INFO >> num_unique_freqs
Aug 31 17:21:41 INFO >> ndetections
Aug 31 17:21:41 INFO >> nharm
Aug 31 17:21:41 INFO >> log_p_dm
Aug 31 17:21:41 INFO >> ['dm_sigma_FitGaussWidth_gauss_sigma', 'dm_sigma_FitGaussWidth_gauss_sigma_rel_err', 'dm_sigma_FitGaussWidth_ndof', 'dm_sigma_FitGaussWidth_rms_err']
Aug 31 17:21:41 INFO >> ['dm_sigma_FitGauss_amplitude', 'dm_sigma_FitGauss_mu', 'dm_sigma_FitGauss_gauss_sigma', 'dm_sigma_FitGauss_amplitude_rel_err', 'dm_sigma_FitGauss_mu_rel_err', 'dm_sigma_FitGauss_gauss_sigma_rel_err', 'dm_sigma_FitGauss_amplitude-detection', 'dm_sigma_FitGauss_mu-detection', 'dm_sigma_FitGauss_ndof', 'dm_sigma_FitGauss_rms_err']
Aug 31 17:21:41 INFO >> ['freq_sigma_FitGaussWidth_gauss_sigma', 'freq_sigma_FitGaussWidth_gauss_sigma_rel_err', 'freq_sigma_FitGaussWidth_ndof', 'freq_sigma_FitGaussWidth_rms_err']
Aug 31 17:21:41 INFO >> ['freq_sigma_FitGauss_amplitude', 'freq_sigma_FitGauss_mu', 'freq_sigma_FitGauss_gauss_sigma', 'freq_sigma_FitGauss_amplitude_rel_err', 'freq_sigma_FitGauss_mu_rel_err', 'freq_sigma_FitGauss_gauss_sigma_rel_err', 'freq_sigma_FitGauss_amplitude-detection', 'freq_sigma_FitGauss_mu-detection', 'freq_sigma_FitGauss_ndof', 'freq_sigma_FitGauss_rms_err']
Aug 31 17:21:41 INFO >> Performing searching on cumulative stack 315.95 49.23
Aug 31 17:21:41 INFO >> Loading the cumulative power spectra stack to search
Aug 31 17:22:38 INFO >> DM: 198.82416558430893
Aug 31 17:22:38 INFO >> sigma: 16.208160808624804
Aug 31 17:22:38 INFO >> frequency: 54.43877201693055
Aug 31 17:22:38 INFO >> Injecting 9 harmonics.
Aug 31 17:22:38 INFO >> Starting DM: 196.93117782648696
Aug 31 17:22:38 INFO >> Stopping DM: 200.675501351451
Aug 31 17:22:38 INFO >> Expected detection at 15.36 sigma with 8 harmonics.
Aug 31 17:22:52 INFO >> Start searching 6558 dm trials using 32 harmonics.
Aug 31 17:22:58 INFO >> Moved power spectra to shared memory.
Aug 31 17:22:58 INFO >> Number of dm trials in single multi processing job: 10
Aug 31 17:23:38 INFO >> Total number of detections=15703
Aug 31 17:23:38 INFO >> Clustering the detections
Aug 31 17:23:38 INFO >> Starting clustering
Aug 31 17:23:38 INFO >> Rogue harmonic power filter reduced detections from 15703 to 8638
Aug 31 17:23:38 INFO >> Filtering out duplicate freq,dm detections at multiple nharms removes 845 detections
Aug 31 17:23:38 INFO >> Duplicate freq,dm filter reduced detections to 7793
Aug 31 17:23:38 INFO >> Number of detections over threshold sigma (6.0): 7793
Aug 31 17:23:38 INFO >> Grouping duplicate frequencies together first
Aug 31 17:23:38 INFO >> Grouping duplicate frequencies removed 7254 detections from the harmonic metric computation
Aug 31 17:23:38 INFO >> Starting freq-DM distance metric computation
Aug 31 17:23:39 INFO >> Finished freq-DM distance metric computation
Aug 31 17:23:39 INFO >> Largest group size for metric computation is 97
Aug 31 17:23:39 INFO >> Starting harmonic distance metric computation
Aug 31 17:23:40 INFO >> Finished harmonic distance metric computation
Aug 31 17:23:40 INFO >> Starting DBSCAN
Aug 31 17:23:40 INFO >> Finished DBSCAN
Aug 31 17:23:40 INFO >> Clusters found: 76
Aug 31 17:23:40 INFO >> Filtered 32 clusters below or equal 2 DM.
Aug 31 17:23:40 INFO >> Total number of candidate clusters=1
Aug 31 17:23:40 INFO >> Candidate Processor of stack (315.95 49.23)
Aug 31 17:23:40 INFO >> Making SinglePointingCandidates from a list of 1 PowerSpectraDetectionClusters
Aug 31 17:23:42 INFO >> saved candidates to ./results//injections/315.95_49.23_cumulative_power_spectra_stack_20220627_11_tpa.yml_(753,)_candidates.npz
Aug 31 17:23:42 INFO >> Injected Pulsars:     1
Aug 31 17:23:42 INFO >> Injection Candidates: 1
Aug 31 17:23:42 INFO >> Recovered Injections: 1
Aug 31 17:23:42 INFO >> 1 candidates.
Aug 31 17:23:42 INFO >> Best candidate: F0: 54.439 DM: 198.85 Sigma: 14.95
Aug 31 17:23:44 INFO >> Unlinked shared memory for cumulative stack.
Aug 31 17:23:44 INFO >> Pipeline execution time: 2.05 minutes
