Aug 31 03:00:33 INFO >> {"message": "Waiting for suitable server to become available", "selector": "Primary()", "operation": "find", "topologyDescription": "<TopologyDescription id: 66d287518da66ea13b6a7262, topology_type: Unknown, servers: [<ServerDescription ('localhost', 27017) server_type: Unknown, rtt: None>]>", "clientId": {"$oid": "66d287518da66ea13b6a7262"}, "remainingTimeMS": 29}
Aug 31 03:00:33 INFO >> Features initialized as the following:
Aug 31 03:00:33 INFO >> num_unique_dms
Aug 31 03:00:33 INFO >> num_unique_freqs
Aug 31 03:00:33 INFO >> ndetections
Aug 31 03:00:33 INFO >> nharm
Aug 31 03:00:33 INFO >> log_p_dm
Aug 31 03:00:33 INFO >> ['dm_sigma_FitGaussWidth_gauss_sigma', 'dm_sigma_FitGaussWidth_gauss_sigma_rel_err', 'dm_sigma_FitGaussWidth_ndof', 'dm_sigma_FitGaussWidth_rms_err']
Aug 31 03:00:33 INFO >> ['dm_sigma_FitGauss_amplitude', 'dm_sigma_FitGauss_mu', 'dm_sigma_FitGauss_gauss_sigma', 'dm_sigma_FitGauss_amplitude_rel_err', 'dm_sigma_FitGauss_mu_rel_err', 'dm_sigma_FitGauss_gauss_sigma_rel_err', 'dm_sigma_FitGauss_amplitude-detection', 'dm_sigma_FitGauss_mu-detection', 'dm_sigma_FitGauss_ndof', 'dm_sigma_FitGauss_rms_err']
Aug 31 03:00:33 INFO >> ['freq_sigma_FitGaussWidth_gauss_sigma', 'freq_sigma_FitGaussWidth_gauss_sigma_rel_err', 'freq_sigma_FitGaussWidth_ndof', 'freq_sigma_FitGaussWidth_rms_err']
Aug 31 03:00:33 INFO >> ['freq_sigma_FitGauss_amplitude', 'freq_sigma_FitGauss_mu', 'freq_sigma_FitGauss_gauss_sigma', 'freq_sigma_FitGauss_amplitude_rel_err', 'freq_sigma_FitGauss_mu_rel_err', 'freq_sigma_FitGauss_gauss_sigma_rel_err', 'freq_sigma_FitGauss_amplitude-detection', 'freq_sigma_FitGauss_mu-detection', 'freq_sigma_FitGauss_ndof', 'freq_sigma_FitGauss_rms_err']
Aug 31 03:00:33 INFO >> Performing searching on cumulative stack 315.95 49.23
Aug 31 03:00:33 INFO >> Loading the cumulative power spectra stack to search
Aug 31 03:01:30 INFO >> DM: 86.8039209373086
Aug 31 03:01:30 INFO >> sigma: 14.503054336480256
Aug 31 03:01:30 INFO >> frequency: 83.43783009242951
Aug 31 03:01:30 INFO >> Injecting 6 harmonics.
Aug 31 03:01:30 INFO >> Starting DM: 85.6134514086372
Aug 31 03:01:30 INFO >> Stopping DM: 88.04220180320846
Aug 31 03:01:30 INFO >> Expected detection at 14.16 sigma with 4 harmonics.
Aug 31 03:01:44 INFO >> Start searching 6558 dm trials using 32 harmonics.
Aug 31 03:01:50 INFO >> Moved power spectra to shared memory.
Aug 31 03:01:50 INFO >> Number of dm trials in single multi processing job: 10
Aug 31 03:02:31 INFO >> Total number of detections=15654
Aug 31 03:02:31 INFO >> Clustering the detections
Aug 31 03:02:31 INFO >> Starting clustering
Aug 31 03:02:31 INFO >> Rogue harmonic power filter reduced detections from 15654 to 8588
Aug 31 03:02:31 INFO >> Filtering out duplicate freq,dm detections at multiple nharms removes 818 detections
Aug 31 03:02:31 INFO >> Duplicate freq,dm filter reduced detections to 7770
Aug 31 03:02:31 INFO >> Number of detections over threshold sigma (6.0): 7770
Aug 31 03:02:31 INFO >> Grouping duplicate frequencies together first
Aug 31 03:02:31 INFO >> Grouping duplicate frequencies removed 7235 detections from the harmonic metric computation
Aug 31 03:02:31 INFO >> Starting freq-DM distance metric computation
Aug 31 03:02:31 INFO >> Finished freq-DM distance metric computation
Aug 31 03:02:32 INFO >> Largest group size for metric computation is 97
Aug 31 03:02:32 INFO >> Starting harmonic distance metric computation
Aug 31 03:02:32 INFO >> Finished harmonic distance metric computation
Aug 31 03:02:32 INFO >> Starting DBSCAN
Aug 31 03:02:33 INFO >> Finished DBSCAN
Aug 31 03:02:33 INFO >> Clusters found: 76
Aug 31 03:02:33 INFO >> Filtered 32 clusters below or equal 2 DM.
Aug 31 03:02:33 INFO >> Total number of candidate clusters=1
Aug 31 03:02:33 INFO >> Candidate Processor of stack (315.95 49.23)
Aug 31 03:02:33 INFO >> Making SinglePointingCandidates from a list of 1 PowerSpectraDetectionClusters
Aug 31 03:02:35 INFO >> saved candidates to ./results//injections/315.95_49.23_cumulative_power_spectra_stack_20220627_11_tpa.yml_(341,)_candidates.npz
Aug 31 03:02:35 INFO >> Injected Pulsars:     1
Aug 31 03:02:35 INFO >> Injection Candidates: 1
Aug 31 03:02:35 INFO >> Recovered Injections: 1
Aug 31 03:02:35 INFO >> 1 candidates.
Aug 31 03:02:35 INFO >> Best candidate: F0: 83.438 DM: 86.83 Sigma: 13.90
Aug 31 03:02:36 INFO >> Unlinked shared memory for cumulative stack.
Aug 31 03:02:36 INFO >> Pipeline execution time: 2.06 minutes
