Aug 31 11:34:47 INFO >> {"message": "Waiting for suitable server to become available", "selector": "Primary()", "operation": "find", "topologyDescription": "<TopologyDescription id: 66d2ffd75aa19758d3616a53, topology_type: Unknown, servers: [<ServerDescription ('localhost', 27017) server_type: Unknown, rtt: None>]>", "clientId": {"$oid": "66d2ffd75aa19758d3616a53"}, "remainingTimeMS": 29}
Aug 31 11:34:47 INFO >> Features initialized as the following:
Aug 31 11:34:47 INFO >> num_unique_dms
Aug 31 11:34:47 INFO >> num_unique_freqs
Aug 31 11:34:47 INFO >> ndetections
Aug 31 11:34:47 INFO >> nharm
Aug 31 11:34:47 INFO >> log_p_dm
Aug 31 11:34:47 INFO >> ['dm_sigma_FitGaussWidth_gauss_sigma', 'dm_sigma_FitGaussWidth_gauss_sigma_rel_err', 'dm_sigma_FitGaussWidth_ndof', 'dm_sigma_FitGaussWidth_rms_err']
Aug 31 11:34:47 INFO >> ['dm_sigma_FitGauss_amplitude', 'dm_sigma_FitGauss_mu', 'dm_sigma_FitGauss_gauss_sigma', 'dm_sigma_FitGauss_amplitude_rel_err', 'dm_sigma_FitGauss_mu_rel_err', 'dm_sigma_FitGauss_gauss_sigma_rel_err', 'dm_sigma_FitGauss_amplitude-detection', 'dm_sigma_FitGauss_mu-detection', 'dm_sigma_FitGauss_ndof', 'dm_sigma_FitGauss_rms_err']
Aug 31 11:34:47 INFO >> ['freq_sigma_FitGaussWidth_gauss_sigma', 'freq_sigma_FitGaussWidth_gauss_sigma_rel_err', 'freq_sigma_FitGaussWidth_ndof', 'freq_sigma_FitGaussWidth_rms_err']
Aug 31 11:34:47 INFO >> ['freq_sigma_FitGauss_amplitude', 'freq_sigma_FitGauss_mu', 'freq_sigma_FitGauss_gauss_sigma', 'freq_sigma_FitGauss_amplitude_rel_err', 'freq_sigma_FitGauss_mu_rel_err', 'freq_sigma_FitGauss_gauss_sigma_rel_err', 'freq_sigma_FitGauss_amplitude-detection', 'freq_sigma_FitGauss_mu-detection', 'freq_sigma_FitGauss_ndof', 'freq_sigma_FitGauss_rms_err']
Aug 31 11:34:47 INFO >> Performing searching on cumulative stack 315.95 49.23
Aug 31 11:34:47 INFO >> Loading the cumulative power spectra stack to search
Aug 31 11:35:44 INFO >> DM: 19.655538307744354
Aug 31 11:35:44 INFO >> sigma: 8.750173912532377
Aug 31 11:35:44 INFO >> frequency: 24.791889986630927
Aug 31 11:35:44 INFO >> Injecting 20 harmonics.
Aug 31 11:35:44 INFO >> Starting DM: 15.483283765391834
Aug 31 11:35:44 INFO >> Stopping DM: 23.781514280176992
Aug 31 11:35:44 INFO >> Expected detection at 7.64 sigma with 8 harmonics.
Aug 31 11:35:58 INFO >> Start searching 6558 dm trials using 32 harmonics.
Aug 31 11:36:04 INFO >> Moved power spectra to shared memory.
Aug 31 11:36:04 INFO >> Number of dm trials in single multi processing job: 10
Aug 31 11:36:44 INFO >> Total number of detections=15608
Aug 31 11:36:44 INFO >> Clustering the detections
Aug 31 11:36:44 INFO >> Starting clustering
Aug 31 11:36:44 INFO >> Rogue harmonic power filter reduced detections from 15608 to 8550
Aug 31 11:36:44 INFO >> Filtering out duplicate freq,dm detections at multiple nharms removes 794 detections
Aug 31 11:36:44 INFO >> Duplicate freq,dm filter reduced detections to 7756
Aug 31 11:36:44 INFO >> Number of detections over threshold sigma (6.0): 7756
Aug 31 11:36:44 INFO >> Grouping duplicate frequencies together first
Aug 31 11:36:44 INFO >> Grouping duplicate frequencies removed 7233 detections from the harmonic metric computation
Aug 31 11:36:44 INFO >> Starting freq-DM distance metric computation
Aug 31 11:36:45 INFO >> Finished freq-DM distance metric computation
Aug 31 11:36:45 INFO >> Largest group size for metric computation is 97
Aug 31 11:36:45 INFO >> Starting harmonic distance metric computation
Aug 31 11:36:46 INFO >> Finished harmonic distance metric computation
Aug 31 11:36:46 INFO >> Starting DBSCAN
Aug 31 11:36:46 INFO >> Finished DBSCAN
Aug 31 11:36:46 INFO >> Clusters found: 76
Aug 31 11:36:46 INFO >> Filtered 32 clusters below or equal 2 DM.
Aug 31 11:36:46 INFO >> Total number of candidate clusters=1
Aug 31 11:36:46 INFO >> Candidate Processor of stack (315.95 49.23)
Aug 31 11:36:46 INFO >> Making SinglePointingCandidates from a list of 1 PowerSpectraDetectionClusters
Aug 31 11:36:48 INFO >> saved candidates to ./results//injections/315.95_49.23_cumulative_power_spectra_stack_20220627_11_tpa.yml_(587,)_candidates.npz
Aug 31 11:36:48 INFO >> Injected Pulsars:     1
Aug 31 11:36:48 INFO >> Injection Candidates: 1
Aug 31 11:36:48 INFO >> Recovered Injections: 1
Aug 31 11:36:48 INFO >> 1 candidates.
Aug 31 11:36:48 INFO >> Best candidate: F0: 24.792 DM: 19.63 Sigma: 7.92
Aug 31 11:36:50 INFO >> Unlinked shared memory for cumulative stack.
Aug 31 11:36:50 INFO >> Pipeline execution time: 2.05 minutes
