Aug 31 11:36:52 INFO >> {"message": "Waiting for suitable server to become available", "selector": "Primary()", "operation": "find", "topologyDescription": "<TopologyDescription id: 66d30054d27f5f157de084c0, topology_type: Unknown, servers: [<ServerDescription ('localhost', 27017) server_type: Unknown, rtt: None>]>", "clientId": {"$oid": "66d30054d27f5f157de084c0"}, "remainingTimeMS": 29}
Aug 31 11:36:52 INFO >> Features initialized as the following:
Aug 31 11:36:52 INFO >> num_unique_dms
Aug 31 11:36:52 INFO >> num_unique_freqs
Aug 31 11:36:52 INFO >> ndetections
Aug 31 11:36:52 INFO >> nharm
Aug 31 11:36:52 INFO >> log_p_dm
Aug 31 11:36:52 INFO >> ['dm_sigma_FitGaussWidth_gauss_sigma', 'dm_sigma_FitGaussWidth_gauss_sigma_rel_err', 'dm_sigma_FitGaussWidth_ndof', 'dm_sigma_FitGaussWidth_rms_err']
Aug 31 11:36:52 INFO >> ['dm_sigma_FitGauss_amplitude', 'dm_sigma_FitGauss_mu', 'dm_sigma_FitGauss_gauss_sigma', 'dm_sigma_FitGauss_amplitude_rel_err', 'dm_sigma_FitGauss_mu_rel_err', 'dm_sigma_FitGauss_gauss_sigma_rel_err', 'dm_sigma_FitGauss_amplitude-detection', 'dm_sigma_FitGauss_mu-detection', 'dm_sigma_FitGauss_ndof', 'dm_sigma_FitGauss_rms_err']
Aug 31 11:36:52 INFO >> ['freq_sigma_FitGaussWidth_gauss_sigma', 'freq_sigma_FitGaussWidth_gauss_sigma_rel_err', 'freq_sigma_FitGaussWidth_ndof', 'freq_sigma_FitGaussWidth_rms_err']
Aug 31 11:36:52 INFO >> ['freq_sigma_FitGauss_amplitude', 'freq_sigma_FitGauss_mu', 'freq_sigma_FitGauss_gauss_sigma', 'freq_sigma_FitGauss_amplitude_rel_err', 'freq_sigma_FitGauss_mu_rel_err', 'freq_sigma_FitGauss_gauss_sigma_rel_err', 'freq_sigma_FitGauss_amplitude-detection', 'freq_sigma_FitGauss_mu-detection', 'freq_sigma_FitGauss_ndof', 'freq_sigma_FitGauss_rms_err']
Aug 31 11:36:52 INFO >> Performing searching on cumulative stack 315.95 49.23
Aug 31 11:36:52 INFO >> Loading the cumulative power spectra stack to search
Aug 31 11:37:49 INFO >> DM: 108.39267032558757
Aug 31 11:37:49 INFO >> sigma: 12.707521048883123
Aug 31 11:37:49 INFO >> frequency: 93.9843490277376
Aug 31 11:37:49 INFO >> Injecting 5 harmonics.
Aug 31 11:37:49 INFO >> Starting DM: 107.26980909356433
Aug 31 11:37:49 INFO >> Stopping DM: 109.49616362192133
Aug 31 11:37:49 INFO >> Expected detection at 5.09 sigma with 4 harmonics.
Aug 31 11:38:03 INFO >> Start searching 6558 dm trials using 32 harmonics.
Aug 31 11:38:09 INFO >> Moved power spectra to shared memory.
Aug 31 11:38:09 INFO >> Number of dm trials in single multi processing job: 10
Aug 31 11:38:50 INFO >> Total number of detections=15577
Aug 31 11:38:50 INFO >> Clustering the detections
Aug 31 11:38:50 INFO >> Starting clustering
Aug 31 11:38:50 INFO >> Rogue harmonic power filter reduced detections from 15577 to 8519
Aug 31 11:38:50 INFO >> Filtering out duplicate freq,dm detections at multiple nharms removes 787 detections
Aug 31 11:38:50 INFO >> Duplicate freq,dm filter reduced detections to 7732
Aug 31 11:38:50 INFO >> Number of detections over threshold sigma (6.0): 7732
Aug 31 11:38:50 INFO >> Grouping duplicate frequencies together first
Aug 31 11:38:50 INFO >> Grouping duplicate frequencies removed 7214 detections from the harmonic metric computation
Aug 31 11:38:50 INFO >> Starting freq-DM distance metric computation
Aug 31 11:38:50 INFO >> Finished freq-DM distance metric computation
Aug 31 11:38:50 INFO >> Largest group size for metric computation is 97
Aug 31 11:38:50 INFO >> Starting harmonic distance metric computation
Aug 31 11:38:51 INFO >> Finished harmonic distance metric computation
Aug 31 11:38:51 INFO >> Starting DBSCAN
Aug 31 11:38:51 INFO >> Finished DBSCAN
Aug 31 11:38:51 INFO >> Clusters found: 75
Aug 31 11:38:51 INFO >> Filtered 32 clusters below or equal 2 DM.
Aug 31 11:38:51 INFO >> Total number of candidate clusters=0
Aug 31 11:38:51 INFO >> Candidate Processor of stack (315.95 49.23)
Aug 31 11:38:51 INFO >> Making SinglePointingCandidates from a list of 0 PowerSpectraDetectionClusters
Aug 31 11:38:53 INFO >> saved candidates to ./results//injections/315.95_49.23_cumulative_power_spectra_stack_20220627_11_tpa.yml_(588,)_candidates.npz
Aug 31 11:38:53 INFO >> Injected Pulsars:     1
Aug 31 11:38:53 INFO >> Injection Candidates: 0
Aug 31 11:38:53 INFO >> Recovered Injections: 0
Aug 31 11:38:53 INFO >> 0 candidates.
Aug 31 11:38:54 INFO >> Unlinked shared memory for cumulative stack.
Aug 31 11:38:54 INFO >> Pipeline execution time: 2.05 minutes
