Aug 31 01:47:24 INFO >> {"message": "Waiting for suitable server to become available", "selector": "Primary()", "operation": "find", "topologyDescription": "<TopologyDescription id: 66d2762ce2c34a81bd954bc0, topology_type: Unknown, servers: [<ServerDescription ('localhost', 27017) server_type: Unknown, rtt: None>]>", "clientId": {"$oid": "66d2762ce2c34a81bd954bc0"}, "remainingTimeMS": 29}
Aug 31 01:47:24 INFO >> Features initialized as the following:
Aug 31 01:47:24 INFO >> num_unique_dms
Aug 31 01:47:24 INFO >> num_unique_freqs
Aug 31 01:47:24 INFO >> ndetections
Aug 31 01:47:24 INFO >> nharm
Aug 31 01:47:24 INFO >> log_p_dm
Aug 31 01:47:24 INFO >> ['dm_sigma_FitGaussWidth_gauss_sigma', 'dm_sigma_FitGaussWidth_gauss_sigma_rel_err', 'dm_sigma_FitGaussWidth_ndof', 'dm_sigma_FitGaussWidth_rms_err']
Aug 31 01:47:24 INFO >> ['dm_sigma_FitGauss_amplitude', 'dm_sigma_FitGauss_mu', 'dm_sigma_FitGauss_gauss_sigma', 'dm_sigma_FitGauss_amplitude_rel_err', 'dm_sigma_FitGauss_mu_rel_err', 'dm_sigma_FitGauss_gauss_sigma_rel_err', 'dm_sigma_FitGauss_amplitude-detection', 'dm_sigma_FitGauss_mu-detection', 'dm_sigma_FitGauss_ndof', 'dm_sigma_FitGauss_rms_err']
Aug 31 01:47:24 INFO >> ['freq_sigma_FitGaussWidth_gauss_sigma', 'freq_sigma_FitGaussWidth_gauss_sigma_rel_err', 'freq_sigma_FitGaussWidth_ndof', 'freq_sigma_FitGaussWidth_rms_err']
Aug 31 01:47:24 INFO >> ['freq_sigma_FitGauss_amplitude', 'freq_sigma_FitGauss_mu', 'freq_sigma_FitGauss_gauss_sigma', 'freq_sigma_FitGauss_amplitude_rel_err', 'freq_sigma_FitGauss_mu_rel_err', 'freq_sigma_FitGauss_gauss_sigma_rel_err', 'freq_sigma_FitGauss_amplitude-detection', 'freq_sigma_FitGauss_mu-detection', 'freq_sigma_FitGauss_ndof', 'freq_sigma_FitGauss_rms_err']
Aug 31 01:47:24 INFO >> Performing searching on cumulative stack 315.95 49.23
Aug 31 01:47:24 INFO >> Loading the cumulative power spectra stack to search
Aug 31 01:48:22 INFO >> DM: 65.56152757066619
Aug 31 01:48:22 INFO >> sigma: 12.077978434597679
Aug 31 01:48:22 INFO >> frequency: 183.3627027221672
Aug 31 01:48:22 INFO >> Injecting 2 harmonics.
Aug 31 01:48:22 INFO >> Starting DM: 64.96907305478142
Aug 31 01:48:22 INFO >> Stopping DM: 66.08225031895991
Aug 31 01:48:22 INFO >> Expected detection at 10.75 sigma with 2 harmonics.
Aug 31 01:48:36 INFO >> Start searching 6558 dm trials using 32 harmonics.
Aug 31 01:48:42 INFO >> Moved power spectra to shared memory.
Aug 31 01:48:42 INFO >> Number of dm trials in single multi processing job: 10
Aug 31 01:49:22 INFO >> Total number of detections=15593
Aug 31 01:49:22 INFO >> Clustering the detections
Aug 31 01:49:22 INFO >> Starting clustering
Aug 31 01:49:22 INFO >> Rogue harmonic power filter reduced detections from 15593 to 8533
Aug 31 01:49:22 INFO >> Filtering out duplicate freq,dm detections at multiple nharms removes 791 detections
Aug 31 01:49:22 INFO >> Duplicate freq,dm filter reduced detections to 7742
Aug 31 01:49:22 INFO >> Number of detections over threshold sigma (6.0): 7742
Aug 31 01:49:22 INFO >> Grouping duplicate frequencies together first
Aug 31 01:49:22 INFO >> Grouping duplicate frequencies removed 7217 detections from the harmonic metric computation
Aug 31 01:49:22 INFO >> Starting freq-DM distance metric computation
Aug 31 01:49:23 INFO >> Finished freq-DM distance metric computation
Aug 31 01:49:23 INFO >> Largest group size for metric computation is 97
Aug 31 01:49:23 INFO >> Starting harmonic distance metric computation
Aug 31 01:49:23 INFO >> Finished harmonic distance metric computation
Aug 31 01:49:23 INFO >> Starting DBSCAN
Aug 31 01:49:24 INFO >> Finished DBSCAN
Aug 31 01:49:24 INFO >> Clusters found: 76
Aug 31 01:49:24 INFO >> Filtered 32 clusters below or equal 2 DM.
Aug 31 01:49:24 INFO >> Total number of candidate clusters=1
Aug 31 01:49:24 INFO >> Candidate Processor of stack (315.95 49.23)
Aug 31 01:49:24 INFO >> Making SinglePointingCandidates from a list of 1 PowerSpectraDetectionClusters
Aug 31 01:49:26 INFO >> saved candidates to ./results//injections/315.95_49.23_cumulative_power_spectra_stack_20220627_11_tpa.yml_(306,)_candidates.npz
Aug 31 01:49:26 INFO >> Injected Pulsars:     1
Aug 31 01:49:26 INFO >> Injection Candidates: 1
Aug 31 01:49:26 INFO >> Recovered Injections: 1
Aug 31 01:49:26 INFO >> 1 candidates.
Aug 31 01:49:26 INFO >> Best candidate: F0: 183.363 DM: 65.58 Sigma: 10.67
Aug 31 01:49:27 INFO >> Unlinked shared memory for cumulative stack.
Aug 31 01:49:27 INFO >> Pipeline execution time: 2.05 minutes
