Aug 31 06:29:43 INFO >> {"message": "Waiting for suitable server to become available", "selector": "Primary()", "operation": "find", "topologyDescription": "<TopologyDescription id: 66d2b857eb3f2f6ee6961a46, topology_type: Unknown, servers: [<ServerDescription ('localhost', 27017) server_type: Unknown, rtt: None>]>", "clientId": {"$oid": "66d2b857eb3f2f6ee6961a46"}, "remainingTimeMS": 29}
Aug 31 06:29:43 INFO >> Features initialized as the following:
Aug 31 06:29:43 INFO >> num_unique_dms
Aug 31 06:29:43 INFO >> num_unique_freqs
Aug 31 06:29:43 INFO >> ndetections
Aug 31 06:29:43 INFO >> nharm
Aug 31 06:29:43 INFO >> log_p_dm
Aug 31 06:29:43 INFO >> ['dm_sigma_FitGaussWidth_gauss_sigma', 'dm_sigma_FitGaussWidth_gauss_sigma_rel_err', 'dm_sigma_FitGaussWidth_ndof', 'dm_sigma_FitGaussWidth_rms_err']
Aug 31 06:29:43 INFO >> ['dm_sigma_FitGauss_amplitude', 'dm_sigma_FitGauss_mu', 'dm_sigma_FitGauss_gauss_sigma', 'dm_sigma_FitGauss_amplitude_rel_err', 'dm_sigma_FitGauss_mu_rel_err', 'dm_sigma_FitGauss_gauss_sigma_rel_err', 'dm_sigma_FitGauss_amplitude-detection', 'dm_sigma_FitGauss_mu-detection', 'dm_sigma_FitGauss_ndof', 'dm_sigma_FitGauss_rms_err']
Aug 31 06:29:43 INFO >> ['freq_sigma_FitGaussWidth_gauss_sigma', 'freq_sigma_FitGaussWidth_gauss_sigma_rel_err', 'freq_sigma_FitGaussWidth_ndof', 'freq_sigma_FitGaussWidth_rms_err']
Aug 31 06:29:43 INFO >> ['freq_sigma_FitGauss_amplitude', 'freq_sigma_FitGauss_mu', 'freq_sigma_FitGauss_gauss_sigma', 'freq_sigma_FitGauss_amplitude_rel_err', 'freq_sigma_FitGauss_mu_rel_err', 'freq_sigma_FitGauss_gauss_sigma_rel_err', 'freq_sigma_FitGauss_amplitude-detection', 'freq_sigma_FitGauss_mu-detection', 'freq_sigma_FitGauss_ndof', 'freq_sigma_FitGauss_rms_err']
Aug 31 06:29:43 INFO >> Performing searching on cumulative stack 315.95 49.23
Aug 31 06:29:43 INFO >> Loading the cumulative power spectra stack to search
Aug 31 06:30:40 INFO >> DM: 97.59112745020363
Aug 31 06:30:40 INFO >> sigma: 14.737999702102734
Aug 31 06:30:40 INFO >> frequency: 91.17652963181516
Aug 31 06:30:40 INFO >> Injecting 5 harmonics.
Aug 31 06:30:40 INFO >> Starting DM: 96.44163025110075
Aug 31 06:30:40 INFO >> Stopping DM: 98.76918271256488
Aug 31 06:30:40 INFO >> Expected detection at 10.99 sigma with 2 harmonics.
Aug 31 06:30:54 INFO >> Start searching 6558 dm trials using 32 harmonics.
Aug 31 06:31:00 INFO >> Moved power spectra to shared memory.
Aug 31 06:31:00 INFO >> Number of dm trials in single multi processing job: 10
Aug 31 06:31:40 INFO >> Total number of detections=15646
Aug 31 06:31:40 INFO >> Clustering the detections
Aug 31 06:31:40 INFO >> Starting clustering
Aug 31 06:31:40 INFO >> Rogue harmonic power filter reduced detections from 15646 to 8571
Aug 31 06:31:40 INFO >> Filtering out duplicate freq,dm detections at multiple nharms removes 804 detections
Aug 31 06:31:40 INFO >> Duplicate freq,dm filter reduced detections to 7767
Aug 31 06:31:40 INFO >> Number of detections over threshold sigma (6.0): 7767
Aug 31 06:31:40 INFO >> Grouping duplicate frequencies together first
Aug 31 06:31:40 INFO >> Grouping duplicate frequencies removed 7231 detections from the harmonic metric computation
Aug 31 06:31:40 INFO >> Starting freq-DM distance metric computation
Aug 31 06:31:40 INFO >> Finished freq-DM distance metric computation
Aug 31 06:31:41 INFO >> Largest group size for metric computation is 97
Aug 31 06:31:41 INFO >> Starting harmonic distance metric computation
Aug 31 06:31:41 INFO >> Finished harmonic distance metric computation
Aug 31 06:31:41 INFO >> Starting DBSCAN
Aug 31 06:31:42 INFO >> Finished DBSCAN
Aug 31 06:31:42 INFO >> Clusters found: 76
Aug 31 06:31:42 INFO >> Filtered 32 clusters below or equal 2 DM.
Aug 31 06:31:42 INFO >> Total number of candidate clusters=1
Aug 31 06:31:42 INFO >> Candidate Processor of stack (315.95 49.23)
Aug 31 06:31:42 INFO >> Making SinglePointingCandidates from a list of 1 PowerSpectraDetectionClusters
Aug 31 06:31:44 INFO >> saved candidates to ./results//injections/315.95_49.23_cumulative_power_spectra_stack_20220627_11_tpa.yml_(441,)_candidates.npz
Aug 31 06:31:44 INFO >> Injected Pulsars:     1
Aug 31 06:31:44 INFO >> Injection Candidates: 1
Aug 31 06:31:44 INFO >> Recovered Injections: 1
Aug 31 06:31:44 INFO >> 1 candidates.
Aug 31 06:31:44 INFO >> Best candidate: F0: 91.176 DM: 97.55 Sigma: 11.37
Aug 31 06:31:45 INFO >> Unlinked shared memory for cumulative stack.
Aug 31 06:31:45 INFO >> Pipeline execution time: 2.04 minutes
