Aug 31 07:05:11 INFO >> {"message": "Waiting for suitable server to become available", "selector": "Primary()", "operation": "find", "topologyDescription": "<TopologyDescription id: 66d2c0a77f9cc1feb9ea6559, topology_type: Unknown, servers: [<ServerDescription ('localhost', 27017) server_type: Unknown, rtt: None>]>", "clientId": {"$oid": "66d2c0a77f9cc1feb9ea6559"}, "remainingTimeMS": 29}
Aug 31 07:05:11 INFO >> Features initialized as the following:
Aug 31 07:05:11 INFO >> num_unique_dms
Aug 31 07:05:11 INFO >> num_unique_freqs
Aug 31 07:05:11 INFO >> ndetections
Aug 31 07:05:11 INFO >> nharm
Aug 31 07:05:11 INFO >> log_p_dm
Aug 31 07:05:11 INFO >> ['dm_sigma_FitGaussWidth_gauss_sigma', 'dm_sigma_FitGaussWidth_gauss_sigma_rel_err', 'dm_sigma_FitGaussWidth_ndof', 'dm_sigma_FitGaussWidth_rms_err']
Aug 31 07:05:11 INFO >> ['dm_sigma_FitGauss_amplitude', 'dm_sigma_FitGauss_mu', 'dm_sigma_FitGauss_gauss_sigma', 'dm_sigma_FitGauss_amplitude_rel_err', 'dm_sigma_FitGauss_mu_rel_err', 'dm_sigma_FitGauss_gauss_sigma_rel_err', 'dm_sigma_FitGauss_amplitude-detection', 'dm_sigma_FitGauss_mu-detection', 'dm_sigma_FitGauss_ndof', 'dm_sigma_FitGauss_rms_err']
Aug 31 07:05:11 INFO >> ['freq_sigma_FitGaussWidth_gauss_sigma', 'freq_sigma_FitGaussWidth_gauss_sigma_rel_err', 'freq_sigma_FitGaussWidth_ndof', 'freq_sigma_FitGaussWidth_rms_err']
Aug 31 07:05:11 INFO >> ['freq_sigma_FitGauss_amplitude', 'freq_sigma_FitGauss_mu', 'freq_sigma_FitGauss_gauss_sigma', 'freq_sigma_FitGauss_amplitude_rel_err', 'freq_sigma_FitGauss_mu_rel_err', 'freq_sigma_FitGauss_gauss_sigma_rel_err', 'freq_sigma_FitGauss_amplitude-detection', 'freq_sigma_FitGauss_mu-detection', 'freq_sigma_FitGauss_ndof', 'freq_sigma_FitGauss_rms_err']
Aug 31 07:05:11 INFO >> Performing searching on cumulative stack 315.95 49.23
Aug 31 07:05:11 INFO >> Loading the cumulative power spectra stack to search
Aug 31 07:06:08 INFO >> DM: 146.18329231039152
Aug 31 07:06:08 INFO >> sigma: 15.120508863451676
Aug 31 07:06:08 INFO >> frequency: 25.583150745683014
Aug 31 07:06:08 INFO >> Injecting 19 harmonics.
Aug 31 07:06:08 INFO >> Starting DM: 142.1830960155263
Aug 31 07:06:08 INFO >> Stopping DM: 150.17773273099007
Aug 31 07:06:08 INFO >> Expected detection at 12.39 sigma with 8 harmonics.
Aug 31 07:06:22 INFO >> Start searching 6558 dm trials using 32 harmonics.
Aug 31 07:06:28 INFO >> Moved power spectra to shared memory.
Aug 31 07:06:28 INFO >> Number of dm trials in single multi processing job: 10
Aug 31 07:07:09 INFO >> Total number of detections=15816
Aug 31 07:07:09 INFO >> Clustering the detections
Aug 31 07:07:09 INFO >> Starting clustering
Aug 31 07:07:09 INFO >> Rogue harmonic power filter reduced detections from 15816 to 8738
Aug 31 07:07:09 INFO >> Filtering out duplicate freq,dm detections at multiple nharms removes 883 detections
Aug 31 07:07:09 INFO >> Duplicate freq,dm filter reduced detections to 7855
Aug 31 07:07:09 INFO >> Number of detections over threshold sigma (6.0): 7855
Aug 31 07:07:09 INFO >> Grouping duplicate frequencies together first
Aug 31 07:07:09 INFO >> Grouping duplicate frequencies removed 7312 detections from the harmonic metric computation
Aug 31 07:07:09 INFO >> Starting freq-DM distance metric computation
Aug 31 07:07:09 INFO >> Finished freq-DM distance metric computation
Aug 31 07:07:10 INFO >> Largest group size for metric computation is 97
Aug 31 07:07:10 INFO >> Starting harmonic distance metric computation
Aug 31 07:07:10 INFO >> Finished harmonic distance metric computation
Aug 31 07:07:10 INFO >> Starting DBSCAN
Aug 31 07:07:11 INFO >> Finished DBSCAN
Aug 31 07:07:11 INFO >> Clusters found: 76
Aug 31 07:07:11 INFO >> Filtered 32 clusters below or equal 2 DM.
Aug 31 07:07:11 INFO >> Total number of candidate clusters=1
Aug 31 07:07:11 INFO >> Candidate Processor of stack (315.95 49.23)
Aug 31 07:07:11 INFO >> Making SinglePointingCandidates from a list of 1 PowerSpectraDetectionClusters
Aug 31 07:07:13 INFO >> saved candidates to ./results//injections/315.95_49.23_cumulative_power_spectra_stack_20220627_11_tpa.yml_(458,)_candidates.npz
Aug 31 07:07:13 INFO >> Injected Pulsars:     1
Aug 31 07:07:13 INFO >> Injection Candidates: 1
Aug 31 07:07:13 INFO >> Recovered Injections: 1
Aug 31 07:07:13 INFO >> 1 candidates.
Aug 31 07:07:13 INFO >> Best candidate: F0: 25.583 DM: 146.23 Sigma: 12.32
Aug 31 07:07:14 INFO >> Unlinked shared memory for cumulative stack.
Aug 31 07:07:14 INFO >> Pipeline execution time: 2.06 minutes
