Aug 31 10:23:43 INFO >> {"message": "Waiting for suitable server to become available", "selector": "Primary()", "operation": "find", "topologyDescription": "<TopologyDescription id: 66d2ef2fdde2e8fb128672b1, topology_type: Unknown, servers: [<ServerDescription ('localhost', 27017) server_type: Unknown, rtt: None>]>", "clientId": {"$oid": "66d2ef2fdde2e8fb128672b1"}, "remainingTimeMS": 29}
Aug 31 10:23:43 INFO >> Features initialized as the following:
Aug 31 10:23:43 INFO >> num_unique_dms
Aug 31 10:23:43 INFO >> num_unique_freqs
Aug 31 10:23:43 INFO >> ndetections
Aug 31 10:23:43 INFO >> nharm
Aug 31 10:23:43 INFO >> log_p_dm
Aug 31 10:23:43 INFO >> ['dm_sigma_FitGaussWidth_gauss_sigma', 'dm_sigma_FitGaussWidth_gauss_sigma_rel_err', 'dm_sigma_FitGaussWidth_ndof', 'dm_sigma_FitGaussWidth_rms_err']
Aug 31 10:23:43 INFO >> ['dm_sigma_FitGauss_amplitude', 'dm_sigma_FitGauss_mu', 'dm_sigma_FitGauss_gauss_sigma', 'dm_sigma_FitGauss_amplitude_rel_err', 'dm_sigma_FitGauss_mu_rel_err', 'dm_sigma_FitGauss_gauss_sigma_rel_err', 'dm_sigma_FitGauss_amplitude-detection', 'dm_sigma_FitGauss_mu-detection', 'dm_sigma_FitGauss_ndof', 'dm_sigma_FitGauss_rms_err']
Aug 31 10:23:43 INFO >> ['freq_sigma_FitGaussWidth_gauss_sigma', 'freq_sigma_FitGaussWidth_gauss_sigma_rel_err', 'freq_sigma_FitGaussWidth_ndof', 'freq_sigma_FitGaussWidth_rms_err']
Aug 31 10:23:43 INFO >> ['freq_sigma_FitGauss_amplitude', 'freq_sigma_FitGauss_mu', 'freq_sigma_FitGauss_gauss_sigma', 'freq_sigma_FitGauss_amplitude_rel_err', 'freq_sigma_FitGauss_mu_rel_err', 'freq_sigma_FitGauss_gauss_sigma_rel_err', 'freq_sigma_FitGauss_amplitude-detection', 'freq_sigma_FitGauss_mu-detection', 'freq_sigma_FitGauss_ndof', 'freq_sigma_FitGauss_rms_err']
Aug 31 10:23:43 INFO >> Performing searching on cumulative stack 315.95 49.23
Aug 31 10:23:43 INFO >> Loading the cumulative power spectra stack to search
Aug 31 10:24:41 INFO >> DM: 185.66665977767803
Aug 31 10:24:41 INFO >> sigma: 12.202367313049901
Aug 31 10:24:41 INFO >> frequency: 65.29396984717063
Aug 31 10:24:41 INFO >> Injecting 7 harmonics.
Aug 31 10:24:41 INFO >> Starting DM: 184.07904032188065
Aug 31 10:24:41 INFO >> Stopping DM: 187.2161762482019
Aug 31 10:24:41 INFO >> Expected detection at 8.97 sigma with 4 harmonics.
Aug 31 10:24:55 INFO >> Start searching 6558 dm trials using 32 harmonics.
Aug 31 10:25:01 INFO >> Moved power spectra to shared memory.
Aug 31 10:25:01 INFO >> Number of dm trials in single multi processing job: 10
Aug 31 10:25:42 INFO >> Total number of detections=15604
Aug 31 10:25:42 INFO >> Clustering the detections
Aug 31 10:25:42 INFO >> Starting clustering
Aug 31 10:25:42 INFO >> Rogue harmonic power filter reduced detections from 15604 to 8546
Aug 31 10:25:42 INFO >> Filtering out duplicate freq,dm detections at multiple nharms removes 795 detections
Aug 31 10:25:42 INFO >> Duplicate freq,dm filter reduced detections to 7751
Aug 31 10:25:42 INFO >> Number of detections over threshold sigma (6.0): 7751
Aug 31 10:25:42 INFO >> Grouping duplicate frequencies together first
Aug 31 10:25:42 INFO >> Grouping duplicate frequencies removed 7226 detections from the harmonic metric computation
Aug 31 10:25:42 INFO >> Starting freq-DM distance metric computation
Aug 31 10:25:42 INFO >> Finished freq-DM distance metric computation
Aug 31 10:25:43 INFO >> Largest group size for metric computation is 97
Aug 31 10:25:43 INFO >> Starting harmonic distance metric computation
Aug 31 10:25:43 INFO >> Finished harmonic distance metric computation
Aug 31 10:25:43 INFO >> Starting DBSCAN
Aug 31 10:25:43 INFO >> Finished DBSCAN
Aug 31 10:25:43 INFO >> Clusters found: 77
Aug 31 10:25:43 INFO >> Filtered 32 clusters below or equal 2 DM.
Aug 31 10:25:43 INFO >> Total number of candidate clusters=2
Aug 31 10:25:43 INFO >> Candidate Processor of stack (315.95 49.23)
Aug 31 10:25:43 INFO >> Making SinglePointingCandidates from a list of 2 PowerSpectraDetectionClusters
Aug 31 10:25:46 INFO >> saved candidates to ./results//injections/315.95_49.23_cumulative_power_spectra_stack_20220627_11_tpa.yml_(553,)_candidates.npz
Aug 31 10:25:46 INFO >> Injected Pulsars:     1
Aug 31 10:25:46 INFO >> Injection Candidates: 2
Aug 31 10:25:46 INFO >> Recovered Injections: 1
Aug 31 10:25:46 INFO >> 2 candidates.
Aug 31 10:25:46 INFO >> Best candidate: F0: 65.294 DM: 185.70 Sigma: 8.88
Aug 31 10:25:47 INFO >> Unlinked shared memory for cumulative stack.
Aug 31 10:25:47 INFO >> Pipeline execution time: 2.07 minutes
