Aug 31 07:49:06 INFO >> {"message": "Waiting for suitable server to become available", "selector": "Primary()", "operation": "find", "topologyDescription": "<TopologyDescription id: 66d2caf2a4b0ff259b3f5c3c, topology_type: Unknown, servers: [<ServerDescription ('localhost', 27017) server_type: Unknown, rtt: None>]>", "clientId": {"$oid": "66d2caf2a4b0ff259b3f5c3c"}, "remainingTimeMS": 29}
Aug 31 07:49:06 INFO >> Features initialized as the following:
Aug 31 07:49:06 INFO >> num_unique_dms
Aug 31 07:49:06 INFO >> num_unique_freqs
Aug 31 07:49:06 INFO >> ndetections
Aug 31 07:49:06 INFO >> nharm
Aug 31 07:49:06 INFO >> log_p_dm
Aug 31 07:49:06 INFO >> ['dm_sigma_FitGaussWidth_gauss_sigma', 'dm_sigma_FitGaussWidth_gauss_sigma_rel_err', 'dm_sigma_FitGaussWidth_ndof', 'dm_sigma_FitGaussWidth_rms_err']
Aug 31 07:49:06 INFO >> ['dm_sigma_FitGauss_amplitude', 'dm_sigma_FitGauss_mu', 'dm_sigma_FitGauss_gauss_sigma', 'dm_sigma_FitGauss_amplitude_rel_err', 'dm_sigma_FitGauss_mu_rel_err', 'dm_sigma_FitGauss_gauss_sigma_rel_err', 'dm_sigma_FitGauss_amplitude-detection', 'dm_sigma_FitGauss_mu-detection', 'dm_sigma_FitGauss_ndof', 'dm_sigma_FitGauss_rms_err']
Aug 31 07:49:06 INFO >> ['freq_sigma_FitGaussWidth_gauss_sigma', 'freq_sigma_FitGaussWidth_gauss_sigma_rel_err', 'freq_sigma_FitGaussWidth_ndof', 'freq_sigma_FitGaussWidth_rms_err']
Aug 31 07:49:06 INFO >> ['freq_sigma_FitGauss_amplitude', 'freq_sigma_FitGauss_mu', 'freq_sigma_FitGauss_gauss_sigma', 'freq_sigma_FitGauss_amplitude_rel_err', 'freq_sigma_FitGauss_mu_rel_err', 'freq_sigma_FitGauss_gauss_sigma_rel_err', 'freq_sigma_FitGauss_amplitude-detection', 'freq_sigma_FitGauss_mu-detection', 'freq_sigma_FitGauss_ndof', 'freq_sigma_FitGauss_rms_err']
Aug 31 07:49:06 INFO >> Performing searching on cumulative stack 315.95 49.23
Aug 31 07:49:06 INFO >> Loading the cumulative power spectra stack to search
Aug 31 07:50:03 INFO >> DM: 46.63055042915057
Aug 31 07:50:03 INFO >> sigma: 16.643388234977284
Aug 31 07:50:03 INFO >> frequency: 62.96288290496604
Aug 31 07:50:03 INFO >> Injecting 8 harmonics.
Aug 31 07:50:03 INFO >> Starting DM: 45.03308023267559
Aug 31 07:50:03 INFO >> Stopping DM: 48.271414092103946
Aug 31 07:50:03 INFO >> Expected detection at 10.53 sigma with 8 harmonics.
Aug 31 07:50:18 INFO >> Start searching 6558 dm trials using 32 harmonics.
Aug 31 07:50:23 INFO >> Moved power spectra to shared memory.
Aug 31 07:50:23 INFO >> Number of dm trials in single multi processing job: 10
Aug 31 07:51:03 INFO >> Total number of detections=15582
Aug 31 07:51:03 INFO >> Clustering the detections
Aug 31 07:51:03 INFO >> Starting clustering
Aug 31 07:51:03 INFO >> Rogue harmonic power filter reduced detections from 15582 to 8524
Aug 31 07:51:03 INFO >> Filtering out duplicate freq,dm detections at multiple nharms removes 787 detections
Aug 31 07:51:03 INFO >> Duplicate freq,dm filter reduced detections to 7737
Aug 31 07:51:03 INFO >> Number of detections over threshold sigma (6.0): 7737
Aug 31 07:51:03 INFO >> Grouping duplicate frequencies together first
Aug 31 07:51:03 INFO >> Grouping duplicate frequencies removed 7215 detections from the harmonic metric computation
Aug 31 07:51:03 INFO >> Starting freq-DM distance metric computation
Aug 31 07:51:04 INFO >> Finished freq-DM distance metric computation
Aug 31 07:51:04 INFO >> Largest group size for metric computation is 97
Aug 31 07:51:04 INFO >> Starting harmonic distance metric computation
Aug 31 07:51:05 INFO >> Finished harmonic distance metric computation
Aug 31 07:51:05 INFO >> Starting DBSCAN
Aug 31 07:51:05 INFO >> Finished DBSCAN
Aug 31 07:51:05 INFO >> Clusters found: 76
Aug 31 07:51:05 INFO >> Filtered 32 clusters below or equal 2 DM.
Aug 31 07:51:05 INFO >> Total number of candidate clusters=1
Aug 31 07:51:05 INFO >> Candidate Processor of stack (315.95 49.23)
Aug 31 07:51:05 INFO >> Making SinglePointingCandidates from a list of 1 PowerSpectraDetectionClusters
Aug 31 07:51:07 INFO >> saved candidates to ./results//injections/315.95_49.23_cumulative_power_spectra_stack_20220627_11_tpa.yml_(479,)_candidates.npz
Aug 31 07:51:07 INFO >> Injected Pulsars:     1
Aug 31 07:51:07 INFO >> Injection Candidates: 1
Aug 31 07:51:07 INFO >> Recovered Injections: 1
Aug 31 07:51:07 INFO >> 1 candidates.
Aug 31 07:51:07 INFO >> Best candidate: F0: 62.963 DM: 46.65 Sigma: 10.25
Aug 31 07:51:08 INFO >> Unlinked shared memory for cumulative stack.
Aug 31 07:51:08 INFO >> Pipeline execution time: 2.04 minutes
