Aug 31 09:58:37 INFO >> {"message": "Waiting for suitable server to become available", "selector": "Primary()", "operation": "find", "topologyDescription": "<TopologyDescription id: 66d2e94ddc3327f9806b1bb4, topology_type: Unknown, servers: [<ServerDescription ('localhost', 27017) server_type: Unknown, rtt: None>]>", "clientId": {"$oid": "66d2e94ddc3327f9806b1bb4"}, "remainingTimeMS": 29}
Aug 31 09:58:37 INFO >> Features initialized as the following:
Aug 31 09:58:37 INFO >> num_unique_dms
Aug 31 09:58:37 INFO >> num_unique_freqs
Aug 31 09:58:37 INFO >> ndetections
Aug 31 09:58:37 INFO >> nharm
Aug 31 09:58:37 INFO >> log_p_dm
Aug 31 09:58:37 INFO >> ['dm_sigma_FitGaussWidth_gauss_sigma', 'dm_sigma_FitGaussWidth_gauss_sigma_rel_err', 'dm_sigma_FitGaussWidth_ndof', 'dm_sigma_FitGaussWidth_rms_err']
Aug 31 09:58:37 INFO >> ['dm_sigma_FitGauss_amplitude', 'dm_sigma_FitGauss_mu', 'dm_sigma_FitGauss_gauss_sigma', 'dm_sigma_FitGauss_amplitude_rel_err', 'dm_sigma_FitGauss_mu_rel_err', 'dm_sigma_FitGauss_gauss_sigma_rel_err', 'dm_sigma_FitGauss_amplitude-detection', 'dm_sigma_FitGauss_mu-detection', 'dm_sigma_FitGauss_ndof', 'dm_sigma_FitGauss_rms_err']
Aug 31 09:58:37 INFO >> ['freq_sigma_FitGaussWidth_gauss_sigma', 'freq_sigma_FitGaussWidth_gauss_sigma_rel_err', 'freq_sigma_FitGaussWidth_ndof', 'freq_sigma_FitGaussWidth_rms_err']
Aug 31 09:58:37 INFO >> ['freq_sigma_FitGauss_amplitude', 'freq_sigma_FitGauss_mu', 'freq_sigma_FitGauss_gauss_sigma', 'freq_sigma_FitGauss_amplitude_rel_err', 'freq_sigma_FitGauss_mu_rel_err', 'freq_sigma_FitGauss_gauss_sigma_rel_err', 'freq_sigma_FitGauss_amplitude-detection', 'freq_sigma_FitGauss_mu-detection', 'freq_sigma_FitGauss_ndof', 'freq_sigma_FitGauss_rms_err']
Aug 31 09:58:37 INFO >> Performing searching on cumulative stack 315.95 49.23
Aug 31 09:58:37 INFO >> Loading the cumulative power spectra stack to search
Aug 31 09:59:35 INFO >> DM: 105.39575823153962
Aug 31 09:59:35 INFO >> sigma: 14.208740549741195
Aug 31 09:59:35 INFO >> frequency: 62.87623113436092
Aug 31 09:59:35 INFO >> Injecting 8 harmonics.
Aug 31 09:59:35 INFO >> Starting DM: 103.72788143481456
Aug 31 09:59:35 INFO >> Stopping DM: 107.06741322735004
Aug 31 09:59:35 INFO >> Expected detection at 10.95 sigma with 8 harmonics.
Aug 31 09:59:49 INFO >> Start searching 6558 dm trials using 32 harmonics.
Aug 31 09:59:55 INFO >> Moved power spectra to shared memory.
Aug 31 09:59:55 INFO >> Number of dm trials in single multi processing job: 10
Aug 31 10:00:35 INFO >> Total number of detections=15615
Aug 31 10:00:35 INFO >> Clustering the detections
Aug 31 10:00:35 INFO >> Starting clustering
Aug 31 10:00:35 INFO >> Rogue harmonic power filter reduced detections from 15615 to 8557
Aug 31 10:00:35 INFO >> Filtering out duplicate freq,dm detections at multiple nharms removes 789 detections
Aug 31 10:00:35 INFO >> Duplicate freq,dm filter reduced detections to 7768
Aug 31 10:00:35 INFO >> Number of detections over threshold sigma (6.0): 7768
Aug 31 10:00:35 INFO >> Grouping duplicate frequencies together first
Aug 31 10:00:35 INFO >> Grouping duplicate frequencies removed 7233 detections from the harmonic metric computation
Aug 31 10:00:35 INFO >> Starting freq-DM distance metric computation
Aug 31 10:00:35 INFO >> Finished freq-DM distance metric computation
Aug 31 10:00:36 INFO >> Largest group size for metric computation is 97
Aug 31 10:00:36 INFO >> Starting harmonic distance metric computation
Aug 31 10:00:36 INFO >> Finished harmonic distance metric computation
Aug 31 10:00:36 INFO >> Starting DBSCAN
Aug 31 10:00:37 INFO >> Finished DBSCAN
Aug 31 10:00:37 INFO >> Clusters found: 76
Aug 31 10:00:37 INFO >> Filtered 32 clusters below or equal 2 DM.
Aug 31 10:00:37 INFO >> Total number of candidate clusters=1
Aug 31 10:00:37 INFO >> Candidate Processor of stack (315.95 49.23)
Aug 31 10:00:37 INFO >> Making SinglePointingCandidates from a list of 1 PowerSpectraDetectionClusters
Aug 31 10:00:39 INFO >> saved candidates to ./results//injections/315.95_49.23_cumulative_power_spectra_stack_20220627_11_tpa.yml_(541,)_candidates.npz
Aug 31 10:00:39 INFO >> Injected Pulsars:     1
Aug 31 10:00:39 INFO >> Injection Candidates: 1
Aug 31 10:00:39 INFO >> Recovered Injections: 1
Aug 31 10:00:39 INFO >> 1 candidates.
Aug 31 10:00:39 INFO >> Best candidate: F0: 62.876 DM: 105.35 Sigma: 11.38
Aug 31 10:00:40 INFO >> Unlinked shared memory for cumulative stack.
Aug 31 10:00:40 INFO >> Pipeline execution time: 2.05 minutes
