Aug 31 10:30:01 INFO >> {"message": "Waiting for suitable server to become available", "selector": "Primary()", "operation": "find", "topologyDescription": "<TopologyDescription id: 66d2f0a971e1b455c2f84fb9, topology_type: Unknown, servers: [<ServerDescription ('localhost', 27017) server_type: Unknown, rtt: None>]>", "clientId": {"$oid": "66d2f0a971e1b455c2f84fb9"}, "remainingTimeMS": 29}
Aug 31 10:30:02 INFO >> Features initialized as the following:
Aug 31 10:30:02 INFO >> num_unique_dms
Aug 31 10:30:02 INFO >> num_unique_freqs
Aug 31 10:30:02 INFO >> ndetections
Aug 31 10:30:02 INFO >> nharm
Aug 31 10:30:02 INFO >> log_p_dm
Aug 31 10:30:02 INFO >> ['dm_sigma_FitGaussWidth_gauss_sigma', 'dm_sigma_FitGaussWidth_gauss_sigma_rel_err', 'dm_sigma_FitGaussWidth_ndof', 'dm_sigma_FitGaussWidth_rms_err']
Aug 31 10:30:02 INFO >> ['dm_sigma_FitGauss_amplitude', 'dm_sigma_FitGauss_mu', 'dm_sigma_FitGauss_gauss_sigma', 'dm_sigma_FitGauss_amplitude_rel_err', 'dm_sigma_FitGauss_mu_rel_err', 'dm_sigma_FitGauss_gauss_sigma_rel_err', 'dm_sigma_FitGauss_amplitude-detection', 'dm_sigma_FitGauss_mu-detection', 'dm_sigma_FitGauss_ndof', 'dm_sigma_FitGauss_rms_err']
Aug 31 10:30:02 INFO >> ['freq_sigma_FitGaussWidth_gauss_sigma', 'freq_sigma_FitGaussWidth_gauss_sigma_rel_err', 'freq_sigma_FitGaussWidth_ndof', 'freq_sigma_FitGaussWidth_rms_err']
Aug 31 10:30:02 INFO >> ['freq_sigma_FitGauss_amplitude', 'freq_sigma_FitGauss_mu', 'freq_sigma_FitGauss_gauss_sigma', 'freq_sigma_FitGauss_amplitude_rel_err', 'freq_sigma_FitGauss_mu_rel_err', 'freq_sigma_FitGauss_gauss_sigma_rel_err', 'freq_sigma_FitGauss_amplitude-detection', 'freq_sigma_FitGauss_mu-detection', 'freq_sigma_FitGauss_ndof', 'freq_sigma_FitGauss_rms_err']
Aug 31 10:30:02 INFO >> Performing searching on cumulative stack 315.95 49.23
Aug 31 10:30:02 INFO >> Loading the cumulative power spectra stack to search
Aug 31 10:30:59 INFO >> DM: 199.95618738021955
Aug 31 10:30:59 INFO >> sigma: 7.221740601864436
Aug 31 10:30:59 INFO >> frequency: 62.38998028136058
Aug 31 10:30:59 INFO >> Injecting 8 harmonics.
Aug 31 10:30:59 INFO >> Starting DM: 198.34794888998687
Aug 31 10:30:59 INFO >> Stopping DM: 201.5862827494152
Aug 31 10:30:59 INFO >> Expected detection at 6.95 sigma with 8 harmonics.
Aug 31 10:31:13 INFO >> Start searching 6558 dm trials using 32 harmonics.
Aug 31 10:31:19 INFO >> Moved power spectra to shared memory.
Aug 31 10:31:19 INFO >> Number of dm trials in single multi processing job: 10
Aug 31 10:31:59 INFO >> Total number of detections=15578
Aug 31 10:31:59 INFO >> Clustering the detections
Aug 31 10:31:59 INFO >> Starting clustering
Aug 31 10:31:59 INFO >> Rogue harmonic power filter reduced detections from 15578 to 8520
Aug 31 10:31:59 INFO >> Filtering out duplicate freq,dm detections at multiple nharms removes 787 detections
Aug 31 10:31:59 INFO >> Duplicate freq,dm filter reduced detections to 7733
Aug 31 10:31:59 INFO >> Number of detections over threshold sigma (6.0): 7733
Aug 31 10:31:59 INFO >> Grouping duplicate frequencies together first
Aug 31 10:31:59 INFO >> Grouping duplicate frequencies removed 7214 detections from the harmonic metric computation
Aug 31 10:31:59 INFO >> Starting freq-DM distance metric computation
Aug 31 10:32:00 INFO >> Finished freq-DM distance metric computation
Aug 31 10:32:00 INFO >> Largest group size for metric computation is 97
Aug 31 10:32:00 INFO >> Starting harmonic distance metric computation
Aug 31 10:32:01 INFO >> Finished harmonic distance metric computation
Aug 31 10:32:01 INFO >> Starting DBSCAN
Aug 31 10:32:01 INFO >> Finished DBSCAN
Aug 31 10:32:01 INFO >> Clusters found: 75
Aug 31 10:32:01 INFO >> Filtered 32 clusters below or equal 2 DM.
Aug 31 10:32:01 INFO >> Total number of candidate clusters=0
Aug 31 10:32:01 INFO >> Candidate Processor of stack (315.95 49.23)
Aug 31 10:32:01 INFO >> Making SinglePointingCandidates from a list of 0 PowerSpectraDetectionClusters
Aug 31 10:32:03 INFO >> saved candidates to ./results//injections/315.95_49.23_cumulative_power_spectra_stack_20220627_11_tpa.yml_(556,)_candidates.npz
Aug 31 10:32:03 INFO >> Injected Pulsars:     1
Aug 31 10:32:03 INFO >> Injection Candidates: 0
Aug 31 10:32:03 INFO >> Recovered Injections: 0
Aug 31 10:32:03 INFO >> 0 candidates.
Aug 31 10:32:04 INFO >> Unlinked shared memory for cumulative stack.
Aug 31 10:32:04 INFO >> Pipeline execution time: 2.04 minutes
