Aug 31 10:42:35 INFO >> {"message": "Waiting for suitable server to become available", "selector": "Primary()", "operation": "find", "topologyDescription": "<TopologyDescription id: 66d2f39bfd710bacdb800bbf, topology_type: Unknown, servers: [<ServerDescription ('localhost', 27017) server_type: Unknown, rtt: None>]>", "clientId": {"$oid": "66d2f39bfd710bacdb800bbf"}, "remainingTimeMS": 29}
Aug 31 10:42:35 INFO >> Features initialized as the following:
Aug 31 10:42:35 INFO >> num_unique_dms
Aug 31 10:42:35 INFO >> num_unique_freqs
Aug 31 10:42:35 INFO >> ndetections
Aug 31 10:42:35 INFO >> nharm
Aug 31 10:42:35 INFO >> log_p_dm
Aug 31 10:42:35 INFO >> ['dm_sigma_FitGaussWidth_gauss_sigma', 'dm_sigma_FitGaussWidth_gauss_sigma_rel_err', 'dm_sigma_FitGaussWidth_ndof', 'dm_sigma_FitGaussWidth_rms_err']
Aug 31 10:42:35 INFO >> ['dm_sigma_FitGauss_amplitude', 'dm_sigma_FitGauss_mu', 'dm_sigma_FitGauss_gauss_sigma', 'dm_sigma_FitGauss_amplitude_rel_err', 'dm_sigma_FitGauss_mu_rel_err', 'dm_sigma_FitGauss_gauss_sigma_rel_err', 'dm_sigma_FitGauss_amplitude-detection', 'dm_sigma_FitGauss_mu-detection', 'dm_sigma_FitGauss_ndof', 'dm_sigma_FitGauss_rms_err']
Aug 31 10:42:35 INFO >> ['freq_sigma_FitGaussWidth_gauss_sigma', 'freq_sigma_FitGaussWidth_gauss_sigma_rel_err', 'freq_sigma_FitGaussWidth_ndof', 'freq_sigma_FitGaussWidth_rms_err']
Aug 31 10:42:35 INFO >> ['freq_sigma_FitGauss_amplitude', 'freq_sigma_FitGauss_mu', 'freq_sigma_FitGauss_gauss_sigma', 'freq_sigma_FitGauss_amplitude_rel_err', 'freq_sigma_FitGauss_mu_rel_err', 'freq_sigma_FitGauss_gauss_sigma_rel_err', 'freq_sigma_FitGauss_amplitude-detection', 'freq_sigma_FitGauss_mu-detection', 'freq_sigma_FitGauss_ndof', 'freq_sigma_FitGauss_rms_err']
Aug 31 10:42:36 INFO >> Performing searching on cumulative stack 315.95 49.23
Aug 31 10:42:36 INFO >> Loading the cumulative power spectra stack to search
Aug 31 10:43:33 INFO >> DM: 184.31281123960952
Aug 31 10:43:33 INFO >> sigma: 9.922156365874372
Aug 31 10:43:33 INFO >> frequency: 102.01132414852827
Aug 31 10:43:33 INFO >> Injecting 4 harmonics.
Aug 31 10:43:33 INFO >> Starting DM: 183.26945685702356
Aug 31 10:43:33 INFO >> Stopping DM: 185.29341551916627
Aug 31 10:43:33 INFO >> Expected detection at 7.26 sigma with 4 harmonics.
Aug 31 10:43:47 INFO >> Start searching 6558 dm trials using 32 harmonics.
Aug 31 10:43:53 INFO >> Moved power spectra to shared memory.
Aug 31 10:43:53 INFO >> Number of dm trials in single multi processing job: 10
Aug 31 10:44:34 INFO >> Total number of detections=15580
Aug 31 10:44:34 INFO >> Clustering the detections
Aug 31 10:44:34 INFO >> Starting clustering
Aug 31 10:44:34 INFO >> Rogue harmonic power filter reduced detections from 15580 to 8522
Aug 31 10:44:34 INFO >> Filtering out duplicate freq,dm detections at multiple nharms removes 788 detections
Aug 31 10:44:34 INFO >> Duplicate freq,dm filter reduced detections to 7734
Aug 31 10:44:34 INFO >> Number of detections over threshold sigma (6.0): 7734
Aug 31 10:44:34 INFO >> Grouping duplicate frequencies together first
Aug 31 10:44:34 INFO >> Grouping duplicate frequencies removed 7214 detections from the harmonic metric computation
Aug 31 10:44:34 INFO >> Starting freq-DM distance metric computation
Aug 31 10:44:34 INFO >> Finished freq-DM distance metric computation
Aug 31 10:44:35 INFO >> Largest group size for metric computation is 97
Aug 31 10:44:35 INFO >> Starting harmonic distance metric computation
Aug 31 10:44:35 INFO >> Finished harmonic distance metric computation
Aug 31 10:44:35 INFO >> Starting DBSCAN
Aug 31 10:44:35 INFO >> Finished DBSCAN
Aug 31 10:44:35 INFO >> Clusters found: 75
Aug 31 10:44:35 INFO >> Filtered 32 clusters below or equal 2 DM.
Aug 31 10:44:35 INFO >> Total number of candidate clusters=0
Aug 31 10:44:35 INFO >> Candidate Processor of stack (315.95 49.23)
Aug 31 10:44:35 INFO >> Making SinglePointingCandidates from a list of 0 PowerSpectraDetectionClusters
Aug 31 10:44:37 INFO >> saved candidates to ./results//injections/315.95_49.23_cumulative_power_spectra_stack_20220627_11_tpa.yml_(562,)_candidates.npz
Aug 31 10:44:37 INFO >> Injected Pulsars:     1
Aug 31 10:44:37 INFO >> Injection Candidates: 0
Aug 31 10:44:37 INFO >> Recovered Injections: 0
Aug 31 10:44:37 INFO >> 0 candidates.
Aug 31 10:44:39 INFO >> Unlinked shared memory for cumulative stack.
Aug 31 10:44:39 INFO >> Pipeline execution time: 2.06 minutes
