Aug 31 00:09:16 INFO >> {"message": "Waiting for suitable server to become available", "selector": "Primary()", "operation": "find", "topologyDescription": "<TopologyDescription id: 66d25f2c1eac150b2151e2a7, topology_type: Unknown, servers: [<ServerDescription ('localhost', 27017) server_type: Unknown, rtt: None>]>", "clientId": {"$oid": "66d25f2c1eac150b2151e2a7"}, "remainingTimeMS": 29}
Aug 31 00:09:16 INFO >> Features initialized as the following:
Aug 31 00:09:16 INFO >> num_unique_dms
Aug 31 00:09:16 INFO >> num_unique_freqs
Aug 31 00:09:16 INFO >> ndetections
Aug 31 00:09:16 INFO >> nharm
Aug 31 00:09:16 INFO >> log_p_dm
Aug 31 00:09:16 INFO >> ['dm_sigma_FitGaussWidth_gauss_sigma', 'dm_sigma_FitGaussWidth_gauss_sigma_rel_err', 'dm_sigma_FitGaussWidth_ndof', 'dm_sigma_FitGaussWidth_rms_err']
Aug 31 00:09:16 INFO >> ['dm_sigma_FitGauss_amplitude', 'dm_sigma_FitGauss_mu', 'dm_sigma_FitGauss_gauss_sigma', 'dm_sigma_FitGauss_amplitude_rel_err', 'dm_sigma_FitGauss_mu_rel_err', 'dm_sigma_FitGauss_gauss_sigma_rel_err', 'dm_sigma_FitGauss_amplitude-detection', 'dm_sigma_FitGauss_mu-detection', 'dm_sigma_FitGauss_ndof', 'dm_sigma_FitGauss_rms_err']
Aug 31 00:09:16 INFO >> ['freq_sigma_FitGaussWidth_gauss_sigma', 'freq_sigma_FitGaussWidth_gauss_sigma_rel_err', 'freq_sigma_FitGaussWidth_ndof', 'freq_sigma_FitGaussWidth_rms_err']
Aug 31 00:09:16 INFO >> ['freq_sigma_FitGauss_amplitude', 'freq_sigma_FitGauss_mu', 'freq_sigma_FitGauss_gauss_sigma', 'freq_sigma_FitGauss_amplitude_rel_err', 'freq_sigma_FitGauss_mu_rel_err', 'freq_sigma_FitGauss_gauss_sigma_rel_err', 'freq_sigma_FitGauss_amplitude-detection', 'freq_sigma_FitGauss_mu-detection', 'freq_sigma_FitGauss_ndof', 'freq_sigma_FitGauss_rms_err']
Aug 31 00:09:16 INFO >> Performing searching on cumulative stack 315.95 49.23
Aug 31 00:09:16 INFO >> Loading the cumulative power spectra stack to search
Aug 31 00:10:14 INFO >> DM: 172.4253763072275
Aug 31 00:10:14 INFO >> sigma: 14.636292344990816
Aug 31 00:10:14 INFO >> frequency: 61.40609221006768
Aug 31 00:10:14 INFO >> Injecting 8 harmonics.
Aug 31 00:10:14 INFO >> Starting DM: 170.7209131517387
Aug 31 00:10:14 INFO >> Stopping DM: 174.06044494427417
Aug 31 00:10:14 INFO >> Expected detection at 14.21 sigma with 2 harmonics.
Aug 31 00:10:28 INFO >> Start searching 6558 dm trials using 32 harmonics.
Aug 31 00:10:33 INFO >> Moved power spectra to shared memory.
Aug 31 00:10:33 INFO >> Number of dm trials in single multi processing job: 10
Aug 31 00:11:14 INFO >> Total number of detections=15762
Aug 31 00:11:14 INFO >> Clustering the detections
Aug 31 00:11:14 INFO >> Starting clustering
Aug 31 00:11:14 INFO >> Rogue harmonic power filter reduced detections from 15762 to 8653
Aug 31 00:11:14 INFO >> Filtering out duplicate freq,dm detections at multiple nharms removes 820 detections
Aug 31 00:11:14 INFO >> Duplicate freq,dm filter reduced detections to 7833
Aug 31 00:11:14 INFO >> Number of detections over threshold sigma (6.0): 7833
Aug 31 00:11:14 INFO >> Grouping duplicate frequencies together first
Aug 31 00:11:14 INFO >> Grouping duplicate frequencies removed 7283 detections from the harmonic metric computation
Aug 31 00:11:14 INFO >> Starting freq-DM distance metric computation
Aug 31 00:11:14 INFO >> Finished freq-DM distance metric computation
Aug 31 00:11:15 INFO >> Largest group size for metric computation is 97
Aug 31 00:11:15 INFO >> Starting harmonic distance metric computation
Aug 31 00:11:15 INFO >> Finished harmonic distance metric computation
Aug 31 00:11:15 INFO >> Starting DBSCAN
Aug 31 00:11:16 INFO >> Finished DBSCAN
Aug 31 00:11:16 INFO >> Clusters found: 76
Aug 31 00:11:16 INFO >> Filtered 32 clusters below or equal 2 DM.
Aug 31 00:11:16 INFO >> Total number of candidate clusters=1
Aug 31 00:11:16 INFO >> Candidate Processor of stack (315.95 49.23)
Aug 31 00:11:16 INFO >> Making SinglePointingCandidates from a list of 1 PowerSpectraDetectionClusters
Aug 31 00:11:18 INFO >> saved candidates to ./results//injections/315.95_49.23_cumulative_power_spectra_stack_20220627_11_tpa.yml_(259,)_candidates.npz
Aug 31 00:11:18 INFO >> Injected Pulsars:     1
Aug 31 00:11:18 INFO >> Injection Candidates: 1
Aug 31 00:11:18 INFO >> Recovered Injections: 1
Aug 31 00:11:18 INFO >> 1 candidates.
Aug 31 00:11:18 INFO >> Best candidate: F0: 61.406 DM: 172.44 Sigma: 13.78
Aug 31 00:11:19 INFO >> Unlinked shared memory for cumulative stack.
Aug 31 00:11:19 INFO >> Pipeline execution time: 2.05 minutes
