Aug 31 00:48:56 INFO >> {"message": "Waiting for suitable server to become available", "selector": "Primary()", "operation": "find", "topologyDescription": "<TopologyDescription id: 66d2687810e83300ec4dad61, topology_type: Unknown, servers: [<ServerDescription ('localhost', 27017) server_type: Unknown, rtt: None>]>", "clientId": {"$oid": "66d2687810e83300ec4dad61"}, "remainingTimeMS": 29}
Aug 31 00:48:56 INFO >> Features initialized as the following:
Aug 31 00:48:56 INFO >> num_unique_dms
Aug 31 00:48:56 INFO >> num_unique_freqs
Aug 31 00:48:56 INFO >> ndetections
Aug 31 00:48:56 INFO >> nharm
Aug 31 00:48:56 INFO >> log_p_dm
Aug 31 00:48:56 INFO >> ['dm_sigma_FitGaussWidth_gauss_sigma', 'dm_sigma_FitGaussWidth_gauss_sigma_rel_err', 'dm_sigma_FitGaussWidth_ndof', 'dm_sigma_FitGaussWidth_rms_err']
Aug 31 00:48:56 INFO >> ['dm_sigma_FitGauss_amplitude', 'dm_sigma_FitGauss_mu', 'dm_sigma_FitGauss_gauss_sigma', 'dm_sigma_FitGauss_amplitude_rel_err', 'dm_sigma_FitGauss_mu_rel_err', 'dm_sigma_FitGauss_gauss_sigma_rel_err', 'dm_sigma_FitGauss_amplitude-detection', 'dm_sigma_FitGauss_mu-detection', 'dm_sigma_FitGauss_ndof', 'dm_sigma_FitGauss_rms_err']
Aug 31 00:48:56 INFO >> ['freq_sigma_FitGaussWidth_gauss_sigma', 'freq_sigma_FitGaussWidth_gauss_sigma_rel_err', 'freq_sigma_FitGaussWidth_ndof', 'freq_sigma_FitGaussWidth_rms_err']
Aug 31 00:48:56 INFO >> ['freq_sigma_FitGauss_amplitude', 'freq_sigma_FitGauss_mu', 'freq_sigma_FitGauss_gauss_sigma', 'freq_sigma_FitGauss_amplitude_rel_err', 'freq_sigma_FitGauss_mu_rel_err', 'freq_sigma_FitGauss_gauss_sigma_rel_err', 'freq_sigma_FitGauss_amplitude-detection', 'freq_sigma_FitGauss_mu-detection', 'freq_sigma_FitGauss_ndof', 'freq_sigma_FitGauss_rms_err']
Aug 31 00:48:57 INFO >> Performing searching on cumulative stack 315.95 49.23
Aug 31 00:48:57 INFO >> Loading the cumulative power spectra stack to search
Aug 31 00:49:53 INFO >> DM: 31.05883740985801
Aug 31 00:49:53 INFO >> sigma: 14.688856964002847
Aug 31 00:49:53 INFO >> frequency: 46.19694552007221
Aug 31 00:49:53 INFO >> Injecting 11 harmonics.
Aug 31 00:49:53 INFO >> Starting DM: 28.841410935533805
Aug 31 00:49:53 INFO >> Stopping DM: 33.29411999224779
Aug 31 00:49:53 INFO >> Expected detection at 12.95 sigma with 8 harmonics.
Aug 31 00:50:07 INFO >> Start searching 6558 dm trials using 32 harmonics.
Aug 31 00:50:13 INFO >> Moved power spectra to shared memory.
Aug 31 00:50:13 INFO >> Number of dm trials in single multi processing job: 10
Aug 31 00:50:54 INFO >> Total number of detections=15644
Aug 31 00:50:54 INFO >> Clustering the detections
Aug 31 00:50:54 INFO >> Starting clustering
Aug 31 00:50:54 INFO >> Rogue harmonic power filter reduced detections from 15644 to 8586
Aug 31 00:50:54 INFO >> Filtering out duplicate freq,dm detections at multiple nharms removes 807 detections
Aug 31 00:50:54 INFO >> Duplicate freq,dm filter reduced detections to 7779
Aug 31 00:50:54 INFO >> Number of detections over threshold sigma (6.0): 7779
Aug 31 00:50:54 INFO >> Grouping duplicate frequencies together first
Aug 31 00:50:54 INFO >> Grouping duplicate frequencies removed 7241 detections from the harmonic metric computation
Aug 31 00:50:54 INFO >> Starting freq-DM distance metric computation
Aug 31 00:50:55 INFO >> Finished freq-DM distance metric computation
Aug 31 00:50:55 INFO >> Largest group size for metric computation is 97
Aug 31 00:50:55 INFO >> Starting harmonic distance metric computation
Aug 31 00:50:56 INFO >> Finished harmonic distance metric computation
Aug 31 00:50:56 INFO >> Starting DBSCAN
Aug 31 00:50:56 INFO >> Finished DBSCAN
Aug 31 00:50:56 INFO >> Clusters found: 76
Aug 31 00:50:56 INFO >> Filtered 32 clusters below or equal 2 DM.
Aug 31 00:50:56 INFO >> Total number of candidate clusters=1
Aug 31 00:50:56 INFO >> Candidate Processor of stack (315.95 49.23)
Aug 31 00:50:56 INFO >> Making SinglePointingCandidates from a list of 1 PowerSpectraDetectionClusters
Aug 31 00:50:58 INFO >> saved candidates to ./results//injections/315.95_49.23_cumulative_power_spectra_stack_20220627_11_tpa.yml_(278,)_candidates.npz
Aug 31 00:50:58 INFO >> Injected Pulsars:     1
Aug 31 00:50:58 INFO >> Injection Candidates: 1
Aug 31 00:50:58 INFO >> Recovered Injections: 1
Aug 31 00:50:58 INFO >> 1 candidates.
Aug 31 00:50:58 INFO >> Best candidate: F0: 46.197 DM: 31.07 Sigma: 12.54
Aug 31 00:50:59 INFO >> Unlinked shared memory for cumulative stack.
Aug 31 00:50:59 INFO >> Pipeline execution time: 2.05 minutes
