Aug 31 03:17:15 INFO >> {"message": "Waiting for suitable server to become available", "selector": "Primary()", "operation": "find", "topologyDescription": "<TopologyDescription id: 66d28b3b1059fa86a113fb24, topology_type: Unknown, servers: [<ServerDescription ('localhost', 27017) server_type: Unknown, rtt: None>]>", "clientId": {"$oid": "66d28b3b1059fa86a113fb24"}, "remainingTimeMS": 29}
Aug 31 03:17:15 INFO >> Features initialized as the following:
Aug 31 03:17:15 INFO >> num_unique_dms
Aug 31 03:17:15 INFO >> num_unique_freqs
Aug 31 03:17:15 INFO >> ndetections
Aug 31 03:17:15 INFO >> nharm
Aug 31 03:17:15 INFO >> log_p_dm
Aug 31 03:17:15 INFO >> ['dm_sigma_FitGaussWidth_gauss_sigma', 'dm_sigma_FitGaussWidth_gauss_sigma_rel_err', 'dm_sigma_FitGaussWidth_ndof', 'dm_sigma_FitGaussWidth_rms_err']
Aug 31 03:17:15 INFO >> ['dm_sigma_FitGauss_amplitude', 'dm_sigma_FitGauss_mu', 'dm_sigma_FitGauss_gauss_sigma', 'dm_sigma_FitGauss_amplitude_rel_err', 'dm_sigma_FitGauss_mu_rel_err', 'dm_sigma_FitGauss_gauss_sigma_rel_err', 'dm_sigma_FitGauss_amplitude-detection', 'dm_sigma_FitGauss_mu-detection', 'dm_sigma_FitGauss_ndof', 'dm_sigma_FitGauss_rms_err']
Aug 31 03:17:15 INFO >> ['freq_sigma_FitGaussWidth_gauss_sigma', 'freq_sigma_FitGaussWidth_gauss_sigma_rel_err', 'freq_sigma_FitGaussWidth_ndof', 'freq_sigma_FitGaussWidth_rms_err']
Aug 31 03:17:15 INFO >> ['freq_sigma_FitGauss_amplitude', 'freq_sigma_FitGauss_mu', 'freq_sigma_FitGauss_gauss_sigma', 'freq_sigma_FitGauss_amplitude_rel_err', 'freq_sigma_FitGauss_mu_rel_err', 'freq_sigma_FitGauss_gauss_sigma_rel_err', 'freq_sigma_FitGauss_amplitude-detection', 'freq_sigma_FitGauss_mu-detection', 'freq_sigma_FitGauss_ndof', 'freq_sigma_FitGauss_rms_err']
Aug 31 03:17:15 INFO >> Performing searching on cumulative stack 315.95 49.23
Aug 31 03:17:15 INFO >> Loading the cumulative power spectra stack to search
Aug 31 03:18:12 INFO >> DM: 72.98787485721853
Aug 31 03:18:12 INFO >> sigma: 10.106445965210433
Aug 31 03:18:12 INFO >> frequency: 17.446357610780474
Aug 31 03:18:12 INFO >> Injecting 29 harmonics.
Aug 31 03:18:12 INFO >> Starting DM: 67.09422965003128
Aug 31 03:18:12 INFO >> Stopping DM: 78.93438782356621
Aug 31 03:18:13 INFO >> Expected detection at 9.72 sigma with 16 harmonics.
Aug 31 03:18:27 INFO >> Start searching 6558 dm trials using 32 harmonics.
Aug 31 03:18:32 INFO >> Moved power spectra to shared memory.
Aug 31 03:18:32 INFO >> Number of dm trials in single multi processing job: 10
Aug 31 03:19:13 INFO >> Total number of detections=15592
Aug 31 03:19:13 INFO >> Clustering the detections
Aug 31 03:19:13 INFO >> Starting clustering
Aug 31 03:19:13 INFO >> Rogue harmonic power filter reduced detections from 15592 to 8534
Aug 31 03:19:13 INFO >> Filtering out duplicate freq,dm detections at multiple nharms removes 787 detections
Aug 31 03:19:13 INFO >> Duplicate freq,dm filter reduced detections to 7747
Aug 31 03:19:13 INFO >> Number of detections over threshold sigma (6.0): 7747
Aug 31 03:19:13 INFO >> Grouping duplicate frequencies together first
Aug 31 03:19:13 INFO >> Grouping duplicate frequencies removed 7224 detections from the harmonic metric computation
Aug 31 03:19:13 INFO >> Starting freq-DM distance metric computation
Aug 31 03:19:13 INFO >> Finished freq-DM distance metric computation
Aug 31 03:19:14 INFO >> Largest group size for metric computation is 97
Aug 31 03:19:14 INFO >> Starting harmonic distance metric computation
Aug 31 03:19:14 INFO >> Finished harmonic distance metric computation
Aug 31 03:19:14 INFO >> Starting DBSCAN
Aug 31 03:19:14 INFO >> Finished DBSCAN
Aug 31 03:19:14 INFO >> Clusters found: 76
Aug 31 03:19:14 INFO >> Filtered 32 clusters below or equal 2 DM.
Aug 31 03:19:14 INFO >> Total number of candidate clusters=1
Aug 31 03:19:14 INFO >> Candidate Processor of stack (315.95 49.23)
Aug 31 03:19:14 INFO >> Making SinglePointingCandidates from a list of 1 PowerSpectraDetectionClusters
Aug 31 03:19:17 INFO >> saved candidates to ./results//injections/315.95_49.23_cumulative_power_spectra_stack_20220627_11_tpa.yml_(349,)_candidates.npz
Aug 31 03:19:17 INFO >> Injected Pulsars:     1
Aug 31 03:19:17 INFO >> Injection Candidates: 1
Aug 31 03:19:17 INFO >> Recovered Injections: 1
Aug 31 03:19:17 INFO >> 1 candidates.
Aug 31 03:19:17 INFO >> Best candidate: F0: 17.446 DM: 72.96 Sigma: 9.39
Aug 31 03:19:18 INFO >> Unlinked shared memory for cumulative stack.
Aug 31 03:19:18 INFO >> Pipeline execution time: 2.05 minutes
