Aug 31 09:10:36 INFO >> {"message": "Waiting for suitable server to become available", "selector": "Primary()", "operation": "find", "topologyDescription": "<TopologyDescription id: 66d2de0c5d8a87daabb8989f, topology_type: Unknown, servers: [<ServerDescription ('localhost', 27017) server_type: Unknown, rtt: None>]>", "clientId": {"$oid": "66d2de0c5d8a87daabb8989f"}, "remainingTimeMS": 29}
Aug 31 09:10:36 INFO >> Features initialized as the following:
Aug 31 09:10:36 INFO >> num_unique_dms
Aug 31 09:10:36 INFO >> num_unique_freqs
Aug 31 09:10:36 INFO >> ndetections
Aug 31 09:10:36 INFO >> nharm
Aug 31 09:10:36 INFO >> log_p_dm
Aug 31 09:10:36 INFO >> ['dm_sigma_FitGaussWidth_gauss_sigma', 'dm_sigma_FitGaussWidth_gauss_sigma_rel_err', 'dm_sigma_FitGaussWidth_ndof', 'dm_sigma_FitGaussWidth_rms_err']
Aug 31 09:10:36 INFO >> ['dm_sigma_FitGauss_amplitude', 'dm_sigma_FitGauss_mu', 'dm_sigma_FitGauss_gauss_sigma', 'dm_sigma_FitGauss_amplitude_rel_err', 'dm_sigma_FitGauss_mu_rel_err', 'dm_sigma_FitGauss_gauss_sigma_rel_err', 'dm_sigma_FitGauss_amplitude-detection', 'dm_sigma_FitGauss_mu-detection', 'dm_sigma_FitGauss_ndof', 'dm_sigma_FitGauss_rms_err']
Aug 31 09:10:36 INFO >> ['freq_sigma_FitGaussWidth_gauss_sigma', 'freq_sigma_FitGaussWidth_gauss_sigma_rel_err', 'freq_sigma_FitGaussWidth_ndof', 'freq_sigma_FitGaussWidth_rms_err']
Aug 31 09:10:36 INFO >> ['freq_sigma_FitGauss_amplitude', 'freq_sigma_FitGauss_mu', 'freq_sigma_FitGauss_gauss_sigma', 'freq_sigma_FitGauss_amplitude_rel_err', 'freq_sigma_FitGauss_mu_rel_err', 'freq_sigma_FitGauss_gauss_sigma_rel_err', 'freq_sigma_FitGauss_amplitude-detection', 'freq_sigma_FitGauss_mu-detection', 'freq_sigma_FitGauss_ndof', 'freq_sigma_FitGauss_rms_err']
Aug 31 09:10:36 INFO >> Performing searching on cumulative stack 315.95 49.23
Aug 31 09:10:36 INFO >> Loading the cumulative power spectra stack to search
Aug 31 09:11:34 INFO >> DM: 146.27681478731608
Aug 31 09:11:34 INFO >> sigma: 11.877834036097719
Aug 31 09:11:34 INFO >> frequency: 171.4159029141647
Aug 31 09:11:34 INFO >> Injecting 2 harmonics.
Aug 31 09:11:34 INFO >> Starting DM: 145.72502367427606
Aug 31 09:11:34 INFO >> Stopping DM: 146.83820093845455
Aug 31 09:11:34 INFO >> Expected detection at 4.59 sigma with 2 harmonics.
Aug 31 09:11:48 INFO >> Start searching 6558 dm trials using 32 harmonics.
Aug 31 09:11:54 INFO >> Moved power spectra to shared memory.
Aug 31 09:11:54 INFO >> Number of dm trials in single multi processing job: 10
Aug 31 09:12:34 INFO >> Total number of detections=15577
Aug 31 09:12:34 INFO >> Clustering the detections
Aug 31 09:12:34 INFO >> Starting clustering
Aug 31 09:12:34 INFO >> Rogue harmonic power filter reduced detections from 15577 to 8519
Aug 31 09:12:34 INFO >> Filtering out duplicate freq,dm detections at multiple nharms removes 787 detections
Aug 31 09:12:34 INFO >> Duplicate freq,dm filter reduced detections to 7732
Aug 31 09:12:34 INFO >> Number of detections over threshold sigma (6.0): 7732
Aug 31 09:12:34 INFO >> Grouping duplicate frequencies together first
Aug 31 09:12:34 INFO >> Grouping duplicate frequencies removed 7214 detections from the harmonic metric computation
Aug 31 09:12:34 INFO >> Starting freq-DM distance metric computation
Aug 31 09:12:35 INFO >> Finished freq-DM distance metric computation
Aug 31 09:12:35 INFO >> Largest group size for metric computation is 97
Aug 31 09:12:35 INFO >> Starting harmonic distance metric computation
Aug 31 09:12:36 INFO >> Finished harmonic distance metric computation
Aug 31 09:12:36 INFO >> Starting DBSCAN
Aug 31 09:12:36 INFO >> Finished DBSCAN
Aug 31 09:12:36 INFO >> Clusters found: 75
Aug 31 09:12:36 INFO >> Filtered 32 clusters below or equal 2 DM.
Aug 31 09:12:36 INFO >> Total number of candidate clusters=0
Aug 31 09:12:36 INFO >> Candidate Processor of stack (315.95 49.23)
Aug 31 09:12:36 INFO >> Making SinglePointingCandidates from a list of 0 PowerSpectraDetectionClusters
Aug 31 09:12:38 INFO >> saved candidates to ./results//injections/315.95_49.23_cumulative_power_spectra_stack_20220627_11_tpa.yml_(518,)_candidates.npz
Aug 31 09:12:38 INFO >> Injected Pulsars:     1
Aug 31 09:12:38 INFO >> Injection Candidates: 0
Aug 31 09:12:38 INFO >> Recovered Injections: 0
Aug 31 09:12:38 INFO >> 0 candidates.
Aug 31 09:12:39 INFO >> Unlinked shared memory for cumulative stack.
Aug 31 09:12:39 INFO >> Pipeline execution time: 2.05 minutes
