Aug 31 16:50:20 INFO >> {"message": "Waiting for suitable server to become available", "selector": "Primary()", "operation": "find", "topologyDescription": "<TopologyDescription id: 66d349cc9be11563c3c8561d, topology_type: Unknown, servers: [<ServerDescription ('localhost', 27017) server_type: Unknown, rtt: None>]>", "clientId": {"$oid": "66d349cc9be11563c3c8561d"}, "remainingTimeMS": 29}
Aug 31 16:50:20 INFO >> Features initialized as the following:
Aug 31 16:50:20 INFO >> num_unique_dms
Aug 31 16:50:20 INFO >> num_unique_freqs
Aug 31 16:50:20 INFO >> ndetections
Aug 31 16:50:20 INFO >> nharm
Aug 31 16:50:20 INFO >> log_p_dm
Aug 31 16:50:20 INFO >> ['dm_sigma_FitGaussWidth_gauss_sigma', 'dm_sigma_FitGaussWidth_gauss_sigma_rel_err', 'dm_sigma_FitGaussWidth_ndof', 'dm_sigma_FitGaussWidth_rms_err']
Aug 31 16:50:20 INFO >> ['dm_sigma_FitGauss_amplitude', 'dm_sigma_FitGauss_mu', 'dm_sigma_FitGauss_gauss_sigma', 'dm_sigma_FitGauss_amplitude_rel_err', 'dm_sigma_FitGauss_mu_rel_err', 'dm_sigma_FitGauss_gauss_sigma_rel_err', 'dm_sigma_FitGauss_amplitude-detection', 'dm_sigma_FitGauss_mu-detection', 'dm_sigma_FitGauss_ndof', 'dm_sigma_FitGauss_rms_err']
Aug 31 16:50:20 INFO >> ['freq_sigma_FitGaussWidth_gauss_sigma', 'freq_sigma_FitGaussWidth_gauss_sigma_rel_err', 'freq_sigma_FitGaussWidth_ndof', 'freq_sigma_FitGaussWidth_rms_err']
Aug 31 16:50:20 INFO >> ['freq_sigma_FitGauss_amplitude', 'freq_sigma_FitGauss_mu', 'freq_sigma_FitGauss_gauss_sigma', 'freq_sigma_FitGauss_amplitude_rel_err', 'freq_sigma_FitGauss_mu_rel_err', 'freq_sigma_FitGauss_gauss_sigma_rel_err', 'freq_sigma_FitGauss_amplitude-detection', 'freq_sigma_FitGauss_mu-detection', 'freq_sigma_FitGauss_ndof', 'freq_sigma_FitGauss_rms_err']
Aug 31 16:50:20 INFO >> Performing searching on cumulative stack 315.95 49.23
Aug 31 16:50:20 INFO >> Loading the cumulative power spectra stack to search
Aug 31 16:51:17 INFO >> DM: 132.4440958218884
Aug 31 16:51:17 INFO >> sigma: 14.475857012784582
Aug 31 16:51:17 INFO >> frequency: 121.28003863728462
Aug 31 16:51:17 INFO >> Injecting 4 harmonics.
Aug 31 16:51:17 INFO >> Starting DM: 131.557313039277
Aug 31 16:51:17 INFO >> Stopping DM: 133.2776779020983
Aug 31 16:51:17 INFO >> Expected detection at 10.93 sigma with 4 harmonics.
Aug 31 16:51:31 INFO >> Start searching 6558 dm trials using 32 harmonics.
Aug 31 16:51:37 INFO >> Moved power spectra to shared memory.
Aug 31 16:51:37 INFO >> Number of dm trials in single multi processing job: 10
Aug 31 16:52:18 INFO >> Total number of detections=15591
Aug 31 16:52:18 INFO >> Clustering the detections
Aug 31 16:52:18 INFO >> Starting clustering
Aug 31 16:52:18 INFO >> Rogue harmonic power filter reduced detections from 15591 to 8532
Aug 31 16:52:18 INFO >> Filtering out duplicate freq,dm detections at multiple nharms removes 792 detections
Aug 31 16:52:18 INFO >> Duplicate freq,dm filter reduced detections to 7740
Aug 31 16:52:18 INFO >> Number of detections over threshold sigma (6.0): 7740
Aug 31 16:52:18 INFO >> Grouping duplicate frequencies together first
Aug 31 16:52:18 INFO >> Grouping duplicate frequencies removed 7217 detections from the harmonic metric computation
Aug 31 16:52:18 INFO >> Starting freq-DM distance metric computation
Aug 31 16:52:18 INFO >> Finished freq-DM distance metric computation
Aug 31 16:52:18 INFO >> Largest group size for metric computation is 97
Aug 31 16:52:18 INFO >> Starting harmonic distance metric computation
Aug 31 16:52:19 INFO >> Finished harmonic distance metric computation
Aug 31 16:52:19 INFO >> Starting DBSCAN
Aug 31 16:52:19 INFO >> Finished DBSCAN
Aug 31 16:52:19 INFO >> Clusters found: 76
Aug 31 16:52:19 INFO >> Filtered 32 clusters below or equal 2 DM.
Aug 31 16:52:19 INFO >> Total number of candidate clusters=1
Aug 31 16:52:19 INFO >> Candidate Processor of stack (315.95 49.23)
Aug 31 16:52:19 INFO >> Making SinglePointingCandidates from a list of 1 PowerSpectraDetectionClusters
Aug 31 16:52:21 INFO >> saved candidates to ./results//injections/315.95_49.23_cumulative_power_spectra_stack_20220627_11_tpa.yml_(738,)_candidates.npz
Aug 31 16:52:21 INFO >> Injected Pulsars:     1
Aug 31 16:52:21 INFO >> Injection Candidates: 1
Aug 31 16:52:21 INFO >> Recovered Injections: 1
Aug 31 16:52:21 INFO >> 1 candidates.
Aug 31 16:52:21 INFO >> Best candidate: F0: 121.280 DM: 132.47 Sigma: 11.11
Aug 31 16:52:23 INFO >> Unlinked shared memory for cumulative stack.
Aug 31 16:52:23 INFO >> Pipeline execution time: 2.05 minutes
