Aug 31 05:58:18 INFO >> {"message": "Waiting for suitable server to become available", "selector": "Primary()", "operation": "find", "topologyDescription": "<TopologyDescription id: 66d2b0faeff2ef5cc30f2a51, topology_type: Unknown, servers: [<ServerDescription ('localhost', 27017) server_type: Unknown, rtt: None>]>", "clientId": {"$oid": "66d2b0faeff2ef5cc30f2a51"}, "remainingTimeMS": 29}
Aug 31 05:58:18 INFO >> Features initialized as the following:
Aug 31 05:58:18 INFO >> num_unique_dms
Aug 31 05:58:18 INFO >> num_unique_freqs
Aug 31 05:58:18 INFO >> ndetections
Aug 31 05:58:18 INFO >> nharm
Aug 31 05:58:18 INFO >> log_p_dm
Aug 31 05:58:18 INFO >> ['dm_sigma_FitGaussWidth_gauss_sigma', 'dm_sigma_FitGaussWidth_gauss_sigma_rel_err', 'dm_sigma_FitGaussWidth_ndof', 'dm_sigma_FitGaussWidth_rms_err']
Aug 31 05:58:18 INFO >> ['dm_sigma_FitGauss_amplitude', 'dm_sigma_FitGauss_mu', 'dm_sigma_FitGauss_gauss_sigma', 'dm_sigma_FitGauss_amplitude_rel_err', 'dm_sigma_FitGauss_mu_rel_err', 'dm_sigma_FitGauss_gauss_sigma_rel_err', 'dm_sigma_FitGauss_amplitude-detection', 'dm_sigma_FitGauss_mu-detection', 'dm_sigma_FitGauss_ndof', 'dm_sigma_FitGauss_rms_err']
Aug 31 05:58:18 INFO >> ['freq_sigma_FitGaussWidth_gauss_sigma', 'freq_sigma_FitGaussWidth_gauss_sigma_rel_err', 'freq_sigma_FitGaussWidth_ndof', 'freq_sigma_FitGaussWidth_rms_err']
Aug 31 05:58:18 INFO >> ['freq_sigma_FitGauss_amplitude', 'freq_sigma_FitGauss_mu', 'freq_sigma_FitGauss_gauss_sigma', 'freq_sigma_FitGauss_amplitude_rel_err', 'freq_sigma_FitGauss_mu_rel_err', 'freq_sigma_FitGauss_gauss_sigma_rel_err', 'freq_sigma_FitGauss_amplitude-detection', 'freq_sigma_FitGauss_mu-detection', 'freq_sigma_FitGauss_ndof', 'freq_sigma_FitGauss_rms_err']
Aug 31 05:58:18 INFO >> Performing searching on cumulative stack 315.95 49.23
Aug 31 05:58:18 INFO >> Loading the cumulative power spectra stack to search
Aug 31 05:59:15 INFO >> DM: 96.43618861235036
Aug 31 05:59:15 INFO >> sigma: 13.595644687181098
Aug 31 05:59:15 INFO >> frequency: 45.19787268836763
Aug 31 05:59:15 INFO >> Injecting 11 harmonics.
Aug 31 05:59:15 INFO >> Starting DM: 94.11407778963662
Aug 31 05:59:15 INFO >> Stopping DM: 98.66798477945774
Aug 31 05:59:15 INFO >> Expected detection at 13.98 sigma with 8 harmonics.
Aug 31 05:59:29 INFO >> Start searching 6558 dm trials using 32 harmonics.
Aug 31 05:59:35 INFO >> Moved power spectra to shared memory.
Aug 31 05:59:35 INFO >> Number of dm trials in single multi processing job: 10
Aug 31 06:00:15 INFO >> Total number of detections=15664
Aug 31 06:00:15 INFO >> Clustering the detections
Aug 31 06:00:15 INFO >> Starting clustering
Aug 31 06:00:15 INFO >> Rogue harmonic power filter reduced detections from 15664 to 8604
Aug 31 06:00:15 INFO >> Filtering out duplicate freq,dm detections at multiple nharms removes 814 detections
Aug 31 06:00:15 INFO >> Duplicate freq,dm filter reduced detections to 7790
Aug 31 06:00:15 INFO >> Number of detections over threshold sigma (6.0): 7790
Aug 31 06:00:15 INFO >> Grouping duplicate frequencies together first
Aug 31 06:00:15 INFO >> Grouping duplicate frequencies removed 7256 detections from the harmonic metric computation
Aug 31 06:00:15 INFO >> Starting freq-DM distance metric computation
Aug 31 06:00:16 INFO >> Finished freq-DM distance metric computation
Aug 31 06:00:16 INFO >> Largest group size for metric computation is 113
Aug 31 06:00:16 INFO >> Starting harmonic distance metric computation
Aug 31 06:00:17 INFO >> Finished harmonic distance metric computation
Aug 31 06:00:17 INFO >> Starting DBSCAN
Aug 31 06:00:17 INFO >> Finished DBSCAN
Aug 31 06:00:17 INFO >> Clusters found: 76
Aug 31 06:00:17 INFO >> Filtered 32 clusters below or equal 2 DM.
Aug 31 06:00:17 INFO >> Total number of candidate clusters=1
Aug 31 06:00:17 INFO >> Candidate Processor of stack (315.95 49.23)
Aug 31 06:00:17 INFO >> Making SinglePointingCandidates from a list of 1 PowerSpectraDetectionClusters
Aug 31 06:00:19 INFO >> saved candidates to ./results//injections/315.95_49.23_cumulative_power_spectra_stack_20220627_11_tpa.yml_(426,)_candidates.npz
Aug 31 06:00:19 INFO >> Injected Pulsars:     1
Aug 31 06:00:19 INFO >> Injection Candidates: 1
Aug 31 06:00:19 INFO >> Recovered Injections: 1
Aug 31 06:00:19 INFO >> 1 candidates.
Aug 31 06:00:19 INFO >> Best candidate: F0: 45.198 DM: 96.44 Sigma: 14.29
Aug 31 06:00:21 INFO >> Unlinked shared memory for cumulative stack.
Aug 31 06:00:21 INFO >> Pipeline execution time: 2.05 minutes
