Aug 31 09:02:16 INFO >> {"message": "Waiting for suitable server to become available", "selector": "Primary()", "operation": "find", "topologyDescription": "<TopologyDescription id: 66d2dc1819423b889cb51fb6, topology_type: Unknown, servers: [<ServerDescription ('localhost', 27017) server_type: Unknown, rtt: None>]>", "clientId": {"$oid": "66d2dc1819423b889cb51fb6"}, "remainingTimeMS": 29}
Aug 31 09:02:16 INFO >> Features initialized as the following:
Aug 31 09:02:16 INFO >> num_unique_dms
Aug 31 09:02:16 INFO >> num_unique_freqs
Aug 31 09:02:16 INFO >> ndetections
Aug 31 09:02:16 INFO >> nharm
Aug 31 09:02:16 INFO >> log_p_dm
Aug 31 09:02:16 INFO >> ['dm_sigma_FitGaussWidth_gauss_sigma', 'dm_sigma_FitGaussWidth_gauss_sigma_rel_err', 'dm_sigma_FitGaussWidth_ndof', 'dm_sigma_FitGaussWidth_rms_err']
Aug 31 09:02:16 INFO >> ['dm_sigma_FitGauss_amplitude', 'dm_sigma_FitGauss_mu', 'dm_sigma_FitGauss_gauss_sigma', 'dm_sigma_FitGauss_amplitude_rel_err', 'dm_sigma_FitGauss_mu_rel_err', 'dm_sigma_FitGauss_gauss_sigma_rel_err', 'dm_sigma_FitGauss_amplitude-detection', 'dm_sigma_FitGauss_mu-detection', 'dm_sigma_FitGauss_ndof', 'dm_sigma_FitGauss_rms_err']
Aug 31 09:02:16 INFO >> ['freq_sigma_FitGaussWidth_gauss_sigma', 'freq_sigma_FitGaussWidth_gauss_sigma_rel_err', 'freq_sigma_FitGaussWidth_ndof', 'freq_sigma_FitGaussWidth_rms_err']
Aug 31 09:02:16 INFO >> ['freq_sigma_FitGauss_amplitude', 'freq_sigma_FitGauss_mu', 'freq_sigma_FitGauss_gauss_sigma', 'freq_sigma_FitGauss_amplitude_rel_err', 'freq_sigma_FitGauss_mu_rel_err', 'freq_sigma_FitGauss_gauss_sigma_rel_err', 'freq_sigma_FitGauss_amplitude-detection', 'freq_sigma_FitGauss_mu-detection', 'freq_sigma_FitGauss_ndof', 'freq_sigma_FitGauss_rms_err']
Aug 31 09:02:17 INFO >> Performing searching on cumulative stack 315.95 49.23
Aug 31 09:02:17 INFO >> Loading the cumulative power spectra stack to search
Aug 31 09:03:14 INFO >> DM: 66.44872851536226
Aug 31 09:03:14 INFO >> sigma: 7.321521200100161
Aug 31 09:03:14 INFO >> frequency: 37.48804346246345
Aug 31 09:03:14 INFO >> Injecting 13 harmonics.
Aug 31 09:03:14 INFO >> Starting DM: 63.65349992438864
Aug 31 09:03:14 INFO >> Stopping DM: 69.21938624528113
Aug 31 09:03:14 INFO >> Expected detection at 5.46 sigma with 8 harmonics.
Aug 31 09:03:28 INFO >> Start searching 6558 dm trials using 32 harmonics.
Aug 31 09:03:34 INFO >> Moved power spectra to shared memory.
Aug 31 09:03:34 INFO >> Number of dm trials in single multi processing job: 10
Aug 31 09:04:14 INFO >> Total number of detections=15577
Aug 31 09:04:14 INFO >> Clustering the detections
Aug 31 09:04:14 INFO >> Starting clustering
Aug 31 09:04:14 INFO >> Rogue harmonic power filter reduced detections from 15577 to 8519
Aug 31 09:04:14 INFO >> Filtering out duplicate freq,dm detections at multiple nharms removes 787 detections
Aug 31 09:04:14 INFO >> Duplicate freq,dm filter reduced detections to 7732
Aug 31 09:04:14 INFO >> Number of detections over threshold sigma (6.0): 7732
Aug 31 09:04:14 INFO >> Grouping duplicate frequencies together first
Aug 31 09:04:14 INFO >> Grouping duplicate frequencies removed 7214 detections from the harmonic metric computation
Aug 31 09:04:14 INFO >> Starting freq-DM distance metric computation
Aug 31 09:04:15 INFO >> Finished freq-DM distance metric computation
Aug 31 09:04:15 INFO >> Largest group size for metric computation is 97
Aug 31 09:04:15 INFO >> Starting harmonic distance metric computation
Aug 31 09:04:16 INFO >> Finished harmonic distance metric computation
Aug 31 09:04:16 INFO >> Starting DBSCAN
Aug 31 09:04:16 INFO >> Finished DBSCAN
Aug 31 09:04:16 INFO >> Clusters found: 75
Aug 31 09:04:16 INFO >> Filtered 32 clusters below or equal 2 DM.
Aug 31 09:04:16 INFO >> Total number of candidate clusters=0
Aug 31 09:04:16 INFO >> Candidate Processor of stack (315.95 49.23)
Aug 31 09:04:16 INFO >> Making SinglePointingCandidates from a list of 0 PowerSpectraDetectionClusters
Aug 31 09:04:18 INFO >> saved candidates to ./results//injections/315.95_49.23_cumulative_power_spectra_stack_20220627_11_tpa.yml_(514,)_candidates.npz
Aug 31 09:04:18 INFO >> Injected Pulsars:     1
Aug 31 09:04:18 INFO >> Injection Candidates: 0
Aug 31 09:04:18 INFO >> Recovered Injections: 0
Aug 31 09:04:18 INFO >> 0 candidates.
Aug 31 09:04:19 INFO >> Unlinked shared memory for cumulative stack.
Aug 31 09:04:19 INFO >> Pipeline execution time: 2.05 minutes
