Aug 31 12:01:58 INFO >> {"message": "Waiting for suitable server to become available", "selector": "Primary()", "operation": "find", "topologyDescription": "<TopologyDescription id: 66d30636a016dfea1ad7700b, topology_type: Unknown, servers: [<ServerDescription ('localhost', 27017) server_type: Unknown, rtt: None>]>", "clientId": {"$oid": "66d30636a016dfea1ad7700b"}, "remainingTimeMS": 29}
Aug 31 12:01:58 INFO >> Features initialized as the following:
Aug 31 12:01:58 INFO >> num_unique_dms
Aug 31 12:01:58 INFO >> num_unique_freqs
Aug 31 12:01:58 INFO >> ndetections
Aug 31 12:01:58 INFO >> nharm
Aug 31 12:01:58 INFO >> log_p_dm
Aug 31 12:01:58 INFO >> ['dm_sigma_FitGaussWidth_gauss_sigma', 'dm_sigma_FitGaussWidth_gauss_sigma_rel_err', 'dm_sigma_FitGaussWidth_ndof', 'dm_sigma_FitGaussWidth_rms_err']
Aug 31 12:01:58 INFO >> ['dm_sigma_FitGauss_amplitude', 'dm_sigma_FitGauss_mu', 'dm_sigma_FitGauss_gauss_sigma', 'dm_sigma_FitGauss_amplitude_rel_err', 'dm_sigma_FitGauss_mu_rel_err', 'dm_sigma_FitGauss_gauss_sigma_rel_err', 'dm_sigma_FitGauss_amplitude-detection', 'dm_sigma_FitGauss_mu-detection', 'dm_sigma_FitGauss_ndof', 'dm_sigma_FitGauss_rms_err']
Aug 31 12:01:58 INFO >> ['freq_sigma_FitGaussWidth_gauss_sigma', 'freq_sigma_FitGaussWidth_gauss_sigma_rel_err', 'freq_sigma_FitGaussWidth_ndof', 'freq_sigma_FitGaussWidth_rms_err']
Aug 31 12:01:58 INFO >> ['freq_sigma_FitGauss_amplitude', 'freq_sigma_FitGauss_mu', 'freq_sigma_FitGauss_gauss_sigma', 'freq_sigma_FitGauss_amplitude_rel_err', 'freq_sigma_FitGauss_mu_rel_err', 'freq_sigma_FitGauss_gauss_sigma_rel_err', 'freq_sigma_FitGauss_amplitude-detection', 'freq_sigma_FitGauss_mu-detection', 'freq_sigma_FitGauss_ndof', 'freq_sigma_FitGauss_rms_err']
Aug 31 12:01:58 INFO >> Performing searching on cumulative stack 315.95 49.23
Aug 31 12:01:58 INFO >> Loading the cumulative power spectra stack to search
Aug 31 12:02:55 INFO >> DM: 102.15265903105426
Aug 31 12:02:55 INFO >> sigma: 13.1518246623768
Aug 31 12:02:55 INFO >> frequency: 20.792210138689327
Aug 31 12:02:55 INFO >> Injecting 24 harmonics.
Aug 31 12:02:55 INFO >> Starting DM: 97.25121371595783
Aug 31 12:02:55 INFO >> Stopping DM: 107.06741322735004
Aug 31 12:02:55 INFO >> Expected detection at 11.11 sigma with 16 harmonics.
Aug 31 12:03:09 INFO >> Start searching 6558 dm trials using 32 harmonics.
Aug 31 12:03:15 INFO >> Moved power spectra to shared memory.
Aug 31 12:03:15 INFO >> Number of dm trials in single multi processing job: 10
Aug 31 12:03:56 INFO >> Total number of detections=15629
Aug 31 12:03:56 INFO >> Clustering the detections
Aug 31 12:03:56 INFO >> Starting clustering
Aug 31 12:03:56 INFO >> Rogue harmonic power filter reduced detections from 15629 to 8571
Aug 31 12:03:56 INFO >> Filtering out duplicate freq,dm detections at multiple nharms removes 796 detections
Aug 31 12:03:56 INFO >> Duplicate freq,dm filter reduced detections to 7775
Aug 31 12:03:56 INFO >> Number of detections over threshold sigma (6.0): 7775
Aug 31 12:03:56 INFO >> Grouping duplicate frequencies together first
Aug 31 12:03:56 INFO >> Grouping duplicate frequencies removed 7244 detections from the harmonic metric computation
Aug 31 12:03:56 INFO >> Starting freq-DM distance metric computation
Aug 31 12:03:56 INFO >> Finished freq-DM distance metric computation
Aug 31 12:03:56 INFO >> Largest group size for metric computation is 97
Aug 31 12:03:56 INFO >> Starting harmonic distance metric computation
Aug 31 12:03:57 INFO >> Finished harmonic distance metric computation
Aug 31 12:03:57 INFO >> Starting DBSCAN
Aug 31 12:03:57 INFO >> Finished DBSCAN
Aug 31 12:03:57 INFO >> Clusters found: 76
Aug 31 12:03:57 INFO >> Filtered 32 clusters below or equal 2 DM.
Aug 31 12:03:57 INFO >> Total number of candidate clusters=1
Aug 31 12:03:57 INFO >> Candidate Processor of stack (315.95 49.23)
Aug 31 12:03:57 INFO >> Making SinglePointingCandidates from a list of 1 PowerSpectraDetectionClusters
Aug 31 12:03:59 INFO >> saved candidates to ./results//injections/315.95_49.23_cumulative_power_spectra_stack_20220627_11_tpa.yml_(600,)_candidates.npz
Aug 31 12:03:59 INFO >> Injected Pulsars:     1
Aug 31 12:03:59 INFO >> Injection Candidates: 1
Aug 31 12:03:59 INFO >> Recovered Injections: 1
Aug 31 12:03:59 INFO >> 1 candidates.
Aug 31 12:03:59 INFO >> Best candidate: F0: 20.792 DM: 102.21 Sigma: 11.41
Aug 31 12:04:01 INFO >> Unlinked shared memory for cumulative stack.
Aug 31 12:04:01 INFO >> Pipeline execution time: 2.05 minutes
