Aug 31 05:37:24 INFO >> {"message": "Waiting for suitable server to become available", "selector": "Primary()", "operation": "find", "topologyDescription": "<TopologyDescription id: 66d2ac144117d1af603dba91, topology_type: Unknown, servers: [<ServerDescription ('localhost', 27017) server_type: Unknown, rtt: None>]>", "clientId": {"$oid": "66d2ac144117d1af603dba91"}, "remainingTimeMS": 29}
Aug 31 05:37:24 INFO >> Features initialized as the following:
Aug 31 05:37:24 INFO >> num_unique_dms
Aug 31 05:37:24 INFO >> num_unique_freqs
Aug 31 05:37:24 INFO >> ndetections
Aug 31 05:37:24 INFO >> nharm
Aug 31 05:37:24 INFO >> log_p_dm
Aug 31 05:37:24 INFO >> ['dm_sigma_FitGaussWidth_gauss_sigma', 'dm_sigma_FitGaussWidth_gauss_sigma_rel_err', 'dm_sigma_FitGaussWidth_ndof', 'dm_sigma_FitGaussWidth_rms_err']
Aug 31 05:37:24 INFO >> ['dm_sigma_FitGauss_amplitude', 'dm_sigma_FitGauss_mu', 'dm_sigma_FitGauss_gauss_sigma', 'dm_sigma_FitGauss_amplitude_rel_err', 'dm_sigma_FitGauss_mu_rel_err', 'dm_sigma_FitGauss_gauss_sigma_rel_err', 'dm_sigma_FitGauss_amplitude-detection', 'dm_sigma_FitGauss_mu-detection', 'dm_sigma_FitGauss_ndof', 'dm_sigma_FitGauss_rms_err']
Aug 31 05:37:24 INFO >> ['freq_sigma_FitGaussWidth_gauss_sigma', 'freq_sigma_FitGaussWidth_gauss_sigma_rel_err', 'freq_sigma_FitGaussWidth_ndof', 'freq_sigma_FitGaussWidth_rms_err']
Aug 31 05:37:24 INFO >> ['freq_sigma_FitGauss_amplitude', 'freq_sigma_FitGauss_mu', 'freq_sigma_FitGauss_gauss_sigma', 'freq_sigma_FitGauss_amplitude_rel_err', 'freq_sigma_FitGauss_mu_rel_err', 'freq_sigma_FitGauss_gauss_sigma_rel_err', 'freq_sigma_FitGauss_amplitude-detection', 'freq_sigma_FitGauss_mu-detection', 'freq_sigma_FitGauss_ndof', 'freq_sigma_FitGauss_rms_err']
Aug 31 05:37:25 INFO >> Performing searching on cumulative stack 315.95 49.23
Aug 31 05:37:25 INFO >> Loading the cumulative power spectra stack to search
Aug 31 05:38:22 INFO >> DM: 6.5427827578731925
Aug 31 05:38:22 INFO >> sigma: 16.778750488937465
Aug 31 05:38:22 INFO >> frequency: 109.76722492882809
Aug 31 05:38:22 INFO >> Injecting 4 harmonics.
Aug 31 05:38:22 INFO >> Starting DM: 5.5658863208924885
Aug 31 05:38:22 INFO >> Stopping DM: 7.488647049928075
Aug 31 05:38:22 INFO >> Expected detection at 10.06 sigma with 4 harmonics.
Aug 31 05:38:36 INFO >> Start searching 6558 dm trials using 32 harmonics.
Aug 31 05:38:42 INFO >> Moved power spectra to shared memory.
Aug 31 05:38:42 INFO >> Number of dm trials in single multi processing job: 10
Aug 31 05:39:23 INFO >> Total number of detections=15586
Aug 31 05:39:23 INFO >> Clustering the detections
Aug 31 05:39:23 INFO >> Starting clustering
Aug 31 05:39:23 INFO >> Rogue harmonic power filter reduced detections from 15586 to 8528
Aug 31 05:39:23 INFO >> Filtering out duplicate freq,dm detections at multiple nharms removes 789 detections
Aug 31 05:39:23 INFO >> Duplicate freq,dm filter reduced detections to 7739
Aug 31 05:39:23 INFO >> Number of detections over threshold sigma (6.0): 7739
Aug 31 05:39:23 INFO >> Grouping duplicate frequencies together first
Aug 31 05:39:23 INFO >> Grouping duplicate frequencies removed 7216 detections from the harmonic metric computation
Aug 31 05:39:23 INFO >> Starting freq-DM distance metric computation
Aug 31 05:39:23 INFO >> Finished freq-DM distance metric computation
Aug 31 05:39:24 INFO >> Largest group size for metric computation is 97
Aug 31 05:39:24 INFO >> Starting harmonic distance metric computation
Aug 31 05:39:24 INFO >> Finished harmonic distance metric computation
Aug 31 05:39:24 INFO >> Starting DBSCAN
Aug 31 05:39:24 INFO >> Finished DBSCAN
Aug 31 05:39:24 INFO >> Clusters found: 76
Aug 31 05:39:24 INFO >> Filtered 32 clusters below or equal 2 DM.
Aug 31 05:39:24 INFO >> Total number of candidate clusters=1
Aug 31 05:39:24 INFO >> Candidate Processor of stack (315.95 49.23)
Aug 31 05:39:24 INFO >> Making SinglePointingCandidates from a list of 1 PowerSpectraDetectionClusters
Aug 31 05:39:27 INFO >> saved candidates to ./results//injections/315.95_49.23_cumulative_power_spectra_stack_20220627_11_tpa.yml_(416,)_candidates.npz
Aug 31 05:39:27 INFO >> Injected Pulsars:     1
Aug 31 05:39:27 INFO >> Injection Candidates: 1
Aug 31 05:39:27 INFO >> Recovered Injections: 1
Aug 31 05:39:27 INFO >> 1 candidates.
Aug 31 05:39:27 INFO >> Best candidate: F0: 109.767 DM: 6.58 Sigma: 10.29
Aug 31 05:39:28 INFO >> Unlinked shared memory for cumulative stack.
Aug 31 05:39:28 INFO >> Pipeline execution time: 2.06 minutes
