Aug 31 15:10:01 INFO >> {"message": "Waiting for suitable server to become available", "selector": "Primary()", "operation": "find", "topologyDescription": "<TopologyDescription id: 66d33249487d4011e1cbf923, topology_type: Unknown, servers: [<ServerDescription ('localhost', 27017) server_type: Unknown, rtt: None>]>", "clientId": {"$oid": "66d33249487d4011e1cbf923"}, "remainingTimeMS": 29}
Aug 31 15:10:02 INFO >> Features initialized as the following:
Aug 31 15:10:02 INFO >> num_unique_dms
Aug 31 15:10:02 INFO >> num_unique_freqs
Aug 31 15:10:02 INFO >> ndetections
Aug 31 15:10:02 INFO >> nharm
Aug 31 15:10:02 INFO >> log_p_dm
Aug 31 15:10:02 INFO >> ['dm_sigma_FitGaussWidth_gauss_sigma', 'dm_sigma_FitGaussWidth_gauss_sigma_rel_err', 'dm_sigma_FitGaussWidth_ndof', 'dm_sigma_FitGaussWidth_rms_err']
Aug 31 15:10:02 INFO >> ['dm_sigma_FitGauss_amplitude', 'dm_sigma_FitGauss_mu', 'dm_sigma_FitGauss_gauss_sigma', 'dm_sigma_FitGauss_amplitude_rel_err', 'dm_sigma_FitGauss_mu_rel_err', 'dm_sigma_FitGauss_gauss_sigma_rel_err', 'dm_sigma_FitGauss_amplitude-detection', 'dm_sigma_FitGauss_mu-detection', 'dm_sigma_FitGauss_ndof', 'dm_sigma_FitGauss_rms_err']
Aug 31 15:10:02 INFO >> ['freq_sigma_FitGaussWidth_gauss_sigma', 'freq_sigma_FitGaussWidth_gauss_sigma_rel_err', 'freq_sigma_FitGaussWidth_ndof', 'freq_sigma_FitGaussWidth_rms_err']
Aug 31 15:10:02 INFO >> ['freq_sigma_FitGauss_amplitude', 'freq_sigma_FitGauss_mu', 'freq_sigma_FitGauss_gauss_sigma', 'freq_sigma_FitGauss_amplitude_rel_err', 'freq_sigma_FitGauss_mu_rel_err', 'freq_sigma_FitGauss_gauss_sigma_rel_err', 'freq_sigma_FitGauss_amplitude-detection', 'freq_sigma_FitGauss_mu-detection', 'freq_sigma_FitGauss_ndof', 'freq_sigma_FitGauss_rms_err']
Aug 31 15:10:02 INFO >> Performing searching on cumulative stack 315.95 49.23
Aug 31 15:10:02 INFO >> Loading the cumulative power spectra stack to search
Aug 31 15:10:59 INFO >> DM: 98.46865668724611
Aug 31 15:10:59 INFO >> sigma: 8.054939246238577
Aug 31 15:10:59 INFO >> frequency: 95.23642469311216
Aug 31 15:10:59 INFO >> Injecting 5 harmonics.
Aug 31 15:10:59 INFO >> Starting DM: 97.35241164906498
Aug 31 15:10:59 INFO >> Stopping DM: 99.57876617742197
Aug 31 15:10:59 INFO >> Expected detection at 5.72 sigma with 4 harmonics.
Aug 31 15:11:13 INFO >> Start searching 6558 dm trials using 32 harmonics.
Aug 31 15:11:19 INFO >> Moved power spectra to shared memory.
Aug 31 15:11:19 INFO >> Number of dm trials in single multi processing job: 10
Aug 31 15:12:00 INFO >> Total number of detections=15578
Aug 31 15:12:00 INFO >> Clustering the detections
Aug 31 15:12:00 INFO >> Starting clustering
Aug 31 15:12:00 INFO >> Rogue harmonic power filter reduced detections from 15578 to 8520
Aug 31 15:12:00 INFO >> Filtering out duplicate freq,dm detections at multiple nharms removes 787 detections
Aug 31 15:12:00 INFO >> Duplicate freq,dm filter reduced detections to 7733
Aug 31 15:12:00 INFO >> Number of detections over threshold sigma (6.0): 7733
Aug 31 15:12:00 INFO >> Grouping duplicate frequencies together first
Aug 31 15:12:00 INFO >> Grouping duplicate frequencies removed 7214 detections from the harmonic metric computation
Aug 31 15:12:00 INFO >> Starting freq-DM distance metric computation
Aug 31 15:12:01 INFO >> Finished freq-DM distance metric computation
Aug 31 15:12:01 INFO >> Largest group size for metric computation is 97
Aug 31 15:12:01 INFO >> Starting harmonic distance metric computation
Aug 31 15:12:02 INFO >> Finished harmonic distance metric computation
Aug 31 15:12:02 INFO >> Starting DBSCAN
Aug 31 15:12:02 INFO >> Finished DBSCAN
Aug 31 15:12:02 INFO >> Clusters found: 75
Aug 31 15:12:02 INFO >> Filtered 32 clusters below or equal 2 DM.
Aug 31 15:12:02 INFO >> Total number of candidate clusters=0
Aug 31 15:12:02 INFO >> Candidate Processor of stack (315.95 49.23)
Aug 31 15:12:02 INFO >> Making SinglePointingCandidates from a list of 0 PowerSpectraDetectionClusters
Aug 31 15:12:04 INFO >> saved candidates to ./results//injections/315.95_49.23_cumulative_power_spectra_stack_20220627_11_tpa.yml_(690,)_candidates.npz
Aug 31 15:12:04 INFO >> Injected Pulsars:     1
Aug 31 15:12:04 INFO >> Injection Candidates: 0
Aug 31 15:12:04 INFO >> Recovered Injections: 0
Aug 31 15:12:04 INFO >> 0 candidates.
Aug 31 15:12:05 INFO >> Unlinked shared memory for cumulative stack.
Aug 31 15:12:05 INFO >> Pipeline execution time: 2.06 minutes
