Aug 31 09:54:27 INFO >> {"message": "Waiting for suitable server to become available", "selector": "Primary()", "operation": "find", "topologyDescription": "<TopologyDescription id: 66d2e853b639a08b1e983601, topology_type: Unknown, servers: [<ServerDescription ('localhost', 27017) server_type: Unknown, rtt: None>]>", "clientId": {"$oid": "66d2e853b639a08b1e983601"}, "remainingTimeMS": 29}
Aug 31 09:54:27 INFO >> Features initialized as the following:
Aug 31 09:54:27 INFO >> num_unique_dms
Aug 31 09:54:27 INFO >> num_unique_freqs
Aug 31 09:54:27 INFO >> ndetections
Aug 31 09:54:27 INFO >> nharm
Aug 31 09:54:27 INFO >> log_p_dm
Aug 31 09:54:27 INFO >> ['dm_sigma_FitGaussWidth_gauss_sigma', 'dm_sigma_FitGaussWidth_gauss_sigma_rel_err', 'dm_sigma_FitGaussWidth_ndof', 'dm_sigma_FitGaussWidth_rms_err']
Aug 31 09:54:27 INFO >> ['dm_sigma_FitGauss_amplitude', 'dm_sigma_FitGauss_mu', 'dm_sigma_FitGauss_gauss_sigma', 'dm_sigma_FitGauss_amplitude_rel_err', 'dm_sigma_FitGauss_mu_rel_err', 'dm_sigma_FitGauss_gauss_sigma_rel_err', 'dm_sigma_FitGauss_amplitude-detection', 'dm_sigma_FitGauss_mu-detection', 'dm_sigma_FitGauss_ndof', 'dm_sigma_FitGauss_rms_err']
Aug 31 09:54:27 INFO >> ['freq_sigma_FitGaussWidth_gauss_sigma', 'freq_sigma_FitGaussWidth_gauss_sigma_rel_err', 'freq_sigma_FitGaussWidth_ndof', 'freq_sigma_FitGaussWidth_rms_err']
Aug 31 09:54:27 INFO >> ['freq_sigma_FitGauss_amplitude', 'freq_sigma_FitGauss_mu', 'freq_sigma_FitGauss_gauss_sigma', 'freq_sigma_FitGauss_amplitude_rel_err', 'freq_sigma_FitGauss_mu_rel_err', 'freq_sigma_FitGauss_gauss_sigma_rel_err', 'freq_sigma_FitGauss_amplitude-detection', 'freq_sigma_FitGauss_mu-detection', 'freq_sigma_FitGauss_ndof', 'freq_sigma_FitGauss_rms_err']
Aug 31 09:54:27 INFO >> Performing searching on cumulative stack 315.95 49.23
Aug 31 09:54:27 INFO >> Loading the cumulative power spectra stack to search
Aug 31 09:55:24 INFO >> DM: 65.64546684849509
Aug 31 09:55:24 INFO >> sigma: 16.161944419487178
Aug 31 09:55:24 INFO >> frequency: 174.07641109651124
Aug 31 09:55:24 INFO >> Injecting 2 harmonics.
Aug 31 09:55:24 INFO >> Starting DM: 65.07027098788855
Aug 31 09:55:24 INFO >> Stopping DM: 66.28464618517418
Aug 31 09:55:24 INFO >> Expected detection at 9.06 sigma with 2 harmonics.
Aug 31 09:55:38 INFO >> Start searching 6558 dm trials using 32 harmonics.
Aug 31 09:55:44 INFO >> Moved power spectra to shared memory.
Aug 31 09:55:44 INFO >> Number of dm trials in single multi processing job: 10
Aug 31 09:56:25 INFO >> Total number of detections=15594
Aug 31 09:56:25 INFO >> Clustering the detections
Aug 31 09:56:25 INFO >> Starting clustering
Aug 31 09:56:25 INFO >> Rogue harmonic power filter reduced detections from 15594 to 8533
Aug 31 09:56:25 INFO >> Filtering out duplicate freq,dm detections at multiple nharms removes 787 detections
Aug 31 09:56:25 INFO >> Duplicate freq,dm filter reduced detections to 7746
Aug 31 09:56:25 INFO >> Number of detections over threshold sigma (6.0): 7746
Aug 31 09:56:25 INFO >> Grouping duplicate frequencies together first
Aug 31 09:56:25 INFO >> Grouping duplicate frequencies removed 7220 detections from the harmonic metric computation
Aug 31 09:56:25 INFO >> Starting freq-DM distance metric computation
Aug 31 09:56:25 INFO >> Finished freq-DM distance metric computation
Aug 31 09:56:26 INFO >> Largest group size for metric computation is 97
Aug 31 09:56:26 INFO >> Starting harmonic distance metric computation
Aug 31 09:56:26 INFO >> Finished harmonic distance metric computation
Aug 31 09:56:26 INFO >> Starting DBSCAN
Aug 31 09:56:26 INFO >> Finished DBSCAN
Aug 31 09:56:26 INFO >> Clusters found: 76
Aug 31 09:56:26 INFO >> Filtered 32 clusters below or equal 2 DM.
Aug 31 09:56:26 INFO >> Total number of candidate clusters=1
Aug 31 09:56:27 INFO >> Candidate Processor of stack (315.95 49.23)
Aug 31 09:56:27 INFO >> Making SinglePointingCandidates from a list of 1 PowerSpectraDetectionClusters
Aug 31 09:56:29 INFO >> saved candidates to ./results//injections/315.95_49.23_cumulative_power_spectra_stack_20220627_11_tpa.yml_(539,)_candidates.npz
Aug 31 09:56:29 INFO >> Injected Pulsars:     1
Aug 31 09:56:29 INFO >> Injection Candidates: 1
Aug 31 09:56:29 INFO >> Recovered Injections: 1
Aug 31 09:56:29 INFO >> 1 candidates.
Aug 31 09:56:29 INFO >> Best candidate: F0: 174.076 DM: 65.68 Sigma: 8.74
Aug 31 09:56:30 INFO >> Unlinked shared memory for cumulative stack.
Aug 31 09:56:30 INFO >> Pipeline execution time: 2.05 minutes
