Aug 31 16:44:05 INFO >> {"message": "Waiting for suitable server to become available", "selector": "Primary()", "operation": "find", "topologyDescription": "<TopologyDescription id: 66d3485546adbbfdb1ad8ed7, topology_type: Unknown, servers: [<ServerDescription ('localhost', 27017) server_type: Unknown, rtt: None>]>", "clientId": {"$oid": "66d3485546adbbfdb1ad8ed7"}, "remainingTimeMS": 29}
Aug 31 16:44:05 INFO >> Features initialized as the following:
Aug 31 16:44:05 INFO >> num_unique_dms
Aug 31 16:44:05 INFO >> num_unique_freqs
Aug 31 16:44:05 INFO >> ndetections
Aug 31 16:44:05 INFO >> nharm
Aug 31 16:44:05 INFO >> log_p_dm
Aug 31 16:44:05 INFO >> ['dm_sigma_FitGaussWidth_gauss_sigma', 'dm_sigma_FitGaussWidth_gauss_sigma_rel_err', 'dm_sigma_FitGaussWidth_ndof', 'dm_sigma_FitGaussWidth_rms_err']
Aug 31 16:44:05 INFO >> ['dm_sigma_FitGauss_amplitude', 'dm_sigma_FitGauss_mu', 'dm_sigma_FitGauss_gauss_sigma', 'dm_sigma_FitGauss_amplitude_rel_err', 'dm_sigma_FitGauss_mu_rel_err', 'dm_sigma_FitGauss_gauss_sigma_rel_err', 'dm_sigma_FitGauss_amplitude-detection', 'dm_sigma_FitGauss_mu-detection', 'dm_sigma_FitGauss_ndof', 'dm_sigma_FitGauss_rms_err']
Aug 31 16:44:05 INFO >> ['freq_sigma_FitGaussWidth_gauss_sigma', 'freq_sigma_FitGaussWidth_gauss_sigma_rel_err', 'freq_sigma_FitGaussWidth_ndof', 'freq_sigma_FitGaussWidth_rms_err']
Aug 31 16:44:05 INFO >> ['freq_sigma_FitGauss_amplitude', 'freq_sigma_FitGauss_mu', 'freq_sigma_FitGauss_gauss_sigma', 'freq_sigma_FitGauss_amplitude_rel_err', 'freq_sigma_FitGauss_mu_rel_err', 'freq_sigma_FitGauss_gauss_sigma_rel_err', 'freq_sigma_FitGauss_amplitude-detection', 'freq_sigma_FitGauss_mu-detection', 'freq_sigma_FitGauss_ndof', 'freq_sigma_FitGauss_rms_err']
Aug 31 16:44:06 INFO >> Performing searching on cumulative stack 315.95 49.23
Aug 31 16:44:06 INFO >> Loading the cumulative power spectra stack to search
Aug 31 16:45:02 INFO >> DM: 169.43702127988172
Aug 31 16:45:02 INFO >> sigma: 15.8775053346666
Aug 31 16:45:02 INFO >> frequency: 62.56326106363975
Aug 31 16:45:02 INFO >> Injecting 8 harmonics.
Aug 31 16:45:02 INFO >> Starting DM: 167.78617309163172
Aug 31 16:45:02 INFO >> Stopping DM: 171.12570488416722
Aug 31 16:45:02 INFO >> Expected detection at 7.58 sigma with 8 harmonics.
Aug 31 16:45:16 INFO >> Start searching 6558 dm trials using 32 harmonics.
Aug 31 16:45:22 INFO >> Moved power spectra to shared memory.
Aug 31 16:45:22 INFO >> Number of dm trials in single multi processing job: 10
Aug 31 16:46:02 INFO >> Total number of detections=15581
Aug 31 16:46:02 INFO >> Clustering the detections
Aug 31 16:46:02 INFO >> Starting clustering
Aug 31 16:46:02 INFO >> Rogue harmonic power filter reduced detections from 15581 to 8523
Aug 31 16:46:02 INFO >> Filtering out duplicate freq,dm detections at multiple nharms removes 788 detections
Aug 31 16:46:02 INFO >> Duplicate freq,dm filter reduced detections to 7735
Aug 31 16:46:02 INFO >> Number of detections over threshold sigma (6.0): 7735
Aug 31 16:46:02 INFO >> Grouping duplicate frequencies together first
Aug 31 16:46:02 INFO >> Grouping duplicate frequencies removed 7214 detections from the harmonic metric computation
Aug 31 16:46:02 INFO >> Starting freq-DM distance metric computation
Aug 31 16:46:03 INFO >> Finished freq-DM distance metric computation
Aug 31 16:46:03 INFO >> Largest group size for metric computation is 97
Aug 31 16:46:03 INFO >> Starting harmonic distance metric computation
Aug 31 16:46:04 INFO >> Finished harmonic distance metric computation
Aug 31 16:46:04 INFO >> Starting DBSCAN
Aug 31 16:46:04 INFO >> Finished DBSCAN
Aug 31 16:46:04 INFO >> Clusters found: 75
Aug 31 16:46:04 INFO >> Filtered 32 clusters below or equal 2 DM.
Aug 31 16:46:04 INFO >> Total number of candidate clusters=0
Aug 31 16:46:04 INFO >> Candidate Processor of stack (315.95 49.23)
Aug 31 16:46:04 INFO >> Making SinglePointingCandidates from a list of 0 PowerSpectraDetectionClusters
Aug 31 16:46:06 INFO >> saved candidates to ./results//injections/315.95_49.23_cumulative_power_spectra_stack_20220627_11_tpa.yml_(735,)_candidates.npz
Aug 31 16:46:06 INFO >> Injected Pulsars:     1
Aug 31 16:46:06 INFO >> Injection Candidates: 0
Aug 31 16:46:06 INFO >> Recovered Injections: 0
Aug 31 16:46:06 INFO >> 0 candidates.
Aug 31 16:46:07 INFO >> Unlinked shared memory for cumulative stack.
Aug 31 16:46:07 INFO >> Pipeline execution time: 2.04 minutes
