Aug 31 11:51:31 INFO >> {"message": "Waiting for suitable server to become available", "selector": "Primary()", "operation": "find", "topologyDescription": "<TopologyDescription id: 66d303c331242aa7c7920580, topology_type: Unknown, servers: [<ServerDescription ('localhost', 27017) server_type: Unknown, rtt: None>]>", "clientId": {"$oid": "66d303c331242aa7c7920580"}, "remainingTimeMS": 29}
Aug 31 11:51:31 INFO >> Features initialized as the following:
Aug 31 11:51:31 INFO >> num_unique_dms
Aug 31 11:51:31 INFO >> num_unique_freqs
Aug 31 11:51:31 INFO >> ndetections
Aug 31 11:51:31 INFO >> nharm
Aug 31 11:51:31 INFO >> log_p_dm
Aug 31 11:51:31 INFO >> ['dm_sigma_FitGaussWidth_gauss_sigma', 'dm_sigma_FitGaussWidth_gauss_sigma_rel_err', 'dm_sigma_FitGaussWidth_ndof', 'dm_sigma_FitGaussWidth_rms_err']
Aug 31 11:51:31 INFO >> ['dm_sigma_FitGauss_amplitude', 'dm_sigma_FitGauss_mu', 'dm_sigma_FitGauss_gauss_sigma', 'dm_sigma_FitGauss_amplitude_rel_err', 'dm_sigma_FitGauss_mu_rel_err', 'dm_sigma_FitGauss_gauss_sigma_rel_err', 'dm_sigma_FitGauss_amplitude-detection', 'dm_sigma_FitGauss_mu-detection', 'dm_sigma_FitGauss_ndof', 'dm_sigma_FitGauss_rms_err']
Aug 31 11:51:31 INFO >> ['freq_sigma_FitGaussWidth_gauss_sigma', 'freq_sigma_FitGaussWidth_gauss_sigma_rel_err', 'freq_sigma_FitGaussWidth_ndof', 'freq_sigma_FitGaussWidth_rms_err']
Aug 31 11:51:31 INFO >> ['freq_sigma_FitGauss_amplitude', 'freq_sigma_FitGauss_mu', 'freq_sigma_FitGauss_gauss_sigma', 'freq_sigma_FitGauss_amplitude_rel_err', 'freq_sigma_FitGauss_mu_rel_err', 'freq_sigma_FitGauss_gauss_sigma_rel_err', 'freq_sigma_FitGauss_amplitude-detection', 'freq_sigma_FitGauss_mu-detection', 'freq_sigma_FitGauss_ndof', 'freq_sigma_FitGauss_rms_err']
Aug 31 11:51:31 INFO >> Performing searching on cumulative stack 315.95 49.23
Aug 31 11:51:31 INFO >> Loading the cumulative power spectra stack to search
Aug 31 11:52:29 INFO >> DM: 39.42240941382607
Aug 31 11:52:29 INFO >> sigma: 16.151990389816312
Aug 31 11:52:29 INFO >> frequency: 136.14594290658593
Aug 31 11:52:29 INFO >> Injecting 3 harmonics.
Aug 31 11:52:29 INFO >> Starting DM: 38.657610446926014
Aug 31 11:52:29 INFO >> Stopping DM: 40.17557944353305
Aug 31 11:52:29 INFO >> Expected detection at 7.88 sigma with 2 harmonics.
Aug 31 11:52:43 INFO >> Start searching 6558 dm trials using 32 harmonics.
Aug 31 11:52:48 INFO >> Moved power spectra to shared memory.
Aug 31 11:52:48 INFO >> Number of dm trials in single multi processing job: 10
Aug 31 11:53:28 INFO >> Total number of detections=15583
Aug 31 11:53:28 INFO >> Clustering the detections
Aug 31 11:53:28 INFO >> Starting clustering
Aug 31 11:53:29 INFO >> Rogue harmonic power filter reduced detections from 15583 to 8525
Aug 31 11:53:29 INFO >> Filtering out duplicate freq,dm detections at multiple nharms removes 789 detections
Aug 31 11:53:29 INFO >> Duplicate freq,dm filter reduced detections to 7736
Aug 31 11:53:29 INFO >> Number of detections over threshold sigma (6.0): 7736
Aug 31 11:53:29 INFO >> Grouping duplicate frequencies together first
Aug 31 11:53:29 INFO >> Grouping duplicate frequencies removed 7216 detections from the harmonic metric computation
Aug 31 11:53:29 INFO >> Starting freq-DM distance metric computation
Aug 31 11:53:29 INFO >> Finished freq-DM distance metric computation
Aug 31 11:53:29 INFO >> Largest group size for metric computation is 97
Aug 31 11:53:29 INFO >> Starting harmonic distance metric computation
Aug 31 11:53:30 INFO >> Finished harmonic distance metric computation
Aug 31 11:53:30 INFO >> Starting DBSCAN
Aug 31 11:53:30 INFO >> Finished DBSCAN
Aug 31 11:53:30 INFO >> Clusters found: 75
Aug 31 11:53:30 INFO >> Filtered 32 clusters below or equal 2 DM.
Aug 31 11:53:30 INFO >> Total number of candidate clusters=0
Aug 31 11:53:30 INFO >> Candidate Processor of stack (315.95 49.23)
Aug 31 11:53:30 INFO >> Making SinglePointingCandidates from a list of 0 PowerSpectraDetectionClusters
Aug 31 11:53:32 INFO >> saved candidates to ./results//injections/315.95_49.23_cumulative_power_spectra_stack_20220627_11_tpa.yml_(595,)_candidates.npz
Aug 31 11:53:32 INFO >> Injected Pulsars:     1
Aug 31 11:53:32 INFO >> Injection Candidates: 0
Aug 31 11:53:32 INFO >> Recovered Injections: 0
Aug 31 11:53:32 INFO >> 0 candidates.
Aug 31 11:53:33 INFO >> Unlinked shared memory for cumulative stack.
Aug 31 11:53:33 INFO >> Pipeline execution time: 2.05 minutes
