Aug 31 03:31:55 INFO >> {"message": "Waiting for suitable server to become available", "selector": "Primary()", "operation": "find", "topologyDescription": "<TopologyDescription id: 66d28eabbd584612918cf51c, topology_type: Unknown, servers: [<ServerDescription ('localhost', 27017) server_type: Unknown, rtt: None>]>", "clientId": {"$oid": "66d28eabbd584612918cf51c"}, "remainingTimeMS": 29}
Aug 31 03:31:55 INFO >> Features initialized as the following:
Aug 31 03:31:55 INFO >> num_unique_dms
Aug 31 03:31:55 INFO >> num_unique_freqs
Aug 31 03:31:55 INFO >> ndetections
Aug 31 03:31:55 INFO >> nharm
Aug 31 03:31:55 INFO >> log_p_dm
Aug 31 03:31:55 INFO >> ['dm_sigma_FitGaussWidth_gauss_sigma', 'dm_sigma_FitGaussWidth_gauss_sigma_rel_err', 'dm_sigma_FitGaussWidth_ndof', 'dm_sigma_FitGaussWidth_rms_err']
Aug 31 03:31:55 INFO >> ['dm_sigma_FitGauss_amplitude', 'dm_sigma_FitGauss_mu', 'dm_sigma_FitGauss_gauss_sigma', 'dm_sigma_FitGauss_amplitude_rel_err', 'dm_sigma_FitGauss_mu_rel_err', 'dm_sigma_FitGauss_gauss_sigma_rel_err', 'dm_sigma_FitGauss_amplitude-detection', 'dm_sigma_FitGauss_mu-detection', 'dm_sigma_FitGauss_ndof', 'dm_sigma_FitGauss_rms_err']
Aug 31 03:31:55 INFO >> ['freq_sigma_FitGaussWidth_gauss_sigma', 'freq_sigma_FitGaussWidth_gauss_sigma_rel_err', 'freq_sigma_FitGaussWidth_ndof', 'freq_sigma_FitGaussWidth_rms_err']
Aug 31 03:31:55 INFO >> ['freq_sigma_FitGauss_amplitude', 'freq_sigma_FitGauss_mu', 'freq_sigma_FitGauss_gauss_sigma', 'freq_sigma_FitGauss_amplitude_rel_err', 'freq_sigma_FitGauss_mu_rel_err', 'freq_sigma_FitGauss_gauss_sigma_rel_err', 'freq_sigma_FitGauss_amplitude-detection', 'freq_sigma_FitGauss_mu-detection', 'freq_sigma_FitGauss_ndof', 'freq_sigma_FitGauss_rms_err']
Aug 31 03:31:55 INFO >> Performing searching on cumulative stack 315.95 49.23
Aug 31 03:31:55 INFO >> Loading the cumulative power spectra stack to search
Aug 31 03:32:53 INFO >> DM: 110.44245917577193
Aug 31 03:32:53 INFO >> sigma: 10.824199895174608
Aug 31 03:32:53 INFO >> frequency: 14.057499901018387
Aug 31 03:32:53 INFO >> Injecting 36 harmonics.
Aug 31 03:32:53 INFO >> Starting DM: 103.12069383617174
Aug 31 03:32:53 INFO >> Stopping DM: 117.79439413670647
Aug 31 03:32:53 INFO >> Expected detection at 9.59 sigma with 16 harmonics.
Aug 31 03:33:07 INFO >> Start searching 6558 dm trials using 32 harmonics.
Aug 31 03:33:13 INFO >> Moved power spectra to shared memory.
Aug 31 03:33:13 INFO >> Number of dm trials in single multi processing job: 10
Aug 31 03:33:53 INFO >> Total number of detections=15582
Aug 31 03:33:53 INFO >> Clustering the detections
Aug 31 03:33:53 INFO >> Starting clustering
Aug 31 03:33:53 INFO >> Rogue harmonic power filter reduced detections from 15582 to 8524
Aug 31 03:33:53 INFO >> Filtering out duplicate freq,dm detections at multiple nharms removes 788 detections
Aug 31 03:33:53 INFO >> Duplicate freq,dm filter reduced detections to 7736
Aug 31 03:33:53 INFO >> Number of detections over threshold sigma (6.0): 7736
Aug 31 03:33:53 INFO >> Grouping duplicate frequencies together first
Aug 31 03:33:53 INFO >> Grouping duplicate frequencies removed 7215 detections from the harmonic metric computation
Aug 31 03:33:53 INFO >> Starting freq-DM distance metric computation
Aug 31 03:33:54 INFO >> Finished freq-DM distance metric computation
Aug 31 03:33:54 INFO >> Largest group size for metric computation is 97
Aug 31 03:33:54 INFO >> Starting harmonic distance metric computation
Aug 31 03:33:54 INFO >> Finished harmonic distance metric computation
Aug 31 03:33:54 INFO >> Starting DBSCAN
Aug 31 03:33:55 INFO >> Finished DBSCAN
Aug 31 03:33:55 INFO >> Clusters found: 75
Aug 31 03:33:55 INFO >> Filtered 32 clusters below or equal 2 DM.
Aug 31 03:33:55 INFO >> Total number of candidate clusters=0
Aug 31 03:33:55 INFO >> Candidate Processor of stack (315.95 49.23)
Aug 31 03:33:55 INFO >> Making SinglePointingCandidates from a list of 0 PowerSpectraDetectionClusters
Aug 31 03:33:57 INFO >> saved candidates to ./results//injections/315.95_49.23_cumulative_power_spectra_stack_20220627_11_tpa.yml_(356,)_candidates.npz
Aug 31 03:33:57 INFO >> Injected Pulsars:     1
Aug 31 03:33:57 INFO >> Injection Candidates: 0
Aug 31 03:33:57 INFO >> Recovered Injections: 0
Aug 31 03:33:57 INFO >> 0 candidates.
Aug 31 03:33:58 INFO >> Unlinked shared memory for cumulative stack.
Aug 31 03:33:58 INFO >> Pipeline execution time: 2.05 minutes
