Aug 31 00:13:26 INFO >> {"message": "Waiting for suitable server to become available", "selector": "Primary()", "operation": "find", "topologyDescription": "<TopologyDescription id: 66d260266dd6677a359e6c6d, topology_type: Unknown, servers: [<ServerDescription ('localhost', 27017) server_type: Unknown, rtt: None>]>", "clientId": {"$oid": "66d260266dd6677a359e6c6d"}, "remainingTimeMS": 29}
Aug 31 00:13:27 INFO >> Features initialized as the following:
Aug 31 00:13:27 INFO >> num_unique_dms
Aug 31 00:13:27 INFO >> num_unique_freqs
Aug 31 00:13:27 INFO >> ndetections
Aug 31 00:13:27 INFO >> nharm
Aug 31 00:13:27 INFO >> log_p_dm
Aug 31 00:13:27 INFO >> ['dm_sigma_FitGaussWidth_gauss_sigma', 'dm_sigma_FitGaussWidth_gauss_sigma_rel_err', 'dm_sigma_FitGaussWidth_ndof', 'dm_sigma_FitGaussWidth_rms_err']
Aug 31 00:13:27 INFO >> ['dm_sigma_FitGauss_amplitude', 'dm_sigma_FitGauss_mu', 'dm_sigma_FitGauss_gauss_sigma', 'dm_sigma_FitGauss_amplitude_rel_err', 'dm_sigma_FitGauss_mu_rel_err', 'dm_sigma_FitGauss_gauss_sigma_rel_err', 'dm_sigma_FitGauss_amplitude-detection', 'dm_sigma_FitGauss_mu-detection', 'dm_sigma_FitGauss_ndof', 'dm_sigma_FitGauss_rms_err']
Aug 31 00:13:27 INFO >> ['freq_sigma_FitGaussWidth_gauss_sigma', 'freq_sigma_FitGaussWidth_gauss_sigma_rel_err', 'freq_sigma_FitGaussWidth_ndof', 'freq_sigma_FitGaussWidth_rms_err']
Aug 31 00:13:27 INFO >> ['freq_sigma_FitGauss_amplitude', 'freq_sigma_FitGauss_mu', 'freq_sigma_FitGauss_gauss_sigma', 'freq_sigma_FitGauss_amplitude_rel_err', 'freq_sigma_FitGauss_mu_rel_err', 'freq_sigma_FitGauss_gauss_sigma_rel_err', 'freq_sigma_FitGauss_amplitude-detection', 'freq_sigma_FitGauss_mu-detection', 'freq_sigma_FitGauss_ndof', 'freq_sigma_FitGauss_rms_err']
Aug 31 00:13:27 INFO >> Performing searching on cumulative stack 315.95 49.23
Aug 31 00:13:27 INFO >> Loading the cumulative power spectra stack to search
Aug 31 00:14:24 INFO >> DM: 114.55512960986957
Aug 31 00:14:24 INFO >> sigma: 15.240386994989613
Aug 31 00:14:24 INFO >> frequency: 188.2364102777793
Aug 31 00:14:24 INFO >> Injecting 2 harmonics.
Aug 31 00:14:24 INFO >> Starting DM: 114.05007061174244
Aug 31 00:14:24 INFO >> Stopping DM: 115.06204994281381
Aug 31 00:14:24 INFO >> Expected detection at 8.28 sigma with 2 harmonics.
Aug 31 00:14:38 INFO >> Start searching 6558 dm trials using 32 harmonics.
Aug 31 00:14:43 INFO >> Moved power spectra to shared memory.
Aug 31 00:14:43 INFO >> Number of dm trials in single multi processing job: 10
Aug 31 00:15:24 INFO >> Total number of detections=15582
Aug 31 00:15:24 INFO >> Clustering the detections
Aug 31 00:15:24 INFO >> Starting clustering
Aug 31 00:15:24 INFO >> Rogue harmonic power filter reduced detections from 15582 to 8524
Aug 31 00:15:24 INFO >> Filtering out duplicate freq,dm detections at multiple nharms removes 787 detections
Aug 31 00:15:24 INFO >> Duplicate freq,dm filter reduced detections to 7737
Aug 31 00:15:24 INFO >> Number of detections over threshold sigma (6.0): 7737
Aug 31 00:15:24 INFO >> Grouping duplicate frequencies together first
Aug 31 00:15:24 INFO >> Grouping duplicate frequencies removed 7214 detections from the harmonic metric computation
Aug 31 00:15:24 INFO >> Starting freq-DM distance metric computation
Aug 31 00:15:25 INFO >> Finished freq-DM distance metric computation
Aug 31 00:15:25 INFO >> Largest group size for metric computation is 97
Aug 31 00:15:25 INFO >> Starting harmonic distance metric computation
Aug 31 00:15:26 INFO >> Finished harmonic distance metric computation
Aug 31 00:15:26 INFO >> Starting DBSCAN
Aug 31 00:15:26 INFO >> Finished DBSCAN
Aug 31 00:15:26 INFO >> Clusters found: 75
Aug 31 00:15:26 INFO >> Filtered 32 clusters below or equal 2 DM.
Aug 31 00:15:26 INFO >> Total number of candidate clusters=0
Aug 31 00:15:26 INFO >> Candidate Processor of stack (315.95 49.23)
Aug 31 00:15:26 INFO >> Making SinglePointingCandidates from a list of 0 PowerSpectraDetectionClusters
Aug 31 00:15:28 INFO >> saved candidates to ./results//injections/315.95_49.23_cumulative_power_spectra_stack_20220627_11_tpa.yml_(261,)_candidates.npz
Aug 31 00:15:28 INFO >> Injected Pulsars:     1
Aug 31 00:15:28 INFO >> Injection Candidates: 0
Aug 31 00:15:28 INFO >> Recovered Injections: 0
Aug 31 00:15:28 INFO >> 0 candidates.
Aug 31 00:15:29 INFO >> Unlinked shared memory for cumulative stack.
Aug 31 00:15:29 INFO >> Pipeline execution time: 2.04 minutes
