Aug 31 08:51:51 INFO >> {"message": "Waiting for suitable server to become available", "selector": "Primary()", "operation": "find", "topologyDescription": "<TopologyDescription id: 66d2d9a7e5467c1412c72190, topology_type: Unknown, servers: [<ServerDescription ('localhost', 27017) server_type: Unknown, rtt: None>]>", "clientId": {"$oid": "66d2d9a7e5467c1412c72190"}, "remainingTimeMS": 29}
Aug 31 08:51:51 INFO >> Features initialized as the following:
Aug 31 08:51:51 INFO >> num_unique_dms
Aug 31 08:51:51 INFO >> num_unique_freqs
Aug 31 08:51:51 INFO >> ndetections
Aug 31 08:51:51 INFO >> nharm
Aug 31 08:51:51 INFO >> log_p_dm
Aug 31 08:51:51 INFO >> ['dm_sigma_FitGaussWidth_gauss_sigma', 'dm_sigma_FitGaussWidth_gauss_sigma_rel_err', 'dm_sigma_FitGaussWidth_ndof', 'dm_sigma_FitGaussWidth_rms_err']
Aug 31 08:51:51 INFO >> ['dm_sigma_FitGauss_amplitude', 'dm_sigma_FitGauss_mu', 'dm_sigma_FitGauss_gauss_sigma', 'dm_sigma_FitGauss_amplitude_rel_err', 'dm_sigma_FitGauss_mu_rel_err', 'dm_sigma_FitGauss_gauss_sigma_rel_err', 'dm_sigma_FitGauss_amplitude-detection', 'dm_sigma_FitGauss_mu-detection', 'dm_sigma_FitGauss_ndof', 'dm_sigma_FitGauss_rms_err']
Aug 31 08:51:51 INFO >> ['freq_sigma_FitGaussWidth_gauss_sigma', 'freq_sigma_FitGaussWidth_gauss_sigma_rel_err', 'freq_sigma_FitGaussWidth_ndof', 'freq_sigma_FitGaussWidth_rms_err']
Aug 31 08:51:51 INFO >> ['freq_sigma_FitGauss_amplitude', 'freq_sigma_FitGauss_mu', 'freq_sigma_FitGauss_gauss_sigma', 'freq_sigma_FitGauss_amplitude_rel_err', 'freq_sigma_FitGauss_mu_rel_err', 'freq_sigma_FitGauss_gauss_sigma_rel_err', 'freq_sigma_FitGauss_amplitude-detection', 'freq_sigma_FitGauss_mu-detection', 'freq_sigma_FitGauss_ndof', 'freq_sigma_FitGauss_rms_err']
Aug 31 08:51:51 INFO >> Performing searching on cumulative stack 315.95 49.23
Aug 31 08:51:51 INFO >> Loading the cumulative power spectra stack to search
Aug 31 08:52:48 INFO >> DM: 21.405174256700672
Aug 31 08:52:48 INFO >> sigma: 12.3373262003581
Aug 31 08:52:48 INFO >> frequency: 99.25815003228021
Aug 31 08:52:48 INFO >> Injecting 5 harmonics.
Aug 31 08:52:48 INFO >> Starting DM: 20.340784554534366
Aug 31 08:52:48 INFO >> Stopping DM: 22.46594114978423
Aug 31 08:52:48 INFO >> Expected detection at 6.38 sigma with 4 harmonics.
Aug 31 08:53:02 INFO >> Start searching 6558 dm trials using 32 harmonics.
Aug 31 08:53:08 INFO >> Moved power spectra to shared memory.
Aug 31 08:53:08 INFO >> Number of dm trials in single multi processing job: 10
Aug 31 08:53:48 INFO >> Total number of detections=15582
Aug 31 08:53:48 INFO >> Clustering the detections
Aug 31 08:53:48 INFO >> Starting clustering
Aug 31 08:53:48 INFO >> Rogue harmonic power filter reduced detections from 15582 to 8524
Aug 31 08:53:48 INFO >> Filtering out duplicate freq,dm detections at multiple nharms removes 787 detections
Aug 31 08:53:48 INFO >> Duplicate freq,dm filter reduced detections to 7737
Aug 31 08:53:48 INFO >> Number of detections over threshold sigma (6.0): 7737
Aug 31 08:53:48 INFO >> Grouping duplicate frequencies together first
Aug 31 08:53:48 INFO >> Grouping duplicate frequencies removed 7216 detections from the harmonic metric computation
Aug 31 08:53:48 INFO >> Starting freq-DM distance metric computation
Aug 31 08:53:49 INFO >> Finished freq-DM distance metric computation
Aug 31 08:53:49 INFO >> Largest group size for metric computation is 97
Aug 31 08:53:49 INFO >> Starting harmonic distance metric computation
Aug 31 08:53:50 INFO >> Finished harmonic distance metric computation
Aug 31 08:53:50 INFO >> Starting DBSCAN
Aug 31 08:53:50 INFO >> Finished DBSCAN
Aug 31 08:53:50 INFO >> Clusters found: 76
Aug 31 08:53:50 INFO >> Filtered 32 clusters below or equal 2 DM.
Aug 31 08:53:50 INFO >> Total number of candidate clusters=1
Aug 31 08:53:50 INFO >> Candidate Processor of stack (315.95 49.23)
Aug 31 08:53:50 INFO >> Making SinglePointingCandidates from a list of 1 PowerSpectraDetectionClusters
Aug 31 08:53:52 INFO >> saved candidates to ./results//injections/315.95_49.23_cumulative_power_spectra_stack_20220627_11_tpa.yml_(509,)_candidates.npz
Aug 31 08:53:52 INFO >> Injected Pulsars:     1
Aug 31 08:53:52 INFO >> Injection Candidates: 1
Aug 31 08:53:52 INFO >> Recovered Injections: 1
Aug 31 08:53:52 INFO >> 1 candidates.
Aug 31 08:53:52 INFO >> Best candidate: F0: 99.258 DM: 21.35 Sigma: 7.59
Aug 31 08:53:53 INFO >> Unlinked shared memory for cumulative stack.
Aug 31 08:53:53 INFO >> Pipeline execution time: 2.04 minutes
