Aug 31 14:53:15 INFO >> {"message": "Waiting for suitable server to become available", "selector": "Primary()", "operation": "find", "topologyDescription": "<TopologyDescription id: 66d32e5bb75a0987e276b80c, topology_type: Unknown, servers: [<ServerDescription ('localhost', 27017) server_type: Unknown, rtt: None>]>", "clientId": {"$oid": "66d32e5bb75a0987e276b80c"}, "remainingTimeMS": 29}
Aug 31 14:53:15 INFO >> Features initialized as the following:
Aug 31 14:53:15 INFO >> num_unique_dms
Aug 31 14:53:15 INFO >> num_unique_freqs
Aug 31 14:53:15 INFO >> ndetections
Aug 31 14:53:15 INFO >> nharm
Aug 31 14:53:15 INFO >> log_p_dm
Aug 31 14:53:15 INFO >> ['dm_sigma_FitGaussWidth_gauss_sigma', 'dm_sigma_FitGaussWidth_gauss_sigma_rel_err', 'dm_sigma_FitGaussWidth_ndof', 'dm_sigma_FitGaussWidth_rms_err']
Aug 31 14:53:15 INFO >> ['dm_sigma_FitGauss_amplitude', 'dm_sigma_FitGauss_mu', 'dm_sigma_FitGauss_gauss_sigma', 'dm_sigma_FitGauss_amplitude_rel_err', 'dm_sigma_FitGauss_mu_rel_err', 'dm_sigma_FitGauss_gauss_sigma_rel_err', 'dm_sigma_FitGauss_amplitude-detection', 'dm_sigma_FitGauss_mu-detection', 'dm_sigma_FitGauss_ndof', 'dm_sigma_FitGauss_rms_err']
Aug 31 14:53:15 INFO >> ['freq_sigma_FitGaussWidth_gauss_sigma', 'freq_sigma_FitGaussWidth_gauss_sigma_rel_err', 'freq_sigma_FitGaussWidth_ndof', 'freq_sigma_FitGaussWidth_rms_err']
Aug 31 14:53:15 INFO >> ['freq_sigma_FitGauss_amplitude', 'freq_sigma_FitGauss_mu', 'freq_sigma_FitGauss_gauss_sigma', 'freq_sigma_FitGauss_amplitude_rel_err', 'freq_sigma_FitGauss_mu_rel_err', 'freq_sigma_FitGauss_gauss_sigma_rel_err', 'freq_sigma_FitGauss_amplitude-detection', 'freq_sigma_FitGauss_mu-detection', 'freq_sigma_FitGauss_ndof', 'freq_sigma_FitGauss_rms_err']
Aug 31 14:53:15 INFO >> Performing searching on cumulative stack 315.95 49.23
Aug 31 14:53:15 INFO >> Loading the cumulative power spectra stack to search
Aug 31 14:54:12 INFO >> DM: 195.41754856147972
Aug 31 14:54:12 INFO >> sigma: 13.745945623173718
Aug 31 14:54:12 INFO >> frequency: 50.793421708806946
Aug 31 14:54:12 INFO >> Injecting 10 harmonics.
Aug 31 14:54:12 INFO >> Starting DM: 193.3892501677372
Aug 31 14:54:12 INFO >> Stopping DM: 197.43716749202264
Aug 31 14:54:13 INFO >> Expected detection at 10.65 sigma with 8 harmonics.
Aug 31 14:54:27 INFO >> Start searching 6558 dm trials using 32 harmonics.
Aug 31 14:54:32 INFO >> Moved power spectra to shared memory.
Aug 31 14:54:32 INFO >> Number of dm trials in single multi processing job: 10
Aug 31 14:55:13 INFO >> Total number of detections=15593
Aug 31 14:55:13 INFO >> Clustering the detections
Aug 31 14:55:13 INFO >> Starting clustering
Aug 31 14:55:13 INFO >> Rogue harmonic power filter reduced detections from 15593 to 8535
Aug 31 14:55:13 INFO >> Filtering out duplicate freq,dm detections at multiple nharms removes 791 detections
Aug 31 14:55:13 INFO >> Duplicate freq,dm filter reduced detections to 7744
Aug 31 14:55:13 INFO >> Number of detections over threshold sigma (6.0): 7744
Aug 31 14:55:13 INFO >> Grouping duplicate frequencies together first
Aug 31 14:55:13 INFO >> Grouping duplicate frequencies removed 7218 detections from the harmonic metric computation
Aug 31 14:55:13 INFO >> Starting freq-DM distance metric computation
Aug 31 14:55:13 INFO >> Finished freq-DM distance metric computation
Aug 31 14:55:13 INFO >> Largest group size for metric computation is 97
Aug 31 14:55:13 INFO >> Starting harmonic distance metric computation
Aug 31 14:55:14 INFO >> Finished harmonic distance metric computation
Aug 31 14:55:14 INFO >> Starting DBSCAN
Aug 31 14:55:14 INFO >> Finished DBSCAN
Aug 31 14:55:14 INFO >> Clusters found: 76
Aug 31 14:55:14 INFO >> Filtered 32 clusters below or equal 2 DM.
Aug 31 14:55:14 INFO >> Total number of candidate clusters=1
Aug 31 14:55:14 INFO >> Candidate Processor of stack (315.95 49.23)
Aug 31 14:55:14 INFO >> Making SinglePointingCandidates from a list of 1 PowerSpectraDetectionClusters
Aug 31 14:55:16 INFO >> saved candidates to ./results//injections/315.95_49.23_cumulative_power_spectra_stack_20220627_11_tpa.yml_(682,)_candidates.npz
Aug 31 14:55:16 INFO >> Injected Pulsars:     1
Aug 31 14:55:16 INFO >> Injection Candidates: 1
Aug 31 14:55:16 INFO >> Recovered Injections: 1
Aug 31 14:55:16 INFO >> 1 candidates.
Aug 31 14:55:16 INFO >> Best candidate: F0: 50.793 DM: 195.41 Sigma: 10.37
Aug 31 14:55:18 INFO >> Unlinked shared memory for cumulative stack.
Aug 31 14:55:18 INFO >> Pipeline execution time: 2.06 minutes
