Aug 31 02:45:56 INFO >> {"message": "Waiting for suitable server to become available", "selector": "Primary()", "operation": "find", "topologyDescription": "<TopologyDescription id: 66d283e40468d2a50933fcd1, topology_type: Unknown, servers: [<ServerDescription ('localhost', 27017) server_type: Unknown, rtt: None>]>", "clientId": {"$oid": "66d283e40468d2a50933fcd1"}, "remainingTimeMS": 29}
Aug 31 02:45:56 INFO >> Features initialized as the following:
Aug 31 02:45:56 INFO >> num_unique_dms
Aug 31 02:45:56 INFO >> num_unique_freqs
Aug 31 02:45:56 INFO >> ndetections
Aug 31 02:45:56 INFO >> nharm
Aug 31 02:45:56 INFO >> log_p_dm
Aug 31 02:45:56 INFO >> ['dm_sigma_FitGaussWidth_gauss_sigma', 'dm_sigma_FitGaussWidth_gauss_sigma_rel_err', 'dm_sigma_FitGaussWidth_ndof', 'dm_sigma_FitGaussWidth_rms_err']
Aug 31 02:45:56 INFO >> ['dm_sigma_FitGauss_amplitude', 'dm_sigma_FitGauss_mu', 'dm_sigma_FitGauss_gauss_sigma', 'dm_sigma_FitGauss_amplitude_rel_err', 'dm_sigma_FitGauss_mu_rel_err', 'dm_sigma_FitGauss_gauss_sigma_rel_err', 'dm_sigma_FitGauss_amplitude-detection', 'dm_sigma_FitGauss_mu-detection', 'dm_sigma_FitGauss_ndof', 'dm_sigma_FitGauss_rms_err']
Aug 31 02:45:56 INFO >> ['freq_sigma_FitGaussWidth_gauss_sigma', 'freq_sigma_FitGaussWidth_gauss_sigma_rel_err', 'freq_sigma_FitGaussWidth_ndof', 'freq_sigma_FitGaussWidth_rms_err']
Aug 31 02:45:56 INFO >> ['freq_sigma_FitGauss_amplitude', 'freq_sigma_FitGauss_mu', 'freq_sigma_FitGauss_gauss_sigma', 'freq_sigma_FitGauss_amplitude_rel_err', 'freq_sigma_FitGauss_mu_rel_err', 'freq_sigma_FitGauss_gauss_sigma_rel_err', 'freq_sigma_FitGauss_amplitude-detection', 'freq_sigma_FitGauss_mu-detection', 'freq_sigma_FitGauss_ndof', 'freq_sigma_FitGauss_rms_err']
Aug 31 02:45:57 INFO >> Performing searching on cumulative stack 315.95 49.23
Aug 31 02:45:57 INFO >> Loading the cumulative power spectra stack to search
Aug 31 02:46:54 INFO >> DM: 89.77117761492116
Aug 31 02:46:54 INFO >> sigma: 11.142177147021464
Aug 31 02:46:54 INFO >> frequency: 77.35304521880632
Aug 31 02:46:54 INFO >> Injecting 6 harmonics.
Aug 31 02:46:54 INFO >> Starting DM: 88.44699353563699
Aug 31 02:46:54 INFO >> Stopping DM: 91.07813979642255
Aug 31 02:46:54 INFO >> Expected detection at 8.71 sigma with 4 harmonics.
Aug 31 02:47:08 INFO >> Start searching 6558 dm trials using 32 harmonics.
Aug 31 02:47:14 INFO >> Moved power spectra to shared memory.
Aug 31 02:47:14 INFO >> Number of dm trials in single multi processing job: 10
Aug 31 02:47:54 INFO >> Total number of detections=15584
Aug 31 02:47:54 INFO >> Clustering the detections
Aug 31 02:47:54 INFO >> Starting clustering
Aug 31 02:47:54 INFO >> Rogue harmonic power filter reduced detections from 15584 to 8526
Aug 31 02:47:54 INFO >> Filtering out duplicate freq,dm detections at multiple nharms removes 789 detections
Aug 31 02:47:54 INFO >> Duplicate freq,dm filter reduced detections to 7737
Aug 31 02:47:54 INFO >> Number of detections over threshold sigma (6.0): 7737
Aug 31 02:47:54 INFO >> Grouping duplicate frequencies together first
Aug 31 02:47:54 INFO >> Grouping duplicate frequencies removed 7217 detections from the harmonic metric computation
Aug 31 02:47:54 INFO >> Starting freq-DM distance metric computation
Aug 31 02:47:55 INFO >> Finished freq-DM distance metric computation
Aug 31 02:47:55 INFO >> Largest group size for metric computation is 97
Aug 31 02:47:55 INFO >> Starting harmonic distance metric computation
Aug 31 02:47:56 INFO >> Finished harmonic distance metric computation
Aug 31 02:47:56 INFO >> Starting DBSCAN
Aug 31 02:47:56 INFO >> Finished DBSCAN
Aug 31 02:47:56 INFO >> Clusters found: 76
Aug 31 02:47:56 INFO >> Filtered 32 clusters below or equal 2 DM.
Aug 31 02:47:56 INFO >> Total number of candidate clusters=1
Aug 31 02:47:56 INFO >> Candidate Processor of stack (315.95 49.23)
Aug 31 02:47:56 INFO >> Making SinglePointingCandidates from a list of 1 PowerSpectraDetectionClusters
Aug 31 02:47:58 INFO >> saved candidates to ./results//injections/315.95_49.23_cumulative_power_spectra_stack_20220627_11_tpa.yml_(334,)_candidates.npz
Aug 31 02:47:58 INFO >> Injected Pulsars:     1
Aug 31 02:47:58 INFO >> Injection Candidates: 1
Aug 31 02:47:58 INFO >> Recovered Injections: 1
Aug 31 02:47:58 INFO >> 1 candidates.
Aug 31 02:47:58 INFO >> Best candidate: F0: 77.353 DM: 89.76 Sigma: 7.87
Aug 31 02:47:59 INFO >> Unlinked shared memory for cumulative stack.
Aug 31 02:47:59 INFO >> Pipeline execution time: 2.05 minutes
