Aug 31 12:04:03 INFO >> {"message": "Waiting for suitable server to become available", "selector": "Primary()", "operation": "find", "topologyDescription": "<TopologyDescription id: 66d306b3f68d27e87fe76418, topology_type: Unknown, servers: [<ServerDescription ('localhost', 27017) server_type: Unknown, rtt: None>]>", "clientId": {"$oid": "66d306b3f68d27e87fe76418"}, "remainingTimeMS": 29}
Aug 31 12:04:03 INFO >> Features initialized as the following:
Aug 31 12:04:03 INFO >> num_unique_dms
Aug 31 12:04:03 INFO >> num_unique_freqs
Aug 31 12:04:03 INFO >> ndetections
Aug 31 12:04:03 INFO >> nharm
Aug 31 12:04:03 INFO >> log_p_dm
Aug 31 12:04:03 INFO >> ['dm_sigma_FitGaussWidth_gauss_sigma', 'dm_sigma_FitGaussWidth_gauss_sigma_rel_err', 'dm_sigma_FitGaussWidth_ndof', 'dm_sigma_FitGaussWidth_rms_err']
Aug 31 12:04:03 INFO >> ['dm_sigma_FitGauss_amplitude', 'dm_sigma_FitGauss_mu', 'dm_sigma_FitGauss_gauss_sigma', 'dm_sigma_FitGauss_amplitude_rel_err', 'dm_sigma_FitGauss_mu_rel_err', 'dm_sigma_FitGauss_gauss_sigma_rel_err', 'dm_sigma_FitGauss_amplitude-detection', 'dm_sigma_FitGauss_mu-detection', 'dm_sigma_FitGauss_ndof', 'dm_sigma_FitGauss_rms_err']
Aug 31 12:04:03 INFO >> ['freq_sigma_FitGaussWidth_gauss_sigma', 'freq_sigma_FitGaussWidth_gauss_sigma_rel_err', 'freq_sigma_FitGaussWidth_ndof', 'freq_sigma_FitGaussWidth_rms_err']
Aug 31 12:04:03 INFO >> ['freq_sigma_FitGauss_amplitude', 'freq_sigma_FitGauss_mu', 'freq_sigma_FitGauss_gauss_sigma', 'freq_sigma_FitGauss_amplitude_rel_err', 'freq_sigma_FitGauss_mu_rel_err', 'freq_sigma_FitGauss_gauss_sigma_rel_err', 'freq_sigma_FitGauss_amplitude-detection', 'freq_sigma_FitGauss_mu-detection', 'freq_sigma_FitGauss_ndof', 'freq_sigma_FitGauss_rms_err']
Aug 31 12:04:03 INFO >> Performing searching on cumulative stack 315.95 49.23
Aug 31 12:04:03 INFO >> Loading the cumulative power spectra stack to search
Aug 31 12:05:01 INFO >> DM: 42.13942108969569
Aug 31 12:05:01 INFO >> sigma: 15.699671288065018
Aug 31 12:05:01 INFO >> frequency: 174.92404338993322
Aug 31 12:05:01 INFO >> Injecting 2 harmonics.
Aug 31 12:05:01 INFO >> Starting DM: 41.59235050703296
Aug 31 12:05:01 INFO >> Stopping DM: 42.70552777121146
Aug 31 12:05:01 INFO >> Expected detection at 6.07 sigma with 2 harmonics.
Aug 31 12:05:15 INFO >> Start searching 6558 dm trials using 32 harmonics.
Aug 31 12:05:21 INFO >> Moved power spectra to shared memory.
Aug 31 12:05:21 INFO >> Number of dm trials in single multi processing job: 10
Aug 31 12:06:02 INFO >> Total number of detections=15578
Aug 31 12:06:02 INFO >> Clustering the detections
Aug 31 12:06:02 INFO >> Starting clustering
Aug 31 12:06:02 INFO >> Rogue harmonic power filter reduced detections from 15578 to 8520
Aug 31 12:06:02 INFO >> Filtering out duplicate freq,dm detections at multiple nharms removes 787 detections
Aug 31 12:06:02 INFO >> Duplicate freq,dm filter reduced detections to 7733
Aug 31 12:06:02 INFO >> Number of detections over threshold sigma (6.0): 7733
Aug 31 12:06:02 INFO >> Grouping duplicate frequencies together first
Aug 31 12:06:02 INFO >> Grouping duplicate frequencies removed 7214 detections from the harmonic metric computation
Aug 31 12:06:02 INFO >> Starting freq-DM distance metric computation
Aug 31 12:06:02 INFO >> Finished freq-DM distance metric computation
Aug 31 12:06:02 INFO >> Largest group size for metric computation is 97
Aug 31 12:06:02 INFO >> Starting harmonic distance metric computation
Aug 31 12:06:03 INFO >> Finished harmonic distance metric computation
Aug 31 12:06:03 INFO >> Starting DBSCAN
Aug 31 12:06:03 INFO >> Finished DBSCAN
Aug 31 12:06:03 INFO >> Clusters found: 75
Aug 31 12:06:03 INFO >> Filtered 32 clusters below or equal 2 DM.
Aug 31 12:06:03 INFO >> Total number of candidate clusters=0
Aug 31 12:06:03 INFO >> Candidate Processor of stack (315.95 49.23)
Aug 31 12:06:03 INFO >> Making SinglePointingCandidates from a list of 0 PowerSpectraDetectionClusters
Aug 31 12:06:05 INFO >> saved candidates to ./results//injections/315.95_49.23_cumulative_power_spectra_stack_20220627_11_tpa.yml_(601,)_candidates.npz
Aug 31 12:06:05 INFO >> Injected Pulsars:     1
Aug 31 12:06:05 INFO >> Injection Candidates: 0
Aug 31 12:06:05 INFO >> Recovered Injections: 0
Aug 31 12:06:05 INFO >> 0 candidates.
Aug 31 12:06:06 INFO >> Unlinked shared memory for cumulative stack.
Aug 31 12:06:06 INFO >> Pipeline execution time: 2.06 minutes
