Aug 31 00:59:24 INFO >> {"message": "Waiting for suitable server to become available", "selector": "Primary()", "operation": "find", "topologyDescription": "<TopologyDescription id: 66d26aecceb1d02f5edf97cc, topology_type: Unknown, servers: [<ServerDescription ('localhost', 27017) server_type: Unknown, rtt: None>]>", "clientId": {"$oid": "66d26aecceb1d02f5edf97cc"}, "remainingTimeMS": 29}
Aug 31 00:59:24 INFO >> Features initialized as the following:
Aug 31 00:59:24 INFO >> num_unique_dms
Aug 31 00:59:24 INFO >> num_unique_freqs
Aug 31 00:59:24 INFO >> ndetections
Aug 31 00:59:24 INFO >> nharm
Aug 31 00:59:24 INFO >> log_p_dm
Aug 31 00:59:24 INFO >> ['dm_sigma_FitGaussWidth_gauss_sigma', 'dm_sigma_FitGaussWidth_gauss_sigma_rel_err', 'dm_sigma_FitGaussWidth_ndof', 'dm_sigma_FitGaussWidth_rms_err']
Aug 31 00:59:24 INFO >> ['dm_sigma_FitGauss_amplitude', 'dm_sigma_FitGauss_mu', 'dm_sigma_FitGauss_gauss_sigma', 'dm_sigma_FitGauss_amplitude_rel_err', 'dm_sigma_FitGauss_mu_rel_err', 'dm_sigma_FitGauss_gauss_sigma_rel_err', 'dm_sigma_FitGauss_amplitude-detection', 'dm_sigma_FitGauss_mu-detection', 'dm_sigma_FitGauss_ndof', 'dm_sigma_FitGauss_rms_err']
Aug 31 00:59:24 INFO >> ['freq_sigma_FitGaussWidth_gauss_sigma', 'freq_sigma_FitGaussWidth_gauss_sigma_rel_err', 'freq_sigma_FitGaussWidth_ndof', 'freq_sigma_FitGaussWidth_rms_err']
Aug 31 00:59:24 INFO >> ['freq_sigma_FitGauss_amplitude', 'freq_sigma_FitGauss_mu', 'freq_sigma_FitGauss_gauss_sigma', 'freq_sigma_FitGauss_amplitude_rel_err', 'freq_sigma_FitGauss_mu_rel_err', 'freq_sigma_FitGauss_gauss_sigma_rel_err', 'freq_sigma_FitGauss_amplitude-detection', 'freq_sigma_FitGauss_mu-detection', 'freq_sigma_FitGauss_ndof', 'freq_sigma_FitGauss_rms_err']
Aug 31 00:59:24 INFO >> Performing searching on cumulative stack 315.95 49.23
Aug 31 00:59:24 INFO >> Loading the cumulative power spectra stack to search
Aug 31 01:00:21 INFO >> DM: 103.60548688512267
Aug 31 01:00:21 INFO >> sigma: 9.851618465693377
Aug 31 01:00:21 INFO >> frequency: 41.3825868264169
Aug 31 01:00:21 INFO >> Injecting 12 harmonics.
Aug 31 01:00:21 INFO >> Starting DM: 101.09673517402902
Aug 31 01:00:21 INFO >> Stopping DM: 106.0554338962787
Aug 31 01:00:21 INFO >> Expected detection at 9.56 sigma with 8 harmonics.
Aug 31 01:00:35 INFO >> Start searching 6558 dm trials using 32 harmonics.
Aug 31 01:00:41 INFO >> Moved power spectra to shared memory.
Aug 31 01:00:41 INFO >> Number of dm trials in single multi processing job: 10
Aug 31 01:01:22 INFO >> Total number of detections=15589
Aug 31 01:01:22 INFO >> Clustering the detections
Aug 31 01:01:22 INFO >> Starting clustering
Aug 31 01:01:22 INFO >> Rogue harmonic power filter reduced detections from 15589 to 8531
Aug 31 01:01:22 INFO >> Filtering out duplicate freq,dm detections at multiple nharms removes 787 detections
Aug 31 01:01:22 INFO >> Duplicate freq,dm filter reduced detections to 7744
Aug 31 01:01:22 INFO >> Number of detections over threshold sigma (6.0): 7744
Aug 31 01:01:22 INFO >> Grouping duplicate frequencies together first
Aug 31 01:01:22 INFO >> Grouping duplicate frequencies removed 7220 detections from the harmonic metric computation
Aug 31 01:01:22 INFO >> Starting freq-DM distance metric computation
Aug 31 01:01:22 INFO >> Finished freq-DM distance metric computation
Aug 31 01:01:23 INFO >> Largest group size for metric computation is 97
Aug 31 01:01:23 INFO >> Starting harmonic distance metric computation
Aug 31 01:01:23 INFO >> Finished harmonic distance metric computation
Aug 31 01:01:23 INFO >> Starting DBSCAN
Aug 31 01:01:23 INFO >> Finished DBSCAN
Aug 31 01:01:23 INFO >> Clusters found: 76
Aug 31 01:01:23 INFO >> Filtered 32 clusters below or equal 2 DM.
Aug 31 01:01:23 INFO >> Total number of candidate clusters=1
Aug 31 01:01:23 INFO >> Candidate Processor of stack (315.95 49.23)
Aug 31 01:01:23 INFO >> Making SinglePointingCandidates from a list of 1 PowerSpectraDetectionClusters
Aug 31 01:01:26 INFO >> saved candidates to ./results//injections/315.95_49.23_cumulative_power_spectra_stack_20220627_11_tpa.yml_(283,)_candidates.npz
Aug 31 01:01:26 INFO >> Injected Pulsars:     1
Aug 31 01:01:26 INFO >> Injection Candidates: 1
Aug 31 01:01:26 INFO >> Recovered Injections: 1
Aug 31 01:01:26 INFO >> 1 candidates.
Aug 31 01:01:26 INFO >> Best candidate: F0: 41.383 DM: 103.63 Sigma: 10.18
Aug 31 01:01:27 INFO >> Unlinked shared memory for cumulative stack.
Aug 31 01:01:27 INFO >> Pipeline execution time: 2.05 minutes
