Aug 31 15:01:40 INFO >> {"message": "Waiting for suitable server to become available", "selector": "Primary()", "operation": "find", "topologyDescription": "<TopologyDescription id: 66d33054866ecf48f657aeb9, topology_type: Unknown, servers: [<ServerDescription ('localhost', 27017) server_type: Unknown, rtt: None>]>", "clientId": {"$oid": "66d33054866ecf48f657aeb9"}, "remainingTimeMS": 29}
Aug 31 15:01:40 INFO >> Features initialized as the following:
Aug 31 15:01:40 INFO >> num_unique_dms
Aug 31 15:01:40 INFO >> num_unique_freqs
Aug 31 15:01:40 INFO >> ndetections
Aug 31 15:01:40 INFO >> nharm
Aug 31 15:01:40 INFO >> log_p_dm
Aug 31 15:01:40 INFO >> ['dm_sigma_FitGaussWidth_gauss_sigma', 'dm_sigma_FitGaussWidth_gauss_sigma_rel_err', 'dm_sigma_FitGaussWidth_ndof', 'dm_sigma_FitGaussWidth_rms_err']
Aug 31 15:01:40 INFO >> ['dm_sigma_FitGauss_amplitude', 'dm_sigma_FitGauss_mu', 'dm_sigma_FitGauss_gauss_sigma', 'dm_sigma_FitGauss_amplitude_rel_err', 'dm_sigma_FitGauss_mu_rel_err', 'dm_sigma_FitGauss_gauss_sigma_rel_err', 'dm_sigma_FitGauss_amplitude-detection', 'dm_sigma_FitGauss_mu-detection', 'dm_sigma_FitGauss_ndof', 'dm_sigma_FitGauss_rms_err']
Aug 31 15:01:40 INFO >> ['freq_sigma_FitGaussWidth_gauss_sigma', 'freq_sigma_FitGaussWidth_gauss_sigma_rel_err', 'freq_sigma_FitGaussWidth_ndof', 'freq_sigma_FitGaussWidth_rms_err']
Aug 31 15:01:40 INFO >> ['freq_sigma_FitGauss_amplitude', 'freq_sigma_FitGauss_mu', 'freq_sigma_FitGauss_gauss_sigma', 'freq_sigma_FitGauss_amplitude_rel_err', 'freq_sigma_FitGauss_mu_rel_err', 'freq_sigma_FitGauss_gauss_sigma_rel_err', 'freq_sigma_FitGauss_amplitude-detection', 'freq_sigma_FitGauss_mu-detection', 'freq_sigma_FitGauss_ndof', 'freq_sigma_FitGauss_rms_err']
Aug 31 15:01:40 INFO >> Performing searching on cumulative stack 315.95 49.23
Aug 31 15:01:40 INFO >> Loading the cumulative power spectra stack to search
Aug 31 15:02:38 INFO >> DM: 70.98135294662085
Aug 31 15:02:38 INFO >> sigma: 12.949348141796019
Aug 31 15:02:38 INFO >> frequency: 19.762334841087274
Aug 31 15:02:38 INFO >> Injecting 25 harmonics.
Aug 31 15:02:38 INFO >> Starting DM: 65.7786565196385
Aug 31 15:02:38 INFO >> Stopping DM: 76.20204362967353
Aug 31 15:02:38 INFO >> Expected detection at 11.91 sigma with 16 harmonics.
Aug 31 15:02:52 INFO >> Start searching 6558 dm trials using 32 harmonics.
Aug 31 15:02:58 INFO >> Moved power spectra to shared memory.
Aug 31 15:02:58 INFO >> Number of dm trials in single multi processing job: 10
Aug 31 15:03:39 INFO >> Total number of detections=15650
Aug 31 15:03:39 INFO >> Clustering the detections
Aug 31 15:03:39 INFO >> Starting clustering
Aug 31 15:03:39 INFO >> Rogue harmonic power filter reduced detections from 15650 to 8592
Aug 31 15:03:39 INFO >> Filtering out duplicate freq,dm detections at multiple nharms removes 813 detections
Aug 31 15:03:39 INFO >> Duplicate freq,dm filter reduced detections to 7779
Aug 31 15:03:39 INFO >> Number of detections over threshold sigma (6.0): 7779
Aug 31 15:03:39 INFO >> Grouping duplicate frequencies together first
Aug 31 15:03:39 INFO >> Grouping duplicate frequencies removed 7252 detections from the harmonic metric computation
Aug 31 15:03:39 INFO >> Starting freq-DM distance metric computation
Aug 31 15:03:39 INFO >> Finished freq-DM distance metric computation
Aug 31 15:03:39 INFO >> Largest group size for metric computation is 97
Aug 31 15:03:39 INFO >> Starting harmonic distance metric computation
Aug 31 15:03:40 INFO >> Finished harmonic distance metric computation
Aug 31 15:03:40 INFO >> Starting DBSCAN
Aug 31 15:03:40 INFO >> Finished DBSCAN
Aug 31 15:03:40 INFO >> Clusters found: 77
Aug 31 15:03:40 INFO >> Filtered 32 clusters below or equal 2 DM.
Aug 31 15:03:40 INFO >> Total number of candidate clusters=2
Aug 31 15:03:40 INFO >> Candidate Processor of stack (315.95 49.23)
Aug 31 15:03:40 INFO >> Making SinglePointingCandidates from a list of 2 PowerSpectraDetectionClusters
Aug 31 15:03:43 INFO >> saved candidates to ./results//injections/315.95_49.23_cumulative_power_spectra_stack_20220627_11_tpa.yml_(686,)_candidates.npz
Aug 31 15:03:43 INFO >> Injected Pulsars:     1
Aug 31 15:03:43 INFO >> Injection Candidates: 2
Aug 31 15:03:43 INFO >> Recovered Injections: 1
Aug 31 15:03:43 INFO >> 2 candidates.
Aug 31 15:03:43 INFO >> Best candidate: F0: 19.762 DM: 70.94 Sigma: 11.11
Aug 31 15:03:44 INFO >> Unlinked shared memory for cumulative stack.
Aug 31 15:03:44 INFO >> Pipeline execution time: 2.07 minutes
