Aug 31 07:11:28 INFO >> {"message": "Waiting for suitable server to become available", "selector": "Primary()", "operation": "find", "topologyDescription": "<TopologyDescription id: 66d2c2200999a8e1651d436a, topology_type: Unknown, servers: [<ServerDescription ('localhost', 27017) server_type: Unknown, rtt: None>]>", "clientId": {"$oid": "66d2c2200999a8e1651d436a"}, "remainingTimeMS": 29}
Aug 31 07:11:28 INFO >> Features initialized as the following:
Aug 31 07:11:28 INFO >> num_unique_dms
Aug 31 07:11:28 INFO >> num_unique_freqs
Aug 31 07:11:28 INFO >> ndetections
Aug 31 07:11:28 INFO >> nharm
Aug 31 07:11:28 INFO >> log_p_dm
Aug 31 07:11:28 INFO >> ['dm_sigma_FitGaussWidth_gauss_sigma', 'dm_sigma_FitGaussWidth_gauss_sigma_rel_err', 'dm_sigma_FitGaussWidth_ndof', 'dm_sigma_FitGaussWidth_rms_err']
Aug 31 07:11:28 INFO >> ['dm_sigma_FitGauss_amplitude', 'dm_sigma_FitGauss_mu', 'dm_sigma_FitGauss_gauss_sigma', 'dm_sigma_FitGauss_amplitude_rel_err', 'dm_sigma_FitGauss_mu_rel_err', 'dm_sigma_FitGauss_gauss_sigma_rel_err', 'dm_sigma_FitGauss_amplitude-detection', 'dm_sigma_FitGauss_mu-detection', 'dm_sigma_FitGauss_ndof', 'dm_sigma_FitGauss_rms_err']
Aug 31 07:11:28 INFO >> ['freq_sigma_FitGaussWidth_gauss_sigma', 'freq_sigma_FitGaussWidth_gauss_sigma_rel_err', 'freq_sigma_FitGaussWidth_ndof', 'freq_sigma_FitGaussWidth_rms_err']
Aug 31 07:11:28 INFO >> ['freq_sigma_FitGauss_amplitude', 'freq_sigma_FitGauss_mu', 'freq_sigma_FitGauss_gauss_sigma', 'freq_sigma_FitGauss_amplitude_rel_err', 'freq_sigma_FitGauss_mu_rel_err', 'freq_sigma_FitGauss_gauss_sigma_rel_err', 'freq_sigma_FitGauss_amplitude-detection', 'freq_sigma_FitGauss_mu-detection', 'freq_sigma_FitGauss_ndof', 'freq_sigma_FitGauss_rms_err']
Aug 31 07:11:29 INFO >> Performing searching on cumulative stack 315.95 49.23
Aug 31 07:11:29 INFO >> Loading the cumulative power spectra stack to search
Aug 31 07:12:26 INFO >> DM: 183.13688479078553
Aug 31 07:12:26 INFO >> sigma: 14.596782783324928
Aug 31 07:12:26 INFO >> frequency: 27.164447029127544
Aug 31 07:12:26 INFO >> Injecting 18 harmonics.
Aug 31 07:12:26 INFO >> Starting DM: 179.32273746584525
Aug 31 07:12:26 INFO >> Stopping DM: 186.91258244888047
Aug 31 07:12:26 INFO >> Expected detection at 12.43 sigma with 16 harmonics.
Aug 31 07:12:40 INFO >> Start searching 6558 dm trials using 32 harmonics.
Aug 31 07:12:46 INFO >> Moved power spectra to shared memory.
Aug 31 07:12:46 INFO >> Number of dm trials in single multi processing job: 10
Aug 31 07:13:27 INFO >> Total number of detections=15673
Aug 31 07:13:27 INFO >> Clustering the detections
Aug 31 07:13:27 INFO >> Starting clustering
Aug 31 07:13:27 INFO >> Rogue harmonic power filter reduced detections from 15673 to 8615
Aug 31 07:13:27 INFO >> Filtering out duplicate freq,dm detections at multiple nharms removes 824 detections
Aug 31 07:13:27 INFO >> Duplicate freq,dm filter reduced detections to 7791
Aug 31 07:13:27 INFO >> Number of detections over threshold sigma (6.0): 7791
Aug 31 07:13:27 INFO >> Grouping duplicate frequencies together first
Aug 31 07:13:27 INFO >> Grouping duplicate frequencies removed 7256 detections from the harmonic metric computation
Aug 31 07:13:27 INFO >> Starting freq-DM distance metric computation
Aug 31 07:13:27 INFO >> Finished freq-DM distance metric computation
Aug 31 07:13:27 INFO >> Largest group size for metric computation is 97
Aug 31 07:13:27 INFO >> Starting harmonic distance metric computation
Aug 31 07:13:28 INFO >> Finished harmonic distance metric computation
Aug 31 07:13:28 INFO >> Starting DBSCAN
Aug 31 07:13:28 INFO >> Finished DBSCAN
Aug 31 07:13:28 INFO >> Clusters found: 76
Aug 31 07:13:28 INFO >> Filtered 32 clusters below or equal 2 DM.
Aug 31 07:13:28 INFO >> Total number of candidate clusters=1
Aug 31 07:13:28 INFO >> Candidate Processor of stack (315.95 49.23)
Aug 31 07:13:28 INFO >> Making SinglePointingCandidates from a list of 1 PowerSpectraDetectionClusters
Aug 31 07:13:30 INFO >> saved candidates to ./results//injections/315.95_49.23_cumulative_power_spectra_stack_20220627_11_tpa.yml_(461,)_candidates.npz
Aug 31 07:13:30 INFO >> Injected Pulsars:     1
Aug 31 07:13:30 INFO >> Injection Candidates: 1
Aug 31 07:13:30 INFO >> Recovered Injections: 1
Aug 31 07:13:30 INFO >> 1 candidates.
Aug 31 07:13:30 INFO >> Best candidate: F0: 27.164 DM: 183.17 Sigma: 12.95
Aug 31 07:13:32 INFO >> Unlinked shared memory for cumulative stack.
Aug 31 07:13:32 INFO >> Pipeline execution time: 2.06 minutes
