Aug 31 02:20:48 INFO >> {"message": "Waiting for suitable server to become available", "selector": "Primary()", "operation": "find", "topologyDescription": "<TopologyDescription id: 66d27e00180ec79e9a727a7d, topology_type: Unknown, servers: [<ServerDescription ('localhost', 27017) server_type: Unknown, rtt: None>]>", "clientId": {"$oid": "66d27e00180ec79e9a727a7d"}, "remainingTimeMS": 29}
Aug 31 02:20:48 INFO >> Features initialized as the following:
Aug 31 02:20:48 INFO >> num_unique_dms
Aug 31 02:20:48 INFO >> num_unique_freqs
Aug 31 02:20:48 INFO >> ndetections
Aug 31 02:20:48 INFO >> nharm
Aug 31 02:20:48 INFO >> log_p_dm
Aug 31 02:20:48 INFO >> ['dm_sigma_FitGaussWidth_gauss_sigma', 'dm_sigma_FitGaussWidth_gauss_sigma_rel_err', 'dm_sigma_FitGaussWidth_ndof', 'dm_sigma_FitGaussWidth_rms_err']
Aug 31 02:20:48 INFO >> ['dm_sigma_FitGauss_amplitude', 'dm_sigma_FitGauss_mu', 'dm_sigma_FitGauss_gauss_sigma', 'dm_sigma_FitGauss_amplitude_rel_err', 'dm_sigma_FitGauss_mu_rel_err', 'dm_sigma_FitGauss_gauss_sigma_rel_err', 'dm_sigma_FitGauss_amplitude-detection', 'dm_sigma_FitGauss_mu-detection', 'dm_sigma_FitGauss_ndof', 'dm_sigma_FitGauss_rms_err']
Aug 31 02:20:48 INFO >> ['freq_sigma_FitGaussWidth_gauss_sigma', 'freq_sigma_FitGaussWidth_gauss_sigma_rel_err', 'freq_sigma_FitGaussWidth_ndof', 'freq_sigma_FitGaussWidth_rms_err']
Aug 31 02:20:48 INFO >> ['freq_sigma_FitGauss_amplitude', 'freq_sigma_FitGauss_mu', 'freq_sigma_FitGauss_gauss_sigma', 'freq_sigma_FitGauss_amplitude_rel_err', 'freq_sigma_FitGauss_mu_rel_err', 'freq_sigma_FitGauss_gauss_sigma_rel_err', 'freq_sigma_FitGauss_amplitude-detection', 'freq_sigma_FitGauss_mu-detection', 'freq_sigma_FitGauss_ndof', 'freq_sigma_FitGauss_rms_err']
Aug 31 02:20:49 INFO >> Performing searching on cumulative stack 315.95 49.23
Aug 31 02:20:49 INFO >> Loading the cumulative power spectra stack to search
Aug 31 02:21:46 INFO >> DM: 113.15538738124981
Aug 31 02:21:46 INFO >> sigma: 14.754431831954275
Aug 31 02:21:46 INFO >> frequency: 86.62661900898638
Aug 31 02:21:46 INFO >> Injecting 5 harmonics.
Aug 31 02:21:46 INFO >> Starting DM: 111.9249140164926
Aug 31 02:21:46 INFO >> Stopping DM: 114.35366441106386
Aug 31 02:21:46 INFO >> Expected detection at 11.81 sigma with 4 harmonics.
Aug 31 02:22:00 INFO >> Start searching 6558 dm trials using 32 harmonics.
Aug 31 02:22:06 INFO >> Moved power spectra to shared memory.
Aug 31 02:22:06 INFO >> Number of dm trials in single multi processing job: 10
Aug 31 02:22:46 INFO >> Total number of detections=15602
Aug 31 02:22:46 INFO >> Clustering the detections
Aug 31 02:22:46 INFO >> Starting clustering
Aug 31 02:22:46 INFO >> Rogue harmonic power filter reduced detections from 15602 to 8544
Aug 31 02:22:46 INFO >> Filtering out duplicate freq,dm detections at multiple nharms removes 795 detections
Aug 31 02:22:46 INFO >> Duplicate freq,dm filter reduced detections to 7749
Aug 31 02:22:46 INFO >> Number of detections over threshold sigma (6.0): 7749
Aug 31 02:22:46 INFO >> Grouping duplicate frequencies together first
Aug 31 02:22:46 INFO >> Grouping duplicate frequencies removed 7219 detections from the harmonic metric computation
Aug 31 02:22:46 INFO >> Starting freq-DM distance metric computation
Aug 31 02:22:46 INFO >> Finished freq-DM distance metric computation
Aug 31 02:22:47 INFO >> Largest group size for metric computation is 97
Aug 31 02:22:47 INFO >> Starting harmonic distance metric computation
Aug 31 02:22:47 INFO >> Finished harmonic distance metric computation
Aug 31 02:22:47 INFO >> Starting DBSCAN
Aug 31 02:22:48 INFO >> Finished DBSCAN
Aug 31 02:22:48 INFO >> Clusters found: 76
Aug 31 02:22:48 INFO >> Filtered 32 clusters below or equal 2 DM.
Aug 31 02:22:48 INFO >> Total number of candidate clusters=1
Aug 31 02:22:48 INFO >> Candidate Processor of stack (315.95 49.23)
Aug 31 02:22:48 INFO >> Making SinglePointingCandidates from a list of 1 PowerSpectraDetectionClusters
Aug 31 02:22:50 INFO >> saved candidates to ./results//injections/315.95_49.23_cumulative_power_spectra_stack_20220627_11_tpa.yml_(322,)_candidates.npz
Aug 31 02:22:50 INFO >> Injected Pulsars:     1
Aug 31 02:22:50 INFO >> Injection Candidates: 1
Aug 31 02:22:50 INFO >> Recovered Injections: 1
Aug 31 02:22:50 INFO >> 1 candidates.
Aug 31 02:22:50 INFO >> Best candidate: F0: 86.627 DM: 113.14 Sigma: 11.90
Aug 31 02:22:51 INFO >> Unlinked shared memory for cumulative stack.
Aug 31 02:22:51 INFO >> Pipeline execution time: 2.05 minutes
