Aug 31 13:10:56 INFO >> {"message": "Waiting for suitable server to become available", "selector": "Primary()", "operation": "find", "topologyDescription": "<TopologyDescription id: 66d31660af4b976c1533fffb, topology_type: Unknown, servers: [<ServerDescription ('localhost', 27017) server_type: Unknown, rtt: None>]>", "clientId": {"$oid": "66d31660af4b976c1533fffb"}, "remainingTimeMS": 29}
Aug 31 13:10:56 INFO >> Features initialized as the following:
Aug 31 13:10:56 INFO >> num_unique_dms
Aug 31 13:10:56 INFO >> num_unique_freqs
Aug 31 13:10:56 INFO >> ndetections
Aug 31 13:10:56 INFO >> nharm
Aug 31 13:10:56 INFO >> log_p_dm
Aug 31 13:10:56 INFO >> ['dm_sigma_FitGaussWidth_gauss_sigma', 'dm_sigma_FitGaussWidth_gauss_sigma_rel_err', 'dm_sigma_FitGaussWidth_ndof', 'dm_sigma_FitGaussWidth_rms_err']
Aug 31 13:10:56 INFO >> ['dm_sigma_FitGauss_amplitude', 'dm_sigma_FitGauss_mu', 'dm_sigma_FitGauss_gauss_sigma', 'dm_sigma_FitGauss_amplitude_rel_err', 'dm_sigma_FitGauss_mu_rel_err', 'dm_sigma_FitGauss_gauss_sigma_rel_err', 'dm_sigma_FitGauss_amplitude-detection', 'dm_sigma_FitGauss_mu-detection', 'dm_sigma_FitGauss_ndof', 'dm_sigma_FitGauss_rms_err']
Aug 31 13:10:56 INFO >> ['freq_sigma_FitGaussWidth_gauss_sigma', 'freq_sigma_FitGaussWidth_gauss_sigma_rel_err', 'freq_sigma_FitGaussWidth_ndof', 'freq_sigma_FitGaussWidth_rms_err']
Aug 31 13:10:56 INFO >> ['freq_sigma_FitGauss_amplitude', 'freq_sigma_FitGauss_mu', 'freq_sigma_FitGauss_gauss_sigma', 'freq_sigma_FitGauss_amplitude_rel_err', 'freq_sigma_FitGauss_mu_rel_err', 'freq_sigma_FitGauss_gauss_sigma_rel_err', 'freq_sigma_FitGauss_amplitude-detection', 'freq_sigma_FitGauss_mu-detection', 'freq_sigma_FitGauss_ndof', 'freq_sigma_FitGauss_rms_err']
Aug 31 13:10:57 INFO >> Performing searching on cumulative stack 315.95 49.23
Aug 31 13:10:57 INFO >> Loading the cumulative power spectra stack to search
Aug 31 13:11:53 INFO >> DM: 73.001598384814
Aug 31 13:11:53 INFO >> sigma: 13.426331744803097
Aug 31 13:11:53 INFO >> frequency: 95.79496686651622
Aug 31 13:11:53 INFO >> Injecting 5 harmonics.
Aug 31 13:11:53 INFO >> Starting DM: 71.95173043917382
Aug 31 13:11:53 INFO >> Stopping DM: 74.07688703442366
Aug 31 13:11:53 INFO >> Expected detection at 6.98 sigma with 4 harmonics.
Aug 31 13:12:07 INFO >> Start searching 6558 dm trials using 32 harmonics.
Aug 31 13:12:13 INFO >> Moved power spectra to shared memory.
Aug 31 13:12:13 INFO >> Number of dm trials in single multi processing job: 10
Aug 31 13:12:54 INFO >> Total number of detections=15578
Aug 31 13:12:54 INFO >> Clustering the detections
Aug 31 13:12:54 INFO >> Starting clustering
Aug 31 13:12:54 INFO >> Rogue harmonic power filter reduced detections from 15578 to 8520
Aug 31 13:12:54 INFO >> Filtering out duplicate freq,dm detections at multiple nharms removes 787 detections
Aug 31 13:12:54 INFO >> Duplicate freq,dm filter reduced detections to 7733
Aug 31 13:12:54 INFO >> Number of detections over threshold sigma (6.0): 7733
Aug 31 13:12:54 INFO >> Grouping duplicate frequencies together first
Aug 31 13:12:54 INFO >> Grouping duplicate frequencies removed 7214 detections from the harmonic metric computation
Aug 31 13:12:54 INFO >> Starting freq-DM distance metric computation
Aug 31 13:12:54 INFO >> Finished freq-DM distance metric computation
Aug 31 13:12:55 INFO >> Largest group size for metric computation is 97
Aug 31 13:12:55 INFO >> Starting harmonic distance metric computation
Aug 31 13:12:55 INFO >> Finished harmonic distance metric computation
Aug 31 13:12:55 INFO >> Starting DBSCAN
Aug 31 13:12:55 INFO >> Finished DBSCAN
Aug 31 13:12:55 INFO >> Clusters found: 75
Aug 31 13:12:55 INFO >> Filtered 32 clusters below or equal 2 DM.
Aug 31 13:12:55 INFO >> Total number of candidate clusters=0
Aug 31 13:12:55 INFO >> Candidate Processor of stack (315.95 49.23)
Aug 31 13:12:55 INFO >> Making SinglePointingCandidates from a list of 0 PowerSpectraDetectionClusters
Aug 31 13:12:57 INFO >> saved candidates to ./results//injections/315.95_49.23_cumulative_power_spectra_stack_20220627_11_tpa.yml_(633,)_candidates.npz
Aug 31 13:12:57 INFO >> Injected Pulsars:     1
Aug 31 13:12:57 INFO >> Injection Candidates: 0
Aug 31 13:12:57 INFO >> Recovered Injections: 0
Aug 31 13:12:57 INFO >> 0 candidates.
Aug 31 13:12:59 INFO >> Unlinked shared memory for cumulative stack.
Aug 31 13:12:59 INFO >> Pipeline execution time: 2.04 minutes
