Aug 31 16:31:31 INFO >> {"message": "Waiting for suitable server to become available", "selector": "Primary()", "operation": "find", "topologyDescription": "<TopologyDescription id: 66d34563cde616109d1d3cc9, topology_type: Unknown, servers: [<ServerDescription ('localhost', 27017) server_type: Unknown, rtt: None>]>", "clientId": {"$oid": "66d34563cde616109d1d3cc9"}, "remainingTimeMS": 29}
Aug 31 16:31:31 INFO >> Features initialized as the following:
Aug 31 16:31:31 INFO >> num_unique_dms
Aug 31 16:31:31 INFO >> num_unique_freqs
Aug 31 16:31:31 INFO >> ndetections
Aug 31 16:31:31 INFO >> nharm
Aug 31 16:31:31 INFO >> log_p_dm
Aug 31 16:31:31 INFO >> ['dm_sigma_FitGaussWidth_gauss_sigma', 'dm_sigma_FitGaussWidth_gauss_sigma_rel_err', 'dm_sigma_FitGaussWidth_ndof', 'dm_sigma_FitGaussWidth_rms_err']
Aug 31 16:31:31 INFO >> ['dm_sigma_FitGauss_amplitude', 'dm_sigma_FitGauss_mu', 'dm_sigma_FitGauss_gauss_sigma', 'dm_sigma_FitGauss_amplitude_rel_err', 'dm_sigma_FitGauss_mu_rel_err', 'dm_sigma_FitGauss_gauss_sigma_rel_err', 'dm_sigma_FitGauss_amplitude-detection', 'dm_sigma_FitGauss_mu-detection', 'dm_sigma_FitGauss_ndof', 'dm_sigma_FitGauss_rms_err']
Aug 31 16:31:31 INFO >> ['freq_sigma_FitGaussWidth_gauss_sigma', 'freq_sigma_FitGaussWidth_gauss_sigma_rel_err', 'freq_sigma_FitGaussWidth_ndof', 'freq_sigma_FitGaussWidth_rms_err']
Aug 31 16:31:31 INFO >> ['freq_sigma_FitGauss_amplitude', 'freq_sigma_FitGauss_mu', 'freq_sigma_FitGauss_gauss_sigma', 'freq_sigma_FitGauss_amplitude_rel_err', 'freq_sigma_FitGauss_mu_rel_err', 'freq_sigma_FitGauss_gauss_sigma_rel_err', 'freq_sigma_FitGauss_amplitude-detection', 'freq_sigma_FitGauss_mu-detection', 'freq_sigma_FitGauss_ndof', 'freq_sigma_FitGauss_rms_err']
Aug 31 16:31:32 INFO >> Performing searching on cumulative stack 315.95 49.23
Aug 31 16:31:32 INFO >> Loading the cumulative power spectra stack to search
Aug 31 16:32:29 INFO >> DM: 20.788175710688133
Aug 31 16:32:29 INFO >> sigma: 16.316493041525483
Aug 31 16:32:29 INFO >> frequency: 119.6465711521794
Aug 31 16:32:29 INFO >> Injecting 4 harmonics.
Aug 31 16:32:29 INFO >> Starting DM: 19.93599282210582
Aug 31 16:32:29 INFO >> Stopping DM: 21.656357684927137
Aug 31 16:32:29 INFO >> Expected detection at 9.26 sigma with 4 harmonics.
Aug 31 16:32:43 INFO >> Start searching 6558 dm trials using 32 harmonics.
Aug 31 16:32:48 INFO >> Moved power spectra to shared memory.
Aug 31 16:32:48 INFO >> Number of dm trials in single multi processing job: 10
Aug 31 16:33:29 INFO >> Total number of detections=15583
Aug 31 16:33:29 INFO >> Clustering the detections
Aug 31 16:33:29 INFO >> Starting clustering
Aug 31 16:33:29 INFO >> Rogue harmonic power filter reduced detections from 15583 to 8525
Aug 31 16:33:29 INFO >> Filtering out duplicate freq,dm detections at multiple nharms removes 787 detections
Aug 31 16:33:29 INFO >> Duplicate freq,dm filter reduced detections to 7738
Aug 31 16:33:29 INFO >> Number of detections over threshold sigma (6.0): 7738
Aug 31 16:33:29 INFO >> Grouping duplicate frequencies together first
Aug 31 16:33:29 INFO >> Grouping duplicate frequencies removed 7216 detections from the harmonic metric computation
Aug 31 16:33:29 INFO >> Starting freq-DM distance metric computation
Aug 31 16:33:29 INFO >> Finished freq-DM distance metric computation
Aug 31 16:33:30 INFO >> Largest group size for metric computation is 97
Aug 31 16:33:30 INFO >> Starting harmonic distance metric computation
Aug 31 16:33:30 INFO >> Finished harmonic distance metric computation
Aug 31 16:33:30 INFO >> Starting DBSCAN
Aug 31 16:33:30 INFO >> Finished DBSCAN
Aug 31 16:33:30 INFO >> Clusters found: 76
Aug 31 16:33:30 INFO >> Filtered 32 clusters below or equal 2 DM.
Aug 31 16:33:30 INFO >> Total number of candidate clusters=1
Aug 31 16:33:31 INFO >> Candidate Processor of stack (315.95 49.23)
Aug 31 16:33:31 INFO >> Making SinglePointingCandidates from a list of 1 PowerSpectraDetectionClusters
Aug 31 16:33:33 INFO >> saved candidates to ./results//injections/315.95_49.23_cumulative_power_spectra_stack_20220627_11_tpa.yml_(729,)_candidates.npz
Aug 31 16:33:33 INFO >> Injected Pulsars:     1
Aug 31 16:33:33 INFO >> Injection Candidates: 1
Aug 31 16:33:33 INFO >> Recovered Injections: 1
Aug 31 16:33:33 INFO >> 1 candidates.
Aug 31 16:33:33 INFO >> Best candidate: F0: 119.647 DM: 20.75 Sigma: 8.72
Aug 31 16:33:34 INFO >> Unlinked shared memory for cumulative stack.
Aug 31 16:33:34 INFO >> Pipeline execution time: 2.04 minutes
