Aug 31 05:08:09 INFO >> {"message": "Waiting for suitable server to become available", "selector": "Primary()", "operation": "find", "topologyDescription": "<TopologyDescription id: 66d2a53931710af76321629f, topology_type: Unknown, servers: [<ServerDescription ('localhost', 27017) server_type: Unknown, rtt: None>]>", "clientId": {"$oid": "66d2a53931710af76321629f"}, "remainingTimeMS": 29}
Aug 31 05:08:09 INFO >> Features initialized as the following:
Aug 31 05:08:09 INFO >> num_unique_dms
Aug 31 05:08:09 INFO >> num_unique_freqs
Aug 31 05:08:09 INFO >> ndetections
Aug 31 05:08:09 INFO >> nharm
Aug 31 05:08:09 INFO >> log_p_dm
Aug 31 05:08:09 INFO >> ['dm_sigma_FitGaussWidth_gauss_sigma', 'dm_sigma_FitGaussWidth_gauss_sigma_rel_err', 'dm_sigma_FitGaussWidth_ndof', 'dm_sigma_FitGaussWidth_rms_err']
Aug 31 05:08:09 INFO >> ['dm_sigma_FitGauss_amplitude', 'dm_sigma_FitGauss_mu', 'dm_sigma_FitGauss_gauss_sigma', 'dm_sigma_FitGauss_amplitude_rel_err', 'dm_sigma_FitGauss_mu_rel_err', 'dm_sigma_FitGauss_gauss_sigma_rel_err', 'dm_sigma_FitGauss_amplitude-detection', 'dm_sigma_FitGauss_mu-detection', 'dm_sigma_FitGauss_ndof', 'dm_sigma_FitGauss_rms_err']
Aug 31 05:08:09 INFO >> ['freq_sigma_FitGaussWidth_gauss_sigma', 'freq_sigma_FitGaussWidth_gauss_sigma_rel_err', 'freq_sigma_FitGaussWidth_ndof', 'freq_sigma_FitGaussWidth_rms_err']
Aug 31 05:08:09 INFO >> ['freq_sigma_FitGauss_amplitude', 'freq_sigma_FitGauss_mu', 'freq_sigma_FitGauss_gauss_sigma', 'freq_sigma_FitGauss_amplitude_rel_err', 'freq_sigma_FitGauss_mu_rel_err', 'freq_sigma_FitGauss_gauss_sigma_rel_err', 'freq_sigma_FitGauss_amplitude-detection', 'freq_sigma_FitGauss_mu-detection', 'freq_sigma_FitGauss_ndof', 'freq_sigma_FitGauss_rms_err']
Aug 31 05:08:09 INFO >> Performing searching on cumulative stack 315.95 49.23
Aug 31 05:08:09 INFO >> Loading the cumulative power spectra stack to search
Aug 31 05:09:06 INFO >> DM: 41.50660744213822
Aug 31 05:09:06 INFO >> sigma: 15.88410993593793
Aug 31 05:09:06 INFO >> frequency: 39.76294729904345
Aug 31 05:09:06 INFO >> Injecting 12 harmonics.
Aug 31 05:09:06 INFO >> Starting DM: 38.96120424624742
Aug 31 05:09:06 INFO >> Stopping DM: 44.12229883471136
Aug 31 05:09:06 INFO >> Expected detection at 12.28 sigma with 8 harmonics.
Aug 31 05:09:20 INFO >> Start searching 6558 dm trials using 32 harmonics.
Aug 31 05:09:26 INFO >> Moved power spectra to shared memory.
Aug 31 05:09:26 INFO >> Number of dm trials in single multi processing job: 10
Aug 31 05:10:07 INFO >> Total number of detections=15669
Aug 31 05:10:07 INFO >> Clustering the detections
Aug 31 05:10:07 INFO >> Starting clustering
Aug 31 05:10:07 INFO >> Rogue harmonic power filter reduced detections from 15669 to 8611
Aug 31 05:10:07 INFO >> Filtering out duplicate freq,dm detections at multiple nharms removes 805 detections
Aug 31 05:10:07 INFO >> Duplicate freq,dm filter reduced detections to 7806
Aug 31 05:10:07 INFO >> Number of detections over threshold sigma (6.0): 7806
Aug 31 05:10:07 INFO >> Grouping duplicate frequencies together first
Aug 31 05:10:07 INFO >> Grouping duplicate frequencies removed 7266 detections from the harmonic metric computation
Aug 31 05:10:07 INFO >> Starting freq-DM distance metric computation
Aug 31 05:10:07 INFO >> Finished freq-DM distance metric computation
Aug 31 05:10:07 INFO >> Largest group size for metric computation is 97
Aug 31 05:10:07 INFO >> Starting harmonic distance metric computation
Aug 31 05:10:08 INFO >> Finished harmonic distance metric computation
Aug 31 05:10:08 INFO >> Starting DBSCAN
Aug 31 05:10:08 INFO >> Finished DBSCAN
Aug 31 05:10:08 INFO >> Clusters found: 76
Aug 31 05:10:08 INFO >> Filtered 32 clusters below or equal 2 DM.
Aug 31 05:10:08 INFO >> Total number of candidate clusters=1
Aug 31 05:10:08 INFO >> Candidate Processor of stack (315.95 49.23)
Aug 31 05:10:08 INFO >> Making SinglePointingCandidates from a list of 1 PowerSpectraDetectionClusters
Aug 31 05:10:11 INFO >> saved candidates to ./results//injections/315.95_49.23_cumulative_power_spectra_stack_20220627_11_tpa.yml_(402,)_candidates.npz
Aug 31 05:10:11 INFO >> Injected Pulsars:     1
Aug 31 05:10:11 INFO >> Injection Candidates: 1
Aug 31 05:10:11 INFO >> Recovered Injections: 1
Aug 31 05:10:11 INFO >> 1 candidates.
Aug 31 05:10:11 INFO >> Best candidate: F0: 39.763 DM: 41.49 Sigma: 12.49
Aug 31 05:10:12 INFO >> Unlinked shared memory for cumulative stack.
Aug 31 05:10:12 INFO >> Pipeline execution time: 2.06 minutes
