Aug 31 03:34:00 INFO >> {"message": "Waiting for suitable server to become available", "selector": "Primary()", "operation": "find", "topologyDescription": "<TopologyDescription id: 66d28f2876034a547a5bf8d8, topology_type: Unknown, servers: [<ServerDescription ('localhost', 27017) server_type: Unknown, rtt: None>]>", "clientId": {"$oid": "66d28f2876034a547a5bf8d8"}, "remainingTimeMS": 29}
Aug 31 03:34:01 INFO >> Features initialized as the following:
Aug 31 03:34:01 INFO >> num_unique_dms
Aug 31 03:34:01 INFO >> num_unique_freqs
Aug 31 03:34:01 INFO >> ndetections
Aug 31 03:34:01 INFO >> nharm
Aug 31 03:34:01 INFO >> log_p_dm
Aug 31 03:34:01 INFO >> ['dm_sigma_FitGaussWidth_gauss_sigma', 'dm_sigma_FitGaussWidth_gauss_sigma_rel_err', 'dm_sigma_FitGaussWidth_ndof', 'dm_sigma_FitGaussWidth_rms_err']
Aug 31 03:34:01 INFO >> ['dm_sigma_FitGauss_amplitude', 'dm_sigma_FitGauss_mu', 'dm_sigma_FitGauss_gauss_sigma', 'dm_sigma_FitGauss_amplitude_rel_err', 'dm_sigma_FitGauss_mu_rel_err', 'dm_sigma_FitGauss_gauss_sigma_rel_err', 'dm_sigma_FitGauss_amplitude-detection', 'dm_sigma_FitGauss_mu-detection', 'dm_sigma_FitGauss_ndof', 'dm_sigma_FitGauss_rms_err']
Aug 31 03:34:01 INFO >> ['freq_sigma_FitGaussWidth_gauss_sigma', 'freq_sigma_FitGaussWidth_gauss_sigma_rel_err', 'freq_sigma_FitGaussWidth_ndof', 'freq_sigma_FitGaussWidth_rms_err']
Aug 31 03:34:01 INFO >> ['freq_sigma_FitGauss_amplitude', 'freq_sigma_FitGauss_mu', 'freq_sigma_FitGauss_gauss_sigma', 'freq_sigma_FitGauss_amplitude_rel_err', 'freq_sigma_FitGauss_mu_rel_err', 'freq_sigma_FitGauss_gauss_sigma_rel_err', 'freq_sigma_FitGauss_amplitude-detection', 'freq_sigma_FitGauss_mu-detection', 'freq_sigma_FitGauss_ndof', 'freq_sigma_FitGauss_rms_err']
Aug 31 03:34:01 INFO >> Performing searching on cumulative stack 315.95 49.23
Aug 31 03:34:01 INFO >> Loading the cumulative power spectra stack to search
Aug 31 03:34:58 INFO >> DM: 158.012040076283
Aug 31 03:34:58 INFO >> sigma: 10.934959998621284
Aug 31 03:34:58 INFO >> frequency: 106.57920648044143
Aug 31 03:34:58 INFO >> Injecting 4 harmonics.
Aug 31 03:34:58 INFO >> Starting DM: 157.0591921822753
Aug 31 03:34:58 INFO >> Stopping DM: 158.98195291131088
Aug 31 03:34:58 INFO >> Expected detection at 10.49 sigma with 4 harmonics.
Aug 31 03:35:12 INFO >> Start searching 6558 dm trials using 32 harmonics.
Aug 31 03:35:18 INFO >> Moved power spectra to shared memory.
Aug 31 03:35:18 INFO >> Number of dm trials in single multi processing job: 10
Aug 31 03:35:58 INFO >> Total number of detections=15590
Aug 31 03:35:58 INFO >> Clustering the detections
Aug 31 03:35:58 INFO >> Starting clustering
Aug 31 03:35:58 INFO >> Rogue harmonic power filter reduced detections from 15590 to 8532
Aug 31 03:35:58 INFO >> Filtering out duplicate freq,dm detections at multiple nharms removes 791 detections
Aug 31 03:35:58 INFO >> Duplicate freq,dm filter reduced detections to 7741
Aug 31 03:35:58 INFO >> Number of detections over threshold sigma (6.0): 7741
Aug 31 03:35:58 INFO >> Grouping duplicate frequencies together first
Aug 31 03:35:58 INFO >> Grouping duplicate frequencies removed 7217 detections from the harmonic metric computation
Aug 31 03:35:58 INFO >> Starting freq-DM distance metric computation
Aug 31 03:35:59 INFO >> Finished freq-DM distance metric computation
Aug 31 03:35:59 INFO >> Largest group size for metric computation is 97
Aug 31 03:35:59 INFO >> Starting harmonic distance metric computation
Aug 31 03:35:59 INFO >> Finished harmonic distance metric computation
Aug 31 03:35:59 INFO >> Starting DBSCAN
Aug 31 03:36:00 INFO >> Finished DBSCAN
Aug 31 03:36:00 INFO >> Clusters found: 76
Aug 31 03:36:00 INFO >> Filtered 32 clusters below or equal 2 DM.
Aug 31 03:36:00 INFO >> Total number of candidate clusters=1
Aug 31 03:36:00 INFO >> Candidate Processor of stack (315.95 49.23)
Aug 31 03:36:00 INFO >> Making SinglePointingCandidates from a list of 1 PowerSpectraDetectionClusters
Aug 31 03:36:02 INFO >> saved candidates to ./results//injections/315.95_49.23_cumulative_power_spectra_stack_20220627_11_tpa.yml_(357,)_candidates.npz
Aug 31 03:36:02 INFO >> Injected Pulsars:     1
Aug 31 03:36:02 INFO >> Injection Candidates: 1
Aug 31 03:36:02 INFO >> Recovered Injections: 1
Aug 31 03:36:02 INFO >> 1 candidates.
Aug 31 03:36:02 INFO >> Best candidate: F0: 106.579 DM: 157.97 Sigma: 10.22
Aug 31 03:36:03 INFO >> Unlinked shared memory for cumulative stack.
Aug 31 03:36:03 INFO >> Pipeline execution time: 2.05 minutes
