Aug 31 14:26:07 INFO >> {"message": "Waiting for suitable server to become available", "selector": "Primary()", "operation": "find", "topologyDescription": "<TopologyDescription id: 66d327ffc9a45f0615062e0c, topology_type: Unknown, servers: [<ServerDescription ('localhost', 27017) server_type: Unknown, rtt: None>]>", "clientId": {"$oid": "66d327ffc9a45f0615062e0c"}, "remainingTimeMS": 29}
Aug 31 14:26:07 INFO >> Features initialized as the following:
Aug 31 14:26:07 INFO >> num_unique_dms
Aug 31 14:26:07 INFO >> num_unique_freqs
Aug 31 14:26:07 INFO >> ndetections
Aug 31 14:26:07 INFO >> nharm
Aug 31 14:26:07 INFO >> log_p_dm
Aug 31 14:26:07 INFO >> ['dm_sigma_FitGaussWidth_gauss_sigma', 'dm_sigma_FitGaussWidth_gauss_sigma_rel_err', 'dm_sigma_FitGaussWidth_ndof', 'dm_sigma_FitGaussWidth_rms_err']
Aug 31 14:26:07 INFO >> ['dm_sigma_FitGauss_amplitude', 'dm_sigma_FitGauss_mu', 'dm_sigma_FitGauss_gauss_sigma', 'dm_sigma_FitGauss_amplitude_rel_err', 'dm_sigma_FitGauss_mu_rel_err', 'dm_sigma_FitGauss_gauss_sigma_rel_err', 'dm_sigma_FitGauss_amplitude-detection', 'dm_sigma_FitGauss_mu-detection', 'dm_sigma_FitGauss_ndof', 'dm_sigma_FitGauss_rms_err']
Aug 31 14:26:07 INFO >> ['freq_sigma_FitGaussWidth_gauss_sigma', 'freq_sigma_FitGaussWidth_gauss_sigma_rel_err', 'freq_sigma_FitGaussWidth_ndof', 'freq_sigma_FitGaussWidth_rms_err']
Aug 31 14:26:07 INFO >> ['freq_sigma_FitGauss_amplitude', 'freq_sigma_FitGauss_mu', 'freq_sigma_FitGauss_gauss_sigma', 'freq_sigma_FitGauss_amplitude_rel_err', 'freq_sigma_FitGauss_mu_rel_err', 'freq_sigma_FitGauss_gauss_sigma_rel_err', 'freq_sigma_FitGauss_amplitude-detection', 'freq_sigma_FitGauss_mu-detection', 'freq_sigma_FitGauss_ndof', 'freq_sigma_FitGauss_rms_err']
Aug 31 14:26:07 INFO >> Performing searching on cumulative stack 315.95 49.23
Aug 31 14:26:07 INFO >> Loading the cumulative power spectra stack to search
Aug 31 14:27:04 INFO >> DM: 17.94431992041917
Aug 31 14:27:04 INFO >> sigma: 7.845666762934698
Aug 31 14:27:04 INFO >> frequency: 10.89661142827302
Aug 31 14:27:04 INFO >> Injecting 46 harmonics.
Aug 31 14:27:04 INFO >> Starting DM: 8.500626380999435
Aug 31 14:27:04 INFO >> Stopping DM: 27.424639872033897
Aug 31 14:27:04 INFO >> Expected detection at 6.91 sigma with 32 harmonics.
Aug 31 14:27:18 INFO >> Start searching 6558 dm trials using 32 harmonics.
Aug 31 14:27:24 INFO >> Moved power spectra to shared memory.
Aug 31 14:27:24 INFO >> Number of dm trials in single multi processing job: 10
Aug 31 14:28:04 INFO >> Total number of detections=15585
Aug 31 14:28:04 INFO >> Clustering the detections
Aug 31 14:28:04 INFO >> Starting clustering
Aug 31 14:28:04 INFO >> Rogue harmonic power filter reduced detections from 15585 to 8527
Aug 31 14:28:04 INFO >> Filtering out duplicate freq,dm detections at multiple nharms removes 787 detections
Aug 31 14:28:04 INFO >> Duplicate freq,dm filter reduced detections to 7740
Aug 31 14:28:04 INFO >> Number of detections over threshold sigma (6.0): 7740
Aug 31 14:28:04 INFO >> Grouping duplicate frequencies together first
Aug 31 14:28:04 INFO >> Grouping duplicate frequencies removed 7220 detections from the harmonic metric computation
Aug 31 14:28:04 INFO >> Starting freq-DM distance metric computation
Aug 31 14:28:05 INFO >> Finished freq-DM distance metric computation
Aug 31 14:28:05 INFO >> Largest group size for metric computation is 97
Aug 31 14:28:05 INFO >> Starting harmonic distance metric computation
Aug 31 14:28:06 INFO >> Finished harmonic distance metric computation
Aug 31 14:28:06 INFO >> Starting DBSCAN
Aug 31 14:28:06 INFO >> Finished DBSCAN
Aug 31 14:28:06 INFO >> Clusters found: 76
Aug 31 14:28:06 INFO >> Filtered 32 clusters below or equal 2 DM.
Aug 31 14:28:06 INFO >> Total number of candidate clusters=1
Aug 31 14:28:06 INFO >> Candidate Processor of stack (315.95 49.23)
Aug 31 14:28:06 INFO >> Making SinglePointingCandidates from a list of 1 PowerSpectraDetectionClusters
Aug 31 14:28:08 INFO >> saved candidates to ./results//injections/315.95_49.23_cumulative_power_spectra_stack_20220627_11_tpa.yml_(669,)_candidates.npz
Aug 31 14:28:08 INFO >> Injected Pulsars:     1
Aug 31 14:28:08 INFO >> Injection Candidates: 1
Aug 31 14:28:08 INFO >> Recovered Injections: 1
Aug 31 14:28:08 INFO >> 1 candidates.
Aug 31 14:28:08 INFO >> Best candidate: F0: 10.897 DM: 17.91 Sigma: 8.01
Aug 31 14:28:10 INFO >> Unlinked shared memory for cumulative stack.
Aug 31 14:28:10 INFO >> Pipeline execution time: 2.05 minutes
