Aug 31 09:50:16 INFO >> {"message": "Waiting for suitable server to become available", "selector": "Primary()", "operation": "find", "topologyDescription": "<TopologyDescription id: 66d2e758cd082bd0fe42805a, topology_type: Unknown, servers: [<ServerDescription ('localhost', 27017) server_type: Unknown, rtt: None>]>", "clientId": {"$oid": "66d2e758cd082bd0fe42805a"}, "remainingTimeMS": 29}
Aug 31 09:50:17 INFO >> Features initialized as the following:
Aug 31 09:50:17 INFO >> num_unique_dms
Aug 31 09:50:17 INFO >> num_unique_freqs
Aug 31 09:50:17 INFO >> ndetections
Aug 31 09:50:17 INFO >> nharm
Aug 31 09:50:17 INFO >> log_p_dm
Aug 31 09:50:17 INFO >> ['dm_sigma_FitGaussWidth_gauss_sigma', 'dm_sigma_FitGaussWidth_gauss_sigma_rel_err', 'dm_sigma_FitGaussWidth_ndof', 'dm_sigma_FitGaussWidth_rms_err']
Aug 31 09:50:17 INFO >> ['dm_sigma_FitGauss_amplitude', 'dm_sigma_FitGauss_mu', 'dm_sigma_FitGauss_gauss_sigma', 'dm_sigma_FitGauss_amplitude_rel_err', 'dm_sigma_FitGauss_mu_rel_err', 'dm_sigma_FitGauss_gauss_sigma_rel_err', 'dm_sigma_FitGauss_amplitude-detection', 'dm_sigma_FitGauss_mu-detection', 'dm_sigma_FitGauss_ndof', 'dm_sigma_FitGauss_rms_err']
Aug 31 09:50:17 INFO >> ['freq_sigma_FitGaussWidth_gauss_sigma', 'freq_sigma_FitGaussWidth_gauss_sigma_rel_err', 'freq_sigma_FitGaussWidth_ndof', 'freq_sigma_FitGaussWidth_rms_err']
Aug 31 09:50:17 INFO >> ['freq_sigma_FitGauss_amplitude', 'freq_sigma_FitGauss_mu', 'freq_sigma_FitGauss_gauss_sigma', 'freq_sigma_FitGauss_amplitude_rel_err', 'freq_sigma_FitGauss_mu_rel_err', 'freq_sigma_FitGauss_gauss_sigma_rel_err', 'freq_sigma_FitGauss_amplitude-detection', 'freq_sigma_FitGauss_mu-detection', 'freq_sigma_FitGauss_ndof', 'freq_sigma_FitGauss_rms_err']
Aug 31 09:50:17 INFO >> Performing searching on cumulative stack 315.95 49.23
Aug 31 09:50:17 INFO >> Loading the cumulative power spectra stack to search
Aug 31 09:51:14 INFO >> DM: 97.16895353175983
Aug 31 09:51:14 INFO >> sigma: 12.087216640992516
Aug 31 09:51:14 INFO >> frequency: 71.69266998364387
Aug 31 09:51:14 INFO >> Injecting 7 harmonics.
Aug 31 09:51:14 INFO >> Starting DM: 95.73324471935081
Aug 31 09:51:14 INFO >> Stopping DM: 98.56678684635061
Aug 31 09:51:14 INFO >> Expected detection at 10.62 sigma with 4 harmonics.
Aug 31 09:51:28 INFO >> Start searching 6558 dm trials using 32 harmonics.
Aug 31 09:51:34 INFO >> Moved power spectra to shared memory.
Aug 31 09:51:34 INFO >> Number of dm trials in single multi processing job: 10
Aug 31 09:52:14 INFO >> Total number of detections=15609
Aug 31 09:52:14 INFO >> Clustering the detections
Aug 31 09:52:14 INFO >> Starting clustering
Aug 31 09:52:14 INFO >> Rogue harmonic power filter reduced detections from 15609 to 8545
Aug 31 09:52:14 INFO >> Filtering out duplicate freq,dm detections at multiple nharms removes 790 detections
Aug 31 09:52:14 INFO >> Duplicate freq,dm filter reduced detections to 7755
Aug 31 09:52:14 INFO >> Number of detections over threshold sigma (6.0): 7755
Aug 31 09:52:14 INFO >> Grouping duplicate frequencies together first
Aug 31 09:52:14 INFO >> Grouping duplicate frequencies removed 7228 detections from the harmonic metric computation
Aug 31 09:52:14 INFO >> Starting freq-DM distance metric computation
Aug 31 09:52:14 INFO >> Finished freq-DM distance metric computation
Aug 31 09:52:15 INFO >> Largest group size for metric computation is 97
Aug 31 09:52:15 INFO >> Starting harmonic distance metric computation
Aug 31 09:52:15 INFO >> Finished harmonic distance metric computation
Aug 31 09:52:15 INFO >> Starting DBSCAN
Aug 31 09:52:16 INFO >> Finished DBSCAN
Aug 31 09:52:16 INFO >> Clusters found: 76
Aug 31 09:52:16 INFO >> Filtered 32 clusters below or equal 2 DM.
Aug 31 09:52:16 INFO >> Total number of candidate clusters=1
Aug 31 09:52:16 INFO >> Candidate Processor of stack (315.95 49.23)
Aug 31 09:52:16 INFO >> Making SinglePointingCandidates from a list of 1 PowerSpectraDetectionClusters
Aug 31 09:52:18 INFO >> saved candidates to ./results//injections/315.95_49.23_cumulative_power_spectra_stack_20220627_11_tpa.yml_(537,)_candidates.npz
Aug 31 09:52:18 INFO >> Injected Pulsars:     1
Aug 31 09:52:18 INFO >> Injection Candidates: 1
Aug 31 09:52:18 INFO >> Recovered Injections: 1
Aug 31 09:52:18 INFO >> 1 candidates.
Aug 31 09:52:18 INFO >> Best candidate: F0: 71.693 DM: 97.15 Sigma: 10.44
Aug 31 09:52:19 INFO >> Unlinked shared memory for cumulative stack.
Aug 31 09:52:19 INFO >> Pipeline execution time: 2.04 minutes
