Aug 31 08:35:00 INFO >> {"message": "Waiting for suitable server to become available", "selector": "Primary()", "operation": "find", "topologyDescription": "<TopologyDescription id: 66d2d5b49122ec7da970e4b6, topology_type: Unknown, servers: [<ServerDescription ('localhost', 27017) server_type: Unknown, rtt: None>]>", "clientId": {"$oid": "66d2d5b49122ec7da970e4b6"}, "remainingTimeMS": 29}
Aug 31 08:35:00 INFO >> Features initialized as the following:
Aug 31 08:35:00 INFO >> num_unique_dms
Aug 31 08:35:00 INFO >> num_unique_freqs
Aug 31 08:35:00 INFO >> ndetections
Aug 31 08:35:00 INFO >> nharm
Aug 31 08:35:00 INFO >> log_p_dm
Aug 31 08:35:00 INFO >> ['dm_sigma_FitGaussWidth_gauss_sigma', 'dm_sigma_FitGaussWidth_gauss_sigma_rel_err', 'dm_sigma_FitGaussWidth_ndof', 'dm_sigma_FitGaussWidth_rms_err']
Aug 31 08:35:00 INFO >> ['dm_sigma_FitGauss_amplitude', 'dm_sigma_FitGauss_mu', 'dm_sigma_FitGauss_gauss_sigma', 'dm_sigma_FitGauss_amplitude_rel_err', 'dm_sigma_FitGauss_mu_rel_err', 'dm_sigma_FitGauss_gauss_sigma_rel_err', 'dm_sigma_FitGauss_amplitude-detection', 'dm_sigma_FitGauss_mu-detection', 'dm_sigma_FitGauss_ndof', 'dm_sigma_FitGauss_rms_err']
Aug 31 08:35:00 INFO >> ['freq_sigma_FitGaussWidth_gauss_sigma', 'freq_sigma_FitGaussWidth_gauss_sigma_rel_err', 'freq_sigma_FitGaussWidth_ndof', 'freq_sigma_FitGaussWidth_rms_err']
Aug 31 08:35:00 INFO >> ['freq_sigma_FitGauss_amplitude', 'freq_sigma_FitGauss_mu', 'freq_sigma_FitGauss_gauss_sigma', 'freq_sigma_FitGauss_amplitude_rel_err', 'freq_sigma_FitGauss_mu_rel_err', 'freq_sigma_FitGauss_gauss_sigma_rel_err', 'freq_sigma_FitGauss_amplitude-detection', 'freq_sigma_FitGauss_mu-detection', 'freq_sigma_FitGauss_ndof', 'freq_sigma_FitGauss_rms_err']
Aug 31 08:35:01 INFO >> Performing searching on cumulative stack 315.95 49.23
Aug 31 08:35:01 INFO >> Loading the cumulative power spectra stack to search
Aug 31 08:35:58 INFO >> DM: 109.60135392594313
Aug 31 08:35:58 INFO >> sigma: 15.056694910780244
Aug 31 08:35:58 INFO >> frequency: 45.91038109241987
Aug 31 08:35:58 INFO >> Injecting 11 harmonics.
Aug 31 08:35:58 INFO >> Starting DM: 107.37100702667146
Aug 31 08:35:58 INFO >> Stopping DM: 111.82371608338546
Aug 31 08:35:58 INFO >> Expected detection at 8.63 sigma with 8 harmonics.
Aug 31 08:36:12 INFO >> Start searching 6558 dm trials using 32 harmonics.
Aug 31 08:36:18 INFO >> Moved power spectra to shared memory.
Aug 31 08:36:18 INFO >> Number of dm trials in single multi processing job: 10
Aug 31 08:36:59 INFO >> Total number of detections=15584
Aug 31 08:36:59 INFO >> Clustering the detections
Aug 31 08:36:59 INFO >> Starting clustering
Aug 31 08:36:59 INFO >> Rogue harmonic power filter reduced detections from 15584 to 8526
Aug 31 08:36:59 INFO >> Filtering out duplicate freq,dm detections at multiple nharms removes 789 detections
Aug 31 08:36:59 INFO >> Duplicate freq,dm filter reduced detections to 7737
Aug 31 08:36:59 INFO >> Number of detections over threshold sigma (6.0): 7737
Aug 31 08:36:59 INFO >> Grouping duplicate frequencies together first
Aug 31 08:36:59 INFO >> Grouping duplicate frequencies removed 7216 detections from the harmonic metric computation
Aug 31 08:36:59 INFO >> Starting freq-DM distance metric computation
Aug 31 08:36:59 INFO >> Finished freq-DM distance metric computation
Aug 31 08:37:00 INFO >> Largest group size for metric computation is 97
Aug 31 08:37:00 INFO >> Starting harmonic distance metric computation
Aug 31 08:37:00 INFO >> Finished harmonic distance metric computation
Aug 31 08:37:00 INFO >> Starting DBSCAN
Aug 31 08:37:00 INFO >> Finished DBSCAN
Aug 31 08:37:00 INFO >> Clusters found: 76
Aug 31 08:37:00 INFO >> Filtered 32 clusters below or equal 2 DM.
Aug 31 08:37:00 INFO >> Total number of candidate clusters=1
Aug 31 08:37:00 INFO >> Candidate Processor of stack (315.95 49.23)
Aug 31 08:37:00 INFO >> Making SinglePointingCandidates from a list of 1 PowerSpectraDetectionClusters
Aug 31 08:37:03 INFO >> saved candidates to ./results//injections/315.95_49.23_cumulative_power_spectra_stack_20220627_11_tpa.yml_(501,)_candidates.npz
Aug 31 08:37:03 INFO >> Injected Pulsars:     1
Aug 31 08:37:03 INFO >> Injection Candidates: 1
Aug 31 08:37:03 INFO >> Recovered Injections: 1
Aug 31 08:37:03 INFO >> 1 candidates.
Aug 31 08:37:03 INFO >> Best candidate: F0: 45.910 DM: 109.60 Sigma: 9.28
Aug 31 08:37:04 INFO >> Unlinked shared memory for cumulative stack.
Aug 31 08:37:04 INFO >> Pipeline execution time: 2.06 minutes
