Aug 31 06:02:29 INFO >> {"message": "Waiting for suitable server to become available", "selector": "Primary()", "operation": "find", "topologyDescription": "<TopologyDescription id: 66d2b1f520f289d1189fbbcb, topology_type: Unknown, servers: [<ServerDescription ('localhost', 27017) server_type: Unknown, rtt: None>]>", "clientId": {"$oid": "66d2b1f520f289d1189fbbcb"}, "remainingTimeMS": 29}
Aug 31 06:02:29 INFO >> Features initialized as the following:
Aug 31 06:02:29 INFO >> num_unique_dms
Aug 31 06:02:29 INFO >> num_unique_freqs
Aug 31 06:02:29 INFO >> ndetections
Aug 31 06:02:29 INFO >> nharm
Aug 31 06:02:29 INFO >> log_p_dm
Aug 31 06:02:29 INFO >> ['dm_sigma_FitGaussWidth_gauss_sigma', 'dm_sigma_FitGaussWidth_gauss_sigma_rel_err', 'dm_sigma_FitGaussWidth_ndof', 'dm_sigma_FitGaussWidth_rms_err']
Aug 31 06:02:29 INFO >> ['dm_sigma_FitGauss_amplitude', 'dm_sigma_FitGauss_mu', 'dm_sigma_FitGauss_gauss_sigma', 'dm_sigma_FitGauss_amplitude_rel_err', 'dm_sigma_FitGauss_mu_rel_err', 'dm_sigma_FitGauss_gauss_sigma_rel_err', 'dm_sigma_FitGauss_amplitude-detection', 'dm_sigma_FitGauss_mu-detection', 'dm_sigma_FitGauss_ndof', 'dm_sigma_FitGauss_rms_err']
Aug 31 06:02:29 INFO >> ['freq_sigma_FitGaussWidth_gauss_sigma', 'freq_sigma_FitGaussWidth_gauss_sigma_rel_err', 'freq_sigma_FitGaussWidth_ndof', 'freq_sigma_FitGaussWidth_rms_err']
Aug 31 06:02:29 INFO >> ['freq_sigma_FitGauss_amplitude', 'freq_sigma_FitGauss_mu', 'freq_sigma_FitGauss_gauss_sigma', 'freq_sigma_FitGauss_amplitude_rel_err', 'freq_sigma_FitGauss_mu_rel_err', 'freq_sigma_FitGauss_gauss_sigma_rel_err', 'freq_sigma_FitGauss_amplitude-detection', 'freq_sigma_FitGauss_mu-detection', 'freq_sigma_FitGauss_ndof', 'freq_sigma_FitGauss_rms_err']
Aug 31 06:02:29 INFO >> Performing searching on cumulative stack 315.95 49.23
Aug 31 06:02:29 INFO >> Loading the cumulative power spectra stack to search
Aug 31 06:03:26 INFO >> DM: 52.31747935330303
Aug 31 06:03:26 INFO >> sigma: 11.02128612912552
Aug 31 06:03:26 INFO >> frequency: 55.914934434806256
Aug 31 06:03:26 INFO >> Injecting 9 harmonics.
Aug 31 06:03:26 INFO >> Starting DM: 50.497768620460945
Aug 31 06:03:26 INFO >> Stopping DM: 54.14089421231784
Aug 31 06:03:26 INFO >> Expected detection at 8.35 sigma with 4 harmonics.
Aug 31 06:03:40 INFO >> Start searching 6558 dm trials using 32 harmonics.
Aug 31 06:03:46 INFO >> Moved power spectra to shared memory.
Aug 31 06:03:46 INFO >> Number of dm trials in single multi processing job: 10
Aug 31 06:04:27 INFO >> Total number of detections=15588
Aug 31 06:04:27 INFO >> Clustering the detections
Aug 31 06:04:27 INFO >> Starting clustering
Aug 31 06:04:27 INFO >> Rogue harmonic power filter reduced detections from 15588 to 8530
Aug 31 06:04:27 INFO >> Filtering out duplicate freq,dm detections at multiple nharms removes 787 detections
Aug 31 06:04:27 INFO >> Duplicate freq,dm filter reduced detections to 7743
Aug 31 06:04:27 INFO >> Number of detections over threshold sigma (6.0): 7743
Aug 31 06:04:28 INFO >> Grouping duplicate frequencies together first
Aug 31 06:04:28 INFO >> Grouping duplicate frequencies removed 7219 detections from the harmonic metric computation
Aug 31 06:04:28 INFO >> Starting freq-DM distance metric computation
Aug 31 06:04:28 INFO >> Finished freq-DM distance metric computation
Aug 31 06:04:28 INFO >> Largest group size for metric computation is 97
Aug 31 06:04:28 INFO >> Starting harmonic distance metric computation
Aug 31 06:04:29 INFO >> Finished harmonic distance metric computation
Aug 31 06:04:29 INFO >> Starting DBSCAN
Aug 31 06:04:29 INFO >> Finished DBSCAN
Aug 31 06:04:29 INFO >> Clusters found: 76
Aug 31 06:04:29 INFO >> Filtered 32 clusters below or equal 2 DM.
Aug 31 06:04:29 INFO >> Total number of candidate clusters=1
Aug 31 06:04:29 INFO >> Candidate Processor of stack (315.95 49.23)
Aug 31 06:04:29 INFO >> Making SinglePointingCandidates from a list of 1 PowerSpectraDetectionClusters
Aug 31 06:04:31 INFO >> saved candidates to ./results//injections/315.95_49.23_cumulative_power_spectra_stack_20220627_11_tpa.yml_(428,)_candidates.npz
Aug 31 06:04:31 INFO >> Injected Pulsars:     1
Aug 31 06:04:31 INFO >> Injection Candidates: 1
Aug 31 06:04:31 INFO >> Recovered Injections: 1
Aug 31 06:04:31 INFO >> 1 candidates.
Aug 31 06:04:31 INFO >> Best candidate: F0: 55.915 DM: 52.32 Sigma: 8.38
Aug 31 06:04:33 INFO >> Unlinked shared memory for cumulative stack.
Aug 31 06:04:33 INFO >> Pipeline execution time: 2.07 minutes
