Aug 31 17:11:14 INFO >> {"message": "Waiting for suitable server to become available", "selector": "Primary()", "operation": "find", "topologyDescription": "<TopologyDescription id: 66d34eb262730972c3cad444, topology_type: Unknown, servers: [<ServerDescription ('localhost', 27017) server_type: Unknown, rtt: None>]>", "clientId": {"$oid": "66d34eb262730972c3cad444"}, "remainingTimeMS": 29}
Aug 31 17:11:14 INFO >> Features initialized as the following:
Aug 31 17:11:14 INFO >> num_unique_dms
Aug 31 17:11:14 INFO >> num_unique_freqs
Aug 31 17:11:14 INFO >> ndetections
Aug 31 17:11:14 INFO >> nharm
Aug 31 17:11:14 INFO >> log_p_dm
Aug 31 17:11:14 INFO >> ['dm_sigma_FitGaussWidth_gauss_sigma', 'dm_sigma_FitGaussWidth_gauss_sigma_rel_err', 'dm_sigma_FitGaussWidth_ndof', 'dm_sigma_FitGaussWidth_rms_err']
Aug 31 17:11:14 INFO >> ['dm_sigma_FitGauss_amplitude', 'dm_sigma_FitGauss_mu', 'dm_sigma_FitGauss_gauss_sigma', 'dm_sigma_FitGauss_amplitude_rel_err', 'dm_sigma_FitGauss_mu_rel_err', 'dm_sigma_FitGauss_gauss_sigma_rel_err', 'dm_sigma_FitGauss_amplitude-detection', 'dm_sigma_FitGauss_mu-detection', 'dm_sigma_FitGauss_ndof', 'dm_sigma_FitGauss_rms_err']
Aug 31 17:11:14 INFO >> ['freq_sigma_FitGaussWidth_gauss_sigma', 'freq_sigma_FitGaussWidth_gauss_sigma_rel_err', 'freq_sigma_FitGaussWidth_ndof', 'freq_sigma_FitGaussWidth_rms_err']
Aug 31 17:11:14 INFO >> ['freq_sigma_FitGauss_amplitude', 'freq_sigma_FitGauss_mu', 'freq_sigma_FitGauss_gauss_sigma', 'freq_sigma_FitGauss_amplitude_rel_err', 'freq_sigma_FitGauss_mu_rel_err', 'freq_sigma_FitGauss_gauss_sigma_rel_err', 'freq_sigma_FitGauss_amplitude-detection', 'freq_sigma_FitGauss_mu-detection', 'freq_sigma_FitGauss_ndof', 'freq_sigma_FitGauss_rms_err']
Aug 31 17:11:14 INFO >> Performing searching on cumulative stack 315.95 49.23
Aug 31 17:11:14 INFO >> Loading the cumulative power spectra stack to search
Aug 31 17:12:13 INFO >> DM: 162.74304014909447
Aug 31 17:12:13 INFO >> sigma: 11.530450866061543
Aug 31 17:12:13 INFO >> frequency: 115.83198788153273
Aug 31 17:12:13 INFO >> Injecting 4 harmonics.
Aug 31 17:12:13 INFO >> Starting DM: 161.8154950383107
Aug 31 17:12:13 INFO >> Stopping DM: 163.63705783423916
Aug 31 17:12:13 INFO >> Expected detection at 6.51 sigma with 4 harmonics.
Aug 31 17:12:27 INFO >> Start searching 6558 dm trials using 32 harmonics.
Aug 31 17:12:32 INFO >> Moved power spectra to shared memory.
Aug 31 17:12:32 INFO >> Number of dm trials in single multi processing job: 10
Aug 31 17:13:13 INFO >> Total number of detections=15578
Aug 31 17:13:13 INFO >> Clustering the detections
Aug 31 17:13:13 INFO >> Starting clustering
Aug 31 17:13:13 INFO >> Rogue harmonic power filter reduced detections from 15578 to 8520
Aug 31 17:13:13 INFO >> Filtering out duplicate freq,dm detections at multiple nharms removes 787 detections
Aug 31 17:13:13 INFO >> Duplicate freq,dm filter reduced detections to 7733
Aug 31 17:13:13 INFO >> Number of detections over threshold sigma (6.0): 7733
Aug 31 17:13:13 INFO >> Grouping duplicate frequencies together first
Aug 31 17:13:13 INFO >> Grouping duplicate frequencies removed 7214 detections from the harmonic metric computation
Aug 31 17:13:13 INFO >> Starting freq-DM distance metric computation
Aug 31 17:13:13 INFO >> Finished freq-DM distance metric computation
Aug 31 17:13:14 INFO >> Largest group size for metric computation is 97
Aug 31 17:13:14 INFO >> Starting harmonic distance metric computation
Aug 31 17:13:14 INFO >> Finished harmonic distance metric computation
Aug 31 17:13:14 INFO >> Starting DBSCAN
Aug 31 17:13:14 INFO >> Finished DBSCAN
Aug 31 17:13:14 INFO >> Clusters found: 75
Aug 31 17:13:14 INFO >> Filtered 32 clusters below or equal 2 DM.
Aug 31 17:13:14 INFO >> Total number of candidate clusters=0
Aug 31 17:13:15 INFO >> Candidate Processor of stack (315.95 49.23)
Aug 31 17:13:15 INFO >> Making SinglePointingCandidates from a list of 0 PowerSpectraDetectionClusters
Aug 31 17:13:16 INFO >> saved candidates to ./results//injections/315.95_49.23_cumulative_power_spectra_stack_20220627_11_tpa.yml_(748,)_candidates.npz
Aug 31 17:13:16 INFO >> Injected Pulsars:     1
Aug 31 17:13:16 INFO >> Injection Candidates: 0
Aug 31 17:13:16 INFO >> Recovered Injections: 0
Aug 31 17:13:16 INFO >> 0 candidates.
Aug 31 17:13:18 INFO >> Unlinked shared memory for cumulative stack.
Aug 31 17:13:18 INFO >> Pipeline execution time: 2.07 minutes
