Aug 31 17:04:57 INFO >> {"message": "Waiting for suitable server to become available", "selector": "Primary()", "operation": "find", "topologyDescription": "<TopologyDescription id: 66d34d398099899fc473978b, topology_type: Unknown, servers: [<ServerDescription ('localhost', 27017) server_type: Unknown, rtt: None>]>", "clientId": {"$oid": "66d34d398099899fc473978b"}, "remainingTimeMS": 29}
Aug 31 17:04:57 INFO >> Features initialized as the following:
Aug 31 17:04:57 INFO >> num_unique_dms
Aug 31 17:04:57 INFO >> num_unique_freqs
Aug 31 17:04:57 INFO >> ndetections
Aug 31 17:04:57 INFO >> nharm
Aug 31 17:04:57 INFO >> log_p_dm
Aug 31 17:04:57 INFO >> ['dm_sigma_FitGaussWidth_gauss_sigma', 'dm_sigma_FitGaussWidth_gauss_sigma_rel_err', 'dm_sigma_FitGaussWidth_ndof', 'dm_sigma_FitGaussWidth_rms_err']
Aug 31 17:04:57 INFO >> ['dm_sigma_FitGauss_amplitude', 'dm_sigma_FitGauss_mu', 'dm_sigma_FitGauss_gauss_sigma', 'dm_sigma_FitGauss_amplitude_rel_err', 'dm_sigma_FitGauss_mu_rel_err', 'dm_sigma_FitGauss_gauss_sigma_rel_err', 'dm_sigma_FitGauss_amplitude-detection', 'dm_sigma_FitGauss_mu-detection', 'dm_sigma_FitGauss_ndof', 'dm_sigma_FitGauss_rms_err']
Aug 31 17:04:57 INFO >> ['freq_sigma_FitGaussWidth_gauss_sigma', 'freq_sigma_FitGaussWidth_gauss_sigma_rel_err', 'freq_sigma_FitGaussWidth_ndof', 'freq_sigma_FitGaussWidth_rms_err']
Aug 31 17:04:57 INFO >> ['freq_sigma_FitGauss_amplitude', 'freq_sigma_FitGauss_mu', 'freq_sigma_FitGauss_gauss_sigma', 'freq_sigma_FitGauss_amplitude_rel_err', 'freq_sigma_FitGauss_mu_rel_err', 'freq_sigma_FitGauss_gauss_sigma_rel_err', 'freq_sigma_FitGauss_amplitude-detection', 'freq_sigma_FitGauss_mu-detection', 'freq_sigma_FitGauss_ndof', 'freq_sigma_FitGauss_rms_err']
Aug 31 17:04:57 INFO >> Performing searching on cumulative stack 315.95 49.23
Aug 31 17:04:57 INFO >> Loading the cumulative power spectra stack to search
Aug 31 17:05:55 INFO >> DM: 186.9675474889865
Aug 31 17:05:55 INFO >> sigma: 15.228098852748062
Aug 31 17:05:55 INFO >> frequency: 44.32776821981061
Aug 31 17:05:55 INFO >> Injecting 11 harmonics.
Aug 31 17:05:55 INFO >> Starting DM: 184.6862279205235
Aug 31 17:05:55 INFO >> Stopping DM: 189.2401349103446
Aug 31 17:05:55 INFO >> Expected detection at 12.21 sigma with 4 harmonics.
Aug 31 17:06:09 INFO >> Start searching 6558 dm trials using 32 harmonics.
Aug 31 17:06:15 INFO >> Moved power spectra to shared memory.
Aug 31 17:06:15 INFO >> Number of dm trials in single multi processing job: 10
Aug 31 17:06:55 INFO >> Total number of detections=15700
Aug 31 17:06:55 INFO >> Clustering the detections
Aug 31 17:06:55 INFO >> Starting clustering
Aug 31 17:06:55 INFO >> Rogue harmonic power filter reduced detections from 15700 to 8621
Aug 31 17:06:55 INFO >> Filtering out duplicate freq,dm detections at multiple nharms removes 816 detections
Aug 31 17:06:55 INFO >> Duplicate freq,dm filter reduced detections to 7805
Aug 31 17:06:55 INFO >> Number of detections over threshold sigma (6.0): 7805
Aug 31 17:06:55 INFO >> Grouping duplicate frequencies together first
Aug 31 17:06:55 INFO >> Grouping duplicate frequencies removed 7269 detections from the harmonic metric computation
Aug 31 17:06:55 INFO >> Starting freq-DM distance metric computation
Aug 31 17:06:56 INFO >> Finished freq-DM distance metric computation
Aug 31 17:06:56 INFO >> Largest group size for metric computation is 97
Aug 31 17:06:56 INFO >> Starting harmonic distance metric computation
Aug 31 17:06:57 INFO >> Finished harmonic distance metric computation
Aug 31 17:06:57 INFO >> Starting DBSCAN
Aug 31 17:06:57 INFO >> Finished DBSCAN
Aug 31 17:06:57 INFO >> Clusters found: 76
Aug 31 17:06:57 INFO >> Filtered 32 clusters below or equal 2 DM.
Aug 31 17:06:57 INFO >> Total number of candidate clusters=1
Aug 31 17:06:57 INFO >> Candidate Processor of stack (315.95 49.23)
Aug 31 17:06:57 INFO >> Making SinglePointingCandidates from a list of 1 PowerSpectraDetectionClusters
Aug 31 17:06:59 INFO >> saved candidates to ./results//injections/315.95_49.23_cumulative_power_spectra_stack_20220627_11_tpa.yml_(745,)_candidates.npz
Aug 31 17:06:59 INFO >> Injected Pulsars:     1
Aug 31 17:06:59 INFO >> Injection Candidates: 1
Aug 31 17:06:59 INFO >> Recovered Injections: 1
Aug 31 17:06:59 INFO >> 1 candidates.
Aug 31 17:06:59 INFO >> Best candidate: F0: 44.328 DM: 187.01 Sigma: 11.34
Aug 31 17:07:01 INFO >> Unlinked shared memory for cumulative stack.
Aug 31 17:07:01 INFO >> Pipeline execution time: 2.06 minutes
