Aug 31 03:36:06 INFO >> {"message": "Waiting for suitable server to become available", "selector": "Primary()", "operation": "find", "topologyDescription": "<TopologyDescription id: 66d28fa60106d34ad5018577, topology_type: Unknown, servers: [<ServerDescription ('localhost', 27017) server_type: Unknown, rtt: None>]>", "clientId": {"$oid": "66d28fa60106d34ad5018577"}, "remainingTimeMS": 29}
Aug 31 03:36:06 INFO >> Features initialized as the following:
Aug 31 03:36:06 INFO >> num_unique_dms
Aug 31 03:36:06 INFO >> num_unique_freqs
Aug 31 03:36:06 INFO >> ndetections
Aug 31 03:36:06 INFO >> nharm
Aug 31 03:36:06 INFO >> log_p_dm
Aug 31 03:36:06 INFO >> ['dm_sigma_FitGaussWidth_gauss_sigma', 'dm_sigma_FitGaussWidth_gauss_sigma_rel_err', 'dm_sigma_FitGaussWidth_ndof', 'dm_sigma_FitGaussWidth_rms_err']
Aug 31 03:36:06 INFO >> ['dm_sigma_FitGauss_amplitude', 'dm_sigma_FitGauss_mu', 'dm_sigma_FitGauss_gauss_sigma', 'dm_sigma_FitGauss_amplitude_rel_err', 'dm_sigma_FitGauss_mu_rel_err', 'dm_sigma_FitGauss_gauss_sigma_rel_err', 'dm_sigma_FitGauss_amplitude-detection', 'dm_sigma_FitGauss_mu-detection', 'dm_sigma_FitGauss_ndof', 'dm_sigma_FitGauss_rms_err']
Aug 31 03:36:06 INFO >> ['freq_sigma_FitGaussWidth_gauss_sigma', 'freq_sigma_FitGaussWidth_gauss_sigma_rel_err', 'freq_sigma_FitGaussWidth_ndof', 'freq_sigma_FitGaussWidth_rms_err']
Aug 31 03:36:06 INFO >> ['freq_sigma_FitGauss_amplitude', 'freq_sigma_FitGauss_mu', 'freq_sigma_FitGauss_gauss_sigma', 'freq_sigma_FitGauss_amplitude_rel_err', 'freq_sigma_FitGauss_mu_rel_err', 'freq_sigma_FitGauss_gauss_sigma_rel_err', 'freq_sigma_FitGauss_amplitude-detection', 'freq_sigma_FitGauss_mu-detection', 'freq_sigma_FitGauss_ndof', 'freq_sigma_FitGauss_rms_err']
Aug 31 03:36:06 INFO >> Performing searching on cumulative stack 315.95 49.23
Aug 31 03:36:06 INFO >> Loading the cumulative power spectra stack to search
Aug 31 03:37:04 INFO >> DM: 118.43203901275018
Aug 31 03:37:04 INFO >> sigma: 15.920070908864519
Aug 31 03:37:04 INFO >> frequency: 159.98289844714367
Aug 31 03:37:04 INFO >> Injecting 3 harmonics.
Aug 31 03:37:04 INFO >> Starting DM: 117.79439413670647
Aug 31 03:37:04 INFO >> Stopping DM: 119.10996726709925
Aug 31 03:37:04 INFO >> Expected detection at 7.25 sigma with 2 harmonics.
Aug 31 03:37:18 INFO >> Start searching 6558 dm trials using 32 harmonics.
Aug 31 03:37:24 INFO >> Moved power spectra to shared memory.
Aug 31 03:37:24 INFO >> Number of dm trials in single multi processing job: 10
Aug 31 03:38:04 INFO >> Total number of detections=15584
Aug 31 03:38:04 INFO >> Clustering the detections
Aug 31 03:38:04 INFO >> Starting clustering
Aug 31 03:38:04 INFO >> Rogue harmonic power filter reduced detections from 15584 to 8526
Aug 31 03:38:04 INFO >> Filtering out duplicate freq,dm detections at multiple nharms removes 788 detections
Aug 31 03:38:04 INFO >> Duplicate freq,dm filter reduced detections to 7738
Aug 31 03:38:04 INFO >> Number of detections over threshold sigma (6.0): 7738
Aug 31 03:38:04 INFO >> Grouping duplicate frequencies together first
Aug 31 03:38:04 INFO >> Grouping duplicate frequencies removed 7216 detections from the harmonic metric computation
Aug 31 03:38:04 INFO >> Starting freq-DM distance metric computation
Aug 31 03:38:05 INFO >> Finished freq-DM distance metric computation
Aug 31 03:38:05 INFO >> Largest group size for metric computation is 97
Aug 31 03:38:05 INFO >> Starting harmonic distance metric computation
Aug 31 03:38:05 INFO >> Finished harmonic distance metric computation
Aug 31 03:38:05 INFO >> Starting DBSCAN
Aug 31 03:38:06 INFO >> Finished DBSCAN
Aug 31 03:38:06 INFO >> Clusters found: 76
Aug 31 03:38:06 INFO >> Filtered 32 clusters below or equal 2 DM.
Aug 31 03:38:06 INFO >> Total number of candidate clusters=1
Aug 31 03:38:06 INFO >> Candidate Processor of stack (315.95 49.23)
Aug 31 03:38:06 INFO >> Making SinglePointingCandidates from a list of 1 PowerSpectraDetectionClusters
Aug 31 03:38:08 INFO >> saved candidates to ./results//injections/315.95_49.23_cumulative_power_spectra_stack_20220627_11_tpa.yml_(358,)_candidates.npz
Aug 31 03:38:08 INFO >> Injected Pulsars:     1
Aug 31 03:38:08 INFO >> Injection Candidates: 1
Aug 31 03:38:08 INFO >> Recovered Injections: 1
Aug 31 03:38:08 INFO >> 1 candidates.
Aug 31 03:38:08 INFO >> Best candidate: F0: 159.983 DM: 118.40 Sigma: 8.46
Aug 31 03:38:09 INFO >> Unlinked shared memory for cumulative stack.
Aug 31 03:38:09 INFO >> Pipeline execution time: 2.06 minutes
