Aug 31 13:58:59 INFO >> {"message": "Waiting for suitable server to become available", "selector": "Primary()", "operation": "find", "topologyDescription": "<TopologyDescription id: 66d321a3fb7a59cd90dccb4a, topology_type: Unknown, servers: [<ServerDescription ('localhost', 27017) server_type: Unknown, rtt: None>]>", "clientId": {"$oid": "66d321a3fb7a59cd90dccb4a"}, "remainingTimeMS": 29}
Aug 31 13:58:59 INFO >> Features initialized as the following:
Aug 31 13:58:59 INFO >> num_unique_dms
Aug 31 13:58:59 INFO >> num_unique_freqs
Aug 31 13:58:59 INFO >> ndetections
Aug 31 13:58:59 INFO >> nharm
Aug 31 13:58:59 INFO >> log_p_dm
Aug 31 13:58:59 INFO >> ['dm_sigma_FitGaussWidth_gauss_sigma', 'dm_sigma_FitGaussWidth_gauss_sigma_rel_err', 'dm_sigma_FitGaussWidth_ndof', 'dm_sigma_FitGaussWidth_rms_err']
Aug 31 13:58:59 INFO >> ['dm_sigma_FitGauss_amplitude', 'dm_sigma_FitGauss_mu', 'dm_sigma_FitGauss_gauss_sigma', 'dm_sigma_FitGauss_amplitude_rel_err', 'dm_sigma_FitGauss_mu_rel_err', 'dm_sigma_FitGauss_gauss_sigma_rel_err', 'dm_sigma_FitGauss_amplitude-detection', 'dm_sigma_FitGauss_mu-detection', 'dm_sigma_FitGauss_ndof', 'dm_sigma_FitGauss_rms_err']
Aug 31 13:58:59 INFO >> ['freq_sigma_FitGaussWidth_gauss_sigma', 'freq_sigma_FitGaussWidth_gauss_sigma_rel_err', 'freq_sigma_FitGaussWidth_ndof', 'freq_sigma_FitGaussWidth_rms_err']
Aug 31 13:58:59 INFO >> ['freq_sigma_FitGauss_amplitude', 'freq_sigma_FitGauss_mu', 'freq_sigma_FitGauss_gauss_sigma', 'freq_sigma_FitGauss_amplitude_rel_err', 'freq_sigma_FitGauss_mu_rel_err', 'freq_sigma_FitGauss_gauss_sigma_rel_err', 'freq_sigma_FitGauss_amplitude-detection', 'freq_sigma_FitGauss_mu-detection', 'freq_sigma_FitGauss_ndof', 'freq_sigma_FitGauss_rms_err']
Aug 31 13:58:59 INFO >> Performing searching on cumulative stack 315.95 49.23
Aug 31 13:58:59 INFO >> Loading the cumulative power spectra stack to search
Aug 31 13:59:56 INFO >> DM: 169.24632759150995
Aug 31 13:59:56 INFO >> sigma: 8.057352036938685
Aug 31 13:59:56 INFO >> frequency: 159.45771548191271
Aug 31 13:59:56 INFO >> Injecting 3 harmonics.
Aug 31 13:59:56 INFO >> Starting DM: 168.59575655648882
Aug 31 13:59:56 INFO >> Stopping DM: 169.9113296868816
Aug 31 13:59:56 INFO >> Expected detection at 7.48 sigma with 2 harmonics.
Aug 31 14:00:10 INFO >> Start searching 6558 dm trials using 32 harmonics.
Aug 31 14:00:16 INFO >> Moved power spectra to shared memory.
Aug 31 14:00:16 INFO >> Number of dm trials in single multi processing job: 10
Aug 31 14:00:56 INFO >> Total number of detections=15584
Aug 31 14:00:56 INFO >> Clustering the detections
Aug 31 14:00:56 INFO >> Starting clustering
Aug 31 14:00:56 INFO >> Rogue harmonic power filter reduced detections from 15584 to 8525
Aug 31 14:00:56 INFO >> Filtering out duplicate freq,dm detections at multiple nharms removes 789 detections
Aug 31 14:00:56 INFO >> Duplicate freq,dm filter reduced detections to 7736
Aug 31 14:00:56 INFO >> Number of detections over threshold sigma (6.0): 7736
Aug 31 14:00:56 INFO >> Grouping duplicate frequencies together first
Aug 31 14:00:56 INFO >> Grouping duplicate frequencies removed 7215 detections from the harmonic metric computation
Aug 31 14:00:56 INFO >> Starting freq-DM distance metric computation
Aug 31 14:00:57 INFO >> Finished freq-DM distance metric computation
Aug 31 14:00:57 INFO >> Largest group size for metric computation is 97
Aug 31 14:00:57 INFO >> Starting harmonic distance metric computation
Aug 31 14:00:57 INFO >> Finished harmonic distance metric computation
Aug 31 14:00:57 INFO >> Starting DBSCAN
Aug 31 14:00:58 INFO >> Finished DBSCAN
Aug 31 14:00:58 INFO >> Clusters found: 75
Aug 31 14:00:58 INFO >> Filtered 32 clusters below or equal 2 DM.
Aug 31 14:00:58 INFO >> Total number of candidate clusters=0
Aug 31 14:00:58 INFO >> Candidate Processor of stack (315.95 49.23)
Aug 31 14:00:58 INFO >> Making SinglePointingCandidates from a list of 0 PowerSpectraDetectionClusters
Aug 31 14:01:00 INFO >> saved candidates to ./results//injections/315.95_49.23_cumulative_power_spectra_stack_20220627_11_tpa.yml_(656,)_candidates.npz
Aug 31 14:01:00 INFO >> Injected Pulsars:     1
Aug 31 14:01:00 INFO >> Injection Candidates: 0
Aug 31 14:01:00 INFO >> Recovered Injections: 0
Aug 31 14:01:00 INFO >> 0 candidates.
Aug 31 14:01:01 INFO >> Unlinked shared memory for cumulative stack.
Aug 31 14:01:01 INFO >> Pipeline execution time: 2.04 minutes
