Aug 31 08:01:39 INFO >> {"message": "Waiting for suitable server to become available", "selector": "Primary()", "operation": "find", "topologyDescription": "<TopologyDescription id: 66d2cde3a20eac4c4924921b, topology_type: Unknown, servers: [<ServerDescription ('localhost', 27017) server_type: Unknown, rtt: None>]>", "clientId": {"$oid": "66d2cde3a20eac4c4924921b"}, "remainingTimeMS": 29}
Aug 31 08:01:39 INFO >> Features initialized as the following:
Aug 31 08:01:39 INFO >> num_unique_dms
Aug 31 08:01:39 INFO >> num_unique_freqs
Aug 31 08:01:39 INFO >> ndetections
Aug 31 08:01:39 INFO >> nharm
Aug 31 08:01:39 INFO >> log_p_dm
Aug 31 08:01:39 INFO >> ['dm_sigma_FitGaussWidth_gauss_sigma', 'dm_sigma_FitGaussWidth_gauss_sigma_rel_err', 'dm_sigma_FitGaussWidth_ndof', 'dm_sigma_FitGaussWidth_rms_err']
Aug 31 08:01:39 INFO >> ['dm_sigma_FitGauss_amplitude', 'dm_sigma_FitGauss_mu', 'dm_sigma_FitGauss_gauss_sigma', 'dm_sigma_FitGauss_amplitude_rel_err', 'dm_sigma_FitGauss_mu_rel_err', 'dm_sigma_FitGauss_gauss_sigma_rel_err', 'dm_sigma_FitGauss_amplitude-detection', 'dm_sigma_FitGauss_mu-detection', 'dm_sigma_FitGauss_ndof', 'dm_sigma_FitGauss_rms_err']
Aug 31 08:01:39 INFO >> ['freq_sigma_FitGaussWidth_gauss_sigma', 'freq_sigma_FitGaussWidth_gauss_sigma_rel_err', 'freq_sigma_FitGaussWidth_ndof', 'freq_sigma_FitGaussWidth_rms_err']
Aug 31 08:01:39 INFO >> ['freq_sigma_FitGauss_amplitude', 'freq_sigma_FitGauss_mu', 'freq_sigma_FitGauss_gauss_sigma', 'freq_sigma_FitGauss_amplitude_rel_err', 'freq_sigma_FitGauss_mu_rel_err', 'freq_sigma_FitGauss_gauss_sigma_rel_err', 'freq_sigma_FitGauss_amplitude-detection', 'freq_sigma_FitGauss_mu-detection', 'freq_sigma_FitGauss_ndof', 'freq_sigma_FitGauss_rms_err']
Aug 31 08:01:40 INFO >> Performing searching on cumulative stack 315.95 49.23
Aug 31 08:01:40 INFO >> Loading the cumulative power spectra stack to search
Aug 31 08:02:37 INFO >> DM: 177.98845671716458
Aug 31 08:02:37 INFO >> sigma: 10.832160824530353
Aug 31 08:02:37 INFO >> frequency: 76.89817609053149
Aug 31 08:02:37 INFO >> Injecting 6 harmonics.
Aug 31 08:02:37 INFO >> Starting DM: 176.69159120505972
Aug 31 08:02:37 INFO >> Stopping DM: 179.32273746584525
Aug 31 08:02:37 INFO >> Expected detection at 11.44 sigma with 4 harmonics.
Aug 31 08:02:51 INFO >> Start searching 6558 dm trials using 32 harmonics.
Aug 31 08:02:57 INFO >> Moved power spectra to shared memory.
Aug 31 08:02:57 INFO >> Number of dm trials in single multi processing job: 10
Aug 31 08:03:37 INFO >> Total number of detections=15597
Aug 31 08:03:37 INFO >> Clustering the detections
Aug 31 08:03:37 INFO >> Starting clustering
Aug 31 08:03:37 INFO >> Rogue harmonic power filter reduced detections from 15597 to 8539
Aug 31 08:03:37 INFO >> Filtering out duplicate freq,dm detections at multiple nharms removes 793 detections
Aug 31 08:03:37 INFO >> Duplicate freq,dm filter reduced detections to 7746
Aug 31 08:03:37 INFO >> Number of detections over threshold sigma (6.0): 7746
Aug 31 08:03:37 INFO >> Grouping duplicate frequencies together first
Aug 31 08:03:37 INFO >> Grouping duplicate frequencies removed 7219 detections from the harmonic metric computation
Aug 31 08:03:37 INFO >> Starting freq-DM distance metric computation
Aug 31 08:03:37 INFO >> Finished freq-DM distance metric computation
Aug 31 08:03:38 INFO >> Largest group size for metric computation is 97
Aug 31 08:03:38 INFO >> Starting harmonic distance metric computation
Aug 31 08:03:38 INFO >> Finished harmonic distance metric computation
Aug 31 08:03:38 INFO >> Starting DBSCAN
Aug 31 08:03:39 INFO >> Finished DBSCAN
Aug 31 08:03:39 INFO >> Clusters found: 76
Aug 31 08:03:39 INFO >> Filtered 32 clusters below or equal 2 DM.
Aug 31 08:03:39 INFO >> Total number of candidate clusters=1
Aug 31 08:03:39 INFO >> Candidate Processor of stack (315.95 49.23)
Aug 31 08:03:39 INFO >> Making SinglePointingCandidates from a list of 1 PowerSpectraDetectionClusters
Aug 31 08:03:41 INFO >> saved candidates to ./results//injections/315.95_49.23_cumulative_power_spectra_stack_20220627_11_tpa.yml_(485,)_candidates.npz
Aug 31 08:03:41 INFO >> Injected Pulsars:     1
Aug 31 08:03:41 INFO >> Injection Candidates: 1
Aug 31 08:03:41 INFO >> Recovered Injections: 1
Aug 31 08:03:41 INFO >> 1 candidates.
Aug 31 08:03:41 INFO >> Best candidate: F0: 76.898 DM: 178.01 Sigma: 11.44
Aug 31 08:03:42 INFO >> Unlinked shared memory for cumulative stack.
Aug 31 08:03:42 INFO >> Pipeline execution time: 2.05 minutes
