Aug 31 13:04:40 INFO >> {"message": "Waiting for suitable server to become available", "selector": "Primary()", "operation": "find", "topologyDescription": "<TopologyDescription id: 66d314e89a81e303747bf4d6, topology_type: Unknown, servers: [<ServerDescription ('localhost', 27017) server_type: Unknown, rtt: None>]>", "clientId": {"$oid": "66d314e89a81e303747bf4d6"}, "remainingTimeMS": 29}
Aug 31 13:04:40 INFO >> Features initialized as the following:
Aug 31 13:04:40 INFO >> num_unique_dms
Aug 31 13:04:40 INFO >> num_unique_freqs
Aug 31 13:04:40 INFO >> ndetections
Aug 31 13:04:40 INFO >> nharm
Aug 31 13:04:40 INFO >> log_p_dm
Aug 31 13:04:40 INFO >> ['dm_sigma_FitGaussWidth_gauss_sigma', 'dm_sigma_FitGaussWidth_gauss_sigma_rel_err', 'dm_sigma_FitGaussWidth_ndof', 'dm_sigma_FitGaussWidth_rms_err']
Aug 31 13:04:40 INFO >> ['dm_sigma_FitGauss_amplitude', 'dm_sigma_FitGauss_mu', 'dm_sigma_FitGauss_gauss_sigma', 'dm_sigma_FitGauss_amplitude_rel_err', 'dm_sigma_FitGauss_mu_rel_err', 'dm_sigma_FitGauss_gauss_sigma_rel_err', 'dm_sigma_FitGauss_amplitude-detection', 'dm_sigma_FitGauss_mu-detection', 'dm_sigma_FitGauss_ndof', 'dm_sigma_FitGauss_rms_err']
Aug 31 13:04:40 INFO >> ['freq_sigma_FitGaussWidth_gauss_sigma', 'freq_sigma_FitGaussWidth_gauss_sigma_rel_err', 'freq_sigma_FitGaussWidth_ndof', 'freq_sigma_FitGaussWidth_rms_err']
Aug 31 13:04:40 INFO >> ['freq_sigma_FitGauss_amplitude', 'freq_sigma_FitGauss_mu', 'freq_sigma_FitGauss_gauss_sigma', 'freq_sigma_FitGauss_amplitude_rel_err', 'freq_sigma_FitGauss_mu_rel_err', 'freq_sigma_FitGauss_gauss_sigma_rel_err', 'freq_sigma_FitGauss_amplitude-detection', 'freq_sigma_FitGauss_mu-detection', 'freq_sigma_FitGauss_ndof', 'freq_sigma_FitGauss_rms_err']
Aug 31 13:04:40 INFO >> Performing searching on cumulative stack 315.95 49.23
Aug 31 13:04:40 INFO >> Loading the cumulative power spectra stack to search
Aug 31 13:05:37 INFO >> DM: 172.81985449343946
Aug 31 13:05:37 INFO >> sigma: 16.71038397226792
Aug 31 13:05:37 INFO >> frequency: 37.82699381799466
Aug 31 13:05:37 INFO >> Injecting 13 harmonics.
Aug 31 13:05:37 INFO >> Starting DM: 170.1137255530959
Aug 31 13:05:37 INFO >> Stopping DM: 175.5784139408812
Aug 31 13:05:37 INFO >> Expected detection at 12.46 sigma with 8 harmonics.
Aug 31 13:05:51 INFO >> Start searching 6558 dm trials using 32 harmonics.
Aug 31 13:05:57 INFO >> Moved power spectra to shared memory.
Aug 31 13:05:57 INFO >> Number of dm trials in single multi processing job: 10
Aug 31 13:06:37 INFO >> Total number of detections=15617
Aug 31 13:06:37 INFO >> Clustering the detections
Aug 31 13:06:37 INFO >> Starting clustering
Aug 31 13:06:37 INFO >> Rogue harmonic power filter reduced detections from 15617 to 8559
Aug 31 13:06:37 INFO >> Filtering out duplicate freq,dm detections at multiple nharms removes 802 detections
Aug 31 13:06:37 INFO >> Duplicate freq,dm filter reduced detections to 7757
Aug 31 13:06:37 INFO >> Number of detections over threshold sigma (6.0): 7757
Aug 31 13:06:37 INFO >> Grouping duplicate frequencies together first
Aug 31 13:06:37 INFO >> Grouping duplicate frequencies removed 7228 detections from the harmonic metric computation
Aug 31 13:06:37 INFO >> Starting freq-DM distance metric computation
Aug 31 13:06:38 INFO >> Finished freq-DM distance metric computation
Aug 31 13:06:38 INFO >> Largest group size for metric computation is 97
Aug 31 13:06:38 INFO >> Starting harmonic distance metric computation
Aug 31 13:06:39 INFO >> Finished harmonic distance metric computation
Aug 31 13:06:39 INFO >> Starting DBSCAN
Aug 31 13:06:39 INFO >> Finished DBSCAN
Aug 31 13:06:39 INFO >> Clusters found: 76
Aug 31 13:06:39 INFO >> Filtered 32 clusters below or equal 2 DM.
Aug 31 13:06:39 INFO >> Total number of candidate clusters=1
Aug 31 13:06:39 INFO >> Candidate Processor of stack (315.95 49.23)
Aug 31 13:06:39 INFO >> Making SinglePointingCandidates from a list of 1 PowerSpectraDetectionClusters
Aug 31 13:06:41 INFO >> saved candidates to ./results//injections/315.95_49.23_cumulative_power_spectra_stack_20220627_11_tpa.yml_(630,)_candidates.npz
Aug 31 13:06:41 INFO >> Injected Pulsars:     1
Aug 31 13:06:41 INFO >> Injection Candidates: 1
Aug 31 13:06:41 INFO >> Recovered Injections: 1
Aug 31 13:06:41 INFO >> 1 candidates.
Aug 31 13:06:41 INFO >> Best candidate: F0: 37.827 DM: 172.85 Sigma: 12.83
Aug 31 13:06:42 INFO >> Unlinked shared memory for cumulative stack.
Aug 31 13:06:42 INFO >> Pipeline execution time: 2.04 minutes
