Aug 31 10:40:29 INFO >> {"message": "Waiting for suitable server to become available", "selector": "Primary()", "operation": "find", "topologyDescription": "<TopologyDescription id: 66d2f31de530029de4bd3980, topology_type: Unknown, servers: [<ServerDescription ('localhost', 27017) server_type: Unknown, rtt: None>]>", "clientId": {"$oid": "66d2f31de530029de4bd3980"}, "remainingTimeMS": 29}
Aug 31 10:40:29 INFO >> Features initialized as the following:
Aug 31 10:40:29 INFO >> num_unique_dms
Aug 31 10:40:29 INFO >> num_unique_freqs
Aug 31 10:40:29 INFO >> ndetections
Aug 31 10:40:29 INFO >> nharm
Aug 31 10:40:29 INFO >> log_p_dm
Aug 31 10:40:29 INFO >> ['dm_sigma_FitGaussWidth_gauss_sigma', 'dm_sigma_FitGaussWidth_gauss_sigma_rel_err', 'dm_sigma_FitGaussWidth_ndof', 'dm_sigma_FitGaussWidth_rms_err']
Aug 31 10:40:29 INFO >> ['dm_sigma_FitGauss_amplitude', 'dm_sigma_FitGauss_mu', 'dm_sigma_FitGauss_gauss_sigma', 'dm_sigma_FitGauss_amplitude_rel_err', 'dm_sigma_FitGauss_mu_rel_err', 'dm_sigma_FitGauss_gauss_sigma_rel_err', 'dm_sigma_FitGauss_amplitude-detection', 'dm_sigma_FitGauss_mu-detection', 'dm_sigma_FitGauss_ndof', 'dm_sigma_FitGauss_rms_err']
Aug 31 10:40:29 INFO >> ['freq_sigma_FitGaussWidth_gauss_sigma', 'freq_sigma_FitGaussWidth_gauss_sigma_rel_err', 'freq_sigma_FitGaussWidth_ndof', 'freq_sigma_FitGaussWidth_rms_err']
Aug 31 10:40:29 INFO >> ['freq_sigma_FitGauss_amplitude', 'freq_sigma_FitGauss_mu', 'freq_sigma_FitGauss_gauss_sigma', 'freq_sigma_FitGauss_amplitude_rel_err', 'freq_sigma_FitGauss_mu_rel_err', 'freq_sigma_FitGauss_gauss_sigma_rel_err', 'freq_sigma_FitGauss_amplitude-detection', 'freq_sigma_FitGauss_mu-detection', 'freq_sigma_FitGauss_ndof', 'freq_sigma_FitGauss_rms_err']
Aug 31 10:40:29 INFO >> Performing searching on cumulative stack 315.95 49.23
Aug 31 10:40:29 INFO >> Loading the cumulative power spectra stack to search
Aug 31 10:41:28 INFO >> DM: 102.18367909598607
Aug 31 10:41:28 INFO >> sigma: 16.988234512892497
Aug 31 10:41:28 INFO >> frequency: 74.26317629774009
Aug 31 10:41:28 INFO >> Injecting 6 harmonics.
Aug 31 10:41:28 INFO >> Starting DM: 100.7931413747076
Aug 31 10:41:28 INFO >> Stopping DM: 103.52548556860027
Aug 31 10:41:28 INFO >> Expected detection at 16.11 sigma with 4 harmonics.
Aug 31 10:41:42 INFO >> Start searching 6558 dm trials using 32 harmonics.
Aug 31 10:41:47 INFO >> Moved power spectra to shared memory.
Aug 31 10:41:47 INFO >> Number of dm trials in single multi processing job: 10
Aug 31 10:42:28 INFO >> Total number of detections=15741
Aug 31 10:42:28 INFO >> Clustering the detections
Aug 31 10:42:28 INFO >> Starting clustering
Aug 31 10:42:28 INFO >> Rogue harmonic power filter reduced detections from 15741 to 8627
Aug 31 10:42:28 INFO >> Filtering out duplicate freq,dm detections at multiple nharms removes 824 detections
Aug 31 10:42:28 INFO >> Duplicate freq,dm filter reduced detections to 7803
Aug 31 10:42:28 INFO >> Number of detections over threshold sigma (6.0): 7803
Aug 31 10:42:28 INFO >> Grouping duplicate frequencies together first
Aug 31 10:42:28 INFO >> Grouping duplicate frequencies removed 7258 detections from the harmonic metric computation
Aug 31 10:42:28 INFO >> Starting freq-DM distance metric computation
Aug 31 10:42:28 INFO >> Finished freq-DM distance metric computation
Aug 31 10:42:29 INFO >> Largest group size for metric computation is 97
Aug 31 10:42:29 INFO >> Starting harmonic distance metric computation
Aug 31 10:42:29 INFO >> Finished harmonic distance metric computation
Aug 31 10:42:29 INFO >> Starting DBSCAN
Aug 31 10:42:29 INFO >> Finished DBSCAN
Aug 31 10:42:29 INFO >> Clusters found: 76
Aug 31 10:42:29 INFO >> Filtered 32 clusters below or equal 2 DM.
Aug 31 10:42:29 INFO >> Total number of candidate clusters=1
Aug 31 10:42:29 INFO >> Candidate Processor of stack (315.95 49.23)
Aug 31 10:42:29 INFO >> Making SinglePointingCandidates from a list of 1 PowerSpectraDetectionClusters
Aug 31 10:42:32 INFO >> saved candidates to ./results//injections/315.95_49.23_cumulative_power_spectra_stack_20220627_11_tpa.yml_(561,)_candidates.npz
Aug 31 10:42:32 INFO >> Injected Pulsars:     1
Aug 31 10:42:32 INFO >> Injection Candidates: 1
Aug 31 10:42:32 INFO >> Recovered Injections: 1
Aug 31 10:42:32 INFO >> 1 candidates.
Aug 31 10:42:32 INFO >> Best candidate: F0: 74.263 DM: 102.21 Sigma: 16.76
Aug 31 10:42:33 INFO >> Unlinked shared memory for cumulative stack.
Aug 31 10:42:33 INFO >> Pipeline execution time: 2.07 minutes
