Aug 31 16:08:32 INFO >> {"message": "Waiting for suitable server to become available", "selector": "Primary()", "operation": "find", "topologyDescription": "<TopologyDescription id: 66d34000fe09eed7c39495bc, topology_type: Unknown, servers: [<ServerDescription ('localhost', 27017) server_type: Unknown, rtt: None>]>", "clientId": {"$oid": "66d34000fe09eed7c39495bc"}, "remainingTimeMS": 29}
Aug 31 16:08:32 INFO >> Features initialized as the following:
Aug 31 16:08:32 INFO >> num_unique_dms
Aug 31 16:08:32 INFO >> num_unique_freqs
Aug 31 16:08:32 INFO >> ndetections
Aug 31 16:08:32 INFO >> nharm
Aug 31 16:08:32 INFO >> log_p_dm
Aug 31 16:08:32 INFO >> ['dm_sigma_FitGaussWidth_gauss_sigma', 'dm_sigma_FitGaussWidth_gauss_sigma_rel_err', 'dm_sigma_FitGaussWidth_ndof', 'dm_sigma_FitGaussWidth_rms_err']
Aug 31 16:08:32 INFO >> ['dm_sigma_FitGauss_amplitude', 'dm_sigma_FitGauss_mu', 'dm_sigma_FitGauss_gauss_sigma', 'dm_sigma_FitGauss_amplitude_rel_err', 'dm_sigma_FitGauss_mu_rel_err', 'dm_sigma_FitGauss_gauss_sigma_rel_err', 'dm_sigma_FitGauss_amplitude-detection', 'dm_sigma_FitGauss_mu-detection', 'dm_sigma_FitGauss_ndof', 'dm_sigma_FitGauss_rms_err']
Aug 31 16:08:32 INFO >> ['freq_sigma_FitGaussWidth_gauss_sigma', 'freq_sigma_FitGaussWidth_gauss_sigma_rel_err', 'freq_sigma_FitGaussWidth_ndof', 'freq_sigma_FitGaussWidth_rms_err']
Aug 31 16:08:32 INFO >> ['freq_sigma_FitGauss_amplitude', 'freq_sigma_FitGauss_mu', 'freq_sigma_FitGauss_gauss_sigma', 'freq_sigma_FitGauss_amplitude_rel_err', 'freq_sigma_FitGauss_mu_rel_err', 'freq_sigma_FitGauss_gauss_sigma_rel_err', 'freq_sigma_FitGauss_amplitude-detection', 'freq_sigma_FitGauss_mu-detection', 'freq_sigma_FitGauss_ndof', 'freq_sigma_FitGauss_rms_err']
Aug 31 16:08:32 INFO >> Performing searching on cumulative stack 315.95 49.23
Aug 31 16:08:32 INFO >> Loading the cumulative power spectra stack to search
Aug 31 16:09:29 INFO >> DM: 155.650493473153
Aug 31 16:09:29 INFO >> sigma: 16.29655602899928
Aug 31 16:09:29 INFO >> frequency: 35.75237802461127
Aug 31 16:09:29 INFO >> Injecting 14 harmonics.
Aug 31 16:09:29 INFO >> Starting DM: 152.8088789917756
Aug 31 16:09:29 INFO >> Stopping DM: 158.57716117888236
Aug 31 16:09:29 INFO >> Expected detection at 11.34 sigma with 8 harmonics.
Aug 31 16:09:43 INFO >> Start searching 6558 dm trials using 32 harmonics.
Aug 31 16:09:49 INFO >> Moved power spectra to shared memory.
Aug 31 16:09:49 INFO >> Number of dm trials in single multi processing job: 10
Aug 31 16:10:29 INFO >> Total number of detections=15594
Aug 31 16:10:29 INFO >> Clustering the detections
Aug 31 16:10:29 INFO >> Starting clustering
Aug 31 16:10:29 INFO >> Rogue harmonic power filter reduced detections from 15594 to 8536
Aug 31 16:10:29 INFO >> Filtering out duplicate freq,dm detections at multiple nharms removes 792 detections
Aug 31 16:10:29 INFO >> Duplicate freq,dm filter reduced detections to 7744
Aug 31 16:10:29 INFO >> Number of detections over threshold sigma (6.0): 7744
Aug 31 16:10:29 INFO >> Grouping duplicate frequencies together first
Aug 31 16:10:29 INFO >> Grouping duplicate frequencies removed 7218 detections from the harmonic metric computation
Aug 31 16:10:29 INFO >> Starting freq-DM distance metric computation
Aug 31 16:10:30 INFO >> Finished freq-DM distance metric computation
Aug 31 16:10:30 INFO >> Largest group size for metric computation is 97
Aug 31 16:10:30 INFO >> Starting harmonic distance metric computation
Aug 31 16:10:31 INFO >> Finished harmonic distance metric computation
Aug 31 16:10:31 INFO >> Starting DBSCAN
Aug 31 16:10:31 INFO >> Finished DBSCAN
Aug 31 16:10:31 INFO >> Clusters found: 76
Aug 31 16:10:31 INFO >> Filtered 32 clusters below or equal 2 DM.
Aug 31 16:10:31 INFO >> Total number of candidate clusters=1
Aug 31 16:10:31 INFO >> Candidate Processor of stack (315.95 49.23)
Aug 31 16:10:31 INFO >> Making SinglePointingCandidates from a list of 1 PowerSpectraDetectionClusters
Aug 31 16:10:33 INFO >> saved candidates to ./results//injections/315.95_49.23_cumulative_power_spectra_stack_20220627_11_tpa.yml_(718,)_candidates.npz
Aug 31 16:10:33 INFO >> Injected Pulsars:     1
Aug 31 16:10:33 INFO >> Injection Candidates: 1
Aug 31 16:10:33 INFO >> Recovered Injections: 1
Aug 31 16:10:33 INFO >> 1 candidates.
Aug 31 16:10:33 INFO >> Best candidate: F0: 35.752 DM: 155.64 Sigma: 11.70
Aug 31 16:10:34 INFO >> Unlinked shared memory for cumulative stack.
Aug 31 16:10:34 INFO >> Pipeline execution time: 2.04 minutes
