Aug 31 09:16:51 INFO >> {"message": "Waiting for suitable server to become available", "selector": "Primary()", "operation": "find", "topologyDescription": "<TopologyDescription id: 66d2df832a049cac4ea5931c, topology_type: Unknown, servers: [<ServerDescription ('localhost', 27017) server_type: Unknown, rtt: None>]>", "clientId": {"$oid": "66d2df832a049cac4ea5931c"}, "remainingTimeMS": 29}
Aug 31 09:16:51 INFO >> Features initialized as the following:
Aug 31 09:16:51 INFO >> num_unique_dms
Aug 31 09:16:51 INFO >> num_unique_freqs
Aug 31 09:16:51 INFO >> ndetections
Aug 31 09:16:51 INFO >> nharm
Aug 31 09:16:51 INFO >> log_p_dm
Aug 31 09:16:51 INFO >> ['dm_sigma_FitGaussWidth_gauss_sigma', 'dm_sigma_FitGaussWidth_gauss_sigma_rel_err', 'dm_sigma_FitGaussWidth_ndof', 'dm_sigma_FitGaussWidth_rms_err']
Aug 31 09:16:51 INFO >> ['dm_sigma_FitGauss_amplitude', 'dm_sigma_FitGauss_mu', 'dm_sigma_FitGauss_gauss_sigma', 'dm_sigma_FitGauss_amplitude_rel_err', 'dm_sigma_FitGauss_mu_rel_err', 'dm_sigma_FitGauss_gauss_sigma_rel_err', 'dm_sigma_FitGauss_amplitude-detection', 'dm_sigma_FitGauss_mu-detection', 'dm_sigma_FitGauss_ndof', 'dm_sigma_FitGauss_rms_err']
Aug 31 09:16:51 INFO >> ['freq_sigma_FitGaussWidth_gauss_sigma', 'freq_sigma_FitGaussWidth_gauss_sigma_rel_err', 'freq_sigma_FitGaussWidth_ndof', 'freq_sigma_FitGaussWidth_rms_err']
Aug 31 09:16:51 INFO >> ['freq_sigma_FitGauss_amplitude', 'freq_sigma_FitGauss_mu', 'freq_sigma_FitGauss_gauss_sigma', 'freq_sigma_FitGauss_amplitude_rel_err', 'freq_sigma_FitGauss_mu_rel_err', 'freq_sigma_FitGauss_gauss_sigma_rel_err', 'freq_sigma_FitGauss_amplitude-detection', 'freq_sigma_FitGauss_mu-detection', 'freq_sigma_FitGauss_ndof', 'freq_sigma_FitGauss_rms_err']
Aug 31 09:16:51 INFO >> Performing searching on cumulative stack 315.95 49.23
Aug 31 09:16:51 INFO >> Loading the cumulative power spectra stack to search
Aug 31 09:17:49 INFO >> DM: 199.4832359085954
Aug 31 09:17:49 INFO >> sigma: 9.291093633486312
Aug 31 09:17:49 INFO >> frequency: 47.1337813403056
Aug 31 09:17:49 INFO >> Injecting 10 harmonics.
Aug 31 09:17:49 INFO >> Starting DM: 197.33596955891548
Aug 31 09:17:49 INFO >> Stopping DM: 201.68748068252236
Aug 31 09:17:49 INFO >> Expected detection at 8.95 sigma with 8 harmonics.
Aug 31 09:18:03 INFO >> Start searching 6558 dm trials using 32 harmonics.
Aug 31 09:18:08 INFO >> Moved power spectra to shared memory.
Aug 31 09:18:08 INFO >> Number of dm trials in single multi processing job: 10
Aug 31 09:18:49 INFO >> Total number of detections=15615
Aug 31 09:18:49 INFO >> Clustering the detections
Aug 31 09:18:49 INFO >> Starting clustering
Aug 31 09:18:49 INFO >> Rogue harmonic power filter reduced detections from 15615 to 8556
Aug 31 09:18:49 INFO >> Filtering out duplicate freq,dm detections at multiple nharms removes 803 detections
Aug 31 09:18:49 INFO >> Duplicate freq,dm filter reduced detections to 7753
Aug 31 09:18:49 INFO >> Number of detections over threshold sigma (6.0): 7753
Aug 31 09:18:49 INFO >> Grouping duplicate frequencies together first
Aug 31 09:18:49 INFO >> Grouping duplicate frequencies removed 7226 detections from the harmonic metric computation
Aug 31 09:18:49 INFO >> Starting freq-DM distance metric computation
Aug 31 09:18:49 INFO >> Finished freq-DM distance metric computation
Aug 31 09:18:49 INFO >> Largest group size for metric computation is 97
Aug 31 09:18:49 INFO >> Starting harmonic distance metric computation
Aug 31 09:18:50 INFO >> Finished harmonic distance metric computation
Aug 31 09:18:50 INFO >> Starting DBSCAN
Aug 31 09:18:50 INFO >> Finished DBSCAN
Aug 31 09:18:50 INFO >> Clusters found: 76
Aug 31 09:18:50 INFO >> Filtered 32 clusters below or equal 2 DM.
Aug 31 09:18:50 INFO >> Total number of candidate clusters=1
Aug 31 09:18:50 INFO >> Candidate Processor of stack (315.95 49.23)
Aug 31 09:18:50 INFO >> Making SinglePointingCandidates from a list of 1 PowerSpectraDetectionClusters
Aug 31 09:18:52 INFO >> saved candidates to ./results//injections/315.95_49.23_cumulative_power_spectra_stack_20220627_11_tpa.yml_(521,)_candidates.npz
Aug 31 09:18:52 INFO >> Injected Pulsars:     1
Aug 31 09:18:52 INFO >> Injection Candidates: 1
Aug 31 09:18:52 INFO >> Recovered Injections: 1
Aug 31 09:18:52 INFO >> 1 candidates.
Aug 31 09:18:52 INFO >> Best candidate: F0: 47.134 DM: 199.46 Sigma: 9.61
Aug 31 09:18:54 INFO >> Unlinked shared memory for cumulative stack.
Aug 31 09:18:54 INFO >> Pipeline execution time: 2.05 minutes
