Aug 31 15:30:54 INFO >> {"message": "Waiting for suitable server to become available", "selector": "Primary()", "operation": "find", "topologyDescription": "<TopologyDescription id: 66d3372e96666bc113a26ca3, topology_type: Unknown, servers: [<ServerDescription ('localhost', 27017) server_type: Unknown, rtt: None>]>", "clientId": {"$oid": "66d3372e96666bc113a26ca3"}, "remainingTimeMS": 29}
Aug 31 15:30:54 INFO >> Features initialized as the following:
Aug 31 15:30:54 INFO >> num_unique_dms
Aug 31 15:30:54 INFO >> num_unique_freqs
Aug 31 15:30:54 INFO >> ndetections
Aug 31 15:30:54 INFO >> nharm
Aug 31 15:30:54 INFO >> log_p_dm
Aug 31 15:30:54 INFO >> ['dm_sigma_FitGaussWidth_gauss_sigma', 'dm_sigma_FitGaussWidth_gauss_sigma_rel_err', 'dm_sigma_FitGaussWidth_ndof', 'dm_sigma_FitGaussWidth_rms_err']
Aug 31 15:30:54 INFO >> ['dm_sigma_FitGauss_amplitude', 'dm_sigma_FitGauss_mu', 'dm_sigma_FitGauss_gauss_sigma', 'dm_sigma_FitGauss_amplitude_rel_err', 'dm_sigma_FitGauss_mu_rel_err', 'dm_sigma_FitGauss_gauss_sigma_rel_err', 'dm_sigma_FitGauss_amplitude-detection', 'dm_sigma_FitGauss_mu-detection', 'dm_sigma_FitGauss_ndof', 'dm_sigma_FitGauss_rms_err']
Aug 31 15:30:54 INFO >> ['freq_sigma_FitGaussWidth_gauss_sigma', 'freq_sigma_FitGaussWidth_gauss_sigma_rel_err', 'freq_sigma_FitGaussWidth_ndof', 'freq_sigma_FitGaussWidth_rms_err']
Aug 31 15:30:54 INFO >> ['freq_sigma_FitGauss_amplitude', 'freq_sigma_FitGauss_mu', 'freq_sigma_FitGauss_gauss_sigma', 'freq_sigma_FitGauss_amplitude_rel_err', 'freq_sigma_FitGauss_mu_rel_err', 'freq_sigma_FitGauss_gauss_sigma_rel_err', 'freq_sigma_FitGauss_amplitude-detection', 'freq_sigma_FitGauss_mu-detection', 'freq_sigma_FitGauss_ndof', 'freq_sigma_FitGauss_rms_err']
Aug 31 15:30:54 INFO >> Performing searching on cumulative stack 315.95 49.23
Aug 31 15:30:54 INFO >> Loading the cumulative power spectra stack to search
Aug 31 15:31:51 INFO >> DM: 19.40508270059094
Aug 31 15:31:51 INFO >> sigma: 12.303110843597693
Aug 31 15:31:51 INFO >> frequency: 62.86048758054777
Aug 31 15:31:51 INFO >> Injecting 8 harmonics.
Aug 31 15:31:51 INFO >> Starting DM: 17.81083622685596
Aug 31 15:31:51 INFO >> Stopping DM: 21.04917008628432
Aug 31 15:31:51 INFO >> Expected detection at 8.78 sigma with 8 harmonics.
Aug 31 15:32:05 INFO >> Start searching 6558 dm trials using 32 harmonics.
Aug 31 15:32:11 INFO >> Moved power spectra to shared memory.
Aug 31 15:32:11 INFO >> Number of dm trials in single multi processing job: 10
Aug 31 15:32:51 INFO >> Total number of detections=15582
Aug 31 15:32:51 INFO >> Clustering the detections
Aug 31 15:32:51 INFO >> Starting clustering
Aug 31 15:32:51 INFO >> Rogue harmonic power filter reduced detections from 15582 to 8524
Aug 31 15:32:51 INFO >> Filtering out duplicate freq,dm detections at multiple nharms removes 788 detections
Aug 31 15:32:51 INFO >> Duplicate freq,dm filter reduced detections to 7736
Aug 31 15:32:51 INFO >> Number of detections over threshold sigma (6.0): 7736
Aug 31 15:32:51 INFO >> Grouping duplicate frequencies together first
Aug 31 15:32:51 INFO >> Grouping duplicate frequencies removed 7215 detections from the harmonic metric computation
Aug 31 15:32:51 INFO >> Starting freq-DM distance metric computation
Aug 31 15:32:52 INFO >> Finished freq-DM distance metric computation
Aug 31 15:32:52 INFO >> Largest group size for metric computation is 97
Aug 31 15:32:52 INFO >> Starting harmonic distance metric computation
Aug 31 15:32:53 INFO >> Finished harmonic distance metric computation
Aug 31 15:32:53 INFO >> Starting DBSCAN
Aug 31 15:32:53 INFO >> Finished DBSCAN
Aug 31 15:32:53 INFO >> Clusters found: 75
Aug 31 15:32:53 INFO >> Filtered 32 clusters below or equal 2 DM.
Aug 31 15:32:53 INFO >> Total number of candidate clusters=0
Aug 31 15:32:53 INFO >> Candidate Processor of stack (315.95 49.23)
Aug 31 15:32:53 INFO >> Making SinglePointingCandidates from a list of 0 PowerSpectraDetectionClusters
Aug 31 15:32:55 INFO >> saved candidates to ./results//injections/315.95_49.23_cumulative_power_spectra_stack_20220627_11_tpa.yml_(700,)_candidates.npz
Aug 31 15:32:55 INFO >> Injected Pulsars:     1
Aug 31 15:32:55 INFO >> Injection Candidates: 0
Aug 31 15:32:55 INFO >> Recovered Injections: 0
Aug 31 15:32:55 INFO >> 0 candidates.
Aug 31 15:32:56 INFO >> Unlinked shared memory for cumulative stack.
Aug 31 15:32:56 INFO >> Pipeline execution time: 2.04 minutes
