Aug 31 02:54:18 INFO >> {"message": "Waiting for suitable server to become available", "selector": "Primary()", "operation": "find", "topologyDescription": "<TopologyDescription id: 66d285da87b2c78ebe0e6162, topology_type: Unknown, servers: [<ServerDescription ('localhost', 27017) server_type: Unknown, rtt: None>]>", "clientId": {"$oid": "66d285da87b2c78ebe0e6162"}, "remainingTimeMS": 29}
Aug 31 02:54:18 INFO >> Features initialized as the following:
Aug 31 02:54:18 INFO >> num_unique_dms
Aug 31 02:54:18 INFO >> num_unique_freqs
Aug 31 02:54:18 INFO >> ndetections
Aug 31 02:54:18 INFO >> nharm
Aug 31 02:54:18 INFO >> log_p_dm
Aug 31 02:54:18 INFO >> ['dm_sigma_FitGaussWidth_gauss_sigma', 'dm_sigma_FitGaussWidth_gauss_sigma_rel_err', 'dm_sigma_FitGaussWidth_ndof', 'dm_sigma_FitGaussWidth_rms_err']
Aug 31 02:54:18 INFO >> ['dm_sigma_FitGauss_amplitude', 'dm_sigma_FitGauss_mu', 'dm_sigma_FitGauss_gauss_sigma', 'dm_sigma_FitGauss_amplitude_rel_err', 'dm_sigma_FitGauss_mu_rel_err', 'dm_sigma_FitGauss_gauss_sigma_rel_err', 'dm_sigma_FitGauss_amplitude-detection', 'dm_sigma_FitGauss_mu-detection', 'dm_sigma_FitGauss_ndof', 'dm_sigma_FitGauss_rms_err']
Aug 31 02:54:18 INFO >> ['freq_sigma_FitGaussWidth_gauss_sigma', 'freq_sigma_FitGaussWidth_gauss_sigma_rel_err', 'freq_sigma_FitGaussWidth_ndof', 'freq_sigma_FitGaussWidth_rms_err']
Aug 31 02:54:18 INFO >> ['freq_sigma_FitGauss_amplitude', 'freq_sigma_FitGauss_mu', 'freq_sigma_FitGauss_gauss_sigma', 'freq_sigma_FitGauss_amplitude_rel_err', 'freq_sigma_FitGauss_mu_rel_err', 'freq_sigma_FitGauss_gauss_sigma_rel_err', 'freq_sigma_FitGauss_amplitude-detection', 'freq_sigma_FitGauss_mu-detection', 'freq_sigma_FitGauss_ndof', 'freq_sigma_FitGauss_rms_err']
Aug 31 02:54:18 INFO >> Performing searching on cumulative stack 315.95 49.23
Aug 31 02:54:18 INFO >> Loading the cumulative power spectra stack to search
Aug 31 02:55:15 INFO >> DM: 121.6760877038444
Aug 31 02:55:15 INFO >> sigma: 7.649020087488852
Aug 31 02:55:15 INFO >> frequency: 161.07114573908387
Aug 31 02:55:15 INFO >> Injecting 3 harmonics.
Aug 31 02:55:15 INFO >> Starting DM: 121.03272799613484
Aug 31 02:55:15 INFO >> Stopping DM: 122.3483011265276
Aug 31 02:55:15 INFO >> Expected detection at 3.87 sigma with 2 harmonics.
Aug 31 02:55:29 INFO >> Start searching 6558 dm trials using 32 harmonics.
Aug 31 02:55:35 INFO >> Moved power spectra to shared memory.
Aug 31 02:55:35 INFO >> Number of dm trials in single multi processing job: 10
Aug 31 02:56:16 INFO >> Total number of detections=15577
Aug 31 02:56:16 INFO >> Clustering the detections
Aug 31 02:56:16 INFO >> Starting clustering
Aug 31 02:56:16 INFO >> Rogue harmonic power filter reduced detections from 15577 to 8519
Aug 31 02:56:16 INFO >> Filtering out duplicate freq,dm detections at multiple nharms removes 787 detections
Aug 31 02:56:16 INFO >> Duplicate freq,dm filter reduced detections to 7732
Aug 31 02:56:16 INFO >> Number of detections over threshold sigma (6.0): 7732
Aug 31 02:56:16 INFO >> Grouping duplicate frequencies together first
Aug 31 02:56:16 INFO >> Grouping duplicate frequencies removed 7214 detections from the harmonic metric computation
Aug 31 02:56:16 INFO >> Starting freq-DM distance metric computation
Aug 31 02:56:16 INFO >> Finished freq-DM distance metric computation
Aug 31 02:56:16 INFO >> Largest group size for metric computation is 97
Aug 31 02:56:16 INFO >> Starting harmonic distance metric computation
Aug 31 02:56:17 INFO >> Finished harmonic distance metric computation
Aug 31 02:56:17 INFO >> Starting DBSCAN
Aug 31 02:56:17 INFO >> Finished DBSCAN
Aug 31 02:56:17 INFO >> Clusters found: 75
Aug 31 02:56:17 INFO >> Filtered 32 clusters below or equal 2 DM.
Aug 31 02:56:17 INFO >> Total number of candidate clusters=0
Aug 31 02:56:17 INFO >> Candidate Processor of stack (315.95 49.23)
Aug 31 02:56:17 INFO >> Making SinglePointingCandidates from a list of 0 PowerSpectraDetectionClusters
Aug 31 02:56:19 INFO >> saved candidates to ./results//injections/315.95_49.23_cumulative_power_spectra_stack_20220627_11_tpa.yml_(338,)_candidates.npz
Aug 31 02:56:19 INFO >> Injected Pulsars:     1
Aug 31 02:56:19 INFO >> Injection Candidates: 0
Aug 31 02:56:19 INFO >> Recovered Injections: 0
Aug 31 02:56:19 INFO >> 0 candidates.
Aug 31 02:56:21 INFO >> Unlinked shared memory for cumulative stack.
Aug 31 02:56:21 INFO >> Pipeline execution time: 2.05 minutes
