Aug 31 09:04:21 INFO >> {"message": "Waiting for suitable server to become available", "selector": "Primary()", "operation": "find", "topologyDescription": "<TopologyDescription id: 66d2dc9567f6a15ce20918a8, topology_type: Unknown, servers: [<ServerDescription ('localhost', 27017) server_type: Unknown, rtt: None>]>", "clientId": {"$oid": "66d2dc9567f6a15ce20918a8"}, "remainingTimeMS": 29}
Aug 31 09:04:21 INFO >> Features initialized as the following:
Aug 31 09:04:21 INFO >> num_unique_dms
Aug 31 09:04:21 INFO >> num_unique_freqs
Aug 31 09:04:21 INFO >> ndetections
Aug 31 09:04:21 INFO >> nharm
Aug 31 09:04:21 INFO >> log_p_dm
Aug 31 09:04:21 INFO >> ['dm_sigma_FitGaussWidth_gauss_sigma', 'dm_sigma_FitGaussWidth_gauss_sigma_rel_err', 'dm_sigma_FitGaussWidth_ndof', 'dm_sigma_FitGaussWidth_rms_err']
Aug 31 09:04:21 INFO >> ['dm_sigma_FitGauss_amplitude', 'dm_sigma_FitGauss_mu', 'dm_sigma_FitGauss_gauss_sigma', 'dm_sigma_FitGauss_amplitude_rel_err', 'dm_sigma_FitGauss_mu_rel_err', 'dm_sigma_FitGauss_gauss_sigma_rel_err', 'dm_sigma_FitGauss_amplitude-detection', 'dm_sigma_FitGauss_mu-detection', 'dm_sigma_FitGauss_ndof', 'dm_sigma_FitGauss_rms_err']
Aug 31 09:04:21 INFO >> ['freq_sigma_FitGaussWidth_gauss_sigma', 'freq_sigma_FitGaussWidth_gauss_sigma_rel_err', 'freq_sigma_FitGaussWidth_ndof', 'freq_sigma_FitGaussWidth_rms_err']
Aug 31 09:04:21 INFO >> ['freq_sigma_FitGauss_amplitude', 'freq_sigma_FitGauss_mu', 'freq_sigma_FitGauss_gauss_sigma', 'freq_sigma_FitGauss_amplitude_rel_err', 'freq_sigma_FitGauss_mu_rel_err', 'freq_sigma_FitGauss_gauss_sigma_rel_err', 'freq_sigma_FitGauss_amplitude-detection', 'freq_sigma_FitGauss_mu-detection', 'freq_sigma_FitGauss_ndof', 'freq_sigma_FitGauss_rms_err']
Aug 31 09:04:22 INFO >> Performing searching on cumulative stack 315.95 49.23
Aug 31 09:04:22 INFO >> Loading the cumulative power spectra stack to search
Aug 31 09:05:19 INFO >> DM: 145.6887040854482
Aug 31 09:05:19 INFO >> sigma: 13.633603971437399
Aug 31 09:05:19 INFO >> frequency: 195.06882581249823
Aug 31 09:05:19 INFO >> Injecting 2 harmonics.
Aug 31 09:05:19 INFO >> Starting DM: 145.11783607563325
Aug 31 09:05:19 INFO >> Stopping DM: 146.2310133398117
Aug 31 09:05:19 INFO >> Expected detection at 7.76 sigma with 2 harmonics.
Aug 31 09:05:33 INFO >> Start searching 6558 dm trials using 32 harmonics.
Aug 31 09:05:38 INFO >> Moved power spectra to shared memory.
Aug 31 09:05:38 INFO >> Number of dm trials in single multi processing job: 10
Aug 31 09:06:19 INFO >> Total number of detections=15583
Aug 31 09:06:19 INFO >> Clustering the detections
Aug 31 09:06:19 INFO >> Starting clustering
Aug 31 09:06:19 INFO >> Rogue harmonic power filter reduced detections from 15583 to 8525
Aug 31 09:06:19 INFO >> Filtering out duplicate freq,dm detections at multiple nharms removes 787 detections
Aug 31 09:06:19 INFO >> Duplicate freq,dm filter reduced detections to 7738
Aug 31 09:06:19 INFO >> Number of detections over threshold sigma (6.0): 7738
Aug 31 09:06:19 INFO >> Grouping duplicate frequencies together first
Aug 31 09:06:19 INFO >> Grouping duplicate frequencies removed 7216 detections from the harmonic metric computation
Aug 31 09:06:19 INFO >> Starting freq-DM distance metric computation
Aug 31 09:06:19 INFO >> Finished freq-DM distance metric computation
Aug 31 09:06:20 INFO >> Largest group size for metric computation is 97
Aug 31 09:06:20 INFO >> Starting harmonic distance metric computation
Aug 31 09:06:20 INFO >> Finished harmonic distance metric computation
Aug 31 09:06:20 INFO >> Starting DBSCAN
Aug 31 09:06:20 INFO >> Finished DBSCAN
Aug 31 09:06:20 INFO >> Clusters found: 76
Aug 31 09:06:20 INFO >> Filtered 32 clusters below or equal 2 DM.
Aug 31 09:06:20 INFO >> Total number of candidate clusters=1
Aug 31 09:06:20 INFO >> Candidate Processor of stack (315.95 49.23)
Aug 31 09:06:20 INFO >> Making SinglePointingCandidates from a list of 1 PowerSpectraDetectionClusters
Aug 31 09:06:23 INFO >> saved candidates to ./results//injections/315.95_49.23_cumulative_power_spectra_stack_20220627_11_tpa.yml_(515,)_candidates.npz
Aug 31 09:06:23 INFO >> Injected Pulsars:     1
Aug 31 09:06:23 INFO >> Injection Candidates: 1
Aug 31 09:06:23 INFO >> Recovered Injections: 1
Aug 31 09:06:23 INFO >> 1 candidates.
Aug 31 09:06:23 INFO >> Best candidate: F0: 195.068 DM: 145.73 Sigma: 7.33
Aug 31 09:06:24 INFO >> Unlinked shared memory for cumulative stack.
Aug 31 09:06:24 INFO >> Pipeline execution time: 2.04 minutes
