Aug 31 04:07:30 INFO >> {"message": "Waiting for suitable server to become available", "selector": "Primary()", "operation": "find", "topologyDescription": "<TopologyDescription id: 66d29702f6d3ae33ba561297, topology_type: Unknown, servers: [<ServerDescription ('localhost', 27017) server_type: Unknown, rtt: None>]>", "clientId": {"$oid": "66d29702f6d3ae33ba561297"}, "remainingTimeMS": 29}
Aug 31 04:07:30 INFO >> Features initialized as the following:
Aug 31 04:07:30 INFO >> num_unique_dms
Aug 31 04:07:30 INFO >> num_unique_freqs
Aug 31 04:07:30 INFO >> ndetections
Aug 31 04:07:30 INFO >> nharm
Aug 31 04:07:30 INFO >> log_p_dm
Aug 31 04:07:30 INFO >> ['dm_sigma_FitGaussWidth_gauss_sigma', 'dm_sigma_FitGaussWidth_gauss_sigma_rel_err', 'dm_sigma_FitGaussWidth_ndof', 'dm_sigma_FitGaussWidth_rms_err']
Aug 31 04:07:30 INFO >> ['dm_sigma_FitGauss_amplitude', 'dm_sigma_FitGauss_mu', 'dm_sigma_FitGauss_gauss_sigma', 'dm_sigma_FitGauss_amplitude_rel_err', 'dm_sigma_FitGauss_mu_rel_err', 'dm_sigma_FitGauss_gauss_sigma_rel_err', 'dm_sigma_FitGauss_amplitude-detection', 'dm_sigma_FitGauss_mu-detection', 'dm_sigma_FitGauss_ndof', 'dm_sigma_FitGauss_rms_err']
Aug 31 04:07:30 INFO >> ['freq_sigma_FitGaussWidth_gauss_sigma', 'freq_sigma_FitGaussWidth_gauss_sigma_rel_err', 'freq_sigma_FitGaussWidth_ndof', 'freq_sigma_FitGaussWidth_rms_err']
Aug 31 04:07:30 INFO >> ['freq_sigma_FitGauss_amplitude', 'freq_sigma_FitGauss_mu', 'freq_sigma_FitGauss_gauss_sigma', 'freq_sigma_FitGauss_amplitude_rel_err', 'freq_sigma_FitGauss_mu_rel_err', 'freq_sigma_FitGauss_gauss_sigma_rel_err', 'freq_sigma_FitGauss_amplitude-detection', 'freq_sigma_FitGauss_mu-detection', 'freq_sigma_FitGauss_ndof', 'freq_sigma_FitGauss_rms_err']
Aug 31 04:07:30 INFO >> Performing searching on cumulative stack 315.95 49.23
Aug 31 04:07:30 INFO >> Loading the cumulative power spectra stack to search
Aug 31 04:08:27 INFO >> DM: 42.98783248541252
Aug 31 04:08:27 INFO >> sigma: 11.490688402294708
Aug 31 04:08:27 INFO >> frequency: 29.309920575389523
Aug 31 04:08:27 INFO >> Injecting 17 harmonics.
Aug 31 04:08:27 INFO >> Starting DM: 39.467193911783106
Aug 31 04:08:27 INFO >> Stopping DM: 46.44985129617549
Aug 31 04:08:27 INFO >> Expected detection at 9.72 sigma with 16 harmonics.
Aug 31 04:08:41 INFO >> Start searching 6558 dm trials using 32 harmonics.
Aug 31 04:08:47 INFO >> Moved power spectra to shared memory.
Aug 31 04:08:47 INFO >> Number of dm trials in single multi processing job: 10
Aug 31 04:09:28 INFO >> Total number of detections=15605
Aug 31 04:09:28 INFO >> Clustering the detections
Aug 31 04:09:28 INFO >> Starting clustering
Aug 31 04:09:28 INFO >> Rogue harmonic power filter reduced detections from 15605 to 8547
Aug 31 04:09:28 INFO >> Filtering out duplicate freq,dm detections at multiple nharms removes 794 detections
Aug 31 04:09:28 INFO >> Duplicate freq,dm filter reduced detections to 7753
Aug 31 04:09:28 INFO >> Number of detections over threshold sigma (6.0): 7753
Aug 31 04:09:28 INFO >> Grouping duplicate frequencies together first
Aug 31 04:09:28 INFO >> Grouping duplicate frequencies removed 7228 detections from the harmonic metric computation
Aug 31 04:09:28 INFO >> Starting freq-DM distance metric computation
Aug 31 04:09:28 INFO >> Finished freq-DM distance metric computation
Aug 31 04:09:29 INFO >> Largest group size for metric computation is 97
Aug 31 04:09:29 INFO >> Starting harmonic distance metric computation
Aug 31 04:09:29 INFO >> Finished harmonic distance metric computation
Aug 31 04:09:29 INFO >> Starting DBSCAN
Aug 31 04:09:29 INFO >> Finished DBSCAN
Aug 31 04:09:29 INFO >> Clusters found: 76
Aug 31 04:09:29 INFO >> Filtered 32 clusters below or equal 2 DM.
Aug 31 04:09:29 INFO >> Total number of candidate clusters=1
Aug 31 04:09:29 INFO >> Candidate Processor of stack (315.95 49.23)
Aug 31 04:09:29 INFO >> Making SinglePointingCandidates from a list of 1 PowerSpectraDetectionClusters
Aug 31 04:09:32 INFO >> saved candidates to ./results//injections/315.95_49.23_cumulative_power_spectra_stack_20220627_11_tpa.yml_(373,)_candidates.npz
Aug 31 04:09:32 INFO >> Injected Pulsars:     1
Aug 31 04:09:32 INFO >> Injection Candidates: 1
Aug 31 04:09:32 INFO >> Recovered Injections: 1
Aug 31 04:09:32 INFO >> 1 candidates.
Aug 31 04:09:32 INFO >> Best candidate: F0: 29.310 DM: 43.01 Sigma: 9.34
Aug 31 04:09:33 INFO >> Unlinked shared memory for cumulative stack.
Aug 31 04:09:33 INFO >> Pipeline execution time: 2.06 minutes
