Aug 31 04:22:07 INFO >> {"message": "Waiting for suitable server to become available", "selector": "Primary()", "operation": "find", "topologyDescription": "<TopologyDescription id: 66d29a6f0ec1e12f5a2a9fe9, topology_type: Unknown, servers: [<ServerDescription ('localhost', 27017) server_type: Unknown, rtt: None>]>", "clientId": {"$oid": "66d29a6f0ec1e12f5a2a9fe9"}, "remainingTimeMS": 29}
Aug 31 04:22:07 INFO >> Features initialized as the following:
Aug 31 04:22:07 INFO >> num_unique_dms
Aug 31 04:22:07 INFO >> num_unique_freqs
Aug 31 04:22:07 INFO >> ndetections
Aug 31 04:22:07 INFO >> nharm
Aug 31 04:22:07 INFO >> log_p_dm
Aug 31 04:22:07 INFO >> ['dm_sigma_FitGaussWidth_gauss_sigma', 'dm_sigma_FitGaussWidth_gauss_sigma_rel_err', 'dm_sigma_FitGaussWidth_ndof', 'dm_sigma_FitGaussWidth_rms_err']
Aug 31 04:22:07 INFO >> ['dm_sigma_FitGauss_amplitude', 'dm_sigma_FitGauss_mu', 'dm_sigma_FitGauss_gauss_sigma', 'dm_sigma_FitGauss_amplitude_rel_err', 'dm_sigma_FitGauss_mu_rel_err', 'dm_sigma_FitGauss_gauss_sigma_rel_err', 'dm_sigma_FitGauss_amplitude-detection', 'dm_sigma_FitGauss_mu-detection', 'dm_sigma_FitGauss_ndof', 'dm_sigma_FitGauss_rms_err']
Aug 31 04:22:07 INFO >> ['freq_sigma_FitGaussWidth_gauss_sigma', 'freq_sigma_FitGaussWidth_gauss_sigma_rel_err', 'freq_sigma_FitGaussWidth_ndof', 'freq_sigma_FitGaussWidth_rms_err']
Aug 31 04:22:07 INFO >> ['freq_sigma_FitGauss_amplitude', 'freq_sigma_FitGauss_mu', 'freq_sigma_FitGauss_gauss_sigma', 'freq_sigma_FitGauss_amplitude_rel_err', 'freq_sigma_FitGauss_mu_rel_err', 'freq_sigma_FitGauss_gauss_sigma_rel_err', 'freq_sigma_FitGauss_amplitude-detection', 'freq_sigma_FitGauss_mu-detection', 'freq_sigma_FitGauss_ndof', 'freq_sigma_FitGauss_rms_err']
Aug 31 04:22:08 INFO >> Performing searching on cumulative stack 315.95 49.23
Aug 31 04:22:08 INFO >> Loading the cumulative power spectra stack to search
Aug 31 04:23:05 INFO >> DM: 108.32666264868422
Aug 31 04:23:05 INFO >> sigma: 9.771773819942567
Aug 31 04:23:05 INFO >> frequency: 16.17580801171477
Aug 31 04:23:05 INFO >> Injecting 31 harmonics.
Aug 31 04:23:05 INFO >> Starting DM: 102.00751657199324
Aug 31 04:23:05 INFO >> Stopping DM: 114.65725821038525
Aug 31 04:23:05 INFO >> Expected detection at 9.49 sigma with 8 harmonics.
Aug 31 04:23:19 INFO >> Start searching 6558 dm trials using 32 harmonics.
Aug 31 04:23:25 INFO >> Moved power spectra to shared memory.
Aug 31 04:23:25 INFO >> Number of dm trials in single multi processing job: 10
Aug 31 04:24:06 INFO >> Total number of detections=15637
Aug 31 04:24:06 INFO >> Clustering the detections
Aug 31 04:24:06 INFO >> Starting clustering
Aug 31 04:24:06 INFO >> Rogue harmonic power filter reduced detections from 15637 to 8579
Aug 31 04:24:06 INFO >> Filtering out duplicate freq,dm detections at multiple nharms removes 810 detections
Aug 31 04:24:06 INFO >> Duplicate freq,dm filter reduced detections to 7769
Aug 31 04:24:06 INFO >> Number of detections over threshold sigma (6.0): 7769
Aug 31 04:24:06 INFO >> Grouping duplicate frequencies together first
Aug 31 04:24:06 INFO >> Grouping duplicate frequencies removed 7243 detections from the harmonic metric computation
Aug 31 04:24:06 INFO >> Starting freq-DM distance metric computation
Aug 31 04:24:07 INFO >> Finished freq-DM distance metric computation
Aug 31 04:24:07 INFO >> Largest group size for metric computation is 97
Aug 31 04:24:07 INFO >> Starting harmonic distance metric computation
Aug 31 04:24:08 INFO >> Finished harmonic distance metric computation
Aug 31 04:24:08 INFO >> Starting DBSCAN
Aug 31 04:24:08 INFO >> Finished DBSCAN
Aug 31 04:24:08 INFO >> Clusters found: 76
Aug 31 04:24:08 INFO >> Filtered 32 clusters below or equal 2 DM.
Aug 31 04:24:08 INFO >> Total number of candidate clusters=1
Aug 31 04:24:08 INFO >> Candidate Processor of stack (315.95 49.23)
Aug 31 04:24:08 INFO >> Making SinglePointingCandidates from a list of 1 PowerSpectraDetectionClusters
Aug 31 04:24:10 INFO >> saved candidates to ./results//injections/315.95_49.23_cumulative_power_spectra_stack_20220627_11_tpa.yml_(380,)_candidates.npz
Aug 31 04:24:10 INFO >> Injected Pulsars:     1
Aug 31 04:24:10 INFO >> Injection Candidates: 1
Aug 31 04:24:10 INFO >> Recovered Injections: 1
Aug 31 04:24:10 INFO >> 1 candidates.
Aug 31 04:24:10 INFO >> Best candidate: F0: 16.176 DM: 108.38 Sigma: 8.84
Aug 31 04:24:11 INFO >> Unlinked shared memory for cumulative stack.
Aug 31 04:24:11 INFO >> Pipeline execution time: 2.07 minutes
