Aug 31 15:37:09 INFO >> {"message": "Waiting for suitable server to become available", "selector": "Primary()", "operation": "find", "topologyDescription": "<TopologyDescription id: 66d338a5518ef7213db14a74, topology_type: Unknown, servers: [<ServerDescription ('localhost', 27017) server_type: Unknown, rtt: None>]>", "clientId": {"$oid": "66d338a5518ef7213db14a74"}, "remainingTimeMS": 29}
Aug 31 15:37:09 INFO >> Features initialized as the following:
Aug 31 15:37:09 INFO >> num_unique_dms
Aug 31 15:37:09 INFO >> num_unique_freqs
Aug 31 15:37:09 INFO >> ndetections
Aug 31 15:37:09 INFO >> nharm
Aug 31 15:37:09 INFO >> log_p_dm
Aug 31 15:37:09 INFO >> ['dm_sigma_FitGaussWidth_gauss_sigma', 'dm_sigma_FitGaussWidth_gauss_sigma_rel_err', 'dm_sigma_FitGaussWidth_ndof', 'dm_sigma_FitGaussWidth_rms_err']
Aug 31 15:37:09 INFO >> ['dm_sigma_FitGauss_amplitude', 'dm_sigma_FitGauss_mu', 'dm_sigma_FitGauss_gauss_sigma', 'dm_sigma_FitGauss_amplitude_rel_err', 'dm_sigma_FitGauss_mu_rel_err', 'dm_sigma_FitGauss_gauss_sigma_rel_err', 'dm_sigma_FitGauss_amplitude-detection', 'dm_sigma_FitGauss_mu-detection', 'dm_sigma_FitGauss_ndof', 'dm_sigma_FitGauss_rms_err']
Aug 31 15:37:09 INFO >> ['freq_sigma_FitGaussWidth_gauss_sigma', 'freq_sigma_FitGaussWidth_gauss_sigma_rel_err', 'freq_sigma_FitGaussWidth_ndof', 'freq_sigma_FitGaussWidth_rms_err']
Aug 31 15:37:09 INFO >> ['freq_sigma_FitGauss_amplitude', 'freq_sigma_FitGauss_mu', 'freq_sigma_FitGauss_gauss_sigma', 'freq_sigma_FitGauss_amplitude_rel_err', 'freq_sigma_FitGauss_mu_rel_err', 'freq_sigma_FitGauss_gauss_sigma_rel_err', 'freq_sigma_FitGauss_amplitude-detection', 'freq_sigma_FitGauss_mu-detection', 'freq_sigma_FitGauss_ndof', 'freq_sigma_FitGauss_rms_err']
Aug 31 15:37:10 INFO >> Performing searching on cumulative stack 315.95 49.23
Aug 31 15:37:10 INFO >> Loading the cumulative power spectra stack to search
Aug 31 15:38:07 INFO >> DM: 187.54407099678866
Aug 31 15:38:07 INFO >> sigma: 15.120326423760762
Aug 31 15:38:07 INFO >> frequency: 47.03276114833315
Aug 31 15:38:07 INFO >> Injecting 10 harmonics.
Aug 31 15:38:07 INFO >> Starting DM: 185.39461345227343
Aug 31 15:38:07 INFO >> Stopping DM: 189.74612457588026
Aug 31 15:38:07 INFO >> Expected detection at 11.43 sigma with 8 harmonics.
Aug 31 15:38:21 INFO >> Start searching 6558 dm trials using 32 harmonics.
Aug 31 15:38:26 INFO >> Moved power spectra to shared memory.
Aug 31 15:38:26 INFO >> Number of dm trials in single multi processing job: 10
Aug 31 15:39:07 INFO >> Total number of detections=15590
Aug 31 15:39:07 INFO >> Clustering the detections
Aug 31 15:39:07 INFO >> Starting clustering
Aug 31 15:39:07 INFO >> Rogue harmonic power filter reduced detections from 15590 to 8532
Aug 31 15:39:07 INFO >> Filtering out duplicate freq,dm detections at multiple nharms removes 791 detections
Aug 31 15:39:07 INFO >> Duplicate freq,dm filter reduced detections to 7741
Aug 31 15:39:07 INFO >> Number of detections over threshold sigma (6.0): 7741
Aug 31 15:39:07 INFO >> Grouping duplicate frequencies together first
Aug 31 15:39:07 INFO >> Grouping duplicate frequencies removed 7217 detections from the harmonic metric computation
Aug 31 15:39:07 INFO >> Starting freq-DM distance metric computation
Aug 31 15:39:07 INFO >> Finished freq-DM distance metric computation
Aug 31 15:39:08 INFO >> Largest group size for metric computation is 97
Aug 31 15:39:08 INFO >> Starting harmonic distance metric computation
Aug 31 15:39:08 INFO >> Finished harmonic distance metric computation
Aug 31 15:39:08 INFO >> Starting DBSCAN
Aug 31 15:39:08 INFO >> Finished DBSCAN
Aug 31 15:39:08 INFO >> Clusters found: 76
Aug 31 15:39:08 INFO >> Filtered 32 clusters below or equal 2 DM.
Aug 31 15:39:08 INFO >> Total number of candidate clusters=1
Aug 31 15:39:08 INFO >> Candidate Processor of stack (315.95 49.23)
Aug 31 15:39:08 INFO >> Making SinglePointingCandidates from a list of 1 PowerSpectraDetectionClusters
Aug 31 15:39:11 INFO >> saved candidates to ./results//injections/315.95_49.23_cumulative_power_spectra_stack_20220627_11_tpa.yml_(703,)_candidates.npz
Aug 31 15:39:11 INFO >> Injected Pulsars:     1
Aug 31 15:39:11 INFO >> Injection Candidates: 1
Aug 31 15:39:11 INFO >> Recovered Injections: 1
Aug 31 15:39:11 INFO >> 1 candidates.
Aug 31 15:39:11 INFO >> Best candidate: F0: 47.033 DM: 187.52 Sigma: 11.23
Aug 31 15:39:12 INFO >> Unlinked shared memory for cumulative stack.
Aug 31 15:39:12 INFO >> Pipeline execution time: 2.04 minutes
