Aug 31 08:41:19 INFO >> {"message": "Waiting for suitable server to become available", "selector": "Primary()", "operation": "find", "topologyDescription": "<TopologyDescription id: 66d2d72f8c1b7c11ab2fb97a, topology_type: Unknown, servers: [<ServerDescription ('localhost', 27017) server_type: Unknown, rtt: None>]>", "clientId": {"$oid": "66d2d72f8c1b7c11ab2fb97a"}, "remainingTimeMS": 29}
Aug 31 08:41:19 INFO >> Features initialized as the following:
Aug 31 08:41:19 INFO >> num_unique_dms
Aug 31 08:41:19 INFO >> num_unique_freqs
Aug 31 08:41:19 INFO >> ndetections
Aug 31 08:41:19 INFO >> nharm
Aug 31 08:41:19 INFO >> log_p_dm
Aug 31 08:41:19 INFO >> ['dm_sigma_FitGaussWidth_gauss_sigma', 'dm_sigma_FitGaussWidth_gauss_sigma_rel_err', 'dm_sigma_FitGaussWidth_ndof', 'dm_sigma_FitGaussWidth_rms_err']
Aug 31 08:41:19 INFO >> ['dm_sigma_FitGauss_amplitude', 'dm_sigma_FitGauss_mu', 'dm_sigma_FitGauss_gauss_sigma', 'dm_sigma_FitGauss_amplitude_rel_err', 'dm_sigma_FitGauss_mu_rel_err', 'dm_sigma_FitGauss_gauss_sigma_rel_err', 'dm_sigma_FitGauss_amplitude-detection', 'dm_sigma_FitGauss_mu-detection', 'dm_sigma_FitGauss_ndof', 'dm_sigma_FitGauss_rms_err']
Aug 31 08:41:19 INFO >> ['freq_sigma_FitGaussWidth_gauss_sigma', 'freq_sigma_FitGaussWidth_gauss_sigma_rel_err', 'freq_sigma_FitGaussWidth_ndof', 'freq_sigma_FitGaussWidth_rms_err']
Aug 31 08:41:19 INFO >> ['freq_sigma_FitGauss_amplitude', 'freq_sigma_FitGauss_mu', 'freq_sigma_FitGauss_gauss_sigma', 'freq_sigma_FitGauss_amplitude_rel_err', 'freq_sigma_FitGauss_mu_rel_err', 'freq_sigma_FitGauss_gauss_sigma_rel_err', 'freq_sigma_FitGauss_amplitude-detection', 'freq_sigma_FitGauss_mu-detection', 'freq_sigma_FitGauss_ndof', 'freq_sigma_FitGauss_rms_err']
Aug 31 08:41:20 INFO >> Performing searching on cumulative stack 315.95 49.23
Aug 31 08:41:20 INFO >> Loading the cumulative power spectra stack to search
Aug 31 08:42:17 INFO >> DM: 37.07092699849465
Aug 31 08:42:17 INFO >> sigma: 12.61673786103431
Aug 31 08:42:17 INFO >> frequency: 114.2804822064362
Aug 31 08:42:17 INFO >> Injecting 4 harmonics.
Aug 31 08:42:17 INFO >> Starting DM: 36.1276621192476
Aug 31 08:42:17 INFO >> Stopping DM: 37.94922491517605
Aug 31 08:42:17 INFO >> Expected detection at 8.07 sigma with 4 harmonics.
Aug 31 08:42:31 INFO >> Start searching 6558 dm trials using 32 harmonics.
Aug 31 08:42:37 INFO >> Moved power spectra to shared memory.
Aug 31 08:42:37 INFO >> Number of dm trials in single multi processing job: 10
Aug 31 08:43:17 INFO >> Total number of detections=15591
Aug 31 08:43:17 INFO >> Clustering the detections
Aug 31 08:43:17 INFO >> Starting clustering
Aug 31 08:43:17 INFO >> Rogue harmonic power filter reduced detections from 15591 to 8533
Aug 31 08:43:17 INFO >> Filtering out duplicate freq,dm detections at multiple nharms removes 790 detections
Aug 31 08:43:17 INFO >> Duplicate freq,dm filter reduced detections to 7743
Aug 31 08:43:17 INFO >> Number of detections over threshold sigma (6.0): 7743
Aug 31 08:43:17 INFO >> Grouping duplicate frequencies together first
Aug 31 08:43:17 INFO >> Grouping duplicate frequencies removed 7220 detections from the harmonic metric computation
Aug 31 08:43:17 INFO >> Starting freq-DM distance metric computation
Aug 31 08:43:17 INFO >> Finished freq-DM distance metric computation
Aug 31 08:43:18 INFO >> Largest group size for metric computation is 97
Aug 31 08:43:18 INFO >> Starting harmonic distance metric computation
Aug 31 08:43:18 INFO >> Finished harmonic distance metric computation
Aug 31 08:43:18 INFO >> Starting DBSCAN
Aug 31 08:43:19 INFO >> Finished DBSCAN
Aug 31 08:43:19 INFO >> Clusters found: 76
Aug 31 08:43:19 INFO >> Filtered 32 clusters below or equal 2 DM.
Aug 31 08:43:19 INFO >> Total number of candidate clusters=1
Aug 31 08:43:19 INFO >> Candidate Processor of stack (315.95 49.23)
Aug 31 08:43:19 INFO >> Making SinglePointingCandidates from a list of 1 PowerSpectraDetectionClusters
Aug 31 08:43:21 INFO >> saved candidates to ./results//injections/315.95_49.23_cumulative_power_spectra_stack_20220627_11_tpa.yml_(504,)_candidates.npz
Aug 31 08:43:21 INFO >> Injected Pulsars:     1
Aug 31 08:43:21 INFO >> Injection Candidates: 1
Aug 31 08:43:21 INFO >> Recovered Injections: 1
Aug 31 08:43:21 INFO >> 1 candidates.
Aug 31 08:43:21 INFO >> Best candidate: F0: 114.280 DM: 37.04 Sigma: 8.18
Aug 31 08:43:22 INFO >> Unlinked shared memory for cumulative stack.
Aug 31 08:43:22 INFO >> Pipeline execution time: 2.05 minutes
