Aug 31 05:10:14 INFO >> {"message": "Waiting for suitable server to become available", "selector": "Primary()", "operation": "find", "topologyDescription": "<TopologyDescription id: 66d2a5b63b26862c0f6d1d44, topology_type: Unknown, servers: [<ServerDescription ('localhost', 27017) server_type: Unknown, rtt: None>]>", "clientId": {"$oid": "66d2a5b63b26862c0f6d1d44"}, "remainingTimeMS": 29}
Aug 31 05:10:14 INFO >> Features initialized as the following:
Aug 31 05:10:14 INFO >> num_unique_dms
Aug 31 05:10:14 INFO >> num_unique_freqs
Aug 31 05:10:14 INFO >> ndetections
Aug 31 05:10:14 INFO >> nharm
Aug 31 05:10:14 INFO >> log_p_dm
Aug 31 05:10:14 INFO >> ['dm_sigma_FitGaussWidth_gauss_sigma', 'dm_sigma_FitGaussWidth_gauss_sigma_rel_err', 'dm_sigma_FitGaussWidth_ndof', 'dm_sigma_FitGaussWidth_rms_err']
Aug 31 05:10:14 INFO >> ['dm_sigma_FitGauss_amplitude', 'dm_sigma_FitGauss_mu', 'dm_sigma_FitGauss_gauss_sigma', 'dm_sigma_FitGauss_amplitude_rel_err', 'dm_sigma_FitGauss_mu_rel_err', 'dm_sigma_FitGauss_gauss_sigma_rel_err', 'dm_sigma_FitGauss_amplitude-detection', 'dm_sigma_FitGauss_mu-detection', 'dm_sigma_FitGauss_ndof', 'dm_sigma_FitGauss_rms_err']
Aug 31 05:10:14 INFO >> ['freq_sigma_FitGaussWidth_gauss_sigma', 'freq_sigma_FitGaussWidth_gauss_sigma_rel_err', 'freq_sigma_FitGaussWidth_ndof', 'freq_sigma_FitGaussWidth_rms_err']
Aug 31 05:10:14 INFO >> ['freq_sigma_FitGauss_amplitude', 'freq_sigma_FitGauss_mu', 'freq_sigma_FitGauss_gauss_sigma', 'freq_sigma_FitGauss_amplitude_rel_err', 'freq_sigma_FitGauss_mu_rel_err', 'freq_sigma_FitGauss_gauss_sigma_rel_err', 'freq_sigma_FitGauss_amplitude-detection', 'freq_sigma_FitGauss_mu-detection', 'freq_sigma_FitGauss_ndof', 'freq_sigma_FitGauss_rms_err']
Aug 31 05:10:15 INFO >> Performing searching on cumulative stack 315.95 49.23
Aug 31 05:10:15 INFO >> Loading the cumulative power spectra stack to search
Aug 31 05:11:12 INFO >> DM: 46.17829719511946
Aug 31 05:11:12 INFO >> sigma: 16.04326452901465
Aug 31 05:11:12 INFO >> frequency: 80.16840105605388
Aug 31 05:11:12 INFO >> Injecting 6 harmonics.
Aug 31 05:11:12 INFO >> Starting DM: 44.93188229956846
Aug 31 05:11:12 INFO >> Stopping DM: 47.461830627246854
Aug 31 05:11:12 INFO >> Expected detection at 9.57 sigma with 4 harmonics.
Aug 31 05:11:26 INFO >> Start searching 6558 dm trials using 32 harmonics.
Aug 31 05:11:32 INFO >> Moved power spectra to shared memory.
Aug 31 05:11:32 INFO >> Number of dm trials in single multi processing job: 10
Aug 31 05:12:12 INFO >> Total number of detections=15587
Aug 31 05:12:12 INFO >> Clustering the detections
Aug 31 05:12:12 INFO >> Starting clustering
Aug 31 05:12:12 INFO >> Rogue harmonic power filter reduced detections from 15587 to 8529
Aug 31 05:12:12 INFO >> Filtering out duplicate freq,dm detections at multiple nharms removes 789 detections
Aug 31 05:12:12 INFO >> Duplicate freq,dm filter reduced detections to 7740
Aug 31 05:12:12 INFO >> Number of detections over threshold sigma (6.0): 7740
Aug 31 05:12:12 INFO >> Grouping duplicate frequencies together first
Aug 31 05:12:12 INFO >> Grouping duplicate frequencies removed 7217 detections from the harmonic metric computation
Aug 31 05:12:12 INFO >> Starting freq-DM distance metric computation
Aug 31 05:12:12 INFO >> Finished freq-DM distance metric computation
Aug 31 05:12:13 INFO >> Largest group size for metric computation is 97
Aug 31 05:12:13 INFO >> Starting harmonic distance metric computation
Aug 31 05:12:13 INFO >> Finished harmonic distance metric computation
Aug 31 05:12:13 INFO >> Starting DBSCAN
Aug 31 05:12:14 INFO >> Finished DBSCAN
Aug 31 05:12:14 INFO >> Clusters found: 76
Aug 31 05:12:14 INFO >> Filtered 32 clusters below or equal 2 DM.
Aug 31 05:12:14 INFO >> Total number of candidate clusters=1
Aug 31 05:12:14 INFO >> Candidate Processor of stack (315.95 49.23)
Aug 31 05:12:14 INFO >> Making SinglePointingCandidates from a list of 1 PowerSpectraDetectionClusters
Aug 31 05:12:16 INFO >> saved candidates to ./results//injections/315.95_49.23_cumulative_power_spectra_stack_20220627_11_tpa.yml_(403,)_candidates.npz
Aug 31 05:12:16 INFO >> Injected Pulsars:     1
Aug 31 05:12:16 INFO >> Injection Candidates: 1
Aug 31 05:12:16 INFO >> Recovered Injections: 1
Aug 31 05:12:16 INFO >> 1 candidates.
Aug 31 05:12:16 INFO >> Best candidate: F0: 80.168 DM: 46.15 Sigma: 9.29
Aug 31 05:12:17 INFO >> Unlinked shared memory for cumulative stack.
Aug 31 05:12:17 INFO >> Pipeline execution time: 2.04 minutes
