Aug 31 01:07:45 INFO >> {"message": "Waiting for suitable server to become available", "selector": "Primary()", "operation": "find", "topologyDescription": "<TopologyDescription id: 66d26ce1ffd4651c8a106608, topology_type: Unknown, servers: [<ServerDescription ('localhost', 27017) server_type: Unknown, rtt: None>]>", "clientId": {"$oid": "66d26ce1ffd4651c8a106608"}, "remainingTimeMS": 29}
Aug 31 01:07:45 INFO >> Features initialized as the following:
Aug 31 01:07:45 INFO >> num_unique_dms
Aug 31 01:07:45 INFO >> num_unique_freqs
Aug 31 01:07:45 INFO >> ndetections
Aug 31 01:07:45 INFO >> nharm
Aug 31 01:07:45 INFO >> log_p_dm
Aug 31 01:07:45 INFO >> ['dm_sigma_FitGaussWidth_gauss_sigma', 'dm_sigma_FitGaussWidth_gauss_sigma_rel_err', 'dm_sigma_FitGaussWidth_ndof', 'dm_sigma_FitGaussWidth_rms_err']
Aug 31 01:07:45 INFO >> ['dm_sigma_FitGauss_amplitude', 'dm_sigma_FitGauss_mu', 'dm_sigma_FitGauss_gauss_sigma', 'dm_sigma_FitGauss_amplitude_rel_err', 'dm_sigma_FitGauss_mu_rel_err', 'dm_sigma_FitGauss_gauss_sigma_rel_err', 'dm_sigma_FitGauss_amplitude-detection', 'dm_sigma_FitGauss_mu-detection', 'dm_sigma_FitGauss_ndof', 'dm_sigma_FitGauss_rms_err']
Aug 31 01:07:45 INFO >> ['freq_sigma_FitGaussWidth_gauss_sigma', 'freq_sigma_FitGaussWidth_gauss_sigma_rel_err', 'freq_sigma_FitGaussWidth_ndof', 'freq_sigma_FitGaussWidth_rms_err']
Aug 31 01:07:45 INFO >> ['freq_sigma_FitGauss_amplitude', 'freq_sigma_FitGauss_mu', 'freq_sigma_FitGauss_gauss_sigma', 'freq_sigma_FitGauss_amplitude_rel_err', 'freq_sigma_FitGauss_mu_rel_err', 'freq_sigma_FitGauss_gauss_sigma_rel_err', 'freq_sigma_FitGauss_amplitude-detection', 'freq_sigma_FitGauss_mu-detection', 'freq_sigma_FitGauss_ndof', 'freq_sigma_FitGauss_rms_err']
Aug 31 01:07:45 INFO >> Performing searching on cumulative stack 315.95 49.23
Aug 31 01:07:45 INFO >> Loading the cumulative power spectra stack to search
Aug 31 01:08:43 INFO >> DM: 174.52477547450098
Aug 31 01:08:43 INFO >> sigma: 13.949534035523776
Aug 31 01:08:43 INFO >> frequency: 33.85396202251272
Aug 31 01:08:43 INFO >> Injecting 15 harmonics.
Aug 31 01:08:43 INFO >> Starting DM: 171.53049661659577
Aug 31 01:08:43 INFO >> Stopping DM: 177.60237260302395
Aug 31 01:08:43 INFO >> Expected detection at 12.93 sigma with 8 harmonics.
Aug 31 01:08:57 INFO >> Start searching 6558 dm trials using 32 harmonics.
Aug 31 01:09:02 INFO >> Moved power spectra to shared memory.
Aug 31 01:09:02 INFO >> Number of dm trials in single multi processing job: 10
Aug 31 01:09:43 INFO >> Total number of detections=15661
Aug 31 01:09:43 INFO >> Clustering the detections
Aug 31 01:09:43 INFO >> Starting clustering
Aug 31 01:09:43 INFO >> Rogue harmonic power filter reduced detections from 15661 to 8603
Aug 31 01:09:43 INFO >> Filtering out duplicate freq,dm detections at multiple nharms removes 819 detections
Aug 31 01:09:43 INFO >> Duplicate freq,dm filter reduced detections to 7784
Aug 31 01:09:43 INFO >> Number of detections over threshold sigma (6.0): 7784
Aug 31 01:09:43 INFO >> Grouping duplicate frequencies together first
Aug 31 01:09:43 INFO >> Grouping duplicate frequencies removed 7251 detections from the harmonic metric computation
Aug 31 01:09:43 INFO >> Starting freq-DM distance metric computation
Aug 31 01:09:43 INFO >> Finished freq-DM distance metric computation
Aug 31 01:09:43 INFO >> Largest group size for metric computation is 97
Aug 31 01:09:43 INFO >> Starting harmonic distance metric computation
Aug 31 01:09:44 INFO >> Finished harmonic distance metric computation
Aug 31 01:09:44 INFO >> Starting DBSCAN
Aug 31 01:09:44 INFO >> Finished DBSCAN
Aug 31 01:09:44 INFO >> Clusters found: 76
Aug 31 01:09:44 INFO >> Filtered 32 clusters below or equal 2 DM.
Aug 31 01:09:44 INFO >> Total number of candidate clusters=1
Aug 31 01:09:44 INFO >> Candidate Processor of stack (315.95 49.23)
Aug 31 01:09:44 INFO >> Making SinglePointingCandidates from a list of 1 PowerSpectraDetectionClusters
Aug 31 01:09:47 INFO >> saved candidates to ./results//injections/315.95_49.23_cumulative_power_spectra_stack_20220627_11_tpa.yml_(287,)_candidates.npz
Aug 31 01:09:47 INFO >> Injected Pulsars:     1
Aug 31 01:09:47 INFO >> Injection Candidates: 1
Aug 31 01:09:47 INFO >> Recovered Injections: 1
Aug 31 01:09:47 INFO >> 1 candidates.
Aug 31 01:09:47 INFO >> Best candidate: F0: 33.854 DM: 174.47 Sigma: 10.96
Aug 31 01:09:48 INFO >> Unlinked shared memory for cumulative stack.
Aug 31 01:09:48 INFO >> Pipeline execution time: 2.06 minutes
