Aug 31 00:07:11 INFO >> {"message": "Waiting for suitable server to become available", "selector": "Primary()", "operation": "find", "topologyDescription": "<TopologyDescription id: 66d25eaf79812caa6defcb90, topology_type: Unknown, servers: [<ServerDescription ('localhost', 27017) server_type: Unknown, rtt: None>]>", "clientId": {"$oid": "66d25eaf79812caa6defcb90"}, "remainingTimeMS": 29}
Aug 31 00:07:11 INFO >> Features initialized as the following:
Aug 31 00:07:11 INFO >> num_unique_dms
Aug 31 00:07:11 INFO >> num_unique_freqs
Aug 31 00:07:11 INFO >> ndetections
Aug 31 00:07:11 INFO >> nharm
Aug 31 00:07:11 INFO >> log_p_dm
Aug 31 00:07:11 INFO >> ['dm_sigma_FitGaussWidth_gauss_sigma', 'dm_sigma_FitGaussWidth_gauss_sigma_rel_err', 'dm_sigma_FitGaussWidth_ndof', 'dm_sigma_FitGaussWidth_rms_err']
Aug 31 00:07:11 INFO >> ['dm_sigma_FitGauss_amplitude', 'dm_sigma_FitGauss_mu', 'dm_sigma_FitGauss_gauss_sigma', 'dm_sigma_FitGauss_amplitude_rel_err', 'dm_sigma_FitGauss_mu_rel_err', 'dm_sigma_FitGauss_gauss_sigma_rel_err', 'dm_sigma_FitGauss_amplitude-detection', 'dm_sigma_FitGauss_mu-detection', 'dm_sigma_FitGauss_ndof', 'dm_sigma_FitGauss_rms_err']
Aug 31 00:07:11 INFO >> ['freq_sigma_FitGaussWidth_gauss_sigma', 'freq_sigma_FitGaussWidth_gauss_sigma_rel_err', 'freq_sigma_FitGaussWidth_ndof', 'freq_sigma_FitGaussWidth_rms_err']
Aug 31 00:07:11 INFO >> ['freq_sigma_FitGauss_amplitude', 'freq_sigma_FitGauss_mu', 'freq_sigma_FitGauss_gauss_sigma', 'freq_sigma_FitGauss_amplitude_rel_err', 'freq_sigma_FitGauss_mu_rel_err', 'freq_sigma_FitGauss_gauss_sigma_rel_err', 'freq_sigma_FitGauss_amplitude-detection', 'freq_sigma_FitGauss_mu-detection', 'freq_sigma_FitGauss_ndof', 'freq_sigma_FitGauss_rms_err']
Aug 31 00:07:11 INFO >> Performing searching on cumulative stack 315.95 49.23
Aug 31 00:07:11 INFO >> Loading the cumulative power spectra stack to search
Aug 31 00:08:09 INFO >> DM: 31.193990529834476
Aug 31 00:08:09 INFO >> sigma: 9.568372043981993
Aug 31 00:08:09 INFO >> frequency: 137.75023666040235
Aug 31 00:08:09 INFO >> Injecting 3 harmonics.
Aug 31 00:08:09 INFO >> Starting DM: 30.46057786524798
Aug 31 00:08:09 INFO >> Stopping DM: 31.978546861855023
Aug 31 00:08:09 INFO >> Expected detection at 4.40 sigma with 2 harmonics.
Aug 31 00:08:23 INFO >> Start searching 6558 dm trials using 32 harmonics.
Aug 31 00:08:28 INFO >> Moved power spectra to shared memory.
Aug 31 00:08:28 INFO >> Number of dm trials in single multi processing job: 10
Aug 31 00:09:09 INFO >> Total number of detections=15579
Aug 31 00:09:09 INFO >> Clustering the detections
Aug 31 00:09:09 INFO >> Starting clustering
Aug 31 00:09:09 INFO >> Rogue harmonic power filter reduced detections from 15579 to 8521
Aug 31 00:09:09 INFO >> Filtering out duplicate freq,dm detections at multiple nharms removes 788 detections
Aug 31 00:09:09 INFO >> Duplicate freq,dm filter reduced detections to 7733
Aug 31 00:09:09 INFO >> Number of detections over threshold sigma (6.0): 7733
Aug 31 00:09:09 INFO >> Grouping duplicate frequencies together first
Aug 31 00:09:09 INFO >> Grouping duplicate frequencies removed 7215 detections from the harmonic metric computation
Aug 31 00:09:09 INFO >> Starting freq-DM distance metric computation
Aug 31 00:09:09 INFO >> Finished freq-DM distance metric computation
Aug 31 00:09:10 INFO >> Largest group size for metric computation is 97
Aug 31 00:09:10 INFO >> Starting harmonic distance metric computation
Aug 31 00:09:10 INFO >> Finished harmonic distance metric computation
Aug 31 00:09:10 INFO >> Starting DBSCAN
Aug 31 00:09:11 INFO >> Finished DBSCAN
Aug 31 00:09:11 INFO >> Clusters found: 75
Aug 31 00:09:11 INFO >> Filtered 32 clusters below or equal 2 DM.
Aug 31 00:09:11 INFO >> Total number of candidate clusters=0
Aug 31 00:09:11 INFO >> Candidate Processor of stack (315.95 49.23)
Aug 31 00:09:11 INFO >> Making SinglePointingCandidates from a list of 0 PowerSpectraDetectionClusters
Aug 31 00:09:12 INFO >> saved candidates to ./results//injections/315.95_49.23_cumulative_power_spectra_stack_20220627_11_tpa.yml_(258,)_candidates.npz
Aug 31 00:09:12 INFO >> Injected Pulsars:     1
Aug 31 00:09:12 INFO >> Injection Candidates: 0
Aug 31 00:09:12 INFO >> Recovered Injections: 0
Aug 31 00:09:12 INFO >> 0 candidates.
Aug 31 00:09:14 INFO >> Unlinked shared memory for cumulative stack.
Aug 31 00:09:14 INFO >> Pipeline execution time: 2.05 minutes
