Aug 31 00:03:01 INFO >> {"message": "Waiting for suitable server to become available", "selector": "Primary()", "operation": "find", "topologyDescription": "<TopologyDescription id: 66d25db59d8be14501df75b3, topology_type: Unknown, servers: [<ServerDescription ('localhost', 27017) server_type: Unknown, rtt: None>]>", "clientId": {"$oid": "66d25db59d8be14501df75b3"}, "remainingTimeMS": 29}
Aug 31 00:03:01 INFO >> Features initialized as the following:
Aug 31 00:03:01 INFO >> num_unique_dms
Aug 31 00:03:01 INFO >> num_unique_freqs
Aug 31 00:03:01 INFO >> ndetections
Aug 31 00:03:01 INFO >> nharm
Aug 31 00:03:01 INFO >> log_p_dm
Aug 31 00:03:01 INFO >> ['dm_sigma_FitGaussWidth_gauss_sigma', 'dm_sigma_FitGaussWidth_gauss_sigma_rel_err', 'dm_sigma_FitGaussWidth_ndof', 'dm_sigma_FitGaussWidth_rms_err']
Aug 31 00:03:01 INFO >> ['dm_sigma_FitGauss_amplitude', 'dm_sigma_FitGauss_mu', 'dm_sigma_FitGauss_gauss_sigma', 'dm_sigma_FitGauss_amplitude_rel_err', 'dm_sigma_FitGauss_mu_rel_err', 'dm_sigma_FitGauss_gauss_sigma_rel_err', 'dm_sigma_FitGauss_amplitude-detection', 'dm_sigma_FitGauss_mu-detection', 'dm_sigma_FitGauss_ndof', 'dm_sigma_FitGauss_rms_err']
Aug 31 00:03:01 INFO >> ['freq_sigma_FitGaussWidth_gauss_sigma', 'freq_sigma_FitGaussWidth_gauss_sigma_rel_err', 'freq_sigma_FitGaussWidth_ndof', 'freq_sigma_FitGaussWidth_rms_err']
Aug 31 00:03:01 INFO >> ['freq_sigma_FitGauss_amplitude', 'freq_sigma_FitGauss_mu', 'freq_sigma_FitGauss_gauss_sigma', 'freq_sigma_FitGauss_amplitude_rel_err', 'freq_sigma_FitGauss_mu_rel_err', 'freq_sigma_FitGauss_gauss_sigma_rel_err', 'freq_sigma_FitGauss_amplitude-detection', 'freq_sigma_FitGauss_mu-detection', 'freq_sigma_FitGauss_ndof', 'freq_sigma_FitGauss_rms_err']
Aug 31 00:03:01 INFO >> Performing searching on cumulative stack 315.95 49.23
Aug 31 00:03:01 INFO >> Loading the cumulative power spectra stack to search
Aug 31 00:03:59 INFO >> DM: 161.8853547983271
Aug 31 00:03:59 INFO >> sigma: 16.012554339594693
Aug 31 00:03:59 INFO >> frequency: 26.168302687860276
Aug 31 00:03:59 INFO >> Injecting 19 harmonics.
Aug 31 00:03:59 INFO >> Starting DM: 157.96997358023953
Aug 31 00:03:59 INFO >> Stopping DM: 165.86341236259616
Aug 31 00:03:59 INFO >> Expected detection at 14.24 sigma with 16 harmonics.
Aug 31 00:04:13 INFO >> Start searching 6558 dm trials using 32 harmonics.
Aug 31 00:04:19 INFO >> Moved power spectra to shared memory.
Aug 31 00:04:19 INFO >> Number of dm trials in single multi processing job: 10
Aug 31 00:04:59 INFO >> Total number of detections=15771
Aug 31 00:04:59 INFO >> Clustering the detections
Aug 31 00:04:59 INFO >> Starting clustering
Aug 31 00:04:59 INFO >> Rogue harmonic power filter reduced detections from 15771 to 8713
Aug 31 00:04:59 INFO >> Filtering out duplicate freq,dm detections at multiple nharms removes 857 detections
Aug 31 00:04:59 INFO >> Duplicate freq,dm filter reduced detections to 7856
Aug 31 00:04:59 INFO >> Number of detections over threshold sigma (6.0): 7856
Aug 31 00:04:59 INFO >> Grouping duplicate frequencies together first
Aug 31 00:04:59 INFO >> Grouping duplicate frequencies removed 7310 detections from the harmonic metric computation
Aug 31 00:04:59 INFO >> Starting freq-DM distance metric computation
Aug 31 00:04:59 INFO >> Finished freq-DM distance metric computation
Aug 31 00:05:00 INFO >> Largest group size for metric computation is 97
Aug 31 00:05:00 INFO >> Starting harmonic distance metric computation
Aug 31 00:05:00 INFO >> Finished harmonic distance metric computation
Aug 31 00:05:00 INFO >> Starting DBSCAN
Aug 31 00:05:01 INFO >> Finished DBSCAN
Aug 31 00:05:01 INFO >> Clusters found: 76
Aug 31 00:05:01 INFO >> Filtered 32 clusters below or equal 2 DM.
Aug 31 00:05:01 INFO >> Total number of candidate clusters=1
Aug 31 00:05:01 INFO >> Candidate Processor of stack (315.95 49.23)
Aug 31 00:05:01 INFO >> Making SinglePointingCandidates from a list of 1 PowerSpectraDetectionClusters
Aug 31 00:05:03 INFO >> saved candidates to ./results//injections/315.95_49.23_cumulative_power_spectra_stack_20220627_11_tpa.yml_(256,)_candidates.npz
Aug 31 00:05:03 INFO >> Injected Pulsars:     1
Aug 31 00:05:03 INFO >> Injection Candidates: 1
Aug 31 00:05:03 INFO >> Recovered Injections: 1
Aug 31 00:05:03 INFO >> 1 candidates.
Aug 31 00:05:03 INFO >> Best candidate: F0: 26.168 DM: 161.92 Sigma: 13.22
Aug 31 00:05:04 INFO >> Unlinked shared memory for cumulative stack.
Aug 31 00:05:04 INFO >> Pipeline execution time: 2.05 minutes
