Aug 31 11:07:37 INFO >> {"message": "Waiting for suitable server to become available", "selector": "Primary()", "operation": "find", "topologyDescription": "<TopologyDescription id: 66d2f979f05b67421e54abb5, topology_type: Unknown, servers: [<ServerDescription ('localhost', 27017) server_type: Unknown, rtt: None>]>", "clientId": {"$oid": "66d2f979f05b67421e54abb5"}, "remainingTimeMS": 29}
Aug 31 11:07:37 INFO >> Features initialized as the following:
Aug 31 11:07:37 INFO >> num_unique_dms
Aug 31 11:07:37 INFO >> num_unique_freqs
Aug 31 11:07:37 INFO >> ndetections
Aug 31 11:07:37 INFO >> nharm
Aug 31 11:07:37 INFO >> log_p_dm
Aug 31 11:07:37 INFO >> ['dm_sigma_FitGaussWidth_gauss_sigma', 'dm_sigma_FitGaussWidth_gauss_sigma_rel_err', 'dm_sigma_FitGaussWidth_ndof', 'dm_sigma_FitGaussWidth_rms_err']
Aug 31 11:07:37 INFO >> ['dm_sigma_FitGauss_amplitude', 'dm_sigma_FitGauss_mu', 'dm_sigma_FitGauss_gauss_sigma', 'dm_sigma_FitGauss_amplitude_rel_err', 'dm_sigma_FitGauss_mu_rel_err', 'dm_sigma_FitGauss_gauss_sigma_rel_err', 'dm_sigma_FitGauss_amplitude-detection', 'dm_sigma_FitGauss_mu-detection', 'dm_sigma_FitGauss_ndof', 'dm_sigma_FitGauss_rms_err']
Aug 31 11:07:37 INFO >> ['freq_sigma_FitGaussWidth_gauss_sigma', 'freq_sigma_FitGaussWidth_gauss_sigma_rel_err', 'freq_sigma_FitGaussWidth_ndof', 'freq_sigma_FitGaussWidth_rms_err']
Aug 31 11:07:37 INFO >> ['freq_sigma_FitGauss_amplitude', 'freq_sigma_FitGauss_mu', 'freq_sigma_FitGauss_gauss_sigma', 'freq_sigma_FitGauss_amplitude_rel_err', 'freq_sigma_FitGauss_mu_rel_err', 'freq_sigma_FitGauss_gauss_sigma_rel_err', 'freq_sigma_FitGauss_amplitude-detection', 'freq_sigma_FitGauss_mu-detection', 'freq_sigma_FitGauss_ndof', 'freq_sigma_FitGauss_rms_err']
Aug 31 11:07:37 INFO >> Performing searching on cumulative stack 315.95 49.23
Aug 31 11:07:37 INFO >> Loading the cumulative power spectra stack to search
Aug 31 11:08:35 INFO >> DM: 5.686029045768319
Aug 31 11:08:35 INFO >> sigma: 10.610829743666443
Aug 31 11:08:35 INFO >> frequency: 28.267694532292737
Aug 31 11:08:35 INFO >> Injecting 17 harmonics.
Aug 31 11:08:35 INFO >> Starting DM: 2.023958662142723
Aug 31 11:08:35 INFO >> Stopping DM: 9.310209845856525
Aug 31 11:08:35 INFO >> Expected detection at 9.57 sigma with 16 harmonics.
Aug 31 11:08:49 INFO >> Start searching 6558 dm trials using 32 harmonics.
Aug 31 11:08:54 INFO >> Moved power spectra to shared memory.
Aug 31 11:08:54 INFO >> Number of dm trials in single multi processing job: 10
Aug 31 11:09:36 INFO >> Total number of detections=15601
Aug 31 11:09:36 INFO >> Clustering the detections
Aug 31 11:09:36 INFO >> Starting clustering
Aug 31 11:09:36 INFO >> Rogue harmonic power filter reduced detections from 15601 to 8543
Aug 31 11:09:36 INFO >> Filtering out duplicate freq,dm detections at multiple nharms removes 795 detections
Aug 31 11:09:36 INFO >> Duplicate freq,dm filter reduced detections to 7748
Aug 31 11:09:36 INFO >> Number of detections over threshold sigma (6.0): 7748
Aug 31 11:09:36 INFO >> Grouping duplicate frequencies together first
Aug 31 11:09:36 INFO >> Grouping duplicate frequencies removed 7224 detections from the harmonic metric computation
Aug 31 11:09:36 INFO >> Starting freq-DM distance metric computation
Aug 31 11:09:36 INFO >> Finished freq-DM distance metric computation
Aug 31 11:09:36 INFO >> Largest group size for metric computation is 97
Aug 31 11:09:36 INFO >> Starting harmonic distance metric computation
Aug 31 11:09:37 INFO >> Finished harmonic distance metric computation
Aug 31 11:09:37 INFO >> Starting DBSCAN
Aug 31 11:09:37 INFO >> Finished DBSCAN
Aug 31 11:09:37 INFO >> Clusters found: 76
Aug 31 11:09:37 INFO >> Filtered 32 clusters below or equal 2 DM.
Aug 31 11:09:37 INFO >> Total number of candidate clusters=1
Aug 31 11:09:37 INFO >> Candidate Processor of stack (315.95 49.23)
Aug 31 11:09:37 INFO >> Making SinglePointingCandidates from a list of 1 PowerSpectraDetectionClusters
Aug 31 11:09:40 INFO >> saved candidates to ./results//injections/315.95_49.23_cumulative_power_spectra_stack_20220627_11_tpa.yml_(574,)_candidates.npz
Aug 31 11:09:40 INFO >> Injected Pulsars:     1
Aug 31 11:09:40 INFO >> Injection Candidates: 1
Aug 31 11:09:40 INFO >> Recovered Injections: 1
Aug 31 11:09:40 INFO >> 1 candidates.
Aug 31 11:09:40 INFO >> Best candidate: F0: 28.268 DM: 5.67 Sigma: 9.87
Aug 31 11:09:41 INFO >> Unlinked shared memory for cumulative stack.
Aug 31 11:09:41 INFO >> Pipeline execution time: 2.07 minutes
