Aug 31 13:21:24 INFO >> {"message": "Waiting for suitable server to become available", "selector": "Primary()", "operation": "find", "topologyDescription": "<TopologyDescription id: 66d318d48f458869edbde804, topology_type: Unknown, servers: [<ServerDescription ('localhost', 27017) server_type: Unknown, rtt: None>]>", "clientId": {"$oid": "66d318d48f458869edbde804"}, "remainingTimeMS": 29}
Aug 31 13:21:24 INFO >> Features initialized as the following:
Aug 31 13:21:24 INFO >> num_unique_dms
Aug 31 13:21:24 INFO >> num_unique_freqs
Aug 31 13:21:24 INFO >> ndetections
Aug 31 13:21:24 INFO >> nharm
Aug 31 13:21:24 INFO >> log_p_dm
Aug 31 13:21:24 INFO >> ['dm_sigma_FitGaussWidth_gauss_sigma', 'dm_sigma_FitGaussWidth_gauss_sigma_rel_err', 'dm_sigma_FitGaussWidth_ndof', 'dm_sigma_FitGaussWidth_rms_err']
Aug 31 13:21:24 INFO >> ['dm_sigma_FitGauss_amplitude', 'dm_sigma_FitGauss_mu', 'dm_sigma_FitGauss_gauss_sigma', 'dm_sigma_FitGauss_amplitude_rel_err', 'dm_sigma_FitGauss_mu_rel_err', 'dm_sigma_FitGauss_gauss_sigma_rel_err', 'dm_sigma_FitGauss_amplitude-detection', 'dm_sigma_FitGauss_mu-detection', 'dm_sigma_FitGauss_ndof', 'dm_sigma_FitGauss_rms_err']
Aug 31 13:21:24 INFO >> ['freq_sigma_FitGaussWidth_gauss_sigma', 'freq_sigma_FitGaussWidth_gauss_sigma_rel_err', 'freq_sigma_FitGaussWidth_ndof', 'freq_sigma_FitGaussWidth_rms_err']
Aug 31 13:21:24 INFO >> ['freq_sigma_FitGauss_amplitude', 'freq_sigma_FitGauss_mu', 'freq_sigma_FitGauss_gauss_sigma', 'freq_sigma_FitGauss_amplitude_rel_err', 'freq_sigma_FitGauss_mu_rel_err', 'freq_sigma_FitGauss_gauss_sigma_rel_err', 'freq_sigma_FitGauss_amplitude-detection', 'freq_sigma_FitGauss_mu-detection', 'freq_sigma_FitGauss_ndof', 'freq_sigma_FitGauss_rms_err']
Aug 31 13:21:24 INFO >> Performing searching on cumulative stack 315.95 49.23
Aug 31 13:21:24 INFO >> Loading the cumulative power spectra stack to search
Aug 31 13:22:21 INFO >> DM: 111.35745482224081
Aug 31 13:22:21 INFO >> sigma: 15.374739424370912
Aug 31 13:22:21 INFO >> frequency: 111.61902863683898
Aug 31 13:22:21 INFO >> Injecting 4 harmonics.
Aug 31 13:22:21 INFO >> Starting DM: 110.40694501988553
Aug 31 13:22:21 INFO >> Stopping DM: 112.32970574892111
Aug 31 13:22:21 INFO >> Expected detection at 13.38 sigma with 4 harmonics.
Aug 31 13:22:35 INFO >> Start searching 6558 dm trials using 32 harmonics.
Aug 31 13:22:41 INFO >> Moved power spectra to shared memory.
Aug 31 13:22:41 INFO >> Number of dm trials in single multi processing job: 10
Aug 31 13:23:22 INFO >> Total number of detections=15633
Aug 31 13:23:22 INFO >> Clustering the detections
Aug 31 13:23:22 INFO >> Starting clustering
Aug 31 13:23:22 INFO >> Rogue harmonic power filter reduced detections from 15633 to 8568
Aug 31 13:23:22 INFO >> Filtering out duplicate freq,dm detections at multiple nharms removes 805 detections
Aug 31 13:23:22 INFO >> Duplicate freq,dm filter reduced detections to 7763
Aug 31 13:23:22 INFO >> Number of detections over threshold sigma (6.0): 7763
Aug 31 13:23:22 INFO >> Grouping duplicate frequencies together first
Aug 31 13:23:22 INFO >> Grouping duplicate frequencies removed 7230 detections from the harmonic metric computation
Aug 31 13:23:22 INFO >> Starting freq-DM distance metric computation
Aug 31 13:23:22 INFO >> Finished freq-DM distance metric computation
Aug 31 13:23:23 INFO >> Largest group size for metric computation is 97
Aug 31 13:23:23 INFO >> Starting harmonic distance metric computation
Aug 31 13:23:23 INFO >> Finished harmonic distance metric computation
Aug 31 13:23:23 INFO >> Starting DBSCAN
Aug 31 13:23:23 INFO >> Finished DBSCAN
Aug 31 13:23:23 INFO >> Clusters found: 76
Aug 31 13:23:24 INFO >> Filtered 32 clusters below or equal 2 DM.
Aug 31 13:23:24 INFO >> Total number of candidate clusters=1
Aug 31 13:23:24 INFO >> Candidate Processor of stack (315.95 49.23)
Aug 31 13:23:24 INFO >> Making SinglePointingCandidates from a list of 1 PowerSpectraDetectionClusters
Aug 31 13:23:26 INFO >> saved candidates to ./results//injections/315.95_49.23_cumulative_power_spectra_stack_20220627_11_tpa.yml_(638,)_candidates.npz
Aug 31 13:23:26 INFO >> Injected Pulsars:     1
Aug 31 13:23:26 INFO >> Injection Candidates: 1
Aug 31 13:23:26 INFO >> Recovered Injections: 1
Aug 31 13:23:26 INFO >> 1 candidates.
Aug 31 13:23:26 INFO >> Best candidate: F0: 111.619 DM: 111.32 Sigma: 13.22
Aug 31 13:23:27 INFO >> Unlinked shared memory for cumulative stack.
Aug 31 13:23:27 INFO >> Pipeline execution time: 2.05 minutes
