Aug 31 11:09:43 INFO >> {"message": "Waiting for suitable server to become available", "selector": "Primary()", "operation": "find", "topologyDescription": "<TopologyDescription id: 66d2f9f7d1032684d571f646, topology_type: Unknown, servers: [<ServerDescription ('localhost', 27017) server_type: Unknown, rtt: None>]>", "clientId": {"$oid": "66d2f9f7d1032684d571f646"}, "remainingTimeMS": 29}
Aug 31 11:09:43 INFO >> Features initialized as the following:
Aug 31 11:09:43 INFO >> num_unique_dms
Aug 31 11:09:43 INFO >> num_unique_freqs
Aug 31 11:09:43 INFO >> ndetections
Aug 31 11:09:43 INFO >> nharm
Aug 31 11:09:43 INFO >> log_p_dm
Aug 31 11:09:43 INFO >> ['dm_sigma_FitGaussWidth_gauss_sigma', 'dm_sigma_FitGaussWidth_gauss_sigma_rel_err', 'dm_sigma_FitGaussWidth_ndof', 'dm_sigma_FitGaussWidth_rms_err']
Aug 31 11:09:43 INFO >> ['dm_sigma_FitGauss_amplitude', 'dm_sigma_FitGauss_mu', 'dm_sigma_FitGauss_gauss_sigma', 'dm_sigma_FitGauss_amplitude_rel_err', 'dm_sigma_FitGauss_mu_rel_err', 'dm_sigma_FitGauss_gauss_sigma_rel_err', 'dm_sigma_FitGauss_amplitude-detection', 'dm_sigma_FitGauss_mu-detection', 'dm_sigma_FitGauss_ndof', 'dm_sigma_FitGauss_rms_err']
Aug 31 11:09:43 INFO >> ['freq_sigma_FitGaussWidth_gauss_sigma', 'freq_sigma_FitGaussWidth_gauss_sigma_rel_err', 'freq_sigma_FitGaussWidth_ndof', 'freq_sigma_FitGaussWidth_rms_err']
Aug 31 11:09:43 INFO >> ['freq_sigma_FitGauss_amplitude', 'freq_sigma_FitGauss_mu', 'freq_sigma_FitGauss_gauss_sigma', 'freq_sigma_FitGauss_amplitude_rel_err', 'freq_sigma_FitGauss_mu_rel_err', 'freq_sigma_FitGauss_gauss_sigma_rel_err', 'freq_sigma_FitGauss_amplitude-detection', 'freq_sigma_FitGauss_mu-detection', 'freq_sigma_FitGauss_ndof', 'freq_sigma_FitGauss_rms_err']
Aug 31 11:09:44 INFO >> Performing searching on cumulative stack 315.95 49.23
Aug 31 11:09:44 INFO >> Loading the cumulative power spectra stack to search
Aug 31 11:10:41 INFO >> DM: 104.09764132376414
Aug 31 11:10:41 INFO >> sigma: 11.106910987857194
Aug 31 11:10:41 INFO >> frequency: 35.33405947640094
Aug 31 11:10:41 INFO >> Injecting 14 harmonics.
Aug 31 11:10:41 INFO >> Starting DM: 101.19793310713615
Aug 31 11:10:41 INFO >> Stopping DM: 106.96621529424291
Aug 31 11:10:41 INFO >> Expected detection at 11.56 sigma with 2 harmonics.
Aug 31 11:10:55 INFO >> Start searching 6558 dm trials using 32 harmonics.
Aug 31 11:11:00 INFO >> Moved power spectra to shared memory.
Aug 31 11:11:00 INFO >> Number of dm trials in single multi processing job: 10
Aug 31 11:11:41 INFO >> Total number of detections=15766
Aug 31 11:11:41 INFO >> Clustering the detections
Aug 31 11:11:41 INFO >> Starting clustering
Aug 31 11:11:41 INFO >> Rogue harmonic power filter reduced detections from 15766 to 8673
Aug 31 11:11:41 INFO >> Filtering out duplicate freq,dm detections at multiple nharms removes 844 detections
Aug 31 11:11:41 INFO >> Duplicate freq,dm filter reduced detections to 7829
Aug 31 11:11:41 INFO >> Number of detections over threshold sigma (6.0): 7829
Aug 31 11:11:41 INFO >> Grouping duplicate frequencies together first
Aug 31 11:11:41 INFO >> Grouping duplicate frequencies removed 7287 detections from the harmonic metric computation
Aug 31 11:11:41 INFO >> Starting freq-DM distance metric computation
Aug 31 11:11:42 INFO >> Finished freq-DM distance metric computation
Aug 31 11:11:42 INFO >> Largest group size for metric computation is 97
Aug 31 11:11:42 INFO >> Starting harmonic distance metric computation
Aug 31 11:11:43 INFO >> Finished harmonic distance metric computation
Aug 31 11:11:43 INFO >> Starting DBSCAN
Aug 31 11:11:43 INFO >> Finished DBSCAN
Aug 31 11:11:43 INFO >> Clusters found: 76
Aug 31 11:11:43 INFO >> Filtered 32 clusters below or equal 2 DM.
Aug 31 11:11:43 INFO >> Total number of candidate clusters=1
Aug 31 11:11:43 INFO >> Candidate Processor of stack (315.95 49.23)
Aug 31 11:11:43 INFO >> Making SinglePointingCandidates from a list of 1 PowerSpectraDetectionClusters
Aug 31 11:11:45 INFO >> saved candidates to ./results//injections/315.95_49.23_cumulative_power_spectra_stack_20220627_11_tpa.yml_(575,)_candidates.npz
Aug 31 11:11:45 INFO >> Injected Pulsars:     1
Aug 31 11:11:45 INFO >> Injection Candidates: 1
Aug 31 11:11:45 INFO >> Recovered Injections: 1
Aug 31 11:11:45 INFO >> 1 candidates.
Aug 31 11:11:45 INFO >> Best candidate: F0: 35.334 DM: 104.03 Sigma: 11.44
Aug 31 11:11:47 INFO >> Unlinked shared memory for cumulative stack.
Aug 31 11:11:47 INFO >> Pipeline execution time: 2.05 minutes
