Aug 31 14:21:57 INFO >> {"message": "Waiting for suitable server to become available", "selector": "Primary()", "operation": "find", "topologyDescription": "<TopologyDescription id: 66d32705f2f88ff9a7a54f6e, topology_type: Unknown, servers: [<ServerDescription ('localhost', 27017) server_type: Unknown, rtt: None>]>", "clientId": {"$oid": "66d32705f2f88ff9a7a54f6e"}, "remainingTimeMS": 29}
Aug 31 14:21:57 INFO >> Features initialized as the following:
Aug 31 14:21:57 INFO >> num_unique_dms
Aug 31 14:21:57 INFO >> num_unique_freqs
Aug 31 14:21:57 INFO >> ndetections
Aug 31 14:21:57 INFO >> nharm
Aug 31 14:21:57 INFO >> log_p_dm
Aug 31 14:21:57 INFO >> ['dm_sigma_FitGaussWidth_gauss_sigma', 'dm_sigma_FitGaussWidth_gauss_sigma_rel_err', 'dm_sigma_FitGaussWidth_ndof', 'dm_sigma_FitGaussWidth_rms_err']
Aug 31 14:21:57 INFO >> ['dm_sigma_FitGauss_amplitude', 'dm_sigma_FitGauss_mu', 'dm_sigma_FitGauss_gauss_sigma', 'dm_sigma_FitGauss_amplitude_rel_err', 'dm_sigma_FitGauss_mu_rel_err', 'dm_sigma_FitGauss_gauss_sigma_rel_err', 'dm_sigma_FitGauss_amplitude-detection', 'dm_sigma_FitGauss_mu-detection', 'dm_sigma_FitGauss_ndof', 'dm_sigma_FitGauss_rms_err']
Aug 31 14:21:57 INFO >> ['freq_sigma_FitGaussWidth_gauss_sigma', 'freq_sigma_FitGaussWidth_gauss_sigma_rel_err', 'freq_sigma_FitGaussWidth_ndof', 'freq_sigma_FitGaussWidth_rms_err']
Aug 31 14:21:57 INFO >> ['freq_sigma_FitGauss_amplitude', 'freq_sigma_FitGauss_mu', 'freq_sigma_FitGauss_gauss_sigma', 'freq_sigma_FitGauss_amplitude_rel_err', 'freq_sigma_FitGauss_mu_rel_err', 'freq_sigma_FitGauss_gauss_sigma_rel_err', 'freq_sigma_FitGauss_amplitude-detection', 'freq_sigma_FitGauss_mu-detection', 'freq_sigma_FitGauss_ndof', 'freq_sigma_FitGauss_rms_err']
Aug 31 14:21:57 INFO >> Performing searching on cumulative stack 315.95 49.23
Aug 31 14:21:57 INFO >> Loading the cumulative power spectra stack to search
Aug 31 14:22:54 INFO >> DM: 150.2452127950691
Aug 31 14:22:54 INFO >> sigma: 14.090314422498459
Aug 31 14:22:54 INFO >> frequency: 19.55405113223925
Aug 31 14:22:54 INFO >> Injecting 26 harmonics.
Aug 31 14:22:54 INFO >> Starting DM: 145.01663814252612
Aug 31 14:22:54 INFO >> Stopping DM: 155.54122318566826
Aug 31 14:22:54 INFO >> Expected detection at 11.58 sigma with 8 harmonics.
Aug 31 14:23:08 INFO >> Start searching 6558 dm trials using 32 harmonics.
Aug 31 14:23:14 INFO >> Moved power spectra to shared memory.
Aug 31 14:23:14 INFO >> Number of dm trials in single multi processing job: 10
Aug 31 14:23:54 INFO >> Total number of detections=15736
Aug 31 14:23:54 INFO >> Clustering the detections
Aug 31 14:23:54 INFO >> Starting clustering
Aug 31 14:23:54 INFO >> Rogue harmonic power filter reduced detections from 15736 to 8678
Aug 31 14:23:54 INFO >> Filtering out duplicate freq,dm detections at multiple nharms removes 820 detections
Aug 31 14:23:54 INFO >> Duplicate freq,dm filter reduced detections to 7858
Aug 31 14:23:54 INFO >> Number of detections over threshold sigma (6.0): 7858
Aug 31 14:23:54 INFO >> Grouping duplicate frequencies together first
Aug 31 14:23:54 INFO >> Grouping duplicate frequencies removed 7319 detections from the harmonic metric computation
Aug 31 14:23:54 INFO >> Starting freq-DM distance metric computation
Aug 31 14:23:55 INFO >> Finished freq-DM distance metric computation
Aug 31 14:23:55 INFO >> Largest group size for metric computation is 97
Aug 31 14:23:55 INFO >> Starting harmonic distance metric computation
Aug 31 14:23:56 INFO >> Finished harmonic distance metric computation
Aug 31 14:23:56 INFO >> Starting DBSCAN
Aug 31 14:23:56 INFO >> Finished DBSCAN
Aug 31 14:23:56 INFO >> Clusters found: 76
Aug 31 14:23:56 INFO >> Filtered 32 clusters below or equal 2 DM.
Aug 31 14:23:56 INFO >> Total number of candidate clusters=1
Aug 31 14:23:56 INFO >> Candidate Processor of stack (315.95 49.23)
Aug 31 14:23:56 INFO >> Making SinglePointingCandidates from a list of 1 PowerSpectraDetectionClusters
Aug 31 14:23:58 INFO >> saved candidates to ./results//injections/315.95_49.23_cumulative_power_spectra_stack_20220627_11_tpa.yml_(667,)_candidates.npz
Aug 31 14:23:58 INFO >> Injected Pulsars:     1
Aug 31 14:23:58 INFO >> Injection Candidates: 1
Aug 31 14:23:58 INFO >> Recovered Injections: 1
Aug 31 14:23:58 INFO >> 1 candidates.
Aug 31 14:23:58 INFO >> Best candidate: F0: 19.554 DM: 150.28 Sigma: 12.29
Aug 31 14:23:59 INFO >> Unlinked shared memory for cumulative stack.
Aug 31 14:23:59 INFO >> Pipeline execution time: 2.04 minutes
