Aug 31 07:47:00 INFO >> {"message": "Waiting for suitable server to become available", "selector": "Primary()", "operation": "find", "topologyDescription": "<TopologyDescription id: 66d2ca74b8f58088712ea823, topology_type: Unknown, servers: [<ServerDescription ('localhost', 27017) server_type: Unknown, rtt: None>]>", "clientId": {"$oid": "66d2ca74b8f58088712ea823"}, "remainingTimeMS": 29}
Aug 31 07:47:01 INFO >> Features initialized as the following:
Aug 31 07:47:01 INFO >> num_unique_dms
Aug 31 07:47:01 INFO >> num_unique_freqs
Aug 31 07:47:01 INFO >> ndetections
Aug 31 07:47:01 INFO >> nharm
Aug 31 07:47:01 INFO >> log_p_dm
Aug 31 07:47:01 INFO >> ['dm_sigma_FitGaussWidth_gauss_sigma', 'dm_sigma_FitGaussWidth_gauss_sigma_rel_err', 'dm_sigma_FitGaussWidth_ndof', 'dm_sigma_FitGaussWidth_rms_err']
Aug 31 07:47:01 INFO >> ['dm_sigma_FitGauss_amplitude', 'dm_sigma_FitGauss_mu', 'dm_sigma_FitGauss_gauss_sigma', 'dm_sigma_FitGauss_amplitude_rel_err', 'dm_sigma_FitGauss_mu_rel_err', 'dm_sigma_FitGauss_gauss_sigma_rel_err', 'dm_sigma_FitGauss_amplitude-detection', 'dm_sigma_FitGauss_mu-detection', 'dm_sigma_FitGauss_ndof', 'dm_sigma_FitGauss_rms_err']
Aug 31 07:47:01 INFO >> ['freq_sigma_FitGaussWidth_gauss_sigma', 'freq_sigma_FitGaussWidth_gauss_sigma_rel_err', 'freq_sigma_FitGaussWidth_ndof', 'freq_sigma_FitGaussWidth_rms_err']
Aug 31 07:47:01 INFO >> ['freq_sigma_FitGauss_amplitude', 'freq_sigma_FitGauss_mu', 'freq_sigma_FitGauss_gauss_sigma', 'freq_sigma_FitGauss_amplitude_rel_err', 'freq_sigma_FitGauss_mu_rel_err', 'freq_sigma_FitGauss_gauss_sigma_rel_err', 'freq_sigma_FitGauss_amplitude-detection', 'freq_sigma_FitGauss_mu-detection', 'freq_sigma_FitGauss_ndof', 'freq_sigma_FitGauss_rms_err']
Aug 31 07:47:01 INFO >> Performing searching on cumulative stack 315.95 49.23
Aug 31 07:47:01 INFO >> Loading the cumulative power spectra stack to search
Aug 31 07:47:58 INFO >> DM: 193.79577348026496
Aug 31 07:47:58 INFO >> sigma: 13.222717969076097
Aug 31 07:47:58 INFO >> frequency: 20.52084313281806
Aug 31 07:47:58 INFO >> Injecting 24 harmonics.
Aug 31 07:47:58 INFO >> Starting DM: 188.73414524480896
Aug 31 07:47:58 INFO >> Stopping DM: 198.85393855552255
Aug 31 07:47:58 INFO >> Expected detection at 13.09 sigma with 8 harmonics.
Aug 31 07:48:12 INFO >> Start searching 6558 dm trials using 32 harmonics.
Aug 31 07:48:18 INFO >> Moved power spectra to shared memory.
Aug 31 07:48:18 INFO >> Number of dm trials in single multi processing job: 10
Aug 31 07:48:58 INFO >> Total number of detections=15687
Aug 31 07:48:58 INFO >> Clustering the detections
Aug 31 07:48:58 INFO >> Starting clustering
Aug 31 07:48:58 INFO >> Rogue harmonic power filter reduced detections from 15687 to 8629
Aug 31 07:48:59 INFO >> Filtering out duplicate freq,dm detections at multiple nharms removes 820 detections
Aug 31 07:48:59 INFO >> Duplicate freq,dm filter reduced detections to 7809
Aug 31 07:48:59 INFO >> Number of detections over threshold sigma (6.0): 7809
Aug 31 07:48:59 INFO >> Grouping duplicate frequencies together first
Aug 31 07:48:59 INFO >> Grouping duplicate frequencies removed 7270 detections from the harmonic metric computation
Aug 31 07:48:59 INFO >> Starting freq-DM distance metric computation
Aug 31 07:48:59 INFO >> Finished freq-DM distance metric computation
Aug 31 07:48:59 INFO >> Largest group size for metric computation is 97
Aug 31 07:48:59 INFO >> Starting harmonic distance metric computation
Aug 31 07:49:00 INFO >> Finished harmonic distance metric computation
Aug 31 07:49:00 INFO >> Starting DBSCAN
Aug 31 07:49:00 INFO >> Finished DBSCAN
Aug 31 07:49:00 INFO >> Clusters found: 76
Aug 31 07:49:00 INFO >> Filtered 32 clusters below or equal 2 DM.
Aug 31 07:49:00 INFO >> Total number of candidate clusters=1
Aug 31 07:49:00 INFO >> Candidate Processor of stack (315.95 49.23)
Aug 31 07:49:00 INFO >> Making SinglePointingCandidates from a list of 1 PowerSpectraDetectionClusters
Aug 31 07:49:02 INFO >> saved candidates to ./results//injections/315.95_49.23_cumulative_power_spectra_stack_20220627_11_tpa.yml_(478,)_candidates.npz
Aug 31 07:49:02 INFO >> Injected Pulsars:     1
Aug 31 07:49:02 INFO >> Injection Candidates: 1
Aug 31 07:49:02 INFO >> Recovered Injections: 1
Aug 31 07:49:02 INFO >> 1 candidates.
Aug 31 07:49:02 INFO >> Best candidate: F0: 20.521 DM: 193.79 Sigma: 12.60
Aug 31 07:49:04 INFO >> Unlinked shared memory for cumulative stack.
Aug 31 07:49:04 INFO >> Pipeline execution time: 2.06 minutes
