Aug 31 10:48:51 INFO >> {"message": "Waiting for suitable server to become available", "selector": "Primary()", "operation": "find", "topologyDescription": "<TopologyDescription id: 66d2f513aa2756047e07896d, topology_type: Unknown, servers: [<ServerDescription ('localhost', 27017) server_type: Unknown, rtt: None>]>", "clientId": {"$oid": "66d2f513aa2756047e07896d"}, "remainingTimeMS": 29}
Aug 31 10:48:51 INFO >> Features initialized as the following:
Aug 31 10:48:51 INFO >> num_unique_dms
Aug 31 10:48:51 INFO >> num_unique_freqs
Aug 31 10:48:51 INFO >> ndetections
Aug 31 10:48:51 INFO >> nharm
Aug 31 10:48:51 INFO >> log_p_dm
Aug 31 10:48:51 INFO >> ['dm_sigma_FitGaussWidth_gauss_sigma', 'dm_sigma_FitGaussWidth_gauss_sigma_rel_err', 'dm_sigma_FitGaussWidth_ndof', 'dm_sigma_FitGaussWidth_rms_err']
Aug 31 10:48:51 INFO >> ['dm_sigma_FitGauss_amplitude', 'dm_sigma_FitGauss_mu', 'dm_sigma_FitGauss_gauss_sigma', 'dm_sigma_FitGauss_amplitude_rel_err', 'dm_sigma_FitGauss_mu_rel_err', 'dm_sigma_FitGauss_gauss_sigma_rel_err', 'dm_sigma_FitGauss_amplitude-detection', 'dm_sigma_FitGauss_mu-detection', 'dm_sigma_FitGauss_ndof', 'dm_sigma_FitGauss_rms_err']
Aug 31 10:48:51 INFO >> ['freq_sigma_FitGaussWidth_gauss_sigma', 'freq_sigma_FitGaussWidth_gauss_sigma_rel_err', 'freq_sigma_FitGaussWidth_ndof', 'freq_sigma_FitGaussWidth_rms_err']
Aug 31 10:48:51 INFO >> ['freq_sigma_FitGauss_amplitude', 'freq_sigma_FitGauss_mu', 'freq_sigma_FitGauss_gauss_sigma', 'freq_sigma_FitGauss_amplitude_rel_err', 'freq_sigma_FitGauss_mu_rel_err', 'freq_sigma_FitGauss_gauss_sigma_rel_err', 'freq_sigma_FitGauss_amplitude-detection', 'freq_sigma_FitGauss_mu-detection', 'freq_sigma_FitGauss_ndof', 'freq_sigma_FitGauss_rms_err']
Aug 31 10:48:52 INFO >> Performing searching on cumulative stack 315.95 49.23
Aug 31 10:48:52 INFO >> Loading the cumulative power spectra stack to search
Aug 31 10:49:49 INFO >> DM: 75.06389859904618
Aug 31 10:49:49 INFO >> sigma: 14.457391766251757
Aug 31 10:49:49 INFO >> frequency: 33.09181746789419
Aug 31 10:49:49 INFO >> Injecting 15 harmonics.
Aug 31 10:49:49 INFO >> Starting DM: 71.95173043917382
Aug 31 10:49:49 INFO >> Stopping DM: 78.1248043587091
Aug 31 10:49:49 INFO >> Expected detection at 8.54 sigma with 8 harmonics.
Aug 31 10:50:03 INFO >> Start searching 6558 dm trials using 32 harmonics.
Aug 31 10:50:09 INFO >> Moved power spectra to shared memory.
Aug 31 10:50:09 INFO >> Number of dm trials in single multi processing job: 10
Aug 31 10:50:49 INFO >> Total number of detections=15587
Aug 31 10:50:49 INFO >> Clustering the detections
Aug 31 10:50:49 INFO >> Starting clustering
Aug 31 10:50:49 INFO >> Rogue harmonic power filter reduced detections from 15587 to 8529
Aug 31 10:50:49 INFO >> Filtering out duplicate freq,dm detections at multiple nharms removes 791 detections
Aug 31 10:50:49 INFO >> Duplicate freq,dm filter reduced detections to 7738
Aug 31 10:50:49 INFO >> Number of detections over threshold sigma (6.0): 7738
Aug 31 10:50:50 INFO >> Grouping duplicate frequencies together first
Aug 31 10:50:50 INFO >> Grouping duplicate frequencies removed 7217 detections from the harmonic metric computation
Aug 31 10:50:50 INFO >> Starting freq-DM distance metric computation
Aug 31 10:50:50 INFO >> Finished freq-DM distance metric computation
Aug 31 10:50:50 INFO >> Largest group size for metric computation is 97
Aug 31 10:50:50 INFO >> Starting harmonic distance metric computation
Aug 31 10:50:51 INFO >> Finished harmonic distance metric computation
Aug 31 10:50:51 INFO >> Starting DBSCAN
Aug 31 10:50:51 INFO >> Finished DBSCAN
Aug 31 10:50:51 INFO >> Clusters found: 76
Aug 31 10:50:51 INFO >> Filtered 32 clusters below or equal 2 DM.
Aug 31 10:50:51 INFO >> Total number of candidate clusters=1
Aug 31 10:50:51 INFO >> Candidate Processor of stack (315.95 49.23)
Aug 31 10:50:51 INFO >> Making SinglePointingCandidates from a list of 1 PowerSpectraDetectionClusters
Aug 31 10:50:53 INFO >> saved candidates to ./results//injections/315.95_49.23_cumulative_power_spectra_stack_20220627_11_tpa.yml_(565,)_candidates.npz
Aug 31 10:50:53 INFO >> Injected Pulsars:     1
Aug 31 10:50:53 INFO >> Injection Candidates: 1
Aug 31 10:50:53 INFO >> Recovered Injections: 1
Aug 31 10:50:53 INFO >> 1 candidates.
Aug 31 10:50:53 INFO >> Best candidate: F0: 33.092 DM: 75.09 Sigma: 8.75
Aug 31 10:50:55 INFO >> Unlinked shared memory for cumulative stack.
Aug 31 10:50:55 INFO >> Pipeline execution time: 2.06 minutes
