Aug 31 01:55:45 INFO >> {"message": "Waiting for suitable server to become available", "selector": "Primary()", "operation": "find", "topologyDescription": "<TopologyDescription id: 66d27821a533ba768f35c7e9, topology_type: Unknown, servers: [<ServerDescription ('localhost', 27017) server_type: Unknown, rtt: None>]>", "clientId": {"$oid": "66d27821a533ba768f35c7e9"}, "remainingTimeMS": 29}
Aug 31 01:55:46 INFO >> Features initialized as the following:
Aug 31 01:55:46 INFO >> num_unique_dms
Aug 31 01:55:46 INFO >> num_unique_freqs
Aug 31 01:55:46 INFO >> ndetections
Aug 31 01:55:46 INFO >> nharm
Aug 31 01:55:46 INFO >> log_p_dm
Aug 31 01:55:46 INFO >> ['dm_sigma_FitGaussWidth_gauss_sigma', 'dm_sigma_FitGaussWidth_gauss_sigma_rel_err', 'dm_sigma_FitGaussWidth_ndof', 'dm_sigma_FitGaussWidth_rms_err']
Aug 31 01:55:46 INFO >> ['dm_sigma_FitGauss_amplitude', 'dm_sigma_FitGauss_mu', 'dm_sigma_FitGauss_gauss_sigma', 'dm_sigma_FitGauss_amplitude_rel_err', 'dm_sigma_FitGauss_mu_rel_err', 'dm_sigma_FitGauss_gauss_sigma_rel_err', 'dm_sigma_FitGauss_amplitude-detection', 'dm_sigma_FitGauss_mu-detection', 'dm_sigma_FitGauss_ndof', 'dm_sigma_FitGauss_rms_err']
Aug 31 01:55:46 INFO >> ['freq_sigma_FitGaussWidth_gauss_sigma', 'freq_sigma_FitGaussWidth_gauss_sigma_rel_err', 'freq_sigma_FitGaussWidth_ndof', 'freq_sigma_FitGaussWidth_rms_err']
Aug 31 01:55:46 INFO >> ['freq_sigma_FitGauss_amplitude', 'freq_sigma_FitGauss_mu', 'freq_sigma_FitGauss_gauss_sigma', 'freq_sigma_FitGauss_amplitude_rel_err', 'freq_sigma_FitGauss_mu_rel_err', 'freq_sigma_FitGauss_gauss_sigma_rel_err', 'freq_sigma_FitGauss_amplitude-detection', 'freq_sigma_FitGauss_mu-detection', 'freq_sigma_FitGauss_ndof', 'freq_sigma_FitGauss_rms_err']
Aug 31 01:55:46 INFO >> Performing searching on cumulative stack 315.95 49.23
Aug 31 01:55:46 INFO >> Loading the cumulative power spectra stack to search
Aug 31 01:56:43 INFO >> DM: 50.039657997146506
Aug 31 01:56:43 INFO >> sigma: 7.296080743363417
Aug 31 01:56:43 INFO >> frequency: 139.24601822721812
Aug 31 01:56:43 INFO >> Injecting 3 harmonics.
Aug 31 01:56:43 INFO >> Starting DM: 49.283393423175305
Aug 31 01:56:43 INFO >> Stopping DM: 50.80136241978235
Aug 31 01:56:43 INFO >> Expected detection at 6.44 sigma with 2 harmonics.
Aug 31 01:56:57 INFO >> Start searching 6558 dm trials using 32 harmonics.
Aug 31 01:57:02 INFO >> Moved power spectra to shared memory.
Aug 31 01:57:02 INFO >> Number of dm trials in single multi processing job: 10
Aug 31 01:57:43 INFO >> Total number of detections=15581
Aug 31 01:57:43 INFO >> Clustering the detections
Aug 31 01:57:43 INFO >> Starting clustering
Aug 31 01:57:43 INFO >> Rogue harmonic power filter reduced detections from 15581 to 8523
Aug 31 01:57:43 INFO >> Filtering out duplicate freq,dm detections at multiple nharms removes 787 detections
Aug 31 01:57:43 INFO >> Duplicate freq,dm filter reduced detections to 7736
Aug 31 01:57:43 INFO >> Number of detections over threshold sigma (6.0): 7736
Aug 31 01:57:43 INFO >> Grouping duplicate frequencies together first
Aug 31 01:57:43 INFO >> Grouping duplicate frequencies removed 7216 detections from the harmonic metric computation
Aug 31 01:57:43 INFO >> Starting freq-DM distance metric computation
Aug 31 01:57:43 INFO >> Finished freq-DM distance metric computation
Aug 31 01:57:44 INFO >> Largest group size for metric computation is 97
Aug 31 01:57:44 INFO >> Starting harmonic distance metric computation
Aug 31 01:57:44 INFO >> Finished harmonic distance metric computation
Aug 31 01:57:44 INFO >> Starting DBSCAN
Aug 31 01:57:45 INFO >> Finished DBSCAN
Aug 31 01:57:45 INFO >> Clusters found: 75
Aug 31 01:57:45 INFO >> Filtered 32 clusters below or equal 2 DM.
Aug 31 01:57:45 INFO >> Total number of candidate clusters=0
Aug 31 01:57:45 INFO >> Candidate Processor of stack (315.95 49.23)
Aug 31 01:57:45 INFO >> Making SinglePointingCandidates from a list of 0 PowerSpectraDetectionClusters
Aug 31 01:57:47 INFO >> saved candidates to ./results//injections/315.95_49.23_cumulative_power_spectra_stack_20220627_11_tpa.yml_(310,)_candidates.npz
Aug 31 01:57:47 INFO >> Injected Pulsars:     1
Aug 31 01:57:47 INFO >> Injection Candidates: 0
Aug 31 01:57:47 INFO >> Recovered Injections: 0
Aug 31 01:57:47 INFO >> 0 candidates.
Aug 31 01:57:48 INFO >> Unlinked shared memory for cumulative stack.
Aug 31 01:57:48 INFO >> Pipeline execution time: 2.04 minutes
