Aug 31 03:10:59 INFO >> {"message": "Waiting for suitable server to become available", "selector": "Primary()", "operation": "find", "topologyDescription": "<TopologyDescription id: 66d289c3757fe050176e1b09, topology_type: Unknown, servers: [<ServerDescription ('localhost', 27017) server_type: Unknown, rtt: None>]>", "clientId": {"$oid": "66d289c3757fe050176e1b09"}, "remainingTimeMS": 29}
Aug 31 03:10:59 INFO >> Features initialized as the following:
Aug 31 03:10:59 INFO >> num_unique_dms
Aug 31 03:10:59 INFO >> num_unique_freqs
Aug 31 03:10:59 INFO >> ndetections
Aug 31 03:10:59 INFO >> nharm
Aug 31 03:10:59 INFO >> log_p_dm
Aug 31 03:10:59 INFO >> ['dm_sigma_FitGaussWidth_gauss_sigma', 'dm_sigma_FitGaussWidth_gauss_sigma_rel_err', 'dm_sigma_FitGaussWidth_ndof', 'dm_sigma_FitGaussWidth_rms_err']
Aug 31 03:10:59 INFO >> ['dm_sigma_FitGauss_amplitude', 'dm_sigma_FitGauss_mu', 'dm_sigma_FitGauss_gauss_sigma', 'dm_sigma_FitGauss_amplitude_rel_err', 'dm_sigma_FitGauss_mu_rel_err', 'dm_sigma_FitGauss_gauss_sigma_rel_err', 'dm_sigma_FitGauss_amplitude-detection', 'dm_sigma_FitGauss_mu-detection', 'dm_sigma_FitGauss_ndof', 'dm_sigma_FitGauss_rms_err']
Aug 31 03:10:59 INFO >> ['freq_sigma_FitGaussWidth_gauss_sigma', 'freq_sigma_FitGaussWidth_gauss_sigma_rel_err', 'freq_sigma_FitGaussWidth_ndof', 'freq_sigma_FitGaussWidth_rms_err']
Aug 31 03:10:59 INFO >> ['freq_sigma_FitGauss_amplitude', 'freq_sigma_FitGauss_mu', 'freq_sigma_FitGauss_gauss_sigma', 'freq_sigma_FitGauss_amplitude_rel_err', 'freq_sigma_FitGauss_mu_rel_err', 'freq_sigma_FitGauss_gauss_sigma_rel_err', 'freq_sigma_FitGauss_amplitude-detection', 'freq_sigma_FitGauss_mu-detection', 'freq_sigma_FitGauss_ndof', 'freq_sigma_FitGauss_rms_err']
Aug 31 03:11:00 INFO >> Performing searching on cumulative stack 315.95 49.23
Aug 31 03:11:00 INFO >> Loading the cumulative power spectra stack to search
Aug 31 03:11:57 INFO >> DM: 62.30857137480444
Aug 31 03:11:57 INFO >> sigma: 15.14513547923325
Aug 31 03:11:57 INFO >> frequency: 116.62088460446215
Aug 31 03:11:57 INFO >> Injecting 4 harmonics.
Aug 31 03:11:57 INFO >> Starting DM: 61.42714539603165
Aug 31 03:11:57 INFO >> Stopping DM: 63.147510258852954
Aug 31 03:11:57 INFO >> Expected detection at 11.10 sigma with 4 harmonics.
Aug 31 03:12:11 INFO >> Start searching 6558 dm trials using 32 harmonics.
Aug 31 03:12:17 INFO >> Moved power spectra to shared memory.
Aug 31 03:12:17 INFO >> Number of dm trials in single multi processing job: 10
Aug 31 03:12:57 INFO >> Total number of detections=15606
Aug 31 03:12:57 INFO >> Clustering the detections
Aug 31 03:12:57 INFO >> Starting clustering
Aug 31 03:12:57 INFO >> Rogue harmonic power filter reduced detections from 15606 to 8547
Aug 31 03:12:57 INFO >> Filtering out duplicate freq,dm detections at multiple nharms removes 799 detections
Aug 31 03:12:57 INFO >> Duplicate freq,dm filter reduced detections to 7748
Aug 31 03:12:57 INFO >> Number of detections over threshold sigma (6.0): 7748
Aug 31 03:12:57 INFO >> Grouping duplicate frequencies together first
Aug 31 03:12:57 INFO >> Grouping duplicate frequencies removed 7221 detections from the harmonic metric computation
Aug 31 03:12:57 INFO >> Starting freq-DM distance metric computation
Aug 31 03:12:57 INFO >> Finished freq-DM distance metric computation
Aug 31 03:12:58 INFO >> Largest group size for metric computation is 97
Aug 31 03:12:58 INFO >> Starting harmonic distance metric computation
Aug 31 03:12:58 INFO >> Finished harmonic distance metric computation
Aug 31 03:12:58 INFO >> Starting DBSCAN
Aug 31 03:12:59 INFO >> Finished DBSCAN
Aug 31 03:12:59 INFO >> Clusters found: 76
Aug 31 03:12:59 INFO >> Filtered 32 clusters below or equal 2 DM.
Aug 31 03:12:59 INFO >> Total number of candidate clusters=1
Aug 31 03:12:59 INFO >> Candidate Processor of stack (315.95 49.23)
Aug 31 03:12:59 INFO >> Making SinglePointingCandidates from a list of 1 PowerSpectraDetectionClusters
Aug 31 03:13:01 INFO >> saved candidates to ./results//injections/315.95_49.23_cumulative_power_spectra_stack_20220627_11_tpa.yml_(346,)_candidates.npz
Aug 31 03:13:01 INFO >> Injected Pulsars:     1
Aug 31 03:13:01 INFO >> Injection Candidates: 1
Aug 31 03:13:01 INFO >> Recovered Injections: 1
Aug 31 03:13:01 INFO >> 1 candidates.
Aug 31 03:13:01 INFO >> Best candidate: F0: 116.621 DM: 62.34 Sigma: 10.98
Aug 31 03:13:02 INFO >> Unlinked shared memory for cumulative stack.
Aug 31 03:13:02 INFO >> Pipeline execution time: 2.05 minutes
