Aug 31 02:12:28 INFO >> {"message": "Waiting for suitable server to become available", "selector": "Primary()", "operation": "find", "topologyDescription": "<TopologyDescription id: 66d27c0c77c68290b126e2c1, topology_type: Unknown, servers: [<ServerDescription ('localhost', 27017) server_type: Unknown, rtt: None>]>", "clientId": {"$oid": "66d27c0c77c68290b126e2c1"}, "remainingTimeMS": 29}
Aug 31 02:12:28 INFO >> Features initialized as the following:
Aug 31 02:12:28 INFO >> num_unique_dms
Aug 31 02:12:28 INFO >> num_unique_freqs
Aug 31 02:12:28 INFO >> ndetections
Aug 31 02:12:28 INFO >> nharm
Aug 31 02:12:28 INFO >> log_p_dm
Aug 31 02:12:28 INFO >> ['dm_sigma_FitGaussWidth_gauss_sigma', 'dm_sigma_FitGaussWidth_gauss_sigma_rel_err', 'dm_sigma_FitGaussWidth_ndof', 'dm_sigma_FitGaussWidth_rms_err']
Aug 31 02:12:28 INFO >> ['dm_sigma_FitGauss_amplitude', 'dm_sigma_FitGauss_mu', 'dm_sigma_FitGauss_gauss_sigma', 'dm_sigma_FitGauss_amplitude_rel_err', 'dm_sigma_FitGauss_mu_rel_err', 'dm_sigma_FitGauss_gauss_sigma_rel_err', 'dm_sigma_FitGauss_amplitude-detection', 'dm_sigma_FitGauss_mu-detection', 'dm_sigma_FitGauss_ndof', 'dm_sigma_FitGauss_rms_err']
Aug 31 02:12:28 INFO >> ['freq_sigma_FitGaussWidth_gauss_sigma', 'freq_sigma_FitGaussWidth_gauss_sigma_rel_err', 'freq_sigma_FitGaussWidth_ndof', 'freq_sigma_FitGaussWidth_rms_err']
Aug 31 02:12:28 INFO >> ['freq_sigma_FitGauss_amplitude', 'freq_sigma_FitGauss_mu', 'freq_sigma_FitGauss_gauss_sigma', 'freq_sigma_FitGauss_amplitude_rel_err', 'freq_sigma_FitGauss_mu_rel_err', 'freq_sigma_FitGauss_gauss_sigma_rel_err', 'freq_sigma_FitGauss_amplitude-detection', 'freq_sigma_FitGauss_mu-detection', 'freq_sigma_FitGauss_ndof', 'freq_sigma_FitGauss_rms_err']
Aug 31 02:12:28 INFO >> Performing searching on cumulative stack 315.95 49.23
Aug 31 02:12:28 INFO >> Loading the cumulative power spectra stack to search
Aug 31 02:13:26 INFO >> DM: 160.9211514835804
Aug 31 02:13:26 INFO >> sigma: 15.844997367310164
Aug 31 02:13:26 INFO >> frequency: 34.948612776791165
Aug 31 02:13:26 INFO >> Injecting 14 harmonics.
Aug 31 02:13:26 INFO >> Starting DM: 157.96997358023953
Aug 31 02:13:26 INFO >> Stopping DM: 163.83945370045342
Aug 31 02:13:26 INFO >> Expected detection at 8.57 sigma with 8 harmonics.
Aug 31 02:13:40 INFO >> Start searching 6558 dm trials using 32 harmonics.
Aug 31 02:13:45 INFO >> Moved power spectra to shared memory.
Aug 31 02:13:45 INFO >> Number of dm trials in single multi processing job: 10
Aug 31 02:14:26 INFO >> Total number of detections=15585
Aug 31 02:14:26 INFO >> Clustering the detections
Aug 31 02:14:26 INFO >> Starting clustering
Aug 31 02:14:26 INFO >> Rogue harmonic power filter reduced detections from 15585 to 8527
Aug 31 02:14:26 INFO >> Filtering out duplicate freq,dm detections at multiple nharms removes 788 detections
Aug 31 02:14:26 INFO >> Duplicate freq,dm filter reduced detections to 7739
Aug 31 02:14:26 INFO >> Number of detections over threshold sigma (6.0): 7739
Aug 31 02:14:26 INFO >> Grouping duplicate frequencies together first
Aug 31 02:14:26 INFO >> Grouping duplicate frequencies removed 7217 detections from the harmonic metric computation
Aug 31 02:14:26 INFO >> Starting freq-DM distance metric computation
Aug 31 02:14:26 INFO >> Finished freq-DM distance metric computation
Aug 31 02:14:26 INFO >> Largest group size for metric computation is 97
Aug 31 02:14:26 INFO >> Starting harmonic distance metric computation
Aug 31 02:14:27 INFO >> Finished harmonic distance metric computation
Aug 31 02:14:27 INFO >> Starting DBSCAN
Aug 31 02:14:27 INFO >> Finished DBSCAN
Aug 31 02:14:27 INFO >> Clusters found: 76
Aug 31 02:14:27 INFO >> Filtered 32 clusters below or equal 2 DM.
Aug 31 02:14:27 INFO >> Total number of candidate clusters=1
Aug 31 02:14:27 INFO >> Candidate Processor of stack (315.95 49.23)
Aug 31 02:14:27 INFO >> Making SinglePointingCandidates from a list of 1 PowerSpectraDetectionClusters
Aug 31 02:14:29 INFO >> saved candidates to ./results//injections/315.95_49.23_cumulative_power_spectra_stack_20220627_11_tpa.yml_(318,)_candidates.npz
Aug 31 02:14:29 INFO >> Injected Pulsars:     1
Aug 31 02:14:29 INFO >> Injection Candidates: 1
Aug 31 02:14:29 INFO >> Recovered Injections: 1
Aug 31 02:14:29 INFO >> 1 candidates.
Aug 31 02:14:29 INFO >> Best candidate: F0: 34.949 DM: 160.90 Sigma: 8.11
Aug 31 02:14:31 INFO >> Unlinked shared memory for cumulative stack.
Aug 31 02:14:31 INFO >> Pipeline execution time: 2.05 minutes
