Aug 31 11:18:05 INFO >> {"message": "Waiting for suitable server to become available", "selector": "Primary()", "operation": "find", "topologyDescription": "<TopologyDescription id: 66d2fbed74e360ab12ac64a1, topology_type: Unknown, servers: [<ServerDescription ('localhost', 27017) server_type: Unknown, rtt: None>]>", "clientId": {"$oid": "66d2fbed74e360ab12ac64a1"}, "remainingTimeMS": 29}
Aug 31 11:18:05 INFO >> Features initialized as the following:
Aug 31 11:18:05 INFO >> num_unique_dms
Aug 31 11:18:05 INFO >> num_unique_freqs
Aug 31 11:18:05 INFO >> ndetections
Aug 31 11:18:05 INFO >> nharm
Aug 31 11:18:05 INFO >> log_p_dm
Aug 31 11:18:05 INFO >> ['dm_sigma_FitGaussWidth_gauss_sigma', 'dm_sigma_FitGaussWidth_gauss_sigma_rel_err', 'dm_sigma_FitGaussWidth_ndof', 'dm_sigma_FitGaussWidth_rms_err']
Aug 31 11:18:05 INFO >> ['dm_sigma_FitGauss_amplitude', 'dm_sigma_FitGauss_mu', 'dm_sigma_FitGauss_gauss_sigma', 'dm_sigma_FitGauss_amplitude_rel_err', 'dm_sigma_FitGauss_mu_rel_err', 'dm_sigma_FitGauss_gauss_sigma_rel_err', 'dm_sigma_FitGauss_amplitude-detection', 'dm_sigma_FitGauss_mu-detection', 'dm_sigma_FitGauss_ndof', 'dm_sigma_FitGauss_rms_err']
Aug 31 11:18:05 INFO >> ['freq_sigma_FitGaussWidth_gauss_sigma', 'freq_sigma_FitGaussWidth_gauss_sigma_rel_err', 'freq_sigma_FitGaussWidth_ndof', 'freq_sigma_FitGaussWidth_rms_err']
Aug 31 11:18:05 INFO >> ['freq_sigma_FitGauss_amplitude', 'freq_sigma_FitGauss_mu', 'freq_sigma_FitGauss_gauss_sigma', 'freq_sigma_FitGauss_amplitude_rel_err', 'freq_sigma_FitGauss_mu_rel_err', 'freq_sigma_FitGauss_gauss_sigma_rel_err', 'freq_sigma_FitGauss_amplitude-detection', 'freq_sigma_FitGauss_mu-detection', 'freq_sigma_FitGauss_ndof', 'freq_sigma_FitGauss_rms_err']
Aug 31 11:18:05 INFO >> Performing searching on cumulative stack 315.95 49.23
Aug 31 11:18:05 INFO >> Loading the cumulative power spectra stack to search
Aug 31 11:19:03 INFO >> DM: 93.36490323744005
Aug 31 11:19:03 INFO >> sigma: 13.665512032735165
Aug 31 11:19:03 INFO >> frequency: 21.500551947962165
Aug 31 11:19:03 INFO >> Injecting 23 harmonics.
Aug 31 11:19:03 INFO >> Starting DM: 88.54819146874414
Aug 31 11:19:03 INFO >> Stopping DM: 98.16199511392207
Aug 31 11:19:03 INFO >> Expected detection at 11.85 sigma with 8 harmonics.
Aug 31 11:19:17 INFO >> Start searching 6558 dm trials using 32 harmonics.
Aug 31 11:19:23 INFO >> Moved power spectra to shared memory.
Aug 31 11:19:23 INFO >> Number of dm trials in single multi processing job: 10
Aug 31 11:20:03 INFO >> Total number of detections=15643
Aug 31 11:20:03 INFO >> Clustering the detections
Aug 31 11:20:03 INFO >> Starting clustering
Aug 31 11:20:03 INFO >> Rogue harmonic power filter reduced detections from 15643 to 8585
Aug 31 11:20:03 INFO >> Filtering out duplicate freq,dm detections at multiple nharms removes 806 detections
Aug 31 11:20:03 INFO >> Duplicate freq,dm filter reduced detections to 7779
Aug 31 11:20:03 INFO >> Number of detections over threshold sigma (6.0): 7779
Aug 31 11:20:03 INFO >> Grouping duplicate frequencies together first
Aug 31 11:20:03 INFO >> Grouping duplicate frequencies removed 7250 detections from the harmonic metric computation
Aug 31 11:20:03 INFO >> Starting freq-DM distance metric computation
Aug 31 11:20:03 INFO >> Finished freq-DM distance metric computation
Aug 31 11:20:04 INFO >> Largest group size for metric computation is 97
Aug 31 11:20:04 INFO >> Starting harmonic distance metric computation
Aug 31 11:20:04 INFO >> Finished harmonic distance metric computation
Aug 31 11:20:04 INFO >> Starting DBSCAN
Aug 31 11:20:05 INFO >> Finished DBSCAN
Aug 31 11:20:05 INFO >> Clusters found: 76
Aug 31 11:20:05 INFO >> Filtered 32 clusters below or equal 2 DM.
Aug 31 11:20:05 INFO >> Total number of candidate clusters=1
Aug 31 11:20:05 INFO >> Candidate Processor of stack (315.95 49.23)
Aug 31 11:20:05 INFO >> Making SinglePointingCandidates from a list of 1 PowerSpectraDetectionClusters
Aug 31 11:20:07 INFO >> saved candidates to ./results//injections/315.95_49.23_cumulative_power_spectra_stack_20220627_11_tpa.yml_(579,)_candidates.npz
Aug 31 11:20:07 INFO >> Injected Pulsars:     1
Aug 31 11:20:07 INFO >> Injection Candidates: 1
Aug 31 11:20:07 INFO >> Recovered Injections: 1
Aug 31 11:20:07 INFO >> 1 candidates.
Aug 31 11:20:07 INFO >> Best candidate: F0: 21.501 DM: 93.41 Sigma: 12.30
Aug 31 11:20:08 INFO >> Unlinked shared memory for cumulative stack.
Aug 31 11:20:08 INFO >> Pipeline execution time: 2.06 minutes
