Aug 31 08:30:50 INFO >> {"message": "Waiting for suitable server to become available", "selector": "Primary()", "operation": "find", "topologyDescription": "<TopologyDescription id: 66d2d4ba94755556d1d3820b, topology_type: Unknown, servers: [<ServerDescription ('localhost', 27017) server_type: Unknown, rtt: None>]>", "clientId": {"$oid": "66d2d4ba94755556d1d3820b"}, "remainingTimeMS": 29}
Aug 31 08:30:50 INFO >> Features initialized as the following:
Aug 31 08:30:50 INFO >> num_unique_dms
Aug 31 08:30:50 INFO >> num_unique_freqs
Aug 31 08:30:50 INFO >> ndetections
Aug 31 08:30:50 INFO >> nharm
Aug 31 08:30:50 INFO >> log_p_dm
Aug 31 08:30:50 INFO >> ['dm_sigma_FitGaussWidth_gauss_sigma', 'dm_sigma_FitGaussWidth_gauss_sigma_rel_err', 'dm_sigma_FitGaussWidth_ndof', 'dm_sigma_FitGaussWidth_rms_err']
Aug 31 08:30:50 INFO >> ['dm_sigma_FitGauss_amplitude', 'dm_sigma_FitGauss_mu', 'dm_sigma_FitGauss_gauss_sigma', 'dm_sigma_FitGauss_amplitude_rel_err', 'dm_sigma_FitGauss_mu_rel_err', 'dm_sigma_FitGauss_gauss_sigma_rel_err', 'dm_sigma_FitGauss_amplitude-detection', 'dm_sigma_FitGauss_mu-detection', 'dm_sigma_FitGauss_ndof', 'dm_sigma_FitGauss_rms_err']
Aug 31 08:30:50 INFO >> ['freq_sigma_FitGaussWidth_gauss_sigma', 'freq_sigma_FitGaussWidth_gauss_sigma_rel_err', 'freq_sigma_FitGaussWidth_ndof', 'freq_sigma_FitGaussWidth_rms_err']
Aug 31 08:30:50 INFO >> ['freq_sigma_FitGauss_amplitude', 'freq_sigma_FitGauss_mu', 'freq_sigma_FitGauss_gauss_sigma', 'freq_sigma_FitGauss_amplitude_rel_err', 'freq_sigma_FitGauss_mu_rel_err', 'freq_sigma_FitGauss_gauss_sigma_rel_err', 'freq_sigma_FitGauss_amplitude-detection', 'freq_sigma_FitGauss_mu-detection', 'freq_sigma_FitGauss_ndof', 'freq_sigma_FitGauss_rms_err']
Aug 31 08:30:50 INFO >> Performing searching on cumulative stack 315.95 49.23
Aug 31 08:30:50 INFO >> Loading the cumulative power spectra stack to search
Aug 31 08:31:47 INFO >> DM: 65.78252197653174
Aug 31 08:31:47 INFO >> sigma: 14.374312879401861
Aug 31 08:31:47 INFO >> frequency: 122.15931572458344
Aug 31 08:31:47 INFO >> Injecting 4 harmonics.
Aug 31 08:31:47 INFO >> Starting DM: 64.96907305478142
Aug 31 08:31:47 INFO >> Stopping DM: 66.58823998449559
Aug 31 08:31:47 INFO >> Expected detection at 12.16 sigma with 2 harmonics.
Aug 31 08:32:01 INFO >> Start searching 6558 dm trials using 32 harmonics.
Aug 31 08:32:07 INFO >> Moved power spectra to shared memory.
Aug 31 08:32:07 INFO >> Number of dm trials in single multi processing job: 10
Aug 31 08:32:48 INFO >> Total number of detections=15633
Aug 31 08:32:48 INFO >> Clustering the detections
Aug 31 08:32:48 INFO >> Starting clustering
Aug 31 08:32:48 INFO >> Rogue harmonic power filter reduced detections from 15633 to 8543
Aug 31 08:32:48 INFO >> Filtering out duplicate freq,dm detections at multiple nharms removes 794 detections
Aug 31 08:32:48 INFO >> Duplicate freq,dm filter reduced detections to 7749
Aug 31 08:32:48 INFO >> Number of detections over threshold sigma (6.0): 7749
Aug 31 08:32:48 INFO >> Grouping duplicate frequencies together first
Aug 31 08:32:48 INFO >> Grouping duplicate frequencies removed 7224 detections from the harmonic metric computation
Aug 31 08:32:48 INFO >> Starting freq-DM distance metric computation
Aug 31 08:32:48 INFO >> Finished freq-DM distance metric computation
Aug 31 08:32:48 INFO >> Largest group size for metric computation is 97
Aug 31 08:32:48 INFO >> Starting harmonic distance metric computation
Aug 31 08:32:49 INFO >> Finished harmonic distance metric computation
Aug 31 08:32:49 INFO >> Starting DBSCAN
Aug 31 08:32:49 INFO >> Finished DBSCAN
Aug 31 08:32:49 INFO >> Clusters found: 76
Aug 31 08:32:49 INFO >> Filtered 32 clusters below or equal 2 DM.
Aug 31 08:32:49 INFO >> Total number of candidate clusters=1
Aug 31 08:32:49 INFO >> Candidate Processor of stack (315.95 49.23)
Aug 31 08:32:49 INFO >> Making SinglePointingCandidates from a list of 1 PowerSpectraDetectionClusters
Aug 31 08:32:51 INFO >> saved candidates to ./results//injections/315.95_49.23_cumulative_power_spectra_stack_20220627_11_tpa.yml_(499,)_candidates.npz
Aug 31 08:32:51 INFO >> Injected Pulsars:     1
Aug 31 08:32:51 INFO >> Injection Candidates: 1
Aug 31 08:32:51 INFO >> Recovered Injections: 1
Aug 31 08:32:51 INFO >> 1 candidates.
Aug 31 08:32:51 INFO >> Best candidate: F0: 122.159 DM: 65.78 Sigma: 11.85
Aug 31 08:32:53 INFO >> Unlinked shared memory for cumulative stack.
Aug 31 08:32:53 INFO >> Pipeline execution time: 2.05 minutes
