Aug 31 15:58:05 INFO >> {"message": "Waiting for suitable server to become available", "selector": "Primary()", "operation": "find", "topologyDescription": "<TopologyDescription id: 66d33d8d113f69bac45f8082, topology_type: Unknown, servers: [<ServerDescription ('localhost', 27017) server_type: Unknown, rtt: None>]>", "clientId": {"$oid": "66d33d8d113f69bac45f8082"}, "remainingTimeMS": 29}
Aug 31 15:58:06 INFO >> Features initialized as the following:
Aug 31 15:58:06 INFO >> num_unique_dms
Aug 31 15:58:06 INFO >> num_unique_freqs
Aug 31 15:58:06 INFO >> ndetections
Aug 31 15:58:06 INFO >> nharm
Aug 31 15:58:06 INFO >> log_p_dm
Aug 31 15:58:06 INFO >> ['dm_sigma_FitGaussWidth_gauss_sigma', 'dm_sigma_FitGaussWidth_gauss_sigma_rel_err', 'dm_sigma_FitGaussWidth_ndof', 'dm_sigma_FitGaussWidth_rms_err']
Aug 31 15:58:06 INFO >> ['dm_sigma_FitGauss_amplitude', 'dm_sigma_FitGauss_mu', 'dm_sigma_FitGauss_gauss_sigma', 'dm_sigma_FitGauss_amplitude_rel_err', 'dm_sigma_FitGauss_mu_rel_err', 'dm_sigma_FitGauss_gauss_sigma_rel_err', 'dm_sigma_FitGauss_amplitude-detection', 'dm_sigma_FitGauss_mu-detection', 'dm_sigma_FitGauss_ndof', 'dm_sigma_FitGauss_rms_err']
Aug 31 15:58:06 INFO >> ['freq_sigma_FitGaussWidth_gauss_sigma', 'freq_sigma_FitGaussWidth_gauss_sigma_rel_err', 'freq_sigma_FitGaussWidth_ndof', 'freq_sigma_FitGaussWidth_rms_err']
Aug 31 15:58:06 INFO >> ['freq_sigma_FitGauss_amplitude', 'freq_sigma_FitGauss_mu', 'freq_sigma_FitGauss_gauss_sigma', 'freq_sigma_FitGauss_amplitude_rel_err', 'freq_sigma_FitGauss_mu_rel_err', 'freq_sigma_FitGauss_gauss_sigma_rel_err', 'freq_sigma_FitGauss_amplitude-detection', 'freq_sigma_FitGauss_mu-detection', 'freq_sigma_FitGauss_ndof', 'freq_sigma_FitGauss_rms_err']
Aug 31 15:58:06 INFO >> Performing searching on cumulative stack 315.95 49.23
Aug 31 15:58:06 INFO >> Loading the cumulative power spectra stack to search
Aug 31 15:59:03 INFO >> DM: 124.35629361613178
Aug 31 15:59:03 INFO >> sigma: 9.442321925804695
Aug 31 15:59:03 INFO >> frequency: 37.047781888585476
Aug 31 15:59:03 INFO >> Injecting 13 harmonics.
Aug 31 15:59:03 INFO >> Starting DM: 121.53871766167052
Aug 31 15:59:03 INFO >> Stopping DM: 127.10460398256302
Aug 31 15:59:03 INFO >> Expected detection at 7.25 sigma with 8 harmonics.
Aug 31 15:59:17 INFO >> Start searching 6558 dm trials using 32 harmonics.
Aug 31 15:59:23 INFO >> Moved power spectra to shared memory.
Aug 31 15:59:23 INFO >> Number of dm trials in single multi processing job: 10
Aug 31 16:00:03 INFO >> Total number of detections=15586
Aug 31 16:00:03 INFO >> Clustering the detections
Aug 31 16:00:03 INFO >> Starting clustering
Aug 31 16:00:03 INFO >> Rogue harmonic power filter reduced detections from 15586 to 8528
Aug 31 16:00:03 INFO >> Filtering out duplicate freq,dm detections at multiple nharms removes 789 detections
Aug 31 16:00:03 INFO >> Duplicate freq,dm filter reduced detections to 7739
Aug 31 16:00:03 INFO >> Number of detections over threshold sigma (6.0): 7739
Aug 31 16:00:03 INFO >> Grouping duplicate frequencies together first
Aug 31 16:00:03 INFO >> Grouping duplicate frequencies removed 7217 detections from the harmonic metric computation
Aug 31 16:00:03 INFO >> Starting freq-DM distance metric computation
Aug 31 16:00:04 INFO >> Finished freq-DM distance metric computation
Aug 31 16:00:04 INFO >> Largest group size for metric computation is 97
Aug 31 16:00:04 INFO >> Starting harmonic distance metric computation
Aug 31 16:00:04 INFO >> Finished harmonic distance metric computation
Aug 31 16:00:04 INFO >> Starting DBSCAN
Aug 31 16:00:05 INFO >> Finished DBSCAN
Aug 31 16:00:05 INFO >> Clusters found: 76
Aug 31 16:00:05 INFO >> Filtered 32 clusters below or equal 2 DM.
Aug 31 16:00:05 INFO >> Total number of candidate clusters=1
Aug 31 16:00:05 INFO >> Candidate Processor of stack (315.95 49.23)
Aug 31 16:00:05 INFO >> Making SinglePointingCandidates from a list of 1 PowerSpectraDetectionClusters
Aug 31 16:00:07 INFO >> saved candidates to ./results//injections/315.95_49.23_cumulative_power_spectra_stack_20220627_11_tpa.yml_(713,)_candidates.npz
Aug 31 16:00:07 INFO >> Injected Pulsars:     1
Aug 31 16:00:07 INFO >> Injection Candidates: 1
Aug 31 16:00:07 INFO >> Recovered Injections: 1
Aug 31 16:00:07 INFO >> 1 candidates.
Aug 31 16:00:07 INFO >> Best candidate: F0: 37.048 DM: 124.37 Sigma: 7.80
Aug 31 16:00:08 INFO >> Unlinked shared memory for cumulative stack.
Aug 31 16:00:08 INFO >> Pipeline execution time: 2.05 minutes
