Aug 31 08:39:13 INFO >> {"message": "Waiting for suitable server to become available", "selector": "Primary()", "operation": "find", "topologyDescription": "<TopologyDescription id: 66d2d6b1a142c1a9ed07a4f2, topology_type: Unknown, servers: [<ServerDescription ('localhost', 27017) server_type: Unknown, rtt: None>]>", "clientId": {"$oid": "66d2d6b1a142c1a9ed07a4f2"}, "remainingTimeMS": 29}
Aug 31 08:39:13 INFO >> Features initialized as the following:
Aug 31 08:39:13 INFO >> num_unique_dms
Aug 31 08:39:13 INFO >> num_unique_freqs
Aug 31 08:39:13 INFO >> ndetections
Aug 31 08:39:13 INFO >> nharm
Aug 31 08:39:13 INFO >> log_p_dm
Aug 31 08:39:13 INFO >> ['dm_sigma_FitGaussWidth_gauss_sigma', 'dm_sigma_FitGaussWidth_gauss_sigma_rel_err', 'dm_sigma_FitGaussWidth_ndof', 'dm_sigma_FitGaussWidth_rms_err']
Aug 31 08:39:13 INFO >> ['dm_sigma_FitGauss_amplitude', 'dm_sigma_FitGauss_mu', 'dm_sigma_FitGauss_gauss_sigma', 'dm_sigma_FitGauss_amplitude_rel_err', 'dm_sigma_FitGauss_mu_rel_err', 'dm_sigma_FitGauss_gauss_sigma_rel_err', 'dm_sigma_FitGauss_amplitude-detection', 'dm_sigma_FitGauss_mu-detection', 'dm_sigma_FitGauss_ndof', 'dm_sigma_FitGauss_rms_err']
Aug 31 08:39:13 INFO >> ['freq_sigma_FitGaussWidth_gauss_sigma', 'freq_sigma_FitGaussWidth_gauss_sigma_rel_err', 'freq_sigma_FitGaussWidth_ndof', 'freq_sigma_FitGaussWidth_rms_err']
Aug 31 08:39:13 INFO >> ['freq_sigma_FitGauss_amplitude', 'freq_sigma_FitGauss_mu', 'freq_sigma_FitGauss_gauss_sigma', 'freq_sigma_FitGauss_amplitude_rel_err', 'freq_sigma_FitGauss_mu_rel_err', 'freq_sigma_FitGauss_gauss_sigma_rel_err', 'freq_sigma_FitGauss_amplitude-detection', 'freq_sigma_FitGauss_mu-detection', 'freq_sigma_FitGauss_ndof', 'freq_sigma_FitGauss_rms_err']
Aug 31 08:39:13 INFO >> Performing searching on cumulative stack 315.95 49.23
Aug 31 08:39:13 INFO >> Loading the cumulative power spectra stack to search
Aug 31 08:40:11 INFO >> DM: 41.788313270933784
Aug 31 08:40:11 INFO >> sigma: 16.55349318048109
Aug 31 08:40:11 INFO >> frequency: 49.478030525518506
Aug 31 08:40:11 INFO >> Injecting 10 harmonics.
Aug 31 08:40:11 INFO >> Starting DM: 39.66958977799737
Aug 31 08:40:11 INFO >> Stopping DM: 43.818705035389954
Aug 31 08:40:11 INFO >> Expected detection at 11.66 sigma with 8 harmonics.
Aug 31 08:40:25 INFO >> Start searching 6558 dm trials using 32 harmonics.
Aug 31 08:40:31 INFO >> Moved power spectra to shared memory.
Aug 31 08:40:31 INFO >> Number of dm trials in single multi processing job: 10
Aug 31 08:41:12 INFO >> Total number of detections=15594
Aug 31 08:41:12 INFO >> Clustering the detections
Aug 31 08:41:12 INFO >> Starting clustering
Aug 31 08:41:12 INFO >> Rogue harmonic power filter reduced detections from 15594 to 8536
Aug 31 08:41:12 INFO >> Filtering out duplicate freq,dm detections at multiple nharms removes 792 detections
Aug 31 08:41:12 INFO >> Duplicate freq,dm filter reduced detections to 7744
Aug 31 08:41:12 INFO >> Number of detections over threshold sigma (6.0): 7744
Aug 31 08:41:12 INFO >> Grouping duplicate frequencies together first
Aug 31 08:41:12 INFO >> Grouping duplicate frequencies removed 7220 detections from the harmonic metric computation
Aug 31 08:41:12 INFO >> Starting freq-DM distance metric computation
Aug 31 08:41:12 INFO >> Finished freq-DM distance metric computation
Aug 31 08:41:12 INFO >> Largest group size for metric computation is 97
Aug 31 08:41:12 INFO >> Starting harmonic distance metric computation
Aug 31 08:41:13 INFO >> Finished harmonic distance metric computation
Aug 31 08:41:13 INFO >> Starting DBSCAN
Aug 31 08:41:13 INFO >> Finished DBSCAN
Aug 31 08:41:13 INFO >> Clusters found: 76
Aug 31 08:41:13 INFO >> Filtered 32 clusters below or equal 2 DM.
Aug 31 08:41:13 INFO >> Total number of candidate clusters=1
Aug 31 08:41:13 INFO >> Candidate Processor of stack (315.95 49.23)
Aug 31 08:41:13 INFO >> Making SinglePointingCandidates from a list of 1 PowerSpectraDetectionClusters
Aug 31 08:41:16 INFO >> saved candidates to ./results//injections/315.95_49.23_cumulative_power_spectra_stack_20220627_11_tpa.yml_(503,)_candidates.npz
Aug 31 08:41:16 INFO >> Injected Pulsars:     1
Aug 31 08:41:16 INFO >> Injection Candidates: 1
Aug 31 08:41:16 INFO >> Recovered Injections: 1
Aug 31 08:41:16 INFO >> 1 candidates.
Aug 31 08:41:16 INFO >> Best candidate: F0: 49.478 DM: 41.79 Sigma: 11.05
Aug 31 08:41:17 INFO >> Unlinked shared memory for cumulative stack.
Aug 31 08:41:17 INFO >> Pipeline execution time: 2.07 minutes
