Aug 31 02:56:23 INFO >> {"message": "Waiting for suitable server to become available", "selector": "Primary()", "operation": "find", "topologyDescription": "<TopologyDescription id: 66d286576c40d27f3873a71d, topology_type: Unknown, servers: [<ServerDescription ('localhost', 27017) server_type: Unknown, rtt: None>]>", "clientId": {"$oid": "66d286576c40d27f3873a71d"}, "remainingTimeMS": 29}
Aug 31 02:56:23 INFO >> Features initialized as the following:
Aug 31 02:56:23 INFO >> num_unique_dms
Aug 31 02:56:23 INFO >> num_unique_freqs
Aug 31 02:56:23 INFO >> ndetections
Aug 31 02:56:23 INFO >> nharm
Aug 31 02:56:23 INFO >> log_p_dm
Aug 31 02:56:23 INFO >> ['dm_sigma_FitGaussWidth_gauss_sigma', 'dm_sigma_FitGaussWidth_gauss_sigma_rel_err', 'dm_sigma_FitGaussWidth_ndof', 'dm_sigma_FitGaussWidth_rms_err']
Aug 31 02:56:23 INFO >> ['dm_sigma_FitGauss_amplitude', 'dm_sigma_FitGauss_mu', 'dm_sigma_FitGauss_gauss_sigma', 'dm_sigma_FitGauss_amplitude_rel_err', 'dm_sigma_FitGauss_mu_rel_err', 'dm_sigma_FitGauss_gauss_sigma_rel_err', 'dm_sigma_FitGauss_amplitude-detection', 'dm_sigma_FitGauss_mu-detection', 'dm_sigma_FitGauss_ndof', 'dm_sigma_FitGauss_rms_err']
Aug 31 02:56:23 INFO >> ['freq_sigma_FitGaussWidth_gauss_sigma', 'freq_sigma_FitGaussWidth_gauss_sigma_rel_err', 'freq_sigma_FitGaussWidth_ndof', 'freq_sigma_FitGaussWidth_rms_err']
Aug 31 02:56:23 INFO >> ['freq_sigma_FitGauss_amplitude', 'freq_sigma_FitGauss_mu', 'freq_sigma_FitGauss_gauss_sigma', 'freq_sigma_FitGauss_amplitude_rel_err', 'freq_sigma_FitGauss_mu_rel_err', 'freq_sigma_FitGauss_gauss_sigma_rel_err', 'freq_sigma_FitGauss_amplitude-detection', 'freq_sigma_FitGauss_mu-detection', 'freq_sigma_FitGauss_ndof', 'freq_sigma_FitGauss_rms_err']
Aug 31 02:56:23 INFO >> Performing searching on cumulative stack 315.95 49.23
Aug 31 02:56:23 INFO >> Loading the cumulative power spectra stack to search
Aug 31 02:57:21 INFO >> DM: 42.589334059491215
Aug 31 02:57:21 INFO >> sigma: 16.08887338421211
Aug 31 02:57:21 INFO >> frequency: 85.20188153436835
Aug 31 02:57:21 INFO >> Injecting 5 harmonics.
Aug 31 02:57:21 INFO >> Starting DM: 41.38995464081869
Aug 31 02:57:21 INFO >> Stopping DM: 43.818705035389954
Aug 31 02:57:21 INFO >> Expected detection at 6.38 sigma with 4 harmonics.
Aug 31 02:57:35 INFO >> Start searching 6558 dm trials using 32 harmonics.
Aug 31 02:57:40 INFO >> Moved power spectra to shared memory.
Aug 31 02:57:40 INFO >> Number of dm trials in single multi processing job: 10
Aug 31 02:58:21 INFO >> Total number of detections=15577
Aug 31 02:58:21 INFO >> Clustering the detections
Aug 31 02:58:21 INFO >> Starting clustering
Aug 31 02:58:21 INFO >> Rogue harmonic power filter reduced detections from 15577 to 8519
Aug 31 02:58:21 INFO >> Filtering out duplicate freq,dm detections at multiple nharms removes 787 detections
Aug 31 02:58:21 INFO >> Duplicate freq,dm filter reduced detections to 7732
Aug 31 02:58:21 INFO >> Number of detections over threshold sigma (6.0): 7732
Aug 31 02:58:21 INFO >> Grouping duplicate frequencies together first
Aug 31 02:58:21 INFO >> Grouping duplicate frequencies removed 7214 detections from the harmonic metric computation
Aug 31 02:58:21 INFO >> Starting freq-DM distance metric computation
Aug 31 02:58:21 INFO >> Finished freq-DM distance metric computation
Aug 31 02:58:22 INFO >> Largest group size for metric computation is 97
Aug 31 02:58:22 INFO >> Starting harmonic distance metric computation
Aug 31 02:58:22 INFO >> Finished harmonic distance metric computation
Aug 31 02:58:22 INFO >> Starting DBSCAN
Aug 31 02:58:22 INFO >> Finished DBSCAN
Aug 31 02:58:22 INFO >> Clusters found: 75
Aug 31 02:58:22 INFO >> Filtered 32 clusters below or equal 2 DM.
Aug 31 02:58:22 INFO >> Total number of candidate clusters=0
Aug 31 02:58:22 INFO >> Candidate Processor of stack (315.95 49.23)
Aug 31 02:58:22 INFO >> Making SinglePointingCandidates from a list of 0 PowerSpectraDetectionClusters
Aug 31 02:58:24 INFO >> saved candidates to ./results//injections/315.95_49.23_cumulative_power_spectra_stack_20220627_11_tpa.yml_(339,)_candidates.npz
Aug 31 02:58:24 INFO >> Injected Pulsars:     1
Aug 31 02:58:24 INFO >> Injection Candidates: 0
Aug 31 02:58:24 INFO >> Recovered Injections: 0
Aug 31 02:58:24 INFO >> 0 candidates.
Aug 31 02:58:26 INFO >> Unlinked shared memory for cumulative stack.
Aug 31 02:58:26 INFO >> Pipeline execution time: 2.05 minutes
