Aug 31 06:58:54 INFO >> {"message": "Waiting for suitable server to become available", "selector": "Primary()", "operation": "find", "topologyDescription": "<TopologyDescription id: 66d2bf2e79e8bcad8ba65388, topology_type: Unknown, servers: [<ServerDescription ('localhost', 27017) server_type: Unknown, rtt: None>]>", "clientId": {"$oid": "66d2bf2e79e8bcad8ba65388"}, "remainingTimeMS": 29}
Aug 31 06:58:55 INFO >> Features initialized as the following:
Aug 31 06:58:55 INFO >> num_unique_dms
Aug 31 06:58:55 INFO >> num_unique_freqs
Aug 31 06:58:55 INFO >> ndetections
Aug 31 06:58:55 INFO >> nharm
Aug 31 06:58:55 INFO >> log_p_dm
Aug 31 06:58:55 INFO >> ['dm_sigma_FitGaussWidth_gauss_sigma', 'dm_sigma_FitGaussWidth_gauss_sigma_rel_err', 'dm_sigma_FitGaussWidth_ndof', 'dm_sigma_FitGaussWidth_rms_err']
Aug 31 06:58:55 INFO >> ['dm_sigma_FitGauss_amplitude', 'dm_sigma_FitGauss_mu', 'dm_sigma_FitGauss_gauss_sigma', 'dm_sigma_FitGauss_amplitude_rel_err', 'dm_sigma_FitGauss_mu_rel_err', 'dm_sigma_FitGauss_gauss_sigma_rel_err', 'dm_sigma_FitGauss_amplitude-detection', 'dm_sigma_FitGauss_mu-detection', 'dm_sigma_FitGauss_ndof', 'dm_sigma_FitGauss_rms_err']
Aug 31 06:58:55 INFO >> ['freq_sigma_FitGaussWidth_gauss_sigma', 'freq_sigma_FitGaussWidth_gauss_sigma_rel_err', 'freq_sigma_FitGaussWidth_ndof', 'freq_sigma_FitGaussWidth_rms_err']
Aug 31 06:58:55 INFO >> ['freq_sigma_FitGauss_amplitude', 'freq_sigma_FitGauss_mu', 'freq_sigma_FitGauss_gauss_sigma', 'freq_sigma_FitGauss_amplitude_rel_err', 'freq_sigma_FitGauss_mu_rel_err', 'freq_sigma_FitGauss_gauss_sigma_rel_err', 'freq_sigma_FitGauss_amplitude-detection', 'freq_sigma_FitGauss_mu-detection', 'freq_sigma_FitGauss_ndof', 'freq_sigma_FitGauss_rms_err']
Aug 31 06:58:55 INFO >> Performing searching on cumulative stack 315.95 49.23
Aug 31 06:58:55 INFO >> Loading the cumulative power spectra stack to search
Aug 31 06:59:52 INFO >> DM: 152.44777298506767
Aug 31 06:59:52 INFO >> sigma: 15.47619885846049
Aug 31 06:59:52 INFO >> frequency: 126.88815449728881
Aug 31 06:59:52 INFO >> Injecting 4 harmonics.
Aug 31 06:59:52 INFO >> Starting DM: 151.59450379448995
Aug 31 06:59:52 INFO >> Stopping DM: 153.21367072420415
Aug 31 06:59:52 INFO >> Expected detection at 7.80 sigma with 4 harmonics.
Aug 31 07:00:06 INFO >> Start searching 6558 dm trials using 32 harmonics.
Aug 31 07:00:12 INFO >> Moved power spectra to shared memory.
Aug 31 07:00:12 INFO >> Number of dm trials in single multi processing job: 10
Aug 31 07:00:52 INFO >> Total number of detections=15583
Aug 31 07:00:52 INFO >> Clustering the detections
Aug 31 07:00:52 INFO >> Starting clustering
Aug 31 07:00:52 INFO >> Rogue harmonic power filter reduced detections from 15583 to 8525
Aug 31 07:00:52 INFO >> Filtering out duplicate freq,dm detections at multiple nharms removes 788 detections
Aug 31 07:00:52 INFO >> Duplicate freq,dm filter reduced detections to 7737
Aug 31 07:00:52 INFO >> Number of detections over threshold sigma (6.0): 7737
Aug 31 07:00:52 INFO >> Grouping duplicate frequencies together first
Aug 31 07:00:52 INFO >> Grouping duplicate frequencies removed 7216 detections from the harmonic metric computation
Aug 31 07:00:52 INFO >> Starting freq-DM distance metric computation
Aug 31 07:00:53 INFO >> Finished freq-DM distance metric computation
Aug 31 07:00:53 INFO >> Largest group size for metric computation is 97
Aug 31 07:00:53 INFO >> Starting harmonic distance metric computation
Aug 31 07:00:54 INFO >> Finished harmonic distance metric computation
Aug 31 07:00:54 INFO >> Starting DBSCAN
Aug 31 07:00:54 INFO >> Finished DBSCAN
Aug 31 07:00:54 INFO >> Clusters found: 76
Aug 31 07:00:54 INFO >> Filtered 32 clusters below or equal 2 DM.
Aug 31 07:00:54 INFO >> Total number of candidate clusters=1
Aug 31 07:00:54 INFO >> Candidate Processor of stack (315.95 49.23)
Aug 31 07:00:54 INFO >> Making SinglePointingCandidates from a list of 1 PowerSpectraDetectionClusters
Aug 31 07:00:56 INFO >> saved candidates to ./results//injections/315.95_49.23_cumulative_power_spectra_stack_20220627_11_tpa.yml_(455,)_candidates.npz
Aug 31 07:00:56 INFO >> Injected Pulsars:     1
Aug 31 07:00:56 INFO >> Injection Candidates: 1
Aug 31 07:00:56 INFO >> Recovered Injections: 1
Aug 31 07:00:56 INFO >> 1 candidates.
Aug 31 07:00:56 INFO >> Best candidate: F0: 126.888 DM: 152.40 Sigma: 8.69
Aug 31 07:00:57 INFO >> Unlinked shared memory for cumulative stack.
Aug 31 07:00:57 INFO >> Pipeline execution time: 2.05 minutes
