Aug 31 16:33:36 INFO >> {"message": "Waiting for suitable server to become available", "selector": "Primary()", "operation": "find", "topologyDescription": "<TopologyDescription id: 66d345e06398f8386067575f, topology_type: Unknown, servers: [<ServerDescription ('localhost', 27017) server_type: Unknown, rtt: None>]>", "clientId": {"$oid": "66d345e06398f8386067575f"}, "remainingTimeMS": 29}
Aug 31 16:33:36 INFO >> Features initialized as the following:
Aug 31 16:33:36 INFO >> num_unique_dms
Aug 31 16:33:36 INFO >> num_unique_freqs
Aug 31 16:33:36 INFO >> ndetections
Aug 31 16:33:36 INFO >> nharm
Aug 31 16:33:36 INFO >> log_p_dm
Aug 31 16:33:36 INFO >> ['dm_sigma_FitGaussWidth_gauss_sigma', 'dm_sigma_FitGaussWidth_gauss_sigma_rel_err', 'dm_sigma_FitGaussWidth_ndof', 'dm_sigma_FitGaussWidth_rms_err']
Aug 31 16:33:36 INFO >> ['dm_sigma_FitGauss_amplitude', 'dm_sigma_FitGauss_mu', 'dm_sigma_FitGauss_gauss_sigma', 'dm_sigma_FitGauss_amplitude_rel_err', 'dm_sigma_FitGauss_mu_rel_err', 'dm_sigma_FitGauss_gauss_sigma_rel_err', 'dm_sigma_FitGauss_amplitude-detection', 'dm_sigma_FitGauss_mu-detection', 'dm_sigma_FitGauss_ndof', 'dm_sigma_FitGauss_rms_err']
Aug 31 16:33:36 INFO >> ['freq_sigma_FitGaussWidth_gauss_sigma', 'freq_sigma_FitGaussWidth_gauss_sigma_rel_err', 'freq_sigma_FitGaussWidth_ndof', 'freq_sigma_FitGaussWidth_rms_err']
Aug 31 16:33:36 INFO >> ['freq_sigma_FitGauss_amplitude', 'freq_sigma_FitGauss_mu', 'freq_sigma_FitGauss_gauss_sigma', 'freq_sigma_FitGauss_amplitude_rel_err', 'freq_sigma_FitGauss_mu_rel_err', 'freq_sigma_FitGauss_gauss_sigma_rel_err', 'freq_sigma_FitGauss_amplitude-detection', 'freq_sigma_FitGauss_mu-detection', 'freq_sigma_FitGauss_ndof', 'freq_sigma_FitGauss_rms_err']
Aug 31 16:33:36 INFO >> Performing searching on cumulative stack 315.95 49.23
Aug 31 16:33:36 INFO >> Loading the cumulative power spectra stack to search
Aug 31 16:34:34 INFO >> DM: 71.42762332006603
Aug 31 16:34:34 INFO >> sigma: 12.742351847657433
Aug 31 16:34:34 INFO >> frequency: 109.47552815015773
Aug 31 16:34:34 INFO >> Injecting 4 harmonics.
Aug 31 16:34:34 INFO >> Starting DM: 70.53495937567389
Aug 31 16:34:34 INFO >> Stopping DM: 72.35652217160234
Aug 31 16:34:34 INFO >> Expected detection at 9.30 sigma with 4 harmonics.
Aug 31 16:34:48 INFO >> Start searching 6558 dm trials using 32 harmonics.
Aug 31 16:34:53 INFO >> Moved power spectra to shared memory.
Aug 31 16:34:53 INFO >> Number of dm trials in single multi processing job: 10
Aug 31 16:35:34 INFO >> Total number of detections=15585
Aug 31 16:35:34 INFO >> Clustering the detections
Aug 31 16:35:34 INFO >> Starting clustering
Aug 31 16:35:34 INFO >> Rogue harmonic power filter reduced detections from 15585 to 8527
Aug 31 16:35:34 INFO >> Filtering out duplicate freq,dm detections at multiple nharms removes 790 detections
Aug 31 16:35:34 INFO >> Duplicate freq,dm filter reduced detections to 7737
Aug 31 16:35:34 INFO >> Number of detections over threshold sigma (6.0): 7737
Aug 31 16:35:34 INFO >> Grouping duplicate frequencies together first
Aug 31 16:35:34 INFO >> Grouping duplicate frequencies removed 7215 detections from the harmonic metric computation
Aug 31 16:35:34 INFO >> Starting freq-DM distance metric computation
Aug 31 16:35:35 INFO >> Finished freq-DM distance metric computation
Aug 31 16:35:35 INFO >> Largest group size for metric computation is 97
Aug 31 16:35:35 INFO >> Starting harmonic distance metric computation
Aug 31 16:35:35 INFO >> Finished harmonic distance metric computation
Aug 31 16:35:35 INFO >> Starting DBSCAN
Aug 31 16:35:36 INFO >> Finished DBSCAN
Aug 31 16:35:36 INFO >> Clusters found: 76
Aug 31 16:35:36 INFO >> Filtered 32 clusters below or equal 2 DM.
Aug 31 16:35:36 INFO >> Total number of candidate clusters=1
Aug 31 16:35:36 INFO >> Candidate Processor of stack (315.95 49.23)
Aug 31 16:35:36 INFO >> Making SinglePointingCandidates from a list of 1 PowerSpectraDetectionClusters
Aug 31 16:35:38 INFO >> saved candidates to ./results//injections/315.95_49.23_cumulative_power_spectra_stack_20220627_11_tpa.yml_(730,)_candidates.npz
Aug 31 16:35:38 INFO >> Injected Pulsars:     1
Aug 31 16:35:38 INFO >> Injection Candidates: 1
Aug 31 16:35:38 INFO >> Recovered Injections: 1
Aug 31 16:35:38 INFO >> 1 candidates.
Aug 31 16:35:38 INFO >> Best candidate: F0: 109.476 DM: 71.45 Sigma: 9.48
Aug 31 16:35:39 INFO >> Unlinked shared memory for cumulative stack.
Aug 31 16:35:39 INFO >> Pipeline execution time: 2.06 minutes
