Aug 31 12:33:19 INFO >> {"message": "Waiting for suitable server to become available", "selector": "Primary()", "operation": "find", "topologyDescription": "<TopologyDescription id: 66d30d8f6a1fb7250c4ec0a5, topology_type: Unknown, servers: [<ServerDescription ('localhost', 27017) server_type: Unknown, rtt: None>]>", "clientId": {"$oid": "66d30d8f6a1fb7250c4ec0a5"}, "remainingTimeMS": 29}
Aug 31 12:33:19 INFO >> Features initialized as the following:
Aug 31 12:33:19 INFO >> num_unique_dms
Aug 31 12:33:19 INFO >> num_unique_freqs
Aug 31 12:33:19 INFO >> ndetections
Aug 31 12:33:19 INFO >> nharm
Aug 31 12:33:19 INFO >> log_p_dm
Aug 31 12:33:19 INFO >> ['dm_sigma_FitGaussWidth_gauss_sigma', 'dm_sigma_FitGaussWidth_gauss_sigma_rel_err', 'dm_sigma_FitGaussWidth_ndof', 'dm_sigma_FitGaussWidth_rms_err']
Aug 31 12:33:19 INFO >> ['dm_sigma_FitGauss_amplitude', 'dm_sigma_FitGauss_mu', 'dm_sigma_FitGauss_gauss_sigma', 'dm_sigma_FitGauss_amplitude_rel_err', 'dm_sigma_FitGauss_mu_rel_err', 'dm_sigma_FitGauss_gauss_sigma_rel_err', 'dm_sigma_FitGauss_amplitude-detection', 'dm_sigma_FitGauss_mu-detection', 'dm_sigma_FitGauss_ndof', 'dm_sigma_FitGauss_rms_err']
Aug 31 12:33:19 INFO >> ['freq_sigma_FitGaussWidth_gauss_sigma', 'freq_sigma_FitGaussWidth_gauss_sigma_rel_err', 'freq_sigma_FitGaussWidth_ndof', 'freq_sigma_FitGaussWidth_rms_err']
Aug 31 12:33:19 INFO >> ['freq_sigma_FitGauss_amplitude', 'freq_sigma_FitGauss_mu', 'freq_sigma_FitGauss_gauss_sigma', 'freq_sigma_FitGauss_amplitude_rel_err', 'freq_sigma_FitGauss_mu_rel_err', 'freq_sigma_FitGauss_gauss_sigma_rel_err', 'freq_sigma_FitGauss_amplitude-detection', 'freq_sigma_FitGauss_mu-detection', 'freq_sigma_FitGauss_ndof', 'freq_sigma_FitGauss_rms_err']
Aug 31 12:33:20 INFO >> Performing searching on cumulative stack 315.95 49.23
Aug 31 12:33:20 INFO >> Loading the cumulative power spectra stack to search
Aug 31 12:34:17 INFO >> DM: 187.81986712253783
Aug 31 12:34:17 INFO >> sigma: 16.500279927801635
Aug 31 12:34:17 INFO >> frequency: 157.2272513115446
Aug 31 12:34:17 INFO >> Injecting 3 harmonics.
Aug 31 12:34:17 INFO >> Starting DM: 187.11497831509473
Aug 31 12:34:17 INFO >> Stopping DM: 188.4305514454875
Aug 31 12:34:17 INFO >> Expected detection at 10.94 sigma with 2 harmonics.
Aug 31 12:34:32 INFO >> Start searching 6558 dm trials using 32 harmonics.
Aug 31 12:34:37 INFO >> Moved power spectra to shared memory.
Aug 31 12:34:37 INFO >> Number of dm trials in single multi processing job: 10
Aug 31 12:35:18 INFO >> Total number of detections=15613
Aug 31 12:35:18 INFO >> Clustering the detections
Aug 31 12:35:18 INFO >> Starting clustering
Aug 31 12:35:18 INFO >> Rogue harmonic power filter reduced detections from 15613 to 8539
Aug 31 12:35:18 INFO >> Filtering out duplicate freq,dm detections at multiple nharms removes 789 detections
Aug 31 12:35:18 INFO >> Duplicate freq,dm filter reduced detections to 7750
Aug 31 12:35:18 INFO >> Number of detections over threshold sigma (6.0): 7750
Aug 31 12:35:18 INFO >> Grouping duplicate frequencies together first
Aug 31 12:35:18 INFO >> Grouping duplicate frequencies removed 7220 detections from the harmonic metric computation
Aug 31 12:35:18 INFO >> Starting freq-DM distance metric computation
Aug 31 12:35:18 INFO >> Finished freq-DM distance metric computation
Aug 31 12:35:19 INFO >> Largest group size for metric computation is 97
Aug 31 12:35:19 INFO >> Starting harmonic distance metric computation
Aug 31 12:35:19 INFO >> Finished harmonic distance metric computation
Aug 31 12:35:19 INFO >> Starting DBSCAN
Aug 31 12:35:20 INFO >> Finished DBSCAN
Aug 31 12:35:20 INFO >> Clusters found: 76
Aug 31 12:35:20 INFO >> Filtered 32 clusters below or equal 2 DM.
Aug 31 12:35:20 INFO >> Total number of candidate clusters=1
Aug 31 12:35:20 INFO >> Candidate Processor of stack (315.95 49.23)
Aug 31 12:35:20 INFO >> Making SinglePointingCandidates from a list of 1 PowerSpectraDetectionClusters
Aug 31 12:35:22 INFO >> saved candidates to ./results//injections/315.95_49.23_cumulative_power_spectra_stack_20220627_11_tpa.yml_(615,)_candidates.npz
Aug 31 12:35:22 INFO >> Injected Pulsars:     1
Aug 31 12:35:22 INFO >> Injection Candidates: 1
Aug 31 12:35:22 INFO >> Recovered Injections: 1
Aug 31 12:35:22 INFO >> 1 candidates.
Aug 31 12:35:22 INFO >> Best candidate: F0: 157.227 DM: 187.82 Sigma: 11.31
Aug 31 12:35:23 INFO >> Unlinked shared memory for cumulative stack.
Aug 31 12:35:23 INFO >> Pipeline execution time: 2.06 minutes
