Aug 31 12:52:08 INFO >> {"message": "Waiting for suitable server to become available", "selector": "Primary()", "operation": "find", "topologyDescription": "<TopologyDescription id: 66d311f83c1dc59aa3eae7ed, topology_type: Unknown, servers: [<ServerDescription ('localhost', 27017) server_type: Unknown, rtt: None>]>", "clientId": {"$oid": "66d311f83c1dc59aa3eae7ed"}, "remainingTimeMS": 29}
Aug 31 12:52:08 INFO >> Features initialized as the following:
Aug 31 12:52:08 INFO >> num_unique_dms
Aug 31 12:52:08 INFO >> num_unique_freqs
Aug 31 12:52:08 INFO >> ndetections
Aug 31 12:52:08 INFO >> nharm
Aug 31 12:52:08 INFO >> log_p_dm
Aug 31 12:52:08 INFO >> ['dm_sigma_FitGaussWidth_gauss_sigma', 'dm_sigma_FitGaussWidth_gauss_sigma_rel_err', 'dm_sigma_FitGaussWidth_ndof', 'dm_sigma_FitGaussWidth_rms_err']
Aug 31 12:52:08 INFO >> ['dm_sigma_FitGauss_amplitude', 'dm_sigma_FitGauss_mu', 'dm_sigma_FitGauss_gauss_sigma', 'dm_sigma_FitGauss_amplitude_rel_err', 'dm_sigma_FitGauss_mu_rel_err', 'dm_sigma_FitGauss_gauss_sigma_rel_err', 'dm_sigma_FitGauss_amplitude-detection', 'dm_sigma_FitGauss_mu-detection', 'dm_sigma_FitGauss_ndof', 'dm_sigma_FitGauss_rms_err']
Aug 31 12:52:08 INFO >> ['freq_sigma_FitGaussWidth_gauss_sigma', 'freq_sigma_FitGaussWidth_gauss_sigma_rel_err', 'freq_sigma_FitGaussWidth_ndof', 'freq_sigma_FitGaussWidth_rms_err']
Aug 31 12:52:08 INFO >> ['freq_sigma_FitGauss_amplitude', 'freq_sigma_FitGauss_mu', 'freq_sigma_FitGauss_gauss_sigma', 'freq_sigma_FitGauss_amplitude_rel_err', 'freq_sigma_FitGauss_mu_rel_err', 'freq_sigma_FitGauss_gauss_sigma_rel_err', 'freq_sigma_FitGauss_amplitude-detection', 'freq_sigma_FitGauss_mu-detection', 'freq_sigma_FitGauss_ndof', 'freq_sigma_FitGauss_rms_err']
Aug 31 12:52:09 INFO >> Performing searching on cumulative stack 315.95 49.23
Aug 31 12:52:09 INFO >> Loading the cumulative power spectra stack to search
Aug 31 12:53:06 INFO >> DM: 55.56789448946555
Aug 31 12:53:06 INFO >> sigma: 10.770288905863675
Aug 31 12:53:06 INFO >> frequency: 49.0601982690652
Aug 31 12:53:06 INFO >> Injecting 10 harmonics.
Aug 31 12:53:06 INFO >> Starting DM: 53.43250868056789
Aug 31 12:53:06 INFO >> Stopping DM: 57.68282187106761
Aug 31 12:53:06 INFO >> Expected detection at 8.85 sigma with 8 harmonics.
Aug 31 12:53:20 INFO >> Start searching 6558 dm trials using 32 harmonics.
Aug 31 12:53:26 INFO >> Moved power spectra to shared memory.
Aug 31 12:53:26 INFO >> Number of dm trials in single multi processing job: 10
Aug 31 12:54:06 INFO >> Total number of detections=15586
Aug 31 12:54:06 INFO >> Clustering the detections
Aug 31 12:54:06 INFO >> Starting clustering
Aug 31 12:54:06 INFO >> Rogue harmonic power filter reduced detections from 15586 to 8528
Aug 31 12:54:06 INFO >> Filtering out duplicate freq,dm detections at multiple nharms removes 787 detections
Aug 31 12:54:06 INFO >> Duplicate freq,dm filter reduced detections to 7741
Aug 31 12:54:06 INFO >> Number of detections over threshold sigma (6.0): 7741
Aug 31 12:54:06 INFO >> Grouping duplicate frequencies together first
Aug 31 12:54:06 INFO >> Grouping duplicate frequencies removed 7218 detections from the harmonic metric computation
Aug 31 12:54:06 INFO >> Starting freq-DM distance metric computation
Aug 31 12:54:07 INFO >> Finished freq-DM distance metric computation
Aug 31 12:54:07 INFO >> Largest group size for metric computation is 97
Aug 31 12:54:07 INFO >> Starting harmonic distance metric computation
Aug 31 12:54:08 INFO >> Finished harmonic distance metric computation
Aug 31 12:54:08 INFO >> Starting DBSCAN
Aug 31 12:54:08 INFO >> Finished DBSCAN
Aug 31 12:54:08 INFO >> Clusters found: 76
Aug 31 12:54:08 INFO >> Filtered 32 clusters below or equal 2 DM.
Aug 31 12:54:08 INFO >> Total number of candidate clusters=1
Aug 31 12:54:08 INFO >> Candidate Processor of stack (315.95 49.23)
Aug 31 12:54:08 INFO >> Making SinglePointingCandidates from a list of 1 PowerSpectraDetectionClusters
Aug 31 12:54:10 INFO >> saved candidates to ./results//injections/315.95_49.23_cumulative_power_spectra_stack_20220627_11_tpa.yml_(624,)_candidates.npz
Aug 31 12:54:10 INFO >> Injected Pulsars:     1
Aug 31 12:54:10 INFO >> Injection Candidates: 1
Aug 31 12:54:10 INFO >> Recovered Injections: 1
Aug 31 12:54:10 INFO >> 1 candidates.
Aug 31 12:54:10 INFO >> Best candidate: F0: 49.060 DM: 55.56 Sigma: 9.09
Aug 31 12:54:11 INFO >> Unlinked shared memory for cumulative stack.
Aug 31 12:54:11 INFO >> Pipeline execution time: 2.05 minutes
