Aug 31 03:27:44 INFO >> {"message": "Waiting for suitable server to become available", "selector": "Primary()", "operation": "find", "topologyDescription": "<TopologyDescription id: 66d28db01e7c7a6981c57c7a, topology_type: Unknown, servers: [<ServerDescription ('localhost', 27017) server_type: Unknown, rtt: None>]>", "clientId": {"$oid": "66d28db01e7c7a6981c57c7a"}, "remainingTimeMS": 29}
Aug 31 03:27:44 INFO >> Features initialized as the following:
Aug 31 03:27:44 INFO >> num_unique_dms
Aug 31 03:27:44 INFO >> num_unique_freqs
Aug 31 03:27:44 INFO >> ndetections
Aug 31 03:27:44 INFO >> nharm
Aug 31 03:27:44 INFO >> log_p_dm
Aug 31 03:27:44 INFO >> ['dm_sigma_FitGaussWidth_gauss_sigma', 'dm_sigma_FitGaussWidth_gauss_sigma_rel_err', 'dm_sigma_FitGaussWidth_ndof', 'dm_sigma_FitGaussWidth_rms_err']
Aug 31 03:27:44 INFO >> ['dm_sigma_FitGauss_amplitude', 'dm_sigma_FitGauss_mu', 'dm_sigma_FitGauss_gauss_sigma', 'dm_sigma_FitGauss_amplitude_rel_err', 'dm_sigma_FitGauss_mu_rel_err', 'dm_sigma_FitGauss_gauss_sigma_rel_err', 'dm_sigma_FitGauss_amplitude-detection', 'dm_sigma_FitGauss_mu-detection', 'dm_sigma_FitGauss_ndof', 'dm_sigma_FitGauss_rms_err']
Aug 31 03:27:44 INFO >> ['freq_sigma_FitGaussWidth_gauss_sigma', 'freq_sigma_FitGaussWidth_gauss_sigma_rel_err', 'freq_sigma_FitGaussWidth_ndof', 'freq_sigma_FitGaussWidth_rms_err']
Aug 31 03:27:44 INFO >> ['freq_sigma_FitGauss_amplitude', 'freq_sigma_FitGauss_mu', 'freq_sigma_FitGauss_gauss_sigma', 'freq_sigma_FitGauss_amplitude_rel_err', 'freq_sigma_FitGauss_mu_rel_err', 'freq_sigma_FitGauss_gauss_sigma_rel_err', 'freq_sigma_FitGauss_amplitude-detection', 'freq_sigma_FitGauss_mu-detection', 'freq_sigma_FitGauss_ndof', 'freq_sigma_FitGauss_rms_err']
Aug 31 03:27:45 INFO >> Performing searching on cumulative stack 315.95 49.23
Aug 31 03:27:45 INFO >> Loading the cumulative power spectra stack to search
Aug 31 03:28:42 INFO >> DM: 14.171282728227858
Aug 31 03:28:42 INFO >> sigma: 11.62945308063751
Aug 31 03:28:42 INFO >> frequency: 22.26813675252807
Aug 31 03:28:42 INFO >> Injecting 22 harmonics.
Aug 31 03:28:42 INFO >> Starting DM: 9.5126057120708
Aug 31 03:28:42 INFO >> Stopping DM: 18.822815557927324
Aug 31 03:28:42 INFO >> Expected detection at 12.32 sigma with 16 harmonics.
Aug 31 03:28:56 INFO >> Start searching 6558 dm trials using 32 harmonics.
Aug 31 03:29:01 INFO >> Moved power spectra to shared memory.
Aug 31 03:29:01 INFO >> Number of dm trials in single multi processing job: 10
Aug 31 03:29:42 INFO >> Total number of detections=15597
Aug 31 03:29:42 INFO >> Clustering the detections
Aug 31 03:29:42 INFO >> Starting clustering
Aug 31 03:29:42 INFO >> Rogue harmonic power filter reduced detections from 15597 to 8539
Aug 31 03:29:42 INFO >> Filtering out duplicate freq,dm detections at multiple nharms removes 789 detections
Aug 31 03:29:42 INFO >> Duplicate freq,dm filter reduced detections to 7750
Aug 31 03:29:42 INFO >> Number of detections over threshold sigma (6.0): 7750
Aug 31 03:29:42 INFO >> Grouping duplicate frequencies together first
Aug 31 03:29:42 INFO >> Grouping duplicate frequencies removed 7225 detections from the harmonic metric computation
Aug 31 03:29:42 INFO >> Starting freq-DM distance metric computation
Aug 31 03:29:43 INFO >> Finished freq-DM distance metric computation
Aug 31 03:29:43 INFO >> Largest group size for metric computation is 97
Aug 31 03:29:43 INFO >> Starting harmonic distance metric computation
Aug 31 03:29:43 INFO >> Finished harmonic distance metric computation
Aug 31 03:29:43 INFO >> Starting DBSCAN
Aug 31 03:29:44 INFO >> Finished DBSCAN
Aug 31 03:29:44 INFO >> Clusters found: 76
Aug 31 03:29:44 INFO >> Filtered 32 clusters below or equal 2 DM.
Aug 31 03:29:44 INFO >> Total number of candidate clusters=1
Aug 31 03:29:44 INFO >> Candidate Processor of stack (315.95 49.23)
Aug 31 03:29:44 INFO >> Making SinglePointingCandidates from a list of 1 PowerSpectraDetectionClusters
Aug 31 03:29:46 INFO >> saved candidates to ./results//injections/315.95_49.23_cumulative_power_spectra_stack_20220627_11_tpa.yml_(354,)_candidates.npz
Aug 31 03:29:46 INFO >> Injected Pulsars:     1
Aug 31 03:29:46 INFO >> Injection Candidates: 1
Aug 31 03:29:46 INFO >> Recovered Injections: 1
Aug 31 03:29:46 INFO >> 1 candidates.
Aug 31 03:29:46 INFO >> Best candidate: F0: 22.268 DM: 14.17 Sigma: 12.80
Aug 31 03:29:47 INFO >> Unlinked shared memory for cumulative stack.
Aug 31 03:29:47 INFO >> Pipeline execution time: 2.05 minutes
