Aug 31 03:50:46 INFO >> {"message": "Waiting for suitable server to become available", "selector": "Primary()", "operation": "find", "topologyDescription": "<TopologyDescription id: 66d29316080d6209a7493a69, topology_type: Unknown, servers: [<ServerDescription ('localhost', 27017) server_type: Unknown, rtt: None>]>", "clientId": {"$oid": "66d29316080d6209a7493a69"}, "remainingTimeMS": 29}
Aug 31 03:50:46 INFO >> Features initialized as the following:
Aug 31 03:50:46 INFO >> num_unique_dms
Aug 31 03:50:46 INFO >> num_unique_freqs
Aug 31 03:50:46 INFO >> ndetections
Aug 31 03:50:46 INFO >> nharm
Aug 31 03:50:46 INFO >> log_p_dm
Aug 31 03:50:46 INFO >> ['dm_sigma_FitGaussWidth_gauss_sigma', 'dm_sigma_FitGaussWidth_gauss_sigma_rel_err', 'dm_sigma_FitGaussWidth_ndof', 'dm_sigma_FitGaussWidth_rms_err']
Aug 31 03:50:46 INFO >> ['dm_sigma_FitGauss_amplitude', 'dm_sigma_FitGauss_mu', 'dm_sigma_FitGauss_gauss_sigma', 'dm_sigma_FitGauss_amplitude_rel_err', 'dm_sigma_FitGauss_mu_rel_err', 'dm_sigma_FitGauss_gauss_sigma_rel_err', 'dm_sigma_FitGauss_amplitude-detection', 'dm_sigma_FitGauss_mu-detection', 'dm_sigma_FitGauss_ndof', 'dm_sigma_FitGauss_rms_err']
Aug 31 03:50:46 INFO >> ['freq_sigma_FitGaussWidth_gauss_sigma', 'freq_sigma_FitGaussWidth_gauss_sigma_rel_err', 'freq_sigma_FitGaussWidth_ndof', 'freq_sigma_FitGaussWidth_rms_err']
Aug 31 03:50:46 INFO >> ['freq_sigma_FitGauss_amplitude', 'freq_sigma_FitGauss_mu', 'freq_sigma_FitGauss_gauss_sigma', 'freq_sigma_FitGauss_amplitude_rel_err', 'freq_sigma_FitGauss_mu_rel_err', 'freq_sigma_FitGauss_gauss_sigma_rel_err', 'freq_sigma_FitGauss_amplitude-detection', 'freq_sigma_FitGauss_mu-detection', 'freq_sigma_FitGauss_ndof', 'freq_sigma_FitGauss_rms_err']
Aug 31 03:50:46 INFO >> Performing searching on cumulative stack 315.95 49.23
Aug 31 03:50:46 INFO >> Loading the cumulative power spectra stack to search
Aug 31 03:51:43 INFO >> DM: 45.56989392491282
Aug 31 03:51:43 INFO >> sigma: 15.906872351506182
Aug 31 03:51:43 INFO >> frequency: 154.35818617136982
Aug 31 03:51:43 INFO >> Injecting 3 harmonics.
Aug 31 03:51:43 INFO >> Starting DM: 44.93188229956846
Aug 31 03:51:43 INFO >> Stopping DM: 46.24745542996122
Aug 31 03:51:43 INFO >> Expected detection at 7.20 sigma with 2 harmonics.
Aug 31 03:51:57 INFO >> Start searching 6558 dm trials using 32 harmonics.
Aug 31 03:52:03 INFO >> Moved power spectra to shared memory.
Aug 31 03:52:03 INFO >> Number of dm trials in single multi processing job: 10
Aug 31 03:52:44 INFO >> Total number of detections=15579
Aug 31 03:52:44 INFO >> Clustering the detections
Aug 31 03:52:44 INFO >> Starting clustering
Aug 31 03:52:44 INFO >> Rogue harmonic power filter reduced detections from 15579 to 8521
Aug 31 03:52:44 INFO >> Filtering out duplicate freq,dm detections at multiple nharms removes 787 detections
Aug 31 03:52:44 INFO >> Duplicate freq,dm filter reduced detections to 7734
Aug 31 03:52:44 INFO >> Number of detections over threshold sigma (6.0): 7734
Aug 31 03:52:44 INFO >> Grouping duplicate frequencies together first
Aug 31 03:52:44 INFO >> Grouping duplicate frequencies removed 7215 detections from the harmonic metric computation
Aug 31 03:52:44 INFO >> Starting freq-DM distance metric computation
Aug 31 03:52:44 INFO >> Finished freq-DM distance metric computation
Aug 31 03:52:45 INFO >> Largest group size for metric computation is 97
Aug 31 03:52:45 INFO >> Starting harmonic distance metric computation
Aug 31 03:52:45 INFO >> Finished harmonic distance metric computation
Aug 31 03:52:45 INFO >> Starting DBSCAN
Aug 31 03:52:46 INFO >> Finished DBSCAN
Aug 31 03:52:46 INFO >> Clusters found: 75
Aug 31 03:52:46 INFO >> Filtered 32 clusters below or equal 2 DM.
Aug 31 03:52:46 INFO >> Total number of candidate clusters=0
Aug 31 03:52:46 INFO >> Candidate Processor of stack (315.95 49.23)
Aug 31 03:52:46 INFO >> Making SinglePointingCandidates from a list of 0 PowerSpectraDetectionClusters
Aug 31 03:52:48 INFO >> saved candidates to ./results//injections/315.95_49.23_cumulative_power_spectra_stack_20220627_11_tpa.yml_(365,)_candidates.npz
Aug 31 03:52:48 INFO >> Injected Pulsars:     1
Aug 31 03:52:48 INFO >> Injection Candidates: 0
Aug 31 03:52:48 INFO >> Recovered Injections: 0
Aug 31 03:52:48 INFO >> 0 candidates.
Aug 31 03:52:49 INFO >> Unlinked shared memory for cumulative stack.
Aug 31 03:52:49 INFO >> Pipeline execution time: 2.05 minutes
