Aug 31 14:36:33 INFO >> {"message": "Waiting for suitable server to become available", "selector": "Primary()", "operation": "find", "topologyDescription": "<TopologyDescription id: 66d32a715070182293a66a50, topology_type: Unknown, servers: [<ServerDescription ('localhost', 27017) server_type: Unknown, rtt: None>]>", "clientId": {"$oid": "66d32a715070182293a66a50"}, "remainingTimeMS": 29}
Aug 31 14:36:33 INFO >> Features initialized as the following:
Aug 31 14:36:33 INFO >> num_unique_dms
Aug 31 14:36:33 INFO >> num_unique_freqs
Aug 31 14:36:33 INFO >> ndetections
Aug 31 14:36:33 INFO >> nharm
Aug 31 14:36:33 INFO >> log_p_dm
Aug 31 14:36:33 INFO >> ['dm_sigma_FitGaussWidth_gauss_sigma', 'dm_sigma_FitGaussWidth_gauss_sigma_rel_err', 'dm_sigma_FitGaussWidth_ndof', 'dm_sigma_FitGaussWidth_rms_err']
Aug 31 14:36:33 INFO >> ['dm_sigma_FitGauss_amplitude', 'dm_sigma_FitGauss_mu', 'dm_sigma_FitGauss_gauss_sigma', 'dm_sigma_FitGauss_amplitude_rel_err', 'dm_sigma_FitGauss_mu_rel_err', 'dm_sigma_FitGauss_gauss_sigma_rel_err', 'dm_sigma_FitGauss_amplitude-detection', 'dm_sigma_FitGauss_mu-detection', 'dm_sigma_FitGauss_ndof', 'dm_sigma_FitGauss_rms_err']
Aug 31 14:36:33 INFO >> ['freq_sigma_FitGaussWidth_gauss_sigma', 'freq_sigma_FitGaussWidth_gauss_sigma_rel_err', 'freq_sigma_FitGaussWidth_ndof', 'freq_sigma_FitGaussWidth_rms_err']
Aug 31 14:36:33 INFO >> ['freq_sigma_FitGauss_amplitude', 'freq_sigma_FitGauss_mu', 'freq_sigma_FitGauss_gauss_sigma', 'freq_sigma_FitGauss_amplitude_rel_err', 'freq_sigma_FitGauss_mu_rel_err', 'freq_sigma_FitGauss_gauss_sigma_rel_err', 'freq_sigma_FitGauss_amplitude-detection', 'freq_sigma_FitGauss_mu-detection', 'freq_sigma_FitGauss_ndof', 'freq_sigma_FitGauss_rms_err']
Aug 31 14:36:34 INFO >> Performing searching on cumulative stack 315.95 49.23
Aug 31 14:36:34 INFO >> Loading the cumulative power spectra stack to search
Aug 31 14:37:30 INFO >> DM: 198.15767403528935
Aug 31 14:37:30 INFO >> sigma: 16.704922545808117
Aug 31 14:37:30 INFO >> frequency: 99.68866961119302
Aug 31 14:37:30 INFO >> Injecting 5 harmonics.
Aug 31 14:37:30 INFO >> Starting DM: 197.13357369270122
Aug 31 14:37:30 INFO >> Stopping DM: 199.15753235484394
Aug 31 14:37:30 INFO >> Expected detection at 7.57 sigma with 4 harmonics.
Aug 31 14:37:45 INFO >> Start searching 6558 dm trials using 32 harmonics.
Aug 31 14:37:50 INFO >> Moved power spectra to shared memory.
Aug 31 14:37:50 INFO >> Number of dm trials in single multi processing job: 10
Aug 31 14:38:30 INFO >> Total number of detections=15578
Aug 31 14:38:30 INFO >> Clustering the detections
Aug 31 14:38:30 INFO >> Starting clustering
Aug 31 14:38:31 INFO >> Rogue harmonic power filter reduced detections from 15578 to 8520
Aug 31 14:38:31 INFO >> Filtering out duplicate freq,dm detections at multiple nharms removes 787 detections
Aug 31 14:38:31 INFO >> Duplicate freq,dm filter reduced detections to 7733
Aug 31 14:38:31 INFO >> Number of detections over threshold sigma (6.0): 7733
Aug 31 14:38:31 INFO >> Grouping duplicate frequencies together first
Aug 31 14:38:31 INFO >> Grouping duplicate frequencies removed 7214 detections from the harmonic metric computation
Aug 31 14:38:31 INFO >> Starting freq-DM distance metric computation
Aug 31 14:38:31 INFO >> Finished freq-DM distance metric computation
Aug 31 14:38:31 INFO >> Largest group size for metric computation is 97
Aug 31 14:38:31 INFO >> Starting harmonic distance metric computation
Aug 31 14:38:32 INFO >> Finished harmonic distance metric computation
Aug 31 14:38:32 INFO >> Starting DBSCAN
Aug 31 14:38:32 INFO >> Finished DBSCAN
Aug 31 14:38:32 INFO >> Clusters found: 75
Aug 31 14:38:32 INFO >> Filtered 32 clusters below or equal 2 DM.
Aug 31 14:38:32 INFO >> Total number of candidate clusters=0
Aug 31 14:38:32 INFO >> Candidate Processor of stack (315.95 49.23)
Aug 31 14:38:32 INFO >> Making SinglePointingCandidates from a list of 0 PowerSpectraDetectionClusters
Aug 31 14:38:34 INFO >> saved candidates to ./results//injections/315.95_49.23_cumulative_power_spectra_stack_20220627_11_tpa.yml_(674,)_candidates.npz
Aug 31 14:38:34 INFO >> Injected Pulsars:     1
Aug 31 14:38:34 INFO >> Injection Candidates: 0
Aug 31 14:38:34 INFO >> Recovered Injections: 0
Aug 31 14:38:34 INFO >> 0 candidates.
Aug 31 14:38:35 INFO >> Unlinked shared memory for cumulative stack.
Aug 31 14:38:35 INFO >> Pipeline execution time: 2.04 minutes
