Aug 31 13:06:45 INFO >> {"message": "Waiting for suitable server to become available", "selector": "Primary()", "operation": "find", "topologyDescription": "<TopologyDescription id: 66d31565a2ff66a093c44473, topology_type: Unknown, servers: [<ServerDescription ('localhost', 27017) server_type: Unknown, rtt: None>]>", "clientId": {"$oid": "66d31565a2ff66a093c44473"}, "remainingTimeMS": 29}
Aug 31 13:06:45 INFO >> Features initialized as the following:
Aug 31 13:06:45 INFO >> num_unique_dms
Aug 31 13:06:45 INFO >> num_unique_freqs
Aug 31 13:06:45 INFO >> ndetections
Aug 31 13:06:45 INFO >> nharm
Aug 31 13:06:45 INFO >> log_p_dm
Aug 31 13:06:45 INFO >> ['dm_sigma_FitGaussWidth_gauss_sigma', 'dm_sigma_FitGaussWidth_gauss_sigma_rel_err', 'dm_sigma_FitGaussWidth_ndof', 'dm_sigma_FitGaussWidth_rms_err']
Aug 31 13:06:45 INFO >> ['dm_sigma_FitGauss_amplitude', 'dm_sigma_FitGauss_mu', 'dm_sigma_FitGauss_gauss_sigma', 'dm_sigma_FitGauss_amplitude_rel_err', 'dm_sigma_FitGauss_mu_rel_err', 'dm_sigma_FitGauss_gauss_sigma_rel_err', 'dm_sigma_FitGauss_amplitude-detection', 'dm_sigma_FitGauss_mu-detection', 'dm_sigma_FitGauss_ndof', 'dm_sigma_FitGauss_rms_err']
Aug 31 13:06:45 INFO >> ['freq_sigma_FitGaussWidth_gauss_sigma', 'freq_sigma_FitGaussWidth_gauss_sigma_rel_err', 'freq_sigma_FitGaussWidth_ndof', 'freq_sigma_FitGaussWidth_rms_err']
Aug 31 13:06:45 INFO >> ['freq_sigma_FitGauss_amplitude', 'freq_sigma_FitGauss_mu', 'freq_sigma_FitGauss_gauss_sigma', 'freq_sigma_FitGauss_amplitude_rel_err', 'freq_sigma_FitGauss_mu_rel_err', 'freq_sigma_FitGauss_gauss_sigma_rel_err', 'freq_sigma_FitGauss_amplitude-detection', 'freq_sigma_FitGauss_mu-detection', 'freq_sigma_FitGauss_ndof', 'freq_sigma_FitGauss_rms_err']
Aug 31 13:06:45 INFO >> Performing searching on cumulative stack 315.95 49.23
Aug 31 13:06:45 INFO >> Loading the cumulative power spectra stack to search
Aug 31 13:07:43 INFO >> DM: 147.86825987452585
Aug 31 13:07:43 INFO >> sigma: 8.537375041717167
Aug 31 13:07:43 INFO >> frequency: 35.69034378534165
Aug 31 13:07:43 INFO >> Injecting 14 harmonics.
Aug 31 13:07:43 INFO >> Starting DM: 145.01663814252612
Aug 31 13:07:43 INFO >> Stopping DM: 150.78492032963288
Aug 31 13:07:43 INFO >> Expected detection at 8.39 sigma with 8 harmonics.
Aug 31 13:07:57 INFO >> Start searching 6558 dm trials using 32 harmonics.
Aug 31 13:08:02 INFO >> Moved power spectra to shared memory.
Aug 31 13:08:02 INFO >> Number of dm trials in single multi processing job: 10
Aug 31 13:08:42 INFO >> Total number of detections=15598
Aug 31 13:08:42 INFO >> Clustering the detections
Aug 31 13:08:42 INFO >> Starting clustering
Aug 31 13:08:42 INFO >> Rogue harmonic power filter reduced detections from 15598 to 8540
Aug 31 13:08:43 INFO >> Filtering out duplicate freq,dm detections at multiple nharms removes 789 detections
Aug 31 13:08:43 INFO >> Duplicate freq,dm filter reduced detections to 7751
Aug 31 13:08:43 INFO >> Number of detections over threshold sigma (6.0): 7751
Aug 31 13:08:43 INFO >> Grouping duplicate frequencies together first
Aug 31 13:08:43 INFO >> Grouping duplicate frequencies removed 7225 detections from the harmonic metric computation
Aug 31 13:08:43 INFO >> Starting freq-DM distance metric computation
Aug 31 13:08:43 INFO >> Finished freq-DM distance metric computation
Aug 31 13:08:43 INFO >> Largest group size for metric computation is 97
Aug 31 13:08:43 INFO >> Starting harmonic distance metric computation
Aug 31 13:08:44 INFO >> Finished harmonic distance metric computation
Aug 31 13:08:44 INFO >> Starting DBSCAN
Aug 31 13:08:44 INFO >> Finished DBSCAN
Aug 31 13:08:44 INFO >> Clusters found: 76
Aug 31 13:08:44 INFO >> Filtered 32 clusters below or equal 2 DM.
Aug 31 13:08:44 INFO >> Total number of candidate clusters=1
Aug 31 13:08:44 INFO >> Candidate Processor of stack (315.95 49.23)
Aug 31 13:08:44 INFO >> Making SinglePointingCandidates from a list of 1 PowerSpectraDetectionClusters
Aug 31 13:08:46 INFO >> saved candidates to ./results//injections/315.95_49.23_cumulative_power_spectra_stack_20220627_11_tpa.yml_(631,)_candidates.npz
Aug 31 13:08:46 INFO >> Injected Pulsars:     1
Aug 31 13:08:46 INFO >> Injection Candidates: 1
Aug 31 13:08:46 INFO >> Recovered Injections: 1
Aug 31 13:08:46 INFO >> 1 candidates.
Aug 31 13:08:46 INFO >> Best candidate: F0: 35.690 DM: 147.85 Sigma: 9.45
Aug 31 13:08:48 INFO >> Unlinked shared memory for cumulative stack.
Aug 31 13:08:48 INFO >> Pipeline execution time: 2.05 minutes
