Aug 31 00:36:25 INFO >> {"message": "Waiting for suitable server to become available", "selector": "Primary()", "operation": "find", "topologyDescription": "<TopologyDescription id: 66d265890ed71a45c714ad53, topology_type: Unknown, servers: [<ServerDescription ('localhost', 27017) server_type: Unknown, rtt: None>]>", "clientId": {"$oid": "66d265890ed71a45c714ad53"}, "remainingTimeMS": 29}
Aug 31 00:36:25 INFO >> Features initialized as the following:
Aug 31 00:36:25 INFO >> num_unique_dms
Aug 31 00:36:25 INFO >> num_unique_freqs
Aug 31 00:36:25 INFO >> ndetections
Aug 31 00:36:25 INFO >> nharm
Aug 31 00:36:25 INFO >> log_p_dm
Aug 31 00:36:25 INFO >> ['dm_sigma_FitGaussWidth_gauss_sigma', 'dm_sigma_FitGaussWidth_gauss_sigma_rel_err', 'dm_sigma_FitGaussWidth_ndof', 'dm_sigma_FitGaussWidth_rms_err']
Aug 31 00:36:25 INFO >> ['dm_sigma_FitGauss_amplitude', 'dm_sigma_FitGauss_mu', 'dm_sigma_FitGauss_gauss_sigma', 'dm_sigma_FitGauss_amplitude_rel_err', 'dm_sigma_FitGauss_mu_rel_err', 'dm_sigma_FitGauss_gauss_sigma_rel_err', 'dm_sigma_FitGauss_amplitude-detection', 'dm_sigma_FitGauss_mu-detection', 'dm_sigma_FitGauss_ndof', 'dm_sigma_FitGauss_rms_err']
Aug 31 00:36:25 INFO >> ['freq_sigma_FitGaussWidth_gauss_sigma', 'freq_sigma_FitGaussWidth_gauss_sigma_rel_err', 'freq_sigma_FitGaussWidth_ndof', 'freq_sigma_FitGaussWidth_rms_err']
Aug 31 00:36:25 INFO >> ['freq_sigma_FitGauss_amplitude', 'freq_sigma_FitGauss_mu', 'freq_sigma_FitGauss_gauss_sigma', 'freq_sigma_FitGauss_amplitude_rel_err', 'freq_sigma_FitGauss_mu_rel_err', 'freq_sigma_FitGauss_gauss_sigma_rel_err', 'freq_sigma_FitGauss_amplitude-detection', 'freq_sigma_FitGauss_mu-detection', 'freq_sigma_FitGauss_ndof', 'freq_sigma_FitGauss_rms_err']
Aug 31 00:36:25 INFO >> Performing searching on cumulative stack 315.95 49.23
Aug 31 00:36:25 INFO >> Loading the cumulative power spectra stack to search
Aug 31 00:37:22 INFO >> DM: 21.39517062905961
Aug 31 00:37:22 INFO >> sigma: 9.121709511241933
Aug 31 00:37:22 INFO >> frequency: 10.465262103451561
Aug 31 00:37:22 INFO >> Injecting 48 harmonics.
Aug 31 00:37:22 INFO >> Starting DM: 11.53656437421352
Aug 31 00:37:22 INFO >> Stopping DM: 31.27016133010507
Aug 31 00:37:22 INFO >> Expected detection at 8.57 sigma with 16 harmonics.
Aug 31 00:37:36 INFO >> Start searching 6558 dm trials using 32 harmonics.
Aug 31 00:37:42 INFO >> Moved power spectra to shared memory.
Aug 31 00:37:42 INFO >> Number of dm trials in single multi processing job: 10
Aug 31 00:38:23 INFO >> Total number of detections=15612
Aug 31 00:38:23 INFO >> Clustering the detections
Aug 31 00:38:23 INFO >> Starting clustering
Aug 31 00:38:23 INFO >> Rogue harmonic power filter reduced detections from 15612 to 8554
Aug 31 00:38:23 INFO >> Filtering out duplicate freq,dm detections at multiple nharms removes 800 detections
Aug 31 00:38:23 INFO >> Duplicate freq,dm filter reduced detections to 7754
Aug 31 00:38:23 INFO >> Number of detections over threshold sigma (6.0): 7754
Aug 31 00:38:23 INFO >> Grouping duplicate frequencies together first
Aug 31 00:38:23 INFO >> Grouping duplicate frequencies removed 7228 detections from the harmonic metric computation
Aug 31 00:38:23 INFO >> Starting freq-DM distance metric computation
Aug 31 00:38:23 INFO >> Finished freq-DM distance metric computation
Aug 31 00:38:24 INFO >> Largest group size for metric computation is 97
Aug 31 00:38:24 INFO >> Starting harmonic distance metric computation
Aug 31 00:38:24 INFO >> Finished harmonic distance metric computation
Aug 31 00:38:24 INFO >> Starting DBSCAN
Aug 31 00:38:25 INFO >> Finished DBSCAN
Aug 31 00:38:25 INFO >> Clusters found: 76
Aug 31 00:38:25 INFO >> Filtered 32 clusters below or equal 2 DM.
Aug 31 00:38:25 INFO >> Total number of candidate clusters=1
Aug 31 00:38:25 INFO >> Candidate Processor of stack (315.95 49.23)
Aug 31 00:38:25 INFO >> Making SinglePointingCandidates from a list of 1 PowerSpectraDetectionClusters
Aug 31 00:38:27 INFO >> saved candidates to ./results//injections/315.95_49.23_cumulative_power_spectra_stack_20220627_11_tpa.yml_(272,)_candidates.npz
Aug 31 00:38:27 INFO >> Injected Pulsars:     1
Aug 31 00:38:27 INFO >> Injection Candidates: 1
Aug 31 00:38:27 INFO >> Recovered Injections: 1
Aug 31 00:38:27 INFO >> 1 candidates.
Aug 31 00:38:27 INFO >> Best candidate: F0: 10.465 DM: 21.35 Sigma: 10.01
Aug 31 00:38:28 INFO >> Unlinked shared memory for cumulative stack.
Aug 31 00:38:28 INFO >> Pipeline execution time: 2.05 minutes
