Aug 31 10:38:23 INFO >> {"message": "Waiting for suitable server to become available", "selector": "Primary()", "operation": "find", "topologyDescription": "<TopologyDescription id: 66d2f29f492ffc3b24c7cc85, topology_type: Unknown, servers: [<ServerDescription ('localhost', 27017) server_type: Unknown, rtt: None>]>", "clientId": {"$oid": "66d2f29f492ffc3b24c7cc85"}, "remainingTimeMS": 29}
Aug 31 10:38:23 INFO >> Features initialized as the following:
Aug 31 10:38:23 INFO >> num_unique_dms
Aug 31 10:38:23 INFO >> num_unique_freqs
Aug 31 10:38:23 INFO >> ndetections
Aug 31 10:38:23 INFO >> nharm
Aug 31 10:38:23 INFO >> log_p_dm
Aug 31 10:38:23 INFO >> ['dm_sigma_FitGaussWidth_gauss_sigma', 'dm_sigma_FitGaussWidth_gauss_sigma_rel_err', 'dm_sigma_FitGaussWidth_ndof', 'dm_sigma_FitGaussWidth_rms_err']
Aug 31 10:38:23 INFO >> ['dm_sigma_FitGauss_amplitude', 'dm_sigma_FitGauss_mu', 'dm_sigma_FitGauss_gauss_sigma', 'dm_sigma_FitGauss_amplitude_rel_err', 'dm_sigma_FitGauss_mu_rel_err', 'dm_sigma_FitGauss_gauss_sigma_rel_err', 'dm_sigma_FitGauss_amplitude-detection', 'dm_sigma_FitGauss_mu-detection', 'dm_sigma_FitGauss_ndof', 'dm_sigma_FitGauss_rms_err']
Aug 31 10:38:23 INFO >> ['freq_sigma_FitGaussWidth_gauss_sigma', 'freq_sigma_FitGaussWidth_gauss_sigma_rel_err', 'freq_sigma_FitGaussWidth_ndof', 'freq_sigma_FitGaussWidth_rms_err']
Aug 31 10:38:23 INFO >> ['freq_sigma_FitGauss_amplitude', 'freq_sigma_FitGauss_mu', 'freq_sigma_FitGauss_gauss_sigma', 'freq_sigma_FitGauss_amplitude_rel_err', 'freq_sigma_FitGauss_mu_rel_err', 'freq_sigma_FitGauss_gauss_sigma_rel_err', 'freq_sigma_FitGauss_amplitude-detection', 'freq_sigma_FitGauss_mu-detection', 'freq_sigma_FitGauss_ndof', 'freq_sigma_FitGauss_rms_err']
Aug 31 10:38:23 INFO >> Performing searching on cumulative stack 315.95 49.23
Aug 31 10:38:23 INFO >> Loading the cumulative power spectra stack to search
Aug 31 10:39:21 INFO >> DM: 41.0741929194856
Aug 31 10:39:21 INFO >> sigma: 16.242155972457198
Aug 31 10:39:21 INFO >> frequency: 46.82632251190925
Aug 31 10:39:21 INFO >> Injecting 10 harmonics.
Aug 31 10:39:21 INFO >> Starting DM: 38.86000631314029
Aug 31 10:39:21 INFO >> Stopping DM: 43.312715369854274
Aug 31 10:39:21 INFO >> Expected detection at 14.39 sigma with 8 harmonics.
Aug 31 10:39:35 INFO >> Start searching 6558 dm trials using 32 harmonics.
Aug 31 10:39:41 INFO >> Moved power spectra to shared memory.
Aug 31 10:39:41 INFO >> Number of dm trials in single multi processing job: 10
Aug 31 10:40:21 INFO >> Total number of detections=15684
Aug 31 10:40:21 INFO >> Clustering the detections
Aug 31 10:40:21 INFO >> Starting clustering
Aug 31 10:40:21 INFO >> Rogue harmonic power filter reduced detections from 15684 to 8617
Aug 31 10:40:21 INFO >> Filtering out duplicate freq,dm detections at multiple nharms removes 818 detections
Aug 31 10:40:21 INFO >> Duplicate freq,dm filter reduced detections to 7799
Aug 31 10:40:21 INFO >> Number of detections over threshold sigma (6.0): 7799
Aug 31 10:40:21 INFO >> Grouping duplicate frequencies together first
Aug 31 10:40:21 INFO >> Grouping duplicate frequencies removed 7260 detections from the harmonic metric computation
Aug 31 10:40:21 INFO >> Starting freq-DM distance metric computation
Aug 31 10:40:22 INFO >> Finished freq-DM distance metric computation
Aug 31 10:40:22 INFO >> Largest group size for metric computation is 97
Aug 31 10:40:22 INFO >> Starting harmonic distance metric computation
Aug 31 10:40:23 INFO >> Finished harmonic distance metric computation
Aug 31 10:40:23 INFO >> Starting DBSCAN
Aug 31 10:40:23 INFO >> Finished DBSCAN
Aug 31 10:40:23 INFO >> Clusters found: 76
Aug 31 10:40:23 INFO >> Filtered 32 clusters below or equal 2 DM.
Aug 31 10:40:23 INFO >> Total number of candidate clusters=1
Aug 31 10:40:23 INFO >> Candidate Processor of stack (315.95 49.23)
Aug 31 10:40:23 INFO >> Making SinglePointingCandidates from a list of 1 PowerSpectraDetectionClusters
Aug 31 10:40:25 INFO >> saved candidates to ./results//injections/315.95_49.23_cumulative_power_spectra_stack_20220627_11_tpa.yml_(560,)_candidates.npz
Aug 31 10:40:25 INFO >> Injected Pulsars:     1
Aug 31 10:40:25 INFO >> Injection Candidates: 1
Aug 31 10:40:25 INFO >> Recovered Injections: 1
Aug 31 10:40:25 INFO >> 1 candidates.
Aug 31 10:40:25 INFO >> Best candidate: F0: 46.826 DM: 41.09 Sigma: 13.87
Aug 31 10:40:26 INFO >> Unlinked shared memory for cumulative stack.
Aug 31 10:40:26 INFO >> Pipeline execution time: 2.06 minutes
