Aug 31 05:06:04 INFO >> {"message": "Waiting for suitable server to become available", "selector": "Primary()", "operation": "find", "topologyDescription": "<TopologyDescription id: 66d2a4bce1656d4c71e69011, topology_type: Unknown, servers: [<ServerDescription ('localhost', 27017) server_type: Unknown, rtt: None>]>", "clientId": {"$oid": "66d2a4bce1656d4c71e69011"}, "remainingTimeMS": 29}
Aug 31 05:06:04 INFO >> Features initialized as the following:
Aug 31 05:06:04 INFO >> num_unique_dms
Aug 31 05:06:04 INFO >> num_unique_freqs
Aug 31 05:06:04 INFO >> ndetections
Aug 31 05:06:04 INFO >> nharm
Aug 31 05:06:04 INFO >> log_p_dm
Aug 31 05:06:04 INFO >> ['dm_sigma_FitGaussWidth_gauss_sigma', 'dm_sigma_FitGaussWidth_gauss_sigma_rel_err', 'dm_sigma_FitGaussWidth_ndof', 'dm_sigma_FitGaussWidth_rms_err']
Aug 31 05:06:04 INFO >> ['dm_sigma_FitGauss_amplitude', 'dm_sigma_FitGauss_mu', 'dm_sigma_FitGauss_gauss_sigma', 'dm_sigma_FitGauss_amplitude_rel_err', 'dm_sigma_FitGauss_mu_rel_err', 'dm_sigma_FitGauss_gauss_sigma_rel_err', 'dm_sigma_FitGauss_amplitude-detection', 'dm_sigma_FitGauss_mu-detection', 'dm_sigma_FitGauss_ndof', 'dm_sigma_FitGauss_rms_err']
Aug 31 05:06:04 INFO >> ['freq_sigma_FitGaussWidth_gauss_sigma', 'freq_sigma_FitGaussWidth_gauss_sigma_rel_err', 'freq_sigma_FitGaussWidth_ndof', 'freq_sigma_FitGaussWidth_rms_err']
Aug 31 05:06:04 INFO >> ['freq_sigma_FitGauss_amplitude', 'freq_sigma_FitGauss_mu', 'freq_sigma_FitGauss_gauss_sigma', 'freq_sigma_FitGauss_amplitude_rel_err', 'freq_sigma_FitGauss_mu_rel_err', 'freq_sigma_FitGauss_gauss_sigma_rel_err', 'freq_sigma_FitGauss_amplitude-detection', 'freq_sigma_FitGauss_mu-detection', 'freq_sigma_FitGauss_ndof', 'freq_sigma_FitGauss_rms_err']
Aug 31 05:06:04 INFO >> Performing searching on cumulative stack 315.95 49.23
Aug 31 05:06:04 INFO >> Loading the cumulative power spectra stack to search
Aug 31 05:07:02 INFO >> DM: 175.43191480506079
Aug 31 05:07:02 INFO >> sigma: 11.134438072669425
Aug 31 05:07:02 INFO >> frequency: 72.37724772291652
Aug 31 05:07:02 INFO >> Injecting 7 harmonics.
Aug 31 05:07:02 INFO >> Starting DM: 173.95924701116707
Aug 31 05:07:02 INFO >> Stopping DM: 176.89398707127398
Aug 31 05:07:02 INFO >> Expected detection at 7.13 sigma with 4 harmonics.
Aug 31 05:07:16 INFO >> Start searching 6558 dm trials using 32 harmonics.
Aug 31 05:07:22 INFO >> Moved power spectra to shared memory.
Aug 31 05:07:22 INFO >> Number of dm trials in single multi processing job: 10
Aug 31 05:08:02 INFO >> Total number of detections=15583
Aug 31 05:08:02 INFO >> Clustering the detections
Aug 31 05:08:02 INFO >> Starting clustering
Aug 31 05:08:02 INFO >> Rogue harmonic power filter reduced detections from 15583 to 8525
Aug 31 05:08:02 INFO >> Filtering out duplicate freq,dm detections at multiple nharms removes 789 detections
Aug 31 05:08:02 INFO >> Duplicate freq,dm filter reduced detections to 7736
Aug 31 05:08:02 INFO >> Number of detections over threshold sigma (6.0): 7736
Aug 31 05:08:02 INFO >> Grouping duplicate frequencies together first
Aug 31 05:08:02 INFO >> Grouping duplicate frequencies removed 7215 detections from the harmonic metric computation
Aug 31 05:08:02 INFO >> Starting freq-DM distance metric computation
Aug 31 05:08:02 INFO >> Finished freq-DM distance metric computation
Aug 31 05:08:02 INFO >> Largest group size for metric computation is 97
Aug 31 05:08:02 INFO >> Starting harmonic distance metric computation
Aug 31 05:08:03 INFO >> Finished harmonic distance metric computation
Aug 31 05:08:03 INFO >> Starting DBSCAN
Aug 31 05:08:03 INFO >> Finished DBSCAN
Aug 31 05:08:03 INFO >> Clusters found: 75
Aug 31 05:08:03 INFO >> Filtered 32 clusters below or equal 2 DM.
Aug 31 05:08:03 INFO >> Total number of candidate clusters=0
Aug 31 05:08:03 INFO >> Candidate Processor of stack (315.95 49.23)
Aug 31 05:08:03 INFO >> Making SinglePointingCandidates from a list of 0 PowerSpectraDetectionClusters
Aug 31 05:08:05 INFO >> saved candidates to ./results//injections/315.95_49.23_cumulative_power_spectra_stack_20220627_11_tpa.yml_(401,)_candidates.npz
Aug 31 05:08:05 INFO >> Injected Pulsars:     1
Aug 31 05:08:05 INFO >> Injection Candidates: 0
Aug 31 05:08:05 INFO >> Recovered Injections: 0
Aug 31 05:08:05 INFO >> 0 candidates.
Aug 31 05:08:06 INFO >> Unlinked shared memory for cumulative stack.
Aug 31 05:08:06 INFO >> Pipeline execution time: 2.04 minutes
