Aug 31 11:01:22 INFO >> {"message": "Waiting for suitable server to become available", "selector": "Primary()", "operation": "find", "topologyDescription": "<TopologyDescription id: 66d2f802cf39f4d40b553871, topology_type: Unknown, servers: [<ServerDescription ('localhost', 27017) server_type: Unknown, rtt: None>]>", "clientId": {"$oid": "66d2f802cf39f4d40b553871"}, "remainingTimeMS": 29}
Aug 31 11:01:22 INFO >> Features initialized as the following:
Aug 31 11:01:22 INFO >> num_unique_dms
Aug 31 11:01:22 INFO >> num_unique_freqs
Aug 31 11:01:22 INFO >> ndetections
Aug 31 11:01:22 INFO >> nharm
Aug 31 11:01:22 INFO >> log_p_dm
Aug 31 11:01:22 INFO >> ['dm_sigma_FitGaussWidth_gauss_sigma', 'dm_sigma_FitGaussWidth_gauss_sigma_rel_err', 'dm_sigma_FitGaussWidth_ndof', 'dm_sigma_FitGaussWidth_rms_err']
Aug 31 11:01:22 INFO >> ['dm_sigma_FitGauss_amplitude', 'dm_sigma_FitGauss_mu', 'dm_sigma_FitGauss_gauss_sigma', 'dm_sigma_FitGauss_amplitude_rel_err', 'dm_sigma_FitGauss_mu_rel_err', 'dm_sigma_FitGauss_gauss_sigma_rel_err', 'dm_sigma_FitGauss_amplitude-detection', 'dm_sigma_FitGauss_mu-detection', 'dm_sigma_FitGauss_ndof', 'dm_sigma_FitGauss_rms_err']
Aug 31 11:01:22 INFO >> ['freq_sigma_FitGaussWidth_gauss_sigma', 'freq_sigma_FitGaussWidth_gauss_sigma_rel_err', 'freq_sigma_FitGaussWidth_ndof', 'freq_sigma_FitGaussWidth_rms_err']
Aug 31 11:01:22 INFO >> ['freq_sigma_FitGauss_amplitude', 'freq_sigma_FitGauss_mu', 'freq_sigma_FitGauss_gauss_sigma', 'freq_sigma_FitGauss_amplitude_rel_err', 'freq_sigma_FitGauss_mu_rel_err', 'freq_sigma_FitGauss_gauss_sigma_rel_err', 'freq_sigma_FitGauss_amplitude-detection', 'freq_sigma_FitGauss_mu-detection', 'freq_sigma_FitGauss_ndof', 'freq_sigma_FitGauss_rms_err']
Aug 31 11:01:22 INFO >> Performing searching on cumulative stack 315.95 49.23
Aug 31 11:01:22 INFO >> Loading the cumulative power spectra stack to search
Aug 31 11:02:20 INFO >> DM: 33.46938334152247
Aug 31 11:02:20 INFO >> sigma: 6.163947607331319
Aug 31 11:02:20 INFO >> frequency: 21.759504624482407
Aug 31 11:02:20 INFO >> Injecting 23 harmonics.
Aug 31 11:02:20 INFO >> Starting DM: 28.74021300242667
Aug 31 11:02:20 INFO >> Stopping DM: 38.15162078139033
Aug 31 11:02:20 INFO >> Expected detection at 5.03 sigma with 16 harmonics.
Aug 31 11:02:34 INFO >> Start searching 6558 dm trials using 32 harmonics.
Aug 31 11:02:40 INFO >> Moved power spectra to shared memory.
Aug 31 11:02:40 INFO >> Number of dm trials in single multi processing job: 10
Aug 31 11:03:20 INFO >> Total number of detections=15577
Aug 31 11:03:20 INFO >> Clustering the detections
Aug 31 11:03:20 INFO >> Starting clustering
Aug 31 11:03:20 INFO >> Rogue harmonic power filter reduced detections from 15577 to 8519
Aug 31 11:03:20 INFO >> Filtering out duplicate freq,dm detections at multiple nharms removes 787 detections
Aug 31 11:03:20 INFO >> Duplicate freq,dm filter reduced detections to 7732
Aug 31 11:03:20 INFO >> Number of detections over threshold sigma (6.0): 7732
Aug 31 11:03:20 INFO >> Grouping duplicate frequencies together first
Aug 31 11:03:20 INFO >> Grouping duplicate frequencies removed 7214 detections from the harmonic metric computation
Aug 31 11:03:20 INFO >> Starting freq-DM distance metric computation
Aug 31 11:03:21 INFO >> Finished freq-DM distance metric computation
Aug 31 11:03:21 INFO >> Largest group size for metric computation is 97
Aug 31 11:03:21 INFO >> Starting harmonic distance metric computation
Aug 31 11:03:21 INFO >> Finished harmonic distance metric computation
Aug 31 11:03:21 INFO >> Starting DBSCAN
Aug 31 11:03:22 INFO >> Finished DBSCAN
Aug 31 11:03:22 INFO >> Clusters found: 75
Aug 31 11:03:22 INFO >> Filtered 32 clusters below or equal 2 DM.
Aug 31 11:03:22 INFO >> Total number of candidate clusters=0
Aug 31 11:03:22 INFO >> Candidate Processor of stack (315.95 49.23)
Aug 31 11:03:22 INFO >> Making SinglePointingCandidates from a list of 0 PowerSpectraDetectionClusters
Aug 31 11:03:24 INFO >> saved candidates to ./results//injections/315.95_49.23_cumulative_power_spectra_stack_20220627_11_tpa.yml_(571,)_candidates.npz
Aug 31 11:03:24 INFO >> Injected Pulsars:     1
Aug 31 11:03:24 INFO >> Injection Candidates: 0
Aug 31 11:03:24 INFO >> Recovered Injections: 0
Aug 31 11:03:24 INFO >> 0 candidates.
Aug 31 11:03:25 INFO >> Unlinked shared memory for cumulative stack.
Aug 31 11:03:25 INFO >> Pipeline execution time: 2.05 minutes
