Aug 31 01:14:03 INFO >> {"message": "Waiting for suitable server to become available", "selector": "Primary()", "operation": "find", "topologyDescription": "<TopologyDescription id: 66d26e5bd55093a857702d7a, topology_type: Unknown, servers: [<ServerDescription ('localhost', 27017) server_type: Unknown, rtt: None>]>", "clientId": {"$oid": "66d26e5bd55093a857702d7a"}, "remainingTimeMS": 29}
Aug 31 01:14:03 INFO >> Features initialized as the following:
Aug 31 01:14:03 INFO >> num_unique_dms
Aug 31 01:14:03 INFO >> num_unique_freqs
Aug 31 01:14:03 INFO >> ndetections
Aug 31 01:14:03 INFO >> nharm
Aug 31 01:14:03 INFO >> log_p_dm
Aug 31 01:14:03 INFO >> ['dm_sigma_FitGaussWidth_gauss_sigma', 'dm_sigma_FitGaussWidth_gauss_sigma_rel_err', 'dm_sigma_FitGaussWidth_ndof', 'dm_sigma_FitGaussWidth_rms_err']
Aug 31 01:14:03 INFO >> ['dm_sigma_FitGauss_amplitude', 'dm_sigma_FitGauss_mu', 'dm_sigma_FitGauss_gauss_sigma', 'dm_sigma_FitGauss_amplitude_rel_err', 'dm_sigma_FitGauss_mu_rel_err', 'dm_sigma_FitGauss_gauss_sigma_rel_err', 'dm_sigma_FitGauss_amplitude-detection', 'dm_sigma_FitGauss_mu-detection', 'dm_sigma_FitGauss_ndof', 'dm_sigma_FitGauss_rms_err']
Aug 31 01:14:03 INFO >> ['freq_sigma_FitGaussWidth_gauss_sigma', 'freq_sigma_FitGaussWidth_gauss_sigma_rel_err', 'freq_sigma_FitGaussWidth_ndof', 'freq_sigma_FitGaussWidth_rms_err']
Aug 31 01:14:03 INFO >> ['freq_sigma_FitGauss_amplitude', 'freq_sigma_FitGauss_mu', 'freq_sigma_FitGauss_gauss_sigma', 'freq_sigma_FitGauss_amplitude_rel_err', 'freq_sigma_FitGauss_mu_rel_err', 'freq_sigma_FitGauss_gauss_sigma_rel_err', 'freq_sigma_FitGauss_amplitude-detection', 'freq_sigma_FitGauss_mu-detection', 'freq_sigma_FitGauss_ndof', 'freq_sigma_FitGauss_rms_err']
Aug 31 01:14:03 INFO >> Performing searching on cumulative stack 315.95 49.23
Aug 31 01:14:03 INFO >> Loading the cumulative power spectra stack to search
Aug 31 01:15:00 INFO >> DM: 187.7104034326229
Aug 31 01:15:00 INFO >> sigma: 9.184969429203246
Aug 31 01:15:00 INFO >> frequency: 35.284990101771385
Aug 31 01:15:00 INFO >> Injecting 14 harmonics.
Aug 31 01:15:00 INFO >> Starting DM: 184.78742585363062
Aug 31 01:15:00 INFO >> Stopping DM: 190.65690597384452
Aug 31 01:15:00 INFO >> Expected detection at 7.05 sigma with 4 harmonics.
Aug 31 01:15:14 INFO >> Start searching 6558 dm trials using 32 harmonics.
Aug 31 01:15:20 INFO >> Moved power spectra to shared memory.
Aug 31 01:15:20 INFO >> Number of dm trials in single multi processing job: 10
Aug 31 01:16:00 INFO >> Total number of detections=15589
Aug 31 01:16:00 INFO >> Clustering the detections
Aug 31 01:16:00 INFO >> Starting clustering
Aug 31 01:16:00 INFO >> Rogue harmonic power filter reduced detections from 15589 to 8531
Aug 31 01:16:00 INFO >> Filtering out duplicate freq,dm detections at multiple nharms removes 791 detections
Aug 31 01:16:00 INFO >> Duplicate freq,dm filter reduced detections to 7740
Aug 31 01:16:00 INFO >> Number of detections over threshold sigma (6.0): 7740
Aug 31 01:16:00 INFO >> Grouping duplicate frequencies together first
Aug 31 01:16:00 INFO >> Grouping duplicate frequencies removed 7219 detections from the harmonic metric computation
Aug 31 01:16:00 INFO >> Starting freq-DM distance metric computation
Aug 31 01:16:00 INFO >> Finished freq-DM distance metric computation
Aug 31 01:16:01 INFO >> Largest group size for metric computation is 97
Aug 31 01:16:01 INFO >> Starting harmonic distance metric computation
Aug 31 01:16:01 INFO >> Finished harmonic distance metric computation
Aug 31 01:16:01 INFO >> Starting DBSCAN
Aug 31 01:16:01 INFO >> Finished DBSCAN
Aug 31 01:16:01 INFO >> Clusters found: 76
Aug 31 01:16:01 INFO >> Filtered 32 clusters below or equal 2 DM.
Aug 31 01:16:01 INFO >> Total number of candidate clusters=1
Aug 31 01:16:01 INFO >> Candidate Processor of stack (315.95 49.23)
Aug 31 01:16:01 INFO >> Making SinglePointingCandidates from a list of 1 PowerSpectraDetectionClusters
Aug 31 01:16:04 INFO >> saved candidates to ./results//injections/315.95_49.23_cumulative_power_spectra_stack_20220627_11_tpa.yml_(290,)_candidates.npz
Aug 31 01:16:04 INFO >> Injected Pulsars:     1
Aug 31 01:16:04 INFO >> Injection Candidates: 1
Aug 31 01:16:04 INFO >> Recovered Injections: 1
Aug 31 01:16:04 INFO >> 1 candidates.
Aug 31 01:16:04 INFO >> Best candidate: F0: 35.285 DM: 187.72 Sigma: 7.29
Aug 31 01:16:05 INFO >> Unlinked shared memory for cumulative stack.
Aug 31 01:16:05 INFO >> Pipeline execution time: 2.04 minutes
