Aug 31 02:16:38 INFO >> {"message": "Waiting for suitable server to become available", "selector": "Primary()", "operation": "find", "topologyDescription": "<TopologyDescription id: 66d27d06b8b3a5b5f53fe12a, topology_type: Unknown, servers: [<ServerDescription ('localhost', 27017) server_type: Unknown, rtt: None>]>", "clientId": {"$oid": "66d27d06b8b3a5b5f53fe12a"}, "remainingTimeMS": 29}
Aug 31 02:16:38 INFO >> Features initialized as the following:
Aug 31 02:16:38 INFO >> num_unique_dms
Aug 31 02:16:38 INFO >> num_unique_freqs
Aug 31 02:16:38 INFO >> ndetections
Aug 31 02:16:38 INFO >> nharm
Aug 31 02:16:38 INFO >> log_p_dm
Aug 31 02:16:38 INFO >> ['dm_sigma_FitGaussWidth_gauss_sigma', 'dm_sigma_FitGaussWidth_gauss_sigma_rel_err', 'dm_sigma_FitGaussWidth_ndof', 'dm_sigma_FitGaussWidth_rms_err']
Aug 31 02:16:38 INFO >> ['dm_sigma_FitGauss_amplitude', 'dm_sigma_FitGauss_mu', 'dm_sigma_FitGauss_gauss_sigma', 'dm_sigma_FitGauss_amplitude_rel_err', 'dm_sigma_FitGauss_mu_rel_err', 'dm_sigma_FitGauss_gauss_sigma_rel_err', 'dm_sigma_FitGauss_amplitude-detection', 'dm_sigma_FitGauss_mu-detection', 'dm_sigma_FitGauss_ndof', 'dm_sigma_FitGauss_rms_err']
Aug 31 02:16:38 INFO >> ['freq_sigma_FitGaussWidth_gauss_sigma', 'freq_sigma_FitGaussWidth_gauss_sigma_rel_err', 'freq_sigma_FitGaussWidth_ndof', 'freq_sigma_FitGaussWidth_rms_err']
Aug 31 02:16:38 INFO >> ['freq_sigma_FitGauss_amplitude', 'freq_sigma_FitGauss_mu', 'freq_sigma_FitGauss_gauss_sigma', 'freq_sigma_FitGauss_amplitude_rel_err', 'freq_sigma_FitGauss_mu_rel_err', 'freq_sigma_FitGauss_gauss_sigma_rel_err', 'freq_sigma_FitGauss_amplitude-detection', 'freq_sigma_FitGauss_mu-detection', 'freq_sigma_FitGauss_ndof', 'freq_sigma_FitGauss_rms_err']
Aug 31 02:16:38 INFO >> Performing searching on cumulative stack 315.95 49.23
Aug 31 02:16:38 INFO >> Loading the cumulative power spectra stack to search
Aug 31 02:17:35 INFO >> DM: 29.74511970220369
Aug 31 02:17:35 INFO >> sigma: 9.232826009077773
Aug 31 02:17:35 INFO >> frequency: 16.14542628821021
Aug 31 02:17:35 INFO >> Injecting 31 harmonics.
Aug 31 02:17:35 INFO >> Starting DM: 23.37672254774845
Aug 31 02:17:35 INFO >> Stopping DM: 36.1276621192476
Aug 31 02:17:35 INFO >> Expected detection at 6.56 sigma with 1 harmonics.
Aug 31 02:17:49 INFO >> Start searching 6558 dm trials using 32 harmonics.
Aug 31 02:17:55 INFO >> Moved power spectra to shared memory.
Aug 31 02:17:55 INFO >> Number of dm trials in single multi processing job: 10
Aug 31 02:18:36 INFO >> Total number of detections=15618
Aug 31 02:18:36 INFO >> Clustering the detections
Aug 31 02:18:36 INFO >> Starting clustering
Aug 31 02:18:36 INFO >> Rogue harmonic power filter reduced detections from 15618 to 8560
Aug 31 02:18:36 INFO >> Filtering out duplicate freq,dm detections at multiple nharms removes 789 detections
Aug 31 02:18:36 INFO >> Duplicate freq,dm filter reduced detections to 7771
Aug 31 02:18:36 INFO >> Number of detections over threshold sigma (6.0): 7771
Aug 31 02:18:36 INFO >> Grouping duplicate frequencies together first
Aug 31 02:18:36 INFO >> Grouping duplicate frequencies removed 7248 detections from the harmonic metric computation
Aug 31 02:18:36 INFO >> Starting freq-DM distance metric computation
Aug 31 02:18:36 INFO >> Finished freq-DM distance metric computation
Aug 31 02:18:36 INFO >> Largest group size for metric computation is 97
Aug 31 02:18:36 INFO >> Starting harmonic distance metric computation
Aug 31 02:18:37 INFO >> Finished harmonic distance metric computation
Aug 31 02:18:37 INFO >> Starting DBSCAN
Aug 31 02:18:37 INFO >> Finished DBSCAN
Aug 31 02:18:37 INFO >> Clusters found: 76
Aug 31 02:18:37 INFO >> Filtered 32 clusters below or equal 2 DM.
Aug 31 02:18:37 INFO >> Total number of candidate clusters=1
Aug 31 02:18:37 INFO >> Candidate Processor of stack (315.95 49.23)
Aug 31 02:18:37 INFO >> Making SinglePointingCandidates from a list of 1 PowerSpectraDetectionClusters
Aug 31 02:18:39 INFO >> saved candidates to ./results//injections/315.95_49.23_cumulative_power_spectra_stack_20220627_11_tpa.yml_(320,)_candidates.npz
Aug 31 02:18:39 INFO >> Injected Pulsars:     1
Aug 31 02:18:39 INFO >> Injection Candidates: 1
Aug 31 02:18:39 INFO >> Recovered Injections: 1
Aug 31 02:18:39 INFO >> 1 candidates.
Aug 31 02:18:39 INFO >> Best candidate: F0: 16.145 DM: 29.85 Sigma: 6.69
Aug 31 02:18:41 INFO >> Unlinked shared memory for cumulative stack.
Aug 31 02:18:41 INFO >> Pipeline execution time: 2.05 minutes
