Aug 31 10:06:58 INFO >> {"message": "Waiting for suitable server to become available", "selector": "Primary()", "operation": "find", "topologyDescription": "<TopologyDescription id: 66d2eb42f0bdcf28ed098240, topology_type: Unknown, servers: [<ServerDescription ('localhost', 27017) server_type: Unknown, rtt: None>]>", "clientId": {"$oid": "66d2eb42f0bdcf28ed098240"}, "remainingTimeMS": 29}
Aug 31 10:06:58 INFO >> Features initialized as the following:
Aug 31 10:06:58 INFO >> num_unique_dms
Aug 31 10:06:58 INFO >> num_unique_freqs
Aug 31 10:06:58 INFO >> ndetections
Aug 31 10:06:58 INFO >> nharm
Aug 31 10:06:58 INFO >> log_p_dm
Aug 31 10:06:58 INFO >> ['dm_sigma_FitGaussWidth_gauss_sigma', 'dm_sigma_FitGaussWidth_gauss_sigma_rel_err', 'dm_sigma_FitGaussWidth_ndof', 'dm_sigma_FitGaussWidth_rms_err']
Aug 31 10:06:58 INFO >> ['dm_sigma_FitGauss_amplitude', 'dm_sigma_FitGauss_mu', 'dm_sigma_FitGauss_gauss_sigma', 'dm_sigma_FitGauss_amplitude_rel_err', 'dm_sigma_FitGauss_mu_rel_err', 'dm_sigma_FitGauss_gauss_sigma_rel_err', 'dm_sigma_FitGauss_amplitude-detection', 'dm_sigma_FitGauss_mu-detection', 'dm_sigma_FitGauss_ndof', 'dm_sigma_FitGauss_rms_err']
Aug 31 10:06:58 INFO >> ['freq_sigma_FitGaussWidth_gauss_sigma', 'freq_sigma_FitGaussWidth_gauss_sigma_rel_err', 'freq_sigma_FitGaussWidth_ndof', 'freq_sigma_FitGaussWidth_rms_err']
Aug 31 10:06:58 INFO >> ['freq_sigma_FitGauss_amplitude', 'freq_sigma_FitGauss_mu', 'freq_sigma_FitGauss_gauss_sigma', 'freq_sigma_FitGauss_amplitude_rel_err', 'freq_sigma_FitGauss_mu_rel_err', 'freq_sigma_FitGauss_gauss_sigma_rel_err', 'freq_sigma_FitGauss_amplitude-detection', 'freq_sigma_FitGauss_mu-detection', 'freq_sigma_FitGauss_ndof', 'freq_sigma_FitGauss_rms_err']
Aug 31 10:06:58 INFO >> Performing searching on cumulative stack 315.95 49.23
Aug 31 10:06:58 INFO >> Loading the cumulative power spectra stack to search
Aug 31 10:07:55 INFO >> DM: 51.62595390369087
Aug 31 10:07:55 INFO >> sigma: 8.906338195997911
Aug 31 10:07:55 INFO >> frequency: 21.479116918139898
Aug 31 10:07:55 INFO >> Injecting 23 harmonics.
Aug 31 10:07:55 INFO >> Starting DM: 46.854643028604045
Aug 31 10:07:55 INFO >> Stopping DM: 56.46844667378197
Aug 31 10:07:55 INFO >> Expected detection at 7.95 sigma with 16 harmonics.
Aug 31 10:08:09 INFO >> Start searching 6558 dm trials using 32 harmonics.
Aug 31 10:08:15 INFO >> Moved power spectra to shared memory.
Aug 31 10:08:15 INFO >> Number of dm trials in single multi processing job: 10
Aug 31 10:08:56 INFO >> Total number of detections=15585
Aug 31 10:08:56 INFO >> Clustering the detections
Aug 31 10:08:56 INFO >> Starting clustering
Aug 31 10:08:56 INFO >> Rogue harmonic power filter reduced detections from 15585 to 8527
Aug 31 10:08:56 INFO >> Filtering out duplicate freq,dm detections at multiple nharms removes 789 detections
Aug 31 10:08:56 INFO >> Duplicate freq,dm filter reduced detections to 7738
Aug 31 10:08:56 INFO >> Number of detections over threshold sigma (6.0): 7738
Aug 31 10:08:56 INFO >> Grouping duplicate frequencies together first
Aug 31 10:08:56 INFO >> Grouping duplicate frequencies removed 7217 detections from the harmonic metric computation
Aug 31 10:08:56 INFO >> Starting freq-DM distance metric computation
Aug 31 10:08:56 INFO >> Finished freq-DM distance metric computation
Aug 31 10:08:56 INFO >> Largest group size for metric computation is 97
Aug 31 10:08:56 INFO >> Starting harmonic distance metric computation
Aug 31 10:08:57 INFO >> Finished harmonic distance metric computation
Aug 31 10:08:57 INFO >> Starting DBSCAN
Aug 31 10:08:57 INFO >> Finished DBSCAN
Aug 31 10:08:57 INFO >> Clusters found: 76
Aug 31 10:08:57 INFO >> Filtered 32 clusters below or equal 2 DM.
Aug 31 10:08:57 INFO >> Total number of candidate clusters=1
Aug 31 10:08:57 INFO >> Candidate Processor of stack (315.95 49.23)
Aug 31 10:08:57 INFO >> Making SinglePointingCandidates from a list of 1 PowerSpectraDetectionClusters
Aug 31 10:09:00 INFO >> saved candidates to ./results//injections/315.95_49.23_cumulative_power_spectra_stack_20220627_11_tpa.yml_(545,)_candidates.npz
Aug 31 10:09:00 INFO >> Injected Pulsars:     1
Aug 31 10:09:00 INFO >> Injection Candidates: 1
Aug 31 10:09:00 INFO >> Recovered Injections: 1
Aug 31 10:09:00 INFO >> 1 candidates.
Aug 31 10:09:00 INFO >> Best candidate: F0: 21.479 DM: 51.61 Sigma: 7.59
Aug 31 10:09:01 INFO >> Unlinked shared memory for cumulative stack.
Aug 31 10:09:01 INFO >> Pipeline execution time: 2.05 minutes
