Aug 31 14:59:35 INFO >> {"message": "Waiting for suitable server to become available", "selector": "Primary()", "operation": "find", "topologyDescription": "<TopologyDescription id: 66d32fd75a20d904d34d697b, topology_type: Unknown, servers: [<ServerDescription ('localhost', 27017) server_type: Unknown, rtt: None>]>", "clientId": {"$oid": "66d32fd75a20d904d34d697b"}, "remainingTimeMS": 29}
Aug 31 14:59:35 INFO >> Features initialized as the following:
Aug 31 14:59:35 INFO >> num_unique_dms
Aug 31 14:59:35 INFO >> num_unique_freqs
Aug 31 14:59:35 INFO >> ndetections
Aug 31 14:59:35 INFO >> nharm
Aug 31 14:59:35 INFO >> log_p_dm
Aug 31 14:59:35 INFO >> ['dm_sigma_FitGaussWidth_gauss_sigma', 'dm_sigma_FitGaussWidth_gauss_sigma_rel_err', 'dm_sigma_FitGaussWidth_ndof', 'dm_sigma_FitGaussWidth_rms_err']
Aug 31 14:59:35 INFO >> ['dm_sigma_FitGauss_amplitude', 'dm_sigma_FitGauss_mu', 'dm_sigma_FitGauss_gauss_sigma', 'dm_sigma_FitGauss_amplitude_rel_err', 'dm_sigma_FitGauss_mu_rel_err', 'dm_sigma_FitGauss_gauss_sigma_rel_err', 'dm_sigma_FitGauss_amplitude-detection', 'dm_sigma_FitGauss_mu-detection', 'dm_sigma_FitGauss_ndof', 'dm_sigma_FitGauss_rms_err']
Aug 31 14:59:35 INFO >> ['freq_sigma_FitGaussWidth_gauss_sigma', 'freq_sigma_FitGaussWidth_gauss_sigma_rel_err', 'freq_sigma_FitGaussWidth_ndof', 'freq_sigma_FitGaussWidth_rms_err']
Aug 31 14:59:35 INFO >> ['freq_sigma_FitGauss_amplitude', 'freq_sigma_FitGauss_mu', 'freq_sigma_FitGauss_gauss_sigma', 'freq_sigma_FitGauss_amplitude_rel_err', 'freq_sigma_FitGauss_mu_rel_err', 'freq_sigma_FitGauss_gauss_sigma_rel_err', 'freq_sigma_FitGauss_amplitude-detection', 'freq_sigma_FitGauss_mu-detection', 'freq_sigma_FitGauss_ndof', 'freq_sigma_FitGauss_rms_err']
Aug 31 14:59:35 INFO >> Performing searching on cumulative stack 315.95 49.23
Aug 31 14:59:35 INFO >> Loading the cumulative power spectra stack to search
Aug 31 15:00:33 INFO >> DM: 47.27611540056374
Aug 31 15:00:33 INFO >> sigma: 15.810161723387319
Aug 31 15:00:33 INFO >> frequency: 190.7658888069496
Aug 31 15:00:33 INFO >> Injecting 2 harmonics.
Aug 31 15:00:33 INFO >> Starting DM: 46.7534450954969
Aug 31 15:00:33 INFO >> Stopping DM: 47.765424426568266
Aug 31 15:00:33 INFO >> Expected detection at 8.02 sigma with 2 harmonics.
Aug 31 15:00:47 INFO >> Start searching 6558 dm trials using 32 harmonics.
Aug 31 15:00:52 INFO >> Moved power spectra to shared memory.
Aug 31 15:00:52 INFO >> Number of dm trials in single multi processing job: 10
Aug 31 15:01:33 INFO >> Total number of detections=15580
Aug 31 15:01:33 INFO >> Clustering the detections
Aug 31 15:01:33 INFO >> Starting clustering
Aug 31 15:01:33 INFO >> Rogue harmonic power filter reduced detections from 15580 to 8522
Aug 31 15:01:33 INFO >> Filtering out duplicate freq,dm detections at multiple nharms removes 788 detections
Aug 31 15:01:33 INFO >> Duplicate freq,dm filter reduced detections to 7734
Aug 31 15:01:33 INFO >> Number of detections over threshold sigma (6.0): 7734
Aug 31 15:01:33 INFO >> Grouping duplicate frequencies together first
Aug 31 15:01:33 INFO >> Grouping duplicate frequencies removed 7214 detections from the harmonic metric computation
Aug 31 15:01:33 INFO >> Starting freq-DM distance metric computation
Aug 31 15:01:33 INFO >> Finished freq-DM distance metric computation
Aug 31 15:01:34 INFO >> Largest group size for metric computation is 97
Aug 31 15:01:34 INFO >> Starting harmonic distance metric computation
Aug 31 15:01:34 INFO >> Finished harmonic distance metric computation
Aug 31 15:01:34 INFO >> Starting DBSCAN
Aug 31 15:01:35 INFO >> Finished DBSCAN
Aug 31 15:01:35 INFO >> Clusters found: 75
Aug 31 15:01:35 INFO >> Filtered 32 clusters below or equal 2 DM.
Aug 31 15:01:35 INFO >> Total number of candidate clusters=0
Aug 31 15:01:35 INFO >> Candidate Processor of stack (315.95 49.23)
Aug 31 15:01:35 INFO >> Making SinglePointingCandidates from a list of 0 PowerSpectraDetectionClusters
Aug 31 15:01:36 INFO >> saved candidates to ./results//injections/315.95_49.23_cumulative_power_spectra_stack_20220627_11_tpa.yml_(685,)_candidates.npz
Aug 31 15:01:36 INFO >> Injected Pulsars:     1
Aug 31 15:01:36 INFO >> Injection Candidates: 0
Aug 31 15:01:36 INFO >> Recovered Injections: 0
Aug 31 15:01:36 INFO >> 0 candidates.
Aug 31 15:01:38 INFO >> Unlinked shared memory for cumulative stack.
Aug 31 15:01:38 INFO >> Pipeline execution time: 2.05 minutes
