Aug 31 00:51:01 INFO >> {"message": "Waiting for suitable server to become available", "selector": "Primary()", "operation": "find", "topologyDescription": "<TopologyDescription id: 66d268f5a95e71f07b28fc5d, topology_type: Unknown, servers: [<ServerDescription ('localhost', 27017) server_type: Unknown, rtt: None>]>", "clientId": {"$oid": "66d268f5a95e71f07b28fc5d"}, "remainingTimeMS": 29}
Aug 31 00:51:02 INFO >> Features initialized as the following:
Aug 31 00:51:02 INFO >> num_unique_dms
Aug 31 00:51:02 INFO >> num_unique_freqs
Aug 31 00:51:02 INFO >> ndetections
Aug 31 00:51:02 INFO >> nharm
Aug 31 00:51:02 INFO >> log_p_dm
Aug 31 00:51:02 INFO >> ['dm_sigma_FitGaussWidth_gauss_sigma', 'dm_sigma_FitGaussWidth_gauss_sigma_rel_err', 'dm_sigma_FitGaussWidth_ndof', 'dm_sigma_FitGaussWidth_rms_err']
Aug 31 00:51:02 INFO >> ['dm_sigma_FitGauss_amplitude', 'dm_sigma_FitGauss_mu', 'dm_sigma_FitGauss_gauss_sigma', 'dm_sigma_FitGauss_amplitude_rel_err', 'dm_sigma_FitGauss_mu_rel_err', 'dm_sigma_FitGauss_gauss_sigma_rel_err', 'dm_sigma_FitGauss_amplitude-detection', 'dm_sigma_FitGauss_mu-detection', 'dm_sigma_FitGauss_ndof', 'dm_sigma_FitGauss_rms_err']
Aug 31 00:51:02 INFO >> ['freq_sigma_FitGaussWidth_gauss_sigma', 'freq_sigma_FitGaussWidth_gauss_sigma_rel_err', 'freq_sigma_FitGaussWidth_ndof', 'freq_sigma_FitGaussWidth_rms_err']
Aug 31 00:51:02 INFO >> ['freq_sigma_FitGauss_amplitude', 'freq_sigma_FitGauss_mu', 'freq_sigma_FitGauss_gauss_sigma', 'freq_sigma_FitGauss_amplitude_rel_err', 'freq_sigma_FitGauss_mu_rel_err', 'freq_sigma_FitGauss_gauss_sigma_rel_err', 'freq_sigma_FitGauss_amplitude-detection', 'freq_sigma_FitGauss_mu-detection', 'freq_sigma_FitGauss_ndof', 'freq_sigma_FitGauss_rms_err']
Aug 31 00:51:02 INFO >> Performing searching on cumulative stack 315.95 49.23
Aug 31 00:51:02 INFO >> Loading the cumulative power spectra stack to search
Aug 31 00:51:59 INFO >> DM: 16.578047840381025
Aug 31 00:51:59 INFO >> sigma: 11.178336462597862
Aug 31 00:51:59 INFO >> frequency: 93.57540684301797
Aug 31 00:51:59 INFO >> Injecting 5 harmonics.
Aug 31 00:51:59 INFO >> Starting DM: 15.483283765391834
Aug 31 00:51:59 INFO >> Stopping DM: 17.709638293748828
Aug 31 00:51:59 INFO >> Expected detection at 8.78 sigma with 4 harmonics.
Aug 31 00:52:13 INFO >> Start searching 6558 dm trials using 32 harmonics.
Aug 31 00:52:18 INFO >> Moved power spectra to shared memory.
Aug 31 00:52:18 INFO >> Number of dm trials in single multi processing job: 10
Aug 31 00:52:58 INFO >> Total number of detections=15592
Aug 31 00:52:58 INFO >> Clustering the detections
Aug 31 00:52:58 INFO >> Starting clustering
Aug 31 00:52:59 INFO >> Rogue harmonic power filter reduced detections from 15592 to 8534
Aug 31 00:52:59 INFO >> Filtering out duplicate freq,dm detections at multiple nharms removes 789 detections
Aug 31 00:52:59 INFO >> Duplicate freq,dm filter reduced detections to 7745
Aug 31 00:52:59 INFO >> Number of detections over threshold sigma (6.0): 7745
Aug 31 00:52:59 INFO >> Grouping duplicate frequencies together first
Aug 31 00:52:59 INFO >> Grouping duplicate frequencies removed 7219 detections from the harmonic metric computation
Aug 31 00:52:59 INFO >> Starting freq-DM distance metric computation
Aug 31 00:52:59 INFO >> Finished freq-DM distance metric computation
Aug 31 00:52:59 INFO >> Largest group size for metric computation is 97
Aug 31 00:52:59 INFO >> Starting harmonic distance metric computation
Aug 31 00:53:00 INFO >> Finished harmonic distance metric computation
Aug 31 00:53:00 INFO >> Starting DBSCAN
Aug 31 00:53:00 INFO >> Finished DBSCAN
Aug 31 00:53:00 INFO >> Clusters found: 76
Aug 31 00:53:00 INFO >> Filtered 32 clusters below or equal 2 DM.
Aug 31 00:53:00 INFO >> Total number of candidate clusters=1
Aug 31 00:53:00 INFO >> Candidate Processor of stack (315.95 49.23)
Aug 31 00:53:00 INFO >> Making SinglePointingCandidates from a list of 1 PowerSpectraDetectionClusters
Aug 31 00:53:02 INFO >> saved candidates to ./results//injections/315.95_49.23_cumulative_power_spectra_stack_20220627_11_tpa.yml_(279,)_candidates.npz
Aug 31 00:53:02 INFO >> Injected Pulsars:     1
Aug 31 00:53:02 INFO >> Injection Candidates: 1
Aug 31 00:53:02 INFO >> Recovered Injections: 1
Aug 31 00:53:02 INFO >> 1 candidates.
Aug 31 00:53:02 INFO >> Best candidate: F0: 93.575 DM: 16.60 Sigma: 9.11
Aug 31 00:53:04 INFO >> Unlinked shared memory for cumulative stack.
Aug 31 00:53:04 INFO >> Pipeline execution time: 2.04 minutes
