Aug 31 13:50:39 INFO >> {"message": "Waiting for suitable server to become available", "selector": "Primary()", "operation": "find", "topologyDescription": "<TopologyDescription id: 66d31faf5226b5ebe5994a14, topology_type: Unknown, servers: [<ServerDescription ('localhost', 27017) server_type: Unknown, rtt: None>]>", "clientId": {"$oid": "66d31faf5226b5ebe5994a14"}, "remainingTimeMS": 29}
Aug 31 13:50:39 INFO >> Features initialized as the following:
Aug 31 13:50:39 INFO >> num_unique_dms
Aug 31 13:50:39 INFO >> num_unique_freqs
Aug 31 13:50:39 INFO >> ndetections
Aug 31 13:50:39 INFO >> nharm
Aug 31 13:50:39 INFO >> log_p_dm
Aug 31 13:50:39 INFO >> ['dm_sigma_FitGaussWidth_gauss_sigma', 'dm_sigma_FitGaussWidth_gauss_sigma_rel_err', 'dm_sigma_FitGaussWidth_ndof', 'dm_sigma_FitGaussWidth_rms_err']
Aug 31 13:50:39 INFO >> ['dm_sigma_FitGauss_amplitude', 'dm_sigma_FitGauss_mu', 'dm_sigma_FitGauss_gauss_sigma', 'dm_sigma_FitGauss_amplitude_rel_err', 'dm_sigma_FitGauss_mu_rel_err', 'dm_sigma_FitGauss_gauss_sigma_rel_err', 'dm_sigma_FitGauss_amplitude-detection', 'dm_sigma_FitGauss_mu-detection', 'dm_sigma_FitGauss_ndof', 'dm_sigma_FitGauss_rms_err']
Aug 31 13:50:39 INFO >> ['freq_sigma_FitGaussWidth_gauss_sigma', 'freq_sigma_FitGaussWidth_gauss_sigma_rel_err', 'freq_sigma_FitGaussWidth_ndof', 'freq_sigma_FitGaussWidth_rms_err']
Aug 31 13:50:39 INFO >> ['freq_sigma_FitGauss_amplitude', 'freq_sigma_FitGauss_mu', 'freq_sigma_FitGauss_gauss_sigma', 'freq_sigma_FitGauss_amplitude_rel_err', 'freq_sigma_FitGauss_mu_rel_err', 'freq_sigma_FitGauss_gauss_sigma_rel_err', 'freq_sigma_FitGauss_amplitude-detection', 'freq_sigma_FitGauss_mu-detection', 'freq_sigma_FitGauss_ndof', 'freq_sigma_FitGauss_rms_err']
Aug 31 13:50:39 INFO >> Performing searching on cumulative stack 315.95 49.23
Aug 31 13:50:39 INFO >> Loading the cumulative power spectra stack to search
Aug 31 13:51:36 INFO >> DM: 111.73088656889655
Aug 31 13:51:36 INFO >> sigma: 11.844122764484863
Aug 31 13:51:36 INFO >> frequency: 27.59193997970773
Aug 31 13:51:36 INFO >> Injecting 18 harmonics.
Aug 31 13:51:36 INFO >> Starting DM: 107.97819462531429
Aug 31 13:51:36 INFO >> Stopping DM: 115.46684167524235
Aug 31 13:51:36 INFO >> Expected detection at 11.52 sigma with 16 harmonics.
Aug 31 13:51:50 INFO >> Start searching 6558 dm trials using 32 harmonics.
Aug 31 13:51:56 INFO >> Moved power spectra to shared memory.
Aug 31 13:51:56 INFO >> Number of dm trials in single multi processing job: 10
Aug 31 13:52:36 INFO >> Total number of detections=15596
Aug 31 13:52:36 INFO >> Clustering the detections
Aug 31 13:52:36 INFO >> Starting clustering
Aug 31 13:52:36 INFO >> Rogue harmonic power filter reduced detections from 15596 to 8538
Aug 31 13:52:36 INFO >> Filtering out duplicate freq,dm detections at multiple nharms removes 787 detections
Aug 31 13:52:36 INFO >> Duplicate freq,dm filter reduced detections to 7751
Aug 31 13:52:36 INFO >> Number of detections over threshold sigma (6.0): 7751
Aug 31 13:52:36 INFO >> Grouping duplicate frequencies together first
Aug 31 13:52:36 INFO >> Grouping duplicate frequencies removed 7225 detections from the harmonic metric computation
Aug 31 13:52:36 INFO >> Starting freq-DM distance metric computation
Aug 31 13:52:37 INFO >> Finished freq-DM distance metric computation
Aug 31 13:52:37 INFO >> Largest group size for metric computation is 97
Aug 31 13:52:37 INFO >> Starting harmonic distance metric computation
Aug 31 13:52:38 INFO >> Finished harmonic distance metric computation
Aug 31 13:52:38 INFO >> Starting DBSCAN
Aug 31 13:52:38 INFO >> Finished DBSCAN
Aug 31 13:52:38 INFO >> Clusters found: 76
Aug 31 13:52:38 INFO >> Filtered 32 clusters below or equal 2 DM.
Aug 31 13:52:38 INFO >> Total number of candidate clusters=1
Aug 31 13:52:38 INFO >> Candidate Processor of stack (315.95 49.23)
Aug 31 13:52:38 INFO >> Making SinglePointingCandidates from a list of 1 PowerSpectraDetectionClusters
Aug 31 13:52:40 INFO >> saved candidates to ./results//injections/315.95_49.23_cumulative_power_spectra_stack_20220627_11_tpa.yml_(652,)_candidates.npz
Aug 31 13:52:40 INFO >> Injected Pulsars:     1
Aug 31 13:52:40 INFO >> Injection Candidates: 1
Aug 31 13:52:40 INFO >> Recovered Injections: 1
Aug 31 13:52:40 INFO >> 1 candidates.
Aug 31 13:52:40 INFO >> Best candidate: F0: 27.592 DM: 111.72 Sigma: 12.07
Aug 31 13:52:42 INFO >> Unlinked shared memory for cumulative stack.
Aug 31 13:52:42 INFO >> Pipeline execution time: 2.05 minutes
