Aug 31 15:14:12 INFO >> {"message": "Waiting for suitable server to become available", "selector": "Primary()", "operation": "find", "topologyDescription": "<TopologyDescription id: 66d33344d849c4be0ecf1c65, topology_type: Unknown, servers: [<ServerDescription ('localhost', 27017) server_type: Unknown, rtt: None>]>", "clientId": {"$oid": "66d33344d849c4be0ecf1c65"}, "remainingTimeMS": 29}
Aug 31 15:14:12 INFO >> Features initialized as the following:
Aug 31 15:14:12 INFO >> num_unique_dms
Aug 31 15:14:12 INFO >> num_unique_freqs
Aug 31 15:14:12 INFO >> ndetections
Aug 31 15:14:12 INFO >> nharm
Aug 31 15:14:12 INFO >> log_p_dm
Aug 31 15:14:12 INFO >> ['dm_sigma_FitGaussWidth_gauss_sigma', 'dm_sigma_FitGaussWidth_gauss_sigma_rel_err', 'dm_sigma_FitGaussWidth_ndof', 'dm_sigma_FitGaussWidth_rms_err']
Aug 31 15:14:12 INFO >> ['dm_sigma_FitGauss_amplitude', 'dm_sigma_FitGauss_mu', 'dm_sigma_FitGauss_gauss_sigma', 'dm_sigma_FitGauss_amplitude_rel_err', 'dm_sigma_FitGauss_mu_rel_err', 'dm_sigma_FitGauss_gauss_sigma_rel_err', 'dm_sigma_FitGauss_amplitude-detection', 'dm_sigma_FitGauss_mu-detection', 'dm_sigma_FitGauss_ndof', 'dm_sigma_FitGauss_rms_err']
Aug 31 15:14:12 INFO >> ['freq_sigma_FitGaussWidth_gauss_sigma', 'freq_sigma_FitGaussWidth_gauss_sigma_rel_err', 'freq_sigma_FitGaussWidth_ndof', 'freq_sigma_FitGaussWidth_rms_err']
Aug 31 15:14:12 INFO >> ['freq_sigma_FitGauss_amplitude', 'freq_sigma_FitGauss_mu', 'freq_sigma_FitGauss_gauss_sigma', 'freq_sigma_FitGauss_amplitude_rel_err', 'freq_sigma_FitGauss_mu_rel_err', 'freq_sigma_FitGauss_gauss_sigma_rel_err', 'freq_sigma_FitGauss_amplitude-detection', 'freq_sigma_FitGauss_mu-detection', 'freq_sigma_FitGauss_ndof', 'freq_sigma_FitGauss_rms_err']
Aug 31 15:14:13 INFO >> Performing searching on cumulative stack 315.95 49.23
Aug 31 15:14:13 INFO >> Loading the cumulative power spectra stack to search
Aug 31 15:15:10 INFO >> DM: 178.40295277822813
Aug 31 15:15:10 INFO >> sigma: 16.790245360568765
Aug 31 15:15:10 INFO >> frequency: 15.534138570620032
Aug 31 15:15:10 INFO >> Injecting 32 harmonics.
Aug 31 15:15:10 INFO >> Starting DM: 171.73289248281003
Aug 31 15:15:10 INFO >> Stopping DM: 184.98982171984488
Aug 31 15:15:10 INFO >> Expected detection at 15.49 sigma with 16 harmonics.
Aug 31 15:15:24 INFO >> Start searching 6558 dm trials using 32 harmonics.
Aug 31 15:15:30 INFO >> Moved power spectra to shared memory.
Aug 31 15:15:30 INFO >> Number of dm trials in single multi processing job: 10
Aug 31 15:16:10 INFO >> Total number of detections=15795
Aug 31 15:16:10 INFO >> Clustering the detections
Aug 31 15:16:10 INFO >> Starting clustering
Aug 31 15:16:10 INFO >> Rogue harmonic power filter reduced detections from 15795 to 8737
Aug 31 15:16:10 INFO >> Filtering out duplicate freq,dm detections at multiple nharms removes 882 detections
Aug 31 15:16:10 INFO >> Duplicate freq,dm filter reduced detections to 7855
Aug 31 15:16:10 INFO >> Number of detections over threshold sigma (6.0): 7855
Aug 31 15:16:10 INFO >> Grouping duplicate frequencies together first
Aug 31 15:16:10 INFO >> Grouping duplicate frequencies removed 7308 detections from the harmonic metric computation
Aug 31 15:16:10 INFO >> Starting freq-DM distance metric computation
Aug 31 15:16:11 INFO >> Finished freq-DM distance metric computation
Aug 31 15:16:11 INFO >> Largest group size for metric computation is 97
Aug 31 15:16:11 INFO >> Starting harmonic distance metric computation
Aug 31 15:16:12 INFO >> Finished harmonic distance metric computation
Aug 31 15:16:12 INFO >> Starting DBSCAN
Aug 31 15:16:12 INFO >> Finished DBSCAN
Aug 31 15:16:12 INFO >> Clusters found: 77
Aug 31 15:16:12 INFO >> Filtered 32 clusters below or equal 2 DM.
Aug 31 15:16:12 INFO >> Total number of candidate clusters=2
Aug 31 15:16:12 INFO >> Candidate Processor of stack (315.95 49.23)
Aug 31 15:16:12 INFO >> Making SinglePointingCandidates from a list of 2 PowerSpectraDetectionClusters
Aug 31 15:16:14 INFO >> saved candidates to ./results//injections/315.95_49.23_cumulative_power_spectra_stack_20220627_11_tpa.yml_(692,)_candidates.npz
Aug 31 15:16:14 INFO >> Injected Pulsars:     1
Aug 31 15:16:14 INFO >> Injection Candidates: 2
Aug 31 15:16:14 INFO >> Recovered Injections: 1
Aug 31 15:16:14 INFO >> 2 candidates.
Aug 31 15:16:14 INFO >> Best candidate: F0: 15.534 DM: 178.41 Sigma: 15.61
Aug 31 15:16:16 INFO >> Unlinked shared memory for cumulative stack.
Aug 31 15:16:16 INFO >> Pipeline execution time: 2.06 minutes
