Aug 31 12:35:25 INFO >> {"message": "Waiting for suitable server to become available", "selector": "Primary()", "operation": "find", "topologyDescription": "<TopologyDescription id: 66d30e0d9a933725e25165da, topology_type: Unknown, servers: [<ServerDescription ('localhost', 27017) server_type: Unknown, rtt: None>]>", "clientId": {"$oid": "66d30e0d9a933725e25165da"}, "remainingTimeMS": 29}
Aug 31 12:35:26 INFO >> Features initialized as the following:
Aug 31 12:35:26 INFO >> num_unique_dms
Aug 31 12:35:26 INFO >> num_unique_freqs
Aug 31 12:35:26 INFO >> ndetections
Aug 31 12:35:26 INFO >> nharm
Aug 31 12:35:26 INFO >> log_p_dm
Aug 31 12:35:26 INFO >> ['dm_sigma_FitGaussWidth_gauss_sigma', 'dm_sigma_FitGaussWidth_gauss_sigma_rel_err', 'dm_sigma_FitGaussWidth_ndof', 'dm_sigma_FitGaussWidth_rms_err']
Aug 31 12:35:26 INFO >> ['dm_sigma_FitGauss_amplitude', 'dm_sigma_FitGauss_mu', 'dm_sigma_FitGauss_gauss_sigma', 'dm_sigma_FitGauss_amplitude_rel_err', 'dm_sigma_FitGauss_mu_rel_err', 'dm_sigma_FitGauss_gauss_sigma_rel_err', 'dm_sigma_FitGauss_amplitude-detection', 'dm_sigma_FitGauss_mu-detection', 'dm_sigma_FitGauss_ndof', 'dm_sigma_FitGauss_rms_err']
Aug 31 12:35:26 INFO >> ['freq_sigma_FitGaussWidth_gauss_sigma', 'freq_sigma_FitGaussWidth_gauss_sigma_rel_err', 'freq_sigma_FitGaussWidth_ndof', 'freq_sigma_FitGaussWidth_rms_err']
Aug 31 12:35:26 INFO >> ['freq_sigma_FitGauss_amplitude', 'freq_sigma_FitGauss_mu', 'freq_sigma_FitGauss_gauss_sigma', 'freq_sigma_FitGauss_amplitude_rel_err', 'freq_sigma_FitGauss_mu_rel_err', 'freq_sigma_FitGauss_gauss_sigma_rel_err', 'freq_sigma_FitGauss_amplitude-detection', 'freq_sigma_FitGauss_mu-detection', 'freq_sigma_FitGauss_ndof', 'freq_sigma_FitGauss_rms_err']
Aug 31 12:35:26 INFO >> Performing searching on cumulative stack 315.95 49.23
Aug 31 12:35:26 INFO >> Loading the cumulative power spectra stack to search
Aug 31 12:36:22 INFO >> DM: 104.22613993814107
Aug 31 12:36:22 INFO >> sigma: 9.066372712342776
Aug 31 12:36:22 INFO >> frequency: 16.958852096228025
Aug 31 12:36:22 INFO >> Injecting 29 harmonics.
Aug 31 12:36:22 INFO >> Starting DM: 98.16199511392207
Aug 31 12:36:22 INFO >> Stopping DM: 110.3057470867784
Aug 31 12:36:22 INFO >> Expected detection at 9.08 sigma with 8 harmonics.
Aug 31 12:36:36 INFO >> Start searching 6558 dm trials using 32 harmonics.
Aug 31 12:36:42 INFO >> Moved power spectra to shared memory.
Aug 31 12:36:42 INFO >> Number of dm trials in single multi processing job: 10
Aug 31 12:37:23 INFO >> Total number of detections=15627
Aug 31 12:37:23 INFO >> Clustering the detections
Aug 31 12:37:23 INFO >> Starting clustering
Aug 31 12:37:23 INFO >> Rogue harmonic power filter reduced detections from 15627 to 8569
Aug 31 12:37:23 INFO >> Filtering out duplicate freq,dm detections at multiple nharms removes 807 detections
Aug 31 12:37:23 INFO >> Duplicate freq,dm filter reduced detections to 7762
Aug 31 12:37:23 INFO >> Number of detections over threshold sigma (6.0): 7762
Aug 31 12:37:23 INFO >> Grouping duplicate frequencies together first
Aug 31 12:37:23 INFO >> Grouping duplicate frequencies removed 7236 detections from the harmonic metric computation
Aug 31 12:37:23 INFO >> Starting freq-DM distance metric computation
Aug 31 12:37:23 INFO >> Finished freq-DM distance metric computation
Aug 31 12:37:23 INFO >> Largest group size for metric computation is 97
Aug 31 12:37:23 INFO >> Starting harmonic distance metric computation
Aug 31 12:37:24 INFO >> Finished harmonic distance metric computation
Aug 31 12:37:24 INFO >> Starting DBSCAN
Aug 31 12:37:24 INFO >> Finished DBSCAN
Aug 31 12:37:24 INFO >> Clusters found: 76
Aug 31 12:37:24 INFO >> Filtered 32 clusters below or equal 2 DM.
Aug 31 12:37:24 INFO >> Total number of candidate clusters=1
Aug 31 12:37:24 INFO >> Candidate Processor of stack (315.95 49.23)
Aug 31 12:37:24 INFO >> Making SinglePointingCandidates from a list of 1 PowerSpectraDetectionClusters
Aug 31 12:37:26 INFO >> saved candidates to ./results//injections/315.95_49.23_cumulative_power_spectra_stack_20220627_11_tpa.yml_(616,)_candidates.npz
Aug 31 12:37:26 INFO >> Injected Pulsars:     1
Aug 31 12:37:26 INFO >> Injection Candidates: 1
Aug 31 12:37:26 INFO >> Recovered Injections: 1
Aug 31 12:37:26 INFO >> 1 candidates.
Aug 31 12:37:26 INFO >> Best candidate: F0: 16.959 DM: 104.34 Sigma: 9.37
Aug 31 12:37:28 INFO >> Unlinked shared memory for cumulative stack.
Aug 31 12:37:28 INFO >> Pipeline execution time: 2.04 minutes
