Aug 31 07:32:22 INFO >> {"message": "Waiting for suitable server to become available", "selector": "Primary()", "operation": "find", "topologyDescription": "<TopologyDescription id: 66d2c706e530497ad181308e, topology_type: Unknown, servers: [<ServerDescription ('localhost', 27017) server_type: Unknown, rtt: None>]>", "clientId": {"$oid": "66d2c706e530497ad181308e"}, "remainingTimeMS": 29}
Aug 31 07:32:22 INFO >> Features initialized as the following:
Aug 31 07:32:22 INFO >> num_unique_dms
Aug 31 07:32:22 INFO >> num_unique_freqs
Aug 31 07:32:22 INFO >> ndetections
Aug 31 07:32:22 INFO >> nharm
Aug 31 07:32:22 INFO >> log_p_dm
Aug 31 07:32:22 INFO >> ['dm_sigma_FitGaussWidth_gauss_sigma', 'dm_sigma_FitGaussWidth_gauss_sigma_rel_err', 'dm_sigma_FitGaussWidth_ndof', 'dm_sigma_FitGaussWidth_rms_err']
Aug 31 07:32:22 INFO >> ['dm_sigma_FitGauss_amplitude', 'dm_sigma_FitGauss_mu', 'dm_sigma_FitGauss_gauss_sigma', 'dm_sigma_FitGauss_amplitude_rel_err', 'dm_sigma_FitGauss_mu_rel_err', 'dm_sigma_FitGauss_gauss_sigma_rel_err', 'dm_sigma_FitGauss_amplitude-detection', 'dm_sigma_FitGauss_mu-detection', 'dm_sigma_FitGauss_ndof', 'dm_sigma_FitGauss_rms_err']
Aug 31 07:32:22 INFO >> ['freq_sigma_FitGaussWidth_gauss_sigma', 'freq_sigma_FitGaussWidth_gauss_sigma_rel_err', 'freq_sigma_FitGaussWidth_ndof', 'freq_sigma_FitGaussWidth_rms_err']
Aug 31 07:32:22 INFO >> ['freq_sigma_FitGauss_amplitude', 'freq_sigma_FitGauss_mu', 'freq_sigma_FitGauss_gauss_sigma', 'freq_sigma_FitGauss_amplitude_rel_err', 'freq_sigma_FitGauss_mu_rel_err', 'freq_sigma_FitGauss_gauss_sigma_rel_err', 'freq_sigma_FitGauss_amplitude-detection', 'freq_sigma_FitGauss_mu-detection', 'freq_sigma_FitGauss_ndof', 'freq_sigma_FitGauss_rms_err']
Aug 31 07:32:22 INFO >> Performing searching on cumulative stack 315.95 49.23
Aug 31 07:32:22 INFO >> Loading the cumulative power spectra stack to search
Aug 31 07:33:20 INFO >> DM: 78.72773445229839
Aug 31 07:33:20 INFO >> sigma: 15.156438993831074
Aug 31 07:33:20 INFO >> frequency: 26.6404057785388
Aug 31 07:33:20 INFO >> Injecting 19 harmonics.
Aug 31 07:33:20 INFO >> Starting DM: 74.88647049928075
Aug 31 07:33:20 INFO >> Stopping DM: 82.5775134154231
Aug 31 07:33:20 INFO >> Expected detection at 12.07 sigma with 4 harmonics.
Aug 31 07:33:34 INFO >> Start searching 6558 dm trials using 32 harmonics.
Aug 31 07:33:39 INFO >> Moved power spectra to shared memory.
Aug 31 07:33:39 INFO >> Number of dm trials in single multi processing job: 10
Aug 31 07:34:20 INFO >> Total number of detections=15758
Aug 31 07:34:20 INFO >> Clustering the detections
Aug 31 07:34:20 INFO >> Starting clustering
Aug 31 07:34:20 INFO >> Rogue harmonic power filter reduced detections from 15758 to 8689
Aug 31 07:34:20 INFO >> Filtering out duplicate freq,dm detections at multiple nharms removes 840 detections
Aug 31 07:34:20 INFO >> Duplicate freq,dm filter reduced detections to 7849
Aug 31 07:34:20 INFO >> Number of detections over threshold sigma (6.0): 7849
Aug 31 07:34:20 INFO >> Grouping duplicate frequencies together first
Aug 31 07:34:20 INFO >> Grouping duplicate frequencies removed 7307 detections from the harmonic metric computation
Aug 31 07:34:20 INFO >> Starting freq-DM distance metric computation
Aug 31 07:34:21 INFO >> Finished freq-DM distance metric computation
Aug 31 07:34:21 INFO >> Largest group size for metric computation is 97
Aug 31 07:34:21 INFO >> Starting harmonic distance metric computation
Aug 31 07:34:21 INFO >> Finished harmonic distance metric computation
Aug 31 07:34:21 INFO >> Starting DBSCAN
Aug 31 07:34:22 INFO >> Finished DBSCAN
Aug 31 07:34:22 INFO >> Clusters found: 76
Aug 31 07:34:22 INFO >> Filtered 32 clusters below or equal 2 DM.
Aug 31 07:34:22 INFO >> Total number of candidate clusters=1
Aug 31 07:34:22 INFO >> Candidate Processor of stack (315.95 49.23)
Aug 31 07:34:22 INFO >> Making SinglePointingCandidates from a list of 1 PowerSpectraDetectionClusters
Aug 31 07:34:24 INFO >> saved candidates to ./results//injections/315.95_49.23_cumulative_power_spectra_stack_20220627_11_tpa.yml_(471,)_candidates.npz
Aug 31 07:34:24 INFO >> Injected Pulsars:     1
Aug 31 07:34:24 INFO >> Injection Candidates: 1
Aug 31 07:34:24 INFO >> Recovered Injections: 1
Aug 31 07:34:24 INFO >> 1 candidates.
Aug 31 07:34:24 INFO >> Best candidate: F0: 26.640 DM: 78.73 Sigma: 12.38
Aug 31 07:34:25 INFO >> Unlinked shared memory for cumulative stack.
Aug 31 07:34:25 INFO >> Pipeline execution time: 2.06 minutes
