Aug 31 12:43:46 INFO >> {"message": "Waiting for suitable server to become available", "selector": "Primary()", "operation": "find", "topologyDescription": "<TopologyDescription id: 66d31002baf35b032a376181, topology_type: Unknown, servers: [<ServerDescription ('localhost', 27017) server_type: Unknown, rtt: None>]>", "clientId": {"$oid": "66d31002baf35b032a376181"}, "remainingTimeMS": 29}
Aug 31 12:43:46 INFO >> Features initialized as the following:
Aug 31 12:43:46 INFO >> num_unique_dms
Aug 31 12:43:46 INFO >> num_unique_freqs
Aug 31 12:43:46 INFO >> ndetections
Aug 31 12:43:46 INFO >> nharm
Aug 31 12:43:46 INFO >> log_p_dm
Aug 31 12:43:46 INFO >> ['dm_sigma_FitGaussWidth_gauss_sigma', 'dm_sigma_FitGaussWidth_gauss_sigma_rel_err', 'dm_sigma_FitGaussWidth_ndof', 'dm_sigma_FitGaussWidth_rms_err']
Aug 31 12:43:46 INFO >> ['dm_sigma_FitGauss_amplitude', 'dm_sigma_FitGauss_mu', 'dm_sigma_FitGauss_gauss_sigma', 'dm_sigma_FitGauss_amplitude_rel_err', 'dm_sigma_FitGauss_mu_rel_err', 'dm_sigma_FitGauss_gauss_sigma_rel_err', 'dm_sigma_FitGauss_amplitude-detection', 'dm_sigma_FitGauss_mu-detection', 'dm_sigma_FitGauss_ndof', 'dm_sigma_FitGauss_rms_err']
Aug 31 12:43:46 INFO >> ['freq_sigma_FitGaussWidth_gauss_sigma', 'freq_sigma_FitGaussWidth_gauss_sigma_rel_err', 'freq_sigma_FitGaussWidth_ndof', 'freq_sigma_FitGaussWidth_rms_err']
Aug 31 12:43:46 INFO >> ['freq_sigma_FitGauss_amplitude', 'freq_sigma_FitGauss_mu', 'freq_sigma_FitGauss_gauss_sigma', 'freq_sigma_FitGauss_amplitude_rel_err', 'freq_sigma_FitGauss_mu_rel_err', 'freq_sigma_FitGauss_gauss_sigma_rel_err', 'freq_sigma_FitGauss_amplitude-detection', 'freq_sigma_FitGauss_mu-detection', 'freq_sigma_FitGauss_ndof', 'freq_sigma_FitGauss_rms_err']
Aug 31 12:43:46 INFO >> Performing searching on cumulative stack 315.95 49.23
Aug 31 12:43:46 INFO >> Loading the cumulative power spectra stack to search
Aug 31 12:44:43 INFO >> DM: 146.5296443631502
Aug 31 12:44:43 INFO >> sigma: 9.021883806764663
Aug 31 12:44:43 INFO >> frequency: 49.09613385855436
Aug 31 12:44:43 INFO >> Injecting 10 harmonics.
Aug 31 12:44:43 INFO >> Starting DM: 144.4094505438833
Aug 31 12:44:43 INFO >> Stopping DM: 148.659763734383
Aug 31 12:44:43 INFO >> Expected detection at 9.46 sigma with 4 harmonics.
Aug 31 12:44:57 INFO >> Start searching 6558 dm trials using 32 harmonics.
Aug 31 12:45:03 INFO >> Moved power spectra to shared memory.
Aug 31 12:45:03 INFO >> Number of dm trials in single multi processing job: 10
Aug 31 12:45:44 INFO >> Total number of detections=15596
Aug 31 12:45:44 INFO >> Clustering the detections
Aug 31 12:45:44 INFO >> Starting clustering
Aug 31 12:45:44 INFO >> Rogue harmonic power filter reduced detections from 15596 to 8538
Aug 31 12:45:44 INFO >> Filtering out duplicate freq,dm detections at multiple nharms removes 795 detections
Aug 31 12:45:44 INFO >> Duplicate freq,dm filter reduced detections to 7743
Aug 31 12:45:44 INFO >> Number of detections over threshold sigma (6.0): 7743
Aug 31 12:45:44 INFO >> Grouping duplicate frequencies together first
Aug 31 12:45:44 INFO >> Grouping duplicate frequencies removed 7220 detections from the harmonic metric computation
Aug 31 12:45:44 INFO >> Starting freq-DM distance metric computation
Aug 31 12:45:44 INFO >> Finished freq-DM distance metric computation
Aug 31 12:45:45 INFO >> Largest group size for metric computation is 97
Aug 31 12:45:45 INFO >> Starting harmonic distance metric computation
Aug 31 12:45:45 INFO >> Finished harmonic distance metric computation
Aug 31 12:45:45 INFO >> Starting DBSCAN
Aug 31 12:45:45 INFO >> Finished DBSCAN
Aug 31 12:45:45 INFO >> Clusters found: 76
Aug 31 12:45:45 INFO >> Filtered 32 clusters below or equal 2 DM.
Aug 31 12:45:45 INFO >> Total number of candidate clusters=1
Aug 31 12:45:45 INFO >> Candidate Processor of stack (315.95 49.23)
Aug 31 12:45:45 INFO >> Making SinglePointingCandidates from a list of 1 PowerSpectraDetectionClusters
Aug 31 12:45:48 INFO >> saved candidates to ./results//injections/315.95_49.23_cumulative_power_spectra_stack_20220627_11_tpa.yml_(620,)_candidates.npz
Aug 31 12:45:48 INFO >> Injected Pulsars:     1
Aug 31 12:45:48 INFO >> Injection Candidates: 1
Aug 31 12:45:48 INFO >> Recovered Injections: 1
Aug 31 12:45:48 INFO >> 1 candidates.
Aug 31 12:45:48 INFO >> Best candidate: F0: 49.096 DM: 146.53 Sigma: 8.95
Aug 31 12:45:49 INFO >> Unlinked shared memory for cumulative stack.
Aug 31 12:45:49 INFO >> Pipeline execution time: 2.06 minutes
