Aug 28 17:38:01 INFO >> {"message": "Waiting for suitable server to become available", "selector": "Primary()", "operation": "find", "topologyDescription": "<TopologyDescription id: 66cf60793823515d88d4b609, topology_type: Unknown, servers: [<ServerDescription ('localhost', 27017) server_type: Unknown, rtt: None>]>", "clientId": {"$oid": "66cf60793823515d88d4b609"}, "remainingTimeMS": 29}
Aug 28 17:38:01 INFO >> Features initialized as the following:
Aug 28 17:38:01 INFO >> num_unique_dms
Aug 28 17:38:01 INFO >> num_unique_freqs
Aug 28 17:38:01 INFO >> ndetections
Aug 28 17:38:01 INFO >> nharm
Aug 28 17:38:01 INFO >> log_p_dm
Aug 28 17:38:01 INFO >> ['dm_sigma_FitGaussWidth_gauss_sigma', 'dm_sigma_FitGaussWidth_gauss_sigma_rel_err', 'dm_sigma_FitGaussWidth_ndof', 'dm_sigma_FitGaussWidth_rms_err']
Aug 28 17:38:01 INFO >> ['dm_sigma_FitGauss_amplitude', 'dm_sigma_FitGauss_mu', 'dm_sigma_FitGauss_gauss_sigma', 'dm_sigma_FitGauss_amplitude_rel_err', 'dm_sigma_FitGauss_mu_rel_err', 'dm_sigma_FitGauss_gauss_sigma_rel_err', 'dm_sigma_FitGauss_amplitude-detection', 'dm_sigma_FitGauss_mu-detection', 'dm_sigma_FitGauss_ndof', 'dm_sigma_FitGauss_rms_err']
Aug 28 17:38:01 INFO >> ['freq_sigma_FitGaussWidth_gauss_sigma', 'freq_sigma_FitGaussWidth_gauss_sigma_rel_err', 'freq_sigma_FitGaussWidth_ndof', 'freq_sigma_FitGaussWidth_rms_err']
Aug 28 17:38:01 INFO >> ['freq_sigma_FitGauss_amplitude', 'freq_sigma_FitGauss_mu', 'freq_sigma_FitGauss_gauss_sigma', 'freq_sigma_FitGauss_amplitude_rel_err', 'freq_sigma_FitGauss_mu_rel_err', 'freq_sigma_FitGauss_gauss_sigma_rel_err', 'freq_sigma_FitGauss_amplitude-detection', 'freq_sigma_FitGauss_mu-detection', 'freq_sigma_FitGauss_ndof', 'freq_sigma_FitGauss_rms_err']
Aug 28 17:38:02 INFO >> Performing searching on cumulative stack 315.95 49.23
Aug 28 17:38:02 INFO >> Loading the cumulative power spectra stack to search
Aug 28 17:38:36 INFO >> DM: 79.66441071350665
Aug 28 17:38:36 INFO >> sigma: 6.372966134361531
Aug 28 17:38:36 INFO >> frequency: 56.14970163446432
Aug 28 17:38:36 INFO >> Injecting 9 harmonics.
Aug 28 17:38:36 INFO >> Starting DM: 77.82121055938771
Aug 28 17:38:36 INFO >> Stopping DM: 81.46433615124461
Aug 28 17:38:36 INFO >> Expected detection at 5.10 sigma with 8 harmonics.
Aug 28 17:38:48 INFO >> Start searching 6558 dm trials using 32 harmonics.
Aug 28 17:38:55 INFO >> Moved power spectra to shared memory.
Aug 28 17:38:55 INFO >> Number of dm trials in single multi processing job: 10
Aug 28 17:39:44 INFO >> Total number of detections=15577
Aug 28 17:39:44 INFO >> Clustering the detections
Aug 28 17:39:44 INFO >> Starting clustering
Aug 28 17:39:44 INFO >> Rogue harmonic power filter reduced detections from 15577 to 8519
Aug 28 17:39:44 INFO >> Filtering out duplicate freq,dm detections at multiple nharms removes 787 detections
Aug 28 17:39:44 INFO >> Duplicate freq,dm filter reduced detections to 7732
Aug 28 17:39:44 INFO >> Number of detections over threshold sigma (6.0): 7732
Aug 28 17:39:44 INFO >> Grouping duplicate frequencies together first
Aug 28 17:39:44 INFO >> Grouping duplicate frequencies removed 7214 detections from the harmonic metric computation
Aug 28 17:39:44 INFO >> Starting freq-DM distance metric computation
Aug 28 17:39:44 INFO >> Finished freq-DM distance metric computation
Aug 28 17:39:44 INFO >> Largest group size for metric computation is 97
Aug 28 17:39:44 INFO >> Starting harmonic distance metric computation
Aug 28 17:39:45 INFO >> Finished harmonic distance metric computation
Aug 28 17:39:45 INFO >> Starting DBSCAN
Aug 28 17:39:45 INFO >> Finished DBSCAN
Aug 28 17:39:45 INFO >> Clusters found: 75
Aug 28 17:39:45 INFO >> Filtered 32 clusters below or equal 2 DM.
Aug 28 17:39:45 INFO >> Total number of candidate clusters=0
Aug 28 17:39:45 INFO >> Candidate Processor of stack (315.95 49.23)
Aug 28 17:39:45 INFO >> Making SinglePointingCandidates from a list of 0 PowerSpectraDetectionClusters
Aug 28 17:39:47 INFO >> saved candidates to ./results//injections/315.95_49.23_cumulative_power_spectra_stack_20220627_11_random.yml_(0,)_candidates.npz
Aug 28 17:39:47 INFO >> Injected Pulsars:     1
Aug 28 17:39:47 INFO >> Injection Candidates: 0
Aug 28 17:39:47 INFO >> Recovered Injections: 0
Aug 28 17:39:47 INFO >> 0 candidates.
Aug 28 17:39:49 INFO >> Unlinked shared memory for cumulative stack.
Aug 28 17:39:49 INFO >> Pipeline execution time: 1.79 minutes
