Aug 30 22:01:57 INFO >> {"message": "Waiting for suitable server to become available", "selector": "Primary()", "operation": "find", "topologyDescription": "<TopologyDescription id: 66d2415553cb412cc1e36bd8, topology_type: Unknown, servers: [<ServerDescription ('localhost', 27017) server_type: Unknown, rtt: None>]>", "clientId": {"$oid": "66d2415553cb412cc1e36bd8"}, "remainingTimeMS": 29}
Aug 30 22:01:57 INFO >> Features initialized as the following:
Aug 30 22:01:57 INFO >> num_unique_dms
Aug 30 22:01:57 INFO >> num_unique_freqs
Aug 30 22:01:57 INFO >> ndetections
Aug 30 22:01:57 INFO >> nharm
Aug 30 22:01:57 INFO >> log_p_dm
Aug 30 22:01:57 INFO >> ['dm_sigma_FitGaussWidth_gauss_sigma', 'dm_sigma_FitGaussWidth_gauss_sigma_rel_err', 'dm_sigma_FitGaussWidth_ndof', 'dm_sigma_FitGaussWidth_rms_err']
Aug 30 22:01:57 INFO >> ['dm_sigma_FitGauss_amplitude', 'dm_sigma_FitGauss_mu', 'dm_sigma_FitGauss_gauss_sigma', 'dm_sigma_FitGauss_amplitude_rel_err', 'dm_sigma_FitGauss_mu_rel_err', 'dm_sigma_FitGauss_gauss_sigma_rel_err', 'dm_sigma_FitGauss_amplitude-detection', 'dm_sigma_FitGauss_mu-detection', 'dm_sigma_FitGauss_ndof', 'dm_sigma_FitGauss_rms_err']
Aug 30 22:01:57 INFO >> ['freq_sigma_FitGaussWidth_gauss_sigma', 'freq_sigma_FitGaussWidth_gauss_sigma_rel_err', 'freq_sigma_FitGaussWidth_ndof', 'freq_sigma_FitGaussWidth_rms_err']
Aug 30 22:01:57 INFO >> ['freq_sigma_FitGauss_amplitude', 'freq_sigma_FitGauss_mu', 'freq_sigma_FitGauss_gauss_sigma', 'freq_sigma_FitGauss_amplitude_rel_err', 'freq_sigma_FitGauss_mu_rel_err', 'freq_sigma_FitGauss_gauss_sigma_rel_err', 'freq_sigma_FitGauss_amplitude-detection', 'freq_sigma_FitGauss_mu-detection', 'freq_sigma_FitGauss_ndof', 'freq_sigma_FitGauss_rms_err']
Aug 30 22:01:57 INFO >> Performing searching on cumulative stack 315.95 49.23
Aug 30 22:01:57 INFO >> Loading the cumulative power spectra stack to search
Aug 30 22:02:54 INFO >> DM: 117.49457299522906
Aug 30 22:02:54 INFO >> sigma: 10.883103529328421
Aug 30 22:02:54 INFO >> frequency: 11.511660379147683
Aug 30 22:02:54 INFO >> Injecting 44 harmonics.
Aug 30 22:02:54 INFO >> Starting DM: 108.5853822239571
Aug 30 22:02:54 INFO >> Stopping DM: 126.39621845081304
Aug 30 22:02:54 INFO >> Expected detection at 10.19 sigma with 32 harmonics.
Aug 30 22:03:08 INFO >> Start searching 6558 dm trials using 32 harmonics.
Aug 30 22:03:14 INFO >> Moved power spectra to shared memory.
Aug 30 22:03:14 INFO >> Number of dm trials in single multi processing job: 10
Aug 30 22:03:54 INFO >> Total number of detections=15605
Aug 30 22:03:54 INFO >> Clustering the detections
Aug 30 22:03:54 INFO >> Starting clustering
Aug 30 22:03:54 INFO >> Rogue harmonic power filter reduced detections from 15605 to 8547
Aug 30 22:03:54 INFO >> Filtering out duplicate freq,dm detections at multiple nharms removes 800 detections
Aug 30 22:03:54 INFO >> Duplicate freq,dm filter reduced detections to 7747
Aug 30 22:03:54 INFO >> Number of detections over threshold sigma (6.0): 7747
Aug 30 22:03:54 INFO >> Grouping duplicate frequencies together first
Aug 30 22:03:54 INFO >> Grouping duplicate frequencies removed 7224 detections from the harmonic metric computation
Aug 30 22:03:54 INFO >> Starting freq-DM distance metric computation
Aug 30 22:03:55 INFO >> Finished freq-DM distance metric computation
Aug 30 22:03:55 INFO >> Largest group size for metric computation is 97
Aug 30 22:03:55 INFO >> Starting harmonic distance metric computation
Aug 30 22:03:56 INFO >> Finished harmonic distance metric computation
Aug 30 22:03:56 INFO >> Starting DBSCAN
Aug 30 22:03:56 INFO >> Finished DBSCAN
Aug 30 22:03:56 INFO >> Clusters found: 76
Aug 30 22:03:56 INFO >> Filtered 32 clusters below or equal 2 DM.
Aug 30 22:03:56 INFO >> Total number of candidate clusters=1
Aug 30 22:03:56 INFO >> Candidate Processor of stack (315.95 49.23)
Aug 30 22:03:56 INFO >> Making SinglePointingCandidates from a list of 1 PowerSpectraDetectionClusters
Aug 30 22:03:58 INFO >> saved candidates to ./results//injections/315.95_49.23_cumulative_power_spectra_stack_20220627_11_tpa.yml_(198,)_candidates.npz
Aug 30 22:03:58 INFO >> Injected Pulsars:     1
Aug 30 22:03:58 INFO >> Injection Candidates: 1
Aug 30 22:03:58 INFO >> Recovered Injections: 1
Aug 30 22:03:58 INFO >> 1 candidates.
Aug 30 22:03:58 INFO >> Best candidate: F0: 11.512 DM: 117.49 Sigma: 11.88
Aug 30 22:04:00 INFO >> Unlinked shared memory for cumulative stack.
Aug 30 22:04:00 INFO >> Pipeline execution time: 2.04 minutes
