Aug 30 20:52:57 INFO >> {"message": "Waiting for suitable server to become available", "selector": "Primary()", "operation": "find", "topologyDescription": "<TopologyDescription id: 66d23129b0fb8387dd9870e8, topology_type: Unknown, servers: [<ServerDescription ('localhost', 27017) server_type: Unknown, rtt: None>]>", "clientId": {"$oid": "66d23129b0fb8387dd9870e8"}, "remainingTimeMS": 29}
Aug 30 20:52:57 INFO >> Features initialized as the following:
Aug 30 20:52:57 INFO >> num_unique_dms
Aug 30 20:52:57 INFO >> num_unique_freqs
Aug 30 20:52:57 INFO >> ndetections
Aug 30 20:52:57 INFO >> nharm
Aug 30 20:52:57 INFO >> log_p_dm
Aug 30 20:52:57 INFO >> ['dm_sigma_FitGaussWidth_gauss_sigma', 'dm_sigma_FitGaussWidth_gauss_sigma_rel_err', 'dm_sigma_FitGaussWidth_ndof', 'dm_sigma_FitGaussWidth_rms_err']
Aug 30 20:52:57 INFO >> ['dm_sigma_FitGauss_amplitude', 'dm_sigma_FitGauss_mu', 'dm_sigma_FitGauss_gauss_sigma', 'dm_sigma_FitGauss_amplitude_rel_err', 'dm_sigma_FitGauss_mu_rel_err', 'dm_sigma_FitGauss_gauss_sigma_rel_err', 'dm_sigma_FitGauss_amplitude-detection', 'dm_sigma_FitGauss_mu-detection', 'dm_sigma_FitGauss_ndof', 'dm_sigma_FitGauss_rms_err']
Aug 30 20:52:57 INFO >> ['freq_sigma_FitGaussWidth_gauss_sigma', 'freq_sigma_FitGaussWidth_gauss_sigma_rel_err', 'freq_sigma_FitGaussWidth_ndof', 'freq_sigma_FitGaussWidth_rms_err']
Aug 30 20:52:57 INFO >> ['freq_sigma_FitGauss_amplitude', 'freq_sigma_FitGauss_mu', 'freq_sigma_FitGauss_gauss_sigma', 'freq_sigma_FitGauss_amplitude_rel_err', 'freq_sigma_FitGauss_mu_rel_err', 'freq_sigma_FitGauss_gauss_sigma_rel_err', 'freq_sigma_FitGauss_amplitude-detection', 'freq_sigma_FitGauss_mu-detection', 'freq_sigma_FitGauss_ndof', 'freq_sigma_FitGauss_rms_err']
Aug 30 20:52:58 INFO >> Performing searching on cumulative stack 315.95 49.23
Aug 30 20:52:58 INFO >> Loading the cumulative power spectra stack to search
Aug 30 20:53:56 INFO >> DM: 70.02130570627814
Aug 30 20:53:56 INFO >> sigma: 9.490372115413505
Aug 30 20:53:56 INFO >> frequency: 134.3848457512285
Aug 30 20:53:56 INFO >> Injecting 3 harmonics.
Aug 30 20:53:56 INFO >> Starting DM: 69.21938624528113
Aug 30 20:53:56 INFO >> Stopping DM: 70.73735524188817
Aug 30 20:53:56 INFO >> Expected detection at 9.54 sigma with 1 harmonics.
Aug 30 20:54:10 INFO >> Start searching 6558 dm trials using 32 harmonics.
Aug 30 20:54:15 INFO >> Moved power spectra to shared memory.
Aug 30 20:54:15 INFO >> Number of dm trials in single multi processing job: 10
Aug 30 20:54:56 INFO >> Total number of detections=15592
Aug 30 20:54:56 INFO >> Clustering the detections
Aug 30 20:54:56 INFO >> Starting clustering
Aug 30 20:54:56 INFO >> Rogue harmonic power filter reduced detections from 15592 to 8530
Aug 30 20:54:56 INFO >> Filtering out duplicate freq,dm detections at multiple nharms removes 791 detections
Aug 30 20:54:56 INFO >> Duplicate freq,dm filter reduced detections to 7739
Aug 30 20:54:56 INFO >> Number of detections over threshold sigma (6.0): 7739
Aug 30 20:54:56 INFO >> Grouping duplicate frequencies together first
Aug 30 20:54:56 INFO >> Grouping duplicate frequencies removed 7218 detections from the harmonic metric computation
Aug 30 20:54:56 INFO >> Starting freq-DM distance metric computation
Aug 30 20:54:56 INFO >> Finished freq-DM distance metric computation
Aug 30 20:54:57 INFO >> Largest group size for metric computation is 97
Aug 30 20:54:57 INFO >> Starting harmonic distance metric computation
Aug 30 20:54:57 INFO >> Finished harmonic distance metric computation
Aug 30 20:54:57 INFO >> Starting DBSCAN
Aug 30 20:54:58 INFO >> Finished DBSCAN
Aug 30 20:54:58 INFO >> Clusters found: 76
Aug 30 20:54:58 INFO >> Filtered 32 clusters below or equal 2 DM.
Aug 30 20:54:58 INFO >> Total number of candidate clusters=1
Aug 30 20:54:58 INFO >> Candidate Processor of stack (315.95 49.23)
Aug 30 20:54:58 INFO >> Making SinglePointingCandidates from a list of 1 PowerSpectraDetectionClusters
Aug 30 20:55:00 INFO >> saved candidates to ./results//injections/315.95_49.23_cumulative_power_spectra_stack_20220627_11_tpa.yml_(165,)_candidates.npz
Aug 30 20:55:00 INFO >> Injected Pulsars:     1
Aug 30 20:55:00 INFO >> Injection Candidates: 1
Aug 30 20:55:00 INFO >> Recovered Injections: 1
Aug 30 20:55:00 INFO >> 1 candidates.
Aug 30 20:55:00 INFO >> Best candidate: F0: 134.385 DM: 70.03 Sigma: 8.26
Aug 30 20:55:01 INFO >> Unlinked shared memory for cumulative stack.
Aug 30 20:55:01 INFO >> Pipeline execution time: 2.06 minutes
