Aug 30 15:52:34 INFO >> {"message": "Waiting for suitable server to become available", "selector": "Primary()", "operation": "find", "topologyDescription": "<TopologyDescription id: 66d1eac2599099fcbfc1a4c9, topology_type: Unknown, servers: [<ServerDescription ('localhost', 27017) server_type: Unknown, rtt: None>]>", "clientId": {"$oid": "66d1eac2599099fcbfc1a4c9"}, "remainingTimeMS": 29}
Aug 30 15:52:34 INFO >> Features initialized as the following:
Aug 30 15:52:34 INFO >> num_unique_dms
Aug 30 15:52:34 INFO >> num_unique_freqs
Aug 30 15:52:34 INFO >> ndetections
Aug 30 15:52:34 INFO >> nharm
Aug 30 15:52:34 INFO >> log_p_dm
Aug 30 15:52:34 INFO >> ['dm_sigma_FitGaussWidth_gauss_sigma', 'dm_sigma_FitGaussWidth_gauss_sigma_rel_err', 'dm_sigma_FitGaussWidth_ndof', 'dm_sigma_FitGaussWidth_rms_err']
Aug 30 15:52:34 INFO >> ['dm_sigma_FitGauss_amplitude', 'dm_sigma_FitGauss_mu', 'dm_sigma_FitGauss_gauss_sigma', 'dm_sigma_FitGauss_amplitude_rel_err', 'dm_sigma_FitGauss_mu_rel_err', 'dm_sigma_FitGauss_gauss_sigma_rel_err', 'dm_sigma_FitGauss_amplitude-detection', 'dm_sigma_FitGauss_mu-detection', 'dm_sigma_FitGauss_ndof', 'dm_sigma_FitGauss_rms_err']
Aug 30 15:52:34 INFO >> ['freq_sigma_FitGaussWidth_gauss_sigma', 'freq_sigma_FitGaussWidth_gauss_sigma_rel_err', 'freq_sigma_FitGaussWidth_ndof', 'freq_sigma_FitGaussWidth_rms_err']
Aug 30 15:52:34 INFO >> ['freq_sigma_FitGauss_amplitude', 'freq_sigma_FitGauss_mu', 'freq_sigma_FitGauss_gauss_sigma', 'freq_sigma_FitGauss_amplitude_rel_err', 'freq_sigma_FitGauss_mu_rel_err', 'freq_sigma_FitGauss_gauss_sigma_rel_err', 'freq_sigma_FitGauss_amplitude-detection', 'freq_sigma_FitGauss_mu-detection', 'freq_sigma_FitGauss_ndof', 'freq_sigma_FitGauss_rms_err']
Aug 30 15:52:34 INFO >> Performing searching on cumulative stack 315.95 49.23
Aug 30 15:52:34 INFO >> Loading the cumulative power spectra stack to search
Aug 30 15:53:31 INFO >> DM: 45.66991058063024
Aug 30 15:53:31 INFO >> sigma: 10.663959874261302
Aug 30 15:53:31 INFO >> frequency: 24.563436832443486
Aug 30 15:53:31 INFO >> Injecting 20 harmonics.
Aug 30 15:53:31 INFO >> Starting DM: 41.491152573925824
Aug 30 15:53:31 INFO >> Stopping DM: 49.89058102181812
Aug 30 15:53:31 INFO >> Expected detection at 11.03 sigma with 16 harmonics.
Aug 30 15:53:45 INFO >> Start searching 6558 dm trials using 32 harmonics.
Aug 30 15:53:51 INFO >> Moved power spectra to shared memory.
Aug 30 15:53:51 INFO >> Number of dm trials in single multi processing job: 10
Aug 30 15:54:31 INFO >> Total number of detections=15610
Aug 30 15:54:31 INFO >> Clustering the detections
Aug 30 15:54:31 INFO >> Starting clustering
Aug 30 15:54:32 INFO >> Rogue harmonic power filter reduced detections from 15610 to 8552
Aug 30 15:54:32 INFO >> Filtering out duplicate freq,dm detections at multiple nharms removes 794 detections
Aug 30 15:54:32 INFO >> Duplicate freq,dm filter reduced detections to 7758
Aug 30 15:54:32 INFO >> Number of detections over threshold sigma (6.0): 7758
Aug 30 15:54:32 INFO >> Grouping duplicate frequencies together first
Aug 30 15:54:32 INFO >> Grouping duplicate frequencies removed 7229 detections from the harmonic metric computation
Aug 30 15:54:32 INFO >> Starting freq-DM distance metric computation
Aug 30 15:54:32 INFO >> Finished freq-DM distance metric computation
Aug 30 15:54:32 INFO >> Largest group size for metric computation is 97
Aug 30 15:54:32 INFO >> Starting harmonic distance metric computation
Aug 30 15:54:33 INFO >> Finished harmonic distance metric computation
Aug 30 15:54:33 INFO >> Starting DBSCAN
Aug 30 15:54:33 INFO >> Finished DBSCAN
Aug 30 15:54:33 INFO >> Clusters found: 76
Aug 30 15:54:33 INFO >> Filtered 32 clusters below or equal 2 DM.
Aug 30 15:54:33 INFO >> Total number of candidate clusters=1
Aug 30 15:54:33 INFO >> Candidate Processor of stack (315.95 49.23)
Aug 30 15:54:33 INFO >> Making SinglePointingCandidates from a list of 1 PowerSpectraDetectionClusters
Aug 30 15:54:35 INFO >> saved candidates to ./results//injections/315.95_49.23_cumulative_power_spectra_stack_20220627_11_tpa.yml_(21,)_candidates.npz
Aug 30 15:54:35 INFO >> Injected Pulsars:     1
Aug 30 15:54:35 INFO >> Injection Candidates: 1
Aug 30 15:54:35 INFO >> Recovered Injections: 1
Aug 30 15:54:35 INFO >> 1 candidates.
Aug 30 15:54:35 INFO >> Best candidate: F0: 24.563 DM: 45.64 Sigma: 11.08
Aug 30 15:54:37 INFO >> Unlinked shared memory for cumulative stack.
Aug 30 15:54:37 INFO >> Pipeline execution time: 2.05 minutes
