Aug 30 21:22:14 INFO >> {"message": "Waiting for suitable server to become available", "selector": "Primary()", "operation": "find", "topologyDescription": "<TopologyDescription id: 66d23806b85c2533ac46cc40, topology_type: Unknown, servers: [<ServerDescription ('localhost', 27017) server_type: Unknown, rtt: None>]>", "clientId": {"$oid": "66d23806b85c2533ac46cc40"}, "remainingTimeMS": 29}
Aug 30 21:22:14 INFO >> Features initialized as the following:
Aug 30 21:22:14 INFO >> num_unique_dms
Aug 30 21:22:14 INFO >> num_unique_freqs
Aug 30 21:22:14 INFO >> ndetections
Aug 30 21:22:14 INFO >> nharm
Aug 30 21:22:14 INFO >> log_p_dm
Aug 30 21:22:14 INFO >> ['dm_sigma_FitGaussWidth_gauss_sigma', 'dm_sigma_FitGaussWidth_gauss_sigma_rel_err', 'dm_sigma_FitGaussWidth_ndof', 'dm_sigma_FitGaussWidth_rms_err']
Aug 30 21:22:14 INFO >> ['dm_sigma_FitGauss_amplitude', 'dm_sigma_FitGauss_mu', 'dm_sigma_FitGauss_gauss_sigma', 'dm_sigma_FitGauss_amplitude_rel_err', 'dm_sigma_FitGauss_mu_rel_err', 'dm_sigma_FitGauss_gauss_sigma_rel_err', 'dm_sigma_FitGauss_amplitude-detection', 'dm_sigma_FitGauss_mu-detection', 'dm_sigma_FitGauss_ndof', 'dm_sigma_FitGauss_rms_err']
Aug 30 21:22:14 INFO >> ['freq_sigma_FitGaussWidth_gauss_sigma', 'freq_sigma_FitGaussWidth_gauss_sigma_rel_err', 'freq_sigma_FitGaussWidth_ndof', 'freq_sigma_FitGaussWidth_rms_err']
Aug 30 21:22:14 INFO >> ['freq_sigma_FitGauss_amplitude', 'freq_sigma_FitGauss_mu', 'freq_sigma_FitGauss_gauss_sigma', 'freq_sigma_FitGauss_amplitude_rel_err', 'freq_sigma_FitGauss_mu_rel_err', 'freq_sigma_FitGauss_gauss_sigma_rel_err', 'freq_sigma_FitGauss_amplitude-detection', 'freq_sigma_FitGauss_mu-detection', 'freq_sigma_FitGauss_ndof', 'freq_sigma_FitGauss_rms_err']
Aug 30 21:22:14 INFO >> Performing searching on cumulative stack 315.95 49.23
Aug 30 21:22:14 INFO >> Loading the cumulative power spectra stack to search
Aug 30 21:23:11 INFO >> DM: 61.103794823487455
Aug 30 21:23:11 INFO >> sigma: 7.562914267919066
Aug 30 21:23:11 INFO >> frequency: 50.664943584834
Aug 30 21:23:11 INFO >> Injecting 10 harmonics.
Aug 30 21:23:11 INFO >> Starting DM: 59.09959293456752
Aug 30 21:23:11 INFO >> Stopping DM: 63.147510258852954
Aug 30 21:23:11 INFO >> Expected detection at 8.08 sigma with 1 harmonics.
Aug 30 21:23:25 INFO >> Start searching 6558 dm trials using 32 harmonics.
Aug 30 21:23:31 INFO >> Moved power spectra to shared memory.
Aug 30 21:23:31 INFO >> Number of dm trials in single multi processing job: 10
Aug 30 21:24:12 INFO >> Total number of detections=15619
Aug 30 21:24:12 INFO >> Clustering the detections
Aug 30 21:24:12 INFO >> Starting clustering
Aug 30 21:24:12 INFO >> Rogue harmonic power filter reduced detections from 15619 to 8553
Aug 30 21:24:12 INFO >> Filtering out duplicate freq,dm detections at multiple nharms removes 803 detections
Aug 30 21:24:12 INFO >> Duplicate freq,dm filter reduced detections to 7750
Aug 30 21:24:12 INFO >> Number of detections over threshold sigma (6.0): 7750
Aug 30 21:24:12 INFO >> Grouping duplicate frequencies together first
Aug 30 21:24:12 INFO >> Grouping duplicate frequencies removed 7227 detections from the harmonic metric computation
Aug 30 21:24:12 INFO >> Starting freq-DM distance metric computation
Aug 30 21:24:13 INFO >> Finished freq-DM distance metric computation
Aug 30 21:24:13 INFO >> Largest group size for metric computation is 97
Aug 30 21:24:13 INFO >> Starting harmonic distance metric computation
Aug 30 21:24:13 INFO >> Finished harmonic distance metric computation
Aug 30 21:24:13 INFO >> Starting DBSCAN
Aug 30 21:24:14 INFO >> Finished DBSCAN
Aug 30 21:24:14 INFO >> Clusters found: 77
Aug 30 21:24:14 INFO >> Filtered 32 clusters below or equal 2 DM.
Aug 30 21:24:14 INFO >> Total number of candidate clusters=2
Aug 30 21:24:14 INFO >> Candidate Processor of stack (315.95 49.23)
Aug 30 21:24:14 INFO >> Making SinglePointingCandidates from a list of 2 PowerSpectraDetectionClusters
Aug 30 21:24:16 INFO >> saved candidates to ./results//injections/315.95_49.23_cumulative_power_spectra_stack_20220627_11_tpa.yml_(179,)_candidates.npz
Aug 30 21:24:16 INFO >> Injected Pulsars:     1
Aug 30 21:24:16 INFO >> Injection Candidates: 2
Aug 30 21:24:16 INFO >> Recovered Injections: 1
Aug 30 21:24:16 INFO >> 2 candidates.
Aug 30 21:24:16 INFO >> Best candidate: F0: 50.665 DM: 61.12 Sigma: 8.70
Aug 30 21:24:17 INFO >> Unlinked shared memory for cumulative stack.
Aug 30 21:24:17 INFO >> Pipeline execution time: 2.06 minutes
