Aug 30 23:44:14 INFO >> {"message": "Waiting for suitable server to become available", "selector": "Primary()", "operation": "find", "topologyDescription": "<TopologyDescription id: 66d2594ebbe2bf823623eaac, topology_type: Unknown, servers: [<ServerDescription ('localhost', 27017) server_type: Unknown, rtt: None>]>", "clientId": {"$oid": "66d2594ebbe2bf823623eaac"}, "remainingTimeMS": 29}
Aug 30 23:44:14 INFO >> Features initialized as the following:
Aug 30 23:44:14 INFO >> num_unique_dms
Aug 30 23:44:14 INFO >> num_unique_freqs
Aug 30 23:44:14 INFO >> ndetections
Aug 30 23:44:14 INFO >> nharm
Aug 30 23:44:14 INFO >> log_p_dm
Aug 30 23:44:14 INFO >> ['dm_sigma_FitGaussWidth_gauss_sigma', 'dm_sigma_FitGaussWidth_gauss_sigma_rel_err', 'dm_sigma_FitGaussWidth_ndof', 'dm_sigma_FitGaussWidth_rms_err']
Aug 30 23:44:14 INFO >> ['dm_sigma_FitGauss_amplitude', 'dm_sigma_FitGauss_mu', 'dm_sigma_FitGauss_gauss_sigma', 'dm_sigma_FitGauss_amplitude_rel_err', 'dm_sigma_FitGauss_mu_rel_err', 'dm_sigma_FitGauss_gauss_sigma_rel_err', 'dm_sigma_FitGauss_amplitude-detection', 'dm_sigma_FitGauss_mu-detection', 'dm_sigma_FitGauss_ndof', 'dm_sigma_FitGauss_rms_err']
Aug 30 23:44:14 INFO >> ['freq_sigma_FitGaussWidth_gauss_sigma', 'freq_sigma_FitGaussWidth_gauss_sigma_rel_err', 'freq_sigma_FitGaussWidth_ndof', 'freq_sigma_FitGaussWidth_rms_err']
Aug 30 23:44:14 INFO >> ['freq_sigma_FitGauss_amplitude', 'freq_sigma_FitGauss_mu', 'freq_sigma_FitGauss_gauss_sigma', 'freq_sigma_FitGauss_amplitude_rel_err', 'freq_sigma_FitGauss_mu_rel_err', 'freq_sigma_FitGauss_gauss_sigma_rel_err', 'freq_sigma_FitGauss_amplitude-detection', 'freq_sigma_FitGauss_mu-detection', 'freq_sigma_FitGauss_ndof', 'freq_sigma_FitGauss_rms_err']
Aug 30 23:44:15 INFO >> Performing searching on cumulative stack 315.95 49.23
Aug 30 23:44:15 INFO >> Loading the cumulative power spectra stack to search
Aug 30 23:45:12 INFO >> DM: 168.40927012077927
Aug 30 23:45:12 INFO >> sigma: 16.25460995357198
Aug 30 23:45:12 INFO >> frequency: 89.15843781653749
Aug 30 23:45:12 INFO >> Injecting 5 harmonics.
Aug 30 23:45:12 INFO >> Starting DM: 167.28018342609604
Aug 30 23:45:12 INFO >> Stopping DM: 169.60773588756018
Aug 30 23:45:12 INFO >> Expected detection at 6.28 sigma with 4 harmonics.
Aug 30 23:45:26 INFO >> Start searching 6558 dm trials using 32 harmonics.
Aug 30 23:45:31 INFO >> Moved power spectra to shared memory.
Aug 30 23:45:31 INFO >> Number of dm trials in single multi processing job: 10
Aug 30 23:46:12 INFO >> Total number of detections=15578
Aug 30 23:46:12 INFO >> Clustering the detections
Aug 30 23:46:12 INFO >> Starting clustering
Aug 30 23:46:12 INFO >> Rogue harmonic power filter reduced detections from 15578 to 8520
Aug 30 23:46:12 INFO >> Filtering out duplicate freq,dm detections at multiple nharms removes 787 detections
Aug 30 23:46:12 INFO >> Duplicate freq,dm filter reduced detections to 7733
Aug 30 23:46:12 INFO >> Number of detections over threshold sigma (6.0): 7733
Aug 30 23:46:12 INFO >> Grouping duplicate frequencies together first
Aug 30 23:46:12 INFO >> Grouping duplicate frequencies removed 7214 detections from the harmonic metric computation
Aug 30 23:46:12 INFO >> Starting freq-DM distance metric computation
Aug 30 23:46:12 INFO >> Finished freq-DM distance metric computation
Aug 30 23:46:13 INFO >> Largest group size for metric computation is 97
Aug 30 23:46:13 INFO >> Starting harmonic distance metric computation
Aug 30 23:46:13 INFO >> Finished harmonic distance metric computation
Aug 30 23:46:13 INFO >> Starting DBSCAN
Aug 30 23:46:13 INFO >> Finished DBSCAN
Aug 30 23:46:13 INFO >> Clusters found: 75
Aug 30 23:46:13 INFO >> Filtered 32 clusters below or equal 2 DM.
Aug 30 23:46:13 INFO >> Total number of candidate clusters=0
Aug 30 23:46:14 INFO >> Candidate Processor of stack (315.95 49.23)
Aug 30 23:46:14 INFO >> Making SinglePointingCandidates from a list of 0 PowerSpectraDetectionClusters
Aug 30 23:46:15 INFO >> saved candidates to ./results//injections/315.95_49.23_cumulative_power_spectra_stack_20220627_11_tpa.yml_(247,)_candidates.npz
Aug 30 23:46:15 INFO >> Injected Pulsars:     1
Aug 30 23:46:15 INFO >> Injection Candidates: 0
Aug 30 23:46:15 INFO >> Recovered Injections: 0
Aug 30 23:46:15 INFO >> 0 candidates.
Aug 30 23:46:17 INFO >> Unlinked shared memory for cumulative stack.
Aug 30 23:46:17 INFO >> Pipeline execution time: 2.04 minutes
