Aug 30 23:04:37 INFO >> {"message": "Waiting for suitable server to become available", "selector": "Primary()", "operation": "find", "topologyDescription": "<TopologyDescription id: 66d250053cb3efcb189f7a92, topology_type: Unknown, servers: [<ServerDescription ('localhost', 27017) server_type: Unknown, rtt: None>]>", "clientId": {"$oid": "66d250053cb3efcb189f7a92"}, "remainingTimeMS": 29}
Aug 30 23:04:38 INFO >> Features initialized as the following:
Aug 30 23:04:38 INFO >> num_unique_dms
Aug 30 23:04:38 INFO >> num_unique_freqs
Aug 30 23:04:38 INFO >> ndetections
Aug 30 23:04:38 INFO >> nharm
Aug 30 23:04:38 INFO >> log_p_dm
Aug 30 23:04:38 INFO >> ['dm_sigma_FitGaussWidth_gauss_sigma', 'dm_sigma_FitGaussWidth_gauss_sigma_rel_err', 'dm_sigma_FitGaussWidth_ndof', 'dm_sigma_FitGaussWidth_rms_err']
Aug 30 23:04:38 INFO >> ['dm_sigma_FitGauss_amplitude', 'dm_sigma_FitGauss_mu', 'dm_sigma_FitGauss_gauss_sigma', 'dm_sigma_FitGauss_amplitude_rel_err', 'dm_sigma_FitGauss_mu_rel_err', 'dm_sigma_FitGauss_gauss_sigma_rel_err', 'dm_sigma_FitGauss_amplitude-detection', 'dm_sigma_FitGauss_mu-detection', 'dm_sigma_FitGauss_ndof', 'dm_sigma_FitGauss_rms_err']
Aug 30 23:04:38 INFO >> ['freq_sigma_FitGaussWidth_gauss_sigma', 'freq_sigma_FitGaussWidth_gauss_sigma_rel_err', 'freq_sigma_FitGaussWidth_ndof', 'freq_sigma_FitGaussWidth_rms_err']
Aug 30 23:04:38 INFO >> ['freq_sigma_FitGauss_amplitude', 'freq_sigma_FitGauss_mu', 'freq_sigma_FitGauss_gauss_sigma', 'freq_sigma_FitGauss_amplitude_rel_err', 'freq_sigma_FitGauss_mu_rel_err', 'freq_sigma_FitGauss_gauss_sigma_rel_err', 'freq_sigma_FitGauss_amplitude-detection', 'freq_sigma_FitGauss_mu-detection', 'freq_sigma_FitGauss_ndof', 'freq_sigma_FitGauss_rms_err']
Aug 30 23:04:38 INFO >> Performing searching on cumulative stack 315.95 49.23
Aug 30 23:04:38 INFO >> Loading the cumulative power spectra stack to search
Aug 30 23:05:35 INFO >> DM: 118.10020914514408
Aug 30 23:05:35 INFO >> sigma: 15.487674871070865
Aug 30 23:05:35 INFO >> frequency: 87.77855628915144
Aug 30 23:05:35 INFO >> Injecting 5 harmonics.
Aug 30 23:05:35 INFO >> Starting DM: 116.88361273874226
Aug 30 23:05:35 INFO >> Stopping DM: 119.31236313331351
Aug 30 23:05:35 INFO >> Expected detection at 13.17 sigma with 4 harmonics.
Aug 30 23:05:49 INFO >> Start searching 6558 dm trials using 32 harmonics.
Aug 30 23:05:55 INFO >> Moved power spectra to shared memory.
Aug 30 23:05:55 INFO >> Number of dm trials in single multi processing job: 10
Aug 30 23:06:35 INFO >> Total number of detections=15607
Aug 30 23:06:35 INFO >> Clustering the detections
Aug 30 23:06:35 INFO >> Starting clustering
Aug 30 23:06:35 INFO >> Rogue harmonic power filter reduced detections from 15607 to 8547
Aug 30 23:06:35 INFO >> Filtering out duplicate freq,dm detections at multiple nharms removes 796 detections
Aug 30 23:06:35 INFO >> Duplicate freq,dm filter reduced detections to 7751
Aug 30 23:06:35 INFO >> Number of detections over threshold sigma (6.0): 7751
Aug 30 23:06:35 INFO >> Grouping duplicate frequencies together first
Aug 30 23:06:35 INFO >> Grouping duplicate frequencies removed 7220 detections from the harmonic metric computation
Aug 30 23:06:35 INFO >> Starting freq-DM distance metric computation
Aug 30 23:06:36 INFO >> Finished freq-DM distance metric computation
Aug 30 23:06:36 INFO >> Largest group size for metric computation is 97
Aug 30 23:06:36 INFO >> Starting harmonic distance metric computation
Aug 30 23:06:37 INFO >> Finished harmonic distance metric computation
Aug 30 23:06:37 INFO >> Starting DBSCAN
Aug 30 23:06:37 INFO >> Finished DBSCAN
Aug 30 23:06:37 INFO >> Clusters found: 76
Aug 30 23:06:37 INFO >> Filtered 32 clusters below or equal 2 DM.
Aug 30 23:06:37 INFO >> Total number of candidate clusters=1
Aug 30 23:06:37 INFO >> Candidate Processor of stack (315.95 49.23)
Aug 30 23:06:37 INFO >> Making SinglePointingCandidates from a list of 1 PowerSpectraDetectionClusters
Aug 30 23:06:39 INFO >> saved candidates to ./results//injections/315.95_49.23_cumulative_power_spectra_stack_20220627_11_tpa.yml_(228,)_candidates.npz
Aug 30 23:06:39 INFO >> Injected Pulsars:     1
Aug 30 23:06:39 INFO >> Injection Candidates: 1
Aug 30 23:06:39 INFO >> Recovered Injections: 1
Aug 30 23:06:39 INFO >> 1 candidates.
Aug 30 23:06:39 INFO >> Best candidate: F0: 87.779 DM: 118.10 Sigma: 13.27
Aug 30 23:06:40 INFO >> Unlinked shared memory for cumulative stack.
Aug 30 23:06:40 INFO >> Pipeline execution time: 2.05 minutes
