Aug 30 16:44:39 INFO >> {"message": "Waiting for suitable server to become available", "selector": "Primary()", "operation": "find", "topologyDescription": "<TopologyDescription id: 66d1f6f725e78089d800209d, topology_type: Unknown, servers: [<ServerDescription ('localhost', 27017) server_type: Unknown, rtt: None>]>", "clientId": {"$oid": "66d1f6f725e78089d800209d"}, "remainingTimeMS": 29}
Aug 30 16:44:39 INFO >> Features initialized as the following:
Aug 30 16:44:39 INFO >> num_unique_dms
Aug 30 16:44:39 INFO >> num_unique_freqs
Aug 30 16:44:39 INFO >> ndetections
Aug 30 16:44:39 INFO >> nharm
Aug 30 16:44:39 INFO >> log_p_dm
Aug 30 16:44:39 INFO >> ['dm_sigma_FitGaussWidth_gauss_sigma', 'dm_sigma_FitGaussWidth_gauss_sigma_rel_err', 'dm_sigma_FitGaussWidth_ndof', 'dm_sigma_FitGaussWidth_rms_err']
Aug 30 16:44:39 INFO >> ['dm_sigma_FitGauss_amplitude', 'dm_sigma_FitGauss_mu', 'dm_sigma_FitGauss_gauss_sigma', 'dm_sigma_FitGauss_amplitude_rel_err', 'dm_sigma_FitGauss_mu_rel_err', 'dm_sigma_FitGauss_gauss_sigma_rel_err', 'dm_sigma_FitGauss_amplitude-detection', 'dm_sigma_FitGauss_mu-detection', 'dm_sigma_FitGauss_ndof', 'dm_sigma_FitGauss_rms_err']
Aug 30 16:44:39 INFO >> ['freq_sigma_FitGaussWidth_gauss_sigma', 'freq_sigma_FitGaussWidth_gauss_sigma_rel_err', 'freq_sigma_FitGaussWidth_ndof', 'freq_sigma_FitGaussWidth_rms_err']
Aug 30 16:44:39 INFO >> ['freq_sigma_FitGauss_amplitude', 'freq_sigma_FitGauss_mu', 'freq_sigma_FitGauss_gauss_sigma', 'freq_sigma_FitGauss_amplitude_rel_err', 'freq_sigma_FitGauss_mu_rel_err', 'freq_sigma_FitGauss_gauss_sigma_rel_err', 'freq_sigma_FitGauss_amplitude-detection', 'freq_sigma_FitGauss_mu-detection', 'freq_sigma_FitGauss_ndof', 'freq_sigma_FitGauss_rms_err']
Aug 30 16:44:39 INFO >> Performing searching on cumulative stack 315.95 49.23
Aug 30 16:44:39 INFO >> Loading the cumulative power spectra stack to search
Aug 30 16:45:36 INFO >> DM: 28.90058420792341
Aug 30 16:45:36 INFO >> sigma: 12.964696100131725
Aug 30 16:45:36 INFO >> frequency: 123.59822587055794
Aug 30 16:45:36 INFO >> Injecting 4 harmonics.
Aug 30 16:45:36 INFO >> Starting DM: 28.031827470676713
Aug 30 16:45:36 INFO >> Stopping DM: 29.752192333498026
Aug 30 16:45:36 INFO >> Expected detection at 9.80 sigma with 4 harmonics.
Aug 30 16:45:51 INFO >> Start searching 6558 dm trials using 32 harmonics.
Aug 30 16:45:56 INFO >> Moved power spectra to shared memory.
Aug 30 16:45:56 INFO >> Number of dm trials in single multi processing job: 10
Aug 30 16:46:36 INFO >> Total number of detections=15587
Aug 30 16:46:36 INFO >> Clustering the detections
Aug 30 16:46:36 INFO >> Starting clustering
Aug 30 16:46:36 INFO >> Rogue harmonic power filter reduced detections from 15587 to 8529
Aug 30 16:46:36 INFO >> Filtering out duplicate freq,dm detections at multiple nharms removes 790 detections
Aug 30 16:46:36 INFO >> Duplicate freq,dm filter reduced detections to 7739
Aug 30 16:46:36 INFO >> Number of detections over threshold sigma (6.0): 7739
Aug 30 16:46:36 INFO >> Grouping duplicate frequencies together first
Aug 30 16:46:36 INFO >> Grouping duplicate frequencies removed 7216 detections from the harmonic metric computation
Aug 30 16:46:36 INFO >> Starting freq-DM distance metric computation
Aug 30 16:46:37 INFO >> Finished freq-DM distance metric computation
Aug 30 16:46:37 INFO >> Largest group size for metric computation is 97
Aug 30 16:46:37 INFO >> Starting harmonic distance metric computation
Aug 30 16:46:38 INFO >> Finished harmonic distance metric computation
Aug 30 16:46:38 INFO >> Starting DBSCAN
Aug 30 16:46:38 INFO >> Finished DBSCAN
Aug 30 16:46:38 INFO >> Clusters found: 76
Aug 30 16:46:38 INFO >> Filtered 32 clusters below or equal 2 DM.
Aug 30 16:46:38 INFO >> Total number of candidate clusters=1
Aug 30 16:46:38 INFO >> Candidate Processor of stack (315.95 49.23)
Aug 30 16:46:38 INFO >> Making SinglePointingCandidates from a list of 1 PowerSpectraDetectionClusters
Aug 30 16:46:40 INFO >> saved candidates to ./results//injections/315.95_49.23_cumulative_power_spectra_stack_20220627_11_tpa.yml_(46,)_candidates.npz
Aug 30 16:46:40 INFO >> Injected Pulsars:     1
Aug 30 16:46:40 INFO >> Injection Candidates: 1
Aug 30 16:46:40 INFO >> Recovered Injections: 1
Aug 30 16:46:40 INFO >> 1 candidates.
Aug 30 16:46:40 INFO >> Best candidate: F0: 123.598 DM: 28.94 Sigma: 9.17
Aug 30 16:46:41 INFO >> Unlinked shared memory for cumulative stack.
Aug 30 16:46:41 INFO >> Pipeline execution time: 2.04 minutes
