Aug 30 17:01:22 INFO >> {"message": "Waiting for suitable server to become available", "selector": "Primary()", "operation": "find", "topologyDescription": "<TopologyDescription id: 66d1fae27551a5e55ef6500f, topology_type: Unknown, servers: [<ServerDescription ('localhost', 27017) server_type: Unknown, rtt: None>]>", "clientId": {"$oid": "66d1fae27551a5e55ef6500f"}, "remainingTimeMS": 29}
Aug 30 17:01:22 INFO >> Features initialized as the following:
Aug 30 17:01:22 INFO >> num_unique_dms
Aug 30 17:01:22 INFO >> num_unique_freqs
Aug 30 17:01:22 INFO >> ndetections
Aug 30 17:01:22 INFO >> nharm
Aug 30 17:01:22 INFO >> log_p_dm
Aug 30 17:01:22 INFO >> ['dm_sigma_FitGaussWidth_gauss_sigma', 'dm_sigma_FitGaussWidth_gauss_sigma_rel_err', 'dm_sigma_FitGaussWidth_ndof', 'dm_sigma_FitGaussWidth_rms_err']
Aug 30 17:01:22 INFO >> ['dm_sigma_FitGauss_amplitude', 'dm_sigma_FitGauss_mu', 'dm_sigma_FitGauss_gauss_sigma', 'dm_sigma_FitGauss_amplitude_rel_err', 'dm_sigma_FitGauss_mu_rel_err', 'dm_sigma_FitGauss_gauss_sigma_rel_err', 'dm_sigma_FitGauss_amplitude-detection', 'dm_sigma_FitGauss_mu-detection', 'dm_sigma_FitGauss_ndof', 'dm_sigma_FitGauss_rms_err']
Aug 30 17:01:22 INFO >> ['freq_sigma_FitGaussWidth_gauss_sigma', 'freq_sigma_FitGaussWidth_gauss_sigma_rel_err', 'freq_sigma_FitGaussWidth_ndof', 'freq_sigma_FitGaussWidth_rms_err']
Aug 30 17:01:22 INFO >> ['freq_sigma_FitGauss_amplitude', 'freq_sigma_FitGauss_mu', 'freq_sigma_FitGauss_gauss_sigma', 'freq_sigma_FitGauss_amplitude_rel_err', 'freq_sigma_FitGauss_mu_rel_err', 'freq_sigma_FitGauss_gauss_sigma_rel_err', 'freq_sigma_FitGauss_amplitude-detection', 'freq_sigma_FitGauss_mu-detection', 'freq_sigma_FitGauss_ndof', 'freq_sigma_FitGauss_rms_err']
Aug 30 17:01:22 INFO >> Performing searching on cumulative stack 315.95 49.23
Aug 30 17:01:22 INFO >> Loading the cumulative power spectra stack to search
Aug 30 17:02:20 INFO >> DM: 148.9694517581524
Aug 30 17:02:20 INFO >> sigma: 16.842985349780143
Aug 30 17:02:20 INFO >> frequency: 159.28353662584223
Aug 30 17:02:20 INFO >> Injecting 3 harmonics.
Aug 30 17:02:20 INFO >> Starting DM: 148.35616993506162
Aug 30 17:02:20 INFO >> Stopping DM: 149.57054513234723
Aug 30 17:02:20 INFO >> Expected detection at 10.22 sigma with 2 harmonics.
Aug 30 17:02:34 INFO >> Start searching 6558 dm trials using 32 harmonics.
Aug 30 17:02:39 INFO >> Moved power spectra to shared memory.
Aug 30 17:02:39 INFO >> Number of dm trials in single multi processing job: 10
Aug 30 17:03:20 INFO >> Total number of detections=15591
Aug 30 17:03:20 INFO >> Clustering the detections
Aug 30 17:03:20 INFO >> Starting clustering
Aug 30 17:03:20 INFO >> Rogue harmonic power filter reduced detections from 15591 to 8531
Aug 30 17:03:20 INFO >> Filtering out duplicate freq,dm detections at multiple nharms removes 791 detections
Aug 30 17:03:20 INFO >> Duplicate freq,dm filter reduced detections to 7740
Aug 30 17:03:20 INFO >> Number of detections over threshold sigma (6.0): 7740
Aug 30 17:03:20 INFO >> Grouping duplicate frequencies together first
Aug 30 17:03:20 INFO >> Grouping duplicate frequencies removed 7217 detections from the harmonic metric computation
Aug 30 17:03:20 INFO >> Starting freq-DM distance metric computation
Aug 30 17:03:20 INFO >> Finished freq-DM distance metric computation
Aug 30 17:03:21 INFO >> Largest group size for metric computation is 97
Aug 30 17:03:21 INFO >> Starting harmonic distance metric computation
Aug 30 17:03:21 INFO >> Finished harmonic distance metric computation
Aug 30 17:03:21 INFO >> Starting DBSCAN
Aug 30 17:03:21 INFO >> Finished DBSCAN
Aug 30 17:03:21 INFO >> Clusters found: 76
Aug 30 17:03:21 INFO >> Filtered 32 clusters below or equal 2 DM.
Aug 30 17:03:21 INFO >> Total number of candidate clusters=1
Aug 30 17:03:21 INFO >> Candidate Processor of stack (315.95 49.23)
Aug 30 17:03:21 INFO >> Making SinglePointingCandidates from a list of 1 PowerSpectraDetectionClusters
Aug 30 17:03:24 INFO >> saved candidates to ./results//injections/315.95_49.23_cumulative_power_spectra_stack_20220627_11_tpa.yml_(54,)_candidates.npz
Aug 30 17:03:24 INFO >> Injected Pulsars:     1
Aug 30 17:03:24 INFO >> Injection Candidates: 1
Aug 30 17:03:24 INFO >> Recovered Injections: 1
Aug 30 17:03:24 INFO >> 1 candidates.
Aug 30 17:03:24 INFO >> Best candidate: F0: 159.283 DM: 148.96 Sigma: 10.00
Aug 30 17:03:25 INFO >> Unlinked shared memory for cumulative stack.
Aug 30 17:03:25 INFO >> Pipeline execution time: 2.05 minutes
