Aug 30 19:23:12 INFO >> {"message": "Waiting for suitable server to become available", "selector": "Primary()", "operation": "find", "topologyDescription": "<TopologyDescription id: 66d21c2055e3b6dda0e3e51d, topology_type: Unknown, servers: [<ServerDescription ('localhost', 27017) server_type: Unknown, rtt: None>]>", "clientId": {"$oid": "66d21c2055e3b6dda0e3e51d"}, "remainingTimeMS": 29}
Aug 30 19:23:12 INFO >> Features initialized as the following:
Aug 30 19:23:12 INFO >> num_unique_dms
Aug 30 19:23:12 INFO >> num_unique_freqs
Aug 30 19:23:12 INFO >> ndetections
Aug 30 19:23:12 INFO >> nharm
Aug 30 19:23:12 INFO >> log_p_dm
Aug 30 19:23:12 INFO >> ['dm_sigma_FitGaussWidth_gauss_sigma', 'dm_sigma_FitGaussWidth_gauss_sigma_rel_err', 'dm_sigma_FitGaussWidth_ndof', 'dm_sigma_FitGaussWidth_rms_err']
Aug 30 19:23:12 INFO >> ['dm_sigma_FitGauss_amplitude', 'dm_sigma_FitGauss_mu', 'dm_sigma_FitGauss_gauss_sigma', 'dm_sigma_FitGauss_amplitude_rel_err', 'dm_sigma_FitGauss_mu_rel_err', 'dm_sigma_FitGauss_gauss_sigma_rel_err', 'dm_sigma_FitGauss_amplitude-detection', 'dm_sigma_FitGauss_mu-detection', 'dm_sigma_FitGauss_ndof', 'dm_sigma_FitGauss_rms_err']
Aug 30 19:23:12 INFO >> ['freq_sigma_FitGaussWidth_gauss_sigma', 'freq_sigma_FitGaussWidth_gauss_sigma_rel_err', 'freq_sigma_FitGaussWidth_ndof', 'freq_sigma_FitGaussWidth_rms_err']
Aug 30 19:23:12 INFO >> ['freq_sigma_FitGauss_amplitude', 'freq_sigma_FitGauss_mu', 'freq_sigma_FitGauss_gauss_sigma', 'freq_sigma_FitGauss_amplitude_rel_err', 'freq_sigma_FitGauss_mu_rel_err', 'freq_sigma_FitGauss_gauss_sigma_rel_err', 'freq_sigma_FitGauss_amplitude-detection', 'freq_sigma_FitGauss_mu-detection', 'freq_sigma_FitGauss_ndof', 'freq_sigma_FitGauss_rms_err']
Aug 30 19:23:12 INFO >> Performing searching on cumulative stack 315.95 49.23
Aug 30 19:23:12 INFO >> Loading the cumulative power spectra stack to search
Aug 30 19:24:09 INFO >> DM: 147.06907215883032
Aug 30 19:24:09 INFO >> sigma: 8.34551819270638
Aug 30 19:24:09 INFO >> frequency: 97.40950366649587
Aug 30 19:24:09 INFO >> Injecting 5 harmonics.
Aug 30 19:24:09 INFO >> Starting DM: 146.02861747359745
Aug 30 19:24:09 INFO >> Stopping DM: 148.15377406884733
Aug 30 19:24:09 INFO >> Expected detection at 8.83 sigma with 2 harmonics.
Aug 30 19:24:23 INFO >> Start searching 6558 dm trials using 32 harmonics.
Aug 30 19:24:29 INFO >> Moved power spectra to shared memory.
Aug 30 19:24:29 INFO >> Number of dm trials in single multi processing job: 10
Aug 30 19:25:10 INFO >> Total number of detections=15607
Aug 30 19:25:10 INFO >> Clustering the detections
Aug 30 19:25:10 INFO >> Starting clustering
Aug 30 19:25:10 INFO >> Rogue harmonic power filter reduced detections from 15607 to 8537
Aug 30 19:25:10 INFO >> Filtering out duplicate freq,dm detections at multiple nharms removes 794 detections
Aug 30 19:25:10 INFO >> Duplicate freq,dm filter reduced detections to 7743
Aug 30 19:25:10 INFO >> Number of detections over threshold sigma (6.0): 7743
Aug 30 19:25:10 INFO >> Grouping duplicate frequencies together first
Aug 30 19:25:10 INFO >> Grouping duplicate frequencies removed 7220 detections from the harmonic metric computation
Aug 30 19:25:10 INFO >> Starting freq-DM distance metric computation
Aug 30 19:25:10 INFO >> Finished freq-DM distance metric computation
Aug 30 19:25:11 INFO >> Largest group size for metric computation is 102
Aug 30 19:25:11 INFO >> Starting harmonic distance metric computation
Aug 30 19:25:11 INFO >> Finished harmonic distance metric computation
Aug 30 19:25:11 INFO >> Starting DBSCAN
Aug 30 19:25:12 INFO >> Finished DBSCAN
Aug 30 19:25:12 INFO >> Clusters found: 76
Aug 30 19:25:12 INFO >> Filtered 32 clusters below or equal 2 DM.
Aug 30 19:25:12 INFO >> Total number of candidate clusters=1
Aug 30 19:25:12 INFO >> Candidate Processor of stack (315.95 49.23)
Aug 30 19:25:12 INFO >> Making SinglePointingCandidates from a list of 1 PowerSpectraDetectionClusters
Aug 30 19:25:14 INFO >> saved candidates to ./results//injections/315.95_49.23_cumulative_power_spectra_stack_20220627_11_tpa.yml_(122,)_candidates.npz
Aug 30 19:25:14 INFO >> Injected Pulsars:     1
Aug 30 19:25:14 INFO >> Injection Candidates: 1
Aug 30 19:25:14 INFO >> Recovered Injections: 1
Aug 30 19:25:14 INFO >> 1 candidates.
Aug 30 19:25:14 INFO >> Best candidate: F0: 97.410 DM: 147.04 Sigma: 8.64
Aug 30 19:25:15 INFO >> Unlinked shared memory for cumulative stack.
Aug 30 19:25:15 INFO >> Pipeline execution time: 2.06 minutes
