Aug 30 23:23:21 INFO >> {"message": "Waiting for suitable server to become available", "selector": "Primary()", "operation": "find", "topologyDescription": "<TopologyDescription id: 66d25469ee78a7155614418f, topology_type: Unknown, servers: [<ServerDescription ('localhost', 27017) server_type: Unknown, rtt: None>]>", "clientId": {"$oid": "66d25469ee78a7155614418f"}, "remainingTimeMS": 29}
Aug 30 23:23:21 INFO >> Features initialized as the following:
Aug 30 23:23:21 INFO >> num_unique_dms
Aug 30 23:23:21 INFO >> num_unique_freqs
Aug 30 23:23:21 INFO >> ndetections
Aug 30 23:23:21 INFO >> nharm
Aug 30 23:23:21 INFO >> log_p_dm
Aug 30 23:23:21 INFO >> ['dm_sigma_FitGaussWidth_gauss_sigma', 'dm_sigma_FitGaussWidth_gauss_sigma_rel_err', 'dm_sigma_FitGaussWidth_ndof', 'dm_sigma_FitGaussWidth_rms_err']
Aug 30 23:23:21 INFO >> ['dm_sigma_FitGauss_amplitude', 'dm_sigma_FitGauss_mu', 'dm_sigma_FitGauss_gauss_sigma', 'dm_sigma_FitGauss_amplitude_rel_err', 'dm_sigma_FitGauss_mu_rel_err', 'dm_sigma_FitGauss_gauss_sigma_rel_err', 'dm_sigma_FitGauss_amplitude-detection', 'dm_sigma_FitGauss_mu-detection', 'dm_sigma_FitGauss_ndof', 'dm_sigma_FitGauss_rms_err']
Aug 30 23:23:21 INFO >> ['freq_sigma_FitGaussWidth_gauss_sigma', 'freq_sigma_FitGaussWidth_gauss_sigma_rel_err', 'freq_sigma_FitGaussWidth_ndof', 'freq_sigma_FitGaussWidth_rms_err']
Aug 30 23:23:21 INFO >> ['freq_sigma_FitGauss_amplitude', 'freq_sigma_FitGauss_mu', 'freq_sigma_FitGauss_gauss_sigma', 'freq_sigma_FitGauss_amplitude_rel_err', 'freq_sigma_FitGauss_mu_rel_err', 'freq_sigma_FitGauss_gauss_sigma_rel_err', 'freq_sigma_FitGauss_amplitude-detection', 'freq_sigma_FitGauss_mu-detection', 'freq_sigma_FitGauss_ndof', 'freq_sigma_FitGauss_rms_err']
Aug 30 23:23:21 INFO >> Performing searching on cumulative stack 315.95 49.23
Aug 30 23:23:21 INFO >> Loading the cumulative power spectra stack to search
Aug 30 23:24:19 INFO >> DM: 130.12320699141108
Aug 30 23:24:19 INFO >> sigma: 13.858206831832561
Aug 30 23:24:19 INFO >> frequency: 26.674213946556776
Aug 30 23:24:19 INFO >> Injecting 19 harmonics.
Aug 30 23:24:19 INFO >> Starting DM: 126.29502051770591
Aug 30 23:24:19 INFO >> Stopping DM: 133.98606343384824
Aug 30 23:24:19 INFO >> Expected detection at 12.45 sigma with 16 harmonics.
Aug 30 23:24:33 INFO >> Start searching 6558 dm trials using 32 harmonics.
Aug 30 23:24:39 INFO >> Moved power spectra to shared memory.
Aug 30 23:24:39 INFO >> Number of dm trials in single multi processing job: 10
Aug 30 23:25:19 INFO >> Total number of detections=15641
Aug 30 23:25:19 INFO >> Clustering the detections
Aug 30 23:25:19 INFO >> Starting clustering
Aug 30 23:25:19 INFO >> Rogue harmonic power filter reduced detections from 15641 to 8583
Aug 30 23:25:19 INFO >> Filtering out duplicate freq,dm detections at multiple nharms removes 802 detections
Aug 30 23:25:19 INFO >> Duplicate freq,dm filter reduced detections to 7781
Aug 30 23:25:19 INFO >> Number of detections over threshold sigma (6.0): 7781
Aug 30 23:25:19 INFO >> Grouping duplicate frequencies together first
Aug 30 23:25:19 INFO >> Grouping duplicate frequencies removed 7250 detections from the harmonic metric computation
Aug 30 23:25:19 INFO >> Starting freq-DM distance metric computation
Aug 30 23:25:20 INFO >> Finished freq-DM distance metric computation
Aug 30 23:25:20 INFO >> Largest group size for metric computation is 97
Aug 30 23:25:20 INFO >> Starting harmonic distance metric computation
Aug 30 23:25:21 INFO >> Finished harmonic distance metric computation
Aug 30 23:25:21 INFO >> Starting DBSCAN
Aug 30 23:25:21 INFO >> Finished DBSCAN
Aug 30 23:25:21 INFO >> Clusters found: 76
Aug 30 23:25:21 INFO >> Filtered 32 clusters below or equal 2 DM.
Aug 30 23:25:21 INFO >> Total number of candidate clusters=1
Aug 30 23:25:21 INFO >> Candidate Processor of stack (315.95 49.23)
Aug 30 23:25:21 INFO >> Making SinglePointingCandidates from a list of 1 PowerSpectraDetectionClusters
Aug 30 23:25:23 INFO >> saved candidates to ./results//injections/315.95_49.23_cumulative_power_spectra_stack_20220627_11_tpa.yml_(237,)_candidates.npz
Aug 30 23:25:23 INFO >> Injected Pulsars:     1
Aug 30 23:25:23 INFO >> Injection Candidates: 1
Aug 30 23:25:23 INFO >> Recovered Injections: 1
Aug 30 23:25:23 INFO >> 1 candidates.
Aug 30 23:25:23 INFO >> Best candidate: F0: 26.674 DM: 130.14 Sigma: 13.02
Aug 30 23:25:24 INFO >> Unlinked shared memory for cumulative stack.
Aug 30 23:25:24 INFO >> Pipeline execution time: 2.05 minutes
