Aug 30 19:58:43 INFO >> {"message": "Waiting for suitable server to become available", "selector": "Primary()", "operation": "find", "topologyDescription": "<TopologyDescription id: 66d224735b60f818b7a6543f, topology_type: Unknown, servers: [<ServerDescription ('localhost', 27017) server_type: Unknown, rtt: None>]>", "clientId": {"$oid": "66d224735b60f818b7a6543f"}, "remainingTimeMS": 29}
Aug 30 19:58:43 INFO >> Features initialized as the following:
Aug 30 19:58:43 INFO >> num_unique_dms
Aug 30 19:58:43 INFO >> num_unique_freqs
Aug 30 19:58:43 INFO >> ndetections
Aug 30 19:58:43 INFO >> nharm
Aug 30 19:58:43 INFO >> log_p_dm
Aug 30 19:58:43 INFO >> ['dm_sigma_FitGaussWidth_gauss_sigma', 'dm_sigma_FitGaussWidth_gauss_sigma_rel_err', 'dm_sigma_FitGaussWidth_ndof', 'dm_sigma_FitGaussWidth_rms_err']
Aug 30 19:58:43 INFO >> ['dm_sigma_FitGauss_amplitude', 'dm_sigma_FitGauss_mu', 'dm_sigma_FitGauss_gauss_sigma', 'dm_sigma_FitGauss_amplitude_rel_err', 'dm_sigma_FitGauss_mu_rel_err', 'dm_sigma_FitGauss_gauss_sigma_rel_err', 'dm_sigma_FitGauss_amplitude-detection', 'dm_sigma_FitGauss_mu-detection', 'dm_sigma_FitGauss_ndof', 'dm_sigma_FitGauss_rms_err']
Aug 30 19:58:43 INFO >> ['freq_sigma_FitGaussWidth_gauss_sigma', 'freq_sigma_FitGaussWidth_gauss_sigma_rel_err', 'freq_sigma_FitGaussWidth_ndof', 'freq_sigma_FitGaussWidth_rms_err']
Aug 30 19:58:43 INFO >> ['freq_sigma_FitGauss_amplitude', 'freq_sigma_FitGauss_mu', 'freq_sigma_FitGauss_gauss_sigma', 'freq_sigma_FitGauss_amplitude_rel_err', 'freq_sigma_FitGauss_mu_rel_err', 'freq_sigma_FitGauss_gauss_sigma_rel_err', 'freq_sigma_FitGauss_amplitude-detection', 'freq_sigma_FitGauss_mu-detection', 'freq_sigma_FitGauss_ndof', 'freq_sigma_FitGauss_rms_err']
Aug 30 19:58:44 INFO >> Performing searching on cumulative stack 315.95 49.23
Aug 30 19:58:44 INFO >> Loading the cumulative power spectra stack to search
Aug 30 19:59:41 INFO >> DM: 137.798464486982
Aug 30 19:59:41 INFO >> sigma: 15.487117512423472
Aug 30 19:59:41 INFO >> frequency: 57.39849193333665
Aug 30 19:59:41 INFO >> Injecting 8 harmonics.
Aug 30 19:59:41 INFO >> Starting DM: 136.01002209599096
Aug 30 19:59:41 INFO >> Stopping DM: 139.55194975474075
Aug 30 19:59:41 INFO >> Expected detection at 8.71 sigma with 8 harmonics.
Aug 30 19:59:55 INFO >> Start searching 6558 dm trials using 32 harmonics.
Aug 30 20:00:00 INFO >> Moved power spectra to shared memory.
Aug 30 20:00:00 INFO >> Number of dm trials in single multi processing job: 10
Aug 30 20:00:41 INFO >> Total number of detections=15590
Aug 30 20:00:41 INFO >> Clustering the detections
Aug 30 20:00:41 INFO >> Starting clustering
Aug 30 20:00:41 INFO >> Rogue harmonic power filter reduced detections from 15590 to 8532
Aug 30 20:00:41 INFO >> Filtering out duplicate freq,dm detections at multiple nharms removes 789 detections
Aug 30 20:00:41 INFO >> Duplicate freq,dm filter reduced detections to 7743
Aug 30 20:00:41 INFO >> Number of detections over threshold sigma (6.0): 7743
Aug 30 20:00:41 INFO >> Grouping duplicate frequencies together first
Aug 30 20:00:41 INFO >> Grouping duplicate frequencies removed 7220 detections from the harmonic metric computation
Aug 30 20:00:41 INFO >> Starting freq-DM distance metric computation
Aug 30 20:00:41 INFO >> Finished freq-DM distance metric computation
Aug 30 20:00:42 INFO >> Largest group size for metric computation is 97
Aug 30 20:00:42 INFO >> Starting harmonic distance metric computation
Aug 30 20:00:42 INFO >> Finished harmonic distance metric computation
Aug 30 20:00:42 INFO >> Starting DBSCAN
Aug 30 20:00:43 INFO >> Finished DBSCAN
Aug 30 20:00:43 INFO >> Clusters found: 76
Aug 30 20:00:43 INFO >> Filtered 32 clusters below or equal 2 DM.
Aug 30 20:00:43 INFO >> Total number of candidate clusters=1
Aug 30 20:00:43 INFO >> Candidate Processor of stack (315.95 49.23)
Aug 30 20:00:43 INFO >> Making SinglePointingCandidates from a list of 1 PowerSpectraDetectionClusters
Aug 30 20:00:45 INFO >> saved candidates to ./results//injections/315.95_49.23_cumulative_power_spectra_stack_20220627_11_tpa.yml_(139,)_candidates.npz
Aug 30 20:00:45 INFO >> Injected Pulsars:     1
Aug 30 20:00:45 INFO >> Injection Candidates: 1
Aug 30 20:00:45 INFO >> Recovered Injections: 1
Aug 30 20:00:45 INFO >> 1 candidates.
Aug 30 20:00:45 INFO >> Best candidate: F0: 57.398 DM: 137.83 Sigma: 9.34
Aug 30 20:00:46 INFO >> Unlinked shared memory for cumulative stack.
Aug 30 20:00:46 INFO >> Pipeline execution time: 2.05 minutes
