Aug 30 16:21:43 INFO >> {"message": "Waiting for suitable server to become available", "selector": "Primary()", "operation": "find", "topologyDescription": "<TopologyDescription id: 66d1f1973545264796f4b125, topology_type: Unknown, servers: [<ServerDescription ('localhost', 27017) server_type: Unknown, rtt: None>]>", "clientId": {"$oid": "66d1f1973545264796f4b125"}, "remainingTimeMS": 29}
Aug 30 16:21:43 INFO >> Features initialized as the following:
Aug 30 16:21:43 INFO >> num_unique_dms
Aug 30 16:21:43 INFO >> num_unique_freqs
Aug 30 16:21:43 INFO >> ndetections
Aug 30 16:21:43 INFO >> nharm
Aug 30 16:21:43 INFO >> log_p_dm
Aug 30 16:21:43 INFO >> ['dm_sigma_FitGaussWidth_gauss_sigma', 'dm_sigma_FitGaussWidth_gauss_sigma_rel_err', 'dm_sigma_FitGaussWidth_ndof', 'dm_sigma_FitGaussWidth_rms_err']
Aug 30 16:21:43 INFO >> ['dm_sigma_FitGauss_amplitude', 'dm_sigma_FitGauss_mu', 'dm_sigma_FitGauss_gauss_sigma', 'dm_sigma_FitGauss_amplitude_rel_err', 'dm_sigma_FitGauss_mu_rel_err', 'dm_sigma_FitGauss_gauss_sigma_rel_err', 'dm_sigma_FitGauss_amplitude-detection', 'dm_sigma_FitGauss_mu-detection', 'dm_sigma_FitGauss_ndof', 'dm_sigma_FitGauss_rms_err']
Aug 30 16:21:43 INFO >> ['freq_sigma_FitGaussWidth_gauss_sigma', 'freq_sigma_FitGaussWidth_gauss_sigma_rel_err', 'freq_sigma_FitGaussWidth_ndof', 'freq_sigma_FitGaussWidth_rms_err']
Aug 30 16:21:43 INFO >> ['freq_sigma_FitGauss_amplitude', 'freq_sigma_FitGauss_mu', 'freq_sigma_FitGauss_gauss_sigma', 'freq_sigma_FitGauss_amplitude_rel_err', 'freq_sigma_FitGauss_mu_rel_err', 'freq_sigma_FitGauss_gauss_sigma_rel_err', 'freq_sigma_FitGauss_amplitude-detection', 'freq_sigma_FitGauss_mu-detection', 'freq_sigma_FitGauss_ndof', 'freq_sigma_FitGauss_rms_err']
Aug 30 16:21:43 INFO >> Performing searching on cumulative stack 315.95 49.23
Aug 30 16:21:43 INFO >> Loading the cumulative power spectra stack to search
Aug 30 16:22:41 INFO >> DM: 81.90748068811016
Aug 30 16:22:41 INFO >> sigma: 14.035955340858802
Aug 30 16:22:41 INFO >> frequency: 121.27759163745452
Aug 30 16:22:41 INFO >> Injecting 4 harmonics.
Aug 30 16:22:41 INFO >> Starting DM: 81.05954441881606
Aug 30 16:22:41 INFO >> Stopping DM: 82.77990928163737
Aug 30 16:22:41 INFO >> Expected detection at 6.72 sigma with 4 harmonics.
Aug 30 16:22:55 INFO >> Start searching 6558 dm trials using 32 harmonics.
Aug 30 16:23:01 INFO >> Moved power spectra to shared memory.
Aug 30 16:23:01 INFO >> Number of dm trials in single multi processing job: 10
Aug 30 16:23:41 INFO >> Total number of detections=15579
Aug 30 16:23:41 INFO >> Clustering the detections
Aug 30 16:23:41 INFO >> Starting clustering
Aug 30 16:23:41 INFO >> Rogue harmonic power filter reduced detections from 15579 to 8521
Aug 30 16:23:41 INFO >> Filtering out duplicate freq,dm detections at multiple nharms removes 787 detections
Aug 30 16:23:41 INFO >> Duplicate freq,dm filter reduced detections to 7734
Aug 30 16:23:41 INFO >> Number of detections over threshold sigma (6.0): 7734
Aug 30 16:23:41 INFO >> Grouping duplicate frequencies together first
Aug 30 16:23:41 INFO >> Grouping duplicate frequencies removed 7215 detections from the harmonic metric computation
Aug 30 16:23:41 INFO >> Starting freq-DM distance metric computation
Aug 30 16:23:41 INFO >> Finished freq-DM distance metric computation
Aug 30 16:23:42 INFO >> Largest group size for metric computation is 97
Aug 30 16:23:42 INFO >> Starting harmonic distance metric computation
Aug 30 16:23:42 INFO >> Finished harmonic distance metric computation
Aug 30 16:23:42 INFO >> Starting DBSCAN
Aug 30 16:23:43 INFO >> Finished DBSCAN
Aug 30 16:23:43 INFO >> Clusters found: 75
Aug 30 16:23:43 INFO >> Filtered 32 clusters below or equal 2 DM.
Aug 30 16:23:43 INFO >> Total number of candidate clusters=0
Aug 30 16:23:43 INFO >> Candidate Processor of stack (315.95 49.23)
Aug 30 16:23:43 INFO >> Making SinglePointingCandidates from a list of 0 PowerSpectraDetectionClusters
Aug 30 16:23:45 INFO >> saved candidates to ./results//injections/315.95_49.23_cumulative_power_spectra_stack_20220627_11_tpa.yml_(35,)_candidates.npz
Aug 30 16:23:45 INFO >> Injected Pulsars:     1
Aug 30 16:23:45 INFO >> Injection Candidates: 0
Aug 30 16:23:45 INFO >> Recovered Injections: 0
Aug 30 16:23:45 INFO >> 0 candidates.
Aug 30 16:23:46 INFO >> Unlinked shared memory for cumulative stack.
Aug 30 16:23:46 INFO >> Pipeline execution time: 2.05 minutes
