Aug 30 18:58:10 INFO >> {"message": "Waiting for suitable server to become available", "selector": "Primary()", "operation": "find", "topologyDescription": "<TopologyDescription id: 66d21642a3819c1b8c960c91, topology_type: Unknown, servers: [<ServerDescription ('localhost', 27017) server_type: Unknown, rtt: None>]>", "clientId": {"$oid": "66d21642a3819c1b8c960c91"}, "remainingTimeMS": 29}
Aug 30 18:58:11 INFO >> Features initialized as the following:
Aug 30 18:58:11 INFO >> num_unique_dms
Aug 30 18:58:11 INFO >> num_unique_freqs
Aug 30 18:58:11 INFO >> ndetections
Aug 30 18:58:11 INFO >> nharm
Aug 30 18:58:11 INFO >> log_p_dm
Aug 30 18:58:11 INFO >> ['dm_sigma_FitGaussWidth_gauss_sigma', 'dm_sigma_FitGaussWidth_gauss_sigma_rel_err', 'dm_sigma_FitGaussWidth_ndof', 'dm_sigma_FitGaussWidth_rms_err']
Aug 30 18:58:11 INFO >> ['dm_sigma_FitGauss_amplitude', 'dm_sigma_FitGauss_mu', 'dm_sigma_FitGauss_gauss_sigma', 'dm_sigma_FitGauss_amplitude_rel_err', 'dm_sigma_FitGauss_mu_rel_err', 'dm_sigma_FitGauss_gauss_sigma_rel_err', 'dm_sigma_FitGauss_amplitude-detection', 'dm_sigma_FitGauss_mu-detection', 'dm_sigma_FitGauss_ndof', 'dm_sigma_FitGauss_rms_err']
Aug 30 18:58:11 INFO >> ['freq_sigma_FitGaussWidth_gauss_sigma', 'freq_sigma_FitGaussWidth_gauss_sigma_rel_err', 'freq_sigma_FitGaussWidth_ndof', 'freq_sigma_FitGaussWidth_rms_err']
Aug 30 18:58:11 INFO >> ['freq_sigma_FitGauss_amplitude', 'freq_sigma_FitGauss_mu', 'freq_sigma_FitGauss_gauss_sigma', 'freq_sigma_FitGauss_amplitude_rel_err', 'freq_sigma_FitGauss_mu_rel_err', 'freq_sigma_FitGauss_gauss_sigma_rel_err', 'freq_sigma_FitGauss_amplitude-detection', 'freq_sigma_FitGauss_mu-detection', 'freq_sigma_FitGauss_ndof', 'freq_sigma_FitGauss_rms_err']
Aug 30 18:58:11 INFO >> Performing searching on cumulative stack 315.95 49.23
Aug 30 18:58:11 INFO >> Loading the cumulative power spectra stack to search
Aug 30 18:59:07 INFO >> DM: 176.4799439347341
Aug 30 18:59:07 INFO >> sigma: 15.762173674196465
Aug 30 18:59:07 INFO >> frequency: 51.03217424924165
Aug 30 18:59:07 INFO >> Injecting 9 harmonics.
Aug 30 18:59:07 INFO >> Starting DM: 174.46523667670274
Aug 30 18:59:07 INFO >> Stopping DM: 178.51315400098818
Aug 30 18:59:07 INFO >> Expected detection at 13.13 sigma with 2 harmonics.
Aug 30 18:59:21 INFO >> Start searching 6558 dm trials using 32 harmonics.
Aug 30 18:59:27 INFO >> Moved power spectra to shared memory.
Aug 30 18:59:27 INFO >> Number of dm trials in single multi processing job: 10
Aug 30 19:00:08 INFO >> Total number of detections=15747
Aug 30 19:00:08 INFO >> Clustering the detections
Aug 30 19:00:08 INFO >> Starting clustering
Aug 30 19:00:08 INFO >> Rogue harmonic power filter reduced detections from 15747 to 8666
Aug 30 19:00:08 INFO >> Filtering out duplicate freq,dm detections at multiple nharms removes 829 detections
Aug 30 19:00:08 INFO >> Duplicate freq,dm filter reduced detections to 7837
Aug 30 19:00:08 INFO >> Number of detections over threshold sigma (6.0): 7837
Aug 30 19:00:08 INFO >> Grouping duplicate frequencies together first
Aug 30 19:00:08 INFO >> Grouping duplicate frequencies removed 7296 detections from the harmonic metric computation
Aug 30 19:00:08 INFO >> Starting freq-DM distance metric computation
Aug 30 19:00:08 INFO >> Finished freq-DM distance metric computation
Aug 30 19:00:08 INFO >> Largest group size for metric computation is 97
Aug 30 19:00:08 INFO >> Starting harmonic distance metric computation
Aug 30 19:00:09 INFO >> Finished harmonic distance metric computation
Aug 30 19:00:09 INFO >> Starting DBSCAN
Aug 30 19:00:09 INFO >> Finished DBSCAN
Aug 30 19:00:09 INFO >> Clusters found: 76
Aug 30 19:00:09 INFO >> Filtered 32 clusters below or equal 2 DM.
Aug 30 19:00:09 INFO >> Total number of candidate clusters=1
Aug 30 19:00:09 INFO >> Candidate Processor of stack (315.95 49.23)
Aug 30 19:00:09 INFO >> Making SinglePointingCandidates from a list of 1 PowerSpectraDetectionClusters
Aug 30 19:00:12 INFO >> saved candidates to ./results//injections/315.95_49.23_cumulative_power_spectra_stack_20220627_11_tpa.yml_(110,)_candidates.npz
Aug 30 19:00:12 INFO >> Injected Pulsars:     1
Aug 30 19:00:12 INFO >> Injection Candidates: 1
Aug 30 19:00:12 INFO >> Recovered Injections: 1
Aug 30 19:00:12 INFO >> 1 candidates.
Aug 30 19:00:12 INFO >> Best candidate: F0: 51.032 DM: 176.49 Sigma: 12.77
Aug 30 19:00:13 INFO >> Unlinked shared memory for cumulative stack.
Aug 30 19:00:13 INFO >> Pipeline execution time: 2.04 minutes
