Aug 30 21:47:21 INFO >> {"message": "Waiting for suitable server to become available", "selector": "Primary()", "operation": "find", "topologyDescription": "<TopologyDescription id: 66d23de923dc524d8199471d, topology_type: Unknown, servers: [<ServerDescription ('localhost', 27017) server_type: Unknown, rtt: None>]>", "clientId": {"$oid": "66d23de923dc524d8199471d"}, "remainingTimeMS": 29}
Aug 30 21:47:21 INFO >> Features initialized as the following:
Aug 30 21:47:21 INFO >> num_unique_dms
Aug 30 21:47:21 INFO >> num_unique_freqs
Aug 30 21:47:21 INFO >> ndetections
Aug 30 21:47:21 INFO >> nharm
Aug 30 21:47:21 INFO >> log_p_dm
Aug 30 21:47:21 INFO >> ['dm_sigma_FitGaussWidth_gauss_sigma', 'dm_sigma_FitGaussWidth_gauss_sigma_rel_err', 'dm_sigma_FitGaussWidth_ndof', 'dm_sigma_FitGaussWidth_rms_err']
Aug 30 21:47:21 INFO >> ['dm_sigma_FitGauss_amplitude', 'dm_sigma_FitGauss_mu', 'dm_sigma_FitGauss_gauss_sigma', 'dm_sigma_FitGauss_amplitude_rel_err', 'dm_sigma_FitGauss_mu_rel_err', 'dm_sigma_FitGauss_gauss_sigma_rel_err', 'dm_sigma_FitGauss_amplitude-detection', 'dm_sigma_FitGauss_mu-detection', 'dm_sigma_FitGauss_ndof', 'dm_sigma_FitGauss_rms_err']
Aug 30 21:47:21 INFO >> ['freq_sigma_FitGaussWidth_gauss_sigma', 'freq_sigma_FitGaussWidth_gauss_sigma_rel_err', 'freq_sigma_FitGaussWidth_ndof', 'freq_sigma_FitGaussWidth_rms_err']
Aug 30 21:47:21 INFO >> ['freq_sigma_FitGauss_amplitude', 'freq_sigma_FitGauss_mu', 'freq_sigma_FitGauss_gauss_sigma', 'freq_sigma_FitGauss_amplitude_rel_err', 'freq_sigma_FitGauss_mu_rel_err', 'freq_sigma_FitGauss_gauss_sigma_rel_err', 'freq_sigma_FitGauss_amplitude-detection', 'freq_sigma_FitGauss_mu-detection', 'freq_sigma_FitGauss_ndof', 'freq_sigma_FitGauss_rms_err']
Aug 30 21:47:21 INFO >> Performing searching on cumulative stack 315.95 49.23
Aug 30 21:47:21 INFO >> Loading the cumulative power spectra stack to search
Aug 30 21:48:18 INFO >> DM: 119.61002316670488
Aug 30 21:48:18 INFO >> sigma: 6.931676599637135
Aug 30 21:48:18 INFO >> frequency: 150.4836673565316
Aug 30 21:48:18 INFO >> Injecting 3 harmonics.
Aug 30 21:48:18 INFO >> Starting DM: 118.90757140088498
Aug 30 21:48:18 INFO >> Stopping DM: 120.32434246438488
Aug 30 21:48:18 INFO >> Expected detection at 2.89 sigma with 2 harmonics.
Aug 30 21:48:32 INFO >> Start searching 6558 dm trials using 32 harmonics.
Aug 30 21:48:38 INFO >> Moved power spectra to shared memory.
Aug 30 21:48:38 INFO >> Number of dm trials in single multi processing job: 10
Aug 30 21:49:19 INFO >> Total number of detections=15577
Aug 30 21:49:19 INFO >> Clustering the detections
Aug 30 21:49:19 INFO >> Starting clustering
Aug 30 21:49:19 INFO >> Rogue harmonic power filter reduced detections from 15577 to 8519
Aug 30 21:49:19 INFO >> Filtering out duplicate freq,dm detections at multiple nharms removes 787 detections
Aug 30 21:49:19 INFO >> Duplicate freq,dm filter reduced detections to 7732
Aug 30 21:49:19 INFO >> Number of detections over threshold sigma (6.0): 7732
Aug 30 21:49:19 INFO >> Grouping duplicate frequencies together first
Aug 30 21:49:19 INFO >> Grouping duplicate frequencies removed 7214 detections from the harmonic metric computation
Aug 30 21:49:19 INFO >> Starting freq-DM distance metric computation
Aug 30 21:49:20 INFO >> Finished freq-DM distance metric computation
Aug 30 21:49:20 INFO >> Largest group size for metric computation is 97
Aug 30 21:49:20 INFO >> Starting harmonic distance metric computation
Aug 30 21:49:20 INFO >> Finished harmonic distance metric computation
Aug 30 21:49:20 INFO >> Starting DBSCAN
Aug 30 21:49:21 INFO >> Finished DBSCAN
Aug 30 21:49:21 INFO >> Clusters found: 75
Aug 30 21:49:21 INFO >> Filtered 32 clusters below or equal 2 DM.
Aug 30 21:49:21 INFO >> Total number of candidate clusters=0
Aug 30 21:49:21 INFO >> Candidate Processor of stack (315.95 49.23)
Aug 30 21:49:21 INFO >> Making SinglePointingCandidates from a list of 0 PowerSpectraDetectionClusters
Aug 30 21:49:23 INFO >> saved candidates to ./results//injections/315.95_49.23_cumulative_power_spectra_stack_20220627_11_tpa.yml_(191,)_candidates.npz
Aug 30 21:49:23 INFO >> Injected Pulsars:     1
Aug 30 21:49:23 INFO >> Injection Candidates: 0
Aug 30 21:49:23 INFO >> Recovered Injections: 0
Aug 30 21:49:23 INFO >> 0 candidates.
Aug 30 21:49:24 INFO >> Unlinked shared memory for cumulative stack.
Aug 30 21:49:24 INFO >> Pipeline execution time: 2.05 minutes
