Aug 30 22:54:13 INFO >> {"message": "Waiting for suitable server to become available", "selector": "Primary()", "operation": "find", "topologyDescription": "<TopologyDescription id: 66d24d9571ca5b7e6fcfe186, topology_type: Unknown, servers: [<ServerDescription ('localhost', 27017) server_type: Unknown, rtt: None>]>", "clientId": {"$oid": "66d24d9571ca5b7e6fcfe186"}, "remainingTimeMS": 29}
Aug 30 22:54:13 INFO >> Features initialized as the following:
Aug 30 22:54:13 INFO >> num_unique_dms
Aug 30 22:54:13 INFO >> num_unique_freqs
Aug 30 22:54:13 INFO >> ndetections
Aug 30 22:54:13 INFO >> nharm
Aug 30 22:54:13 INFO >> log_p_dm
Aug 30 22:54:13 INFO >> ['dm_sigma_FitGaussWidth_gauss_sigma', 'dm_sigma_FitGaussWidth_gauss_sigma_rel_err', 'dm_sigma_FitGaussWidth_ndof', 'dm_sigma_FitGaussWidth_rms_err']
Aug 30 22:54:13 INFO >> ['dm_sigma_FitGauss_amplitude', 'dm_sigma_FitGauss_mu', 'dm_sigma_FitGauss_gauss_sigma', 'dm_sigma_FitGauss_amplitude_rel_err', 'dm_sigma_FitGauss_mu_rel_err', 'dm_sigma_FitGauss_gauss_sigma_rel_err', 'dm_sigma_FitGauss_amplitude-detection', 'dm_sigma_FitGauss_mu-detection', 'dm_sigma_FitGauss_ndof', 'dm_sigma_FitGauss_rms_err']
Aug 30 22:54:13 INFO >> ['freq_sigma_FitGaussWidth_gauss_sigma', 'freq_sigma_FitGaussWidth_gauss_sigma_rel_err', 'freq_sigma_FitGaussWidth_ndof', 'freq_sigma_FitGaussWidth_rms_err']
Aug 30 22:54:13 INFO >> ['freq_sigma_FitGauss_amplitude', 'freq_sigma_FitGauss_mu', 'freq_sigma_FitGauss_gauss_sigma', 'freq_sigma_FitGauss_amplitude_rel_err', 'freq_sigma_FitGauss_mu_rel_err', 'freq_sigma_FitGauss_gauss_sigma_rel_err', 'freq_sigma_FitGauss_amplitude-detection', 'freq_sigma_FitGauss_mu-detection', 'freq_sigma_FitGauss_ndof', 'freq_sigma_FitGauss_rms_err']
Aug 30 22:54:13 INFO >> Performing searching on cumulative stack 315.95 49.23
Aug 30 22:54:13 INFO >> Loading the cumulative power spectra stack to search
Aug 30 22:55:10 INFO >> DM: 106.51977678592911
Aug 30 22:55:10 INFO >> sigma: 10.76125725900372
Aug 30 22:55:10 INFO >> frequency: 193.74008584232314
Aug 30 22:55:10 INFO >> Injecting 2 harmonics.
Aug 30 22:55:10 INFO >> Starting DM: 105.95423596317157
Aug 30 22:55:10 INFO >> Stopping DM: 107.06741322735004
Aug 30 22:55:10 INFO >> Expected detection at 4.94 sigma with 2 harmonics.
Aug 30 22:55:24 INFO >> Start searching 6558 dm trials using 32 harmonics.
Aug 30 22:55:30 INFO >> Moved power spectra to shared memory.
Aug 30 22:55:30 INFO >> Number of dm trials in single multi processing job: 10
Aug 30 22:56:10 INFO >> Total number of detections=15577
Aug 30 22:56:10 INFO >> Clustering the detections
Aug 30 22:56:10 INFO >> Starting clustering
Aug 30 22:56:10 INFO >> Rogue harmonic power filter reduced detections from 15577 to 8519
Aug 30 22:56:10 INFO >> Filtering out duplicate freq,dm detections at multiple nharms removes 787 detections
Aug 30 22:56:10 INFO >> Duplicate freq,dm filter reduced detections to 7732
Aug 30 22:56:10 INFO >> Number of detections over threshold sigma (6.0): 7732
Aug 30 22:56:10 INFO >> Grouping duplicate frequencies together first
Aug 30 22:56:10 INFO >> Grouping duplicate frequencies removed 7214 detections from the harmonic metric computation
Aug 30 22:56:10 INFO >> Starting freq-DM distance metric computation
Aug 30 22:56:11 INFO >> Finished freq-DM distance metric computation
Aug 30 22:56:11 INFO >> Largest group size for metric computation is 97
Aug 30 22:56:11 INFO >> Starting harmonic distance metric computation
Aug 30 22:56:12 INFO >> Finished harmonic distance metric computation
Aug 30 22:56:12 INFO >> Starting DBSCAN
Aug 30 22:56:12 INFO >> Finished DBSCAN
Aug 30 22:56:12 INFO >> Clusters found: 75
Aug 30 22:56:12 INFO >> Filtered 32 clusters below or equal 2 DM.
Aug 30 22:56:12 INFO >> Total number of candidate clusters=0
Aug 30 22:56:12 INFO >> Candidate Processor of stack (315.95 49.23)
Aug 30 22:56:12 INFO >> Making SinglePointingCandidates from a list of 0 PowerSpectraDetectionClusters
Aug 30 22:56:14 INFO >> saved candidates to ./results//injections/315.95_49.23_cumulative_power_spectra_stack_20220627_11_tpa.yml_(223,)_candidates.npz
Aug 30 22:56:14 INFO >> Injected Pulsars:     1
Aug 30 22:56:14 INFO >> Injection Candidates: 0
Aug 30 22:56:14 INFO >> Recovered Injections: 0
Aug 30 22:56:14 INFO >> 0 candidates.
Aug 30 22:56:15 INFO >> Unlinked shared memory for cumulative stack.
Aug 30 22:56:15 INFO >> Pipeline execution time: 2.04 minutes
