Aug 30 19:00:15 INFO >> {"message": "Waiting for suitable server to become available", "selector": "Primary()", "operation": "find", "topologyDescription": "<TopologyDescription id: 66d216bfe2e4964cf1906938, topology_type: Unknown, servers: [<ServerDescription ('localhost', 27017) server_type: Unknown, rtt: None>]>", "clientId": {"$oid": "66d216bfe2e4964cf1906938"}, "remainingTimeMS": 29}
Aug 30 19:00:15 INFO >> Features initialized as the following:
Aug 30 19:00:15 INFO >> num_unique_dms
Aug 30 19:00:15 INFO >> num_unique_freqs
Aug 30 19:00:15 INFO >> ndetections
Aug 30 19:00:15 INFO >> nharm
Aug 30 19:00:15 INFO >> log_p_dm
Aug 30 19:00:15 INFO >> ['dm_sigma_FitGaussWidth_gauss_sigma', 'dm_sigma_FitGaussWidth_gauss_sigma_rel_err', 'dm_sigma_FitGaussWidth_ndof', 'dm_sigma_FitGaussWidth_rms_err']
Aug 30 19:00:15 INFO >> ['dm_sigma_FitGauss_amplitude', 'dm_sigma_FitGauss_mu', 'dm_sigma_FitGauss_gauss_sigma', 'dm_sigma_FitGauss_amplitude_rel_err', 'dm_sigma_FitGauss_mu_rel_err', 'dm_sigma_FitGauss_gauss_sigma_rel_err', 'dm_sigma_FitGauss_amplitude-detection', 'dm_sigma_FitGauss_mu-detection', 'dm_sigma_FitGauss_ndof', 'dm_sigma_FitGauss_rms_err']
Aug 30 19:00:15 INFO >> ['freq_sigma_FitGaussWidth_gauss_sigma', 'freq_sigma_FitGaussWidth_gauss_sigma_rel_err', 'freq_sigma_FitGaussWidth_ndof', 'freq_sigma_FitGaussWidth_rms_err']
Aug 30 19:00:15 INFO >> ['freq_sigma_FitGauss_amplitude', 'freq_sigma_FitGauss_mu', 'freq_sigma_FitGauss_gauss_sigma', 'freq_sigma_FitGauss_amplitude_rel_err', 'freq_sigma_FitGauss_mu_rel_err', 'freq_sigma_FitGauss_gauss_sigma_rel_err', 'freq_sigma_FitGauss_amplitude-detection', 'freq_sigma_FitGauss_mu-detection', 'freq_sigma_FitGauss_ndof', 'freq_sigma_FitGauss_rms_err']
Aug 30 19:00:16 INFO >> Performing searching on cumulative stack 315.95 49.23
Aug 30 19:00:16 INFO >> Loading the cumulative power spectra stack to search
Aug 30 19:01:13 INFO >> DM: 117.56312292613077
Aug 30 19:01:13 INFO >> sigma: 7.651392257964887
Aug 30 19:01:13 INFO >> frequency: 126.39684711274593
Aug 30 19:01:13 INFO >> Injecting 4 harmonics.
Aug 30 19:01:13 INFO >> Starting DM: 116.7824148056351
Aug 30 19:01:13 INFO >> Stopping DM: 118.4015817353493
Aug 30 19:01:13 INFO >> Expected detection at 4.00 sigma with 4 harmonics.
Aug 30 19:01:27 INFO >> Start searching 6558 dm trials using 32 harmonics.
Aug 30 19:01:32 INFO >> Moved power spectra to shared memory.
Aug 30 19:01:32 INFO >> Number of dm trials in single multi processing job: 10
Aug 30 19:02:13 INFO >> Total number of detections=15577
Aug 30 19:02:13 INFO >> Clustering the detections
Aug 30 19:02:13 INFO >> Starting clustering
Aug 30 19:02:13 INFO >> Rogue harmonic power filter reduced detections from 15577 to 8519
Aug 30 19:02:13 INFO >> Filtering out duplicate freq,dm detections at multiple nharms removes 787 detections
Aug 30 19:02:13 INFO >> Duplicate freq,dm filter reduced detections to 7732
Aug 30 19:02:13 INFO >> Number of detections over threshold sigma (6.0): 7732
Aug 30 19:02:13 INFO >> Grouping duplicate frequencies together first
Aug 30 19:02:13 INFO >> Grouping duplicate frequencies removed 7214 detections from the harmonic metric computation
Aug 30 19:02:13 INFO >> Starting freq-DM distance metric computation
Aug 30 19:02:13 INFO >> Finished freq-DM distance metric computation
Aug 30 19:02:13 INFO >> Largest group size for metric computation is 97
Aug 30 19:02:13 INFO >> Starting harmonic distance metric computation
Aug 30 19:02:14 INFO >> Finished harmonic distance metric computation
Aug 30 19:02:14 INFO >> Starting DBSCAN
Aug 30 19:02:14 INFO >> Finished DBSCAN
Aug 30 19:02:14 INFO >> Clusters found: 75
Aug 30 19:02:14 INFO >> Filtered 32 clusters below or equal 2 DM.
Aug 30 19:02:14 INFO >> Total number of candidate clusters=0
Aug 30 19:02:14 INFO >> Candidate Processor of stack (315.95 49.23)
Aug 30 19:02:14 INFO >> Making SinglePointingCandidates from a list of 0 PowerSpectraDetectionClusters
Aug 30 19:02:16 INFO >> saved candidates to ./results//injections/315.95_49.23_cumulative_power_spectra_stack_20220627_11_tpa.yml_(111,)_candidates.npz
Aug 30 19:02:16 INFO >> Injected Pulsars:     1
Aug 30 19:02:16 INFO >> Injection Candidates: 0
Aug 30 19:02:16 INFO >> Recovered Injections: 0
Aug 30 19:02:16 INFO >> 0 candidates.
Aug 30 19:02:17 INFO >> Unlinked shared memory for cumulative stack.
Aug 30 19:02:17 INFO >> Pipeline execution time: 2.04 minutes
