Aug 30 23:42:09 INFO >> {"message": "Waiting for suitable server to become available", "selector": "Primary()", "operation": "find", "topologyDescription": "<TopologyDescription id: 66d258d1ebcdf7eb332e9400, topology_type: Unknown, servers: [<ServerDescription ('localhost', 27017) server_type: Unknown, rtt: None>]>", "clientId": {"$oid": "66d258d1ebcdf7eb332e9400"}, "remainingTimeMS": 29}
Aug 30 23:42:09 INFO >> Features initialized as the following:
Aug 30 23:42:09 INFO >> num_unique_dms
Aug 30 23:42:09 INFO >> num_unique_freqs
Aug 30 23:42:09 INFO >> ndetections
Aug 30 23:42:09 INFO >> nharm
Aug 30 23:42:09 INFO >> log_p_dm
Aug 30 23:42:09 INFO >> ['dm_sigma_FitGaussWidth_gauss_sigma', 'dm_sigma_FitGaussWidth_gauss_sigma_rel_err', 'dm_sigma_FitGaussWidth_ndof', 'dm_sigma_FitGaussWidth_rms_err']
Aug 30 23:42:09 INFO >> ['dm_sigma_FitGauss_amplitude', 'dm_sigma_FitGauss_mu', 'dm_sigma_FitGauss_gauss_sigma', 'dm_sigma_FitGauss_amplitude_rel_err', 'dm_sigma_FitGauss_mu_rel_err', 'dm_sigma_FitGauss_gauss_sigma_rel_err', 'dm_sigma_FitGauss_amplitude-detection', 'dm_sigma_FitGauss_mu-detection', 'dm_sigma_FitGauss_ndof', 'dm_sigma_FitGauss_rms_err']
Aug 30 23:42:09 INFO >> ['freq_sigma_FitGaussWidth_gauss_sigma', 'freq_sigma_FitGaussWidth_gauss_sigma_rel_err', 'freq_sigma_FitGaussWidth_ndof', 'freq_sigma_FitGaussWidth_rms_err']
Aug 30 23:42:09 INFO >> ['freq_sigma_FitGauss_amplitude', 'freq_sigma_FitGauss_mu', 'freq_sigma_FitGauss_gauss_sigma', 'freq_sigma_FitGauss_amplitude_rel_err', 'freq_sigma_FitGauss_mu_rel_err', 'freq_sigma_FitGauss_gauss_sigma_rel_err', 'freq_sigma_FitGauss_amplitude-detection', 'freq_sigma_FitGauss_mu-detection', 'freq_sigma_FitGauss_ndof', 'freq_sigma_FitGauss_rms_err']
Aug 30 23:42:09 INFO >> Performing searching on cumulative stack 315.95 49.23
Aug 30 23:42:09 INFO >> Loading the cumulative power spectra stack to search
Aug 30 23:43:06 INFO >> DM: 76.08525876089772
Aug 30 23:43:06 INFO >> sigma: 16.678066297843625
Aug 30 23:43:06 INFO >> frequency: 117.25914016870423
Aug 30 23:43:06 INFO >> Injecting 4 harmonics.
Aug 30 23:43:06 INFO >> Starting DM: 75.19006429860217
Aug 30 23:43:06 INFO >> Stopping DM: 77.01162709453061
Aug 30 23:43:06 INFO >> Expected detection at 11.02 sigma with 4 harmonics.
Aug 30 23:43:20 INFO >> Start searching 6558 dm trials using 32 harmonics.
Aug 30 23:43:26 INFO >> Moved power spectra to shared memory.
Aug 30 23:43:26 INFO >> Number of dm trials in single multi processing job: 10
Aug 30 23:44:07 INFO >> Total number of detections=15589
Aug 30 23:44:07 INFO >> Clustering the detections
Aug 30 23:44:07 INFO >> Starting clustering
Aug 30 23:44:07 INFO >> Rogue harmonic power filter reduced detections from 15589 to 8531
Aug 30 23:44:07 INFO >> Filtering out duplicate freq,dm detections at multiple nharms removes 788 detections
Aug 30 23:44:07 INFO >> Duplicate freq,dm filter reduced detections to 7743
Aug 30 23:44:07 INFO >> Number of detections over threshold sigma (6.0): 7743
Aug 30 23:44:07 INFO >> Grouping duplicate frequencies together first
Aug 30 23:44:07 INFO >> Grouping duplicate frequencies removed 7218 detections from the harmonic metric computation
Aug 30 23:44:07 INFO >> Starting freq-DM distance metric computation
Aug 30 23:44:07 INFO >> Finished freq-DM distance metric computation
Aug 30 23:44:08 INFO >> Largest group size for metric computation is 97
Aug 30 23:44:08 INFO >> Starting harmonic distance metric computation
Aug 30 23:44:08 INFO >> Finished harmonic distance metric computation
Aug 30 23:44:08 INFO >> Starting DBSCAN
Aug 30 23:44:09 INFO >> Finished DBSCAN
Aug 30 23:44:09 INFO >> Clusters found: 76
Aug 30 23:44:09 INFO >> Filtered 32 clusters below or equal 2 DM.
Aug 30 23:44:09 INFO >> Total number of candidate clusters=1
Aug 30 23:44:09 INFO >> Candidate Processor of stack (315.95 49.23)
Aug 30 23:44:09 INFO >> Making SinglePointingCandidates from a list of 1 PowerSpectraDetectionClusters
Aug 30 23:44:11 INFO >> saved candidates to ./results//injections/315.95_49.23_cumulative_power_spectra_stack_20220627_11_tpa.yml_(246,)_candidates.npz
Aug 30 23:44:11 INFO >> Injected Pulsars:     1
Aug 30 23:44:11 INFO >> Injection Candidates: 1
Aug 30 23:44:11 INFO >> Recovered Injections: 1
Aug 30 23:44:11 INFO >> 1 candidates.
Aug 30 23:44:11 INFO >> Best candidate: F0: 117.259 DM: 76.10 Sigma: 10.44
Aug 30 23:44:12 INFO >> Unlinked shared memory for cumulative stack.
Aug 30 23:44:12 INFO >> Pipeline execution time: 2.05 minutes
