Aug 30 22:58:23 INFO >> {"message": "Waiting for suitable server to become available", "selector": "Primary()", "operation": "find", "topologyDescription": "<TopologyDescription id: 66d24e8ffb488c8c78fecbcb, topology_type: Unknown, servers: [<ServerDescription ('localhost', 27017) server_type: Unknown, rtt: None>]>", "clientId": {"$oid": "66d24e8ffb488c8c78fecbcb"}, "remainingTimeMS": 29}
Aug 30 22:58:23 INFO >> Features initialized as the following:
Aug 30 22:58:23 INFO >> num_unique_dms
Aug 30 22:58:23 INFO >> num_unique_freqs
Aug 30 22:58:23 INFO >> ndetections
Aug 30 22:58:23 INFO >> nharm
Aug 30 22:58:23 INFO >> log_p_dm
Aug 30 22:58:23 INFO >> ['dm_sigma_FitGaussWidth_gauss_sigma', 'dm_sigma_FitGaussWidth_gauss_sigma_rel_err', 'dm_sigma_FitGaussWidth_ndof', 'dm_sigma_FitGaussWidth_rms_err']
Aug 30 22:58:23 INFO >> ['dm_sigma_FitGauss_amplitude', 'dm_sigma_FitGauss_mu', 'dm_sigma_FitGauss_gauss_sigma', 'dm_sigma_FitGauss_amplitude_rel_err', 'dm_sigma_FitGauss_mu_rel_err', 'dm_sigma_FitGauss_gauss_sigma_rel_err', 'dm_sigma_FitGauss_amplitude-detection', 'dm_sigma_FitGauss_mu-detection', 'dm_sigma_FitGauss_ndof', 'dm_sigma_FitGauss_rms_err']
Aug 30 22:58:23 INFO >> ['freq_sigma_FitGaussWidth_gauss_sigma', 'freq_sigma_FitGaussWidth_gauss_sigma_rel_err', 'freq_sigma_FitGaussWidth_ndof', 'freq_sigma_FitGaussWidth_rms_err']
Aug 30 22:58:23 INFO >> ['freq_sigma_FitGauss_amplitude', 'freq_sigma_FitGauss_mu', 'freq_sigma_FitGauss_gauss_sigma', 'freq_sigma_FitGauss_amplitude_rel_err', 'freq_sigma_FitGauss_mu_rel_err', 'freq_sigma_FitGauss_gauss_sigma_rel_err', 'freq_sigma_FitGauss_amplitude-detection', 'freq_sigma_FitGauss_mu-detection', 'freq_sigma_FitGauss_ndof', 'freq_sigma_FitGauss_rms_err']
Aug 30 22:58:23 INFO >> Performing searching on cumulative stack 315.95 49.23
Aug 30 22:58:23 INFO >> Loading the cumulative power spectra stack to search
Aug 30 22:59:20 INFO >> DM: 84.90539308982719
Aug 30 22:59:20 INFO >> sigma: 6.960033082099742
Aug 30 22:59:20 INFO >> frequency: 52.98399007420887
Aug 30 22:59:20 INFO >> Injecting 9 harmonics.
Aug 30 22:59:20 INFO >> Starting DM: 82.98230514785165
Aug 30 22:59:20 INFO >> Stopping DM: 86.82782660592282
Aug 30 22:59:20 INFO >> Expected detection at 4.63 sigma with 8 harmonics.
Aug 30 22:59:34 INFO >> Start searching 6558 dm trials using 32 harmonics.
Aug 30 22:59:40 INFO >> Moved power spectra to shared memory.
Aug 30 22:59:40 INFO >> Number of dm trials in single multi processing job: 10
Aug 30 23:00:20 INFO >> Total number of detections=15577
Aug 30 23:00:20 INFO >> Clustering the detections
Aug 30 23:00:20 INFO >> Starting clustering
Aug 30 23:00:20 INFO >> Rogue harmonic power filter reduced detections from 15577 to 8519
Aug 30 23:00:20 INFO >> Filtering out duplicate freq,dm detections at multiple nharms removes 787 detections
Aug 30 23:00:20 INFO >> Duplicate freq,dm filter reduced detections to 7732
Aug 30 23:00:20 INFO >> Number of detections over threshold sigma (6.0): 7732
Aug 30 23:00:20 INFO >> Grouping duplicate frequencies together first
Aug 30 23:00:20 INFO >> Grouping duplicate frequencies removed 7214 detections from the harmonic metric computation
Aug 30 23:00:20 INFO >> Starting freq-DM distance metric computation
Aug 30 23:00:21 INFO >> Finished freq-DM distance metric computation
Aug 30 23:00:21 INFO >> Largest group size for metric computation is 97
Aug 30 23:00:21 INFO >> Starting harmonic distance metric computation
Aug 30 23:00:22 INFO >> Finished harmonic distance metric computation
Aug 30 23:00:22 INFO >> Starting DBSCAN
Aug 30 23:00:22 INFO >> Finished DBSCAN
Aug 30 23:00:22 INFO >> Clusters found: 75
Aug 30 23:00:22 INFO >> Filtered 32 clusters below or equal 2 DM.
Aug 30 23:00:22 INFO >> Total number of candidate clusters=0
Aug 30 23:00:22 INFO >> Candidate Processor of stack (315.95 49.23)
Aug 30 23:00:22 INFO >> Making SinglePointingCandidates from a list of 0 PowerSpectraDetectionClusters
Aug 30 23:00:24 INFO >> saved candidates to ./results//injections/315.95_49.23_cumulative_power_spectra_stack_20220627_11_tpa.yml_(225,)_candidates.npz
Aug 30 23:00:24 INFO >> Injected Pulsars:     1
Aug 30 23:00:24 INFO >> Injection Candidates: 0
Aug 30 23:00:24 INFO >> Recovered Injections: 0
Aug 30 23:00:24 INFO >> 0 candidates.
Aug 30 23:00:25 INFO >> Unlinked shared memory for cumulative stack.
Aug 30 23:00:25 INFO >> Pipeline execution time: 2.04 minutes
