Aug 30 20:59:13 INFO >> {"message": "Waiting for suitable server to become available", "selector": "Primary()", "operation": "find", "topologyDescription": "<TopologyDescription id: 66d232a1a2f98c668c7abb10, topology_type: Unknown, servers: [<ServerDescription ('localhost', 27017) server_type: Unknown, rtt: None>]>", "clientId": {"$oid": "66d232a1a2f98c668c7abb10"}, "remainingTimeMS": 29}
Aug 30 20:59:13 INFO >> Features initialized as the following:
Aug 30 20:59:13 INFO >> num_unique_dms
Aug 30 20:59:13 INFO >> num_unique_freqs
Aug 30 20:59:13 INFO >> ndetections
Aug 30 20:59:13 INFO >> nharm
Aug 30 20:59:13 INFO >> log_p_dm
Aug 30 20:59:13 INFO >> ['dm_sigma_FitGaussWidth_gauss_sigma', 'dm_sigma_FitGaussWidth_gauss_sigma_rel_err', 'dm_sigma_FitGaussWidth_ndof', 'dm_sigma_FitGaussWidth_rms_err']
Aug 30 20:59:13 INFO >> ['dm_sigma_FitGauss_amplitude', 'dm_sigma_FitGauss_mu', 'dm_sigma_FitGauss_gauss_sigma', 'dm_sigma_FitGauss_amplitude_rel_err', 'dm_sigma_FitGauss_mu_rel_err', 'dm_sigma_FitGauss_gauss_sigma_rel_err', 'dm_sigma_FitGauss_amplitude-detection', 'dm_sigma_FitGauss_mu-detection', 'dm_sigma_FitGauss_ndof', 'dm_sigma_FitGauss_rms_err']
Aug 30 20:59:13 INFO >> ['freq_sigma_FitGaussWidth_gauss_sigma', 'freq_sigma_FitGaussWidth_gauss_sigma_rel_err', 'freq_sigma_FitGaussWidth_ndof', 'freq_sigma_FitGaussWidth_rms_err']
Aug 30 20:59:13 INFO >> ['freq_sigma_FitGauss_amplitude', 'freq_sigma_FitGauss_mu', 'freq_sigma_FitGauss_gauss_sigma', 'freq_sigma_FitGauss_amplitude_rel_err', 'freq_sigma_FitGauss_mu_rel_err', 'freq_sigma_FitGauss_gauss_sigma_rel_err', 'freq_sigma_FitGauss_amplitude-detection', 'freq_sigma_FitGauss_mu-detection', 'freq_sigma_FitGauss_ndof', 'freq_sigma_FitGauss_rms_err']
Aug 30 20:59:13 INFO >> Performing searching on cumulative stack 315.95 49.23
Aug 30 20:59:13 INFO >> Loading the cumulative power spectra stack to search
Aug 30 21:00:10 INFO >> DM: 72.91695877043628
Aug 30 21:00:10 INFO >> sigma: 16.18618728470384
Aug 30 21:00:10 INFO >> frequency: 68.1516759942624
Aug 30 21:00:10 INFO >> Injecting 7 harmonics.
Aug 30 21:00:10 INFO >> Starting DM: 71.44574077363812
Aug 30 21:00:10 INFO >> Stopping DM: 74.38048083374507
Aug 30 21:00:10 INFO >> Expected detection at 13.10 sigma with 2 harmonics.
Aug 30 21:00:24 INFO >> Start searching 6558 dm trials using 32 harmonics.
Aug 30 21:00:30 INFO >> Moved power spectra to shared memory.
Aug 30 21:00:30 INFO >> Number of dm trials in single multi processing job: 10
Aug 30 21:01:11 INFO >> Total number of detections=15730
Aug 30 21:01:11 INFO >> Clustering the detections
Aug 30 21:01:11 INFO >> Starting clustering
Aug 30 21:01:11 INFO >> Rogue harmonic power filter reduced detections from 15730 to 8569
Aug 30 21:01:11 INFO >> Filtering out duplicate freq,dm detections at multiple nharms removes 801 detections
Aug 30 21:01:11 INFO >> Duplicate freq,dm filter reduced detections to 7768
Aug 30 21:01:11 INFO >> Number of detections over threshold sigma (6.0): 7768
Aug 30 21:01:11 INFO >> Grouping duplicate frequencies together first
Aug 30 21:01:11 INFO >> Grouping duplicate frequencies removed 7240 detections from the harmonic metric computation
Aug 30 21:01:11 INFO >> Starting freq-DM distance metric computation
Aug 30 21:01:11 INFO >> Finished freq-DM distance metric computation
Aug 30 21:01:11 INFO >> Largest group size for metric computation is 97
Aug 30 21:01:11 INFO >> Starting harmonic distance metric computation
Aug 30 21:01:12 INFO >> Finished harmonic distance metric computation
Aug 30 21:01:12 INFO >> Starting DBSCAN
Aug 30 21:01:12 INFO >> Finished DBSCAN
Aug 30 21:01:12 INFO >> Clusters found: 76
Aug 30 21:01:12 INFO >> Filtered 32 clusters below or equal 2 DM.
Aug 30 21:01:12 INFO >> Total number of candidate clusters=1
Aug 30 21:01:12 INFO >> Candidate Processor of stack (315.95 49.23)
Aug 30 21:01:12 INFO >> Making SinglePointingCandidates from a list of 1 PowerSpectraDetectionClusters
Aug 30 21:01:14 INFO >> saved candidates to ./results//injections/315.95_49.23_cumulative_power_spectra_stack_20220627_11_tpa.yml_(168,)_candidates.npz
Aug 30 21:01:14 INFO >> Injected Pulsars:     1
Aug 30 21:01:14 INFO >> Injection Candidates: 1
Aug 30 21:01:14 INFO >> Recovered Injections: 1
Aug 30 21:01:14 INFO >> 1 candidates.
Aug 30 21:01:14 INFO >> Best candidate: F0: 68.151 DM: 72.96 Sigma: 13.41
Aug 30 21:01:16 INFO >> Unlinked shared memory for cumulative stack.
Aug 30 21:01:16 INFO >> Pipeline execution time: 2.05 minutes
