Aug 30 16:09:13 INFO >> {"message": "Waiting for suitable server to become available", "selector": "Primary()", "operation": "find", "topologyDescription": "<TopologyDescription id: 66d1eea9d407ae57a6fc774c, topology_type: Unknown, servers: [<ServerDescription ('localhost', 27017) server_type: Unknown, rtt: None>]>", "clientId": {"$oid": "66d1eea9d407ae57a6fc774c"}, "remainingTimeMS": 29}
Aug 30 16:09:13 INFO >> Features initialized as the following:
Aug 30 16:09:13 INFO >> num_unique_dms
Aug 30 16:09:13 INFO >> num_unique_freqs
Aug 30 16:09:13 INFO >> ndetections
Aug 30 16:09:13 INFO >> nharm
Aug 30 16:09:13 INFO >> log_p_dm
Aug 30 16:09:13 INFO >> ['dm_sigma_FitGaussWidth_gauss_sigma', 'dm_sigma_FitGaussWidth_gauss_sigma_rel_err', 'dm_sigma_FitGaussWidth_ndof', 'dm_sigma_FitGaussWidth_rms_err']
Aug 30 16:09:13 INFO >> ['dm_sigma_FitGauss_amplitude', 'dm_sigma_FitGauss_mu', 'dm_sigma_FitGauss_gauss_sigma', 'dm_sigma_FitGauss_amplitude_rel_err', 'dm_sigma_FitGauss_mu_rel_err', 'dm_sigma_FitGauss_gauss_sigma_rel_err', 'dm_sigma_FitGauss_amplitude-detection', 'dm_sigma_FitGauss_mu-detection', 'dm_sigma_FitGauss_ndof', 'dm_sigma_FitGauss_rms_err']
Aug 30 16:09:13 INFO >> ['freq_sigma_FitGaussWidth_gauss_sigma', 'freq_sigma_FitGaussWidth_gauss_sigma_rel_err', 'freq_sigma_FitGaussWidth_ndof', 'freq_sigma_FitGaussWidth_rms_err']
Aug 30 16:09:13 INFO >> ['freq_sigma_FitGauss_amplitude', 'freq_sigma_FitGauss_mu', 'freq_sigma_FitGauss_gauss_sigma', 'freq_sigma_FitGauss_amplitude_rel_err', 'freq_sigma_FitGauss_mu_rel_err', 'freq_sigma_FitGauss_gauss_sigma_rel_err', 'freq_sigma_FitGauss_amplitude-detection', 'freq_sigma_FitGauss_mu-detection', 'freq_sigma_FitGauss_ndof', 'freq_sigma_FitGauss_rms_err']
Aug 30 16:09:13 INFO >> Performing searching on cumulative stack 315.95 49.23
Aug 30 16:09:13 INFO >> Loading the cumulative power spectra stack to search
Aug 30 16:10:11 INFO >> DM: 77.52271335334748
Aug 30 16:10:11 INFO >> sigma: 12.942788704743176
Aug 30 16:10:11 INFO >> frequency: 102.40175046129221
Aug 30 16:10:11 INFO >> Injecting 4 harmonics.
Aug 30 16:10:11 INFO >> Starting DM: 76.50563742899493
Aug 30 16:10:11 INFO >> Stopping DM: 78.52959609113765
Aug 30 16:10:11 INFO >> Expected detection at 13.07 sigma with 4 harmonics.
Aug 30 16:10:25 INFO >> Start searching 6558 dm trials using 32 harmonics.
Aug 30 16:10:31 INFO >> Moved power spectra to shared memory.
Aug 30 16:10:31 INFO >> Number of dm trials in single multi processing job: 10
Aug 30 16:11:12 INFO >> Total number of detections=15613
Aug 30 16:11:12 INFO >> Clustering the detections
Aug 30 16:11:12 INFO >> Starting clustering
Aug 30 16:11:12 INFO >> Rogue harmonic power filter reduced detections from 15613 to 8553
Aug 30 16:11:12 INFO >> Filtering out duplicate freq,dm detections at multiple nharms removes 801 detections
Aug 30 16:11:12 INFO >> Duplicate freq,dm filter reduced detections to 7752
Aug 30 16:11:12 INFO >> Number of detections over threshold sigma (6.0): 7752
Aug 30 16:11:12 INFO >> Grouping duplicate frequencies together first
Aug 30 16:11:12 INFO >> Grouping duplicate frequencies removed 7222 detections from the harmonic metric computation
Aug 30 16:11:12 INFO >> Starting freq-DM distance metric computation
Aug 30 16:11:12 INFO >> Finished freq-DM distance metric computation
Aug 30 16:11:12 INFO >> Largest group size for metric computation is 97
Aug 30 16:11:12 INFO >> Starting harmonic distance metric computation
Aug 30 16:11:13 INFO >> Finished harmonic distance metric computation
Aug 30 16:11:13 INFO >> Starting DBSCAN
Aug 30 16:11:13 INFO >> Finished DBSCAN
Aug 30 16:11:13 INFO >> Clusters found: 76
Aug 30 16:11:13 INFO >> Filtered 32 clusters below or equal 2 DM.
Aug 30 16:11:13 INFO >> Total number of candidate clusters=1
Aug 30 16:11:13 INFO >> Candidate Processor of stack (315.95 49.23)
Aug 30 16:11:13 INFO >> Making SinglePointingCandidates from a list of 1 PowerSpectraDetectionClusters
Aug 30 16:11:15 INFO >> saved candidates to ./results//injections/315.95_49.23_cumulative_power_spectra_stack_20220627_11_tpa.yml_(29,)_candidates.npz
Aug 30 16:11:15 INFO >> Injected Pulsars:     1
Aug 30 16:11:15 INFO >> Injection Candidates: 1
Aug 30 16:11:15 INFO >> Recovered Injections: 1
Aug 30 16:11:15 INFO >> 1 candidates.
Aug 30 16:11:15 INFO >> Best candidate: F0: 102.402 DM: 77.52 Sigma: 12.75
Aug 30 16:11:17 INFO >> Unlinked shared memory for cumulative stack.
Aug 30 16:11:17 INFO >> Pipeline execution time: 2.06 minutes
