Aug 30 19:50:23 INFO >> {"message": "Waiting for suitable server to become available", "selector": "Primary()", "operation": "find", "topologyDescription": "<TopologyDescription id: 66d2227fb7ad777a3dedda0a, topology_type: Unknown, servers: [<ServerDescription ('localhost', 27017) server_type: Unknown, rtt: None>]>", "clientId": {"$oid": "66d2227fb7ad777a3dedda0a"}, "remainingTimeMS": 29}
Aug 30 19:50:23 INFO >> Features initialized as the following:
Aug 30 19:50:23 INFO >> num_unique_dms
Aug 30 19:50:23 INFO >> num_unique_freqs
Aug 30 19:50:23 INFO >> ndetections
Aug 30 19:50:23 INFO >> nharm
Aug 30 19:50:23 INFO >> log_p_dm
Aug 30 19:50:23 INFO >> ['dm_sigma_FitGaussWidth_gauss_sigma', 'dm_sigma_FitGaussWidth_gauss_sigma_rel_err', 'dm_sigma_FitGaussWidth_ndof', 'dm_sigma_FitGaussWidth_rms_err']
Aug 30 19:50:23 INFO >> ['dm_sigma_FitGauss_amplitude', 'dm_sigma_FitGauss_mu', 'dm_sigma_FitGauss_gauss_sigma', 'dm_sigma_FitGauss_amplitude_rel_err', 'dm_sigma_FitGauss_mu_rel_err', 'dm_sigma_FitGauss_gauss_sigma_rel_err', 'dm_sigma_FitGauss_amplitude-detection', 'dm_sigma_FitGauss_mu-detection', 'dm_sigma_FitGauss_ndof', 'dm_sigma_FitGauss_rms_err']
Aug 30 19:50:23 INFO >> ['freq_sigma_FitGaussWidth_gauss_sigma', 'freq_sigma_FitGaussWidth_gauss_sigma_rel_err', 'freq_sigma_FitGaussWidth_ndof', 'freq_sigma_FitGaussWidth_rms_err']
Aug 30 19:50:23 INFO >> ['freq_sigma_FitGauss_amplitude', 'freq_sigma_FitGauss_mu', 'freq_sigma_FitGauss_gauss_sigma', 'freq_sigma_FitGauss_amplitude_rel_err', 'freq_sigma_FitGauss_mu_rel_err', 'freq_sigma_FitGauss_gauss_sigma_rel_err', 'freq_sigma_FitGauss_amplitude-detection', 'freq_sigma_FitGauss_mu-detection', 'freq_sigma_FitGauss_ndof', 'freq_sigma_FitGauss_rms_err']
Aug 30 19:50:24 INFO >> Performing searching on cumulative stack 315.95 49.23
Aug 30 19:50:24 INFO >> Loading the cumulative power spectra stack to search
Aug 30 19:51:21 INFO >> DM: 80.99871261754924
Aug 30 19:51:21 INFO >> sigma: 11.530603899972093
Aug 30 19:51:21 INFO >> frequency: 18.192897634939676
Aug 30 19:51:21 INFO >> Injecting 27 harmonics.
Aug 30 19:51:21 INFO >> Starting DM: 75.2912622317093
Aug 30 19:51:21 INFO >> Stopping DM: 86.62543073970855
Aug 30 19:51:21 INFO >> Expected detection at 10.61 sigma with 8 harmonics.
Aug 30 19:51:35 INFO >> Start searching 6558 dm trials using 32 harmonics.
Aug 30 19:51:41 INFO >> Moved power spectra to shared memory.
Aug 30 19:51:41 INFO >> Number of dm trials in single multi processing job: 10
Aug 30 19:52:22 INFO >> Total number of detections=15649
Aug 30 19:52:22 INFO >> Clustering the detections
Aug 30 19:52:22 INFO >> Starting clustering
Aug 30 19:52:22 INFO >> Rogue harmonic power filter reduced detections from 15649 to 8591
Aug 30 19:52:22 INFO >> Filtering out duplicate freq,dm detections at multiple nharms removes 806 detections
Aug 30 19:52:22 INFO >> Duplicate freq,dm filter reduced detections to 7785
Aug 30 19:52:22 INFO >> Number of detections over threshold sigma (6.0): 7785
Aug 30 19:52:22 INFO >> Grouping duplicate frequencies together first
Aug 30 19:52:22 INFO >> Grouping duplicate frequencies removed 7254 detections from the harmonic metric computation
Aug 30 19:52:22 INFO >> Starting freq-DM distance metric computation
Aug 30 19:52:22 INFO >> Finished freq-DM distance metric computation
Aug 30 19:52:22 INFO >> Largest group size for metric computation is 97
Aug 30 19:52:22 INFO >> Starting harmonic distance metric computation
Aug 30 19:52:23 INFO >> Finished harmonic distance metric computation
Aug 30 19:52:23 INFO >> Starting DBSCAN
Aug 30 19:52:23 INFO >> Finished DBSCAN
Aug 30 19:52:23 INFO >> Clusters found: 77
Aug 30 19:52:23 INFO >> Filtered 32 clusters below or equal 2 DM.
Aug 30 19:52:23 INFO >> Total number of candidate clusters=2
Aug 30 19:52:23 INFO >> Candidate Processor of stack (315.95 49.23)
Aug 30 19:52:23 INFO >> Making SinglePointingCandidates from a list of 2 PowerSpectraDetectionClusters
Aug 30 19:52:26 INFO >> saved candidates to ./results//injections/315.95_49.23_cumulative_power_spectra_stack_20220627_11_tpa.yml_(135,)_candidates.npz
Aug 30 19:52:26 INFO >> Injected Pulsars:     1
Aug 30 19:52:26 INFO >> Injection Candidates: 2
Aug 30 19:52:26 INFO >> Recovered Injections: 1
Aug 30 19:52:26 INFO >> 2 candidates.
Aug 30 19:52:26 INFO >> Best candidate: F0: 18.193 DM: 81.06 Sigma: 9.80
Aug 30 19:52:27 INFO >> Unlinked shared memory for cumulative stack.
Aug 30 19:52:27 INFO >> Pipeline execution time: 2.06 minutes
