Aug 30 15:56:45 INFO >> {"message": "Waiting for suitable server to become available", "selector": "Primary()", "operation": "find", "topologyDescription": "<TopologyDescription id: 66d1ebbdf431294ab57c116a, topology_type: Unknown, servers: [<ServerDescription ('localhost', 27017) server_type: Unknown, rtt: None>]>", "clientId": {"$oid": "66d1ebbdf431294ab57c116a"}, "remainingTimeMS": 29}
Aug 30 15:56:45 INFO >> Features initialized as the following:
Aug 30 15:56:45 INFO >> num_unique_dms
Aug 30 15:56:45 INFO >> num_unique_freqs
Aug 30 15:56:45 INFO >> ndetections
Aug 30 15:56:45 INFO >> nharm
Aug 30 15:56:45 INFO >> log_p_dm
Aug 30 15:56:45 INFO >> ['dm_sigma_FitGaussWidth_gauss_sigma', 'dm_sigma_FitGaussWidth_gauss_sigma_rel_err', 'dm_sigma_FitGaussWidth_ndof', 'dm_sigma_FitGaussWidth_rms_err']
Aug 30 15:56:45 INFO >> ['dm_sigma_FitGauss_amplitude', 'dm_sigma_FitGauss_mu', 'dm_sigma_FitGauss_gauss_sigma', 'dm_sigma_FitGauss_amplitude_rel_err', 'dm_sigma_FitGauss_mu_rel_err', 'dm_sigma_FitGauss_gauss_sigma_rel_err', 'dm_sigma_FitGauss_amplitude-detection', 'dm_sigma_FitGauss_mu-detection', 'dm_sigma_FitGauss_ndof', 'dm_sigma_FitGauss_rms_err']
Aug 30 15:56:45 INFO >> ['freq_sigma_FitGaussWidth_gauss_sigma', 'freq_sigma_FitGaussWidth_gauss_sigma_rel_err', 'freq_sigma_FitGaussWidth_ndof', 'freq_sigma_FitGaussWidth_rms_err']
Aug 30 15:56:45 INFO >> ['freq_sigma_FitGauss_amplitude', 'freq_sigma_FitGauss_mu', 'freq_sigma_FitGauss_gauss_sigma', 'freq_sigma_FitGauss_amplitude_rel_err', 'freq_sigma_FitGauss_mu_rel_err', 'freq_sigma_FitGauss_gauss_sigma_rel_err', 'freq_sigma_FitGauss_amplitude-detection', 'freq_sigma_FitGauss_mu-detection', 'freq_sigma_FitGauss_ndof', 'freq_sigma_FitGauss_rms_err']
Aug 30 15:56:45 INFO >> Performing searching on cumulative stack 315.95 49.23
Aug 30 15:56:45 INFO >> Loading the cumulative power spectra stack to search
Aug 30 15:57:41 INFO >> DM: 7.694910881714523
Aug 30 15:57:41 INFO >> sigma: 16.727886614969314
Aug 30 15:57:41 INFO >> frequency: 37.69034888244941
Aug 30 15:57:41 INFO >> Injecting 13 harmonics.
Aug 30 15:57:41 INFO >> Starting DM: 4.958698722249672
Aug 30 15:57:41 INFO >> Stopping DM: 10.423387110035025
Aug 30 15:57:41 INFO >> Expected detection at 15.05 sigma with 8 harmonics.
Aug 30 15:57:56 INFO >> Start searching 6558 dm trials using 32 harmonics.
Aug 30 15:58:01 INFO >> Moved power spectra to shared memory.
Aug 30 15:58:01 INFO >> Number of dm trials in single multi processing job: 10
Aug 30 15:58:42 INFO >> Total number of detections=15753
Aug 30 15:58:42 INFO >> Clustering the detections
Aug 30 15:58:42 INFO >> Starting clustering
Aug 30 15:58:42 INFO >> Rogue harmonic power filter reduced detections from 15753 to 8686
Aug 30 15:58:42 INFO >> Filtering out duplicate freq,dm detections at multiple nharms removes 847 detections
Aug 30 15:58:42 INFO >> Duplicate freq,dm filter reduced detections to 7839
Aug 30 15:58:42 INFO >> Number of detections over threshold sigma (6.0): 7839
Aug 30 15:58:42 INFO >> Grouping duplicate frequencies together first
Aug 30 15:58:42 INFO >> Grouping duplicate frequencies removed 7289 detections from the harmonic metric computation
Aug 30 15:58:42 INFO >> Starting freq-DM distance metric computation
Aug 30 15:58:42 INFO >> Finished freq-DM distance metric computation
Aug 30 15:58:43 INFO >> Largest group size for metric computation is 97
Aug 30 15:58:43 INFO >> Starting harmonic distance metric computation
Aug 30 15:58:43 INFO >> Finished harmonic distance metric computation
Aug 30 15:58:43 INFO >> Starting DBSCAN
Aug 30 15:58:44 INFO >> Finished DBSCAN
Aug 30 15:58:44 INFO >> Clusters found: 76
Aug 30 15:58:44 INFO >> Filtered 32 clusters below or equal 2 DM.
Aug 30 15:58:44 INFO >> Total number of candidate clusters=1
Aug 30 15:58:44 INFO >> Candidate Processor of stack (315.95 49.23)
Aug 30 15:58:44 INFO >> Making SinglePointingCandidates from a list of 1 PowerSpectraDetectionClusters
Aug 30 15:58:46 INFO >> saved candidates to ./results//injections/315.95_49.23_cumulative_power_spectra_stack_20220627_11_tpa.yml_(23,)_candidates.npz
Aug 30 15:58:46 INFO >> Injected Pulsars:     1
Aug 30 15:58:46 INFO >> Injection Candidates: 1
Aug 30 15:58:46 INFO >> Recovered Injections: 1
Aug 30 15:58:46 INFO >> 1 candidates.
Aug 30 15:58:46 INFO >> Best candidate: F0: 37.690 DM: 7.69 Sigma: 15.00
Aug 30 15:58:47 INFO >> Unlinked shared memory for cumulative stack.
Aug 30 15:58:47 INFO >> Pipeline execution time: 2.04 minutes
