Aug 30 21:13:52 INFO >> {"message": "Waiting for suitable server to become available", "selector": "Primary()", "operation": "find", "topologyDescription": "<TopologyDescription id: 66d236101fea9ae66b7c6e64, topology_type: Unknown, servers: [<ServerDescription ('localhost', 27017) server_type: Unknown, rtt: None>]>", "clientId": {"$oid": "66d236101fea9ae66b7c6e64"}, "remainingTimeMS": 29}
Aug 30 21:13:52 INFO >> Features initialized as the following:
Aug 30 21:13:52 INFO >> num_unique_dms
Aug 30 21:13:52 INFO >> num_unique_freqs
Aug 30 21:13:52 INFO >> ndetections
Aug 30 21:13:52 INFO >> nharm
Aug 30 21:13:52 INFO >> log_p_dm
Aug 30 21:13:52 INFO >> ['dm_sigma_FitGaussWidth_gauss_sigma', 'dm_sigma_FitGaussWidth_gauss_sigma_rel_err', 'dm_sigma_FitGaussWidth_ndof', 'dm_sigma_FitGaussWidth_rms_err']
Aug 30 21:13:52 INFO >> ['dm_sigma_FitGauss_amplitude', 'dm_sigma_FitGauss_mu', 'dm_sigma_FitGauss_gauss_sigma', 'dm_sigma_FitGauss_amplitude_rel_err', 'dm_sigma_FitGauss_mu_rel_err', 'dm_sigma_FitGauss_gauss_sigma_rel_err', 'dm_sigma_FitGauss_amplitude-detection', 'dm_sigma_FitGauss_mu-detection', 'dm_sigma_FitGauss_ndof', 'dm_sigma_FitGauss_rms_err']
Aug 30 21:13:52 INFO >> ['freq_sigma_FitGaussWidth_gauss_sigma', 'freq_sigma_FitGaussWidth_gauss_sigma_rel_err', 'freq_sigma_FitGaussWidth_ndof', 'freq_sigma_FitGaussWidth_rms_err']
Aug 30 21:13:52 INFO >> ['freq_sigma_FitGauss_amplitude', 'freq_sigma_FitGauss_mu', 'freq_sigma_FitGauss_gauss_sigma', 'freq_sigma_FitGauss_amplitude_rel_err', 'freq_sigma_FitGauss_mu_rel_err', 'freq_sigma_FitGauss_gauss_sigma_rel_err', 'freq_sigma_FitGauss_amplitude-detection', 'freq_sigma_FitGauss_mu-detection', 'freq_sigma_FitGauss_ndof', 'freq_sigma_FitGauss_rms_err']
Aug 30 21:13:52 INFO >> Performing searching on cumulative stack 315.95 49.23
Aug 30 21:13:52 INFO >> Loading the cumulative power spectra stack to search
Aug 30 21:14:50 INFO >> DM: 97.11749164539107
Aug 30 21:14:50 INFO >> sigma: 15.080039521120709
Aug 30 21:14:50 INFO >> frequency: 197.88457795085893
Aug 30 21:14:50 INFO >> Injecting 2 harmonics.
Aug 30 21:14:50 INFO >> Starting DM: 96.64402611731502
Aug 30 21:14:50 INFO >> Stopping DM: 97.65600544838638
Aug 30 21:14:50 INFO >> Expected detection at 5.98 sigma with 2 harmonics.
Aug 30 21:15:04 INFO >> Start searching 6558 dm trials using 32 harmonics.
Aug 30 21:15:10 INFO >> Moved power spectra to shared memory.
Aug 30 21:15:10 INFO >> Number of dm trials in single multi processing job: 10
Aug 30 21:15:50 INFO >> Total number of detections=15578
Aug 30 21:15:50 INFO >> Clustering the detections
Aug 30 21:15:50 INFO >> Starting clustering
Aug 30 21:15:50 INFO >> Rogue harmonic power filter reduced detections from 15578 to 8520
Aug 30 21:15:50 INFO >> Filtering out duplicate freq,dm detections at multiple nharms removes 787 detections
Aug 30 21:15:50 INFO >> Duplicate freq,dm filter reduced detections to 7733
Aug 30 21:15:50 INFO >> Number of detections over threshold sigma (6.0): 7733
Aug 30 21:15:50 INFO >> Grouping duplicate frequencies together first
Aug 30 21:15:50 INFO >> Grouping duplicate frequencies removed 7214 detections from the harmonic metric computation
Aug 30 21:15:50 INFO >> Starting freq-DM distance metric computation
Aug 30 21:15:51 INFO >> Finished freq-DM distance metric computation
Aug 30 21:15:51 INFO >> Largest group size for metric computation is 97
Aug 30 21:15:51 INFO >> Starting harmonic distance metric computation
Aug 30 21:15:52 INFO >> Finished harmonic distance metric computation
Aug 30 21:15:52 INFO >> Starting DBSCAN
Aug 30 21:15:52 INFO >> Finished DBSCAN
Aug 30 21:15:52 INFO >> Clusters found: 75
Aug 30 21:15:52 INFO >> Filtered 32 clusters below or equal 2 DM.
Aug 30 21:15:52 INFO >> Total number of candidate clusters=0
Aug 30 21:15:52 INFO >> Candidate Processor of stack (315.95 49.23)
Aug 30 21:15:52 INFO >> Making SinglePointingCandidates from a list of 0 PowerSpectraDetectionClusters
Aug 30 21:15:54 INFO >> saved candidates to ./results//injections/315.95_49.23_cumulative_power_spectra_stack_20220627_11_tpa.yml_(175,)_candidates.npz
Aug 30 21:15:54 INFO >> Injected Pulsars:     1
Aug 30 21:15:54 INFO >> Injection Candidates: 0
Aug 30 21:15:54 INFO >> Recovered Injections: 0
Aug 30 21:15:54 INFO >> 0 candidates.
Aug 30 21:15:55 INFO >> Unlinked shared memory for cumulative stack.
Aug 30 21:15:55 INFO >> Pipeline execution time: 2.06 minutes
