Aug 30 20:27:55 INFO >> {"message": "Waiting for suitable server to become available", "selector": "Primary()", "operation": "find", "topologyDescription": "<TopologyDescription id: 66d22b4b7228219521a16a36, topology_type: Unknown, servers: [<ServerDescription ('localhost', 27017) server_type: Unknown, rtt: None>]>", "clientId": {"$oid": "66d22b4b7228219521a16a36"}, "remainingTimeMS": 29}
Aug 30 20:27:55 INFO >> Features initialized as the following:
Aug 30 20:27:55 INFO >> num_unique_dms
Aug 30 20:27:55 INFO >> num_unique_freqs
Aug 30 20:27:55 INFO >> ndetections
Aug 30 20:27:55 INFO >> nharm
Aug 30 20:27:55 INFO >> log_p_dm
Aug 30 20:27:55 INFO >> ['dm_sigma_FitGaussWidth_gauss_sigma', 'dm_sigma_FitGaussWidth_gauss_sigma_rel_err', 'dm_sigma_FitGaussWidth_ndof', 'dm_sigma_FitGaussWidth_rms_err']
Aug 30 20:27:55 INFO >> ['dm_sigma_FitGauss_amplitude', 'dm_sigma_FitGauss_mu', 'dm_sigma_FitGauss_gauss_sigma', 'dm_sigma_FitGauss_amplitude_rel_err', 'dm_sigma_FitGauss_mu_rel_err', 'dm_sigma_FitGauss_gauss_sigma_rel_err', 'dm_sigma_FitGauss_amplitude-detection', 'dm_sigma_FitGauss_mu-detection', 'dm_sigma_FitGauss_ndof', 'dm_sigma_FitGauss_rms_err']
Aug 30 20:27:55 INFO >> ['freq_sigma_FitGaussWidth_gauss_sigma', 'freq_sigma_FitGaussWidth_gauss_sigma_rel_err', 'freq_sigma_FitGaussWidth_ndof', 'freq_sigma_FitGaussWidth_rms_err']
Aug 30 20:27:55 INFO >> ['freq_sigma_FitGauss_amplitude', 'freq_sigma_FitGauss_mu', 'freq_sigma_FitGauss_gauss_sigma', 'freq_sigma_FitGauss_amplitude_rel_err', 'freq_sigma_FitGauss_mu_rel_err', 'freq_sigma_FitGauss_gauss_sigma_rel_err', 'freq_sigma_FitGauss_amplitude-detection', 'freq_sigma_FitGauss_mu-detection', 'freq_sigma_FitGauss_ndof', 'freq_sigma_FitGauss_rms_err']
Aug 30 20:27:55 INFO >> Performing searching on cumulative stack 315.95 49.23
Aug 30 20:27:55 INFO >> Loading the cumulative power spectra stack to search
Aug 30 20:28:52 INFO >> DM: 22.38122289804576
Aug 30 20:28:52 INFO >> sigma: 16.788930455708865
Aug 30 20:28:52 INFO >> frequency: 121.52126144004932
Aug 30 20:28:52 INFO >> Injecting 4 harmonics.
Aug 30 20:28:52 INFO >> Starting DM: 21.55515975182
Aug 30 20:28:52 INFO >> Stopping DM: 23.275524614641316
Aug 30 20:28:52 INFO >> Expected detection at 10.84 sigma with 4 harmonics.
Aug 30 20:29:06 INFO >> Start searching 6558 dm trials using 32 harmonics.
Aug 30 20:29:12 INFO >> Moved power spectra to shared memory.
Aug 30 20:29:12 INFO >> Number of dm trials in single multi processing job: 10
Aug 30 20:29:53 INFO >> Total number of detections=15601
Aug 30 20:29:53 INFO >> Clustering the detections
Aug 30 20:29:53 INFO >> Starting clustering
Aug 30 20:29:53 INFO >> Rogue harmonic power filter reduced detections from 15601 to 8543
Aug 30 20:29:53 INFO >> Filtering out duplicate freq,dm detections at multiple nharms removes 792 detections
Aug 30 20:29:53 INFO >> Duplicate freq,dm filter reduced detections to 7751
Aug 30 20:29:53 INFO >> Number of detections over threshold sigma (6.0): 7751
Aug 30 20:29:53 INFO >> Grouping duplicate frequencies together first
Aug 30 20:29:53 INFO >> Grouping duplicate frequencies removed 7220 detections from the harmonic metric computation
Aug 30 20:29:53 INFO >> Starting freq-DM distance metric computation
Aug 30 20:29:53 INFO >> Finished freq-DM distance metric computation
Aug 30 20:29:53 INFO >> Largest group size for metric computation is 97
Aug 30 20:29:53 INFO >> Starting harmonic distance metric computation
Aug 30 20:29:54 INFO >> Finished harmonic distance metric computation
Aug 30 20:29:54 INFO >> Starting DBSCAN
Aug 30 20:29:54 INFO >> Finished DBSCAN
Aug 30 20:29:54 INFO >> Clusters found: 76
Aug 30 20:29:54 INFO >> Filtered 32 clusters below or equal 2 DM.
Aug 30 20:29:54 INFO >> Total number of candidate clusters=1
Aug 30 20:29:54 INFO >> Candidate Processor of stack (315.95 49.23)
Aug 30 20:29:54 INFO >> Making SinglePointingCandidates from a list of 1 PowerSpectraDetectionClusters
Aug 30 20:29:56 INFO >> saved candidates to ./results//injections/315.95_49.23_cumulative_power_spectra_stack_20220627_11_tpa.yml_(153,)_candidates.npz
Aug 30 20:29:56 INFO >> Injected Pulsars:     1
Aug 30 20:29:56 INFO >> Injection Candidates: 1
Aug 30 20:29:56 INFO >> Recovered Injections: 1
Aug 30 20:29:56 INFO >> 1 candidates.
Aug 30 20:29:56 INFO >> Best candidate: F0: 121.521 DM: 22.36 Sigma: 11.12
Aug 30 20:29:58 INFO >> Unlinked shared memory for cumulative stack.
Aug 30 20:29:58 INFO >> Pipeline execution time: 2.05 minutes
