Aug 30 17:34:45 INFO >> {"message": "Waiting for suitable server to become available", "selector": "Primary()", "operation": "find", "topologyDescription": "<TopologyDescription id: 66d202b58b1d655bfa7daa0e, topology_type: Unknown, servers: [<ServerDescription ('localhost', 27017) server_type: Unknown, rtt: None>]>", "clientId": {"$oid": "66d202b58b1d655bfa7daa0e"}, "remainingTimeMS": 29}
Aug 30 17:34:45 INFO >> Features initialized as the following:
Aug 30 17:34:45 INFO >> num_unique_dms
Aug 30 17:34:45 INFO >> num_unique_freqs
Aug 30 17:34:45 INFO >> ndetections
Aug 30 17:34:45 INFO >> nharm
Aug 30 17:34:45 INFO >> log_p_dm
Aug 30 17:34:45 INFO >> ['dm_sigma_FitGaussWidth_gauss_sigma', 'dm_sigma_FitGaussWidth_gauss_sigma_rel_err', 'dm_sigma_FitGaussWidth_ndof', 'dm_sigma_FitGaussWidth_rms_err']
Aug 30 17:34:45 INFO >> ['dm_sigma_FitGauss_amplitude', 'dm_sigma_FitGauss_mu', 'dm_sigma_FitGauss_gauss_sigma', 'dm_sigma_FitGauss_amplitude_rel_err', 'dm_sigma_FitGauss_mu_rel_err', 'dm_sigma_FitGauss_gauss_sigma_rel_err', 'dm_sigma_FitGauss_amplitude-detection', 'dm_sigma_FitGauss_mu-detection', 'dm_sigma_FitGauss_ndof', 'dm_sigma_FitGauss_rms_err']
Aug 30 17:34:45 INFO >> ['freq_sigma_FitGaussWidth_gauss_sigma', 'freq_sigma_FitGaussWidth_gauss_sigma_rel_err', 'freq_sigma_FitGaussWidth_ndof', 'freq_sigma_FitGaussWidth_rms_err']
Aug 30 17:34:45 INFO >> ['freq_sigma_FitGauss_amplitude', 'freq_sigma_FitGauss_mu', 'freq_sigma_FitGauss_gauss_sigma', 'freq_sigma_FitGauss_amplitude_rel_err', 'freq_sigma_FitGauss_mu_rel_err', 'freq_sigma_FitGauss_gauss_sigma_rel_err', 'freq_sigma_FitGauss_amplitude-detection', 'freq_sigma_FitGauss_mu-detection', 'freq_sigma_FitGauss_ndof', 'freq_sigma_FitGauss_rms_err']
Aug 30 17:34:45 INFO >> Performing searching on cumulative stack 315.95 49.23
Aug 30 17:34:45 INFO >> Loading the cumulative power spectra stack to search
Aug 30 17:35:42 INFO >> DM: 116.01596100239784
Aug 30 17:35:42 INFO >> sigma: 14.024604948188394
Aug 30 17:35:42 INFO >> frequency: 61.19953879453642
Aug 30 17:35:42 INFO >> Injecting 8 harmonics.
Aug 30 17:35:42 INFO >> Starting DM: 114.35366441106386
Aug 30 17:35:42 INFO >> Stopping DM: 117.69319620359934
Aug 30 17:35:42 INFO >> Expected detection at 8.75 sigma with 8 harmonics.
Aug 30 17:35:56 INFO >> Start searching 6558 dm trials using 32 harmonics.
Aug 30 17:36:02 INFO >> Moved power spectra to shared memory.
Aug 30 17:36:02 INFO >> Number of dm trials in single multi processing job: 10
Aug 30 17:36:42 INFO >> Total number of detections=15585
Aug 30 17:36:42 INFO >> Clustering the detections
Aug 30 17:36:42 INFO >> Starting clustering
Aug 30 17:36:42 INFO >> Rogue harmonic power filter reduced detections from 15585 to 8527
Aug 30 17:36:42 INFO >> Filtering out duplicate freq,dm detections at multiple nharms removes 789 detections
Aug 30 17:36:42 INFO >> Duplicate freq,dm filter reduced detections to 7738
Aug 30 17:36:42 INFO >> Number of detections over threshold sigma (6.0): 7738
Aug 30 17:36:42 INFO >> Grouping duplicate frequencies together first
Aug 30 17:36:42 INFO >> Grouping duplicate frequencies removed 7217 detections from the harmonic metric computation
Aug 30 17:36:42 INFO >> Starting freq-DM distance metric computation
Aug 30 17:36:43 INFO >> Finished freq-DM distance metric computation
Aug 30 17:36:43 INFO >> Largest group size for metric computation is 97
Aug 30 17:36:43 INFO >> Starting harmonic distance metric computation
Aug 30 17:36:44 INFO >> Finished harmonic distance metric computation
Aug 30 17:36:44 INFO >> Starting DBSCAN
Aug 30 17:36:44 INFO >> Finished DBSCAN
Aug 30 17:36:44 INFO >> Clusters found: 76
Aug 30 17:36:44 INFO >> Filtered 32 clusters below or equal 2 DM.
Aug 30 17:36:44 INFO >> Total number of candidate clusters=1
Aug 30 17:36:44 INFO >> Candidate Processor of stack (315.95 49.23)
Aug 30 17:36:44 INFO >> Making SinglePointingCandidates from a list of 1 PowerSpectraDetectionClusters
Aug 30 17:36:46 INFO >> saved candidates to ./results//injections/315.95_49.23_cumulative_power_spectra_stack_20220627_11_tpa.yml_(70,)_candidates.npz
Aug 30 17:36:46 INFO >> Injected Pulsars:     1
Aug 30 17:36:46 INFO >> Injection Candidates: 1
Aug 30 17:36:46 INFO >> Recovered Injections: 1
Aug 30 17:36:46 INFO >> 1 candidates.
Aug 30 17:36:46 INFO >> Best candidate: F0: 61.200 DM: 115.97 Sigma: 8.16
Aug 30 17:36:47 INFO >> Unlinked shared memory for cumulative stack.
Aug 30 17:36:47 INFO >> Pipeline execution time: 2.05 minutes
