Aug 30 18:45:41 INFO >> {"message": "Waiting for suitable server to become available", "selector": "Primary()", "operation": "find", "topologyDescription": "<TopologyDescription id: 66d21355d4e8290ce6ea6cd2, topology_type: Unknown, servers: [<ServerDescription ('localhost', 27017) server_type: Unknown, rtt: None>]>", "clientId": {"$oid": "66d21355d4e8290ce6ea6cd2"}, "remainingTimeMS": 29}
Aug 30 18:45:41 INFO >> Features initialized as the following:
Aug 30 18:45:41 INFO >> num_unique_dms
Aug 30 18:45:41 INFO >> num_unique_freqs
Aug 30 18:45:41 INFO >> ndetections
Aug 30 18:45:41 INFO >> nharm
Aug 30 18:45:41 INFO >> log_p_dm
Aug 30 18:45:41 INFO >> ['dm_sigma_FitGaussWidth_gauss_sigma', 'dm_sigma_FitGaussWidth_gauss_sigma_rel_err', 'dm_sigma_FitGaussWidth_ndof', 'dm_sigma_FitGaussWidth_rms_err']
Aug 30 18:45:41 INFO >> ['dm_sigma_FitGauss_amplitude', 'dm_sigma_FitGauss_mu', 'dm_sigma_FitGauss_gauss_sigma', 'dm_sigma_FitGauss_amplitude_rel_err', 'dm_sigma_FitGauss_mu_rel_err', 'dm_sigma_FitGauss_gauss_sigma_rel_err', 'dm_sigma_FitGauss_amplitude-detection', 'dm_sigma_FitGauss_mu-detection', 'dm_sigma_FitGauss_ndof', 'dm_sigma_FitGauss_rms_err']
Aug 30 18:45:41 INFO >> ['freq_sigma_FitGaussWidth_gauss_sigma', 'freq_sigma_FitGaussWidth_gauss_sigma_rel_err', 'freq_sigma_FitGaussWidth_ndof', 'freq_sigma_FitGaussWidth_rms_err']
Aug 30 18:45:41 INFO >> ['freq_sigma_FitGauss_amplitude', 'freq_sigma_FitGauss_mu', 'freq_sigma_FitGauss_gauss_sigma', 'freq_sigma_FitGauss_amplitude_rel_err', 'freq_sigma_FitGauss_mu_rel_err', 'freq_sigma_FitGauss_gauss_sigma_rel_err', 'freq_sigma_FitGauss_amplitude-detection', 'freq_sigma_FitGauss_mu-detection', 'freq_sigma_FitGauss_ndof', 'freq_sigma_FitGauss_rms_err']
Aug 30 18:45:41 INFO >> Performing searching on cumulative stack 315.95 49.23
Aug 30 18:45:41 INFO >> Loading the cumulative power spectra stack to search
Aug 30 18:46:38 INFO >> DM: 84.06111987296575
Aug 30 18:46:38 INFO >> sigma: 7.730169478568396
Aug 30 18:46:38 INFO >> frequency: 12.787451524742101
Aug 30 18:46:38 INFO >> Injecting 39 harmonics.
Aug 30 18:46:38 INFO >> Starting DM: 75.99964776345924
Aug 30 18:46:38 INFO >> Stopping DM: 92.0901191274939
Aug 30 18:46:38 INFO >> Expected detection at 7.10 sigma with 16 harmonics.
Aug 30 18:46:52 INFO >> Start searching 6558 dm trials using 32 harmonics.
Aug 30 18:46:58 INFO >> Moved power spectra to shared memory.
Aug 30 18:46:58 INFO >> Number of dm trials in single multi processing job: 10
Aug 30 18:47:39 INFO >> Total number of detections=15582
Aug 30 18:47:39 INFO >> Clustering the detections
Aug 30 18:47:39 INFO >> Starting clustering
Aug 30 18:47:39 INFO >> Rogue harmonic power filter reduced detections from 15582 to 8524
Aug 30 18:47:39 INFO >> Filtering out duplicate freq,dm detections at multiple nharms removes 787 detections
Aug 30 18:47:39 INFO >> Duplicate freq,dm filter reduced detections to 7737
Aug 30 18:47:39 INFO >> Number of detections over threshold sigma (6.0): 7737
Aug 30 18:47:39 INFO >> Grouping duplicate frequencies together first
Aug 30 18:47:39 INFO >> Grouping duplicate frequencies removed 7217 detections from the harmonic metric computation
Aug 30 18:47:39 INFO >> Starting freq-DM distance metric computation
Aug 30 18:47:39 INFO >> Finished freq-DM distance metric computation
Aug 30 18:47:39 INFO >> Largest group size for metric computation is 97
Aug 30 18:47:39 INFO >> Starting harmonic distance metric computation
Aug 30 18:47:40 INFO >> Finished harmonic distance metric computation
Aug 30 18:47:40 INFO >> Starting DBSCAN
Aug 30 18:47:40 INFO >> Finished DBSCAN
Aug 30 18:47:40 INFO >> Clusters found: 76
Aug 30 18:47:40 INFO >> Filtered 32 clusters below or equal 2 DM.
Aug 30 18:47:40 INFO >> Total number of candidate clusters=1
Aug 30 18:47:40 INFO >> Candidate Processor of stack (315.95 49.23)
Aug 30 18:47:40 INFO >> Making SinglePointingCandidates from a list of 1 PowerSpectraDetectionClusters
Aug 30 18:47:42 INFO >> saved candidates to ./results//injections/315.95_49.23_cumulative_power_spectra_stack_20220627_11_tpa.yml_(104,)_candidates.npz
Aug 30 18:47:42 INFO >> Injected Pulsars:     1
Aug 30 18:47:42 INFO >> Injection Candidates: 1
Aug 30 18:47:42 INFO >> Recovered Injections: 1
Aug 30 18:47:42 INFO >> 1 candidates.
Aug 30 18:47:42 INFO >> Best candidate: F0: 12.787 DM: 84.10 Sigma: 7.45
Aug 30 18:47:44 INFO >> Unlinked shared memory for cumulative stack.
Aug 30 18:47:44 INFO >> Pipeline execution time: 2.05 minutes
