Aug 30 21:20:09 INFO >> {"message": "Waiting for suitable server to become available", "selector": "Primary()", "operation": "find", "topologyDescription": "<TopologyDescription id: 66d23789a9ce66cf240164ee, topology_type: Unknown, servers: [<ServerDescription ('localhost', 27017) server_type: Unknown, rtt: None>]>", "clientId": {"$oid": "66d23789a9ce66cf240164ee"}, "remainingTimeMS": 29}
Aug 30 21:20:09 INFO >> Features initialized as the following:
Aug 30 21:20:09 INFO >> num_unique_dms
Aug 30 21:20:09 INFO >> num_unique_freqs
Aug 30 21:20:09 INFO >> ndetections
Aug 30 21:20:09 INFO >> nharm
Aug 30 21:20:09 INFO >> log_p_dm
Aug 30 21:20:09 INFO >> ['dm_sigma_FitGaussWidth_gauss_sigma', 'dm_sigma_FitGaussWidth_gauss_sigma_rel_err', 'dm_sigma_FitGaussWidth_ndof', 'dm_sigma_FitGaussWidth_rms_err']
Aug 30 21:20:09 INFO >> ['dm_sigma_FitGauss_amplitude', 'dm_sigma_FitGauss_mu', 'dm_sigma_FitGauss_gauss_sigma', 'dm_sigma_FitGauss_amplitude_rel_err', 'dm_sigma_FitGauss_mu_rel_err', 'dm_sigma_FitGauss_gauss_sigma_rel_err', 'dm_sigma_FitGauss_amplitude-detection', 'dm_sigma_FitGauss_mu-detection', 'dm_sigma_FitGauss_ndof', 'dm_sigma_FitGauss_rms_err']
Aug 30 21:20:09 INFO >> ['freq_sigma_FitGaussWidth_gauss_sigma', 'freq_sigma_FitGaussWidth_gauss_sigma_rel_err', 'freq_sigma_FitGaussWidth_ndof', 'freq_sigma_FitGaussWidth_rms_err']
Aug 30 21:20:09 INFO >> ['freq_sigma_FitGauss_amplitude', 'freq_sigma_FitGauss_mu', 'freq_sigma_FitGauss_gauss_sigma', 'freq_sigma_FitGauss_amplitude_rel_err', 'freq_sigma_FitGauss_mu_rel_err', 'freq_sigma_FitGauss_gauss_sigma_rel_err', 'freq_sigma_FitGauss_amplitude-detection', 'freq_sigma_FitGauss_mu-detection', 'freq_sigma_FitGauss_ndof', 'freq_sigma_FitGauss_rms_err']
Aug 30 21:20:09 INFO >> Performing searching on cumulative stack 315.95 49.23
Aug 30 21:20:09 INFO >> Loading the cumulative power spectra stack to search
Aug 30 21:21:06 INFO >> DM: 21.590792744460465
Aug 30 21:21:06 INFO >> sigma: 12.843561132243568
Aug 30 21:21:06 INFO >> frequency: 80.06697705968455
Aug 30 21:21:06 INFO >> Injecting 6 harmonics.
Aug 30 21:21:06 INFO >> Starting DM: 20.340784554534366
Aug 30 21:21:06 INFO >> Stopping DM: 22.870732882212774
Aug 30 21:21:06 INFO >> Expected detection at 7.70 sigma with 4 harmonics.
Aug 30 21:21:20 INFO >> Start searching 6558 dm trials using 32 harmonics.
Aug 30 21:21:26 INFO >> Moved power spectra to shared memory.
Aug 30 21:21:26 INFO >> Number of dm trials in single multi processing job: 10
Aug 30 21:22:06 INFO >> Total number of detections=15584
Aug 30 21:22:06 INFO >> Clustering the detections
Aug 30 21:22:06 INFO >> Starting clustering
Aug 30 21:22:06 INFO >> Rogue harmonic power filter reduced detections from 15584 to 8526
Aug 30 21:22:06 INFO >> Filtering out duplicate freq,dm detections at multiple nharms removes 789 detections
Aug 30 21:22:06 INFO >> Duplicate freq,dm filter reduced detections to 7737
Aug 30 21:22:06 INFO >> Number of detections over threshold sigma (6.0): 7737
Aug 30 21:22:06 INFO >> Grouping duplicate frequencies together first
Aug 30 21:22:06 INFO >> Grouping duplicate frequencies removed 7216 detections from the harmonic metric computation
Aug 30 21:22:06 INFO >> Starting freq-DM distance metric computation
Aug 30 21:22:07 INFO >> Finished freq-DM distance metric computation
Aug 30 21:22:07 INFO >> Largest group size for metric computation is 100
Aug 30 21:22:07 INFO >> Starting harmonic distance metric computation
Aug 30 21:22:08 INFO >> Finished harmonic distance metric computation
Aug 30 21:22:08 INFO >> Starting DBSCAN
Aug 30 21:22:08 INFO >> Finished DBSCAN
Aug 30 21:22:08 INFO >> Clusters found: 76
Aug 30 21:22:08 INFO >> Filtered 32 clusters below or equal 2 DM.
Aug 30 21:22:08 INFO >> Total number of candidate clusters=1
Aug 30 21:22:08 INFO >> Candidate Processor of stack (315.95 49.23)
Aug 30 21:22:08 INFO >> Making SinglePointingCandidates from a list of 1 PowerSpectraDetectionClusters
Aug 30 21:22:10 INFO >> saved candidates to ./results//injections/315.95_49.23_cumulative_power_spectra_stack_20220627_11_tpa.yml_(178,)_candidates.npz
Aug 30 21:22:10 INFO >> Injected Pulsars:     1
Aug 30 21:22:10 INFO >> Injection Candidates: 1
Aug 30 21:22:10 INFO >> Recovered Injections: 1
Aug 30 21:22:10 INFO >> 1 candidates.
Aug 30 21:22:10 INFO >> Best candidate: F0: 80.067 DM: 21.56 Sigma: 7.34
Aug 30 21:22:11 INFO >> Unlinked shared memory for cumulative stack.
Aug 30 21:22:11 INFO >> Pipeline execution time: 2.04 minutes
