Aug 30 15:29:36 INFO >> {"message": "Waiting for suitable server to become available", "selector": "Primary()", "operation": "find", "topologyDescription": "<TopologyDescription id: 66d1e560e80d120b802c02ce, topology_type: Unknown, servers: [<ServerDescription ('localhost', 27017) server_type: Unknown, rtt: None>]>", "clientId": {"$oid": "66d1e560e80d120b802c02ce"}, "remainingTimeMS": 29}
Aug 30 15:29:37 INFO >> Features initialized as the following:
Aug 30 15:29:37 INFO >> num_unique_dms
Aug 30 15:29:37 INFO >> num_unique_freqs
Aug 30 15:29:37 INFO >> ndetections
Aug 30 15:29:37 INFO >> nharm
Aug 30 15:29:37 INFO >> log_p_dm
Aug 30 15:29:37 INFO >> ['dm_sigma_FitGaussWidth_gauss_sigma', 'dm_sigma_FitGaussWidth_gauss_sigma_rel_err', 'dm_sigma_FitGaussWidth_ndof', 'dm_sigma_FitGaussWidth_rms_err']
Aug 30 15:29:37 INFO >> ['dm_sigma_FitGauss_amplitude', 'dm_sigma_FitGauss_mu', 'dm_sigma_FitGauss_gauss_sigma', 'dm_sigma_FitGauss_amplitude_rel_err', 'dm_sigma_FitGauss_mu_rel_err', 'dm_sigma_FitGauss_gauss_sigma_rel_err', 'dm_sigma_FitGauss_amplitude-detection', 'dm_sigma_FitGauss_mu-detection', 'dm_sigma_FitGauss_ndof', 'dm_sigma_FitGauss_rms_err']
Aug 30 15:29:37 INFO >> ['freq_sigma_FitGaussWidth_gauss_sigma', 'freq_sigma_FitGaussWidth_gauss_sigma_rel_err', 'freq_sigma_FitGaussWidth_ndof', 'freq_sigma_FitGaussWidth_rms_err']
Aug 30 15:29:37 INFO >> ['freq_sigma_FitGauss_amplitude', 'freq_sigma_FitGauss_mu', 'freq_sigma_FitGauss_gauss_sigma', 'freq_sigma_FitGauss_amplitude_rel_err', 'freq_sigma_FitGauss_mu_rel_err', 'freq_sigma_FitGauss_gauss_sigma_rel_err', 'freq_sigma_FitGauss_amplitude-detection', 'freq_sigma_FitGauss_mu-detection', 'freq_sigma_FitGauss_ndof', 'freq_sigma_FitGauss_rms_err']
Aug 30 15:29:37 INFO >> Performing searching on cumulative stack 315.95 49.23
Aug 30 15:29:37 INFO >> Loading the cumulative power spectra stack to search
Aug 30 15:30:34 INFO >> DM: 35.74198910841773
Aug 30 15:30:34 INFO >> sigma: 15.093336631427217
Aug 30 15:30:34 INFO >> frequency: 94.20055337513377
Aug 30 15:30:34 INFO >> Injecting 5 harmonics.
Aug 30 15:30:34 INFO >> Starting DM: 34.609693122640564
Aug 30 15:30:34 INFO >> Stopping DM: 36.83604765099756
Aug 30 15:30:34 INFO >> Expected detection at 10.07 sigma with 4 harmonics.
Aug 30 15:30:48 INFO >> Start searching 6558 dm trials using 32 harmonics.
Aug 30 15:30:54 INFO >> Moved power spectra to shared memory.
Aug 30 15:30:54 INFO >> Number of dm trials in single multi processing job: 10
Aug 30 15:31:34 INFO >> Total number of detections=15593
Aug 30 15:31:34 INFO >> Clustering the detections
Aug 30 15:31:34 INFO >> Starting clustering
Aug 30 15:31:34 INFO >> Rogue harmonic power filter reduced detections from 15593 to 8535
Aug 30 15:31:34 INFO >> Filtering out duplicate freq,dm detections at multiple nharms removes 788 detections
Aug 30 15:31:34 INFO >> Duplicate freq,dm filter reduced detections to 7747
Aug 30 15:31:34 INFO >> Number of detections over threshold sigma (6.0): 7747
Aug 30 15:31:34 INFO >> Grouping duplicate frequencies together first
Aug 30 15:31:34 INFO >> Grouping duplicate frequencies removed 7221 detections from the harmonic metric computation
Aug 30 15:31:34 INFO >> Starting freq-DM distance metric computation
Aug 30 15:31:34 INFO >> Finished freq-DM distance metric computation
Aug 30 15:31:35 INFO >> Largest group size for metric computation is 97
Aug 30 15:31:35 INFO >> Starting harmonic distance metric computation
Aug 30 15:31:35 INFO >> Finished harmonic distance metric computation
Aug 30 15:31:35 INFO >> Starting DBSCAN
Aug 30 15:31:36 INFO >> Finished DBSCAN
Aug 30 15:31:36 INFO >> Clusters found: 76
Aug 30 15:31:36 INFO >> Filtered 32 clusters below or equal 2 DM.
Aug 30 15:31:36 INFO >> Total number of candidate clusters=1
Aug 30 15:31:36 INFO >> Candidate Processor of stack (315.95 49.23)
Aug 30 15:31:36 INFO >> Making SinglePointingCandidates from a list of 1 PowerSpectraDetectionClusters
Aug 30 15:31:38 INFO >> saved candidates to ./results//injections/315.95_49.23_cumulative_power_spectra_stack_20220627_11_tpa.yml_(10,)_candidates.npz
Aug 30 15:31:38 INFO >> Injected Pulsars:     1
Aug 30 15:31:38 INFO >> Injection Candidates: 1
Aug 30 15:31:38 INFO >> Recovered Injections: 1
Aug 30 15:31:38 INFO >> 1 candidates.
Aug 30 15:31:38 INFO >> Best candidate: F0: 94.201 DM: 35.72 Sigma: 9.99
Aug 30 15:31:39 INFO >> Unlinked shared memory for cumulative stack.
Aug 30 15:31:39 INFO >> Pipeline execution time: 2.04 minutes
