Aug 30 16:46:44 INFO >> {"message": "Waiting for suitable server to become available", "selector": "Primary()", "operation": "find", "topologyDescription": "<TopologyDescription id: 66d1f77454ced72aa5402caf, topology_type: Unknown, servers: [<ServerDescription ('localhost', 27017) server_type: Unknown, rtt: None>]>", "clientId": {"$oid": "66d1f77454ced72aa5402caf"}, "remainingTimeMS": 29}
Aug 30 16:46:44 INFO >> Features initialized as the following:
Aug 30 16:46:44 INFO >> num_unique_dms
Aug 30 16:46:44 INFO >> num_unique_freqs
Aug 30 16:46:44 INFO >> ndetections
Aug 30 16:46:44 INFO >> nharm
Aug 30 16:46:44 INFO >> log_p_dm
Aug 30 16:46:44 INFO >> ['dm_sigma_FitGaussWidth_gauss_sigma', 'dm_sigma_FitGaussWidth_gauss_sigma_rel_err', 'dm_sigma_FitGaussWidth_ndof', 'dm_sigma_FitGaussWidth_rms_err']
Aug 30 16:46:44 INFO >> ['dm_sigma_FitGauss_amplitude', 'dm_sigma_FitGauss_mu', 'dm_sigma_FitGauss_gauss_sigma', 'dm_sigma_FitGauss_amplitude_rel_err', 'dm_sigma_FitGauss_mu_rel_err', 'dm_sigma_FitGauss_gauss_sigma_rel_err', 'dm_sigma_FitGauss_amplitude-detection', 'dm_sigma_FitGauss_mu-detection', 'dm_sigma_FitGauss_ndof', 'dm_sigma_FitGauss_rms_err']
Aug 30 16:46:44 INFO >> ['freq_sigma_FitGaussWidth_gauss_sigma', 'freq_sigma_FitGaussWidth_gauss_sigma_rel_err', 'freq_sigma_FitGaussWidth_ndof', 'freq_sigma_FitGaussWidth_rms_err']
Aug 30 16:46:44 INFO >> ['freq_sigma_FitGauss_amplitude', 'freq_sigma_FitGauss_mu', 'freq_sigma_FitGauss_gauss_sigma', 'freq_sigma_FitGauss_amplitude_rel_err', 'freq_sigma_FitGauss_mu_rel_err', 'freq_sigma_FitGauss_gauss_sigma_rel_err', 'freq_sigma_FitGauss_amplitude-detection', 'freq_sigma_FitGauss_mu-detection', 'freq_sigma_FitGauss_ndof', 'freq_sigma_FitGauss_rms_err']
Aug 30 16:46:44 INFO >> Performing searching on cumulative stack 315.95 49.23
Aug 30 16:46:44 INFO >> Loading the cumulative power spectra stack to search
Aug 30 16:47:42 INFO >> DM: 165.57193929960007
Aug 30 16:47:42 INFO >> sigma: 15.511344750787606
Aug 30 16:47:42 INFO >> frequency: 178.08362652029075
Aug 30 16:47:42 INFO >> Injecting 2 harmonics.
Aug 30 16:47:42 INFO >> Starting DM: 164.95263096463194
Aug 30 16:47:42 INFO >> Stopping DM: 166.16700616191758
Aug 30 16:47:42 INFO >> Expected detection at 10.14 sigma with 2 harmonics.
Aug 30 16:47:56 INFO >> Start searching 6558 dm trials using 32 harmonics.
Aug 30 16:48:01 INFO >> Moved power spectra to shared memory.
Aug 30 16:48:01 INFO >> Number of dm trials in single multi processing job: 10
Aug 30 16:48:42 INFO >> Total number of detections=15594
Aug 30 16:48:42 INFO >> Clustering the detections
Aug 30 16:48:42 INFO >> Starting clustering
Aug 30 16:48:42 INFO >> Rogue harmonic power filter reduced detections from 15594 to 8532
Aug 30 16:48:42 INFO >> Filtering out duplicate freq,dm detections at multiple nharms removes 791 detections
Aug 30 16:48:42 INFO >> Duplicate freq,dm filter reduced detections to 7741
Aug 30 16:48:42 INFO >> Number of detections over threshold sigma (6.0): 7741
Aug 30 16:48:42 INFO >> Grouping duplicate frequencies together first
Aug 30 16:48:42 INFO >> Grouping duplicate frequencies removed 7217 detections from the harmonic metric computation
Aug 30 16:48:42 INFO >> Starting freq-DM distance metric computation
Aug 30 16:48:42 INFO >> Finished freq-DM distance metric computation
Aug 30 16:48:43 INFO >> Largest group size for metric computation is 97
Aug 30 16:48:43 INFO >> Starting harmonic distance metric computation
Aug 30 16:48:43 INFO >> Finished harmonic distance metric computation
Aug 30 16:48:43 INFO >> Starting DBSCAN
Aug 30 16:48:44 INFO >> Finished DBSCAN
Aug 30 16:48:44 INFO >> Clusters found: 76
Aug 30 16:48:44 INFO >> Filtered 32 clusters below or equal 2 DM.
Aug 30 16:48:44 INFO >> Total number of candidate clusters=1
Aug 30 16:48:44 INFO >> Candidate Processor of stack (315.95 49.23)
Aug 30 16:48:44 INFO >> Making SinglePointingCandidates from a list of 1 PowerSpectraDetectionClusters
Aug 30 16:48:46 INFO >> saved candidates to ./results//injections/315.95_49.23_cumulative_power_spectra_stack_20220627_11_tpa.yml_(47,)_candidates.npz
Aug 30 16:48:46 INFO >> Injected Pulsars:     1
Aug 30 16:48:46 INFO >> Injection Candidates: 1
Aug 30 16:48:46 INFO >> Recovered Injections: 1
Aug 30 16:48:46 INFO >> 1 candidates.
Aug 30 16:48:46 INFO >> Best candidate: F0: 178.083 DM: 165.56 Sigma: 10.39
Aug 30 16:48:47 INFO >> Unlinked shared memory for cumulative stack.
Aug 30 16:48:47 INFO >> Pipeline execution time: 2.05 minutes
