Aug 30 15:15:04 INFO >> {"message": "Waiting for suitable server to become available", "selector": "Primary()", "operation": "find", "topologyDescription": "<TopologyDescription id: 66d1e1f8a9d03013e5e1e965, topology_type: Unknown, servers: [<ServerDescription ('localhost', 27017) server_type: Unknown, rtt: None>]>", "clientId": {"$oid": "66d1e1f8a9d03013e5e1e965"}, "remainingTimeMS": 29}
Aug 30 15:15:04 INFO >> Features initialized as the following:
Aug 30 15:15:04 INFO >> num_unique_dms
Aug 30 15:15:04 INFO >> num_unique_freqs
Aug 30 15:15:04 INFO >> ndetections
Aug 30 15:15:04 INFO >> nharm
Aug 30 15:15:04 INFO >> log_p_dm
Aug 30 15:15:04 INFO >> ['dm_sigma_FitGaussWidth_gauss_sigma', 'dm_sigma_FitGaussWidth_gauss_sigma_rel_err', 'dm_sigma_FitGaussWidth_ndof', 'dm_sigma_FitGaussWidth_rms_err']
Aug 30 15:15:04 INFO >> ['dm_sigma_FitGauss_amplitude', 'dm_sigma_FitGauss_mu', 'dm_sigma_FitGauss_gauss_sigma', 'dm_sigma_FitGauss_amplitude_rel_err', 'dm_sigma_FitGauss_mu_rel_err', 'dm_sigma_FitGauss_gauss_sigma_rel_err', 'dm_sigma_FitGauss_amplitude-detection', 'dm_sigma_FitGauss_mu-detection', 'dm_sigma_FitGauss_ndof', 'dm_sigma_FitGauss_rms_err']
Aug 30 15:15:04 INFO >> ['freq_sigma_FitGaussWidth_gauss_sigma', 'freq_sigma_FitGaussWidth_gauss_sigma_rel_err', 'freq_sigma_FitGaussWidth_ndof', 'freq_sigma_FitGaussWidth_rms_err']
Aug 30 15:15:04 INFO >> ['freq_sigma_FitGauss_amplitude', 'freq_sigma_FitGauss_mu', 'freq_sigma_FitGauss_gauss_sigma', 'freq_sigma_FitGauss_amplitude_rel_err', 'freq_sigma_FitGauss_mu_rel_err', 'freq_sigma_FitGauss_gauss_sigma_rel_err', 'freq_sigma_FitGauss_amplitude-detection', 'freq_sigma_FitGauss_mu-detection', 'freq_sigma_FitGauss_ndof', 'freq_sigma_FitGauss_rms_err']
Aug 30 15:15:04 INFO >> Performing searching on cumulative stack 315.95 49.23
Aug 30 15:15:04 INFO >> Loading the cumulative power spectra stack to search
Aug 30 15:16:02 INFO >> DM: 157.93187875561486
Aug 30 15:16:02 INFO >> sigma: 16.618415606046867
Aug 30 15:16:02 INFO >> frequency: 97.1089351022175
Aug 30 15:16:02 INFO >> Injecting 5 harmonics.
Aug 30 15:16:02 INFO >> Starting DM: 156.85679631606104
Aug 30 15:16:02 INFO >> Stopping DM: 158.98195291131088
Aug 30 15:16:02 INFO >> Expected detection at 12.08 sigma with 4 harmonics.
Aug 30 15:16:16 INFO >> Start searching 6558 dm trials using 32 harmonics.
Aug 30 15:16:21 INFO >> Moved power spectra to shared memory.
Aug 30 15:16:21 INFO >> Number of dm trials in single multi processing job: 10
Aug 30 15:17:02 INFO >> Total number of detections=15636
Aug 30 15:17:02 INFO >> Clustering the detections
Aug 30 15:17:02 INFO >> Starting clustering
Aug 30 15:17:02 INFO >> Rogue harmonic power filter reduced detections from 15636 to 8570
Aug 30 15:17:02 INFO >> Filtering out duplicate freq,dm detections at multiple nharms removes 804 detections
Aug 30 15:17:02 INFO >> Duplicate freq,dm filter reduced detections to 7766
Aug 30 15:17:02 INFO >> Number of detections over threshold sigma (6.0): 7766
Aug 30 15:17:02 INFO >> Grouping duplicate frequencies together first
Aug 30 15:17:02 INFO >> Grouping duplicate frequencies removed 7228 detections from the harmonic metric computation
Aug 30 15:17:02 INFO >> Starting freq-DM distance metric computation
Aug 30 15:17:02 INFO >> Finished freq-DM distance metric computation
Aug 30 15:17:03 INFO >> Largest group size for metric computation is 97
Aug 30 15:17:03 INFO >> Starting harmonic distance metric computation
Aug 30 15:17:03 INFO >> Finished harmonic distance metric computation
Aug 30 15:17:03 INFO >> Starting DBSCAN
Aug 30 15:17:04 INFO >> Finished DBSCAN
Aug 30 15:17:04 INFO >> Clusters found: 77
Aug 30 15:17:04 INFO >> Filtered 32 clusters below or equal 2 DM.
Aug 30 15:17:04 INFO >> Total number of candidate clusters=2
Aug 30 15:17:04 INFO >> Candidate Processor of stack (315.95 49.23)
Aug 30 15:17:04 INFO >> Making SinglePointingCandidates from a list of 2 PowerSpectraDetectionClusters
Aug 30 15:17:06 INFO >> saved candidates to ./results//injections/315.95_49.23_cumulative_power_spectra_stack_20220627_11_tpa.yml_(3,)_candidates.npz
Aug 30 15:17:06 INFO >> Injected Pulsars:     1
Aug 30 15:17:06 INFO >> Injection Candidates: 2
Aug 30 15:17:06 INFO >> Recovered Injections: 1
Aug 30 15:17:06 INFO >> 2 candidates.
Aug 30 15:17:06 INFO >> Best candidate: F0: 97.109 DM: 157.97 Sigma: 12.03
Aug 30 15:17:07 INFO >> Unlinked shared memory for cumulative stack.
Aug 30 15:17:07 INFO >> Pipeline execution time: 2.05 minutes
