Aug 30 23:21:15 INFO >> {"message": "Waiting for suitable server to become available", "selector": "Primary()", "operation": "find", "topologyDescription": "<TopologyDescription id: 66d253eb2a29465791091da1, topology_type: Unknown, servers: [<ServerDescription ('localhost', 27017) server_type: Unknown, rtt: None>]>", "clientId": {"$oid": "66d253eb2a29465791091da1"}, "remainingTimeMS": 29}
Aug 30 23:21:16 INFO >> Features initialized as the following:
Aug 30 23:21:16 INFO >> num_unique_dms
Aug 30 23:21:16 INFO >> num_unique_freqs
Aug 30 23:21:16 INFO >> ndetections
Aug 30 23:21:16 INFO >> nharm
Aug 30 23:21:16 INFO >> log_p_dm
Aug 30 23:21:16 INFO >> ['dm_sigma_FitGaussWidth_gauss_sigma', 'dm_sigma_FitGaussWidth_gauss_sigma_rel_err', 'dm_sigma_FitGaussWidth_ndof', 'dm_sigma_FitGaussWidth_rms_err']
Aug 30 23:21:16 INFO >> ['dm_sigma_FitGauss_amplitude', 'dm_sigma_FitGauss_mu', 'dm_sigma_FitGauss_gauss_sigma', 'dm_sigma_FitGauss_amplitude_rel_err', 'dm_sigma_FitGauss_mu_rel_err', 'dm_sigma_FitGauss_gauss_sigma_rel_err', 'dm_sigma_FitGauss_amplitude-detection', 'dm_sigma_FitGauss_mu-detection', 'dm_sigma_FitGauss_ndof', 'dm_sigma_FitGauss_rms_err']
Aug 30 23:21:16 INFO >> ['freq_sigma_FitGaussWidth_gauss_sigma', 'freq_sigma_FitGaussWidth_gauss_sigma_rel_err', 'freq_sigma_FitGaussWidth_ndof', 'freq_sigma_FitGaussWidth_rms_err']
Aug 30 23:21:16 INFO >> ['freq_sigma_FitGauss_amplitude', 'freq_sigma_FitGauss_mu', 'freq_sigma_FitGauss_gauss_sigma', 'freq_sigma_FitGauss_amplitude_rel_err', 'freq_sigma_FitGauss_mu_rel_err', 'freq_sigma_FitGauss_gauss_sigma_rel_err', 'freq_sigma_FitGauss_amplitude-detection', 'freq_sigma_FitGauss_mu-detection', 'freq_sigma_FitGauss_ndof', 'freq_sigma_FitGauss_rms_err']
Aug 30 23:21:16 INFO >> Performing searching on cumulative stack 315.95 49.23
Aug 30 23:21:16 INFO >> Loading the cumulative power spectra stack to search
Aug 30 23:22:14 INFO >> DM: 122.73533460917103
Aug 30 23:22:14 INFO >> sigma: 10.961006519032171
Aug 30 23:22:14 INFO >> frequency: 99.91852085129636
Aug 30 23:22:14 INFO >> Injecting 5 harmonics.
Aug 30 23:22:14 INFO >> Starting DM: 121.74111352788479
Aug 30 23:22:14 INFO >> Stopping DM: 123.7650721900275
Aug 30 23:22:14 INFO >> Expected detection at 8.98 sigma with 4 harmonics.
Aug 30 23:22:28 INFO >> Start searching 6558 dm trials using 32 harmonics.
Aug 30 23:22:33 INFO >> Moved power spectra to shared memory.
Aug 30 23:22:33 INFO >> Number of dm trials in single multi processing job: 10
Aug 30 23:23:14 INFO >> Total number of detections=15588
Aug 30 23:23:14 INFO >> Clustering the detections
Aug 30 23:23:14 INFO >> Starting clustering
Aug 30 23:23:14 INFO >> Rogue harmonic power filter reduced detections from 15588 to 8530
Aug 30 23:23:14 INFO >> Filtering out duplicate freq,dm detections at multiple nharms removes 790 detections
Aug 30 23:23:14 INFO >> Duplicate freq,dm filter reduced detections to 7740
Aug 30 23:23:14 INFO >> Number of detections over threshold sigma (6.0): 7740
Aug 30 23:23:14 INFO >> Grouping duplicate frequencies together first
Aug 30 23:23:14 INFO >> Grouping duplicate frequencies removed 7217 detections from the harmonic metric computation
Aug 30 23:23:14 INFO >> Starting freq-DM distance metric computation
Aug 30 23:23:14 INFO >> Finished freq-DM distance metric computation
Aug 30 23:23:15 INFO >> Largest group size for metric computation is 97
Aug 30 23:23:15 INFO >> Starting harmonic distance metric computation
Aug 30 23:23:15 INFO >> Finished harmonic distance metric computation
Aug 30 23:23:15 INFO >> Starting DBSCAN
Aug 30 23:23:16 INFO >> Finished DBSCAN
Aug 30 23:23:16 INFO >> Clusters found: 76
Aug 30 23:23:16 INFO >> Filtered 32 clusters below or equal 2 DM.
Aug 30 23:23:16 INFO >> Total number of candidate clusters=1
Aug 30 23:23:16 INFO >> Candidate Processor of stack (315.95 49.23)
Aug 30 23:23:16 INFO >> Making SinglePointingCandidates from a list of 1 PowerSpectraDetectionClusters
Aug 30 23:23:18 INFO >> saved candidates to ./results//injections/315.95_49.23_cumulative_power_spectra_stack_20220627_11_tpa.yml_(236,)_candidates.npz
Aug 30 23:23:18 INFO >> Injected Pulsars:     1
Aug 30 23:23:18 INFO >> Injection Candidates: 1
Aug 30 23:23:18 INFO >> Recovered Injections: 1
Aug 30 23:23:18 INFO >> 1 candidates.
Aug 30 23:23:18 INFO >> Best candidate: F0: 99.919 DM: 122.75 Sigma: 8.28
Aug 30 23:23:19 INFO >> Unlinked shared memory for cumulative stack.
Aug 30 23:23:19 INFO >> Pipeline execution time: 2.06 minutes
