Aug 30 15:48:24 INFO >> {"message": "Waiting for suitable server to become available", "selector": "Primary()", "operation": "find", "topologyDescription": "<TopologyDescription id: 66d1e9c8f101bbd1fbeb35c2, topology_type: Unknown, servers: [<ServerDescription ('localhost', 27017) server_type: Unknown, rtt: None>]>", "clientId": {"$oid": "66d1e9c8f101bbd1fbeb35c2"}, "remainingTimeMS": 29}
Aug 30 15:48:24 INFO >> Features initialized as the following:
Aug 30 15:48:24 INFO >> num_unique_dms
Aug 30 15:48:24 INFO >> num_unique_freqs
Aug 30 15:48:24 INFO >> ndetections
Aug 30 15:48:24 INFO >> nharm
Aug 30 15:48:24 INFO >> log_p_dm
Aug 30 15:48:24 INFO >> ['dm_sigma_FitGaussWidth_gauss_sigma', 'dm_sigma_FitGaussWidth_gauss_sigma_rel_err', 'dm_sigma_FitGaussWidth_ndof', 'dm_sigma_FitGaussWidth_rms_err']
Aug 30 15:48:24 INFO >> ['dm_sigma_FitGauss_amplitude', 'dm_sigma_FitGauss_mu', 'dm_sigma_FitGauss_gauss_sigma', 'dm_sigma_FitGauss_amplitude_rel_err', 'dm_sigma_FitGauss_mu_rel_err', 'dm_sigma_FitGauss_gauss_sigma_rel_err', 'dm_sigma_FitGauss_amplitude-detection', 'dm_sigma_FitGauss_mu-detection', 'dm_sigma_FitGauss_ndof', 'dm_sigma_FitGauss_rms_err']
Aug 30 15:48:24 INFO >> ['freq_sigma_FitGaussWidth_gauss_sigma', 'freq_sigma_FitGaussWidth_gauss_sigma_rel_err', 'freq_sigma_FitGaussWidth_ndof', 'freq_sigma_FitGaussWidth_rms_err']
Aug 30 15:48:24 INFO >> ['freq_sigma_FitGauss_amplitude', 'freq_sigma_FitGauss_mu', 'freq_sigma_FitGauss_gauss_sigma', 'freq_sigma_FitGauss_amplitude_rel_err', 'freq_sigma_FitGauss_mu_rel_err', 'freq_sigma_FitGauss_gauss_sigma_rel_err', 'freq_sigma_FitGauss_amplitude-detection', 'freq_sigma_FitGauss_mu-detection', 'freq_sigma_FitGauss_ndof', 'freq_sigma_FitGauss_rms_err']
Aug 30 15:48:25 INFO >> Performing searching on cumulative stack 315.95 49.23
Aug 30 15:48:25 INFO >> Loading the cumulative power spectra stack to search
Aug 30 15:49:22 INFO >> DM: 188.69907193458414
Aug 30 15:49:22 INFO >> sigma: 16.35046181605262
Aug 30 15:49:22 INFO >> frequency: 148.03472416228493
Aug 30 15:49:22 INFO >> Injecting 3 harmonics.
Aug 30 15:49:22 INFO >> Starting DM: 188.02575971305896
Aug 30 15:49:22 INFO >> Stopping DM: 189.4425307765589
Aug 30 15:49:22 INFO >> Expected detection at 14.55 sigma with 2 harmonics.
Aug 30 15:49:36 INFO >> Start searching 6558 dm trials using 32 harmonics.
Aug 30 15:49:41 INFO >> Moved power spectra to shared memory.
Aug 30 15:49:41 INFO >> Number of dm trials in single multi processing job: 10
Aug 30 15:50:22 INFO >> Total number of detections=15634
Aug 30 15:50:22 INFO >> Clustering the detections
Aug 30 15:50:22 INFO >> Starting clustering
Aug 30 15:50:22 INFO >> Rogue harmonic power filter reduced detections from 15634 to 8557
Aug 30 15:50:22 INFO >> Filtering out duplicate freq,dm detections at multiple nharms removes 793 detections
Aug 30 15:50:22 INFO >> Duplicate freq,dm filter reduced detections to 7764
Aug 30 15:50:22 INFO >> Number of detections over threshold sigma (6.0): 7764
Aug 30 15:50:22 INFO >> Grouping duplicate frequencies together first
Aug 30 15:50:22 INFO >> Grouping duplicate frequencies removed 7228 detections from the harmonic metric computation
Aug 30 15:50:22 INFO >> Starting freq-DM distance metric computation
Aug 30 15:50:22 INFO >> Finished freq-DM distance metric computation
Aug 30 15:50:23 INFO >> Largest group size for metric computation is 115
Aug 30 15:50:23 INFO >> Starting harmonic distance metric computation
Aug 30 15:50:23 INFO >> Finished harmonic distance metric computation
Aug 30 15:50:23 INFO >> Starting DBSCAN
Aug 30 15:50:23 INFO >> Finished DBSCAN
Aug 30 15:50:23 INFO >> Clusters found: 76
Aug 30 15:50:23 INFO >> Filtered 32 clusters below or equal 2 DM.
Aug 30 15:50:23 INFO >> Total number of candidate clusters=1
Aug 30 15:50:23 INFO >> Candidate Processor of stack (315.95 49.23)
Aug 30 15:50:23 INFO >> Making SinglePointingCandidates from a list of 1 PowerSpectraDetectionClusters
Aug 30 15:50:26 INFO >> saved candidates to ./results//injections/315.95_49.23_cumulative_power_spectra_stack_20220627_11_tpa.yml_(19,)_candidates.npz
Aug 30 15:50:26 INFO >> Injected Pulsars:     1
Aug 30 15:50:26 INFO >> Injection Candidates: 1
Aug 30 15:50:26 INFO >> Recovered Injections: 1
Aug 30 15:50:26 INFO >> 1 candidates.
Aug 30 15:50:26 INFO >> Best candidate: F0: 148.035 DM: 188.73 Sigma: 14.49
Aug 30 15:50:27 INFO >> Unlinked shared memory for cumulative stack.
Aug 30 15:50:27 INFO >> Pipeline execution time: 2.04 minutes
