Aug 30 19:08:35 INFO >> {"message": "Waiting for suitable server to become available", "selector": "Primary()", "operation": "find", "topologyDescription": "<TopologyDescription id: 66d218b368201c903c5ccb81, topology_type: Unknown, servers: [<ServerDescription ('localhost', 27017) server_type: Unknown, rtt: None>]>", "clientId": {"$oid": "66d218b368201c903c5ccb81"}, "remainingTimeMS": 29}
Aug 30 19:08:35 INFO >> Features initialized as the following:
Aug 30 19:08:35 INFO >> num_unique_dms
Aug 30 19:08:35 INFO >> num_unique_freqs
Aug 30 19:08:35 INFO >> ndetections
Aug 30 19:08:35 INFO >> nharm
Aug 30 19:08:35 INFO >> log_p_dm
Aug 30 19:08:35 INFO >> ['dm_sigma_FitGaussWidth_gauss_sigma', 'dm_sigma_FitGaussWidth_gauss_sigma_rel_err', 'dm_sigma_FitGaussWidth_ndof', 'dm_sigma_FitGaussWidth_rms_err']
Aug 30 19:08:35 INFO >> ['dm_sigma_FitGauss_amplitude', 'dm_sigma_FitGauss_mu', 'dm_sigma_FitGauss_gauss_sigma', 'dm_sigma_FitGauss_amplitude_rel_err', 'dm_sigma_FitGauss_mu_rel_err', 'dm_sigma_FitGauss_gauss_sigma_rel_err', 'dm_sigma_FitGauss_amplitude-detection', 'dm_sigma_FitGauss_mu-detection', 'dm_sigma_FitGauss_ndof', 'dm_sigma_FitGauss_rms_err']
Aug 30 19:08:35 INFO >> ['freq_sigma_FitGaussWidth_gauss_sigma', 'freq_sigma_FitGaussWidth_gauss_sigma_rel_err', 'freq_sigma_FitGaussWidth_ndof', 'freq_sigma_FitGaussWidth_rms_err']
Aug 30 19:08:35 INFO >> ['freq_sigma_FitGauss_amplitude', 'freq_sigma_FitGauss_mu', 'freq_sigma_FitGauss_gauss_sigma', 'freq_sigma_FitGauss_amplitude_rel_err', 'freq_sigma_FitGauss_mu_rel_err', 'freq_sigma_FitGauss_gauss_sigma_rel_err', 'freq_sigma_FitGauss_amplitude-detection', 'freq_sigma_FitGauss_mu-detection', 'freq_sigma_FitGauss_ndof', 'freq_sigma_FitGauss_rms_err']
Aug 30 19:08:35 INFO >> Performing searching on cumulative stack 315.95 49.23
Aug 30 19:08:35 INFO >> Loading the cumulative power spectra stack to search
Aug 30 19:09:32 INFO >> DM: 38.32080571450196
Aug 30 19:09:32 INFO >> sigma: 13.04487726486376
Aug 30 19:09:32 INFO >> frequency: 33.81058464971619
Aug 30 19:09:32 INFO >> Injecting 15 harmonics.
Aug 30 19:09:32 INFO >> Starting DM: 35.31807865439052
Aug 30 19:09:32 INFO >> Stopping DM: 41.38995464081869
Aug 30 19:09:33 INFO >> Expected detection at 9.82 sigma with 8 harmonics.
Aug 30 19:09:47 INFO >> Start searching 6558 dm trials using 32 harmonics.
Aug 30 19:09:52 INFO >> Moved power spectra to shared memory.
Aug 30 19:09:52 INFO >> Number of dm trials in single multi processing job: 10
Aug 30 19:10:33 INFO >> Total number of detections=15605
Aug 30 19:10:33 INFO >> Clustering the detections
Aug 30 19:10:33 INFO >> Starting clustering
Aug 30 19:10:33 INFO >> Rogue harmonic power filter reduced detections from 15605 to 8547
Aug 30 19:10:33 INFO >> Filtering out duplicate freq,dm detections at multiple nharms removes 795 detections
Aug 30 19:10:33 INFO >> Duplicate freq,dm filter reduced detections to 7752
Aug 30 19:10:33 INFO >> Number of detections over threshold sigma (6.0): 7752
Aug 30 19:10:33 INFO >> Grouping duplicate frequencies together first
Aug 30 19:10:33 INFO >> Grouping duplicate frequencies removed 7223 detections from the harmonic metric computation
Aug 30 19:10:33 INFO >> Starting freq-DM distance metric computation
Aug 30 19:10:34 INFO >> Finished freq-DM distance metric computation
Aug 30 19:10:34 INFO >> Largest group size for metric computation is 97
Aug 30 19:10:34 INFO >> Starting harmonic distance metric computation
Aug 30 19:10:35 INFO >> Finished harmonic distance metric computation
Aug 30 19:10:35 INFO >> Starting DBSCAN
Aug 30 19:10:35 INFO >> Finished DBSCAN
Aug 30 19:10:35 INFO >> Clusters found: 76
Aug 30 19:10:35 INFO >> Filtered 32 clusters below or equal 2 DM.
Aug 30 19:10:35 INFO >> Total number of candidate clusters=1
Aug 30 19:10:35 INFO >> Candidate Processor of stack (315.95 49.23)
Aug 30 19:10:35 INFO >> Making SinglePointingCandidates from a list of 1 PowerSpectraDetectionClusters
Aug 30 19:10:37 INFO >> saved candidates to ./results//injections/315.95_49.23_cumulative_power_spectra_stack_20220627_11_tpa.yml_(115,)_candidates.npz
Aug 30 19:10:37 INFO >> Injected Pulsars:     1
Aug 30 19:10:37 INFO >> Injection Candidates: 1
Aug 30 19:10:37 INFO >> Recovered Injections: 1
Aug 30 19:10:37 INFO >> 1 candidates.
Aug 30 19:10:37 INFO >> Best candidate: F0: 33.811 DM: 38.35 Sigma: 9.68
Aug 30 19:10:38 INFO >> Unlinked shared memory for cumulative stack.
Aug 30 19:10:38 INFO >> Pipeline execution time: 2.06 minutes
