Aug 30 15:42:06 INFO >> {"message": "Waiting for suitable server to become available", "selector": "Primary()", "operation": "find", "topologyDescription": "<TopologyDescription id: 66d1e84e1ada31f7bc25dd37, topology_type: Unknown, servers: [<ServerDescription ('localhost', 27017) server_type: Unknown, rtt: None>]>", "clientId": {"$oid": "66d1e84e1ada31f7bc25dd37"}, "remainingTimeMS": 29}
Aug 30 15:42:06 INFO >> Features initialized as the following:
Aug 30 15:42:06 INFO >> num_unique_dms
Aug 30 15:42:06 INFO >> num_unique_freqs
Aug 30 15:42:06 INFO >> ndetections
Aug 30 15:42:06 INFO >> nharm
Aug 30 15:42:06 INFO >> log_p_dm
Aug 30 15:42:06 INFO >> ['dm_sigma_FitGaussWidth_gauss_sigma', 'dm_sigma_FitGaussWidth_gauss_sigma_rel_err', 'dm_sigma_FitGaussWidth_ndof', 'dm_sigma_FitGaussWidth_rms_err']
Aug 30 15:42:06 INFO >> ['dm_sigma_FitGauss_amplitude', 'dm_sigma_FitGauss_mu', 'dm_sigma_FitGauss_gauss_sigma', 'dm_sigma_FitGauss_amplitude_rel_err', 'dm_sigma_FitGauss_mu_rel_err', 'dm_sigma_FitGauss_gauss_sigma_rel_err', 'dm_sigma_FitGauss_amplitude-detection', 'dm_sigma_FitGauss_mu-detection', 'dm_sigma_FitGauss_ndof', 'dm_sigma_FitGauss_rms_err']
Aug 30 15:42:06 INFO >> ['freq_sigma_FitGaussWidth_gauss_sigma', 'freq_sigma_FitGaussWidth_gauss_sigma_rel_err', 'freq_sigma_FitGaussWidth_ndof', 'freq_sigma_FitGaussWidth_rms_err']
Aug 30 15:42:06 INFO >> ['freq_sigma_FitGauss_amplitude', 'freq_sigma_FitGauss_mu', 'freq_sigma_FitGauss_gauss_sigma', 'freq_sigma_FitGauss_amplitude_rel_err', 'freq_sigma_FitGauss_mu_rel_err', 'freq_sigma_FitGauss_gauss_sigma_rel_err', 'freq_sigma_FitGauss_amplitude-detection', 'freq_sigma_FitGauss_mu-detection', 'freq_sigma_FitGauss_ndof', 'freq_sigma_FitGauss_rms_err']
Aug 30 15:42:07 INFO >> Performing searching on cumulative stack 315.95 49.23
Aug 30 15:42:07 INFO >> Loading the cumulative power spectra stack to search
Aug 30 15:43:04 INFO >> DM: 59.487388947592805
Aug 30 15:43:04 INFO >> sigma: 13.79647625625334
Aug 30 15:43:04 INFO >> frequency: 11.488726346671841
Aug 30 15:43:04 INFO >> Injecting 44 harmonics.
Aug 30 15:43:04 INFO >> Starting DM: 50.497768620460945
Aug 30 15:43:04 INFO >> Stopping DM: 68.40980278042404
Aug 30 15:43:04 INFO >> Expected detection at 11.67 sigma with 32 harmonics.
Aug 30 15:43:18 INFO >> Start searching 6558 dm trials using 32 harmonics.
Aug 30 15:43:24 INFO >> Moved power spectra to shared memory.
Aug 30 15:43:24 INFO >> Number of dm trials in single multi processing job: 10
Aug 30 15:44:05 INFO >> Total number of detections=15653
Aug 30 15:44:05 INFO >> Clustering the detections
Aug 30 15:44:05 INFO >> Starting clustering
Aug 30 15:44:05 INFO >> Rogue harmonic power filter reduced detections from 15653 to 8595
Aug 30 15:44:05 INFO >> Filtering out duplicate freq,dm detections at multiple nharms removes 825 detections
Aug 30 15:44:05 INFO >> Duplicate freq,dm filter reduced detections to 7770
Aug 30 15:44:05 INFO >> Number of detections over threshold sigma (6.0): 7770
Aug 30 15:44:05 INFO >> Grouping duplicate frequencies together first
Aug 30 15:44:05 INFO >> Grouping duplicate frequencies removed 7242 detections from the harmonic metric computation
Aug 30 15:44:05 INFO >> Starting freq-DM distance metric computation
Aug 30 15:44:05 INFO >> Finished freq-DM distance metric computation
Aug 30 15:44:05 INFO >> Largest group size for metric computation is 97
Aug 30 15:44:05 INFO >> Starting harmonic distance metric computation
Aug 30 15:44:06 INFO >> Finished harmonic distance metric computation
Aug 30 15:44:06 INFO >> Starting DBSCAN
Aug 30 15:44:06 INFO >> Finished DBSCAN
Aug 30 15:44:06 INFO >> Clusters found: 77
Aug 30 15:44:06 INFO >> Filtered 32 clusters below or equal 2 DM.
Aug 30 15:44:06 INFO >> Total number of candidate clusters=2
Aug 30 15:44:06 INFO >> Candidate Processor of stack (315.95 49.23)
Aug 30 15:44:06 INFO >> Making SinglePointingCandidates from a list of 2 PowerSpectraDetectionClusters
Aug 30 15:44:09 INFO >> saved candidates to ./results//injections/315.95_49.23_cumulative_power_spectra_stack_20220627_11_tpa.yml_(16,)_candidates.npz
Aug 30 15:44:09 INFO >> Injected Pulsars:     1
Aug 30 15:44:09 INFO >> Injection Candidates: 2
Aug 30 15:44:09 INFO >> Recovered Injections: 1
Aug 30 15:44:09 INFO >> 2 candidates.
Aug 30 15:44:09 INFO >> Best candidate: F0: 11.489 DM: 59.50 Sigma: 12.04
Aug 30 15:44:10 INFO >> Unlinked shared memory for cumulative stack.
Aug 30 15:44:10 INFO >> Pipeline execution time: 2.06 minutes
