Aug 30 18:31:03 INFO >> {"message": "Waiting for suitable server to become available", "selector": "Primary()", "operation": "find", "topologyDescription": "<TopologyDescription id: 66d20fe77fe6e76e28615b1e, topology_type: Unknown, servers: [<ServerDescription ('localhost', 27017) server_type: Unknown, rtt: None>]>", "clientId": {"$oid": "66d20fe77fe6e76e28615b1e"}, "remainingTimeMS": 29}
Aug 30 18:31:03 INFO >> Features initialized as the following:
Aug 30 18:31:03 INFO >> num_unique_dms
Aug 30 18:31:03 INFO >> num_unique_freqs
Aug 30 18:31:03 INFO >> ndetections
Aug 30 18:31:03 INFO >> nharm
Aug 30 18:31:03 INFO >> log_p_dm
Aug 30 18:31:03 INFO >> ['dm_sigma_FitGaussWidth_gauss_sigma', 'dm_sigma_FitGaussWidth_gauss_sigma_rel_err', 'dm_sigma_FitGaussWidth_ndof', 'dm_sigma_FitGaussWidth_rms_err']
Aug 30 18:31:03 INFO >> ['dm_sigma_FitGauss_amplitude', 'dm_sigma_FitGauss_mu', 'dm_sigma_FitGauss_gauss_sigma', 'dm_sigma_FitGauss_amplitude_rel_err', 'dm_sigma_FitGauss_mu_rel_err', 'dm_sigma_FitGauss_gauss_sigma_rel_err', 'dm_sigma_FitGauss_amplitude-detection', 'dm_sigma_FitGauss_mu-detection', 'dm_sigma_FitGauss_ndof', 'dm_sigma_FitGauss_rms_err']
Aug 30 18:31:03 INFO >> ['freq_sigma_FitGaussWidth_gauss_sigma', 'freq_sigma_FitGaussWidth_gauss_sigma_rel_err', 'freq_sigma_FitGaussWidth_ndof', 'freq_sigma_FitGaussWidth_rms_err']
Aug 30 18:31:03 INFO >> ['freq_sigma_FitGauss_amplitude', 'freq_sigma_FitGauss_mu', 'freq_sigma_FitGauss_gauss_sigma', 'freq_sigma_FitGauss_amplitude_rel_err', 'freq_sigma_FitGauss_mu_rel_err', 'freq_sigma_FitGauss_gauss_sigma_rel_err', 'freq_sigma_FitGauss_amplitude-detection', 'freq_sigma_FitGauss_mu-detection', 'freq_sigma_FitGauss_ndof', 'freq_sigma_FitGauss_rms_err']
Aug 30 18:31:03 INFO >> Performing searching on cumulative stack 315.95 49.23
Aug 30 18:31:03 INFO >> Loading the cumulative power spectra stack to search
Aug 30 18:32:01 INFO >> DM: 135.29990238422363
Aug 30 18:32:01 INFO >> sigma: 9.986947682847669
Aug 30 18:32:01 INFO >> frequency: 14.731327930884117
Aug 30 18:32:01 INFO >> Injecting 34 harmonics.
Aug 30 18:32:01 INFO >> Starting DM: 128.31897917984864
Aug 30 18:32:01 INFO >> Stopping DM: 142.28429394863343
Aug 30 18:32:01 INFO >> Expected detection at 9.82 sigma with 16 harmonics.
Aug 30 18:32:15 INFO >> Start searching 6558 dm trials using 32 harmonics.
Aug 30 18:32:21 INFO >> Moved power spectra to shared memory.
Aug 30 18:32:21 INFO >> Number of dm trials in single multi processing job: 10
Aug 30 18:33:01 INFO >> Total number of detections=15658
Aug 30 18:33:01 INFO >> Clustering the detections
Aug 30 18:33:01 INFO >> Starting clustering
Aug 30 18:33:01 INFO >> Rogue harmonic power filter reduced detections from 15658 to 8600
Aug 30 18:33:01 INFO >> Filtering out duplicate freq,dm detections at multiple nharms removes 817 detections
Aug 30 18:33:01 INFO >> Duplicate freq,dm filter reduced detections to 7783
Aug 30 18:33:01 INFO >> Number of detections over threshold sigma (6.0): 7783
Aug 30 18:33:01 INFO >> Grouping duplicate frequencies together first
Aug 30 18:33:01 INFO >> Grouping duplicate frequencies removed 7252 detections from the harmonic metric computation
Aug 30 18:33:01 INFO >> Starting freq-DM distance metric computation
Aug 30 18:33:02 INFO >> Finished freq-DM distance metric computation
Aug 30 18:33:02 INFO >> Largest group size for metric computation is 97
Aug 30 18:33:02 INFO >> Starting harmonic distance metric computation
Aug 30 18:33:03 INFO >> Finished harmonic distance metric computation
Aug 30 18:33:03 INFO >> Starting DBSCAN
Aug 30 18:33:03 INFO >> Finished DBSCAN
Aug 30 18:33:03 INFO >> Clusters found: 76
Aug 30 18:33:03 INFO >> Filtered 32 clusters below or equal 2 DM.
Aug 30 18:33:03 INFO >> Total number of candidate clusters=1
Aug 30 18:33:03 INFO >> Candidate Processor of stack (315.95 49.23)
Aug 30 18:33:03 INFO >> Making SinglePointingCandidates from a list of 1 PowerSpectraDetectionClusters
Aug 30 18:33:05 INFO >> saved candidates to ./results//injections/315.95_49.23_cumulative_power_spectra_stack_20220627_11_tpa.yml_(97,)_candidates.npz
Aug 30 18:33:05 INFO >> Injected Pulsars:     1
Aug 30 18:33:05 INFO >> Injection Candidates: 1
Aug 30 18:33:05 INFO >> Recovered Injections: 1
Aug 30 18:33:05 INFO >> 1 candidates.
Aug 30 18:33:05 INFO >> Best candidate: F0: 14.731 DM: 135.30 Sigma: 10.62
Aug 30 18:33:07 INFO >> Unlinked shared memory for cumulative stack.
Aug 30 18:33:07 INFO >> Pipeline execution time: 2.06 minutes
