Aug 30 15:21:18 INFO >> {"message": "Waiting for suitable server to become available", "selector": "Primary()", "operation": "find", "topologyDescription": "<TopologyDescription id: 66d1e36e4cca9c73a18730de, topology_type: Unknown, servers: [<ServerDescription ('localhost', 27017) server_type: Unknown, rtt: None>]>", "clientId": {"$oid": "66d1e36e4cca9c73a18730de"}, "remainingTimeMS": 29}
Aug 30 15:21:18 INFO >> Features initialized as the following:
Aug 30 15:21:18 INFO >> num_unique_dms
Aug 30 15:21:18 INFO >> num_unique_freqs
Aug 30 15:21:18 INFO >> ndetections
Aug 30 15:21:18 INFO >> nharm
Aug 30 15:21:18 INFO >> log_p_dm
Aug 30 15:21:18 INFO >> ['dm_sigma_FitGaussWidth_gauss_sigma', 'dm_sigma_FitGaussWidth_gauss_sigma_rel_err', 'dm_sigma_FitGaussWidth_ndof', 'dm_sigma_FitGaussWidth_rms_err']
Aug 30 15:21:18 INFO >> ['dm_sigma_FitGauss_amplitude', 'dm_sigma_FitGauss_mu', 'dm_sigma_FitGauss_gauss_sigma', 'dm_sigma_FitGauss_amplitude_rel_err', 'dm_sigma_FitGauss_mu_rel_err', 'dm_sigma_FitGauss_gauss_sigma_rel_err', 'dm_sigma_FitGauss_amplitude-detection', 'dm_sigma_FitGauss_mu-detection', 'dm_sigma_FitGauss_ndof', 'dm_sigma_FitGauss_rms_err']
Aug 30 15:21:18 INFO >> ['freq_sigma_FitGaussWidth_gauss_sigma', 'freq_sigma_FitGaussWidth_gauss_sigma_rel_err', 'freq_sigma_FitGaussWidth_ndof', 'freq_sigma_FitGaussWidth_rms_err']
Aug 30 15:21:18 INFO >> ['freq_sigma_FitGauss_amplitude', 'freq_sigma_FitGauss_mu', 'freq_sigma_FitGauss_gauss_sigma', 'freq_sigma_FitGauss_amplitude_rel_err', 'freq_sigma_FitGauss_mu_rel_err', 'freq_sigma_FitGauss_gauss_sigma_rel_err', 'freq_sigma_FitGauss_amplitude-detection', 'freq_sigma_FitGauss_mu-detection', 'freq_sigma_FitGauss_ndof', 'freq_sigma_FitGauss_rms_err']
Aug 30 15:21:19 INFO >> Performing searching on cumulative stack 315.95 49.23
Aug 30 15:21:19 INFO >> Loading the cumulative power spectra stack to search
Aug 30 15:22:16 INFO >> DM: 28.59444719235736
Aug 30 15:22:16 INFO >> sigma: 15.108014700447828
Aug 30 15:22:16 INFO >> frequency: 117.92274288349125
Aug 30 15:22:16 INFO >> Injecting 4 harmonics.
Aug 30 15:22:16 INFO >> Starting DM: 27.728233671355305
Aug 30 15:22:16 INFO >> Stopping DM: 29.448598534176618
Aug 30 15:22:16 INFO >> Expected detection at 10.70 sigma with 4 harmonics.
Aug 30 15:22:30 INFO >> Start searching 6558 dm trials using 32 harmonics.
Aug 30 15:22:35 INFO >> Moved power spectra to shared memory.
Aug 30 15:22:35 INFO >> Number of dm trials in single multi processing job: 10
Aug 30 15:23:15 INFO >> Total number of detections=15604
Aug 30 15:23:15 INFO >> Clustering the detections
Aug 30 15:23:15 INFO >> Starting clustering
Aug 30 15:23:16 INFO >> Rogue harmonic power filter reduced detections from 15604 to 8546
Aug 30 15:23:16 INFO >> Filtering out duplicate freq,dm detections at multiple nharms removes 794 detections
Aug 30 15:23:16 INFO >> Duplicate freq,dm filter reduced detections to 7752
Aug 30 15:23:16 INFO >> Number of detections over threshold sigma (6.0): 7752
Aug 30 15:23:16 INFO >> Grouping duplicate frequencies together first
Aug 30 15:23:16 INFO >> Grouping duplicate frequencies removed 7224 detections from the harmonic metric computation
Aug 30 15:23:16 INFO >> Starting freq-DM distance metric computation
Aug 30 15:23:16 INFO >> Finished freq-DM distance metric computation
Aug 30 15:23:16 INFO >> Largest group size for metric computation is 97
Aug 30 15:23:16 INFO >> Starting harmonic distance metric computation
Aug 30 15:23:17 INFO >> Finished harmonic distance metric computation
Aug 30 15:23:17 INFO >> Starting DBSCAN
Aug 30 15:23:17 INFO >> Finished DBSCAN
Aug 30 15:23:17 INFO >> Clusters found: 76
Aug 30 15:23:17 INFO >> Filtered 32 clusters below or equal 2 DM.
Aug 30 15:23:17 INFO >> Total number of candidate clusters=1
Aug 30 15:23:17 INFO >> Candidate Processor of stack (315.95 49.23)
Aug 30 15:23:17 INFO >> Making SinglePointingCandidates from a list of 1 PowerSpectraDetectionClusters
Aug 30 15:23:19 INFO >> saved candidates to ./results//injections/315.95_49.23_cumulative_power_spectra_stack_20220627_11_tpa.yml_(6,)_candidates.npz
Aug 30 15:23:19 INFO >> Injected Pulsars:     1
Aug 30 15:23:19 INFO >> Injection Candidates: 1
Aug 30 15:23:19 INFO >> Recovered Injections: 1
Aug 30 15:23:19 INFO >> 1 candidates.
Aug 30 15:23:19 INFO >> Best candidate: F0: 117.923 DM: 28.64 Sigma: 9.92
Aug 30 15:23:21 INFO >> Unlinked shared memory for cumulative stack.
Aug 30 15:23:21 INFO >> Pipeline execution time: 2.04 minutes
