Aug 30 18:16:28 INFO >> {"message": "Waiting for suitable server to become available", "selector": "Primary()", "operation": "find", "topologyDescription": "<TopologyDescription id: 66d20c7c60c9c617edfc6898, topology_type: Unknown, servers: [<ServerDescription ('localhost', 27017) server_type: Unknown, rtt: None>]>", "clientId": {"$oid": "66d20c7c60c9c617edfc6898"}, "remainingTimeMS": 29}
Aug 30 18:16:28 INFO >> Features initialized as the following:
Aug 30 18:16:28 INFO >> num_unique_dms
Aug 30 18:16:28 INFO >> num_unique_freqs
Aug 30 18:16:28 INFO >> ndetections
Aug 30 18:16:28 INFO >> nharm
Aug 30 18:16:28 INFO >> log_p_dm
Aug 30 18:16:28 INFO >> ['dm_sigma_FitGaussWidth_gauss_sigma', 'dm_sigma_FitGaussWidth_gauss_sigma_rel_err', 'dm_sigma_FitGaussWidth_ndof', 'dm_sigma_FitGaussWidth_rms_err']
Aug 30 18:16:28 INFO >> ['dm_sigma_FitGauss_amplitude', 'dm_sigma_FitGauss_mu', 'dm_sigma_FitGauss_gauss_sigma', 'dm_sigma_FitGauss_amplitude_rel_err', 'dm_sigma_FitGauss_mu_rel_err', 'dm_sigma_FitGauss_gauss_sigma_rel_err', 'dm_sigma_FitGauss_amplitude-detection', 'dm_sigma_FitGauss_mu-detection', 'dm_sigma_FitGauss_ndof', 'dm_sigma_FitGauss_rms_err']
Aug 30 18:16:28 INFO >> ['freq_sigma_FitGaussWidth_gauss_sigma', 'freq_sigma_FitGaussWidth_gauss_sigma_rel_err', 'freq_sigma_FitGaussWidth_ndof', 'freq_sigma_FitGaussWidth_rms_err']
Aug 30 18:16:28 INFO >> ['freq_sigma_FitGauss_amplitude', 'freq_sigma_FitGauss_mu', 'freq_sigma_FitGauss_gauss_sigma', 'freq_sigma_FitGauss_amplitude_rel_err', 'freq_sigma_FitGauss_mu_rel_err', 'freq_sigma_FitGauss_gauss_sigma_rel_err', 'freq_sigma_FitGauss_amplitude-detection', 'freq_sigma_FitGauss_mu-detection', 'freq_sigma_FitGauss_ndof', 'freq_sigma_FitGauss_rms_err']
Aug 30 18:16:28 INFO >> Performing searching on cumulative stack 315.95 49.23
Aug 30 18:16:28 INFO >> Loading the cumulative power spectra stack to search
Aug 30 18:17:26 INFO >> DM: 155.72025770568186
Aug 30 18:17:26 INFO >> sigma: 9.263334235509953
Aug 30 18:17:26 INFO >> frequency: 105.54648979086157
Aug 30 18:17:26 INFO >> Injecting 4 harmonics.
Aug 30 18:17:26 INFO >> Starting DM: 154.73163972081116
Aug 30 18:17:26 INFO >> Stopping DM: 156.65440044984678
Aug 30 18:17:26 INFO >> Expected detection at 5.36 sigma with 4 harmonics.
Aug 30 18:17:40 INFO >> Start searching 6558 dm trials using 32 harmonics.
Aug 30 18:17:46 INFO >> Moved power spectra to shared memory.
Aug 30 18:17:46 INFO >> Number of dm trials in single multi processing job: 10
Aug 30 18:18:26 INFO >> Total number of detections=15578
Aug 30 18:18:26 INFO >> Clustering the detections
Aug 30 18:18:26 INFO >> Starting clustering
Aug 30 18:18:26 INFO >> Rogue harmonic power filter reduced detections from 15578 to 8520
Aug 30 18:18:26 INFO >> Filtering out duplicate freq,dm detections at multiple nharms removes 787 detections
Aug 30 18:18:26 INFO >> Duplicate freq,dm filter reduced detections to 7733
Aug 30 18:18:26 INFO >> Number of detections over threshold sigma (6.0): 7733
Aug 30 18:18:26 INFO >> Grouping duplicate frequencies together first
Aug 30 18:18:26 INFO >> Grouping duplicate frequencies removed 7214 detections from the harmonic metric computation
Aug 30 18:18:26 INFO >> Starting freq-DM distance metric computation
Aug 30 18:18:27 INFO >> Finished freq-DM distance metric computation
Aug 30 18:18:27 INFO >> Largest group size for metric computation is 97
Aug 30 18:18:27 INFO >> Starting harmonic distance metric computation
Aug 30 18:18:28 INFO >> Finished harmonic distance metric computation
Aug 30 18:18:28 INFO >> Starting DBSCAN
Aug 30 18:18:28 INFO >> Finished DBSCAN
Aug 30 18:18:28 INFO >> Clusters found: 75
Aug 30 18:18:28 INFO >> Filtered 32 clusters below or equal 2 DM.
Aug 30 18:18:28 INFO >> Total number of candidate clusters=0
Aug 30 18:18:28 INFO >> Candidate Processor of stack (315.95 49.23)
Aug 30 18:18:28 INFO >> Making SinglePointingCandidates from a list of 0 PowerSpectraDetectionClusters
Aug 30 18:18:30 INFO >> saved candidates to ./results//injections/315.95_49.23_cumulative_power_spectra_stack_20220627_11_tpa.yml_(90,)_candidates.npz
Aug 30 18:18:30 INFO >> Injected Pulsars:     1
Aug 30 18:18:30 INFO >> Injection Candidates: 0
Aug 30 18:18:30 INFO >> Recovered Injections: 0
Aug 30 18:18:30 INFO >> 0 candidates.
Aug 30 18:18:31 INFO >> Unlinked shared memory for cumulative stack.
Aug 30 18:18:31 INFO >> Pipeline execution time: 2.05 minutes
