Aug 30 22:45:49 INFO >> {"message": "Waiting for suitable server to become available", "selector": "Primary()", "operation": "find", "topologyDescription": "<TopologyDescription id: 66d24b9db2b7fb8318a276b0, topology_type: Unknown, servers: [<ServerDescription ('localhost', 27017) server_type: Unknown, rtt: None>]>", "clientId": {"$oid": "66d24b9db2b7fb8318a276b0"}, "remainingTimeMS": 29}
Aug 30 22:45:49 INFO >> Features initialized as the following:
Aug 30 22:45:49 INFO >> num_unique_dms
Aug 30 22:45:49 INFO >> num_unique_freqs
Aug 30 22:45:49 INFO >> ndetections
Aug 30 22:45:49 INFO >> nharm
Aug 30 22:45:49 INFO >> log_p_dm
Aug 30 22:45:49 INFO >> ['dm_sigma_FitGaussWidth_gauss_sigma', 'dm_sigma_FitGaussWidth_gauss_sigma_rel_err', 'dm_sigma_FitGaussWidth_ndof', 'dm_sigma_FitGaussWidth_rms_err']
Aug 30 22:45:49 INFO >> ['dm_sigma_FitGauss_amplitude', 'dm_sigma_FitGauss_mu', 'dm_sigma_FitGauss_gauss_sigma', 'dm_sigma_FitGauss_amplitude_rel_err', 'dm_sigma_FitGauss_mu_rel_err', 'dm_sigma_FitGauss_gauss_sigma_rel_err', 'dm_sigma_FitGauss_amplitude-detection', 'dm_sigma_FitGauss_mu-detection', 'dm_sigma_FitGauss_ndof', 'dm_sigma_FitGauss_rms_err']
Aug 30 22:45:49 INFO >> ['freq_sigma_FitGaussWidth_gauss_sigma', 'freq_sigma_FitGaussWidth_gauss_sigma_rel_err', 'freq_sigma_FitGaussWidth_ndof', 'freq_sigma_FitGaussWidth_rms_err']
Aug 30 22:45:49 INFO >> ['freq_sigma_FitGauss_amplitude', 'freq_sigma_FitGauss_mu', 'freq_sigma_FitGauss_gauss_sigma', 'freq_sigma_FitGauss_amplitude_rel_err', 'freq_sigma_FitGauss_mu_rel_err', 'freq_sigma_FitGauss_gauss_sigma_rel_err', 'freq_sigma_FitGauss_amplitude-detection', 'freq_sigma_FitGauss_mu-detection', 'freq_sigma_FitGauss_ndof', 'freq_sigma_FitGauss_rms_err']
Aug 30 22:45:49 INFO >> Performing searching on cumulative stack 315.95 49.23
Aug 30 22:45:49 INFO >> Loading the cumulative power spectra stack to search
Aug 30 22:46:47 INFO >> DM: 5.836167097976873
Aug 30 22:46:47 INFO >> sigma: 16.208402013169394
Aug 30 22:46:47 INFO >> frequency: 129.2618030423087
Aug 30 22:46:47 INFO >> Injecting 3 harmonics.
Aug 30 22:46:47 INFO >> Starting DM: 5.059896655356808
Aug 30 22:46:47 INFO >> Stopping DM: 6.6790635850709865
Aug 30 22:46:47 INFO >> Expected detection at 16.16 sigma with 2 harmonics.
Aug 30 22:47:01 INFO >> Start searching 6558 dm trials using 32 harmonics.
Aug 30 22:47:07 INFO >> Moved power spectra to shared memory.
Aug 30 22:47:07 INFO >> Number of dm trials in single multi processing job: 10
Aug 30 22:47:48 INFO >> Total number of detections=15724
Aug 30 22:47:48 INFO >> Clustering the detections
Aug 30 22:47:48 INFO >> Starting clustering
Aug 30 22:47:48 INFO >> Rogue harmonic power filter reduced detections from 15724 to 8540
Aug 30 22:47:48 INFO >> Filtering out duplicate freq,dm detections at multiple nharms removes 793 detections
Aug 30 22:47:48 INFO >> Duplicate freq,dm filter reduced detections to 7747
Aug 30 22:47:48 INFO >> Number of detections over threshold sigma (6.0): 7747
Aug 30 22:47:48 INFO >> Grouping duplicate frequencies together first
Aug 30 22:47:48 INFO >> Grouping duplicate frequencies removed 7224 detections from the harmonic metric computation
Aug 30 22:47:48 INFO >> Starting freq-DM distance metric computation
Aug 30 22:47:49 INFO >> Finished freq-DM distance metric computation
Aug 30 22:47:49 INFO >> Largest group size for metric computation is 97
Aug 30 22:47:49 INFO >> Starting harmonic distance metric computation
Aug 30 22:47:49 INFO >> Finished harmonic distance metric computation
Aug 30 22:47:49 INFO >> Starting DBSCAN
Aug 30 22:47:50 INFO >> Finished DBSCAN
Aug 30 22:47:50 INFO >> Clusters found: 76
Aug 30 22:47:50 INFO >> Filtered 32 clusters below or equal 2 DM.
Aug 30 22:47:50 INFO >> Total number of candidate clusters=1
Aug 30 22:47:50 INFO >> Candidate Processor of stack (315.95 49.23)
Aug 30 22:47:50 INFO >> Making SinglePointingCandidates from a list of 1 PowerSpectraDetectionClusters
Aug 30 22:47:52 INFO >> saved candidates to ./results//injections/315.95_49.23_cumulative_power_spectra_stack_20220627_11_tpa.yml_(219,)_candidates.npz
Aug 30 22:47:52 INFO >> Injected Pulsars:     1
Aug 30 22:47:52 INFO >> Injection Candidates: 1
Aug 30 22:47:52 INFO >> Recovered Injections: 1
Aug 30 22:47:52 INFO >> 1 candidates.
Aug 30 22:47:52 INFO >> Best candidate: F0: 129.262 DM: 5.87 Sigma: 16.78
Aug 30 22:47:53 INFO >> Unlinked shared memory for cumulative stack.
Aug 30 22:47:53 INFO >> Pipeline execution time: 2.07 minutes
