Aug 30 20:13:18 INFO >> {"message": "Waiting for suitable server to become available", "selector": "Primary()", "operation": "find", "topologyDescription": "<TopologyDescription id: 66d227de3b96065bd70e5204, topology_type: Unknown, servers: [<ServerDescription ('localhost', 27017) server_type: Unknown, rtt: None>]>", "clientId": {"$oid": "66d227de3b96065bd70e5204"}, "remainingTimeMS": 29}
Aug 30 20:13:19 INFO >> Features initialized as the following:
Aug 30 20:13:19 INFO >> num_unique_dms
Aug 30 20:13:19 INFO >> num_unique_freqs
Aug 30 20:13:19 INFO >> ndetections
Aug 30 20:13:19 INFO >> nharm
Aug 30 20:13:19 INFO >> log_p_dm
Aug 30 20:13:19 INFO >> ['dm_sigma_FitGaussWidth_gauss_sigma', 'dm_sigma_FitGaussWidth_gauss_sigma_rel_err', 'dm_sigma_FitGaussWidth_ndof', 'dm_sigma_FitGaussWidth_rms_err']
Aug 30 20:13:19 INFO >> ['dm_sigma_FitGauss_amplitude', 'dm_sigma_FitGauss_mu', 'dm_sigma_FitGauss_gauss_sigma', 'dm_sigma_FitGauss_amplitude_rel_err', 'dm_sigma_FitGauss_mu_rel_err', 'dm_sigma_FitGauss_gauss_sigma_rel_err', 'dm_sigma_FitGauss_amplitude-detection', 'dm_sigma_FitGauss_mu-detection', 'dm_sigma_FitGauss_ndof', 'dm_sigma_FitGauss_rms_err']
Aug 30 20:13:19 INFO >> ['freq_sigma_FitGaussWidth_gauss_sigma', 'freq_sigma_FitGaussWidth_gauss_sigma_rel_err', 'freq_sigma_FitGaussWidth_ndof', 'freq_sigma_FitGaussWidth_rms_err']
Aug 30 20:13:19 INFO >> ['freq_sigma_FitGauss_amplitude', 'freq_sigma_FitGauss_mu', 'freq_sigma_FitGauss_gauss_sigma', 'freq_sigma_FitGauss_amplitude_rel_err', 'freq_sigma_FitGauss_mu_rel_err', 'freq_sigma_FitGauss_gauss_sigma_rel_err', 'freq_sigma_FitGauss_amplitude-detection', 'freq_sigma_FitGauss_mu-detection', 'freq_sigma_FitGauss_ndof', 'freq_sigma_FitGauss_rms_err']
Aug 30 20:13:19 INFO >> Performing searching on cumulative stack 315.95 49.23
Aug 30 20:13:19 INFO >> Loading the cumulative power spectra stack to search
Aug 30 20:14:16 INFO >> DM: 196.36107415585673
Aug 30 20:14:16 INFO >> sigma: 11.466714207148645
Aug 30 20:14:16 INFO >> frequency: 29.12570424697781
Aug 30 20:14:16 INFO >> Injecting 17 harmonics.
Aug 30 20:14:16 INFO >> Starting DM: 192.78206256909436
Aug 30 20:14:16 INFO >> Stopping DM: 199.8659178865939
Aug 30 20:14:16 INFO >> Expected detection at 10.56 sigma with 16 harmonics.
Aug 30 20:14:30 INFO >> Start searching 6558 dm trials using 32 harmonics.
Aug 30 20:14:36 INFO >> Moved power spectra to shared memory.
Aug 30 20:14:36 INFO >> Number of dm trials in single multi processing job: 10
Aug 30 20:15:16 INFO >> Total number of detections=15606
Aug 30 20:15:16 INFO >> Clustering the detections
Aug 30 20:15:16 INFO >> Starting clustering
Aug 30 20:15:16 INFO >> Rogue harmonic power filter reduced detections from 15606 to 8548
Aug 30 20:15:16 INFO >> Filtering out duplicate freq,dm detections at multiple nharms removes 794 detections
Aug 30 20:15:16 INFO >> Duplicate freq,dm filter reduced detections to 7754
Aug 30 20:15:16 INFO >> Number of detections over threshold sigma (6.0): 7754
Aug 30 20:15:16 INFO >> Grouping duplicate frequencies together first
Aug 30 20:15:16 INFO >> Grouping duplicate frequencies removed 7226 detections from the harmonic metric computation
Aug 30 20:15:16 INFO >> Starting freq-DM distance metric computation
Aug 30 20:15:17 INFO >> Finished freq-DM distance metric computation
Aug 30 20:15:17 INFO >> Largest group size for metric computation is 97
Aug 30 20:15:17 INFO >> Starting harmonic distance metric computation
Aug 30 20:15:18 INFO >> Finished harmonic distance metric computation
Aug 30 20:15:18 INFO >> Starting DBSCAN
Aug 30 20:15:18 INFO >> Finished DBSCAN
Aug 30 20:15:18 INFO >> Clusters found: 76
Aug 30 20:15:18 INFO >> Filtered 32 clusters below or equal 2 DM.
Aug 30 20:15:18 INFO >> Total number of candidate clusters=1
Aug 30 20:15:18 INFO >> Candidate Processor of stack (315.95 49.23)
Aug 30 20:15:18 INFO >> Making SinglePointingCandidates from a list of 1 PowerSpectraDetectionClusters
Aug 30 20:15:20 INFO >> saved candidates to ./results//injections/315.95_49.23_cumulative_power_spectra_stack_20220627_11_tpa.yml_(146,)_candidates.npz
Aug 30 20:15:20 INFO >> Injected Pulsars:     1
Aug 30 20:15:20 INFO >> Injection Candidates: 1
Aug 30 20:15:20 INFO >> Recovered Injections: 1
Aug 30 20:15:20 INFO >> 1 candidates.
Aug 30 20:15:20 INFO >> Best candidate: F0: 29.126 DM: 196.32 Sigma: 9.94
Aug 30 20:15:22 INFO >> Unlinked shared memory for cumulative stack.
Aug 30 20:15:22 INFO >> Pipeline execution time: 2.05 minutes
