Aug 30 18:49:51 INFO >> {"message": "Waiting for suitable server to become available", "selector": "Primary()", "operation": "find", "topologyDescription": "<TopologyDescription id: 66d2144f8f95caf36a9d83e1, topology_type: Unknown, servers: [<ServerDescription ('localhost', 27017) server_type: Unknown, rtt: None>]>", "clientId": {"$oid": "66d2144f8f95caf36a9d83e1"}, "remainingTimeMS": 29}
Aug 30 18:49:51 INFO >> Features initialized as the following:
Aug 30 18:49:51 INFO >> num_unique_dms
Aug 30 18:49:51 INFO >> num_unique_freqs
Aug 30 18:49:51 INFO >> ndetections
Aug 30 18:49:51 INFO >> nharm
Aug 30 18:49:51 INFO >> log_p_dm
Aug 30 18:49:51 INFO >> ['dm_sigma_FitGaussWidth_gauss_sigma', 'dm_sigma_FitGaussWidth_gauss_sigma_rel_err', 'dm_sigma_FitGaussWidth_ndof', 'dm_sigma_FitGaussWidth_rms_err']
Aug 30 18:49:51 INFO >> ['dm_sigma_FitGauss_amplitude', 'dm_sigma_FitGauss_mu', 'dm_sigma_FitGauss_gauss_sigma', 'dm_sigma_FitGauss_amplitude_rel_err', 'dm_sigma_FitGauss_mu_rel_err', 'dm_sigma_FitGauss_gauss_sigma_rel_err', 'dm_sigma_FitGauss_amplitude-detection', 'dm_sigma_FitGauss_mu-detection', 'dm_sigma_FitGauss_ndof', 'dm_sigma_FitGauss_rms_err']
Aug 30 18:49:51 INFO >> ['freq_sigma_FitGaussWidth_gauss_sigma', 'freq_sigma_FitGaussWidth_gauss_sigma_rel_err', 'freq_sigma_FitGaussWidth_ndof', 'freq_sigma_FitGaussWidth_rms_err']
Aug 30 18:49:51 INFO >> ['freq_sigma_FitGauss_amplitude', 'freq_sigma_FitGauss_mu', 'freq_sigma_FitGauss_gauss_sigma', 'freq_sigma_FitGauss_amplitude_rel_err', 'freq_sigma_FitGauss_mu_rel_err', 'freq_sigma_FitGauss_gauss_sigma_rel_err', 'freq_sigma_FitGauss_amplitude-detection', 'freq_sigma_FitGauss_mu-detection', 'freq_sigma_FitGauss_ndof', 'freq_sigma_FitGauss_rms_err']
Aug 30 18:49:51 INFO >> Performing searching on cumulative stack 315.95 49.23
Aug 30 18:49:51 INFO >> Loading the cumulative power spectra stack to search
Aug 30 18:50:48 INFO >> DM: 175.91781922496153
Aug 30 18:50:48 INFO >> sigma: 11.685028973792571
Aug 30 18:50:48 INFO >> frequency: 113.56565293387209
Aug 30 18:50:48 INFO >> Injecting 4 harmonics.
Aug 30 18:50:48 INFO >> Starting DM: 174.97122634223842
Aug 30 18:50:48 INFO >> Stopping DM: 176.79278913816685
Aug 30 18:50:48 INFO >> Expected detection at 5.93 sigma with 4 harmonics.
Aug 30 18:51:02 INFO >> Start searching 6558 dm trials using 32 harmonics.
Aug 30 18:51:08 INFO >> Moved power spectra to shared memory.
Aug 30 18:51:08 INFO >> Number of dm trials in single multi processing job: 10
Aug 30 18:51:48 INFO >> Total number of detections=15577
Aug 30 18:51:48 INFO >> Clustering the detections
Aug 30 18:51:48 INFO >> Starting clustering
Aug 30 18:51:48 INFO >> Rogue harmonic power filter reduced detections from 15577 to 8519
Aug 30 18:51:48 INFO >> Filtering out duplicate freq,dm detections at multiple nharms removes 787 detections
Aug 30 18:51:48 INFO >> Duplicate freq,dm filter reduced detections to 7732
Aug 30 18:51:48 INFO >> Number of detections over threshold sigma (6.0): 7732
Aug 30 18:51:48 INFO >> Grouping duplicate frequencies together first
Aug 30 18:51:48 INFO >> Grouping duplicate frequencies removed 7214 detections from the harmonic metric computation
Aug 30 18:51:48 INFO >> Starting freq-DM distance metric computation
Aug 30 18:51:49 INFO >> Finished freq-DM distance metric computation
Aug 30 18:51:49 INFO >> Largest group size for metric computation is 97
Aug 30 18:51:49 INFO >> Starting harmonic distance metric computation
Aug 30 18:51:50 INFO >> Finished harmonic distance metric computation
Aug 30 18:51:50 INFO >> Starting DBSCAN
Aug 30 18:51:50 INFO >> Finished DBSCAN
Aug 30 18:51:50 INFO >> Clusters found: 75
Aug 30 18:51:50 INFO >> Filtered 32 clusters below or equal 2 DM.
Aug 30 18:51:50 INFO >> Total number of candidate clusters=0
Aug 30 18:51:50 INFO >> Candidate Processor of stack (315.95 49.23)
Aug 30 18:51:50 INFO >> Making SinglePointingCandidates from a list of 0 PowerSpectraDetectionClusters
Aug 30 18:51:52 INFO >> saved candidates to ./results//injections/315.95_49.23_cumulative_power_spectra_stack_20220627_11_tpa.yml_(106,)_candidates.npz
Aug 30 18:51:52 INFO >> Injected Pulsars:     1
Aug 30 18:51:52 INFO >> Injection Candidates: 0
Aug 30 18:51:52 INFO >> Recovered Injections: 0
Aug 30 18:51:52 INFO >> 0 candidates.
Aug 30 18:51:53 INFO >> Unlinked shared memory for cumulative stack.
Aug 30 18:51:53 INFO >> Pipeline execution time: 2.03 minutes
