Aug 30 18:18:34 INFO >> {"message": "Waiting for suitable server to become available", "selector": "Primary()", "operation": "find", "topologyDescription": "<TopologyDescription id: 66d20cfaf2eef685b9e22ec9, topology_type: Unknown, servers: [<ServerDescription ('localhost', 27017) server_type: Unknown, rtt: None>]>", "clientId": {"$oid": "66d20cfaf2eef685b9e22ec9"}, "remainingTimeMS": 29}
Aug 30 18:18:34 INFO >> Features initialized as the following:
Aug 30 18:18:34 INFO >> num_unique_dms
Aug 30 18:18:34 INFO >> num_unique_freqs
Aug 30 18:18:34 INFO >> ndetections
Aug 30 18:18:34 INFO >> nharm
Aug 30 18:18:34 INFO >> log_p_dm
Aug 30 18:18:34 INFO >> ['dm_sigma_FitGaussWidth_gauss_sigma', 'dm_sigma_FitGaussWidth_gauss_sigma_rel_err', 'dm_sigma_FitGaussWidth_ndof', 'dm_sigma_FitGaussWidth_rms_err']
Aug 30 18:18:34 INFO >> ['dm_sigma_FitGauss_amplitude', 'dm_sigma_FitGauss_mu', 'dm_sigma_FitGauss_gauss_sigma', 'dm_sigma_FitGauss_amplitude_rel_err', 'dm_sigma_FitGauss_mu_rel_err', 'dm_sigma_FitGauss_gauss_sigma_rel_err', 'dm_sigma_FitGauss_amplitude-detection', 'dm_sigma_FitGauss_mu-detection', 'dm_sigma_FitGauss_ndof', 'dm_sigma_FitGauss_rms_err']
Aug 30 18:18:34 INFO >> ['freq_sigma_FitGaussWidth_gauss_sigma', 'freq_sigma_FitGaussWidth_gauss_sigma_rel_err', 'freq_sigma_FitGaussWidth_ndof', 'freq_sigma_FitGaussWidth_rms_err']
Aug 30 18:18:34 INFO >> ['freq_sigma_FitGauss_amplitude', 'freq_sigma_FitGauss_mu', 'freq_sigma_FitGauss_gauss_sigma', 'freq_sigma_FitGauss_amplitude_rel_err', 'freq_sigma_FitGauss_mu_rel_err', 'freq_sigma_FitGauss_gauss_sigma_rel_err', 'freq_sigma_FitGauss_amplitude-detection', 'freq_sigma_FitGauss_mu-detection', 'freq_sigma_FitGauss_ndof', 'freq_sigma_FitGauss_rms_err']
Aug 30 18:18:34 INFO >> Performing searching on cumulative stack 315.95 49.23
Aug 30 18:18:34 INFO >> Loading the cumulative power spectra stack to search
Aug 30 18:19:31 INFO >> DM: 107.27733351567647
Aug 30 18:19:31 INFO >> sigma: 14.956629294396807
Aug 30 18:19:31 INFO >> frequency: 29.949375351767603
Aug 30 18:19:31 INFO >> Injecting 16 harmonics.
Aug 30 18:19:31 INFO >> Starting DM: 103.8290793679217
Aug 30 18:19:31 INFO >> Stopping DM: 110.71053881920696
Aug 30 18:19:31 INFO >> Expected detection at 12.27 sigma with 16 harmonics.
Aug 30 18:19:45 INFO >> Start searching 6558 dm trials using 32 harmonics.
Aug 30 18:19:50 INFO >> Moved power spectra to shared memory.
Aug 30 18:19:50 INFO >> Number of dm trials in single multi processing job: 10
Aug 30 18:20:31 INFO >> Total number of detections=15606
Aug 30 18:20:31 INFO >> Clustering the detections
Aug 30 18:20:31 INFO >> Starting clustering
Aug 30 18:20:31 INFO >> Rogue harmonic power filter reduced detections from 15606 to 8548
Aug 30 18:20:31 INFO >> Filtering out duplicate freq,dm detections at multiple nharms removes 789 detections
Aug 30 18:20:31 INFO >> Duplicate freq,dm filter reduced detections to 7759
Aug 30 18:20:31 INFO >> Number of detections over threshold sigma (6.0): 7759
Aug 30 18:20:31 INFO >> Grouping duplicate frequencies together first
Aug 30 18:20:31 INFO >> Grouping duplicate frequencies removed 7227 detections from the harmonic metric computation
Aug 30 18:20:31 INFO >> Starting freq-DM distance metric computation
Aug 30 18:20:32 INFO >> Finished freq-DM distance metric computation
Aug 30 18:20:32 INFO >> Largest group size for metric computation is 97
Aug 30 18:20:32 INFO >> Starting harmonic distance metric computation
Aug 30 18:20:32 INFO >> Finished harmonic distance metric computation
Aug 30 18:20:32 INFO >> Starting DBSCAN
Aug 30 18:20:33 INFO >> Finished DBSCAN
Aug 30 18:20:33 INFO >> Clusters found: 76
Aug 30 18:20:33 INFO >> Filtered 32 clusters below or equal 2 DM.
Aug 30 18:20:33 INFO >> Total number of candidate clusters=1
Aug 30 18:20:33 INFO >> Candidate Processor of stack (315.95 49.23)
Aug 30 18:20:33 INFO >> Making SinglePointingCandidates from a list of 1 PowerSpectraDetectionClusters
Aug 30 18:20:35 INFO >> saved candidates to ./results//injections/315.95_49.23_cumulative_power_spectra_stack_20220627_11_tpa.yml_(91,)_candidates.npz
Aug 30 18:20:35 INFO >> Injected Pulsars:     1
Aug 30 18:20:35 INFO >> Injection Candidates: 1
Aug 30 18:20:35 INFO >> Recovered Injections: 1
Aug 30 18:20:35 INFO >> 1 candidates.
Aug 30 18:20:35 INFO >> Best candidate: F0: 29.949 DM: 107.27 Sigma: 12.65
Aug 30 18:20:36 INFO >> Unlinked shared memory for cumulative stack.
Aug 30 18:20:36 INFO >> Pipeline execution time: 2.04 minutes
