Aug 30 20:34:10 INFO >> {"message": "Waiting for suitable server to become available", "selector": "Primary()", "operation": "find", "topologyDescription": "<TopologyDescription id: 66d22cc2e15a67950baa2060, topology_type: Unknown, servers: [<ServerDescription ('localhost', 27017) server_type: Unknown, rtt: None>]>", "clientId": {"$oid": "66d22cc2e15a67950baa2060"}, "remainingTimeMS": 29}
Aug 30 20:34:10 INFO >> Features initialized as the following:
Aug 30 20:34:10 INFO >> num_unique_dms
Aug 30 20:34:10 INFO >> num_unique_freqs
Aug 30 20:34:10 INFO >> ndetections
Aug 30 20:34:10 INFO >> nharm
Aug 30 20:34:10 INFO >> log_p_dm
Aug 30 20:34:10 INFO >> ['dm_sigma_FitGaussWidth_gauss_sigma', 'dm_sigma_FitGaussWidth_gauss_sigma_rel_err', 'dm_sigma_FitGaussWidth_ndof', 'dm_sigma_FitGaussWidth_rms_err']
Aug 30 20:34:10 INFO >> ['dm_sigma_FitGauss_amplitude', 'dm_sigma_FitGauss_mu', 'dm_sigma_FitGauss_gauss_sigma', 'dm_sigma_FitGauss_amplitude_rel_err', 'dm_sigma_FitGauss_mu_rel_err', 'dm_sigma_FitGauss_gauss_sigma_rel_err', 'dm_sigma_FitGauss_amplitude-detection', 'dm_sigma_FitGauss_mu-detection', 'dm_sigma_FitGauss_ndof', 'dm_sigma_FitGauss_rms_err']
Aug 30 20:34:10 INFO >> ['freq_sigma_FitGaussWidth_gauss_sigma', 'freq_sigma_FitGaussWidth_gauss_sigma_rel_err', 'freq_sigma_FitGaussWidth_ndof', 'freq_sigma_FitGaussWidth_rms_err']
Aug 30 20:34:10 INFO >> ['freq_sigma_FitGauss_amplitude', 'freq_sigma_FitGauss_mu', 'freq_sigma_FitGauss_gauss_sigma', 'freq_sigma_FitGauss_amplitude_rel_err', 'freq_sigma_FitGauss_mu_rel_err', 'freq_sigma_FitGauss_gauss_sigma_rel_err', 'freq_sigma_FitGauss_amplitude-detection', 'freq_sigma_FitGauss_mu-detection', 'freq_sigma_FitGauss_ndof', 'freq_sigma_FitGauss_rms_err']
Aug 30 20:34:10 INFO >> Performing searching on cumulative stack 315.95 49.23
Aug 30 20:34:10 INFO >> Loading the cumulative power spectra stack to search
Aug 30 20:35:07 INFO >> DM: 9.637650681973055
Aug 30 20:35:07 INFO >> sigma: 7.827125119042648
Aug 30 20:35:07 INFO >> frequency: 49.402691653081774
Aug 30 20:35:07 INFO >> Injecting 10 harmonics.
Aug 30 20:35:07 INFO >> Starting DM: 7.589844983035212
Aug 30 20:35:07 INFO >> Stopping DM: 11.738960240427794
Aug 30 20:35:07 INFO >> Expected detection at 7.26 sigma with 4 harmonics.
Aug 30 20:35:21 INFO >> Start searching 6558 dm trials using 32 harmonics.
Aug 30 20:35:27 INFO >> Moved power spectra to shared memory.
Aug 30 20:35:27 INFO >> Number of dm trials in single multi processing job: 10
Aug 30 20:36:08 INFO >> Total number of detections=15584
Aug 30 20:36:08 INFO >> Clustering the detections
Aug 30 20:36:08 INFO >> Starting clustering
Aug 30 20:36:08 INFO >> Rogue harmonic power filter reduced detections from 15584 to 8526
Aug 30 20:36:08 INFO >> Filtering out duplicate freq,dm detections at multiple nharms removes 789 detections
Aug 30 20:36:08 INFO >> Duplicate freq,dm filter reduced detections to 7737
Aug 30 20:36:08 INFO >> Number of detections over threshold sigma (6.0): 7737
Aug 30 20:36:08 INFO >> Grouping duplicate frequencies together first
Aug 30 20:36:08 INFO >> Grouping duplicate frequencies removed 7217 detections from the harmonic metric computation
Aug 30 20:36:08 INFO >> Starting freq-DM distance metric computation
Aug 30 20:36:08 INFO >> Finished freq-DM distance metric computation
Aug 30 20:36:08 INFO >> Largest group size for metric computation is 97
Aug 30 20:36:08 INFO >> Starting harmonic distance metric computation
Aug 30 20:36:09 INFO >> Finished harmonic distance metric computation
Aug 30 20:36:09 INFO >> Starting DBSCAN
Aug 30 20:36:09 INFO >> Finished DBSCAN
Aug 30 20:36:09 INFO >> Clusters found: 76
Aug 30 20:36:09 INFO >> Filtered 32 clusters below or equal 2 DM.
Aug 30 20:36:09 INFO >> Total number of candidate clusters=1
Aug 30 20:36:09 INFO >> Candidate Processor of stack (315.95 49.23)
Aug 30 20:36:09 INFO >> Making SinglePointingCandidates from a list of 1 PowerSpectraDetectionClusters
Aug 30 20:36:12 INFO >> saved candidates to ./results//injections/315.95_49.23_cumulative_power_spectra_stack_20220627_11_tpa.yml_(156,)_candidates.npz
Aug 30 20:36:12 INFO >> Injected Pulsars:     1
Aug 30 20:36:12 INFO >> Injection Candidates: 1
Aug 30 20:36:12 INFO >> Recovered Injections: 1
Aug 30 20:36:12 INFO >> 1 candidates.
Aug 30 20:36:12 INFO >> Best candidate: F0: 49.403 DM: 9.61 Sigma: 6.92
Aug 30 20:36:13 INFO >> Unlinked shared memory for cumulative stack.
Aug 30 20:36:13 INFO >> Pipeline execution time: 2.05 minutes
