Aug 30 18:14:23 INFO >> {"message": "Waiting for suitable server to become available", "selector": "Primary()", "operation": "find", "topologyDescription": "<TopologyDescription id: 66d20bffb80a62759fc4ca2e, topology_type: Unknown, servers: [<ServerDescription ('localhost', 27017) server_type: Unknown, rtt: None>]>", "clientId": {"$oid": "66d20bffb80a62759fc4ca2e"}, "remainingTimeMS": 29}
Aug 30 18:14:23 INFO >> Features initialized as the following:
Aug 30 18:14:23 INFO >> num_unique_dms
Aug 30 18:14:23 INFO >> num_unique_freqs
Aug 30 18:14:23 INFO >> ndetections
Aug 30 18:14:23 INFO >> nharm
Aug 30 18:14:23 INFO >> log_p_dm
Aug 30 18:14:23 INFO >> ['dm_sigma_FitGaussWidth_gauss_sigma', 'dm_sigma_FitGaussWidth_gauss_sigma_rel_err', 'dm_sigma_FitGaussWidth_ndof', 'dm_sigma_FitGaussWidth_rms_err']
Aug 30 18:14:23 INFO >> ['dm_sigma_FitGauss_amplitude', 'dm_sigma_FitGauss_mu', 'dm_sigma_FitGauss_gauss_sigma', 'dm_sigma_FitGauss_amplitude_rel_err', 'dm_sigma_FitGauss_mu_rel_err', 'dm_sigma_FitGauss_gauss_sigma_rel_err', 'dm_sigma_FitGauss_amplitude-detection', 'dm_sigma_FitGauss_mu-detection', 'dm_sigma_FitGauss_ndof', 'dm_sigma_FitGauss_rms_err']
Aug 30 18:14:23 INFO >> ['freq_sigma_FitGaussWidth_gauss_sigma', 'freq_sigma_FitGaussWidth_gauss_sigma_rel_err', 'freq_sigma_FitGaussWidth_ndof', 'freq_sigma_FitGaussWidth_rms_err']
Aug 30 18:14:23 INFO >> ['freq_sigma_FitGauss_amplitude', 'freq_sigma_FitGauss_mu', 'freq_sigma_FitGauss_gauss_sigma', 'freq_sigma_FitGauss_amplitude_rel_err', 'freq_sigma_FitGauss_mu_rel_err', 'freq_sigma_FitGauss_gauss_sigma_rel_err', 'freq_sigma_FitGauss_amplitude-detection', 'freq_sigma_FitGauss_mu-detection', 'freq_sigma_FitGauss_ndof', 'freq_sigma_FitGauss_rms_err']
Aug 30 18:14:23 INFO >> Performing searching on cumulative stack 315.95 49.23
Aug 30 18:14:23 INFO >> Loading the cumulative power spectra stack to search
Aug 30 18:15:21 INFO >> DM: 127.2312276281946
Aug 30 18:15:21 INFO >> sigma: 14.452467025066166
Aug 30 18:15:21 INFO >> frequency: 177.40056958525827
Aug 30 18:15:21 INFO >> Injecting 2 harmonics.
Aug 30 18:15:21 INFO >> Starting DM: 126.69981225013447
Aug 30 18:15:21 INFO >> Stopping DM: 127.81298951431297
Aug 30 18:15:21 INFO >> Expected detection at 6.79 sigma with 2 harmonics.
Aug 30 18:15:35 INFO >> Start searching 6558 dm trials using 32 harmonics.
Aug 30 18:15:41 INFO >> Moved power spectra to shared memory.
Aug 30 18:15:41 INFO >> Number of dm trials in single multi processing job: 10
Aug 30 18:16:21 INFO >> Total number of detections=15579
Aug 30 18:16:21 INFO >> Clustering the detections
Aug 30 18:16:21 INFO >> Starting clustering
Aug 30 18:16:21 INFO >> Rogue harmonic power filter reduced detections from 15579 to 8521
Aug 30 18:16:21 INFO >> Filtering out duplicate freq,dm detections at multiple nharms removes 788 detections
Aug 30 18:16:21 INFO >> Duplicate freq,dm filter reduced detections to 7733
Aug 30 18:16:21 INFO >> Number of detections over threshold sigma (6.0): 7733
Aug 30 18:16:21 INFO >> Grouping duplicate frequencies together first
Aug 30 18:16:21 INFO >> Grouping duplicate frequencies removed 7214 detections from the harmonic metric computation
Aug 30 18:16:21 INFO >> Starting freq-DM distance metric computation
Aug 30 18:16:22 INFO >> Finished freq-DM distance metric computation
Aug 30 18:16:22 INFO >> Largest group size for metric computation is 97
Aug 30 18:16:22 INFO >> Starting harmonic distance metric computation
Aug 30 18:16:22 INFO >> Finished harmonic distance metric computation
Aug 30 18:16:22 INFO >> Starting DBSCAN
Aug 30 18:16:23 INFO >> Finished DBSCAN
Aug 30 18:16:23 INFO >> Clusters found: 75
Aug 30 18:16:23 INFO >> Filtered 32 clusters below or equal 2 DM.
Aug 30 18:16:23 INFO >> Total number of candidate clusters=0
Aug 30 18:16:23 INFO >> Candidate Processor of stack (315.95 49.23)
Aug 30 18:16:23 INFO >> Making SinglePointingCandidates from a list of 0 PowerSpectraDetectionClusters
Aug 30 18:16:25 INFO >> saved candidates to ./results//injections/315.95_49.23_cumulative_power_spectra_stack_20220627_11_tpa.yml_(89,)_candidates.npz
Aug 30 18:16:25 INFO >> Injected Pulsars:     1
Aug 30 18:16:25 INFO >> Injection Candidates: 0
Aug 30 18:16:25 INFO >> Recovered Injections: 0
Aug 30 18:16:25 INFO >> 0 candidates.
Aug 30 18:16:26 INFO >> Unlinked shared memory for cumulative stack.
Aug 30 18:16:26 INFO >> Pipeline execution time: 2.05 minutes
