Aug 30 17:32:40 INFO >> {"message": "Waiting for suitable server to become available", "selector": "Primary()", "operation": "find", "topologyDescription": "<TopologyDescription id: 66d202389b11e3488ff16b2b, topology_type: Unknown, servers: [<ServerDescription ('localhost', 27017) server_type: Unknown, rtt: None>]>", "clientId": {"$oid": "66d202389b11e3488ff16b2b"}, "remainingTimeMS": 29}
Aug 30 17:32:40 INFO >> Features initialized as the following:
Aug 30 17:32:40 INFO >> num_unique_dms
Aug 30 17:32:40 INFO >> num_unique_freqs
Aug 30 17:32:40 INFO >> ndetections
Aug 30 17:32:40 INFO >> nharm
Aug 30 17:32:40 INFO >> log_p_dm
Aug 30 17:32:40 INFO >> ['dm_sigma_FitGaussWidth_gauss_sigma', 'dm_sigma_FitGaussWidth_gauss_sigma_rel_err', 'dm_sigma_FitGaussWidth_ndof', 'dm_sigma_FitGaussWidth_rms_err']
Aug 30 17:32:40 INFO >> ['dm_sigma_FitGauss_amplitude', 'dm_sigma_FitGauss_mu', 'dm_sigma_FitGauss_gauss_sigma', 'dm_sigma_FitGauss_amplitude_rel_err', 'dm_sigma_FitGauss_mu_rel_err', 'dm_sigma_FitGauss_gauss_sigma_rel_err', 'dm_sigma_FitGauss_amplitude-detection', 'dm_sigma_FitGauss_mu-detection', 'dm_sigma_FitGauss_ndof', 'dm_sigma_FitGauss_rms_err']
Aug 30 17:32:40 INFO >> ['freq_sigma_FitGaussWidth_gauss_sigma', 'freq_sigma_FitGaussWidth_gauss_sigma_rel_err', 'freq_sigma_FitGaussWidth_ndof', 'freq_sigma_FitGaussWidth_rms_err']
Aug 30 17:32:40 INFO >> ['freq_sigma_FitGauss_amplitude', 'freq_sigma_FitGauss_mu', 'freq_sigma_FitGauss_gauss_sigma', 'freq_sigma_FitGauss_amplitude_rel_err', 'freq_sigma_FitGauss_mu_rel_err', 'freq_sigma_FitGauss_gauss_sigma_rel_err', 'freq_sigma_FitGauss_amplitude-detection', 'freq_sigma_FitGauss_mu-detection', 'freq_sigma_FitGauss_ndof', 'freq_sigma_FitGauss_rms_err']
Aug 30 17:32:40 INFO >> Performing searching on cumulative stack 315.95 49.23
Aug 30 17:32:40 INFO >> Loading the cumulative power spectra stack to search
Aug 30 17:33:37 INFO >> DM: 50.86060698166073
Aug 30 17:33:37 INFO >> sigma: 16.653110889881333
Aug 30 17:33:37 INFO >> frequency: 123.65634746910386
Aug 30 17:33:37 INFO >> Injecting 4 harmonics.
Aug 30 17:33:37 INFO >> Starting DM: 49.99177895492526
Aug 30 17:33:37 INFO >> Stopping DM: 51.71214381774657
Aug 30 17:33:37 INFO >> Expected detection at 10.42 sigma with 4 harmonics.
Aug 30 17:33:51 INFO >> Start searching 6558 dm trials using 32 harmonics.
Aug 30 17:33:57 INFO >> Moved power spectra to shared memory.
Aug 30 17:33:57 INFO >> Number of dm trials in single multi processing job: 10
Aug 30 17:34:37 INFO >> Total number of detections=15590
Aug 30 17:34:37 INFO >> Clustering the detections
Aug 30 17:34:37 INFO >> Starting clustering
Aug 30 17:34:37 INFO >> Rogue harmonic power filter reduced detections from 15590 to 8532
Aug 30 17:34:37 INFO >> Filtering out duplicate freq,dm detections at multiple nharms removes 792 detections
Aug 30 17:34:37 INFO >> Duplicate freq,dm filter reduced detections to 7740
Aug 30 17:34:37 INFO >> Number of detections over threshold sigma (6.0): 7740
Aug 30 17:34:37 INFO >> Grouping duplicate frequencies together first
Aug 30 17:34:37 INFO >> Grouping duplicate frequencies removed 7216 detections from the harmonic metric computation
Aug 30 17:34:37 INFO >> Starting freq-DM distance metric computation
Aug 30 17:34:38 INFO >> Finished freq-DM distance metric computation
Aug 30 17:34:38 INFO >> Largest group size for metric computation is 97
Aug 30 17:34:38 INFO >> Starting harmonic distance metric computation
Aug 30 17:34:39 INFO >> Finished harmonic distance metric computation
Aug 30 17:34:39 INFO >> Starting DBSCAN
Aug 30 17:34:39 INFO >> Finished DBSCAN
Aug 30 17:34:39 INFO >> Clusters found: 76
Aug 30 17:34:39 INFO >> Filtered 32 clusters below or equal 2 DM.
Aug 30 17:34:39 INFO >> Total number of candidate clusters=1
Aug 30 17:34:39 INFO >> Candidate Processor of stack (315.95 49.23)
Aug 30 17:34:39 INFO >> Making SinglePointingCandidates from a list of 1 PowerSpectraDetectionClusters
Aug 30 17:34:41 INFO >> saved candidates to ./results//injections/315.95_49.23_cumulative_power_spectra_stack_20220627_11_tpa.yml_(69,)_candidates.npz
Aug 30 17:34:41 INFO >> Injected Pulsars:     1
Aug 30 17:34:41 INFO >> Injection Candidates: 1
Aug 30 17:34:41 INFO >> Recovered Injections: 1
Aug 30 17:34:41 INFO >> 1 candidates.
Aug 30 17:34:41 INFO >> Best candidate: F0: 123.656 DM: 50.90 Sigma: 10.00
Aug 30 17:34:42 INFO >> Unlinked shared memory for cumulative stack.
Aug 30 17:34:42 INFO >> Pipeline execution time: 2.05 minutes
