Aug 30 17:03:27 INFO >> {"message": "Waiting for suitable server to become available", "selector": "Primary()", "operation": "find", "topologyDescription": "<TopologyDescription id: 66d1fb5fb86746219704fbe1, topology_type: Unknown, servers: [<ServerDescription ('localhost', 27017) server_type: Unknown, rtt: None>]>", "clientId": {"$oid": "66d1fb5fb86746219704fbe1"}, "remainingTimeMS": 29}
Aug 30 17:03:27 INFO >> Features initialized as the following:
Aug 30 17:03:27 INFO >> num_unique_dms
Aug 30 17:03:27 INFO >> num_unique_freqs
Aug 30 17:03:27 INFO >> ndetections
Aug 30 17:03:27 INFO >> nharm
Aug 30 17:03:27 INFO >> log_p_dm
Aug 30 17:03:27 INFO >> ['dm_sigma_FitGaussWidth_gauss_sigma', 'dm_sigma_FitGaussWidth_gauss_sigma_rel_err', 'dm_sigma_FitGaussWidth_ndof', 'dm_sigma_FitGaussWidth_rms_err']
Aug 30 17:03:27 INFO >> ['dm_sigma_FitGauss_amplitude', 'dm_sigma_FitGauss_mu', 'dm_sigma_FitGauss_gauss_sigma', 'dm_sigma_FitGauss_amplitude_rel_err', 'dm_sigma_FitGauss_mu_rel_err', 'dm_sigma_FitGauss_gauss_sigma_rel_err', 'dm_sigma_FitGauss_amplitude-detection', 'dm_sigma_FitGauss_mu-detection', 'dm_sigma_FitGauss_ndof', 'dm_sigma_FitGauss_rms_err']
Aug 30 17:03:27 INFO >> ['freq_sigma_FitGaussWidth_gauss_sigma', 'freq_sigma_FitGaussWidth_gauss_sigma_rel_err', 'freq_sigma_FitGaussWidth_ndof', 'freq_sigma_FitGaussWidth_rms_err']
Aug 30 17:03:27 INFO >> ['freq_sigma_FitGauss_amplitude', 'freq_sigma_FitGauss_mu', 'freq_sigma_FitGauss_gauss_sigma', 'freq_sigma_FitGauss_amplitude_rel_err', 'freq_sigma_FitGauss_mu_rel_err', 'freq_sigma_FitGauss_gauss_sigma_rel_err', 'freq_sigma_FitGauss_amplitude-detection', 'freq_sigma_FitGauss_mu-detection', 'freq_sigma_FitGauss_ndof', 'freq_sigma_FitGauss_rms_err']
Aug 30 17:03:27 INFO >> Performing searching on cumulative stack 315.95 49.23
Aug 30 17:03:27 INFO >> Loading the cumulative power spectra stack to search
Aug 30 17:04:24 INFO >> DM: 84.46798737418256
Aug 30 17:04:24 INFO >> sigma: 15.961650598496169
Aug 30 17:04:24 INFO >> frequency: 52.201211904412574
Aug 30 17:04:24 INFO >> Injecting 9 harmonics.
Aug 30 17:04:24 INFO >> Starting DM: 82.47631548231597
Aug 30 17:04:24 INFO >> Stopping DM: 86.42303487349427
Aug 30 17:04:24 INFO >> Expected detection at 13.13 sigma with 8 harmonics.
Aug 30 17:04:38 INFO >> Start searching 6558 dm trials using 32 harmonics.
Aug 30 17:04:44 INFO >> Moved power spectra to shared memory.
Aug 30 17:04:44 INFO >> Number of dm trials in single multi processing job: 10
Aug 30 17:05:24 INFO >> Total number of detections=15621
Aug 30 17:05:24 INFO >> Clustering the detections
Aug 30 17:05:24 INFO >> Starting clustering
Aug 30 17:05:24 INFO >> Rogue harmonic power filter reduced detections from 15621 to 8563
Aug 30 17:05:24 INFO >> Filtering out duplicate freq,dm detections at multiple nharms removes 798 detections
Aug 30 17:05:24 INFO >> Duplicate freq,dm filter reduced detections to 7765
Aug 30 17:05:24 INFO >> Number of detections over threshold sigma (6.0): 7765
Aug 30 17:05:24 INFO >> Grouping duplicate frequencies together first
Aug 30 17:05:24 INFO >> Grouping duplicate frequencies removed 7234 detections from the harmonic metric computation
Aug 30 17:05:24 INFO >> Starting freq-DM distance metric computation
Aug 30 17:05:25 INFO >> Finished freq-DM distance metric computation
Aug 30 17:05:25 INFO >> Largest group size for metric computation is 110
Aug 30 17:05:25 INFO >> Starting harmonic distance metric computation
Aug 30 17:05:26 INFO >> Finished harmonic distance metric computation
Aug 30 17:05:26 INFO >> Starting DBSCAN
Aug 30 17:05:26 INFO >> Finished DBSCAN
Aug 30 17:05:26 INFO >> Clusters found: 76
Aug 30 17:05:26 INFO >> Filtered 32 clusters below or equal 2 DM.
Aug 30 17:05:26 INFO >> Total number of candidate clusters=1
Aug 30 17:05:26 INFO >> Candidate Processor of stack (315.95 49.23)
Aug 30 17:05:26 INFO >> Making SinglePointingCandidates from a list of 1 PowerSpectraDetectionClusters
Aug 30 17:05:28 INFO >> saved candidates to ./results//injections/315.95_49.23_cumulative_power_spectra_stack_20220627_11_tpa.yml_(55,)_candidates.npz
Aug 30 17:05:28 INFO >> Injected Pulsars:     1
Aug 30 17:05:28 INFO >> Injection Candidates: 1
Aug 30 17:05:28 INFO >> Recovered Injections: 1
Aug 30 17:05:28 INFO >> 1 candidates.
Aug 30 17:05:28 INFO >> Best candidate: F0: 52.201 DM: 84.50 Sigma: 12.95
Aug 30 17:05:29 INFO >> Unlinked shared memory for cumulative stack.
Aug 30 17:05:29 INFO >> Pipeline execution time: 2.04 minutes
