Aug 30 15:33:46 INFO >> {"message": "Waiting for suitable server to become available", "selector": "Primary()", "operation": "find", "topologyDescription": "<TopologyDescription id: 66d1e65aabc7a82dfdd9d0c6, topology_type: Unknown, servers: [<ServerDescription ('localhost', 27017) server_type: Unknown, rtt: None>]>", "clientId": {"$oid": "66d1e65aabc7a82dfdd9d0c6"}, "remainingTimeMS": 29}
Aug 30 15:33:46 INFO >> Features initialized as the following:
Aug 30 15:33:46 INFO >> num_unique_dms
Aug 30 15:33:46 INFO >> num_unique_freqs
Aug 30 15:33:46 INFO >> ndetections
Aug 30 15:33:46 INFO >> nharm
Aug 30 15:33:46 INFO >> log_p_dm
Aug 30 15:33:46 INFO >> ['dm_sigma_FitGaussWidth_gauss_sigma', 'dm_sigma_FitGaussWidth_gauss_sigma_rel_err', 'dm_sigma_FitGaussWidth_ndof', 'dm_sigma_FitGaussWidth_rms_err']
Aug 30 15:33:46 INFO >> ['dm_sigma_FitGauss_amplitude', 'dm_sigma_FitGauss_mu', 'dm_sigma_FitGauss_gauss_sigma', 'dm_sigma_FitGauss_amplitude_rel_err', 'dm_sigma_FitGauss_mu_rel_err', 'dm_sigma_FitGauss_gauss_sigma_rel_err', 'dm_sigma_FitGauss_amplitude-detection', 'dm_sigma_FitGauss_mu-detection', 'dm_sigma_FitGauss_ndof', 'dm_sigma_FitGauss_rms_err']
Aug 30 15:33:46 INFO >> ['freq_sigma_FitGaussWidth_gauss_sigma', 'freq_sigma_FitGaussWidth_gauss_sigma_rel_err', 'freq_sigma_FitGaussWidth_ndof', 'freq_sigma_FitGaussWidth_rms_err']
Aug 30 15:33:46 INFO >> ['freq_sigma_FitGauss_amplitude', 'freq_sigma_FitGauss_mu', 'freq_sigma_FitGauss_gauss_sigma', 'freq_sigma_FitGauss_amplitude_rel_err', 'freq_sigma_FitGauss_mu_rel_err', 'freq_sigma_FitGauss_gauss_sigma_rel_err', 'freq_sigma_FitGauss_amplitude-detection', 'freq_sigma_FitGauss_mu-detection', 'freq_sigma_FitGauss_ndof', 'freq_sigma_FitGauss_rms_err']
Aug 30 15:33:47 INFO >> Performing searching on cumulative stack 315.95 49.23
Aug 30 15:33:47 INFO >> Loading the cumulative power spectra stack to search
Aug 30 15:34:44 INFO >> DM: 76.99144519529925
Aug 30 15:34:44 INFO >> sigma: 10.562974442673738
Aug 30 15:34:44 INFO >> frequency: 14.323756163631215
Aug 30 15:34:44 INFO >> Injecting 35 harmonics.
Aug 30 15:34:44 INFO >> Starting DM: 69.82657384392395
Aug 30 15:34:44 INFO >> Stopping DM: 84.19668034513728
Aug 30 15:34:44 INFO >> Expected detection at 10.08 sigma with 32 harmonics.
Aug 30 15:34:58 INFO >> Start searching 6558 dm trials using 32 harmonics.
Aug 30 15:35:04 INFO >> Moved power spectra to shared memory.
Aug 30 15:35:04 INFO >> Number of dm trials in single multi processing job: 10
Aug 30 15:35:45 INFO >> Total number of detections=15589
Aug 30 15:35:45 INFO >> Clustering the detections
Aug 30 15:35:45 INFO >> Starting clustering
Aug 30 15:35:45 INFO >> Rogue harmonic power filter reduced detections from 15589 to 8531
Aug 30 15:35:45 INFO >> Filtering out duplicate freq,dm detections at multiple nharms removes 790 detections
Aug 30 15:35:45 INFO >> Duplicate freq,dm filter reduced detections to 7741
Aug 30 15:35:45 INFO >> Number of detections over threshold sigma (6.0): 7741
Aug 30 15:35:45 INFO >> Grouping duplicate frequencies together first
Aug 30 15:35:45 INFO >> Grouping duplicate frequencies removed 7219 detections from the harmonic metric computation
Aug 30 15:35:45 INFO >> Starting freq-DM distance metric computation
Aug 30 15:35:45 INFO >> Finished freq-DM distance metric computation
Aug 30 15:35:46 INFO >> Largest group size for metric computation is 97
Aug 30 15:35:46 INFO >> Starting harmonic distance metric computation
Aug 30 15:35:46 INFO >> Finished harmonic distance metric computation
Aug 30 15:35:46 INFO >> Starting DBSCAN
Aug 30 15:35:46 INFO >> Finished DBSCAN
Aug 30 15:35:46 INFO >> Clusters found: 76
Aug 30 15:35:46 INFO >> Filtered 32 clusters below or equal 2 DM.
Aug 30 15:35:46 INFO >> Total number of candidate clusters=1
Aug 30 15:35:46 INFO >> Candidate Processor of stack (315.95 49.23)
Aug 30 15:35:46 INFO >> Making SinglePointingCandidates from a list of 1 PowerSpectraDetectionClusters
Aug 30 15:35:49 INFO >> saved candidates to ./results//injections/315.95_49.23_cumulative_power_spectra_stack_20220627_11_tpa.yml_(12,)_candidates.npz
Aug 30 15:35:49 INFO >> Injected Pulsars:     1
Aug 30 15:35:49 INFO >> Injection Candidates: 1
Aug 30 15:35:49 INFO >> Recovered Injections: 1
Aug 30 15:35:49 INFO >> 1 candidates.
Aug 30 15:35:49 INFO >> Best candidate: F0: 14.324 DM: 77.01 Sigma: 9.97
Aug 30 15:35:50 INFO >> Unlinked shared memory for cumulative stack.
Aug 30 15:35:50 INFO >> Pipeline execution time: 2.06 minutes
