Aug 30 15:50:29 INFO >> {"message": "Waiting for suitable server to become available", "selector": "Primary()", "operation": "find", "topologyDescription": "<TopologyDescription id: 66d1ea45f68e7221c1829dbc, topology_type: Unknown, servers: [<ServerDescription ('localhost', 27017) server_type: Unknown, rtt: None>]>", "clientId": {"$oid": "66d1ea45f68e7221c1829dbc"}, "remainingTimeMS": 29}
Aug 30 15:50:29 INFO >> Features initialized as the following:
Aug 30 15:50:29 INFO >> num_unique_dms
Aug 30 15:50:29 INFO >> num_unique_freqs
Aug 30 15:50:29 INFO >> ndetections
Aug 30 15:50:29 INFO >> nharm
Aug 30 15:50:29 INFO >> log_p_dm
Aug 30 15:50:29 INFO >> ['dm_sigma_FitGaussWidth_gauss_sigma', 'dm_sigma_FitGaussWidth_gauss_sigma_rel_err', 'dm_sigma_FitGaussWidth_ndof', 'dm_sigma_FitGaussWidth_rms_err']
Aug 30 15:50:29 INFO >> ['dm_sigma_FitGauss_amplitude', 'dm_sigma_FitGauss_mu', 'dm_sigma_FitGauss_gauss_sigma', 'dm_sigma_FitGauss_amplitude_rel_err', 'dm_sigma_FitGauss_mu_rel_err', 'dm_sigma_FitGauss_gauss_sigma_rel_err', 'dm_sigma_FitGauss_amplitude-detection', 'dm_sigma_FitGauss_mu-detection', 'dm_sigma_FitGauss_ndof', 'dm_sigma_FitGauss_rms_err']
Aug 30 15:50:29 INFO >> ['freq_sigma_FitGaussWidth_gauss_sigma', 'freq_sigma_FitGaussWidth_gauss_sigma_rel_err', 'freq_sigma_FitGaussWidth_ndof', 'freq_sigma_FitGaussWidth_rms_err']
Aug 30 15:50:29 INFO >> ['freq_sigma_FitGauss_amplitude', 'freq_sigma_FitGauss_mu', 'freq_sigma_FitGauss_gauss_sigma', 'freq_sigma_FitGauss_amplitude_rel_err', 'freq_sigma_FitGauss_mu_rel_err', 'freq_sigma_FitGauss_gauss_sigma_rel_err', 'freq_sigma_FitGauss_amplitude-detection', 'freq_sigma_FitGauss_mu-detection', 'freq_sigma_FitGauss_ndof', 'freq_sigma_FitGauss_rms_err']
Aug 30 15:50:29 INFO >> Performing searching on cumulative stack 315.95 49.23
Aug 30 15:50:29 INFO >> Loading the cumulative power spectra stack to search
Aug 30 15:51:26 INFO >> DM: 58.13116271796152
Aug 30 15:51:26 INFO >> sigma: 7.723039990216325
Aug 30 15:51:26 INFO >> frequency: 163.01092834480283
Aug 30 15:51:26 INFO >> Injecting 3 harmonics.
Aug 30 15:51:26 INFO >> Starting DM: 57.48042600485334
Aug 30 15:51:26 INFO >> Stopping DM: 58.79599913524611
Aug 30 15:51:26 INFO >> Expected detection at 3.81 sigma with 2 harmonics.
Aug 30 15:51:40 INFO >> Start searching 6558 dm trials using 32 harmonics.
Aug 30 15:51:46 INFO >> Moved power spectra to shared memory.
Aug 30 15:51:46 INFO >> Number of dm trials in single multi processing job: 10
Aug 30 15:52:26 INFO >> Total number of detections=15577
Aug 30 15:52:26 INFO >> Clustering the detections
Aug 30 15:52:26 INFO >> Starting clustering
Aug 30 15:52:26 INFO >> Rogue harmonic power filter reduced detections from 15577 to 8519
Aug 30 15:52:26 INFO >> Filtering out duplicate freq,dm detections at multiple nharms removes 787 detections
Aug 30 15:52:26 INFO >> Duplicate freq,dm filter reduced detections to 7732
Aug 30 15:52:26 INFO >> Number of detections over threshold sigma (6.0): 7732
Aug 30 15:52:26 INFO >> Grouping duplicate frequencies together first
Aug 30 15:52:26 INFO >> Grouping duplicate frequencies removed 7214 detections from the harmonic metric computation
Aug 30 15:52:26 INFO >> Starting freq-DM distance metric computation
Aug 30 15:52:27 INFO >> Finished freq-DM distance metric computation
Aug 30 15:52:27 INFO >> Largest group size for metric computation is 97
Aug 30 15:52:27 INFO >> Starting harmonic distance metric computation
Aug 30 15:52:28 INFO >> Finished harmonic distance metric computation
Aug 30 15:52:28 INFO >> Starting DBSCAN
Aug 30 15:52:28 INFO >> Finished DBSCAN
Aug 30 15:52:28 INFO >> Clusters found: 75
Aug 30 15:52:28 INFO >> Filtered 32 clusters below or equal 2 DM.
Aug 30 15:52:28 INFO >> Total number of candidate clusters=0
Aug 30 15:52:28 INFO >> Candidate Processor of stack (315.95 49.23)
Aug 30 15:52:28 INFO >> Making SinglePointingCandidates from a list of 0 PowerSpectraDetectionClusters
Aug 30 15:52:30 INFO >> saved candidates to ./results//injections/315.95_49.23_cumulative_power_spectra_stack_20220627_11_tpa.yml_(20,)_candidates.npz
Aug 30 15:52:30 INFO >> Injected Pulsars:     1
Aug 30 15:52:30 INFO >> Injection Candidates: 0
Aug 30 15:52:30 INFO >> Recovered Injections: 0
Aug 30 15:52:30 INFO >> 0 candidates.
Aug 30 15:52:31 INFO >> Unlinked shared memory for cumulative stack.
Aug 30 15:52:31 INFO >> Pipeline execution time: 2.04 minutes
