Aug 30 21:41:05 INFO >> {"message": "Waiting for suitable server to become available", "selector": "Primary()", "operation": "find", "topologyDescription": "<TopologyDescription id: 66d23c71325c21614e0c9b2b, topology_type: Unknown, servers: [<ServerDescription ('localhost', 27017) server_type: Unknown, rtt: None>]>", "clientId": {"$oid": "66d23c71325c21614e0c9b2b"}, "remainingTimeMS": 29}
Aug 30 21:41:05 INFO >> Features initialized as the following:
Aug 30 21:41:05 INFO >> num_unique_dms
Aug 30 21:41:05 INFO >> num_unique_freqs
Aug 30 21:41:05 INFO >> ndetections
Aug 30 21:41:05 INFO >> nharm
Aug 30 21:41:05 INFO >> log_p_dm
Aug 30 21:41:05 INFO >> ['dm_sigma_FitGaussWidth_gauss_sigma', 'dm_sigma_FitGaussWidth_gauss_sigma_rel_err', 'dm_sigma_FitGaussWidth_ndof', 'dm_sigma_FitGaussWidth_rms_err']
Aug 30 21:41:05 INFO >> ['dm_sigma_FitGauss_amplitude', 'dm_sigma_FitGauss_mu', 'dm_sigma_FitGauss_gauss_sigma', 'dm_sigma_FitGauss_amplitude_rel_err', 'dm_sigma_FitGauss_mu_rel_err', 'dm_sigma_FitGauss_gauss_sigma_rel_err', 'dm_sigma_FitGauss_amplitude-detection', 'dm_sigma_FitGauss_mu-detection', 'dm_sigma_FitGauss_ndof', 'dm_sigma_FitGauss_rms_err']
Aug 30 21:41:05 INFO >> ['freq_sigma_FitGaussWidth_gauss_sigma', 'freq_sigma_FitGaussWidth_gauss_sigma_rel_err', 'freq_sigma_FitGaussWidth_ndof', 'freq_sigma_FitGaussWidth_rms_err']
Aug 30 21:41:05 INFO >> ['freq_sigma_FitGauss_amplitude', 'freq_sigma_FitGauss_mu', 'freq_sigma_FitGauss_gauss_sigma', 'freq_sigma_FitGauss_amplitude_rel_err', 'freq_sigma_FitGauss_mu_rel_err', 'freq_sigma_FitGauss_gauss_sigma_rel_err', 'freq_sigma_FitGauss_amplitude-detection', 'freq_sigma_FitGauss_mu-detection', 'freq_sigma_FitGauss_ndof', 'freq_sigma_FitGauss_rms_err']
Aug 30 21:41:06 INFO >> Performing searching on cumulative stack 315.95 49.23
Aug 30 21:41:06 INFO >> Loading the cumulative power spectra stack to search
Aug 30 21:42:03 INFO >> DM: 155.69029357563218
Aug 30 21:42:03 INFO >> sigma: 6.484547894608883
Aug 30 21:42:03 INFO >> frequency: 21.89477155788555
Aug 30 21:42:03 INFO >> Injecting 23 harmonics.
Aug 30 21:42:03 INFO >> Starting DM: 150.98731619584714
Aug 30 21:42:03 INFO >> Stopping DM: 160.39872397481082
Aug 30 21:42:03 INFO >> Expected detection at 7.03 sigma with 8 harmonics.
Aug 30 21:42:17 INFO >> Start searching 6558 dm trials using 32 harmonics.
Aug 30 21:42:22 INFO >> Moved power spectra to shared memory.
Aug 30 21:42:22 INFO >> Number of dm trials in single multi processing job: 10
Aug 30 21:43:03 INFO >> Total number of detections=15587
Aug 30 21:43:03 INFO >> Clustering the detections
Aug 30 21:43:03 INFO >> Starting clustering
Aug 30 21:43:03 INFO >> Rogue harmonic power filter reduced detections from 15587 to 8529
Aug 30 21:43:03 INFO >> Filtering out duplicate freq,dm detections at multiple nharms removes 788 detections
Aug 30 21:43:03 INFO >> Duplicate freq,dm filter reduced detections to 7741
Aug 30 21:43:03 INFO >> Number of detections over threshold sigma (6.0): 7741
Aug 30 21:43:03 INFO >> Grouping duplicate frequencies together first
Aug 30 21:43:03 INFO >> Grouping duplicate frequencies removed 7220 detections from the harmonic metric computation
Aug 30 21:43:03 INFO >> Starting freq-DM distance metric computation
Aug 30 21:43:04 INFO >> Finished freq-DM distance metric computation
Aug 30 21:43:04 INFO >> Largest group size for metric computation is 97
Aug 30 21:43:04 INFO >> Starting harmonic distance metric computation
Aug 30 21:43:05 INFO >> Finished harmonic distance metric computation
Aug 30 21:43:05 INFO >> Starting DBSCAN
Aug 30 21:43:05 INFO >> Finished DBSCAN
Aug 30 21:43:05 INFO >> Clusters found: 76
Aug 30 21:43:05 INFO >> Filtered 32 clusters below or equal 2 DM.
Aug 30 21:43:05 INFO >> Total number of candidate clusters=1
Aug 30 21:43:05 INFO >> Candidate Processor of stack (315.95 49.23)
Aug 30 21:43:05 INFO >> Making SinglePointingCandidates from a list of 1 PowerSpectraDetectionClusters
Aug 30 21:43:07 INFO >> saved candidates to ./results//injections/315.95_49.23_cumulative_power_spectra_stack_20220627_11_tpa.yml_(188,)_candidates.npz
Aug 30 21:43:07 INFO >> Injected Pulsars:     1
Aug 30 21:43:07 INFO >> Injection Candidates: 1
Aug 30 21:43:07 INFO >> Recovered Injections: 1
Aug 30 21:43:07 INFO >> 1 candidates.
Aug 30 21:43:07 INFO >> Best candidate: F0: 21.895 DM: 155.64 Sigma: 7.51
Aug 30 21:43:08 INFO >> Unlinked shared memory for cumulative stack.
Aug 30 21:43:08 INFO >> Pipeline execution time: 2.05 minutes
