Aug 30 16:19:38 INFO >> {"message": "Waiting for suitable server to become available", "selector": "Primary()", "operation": "find", "topologyDescription": "<TopologyDescription id: 66d1f11a863676eb9b4bb15d, topology_type: Unknown, servers: [<ServerDescription ('localhost', 27017) server_type: Unknown, rtt: None>]>", "clientId": {"$oid": "66d1f11a863676eb9b4bb15d"}, "remainingTimeMS": 29}
Aug 30 16:19:39 INFO >> Features initialized as the following:
Aug 30 16:19:39 INFO >> num_unique_dms
Aug 30 16:19:39 INFO >> num_unique_freqs
Aug 30 16:19:39 INFO >> ndetections
Aug 30 16:19:39 INFO >> nharm
Aug 30 16:19:39 INFO >> log_p_dm
Aug 30 16:19:39 INFO >> ['dm_sigma_FitGaussWidth_gauss_sigma', 'dm_sigma_FitGaussWidth_gauss_sigma_rel_err', 'dm_sigma_FitGaussWidth_ndof', 'dm_sigma_FitGaussWidth_rms_err']
Aug 30 16:19:39 INFO >> ['dm_sigma_FitGauss_amplitude', 'dm_sigma_FitGauss_mu', 'dm_sigma_FitGauss_gauss_sigma', 'dm_sigma_FitGauss_amplitude_rel_err', 'dm_sigma_FitGauss_mu_rel_err', 'dm_sigma_FitGauss_gauss_sigma_rel_err', 'dm_sigma_FitGauss_amplitude-detection', 'dm_sigma_FitGauss_mu-detection', 'dm_sigma_FitGauss_ndof', 'dm_sigma_FitGauss_rms_err']
Aug 30 16:19:39 INFO >> ['freq_sigma_FitGaussWidth_gauss_sigma', 'freq_sigma_FitGaussWidth_gauss_sigma_rel_err', 'freq_sigma_FitGaussWidth_ndof', 'freq_sigma_FitGaussWidth_rms_err']
Aug 30 16:19:39 INFO >> ['freq_sigma_FitGauss_amplitude', 'freq_sigma_FitGauss_mu', 'freq_sigma_FitGauss_gauss_sigma', 'freq_sigma_FitGauss_amplitude_rel_err', 'freq_sigma_FitGauss_mu_rel_err', 'freq_sigma_FitGauss_gauss_sigma_rel_err', 'freq_sigma_FitGauss_amplitude-detection', 'freq_sigma_FitGauss_mu-detection', 'freq_sigma_FitGauss_ndof', 'freq_sigma_FitGauss_rms_err']
Aug 30 16:19:39 INFO >> Performing searching on cumulative stack 315.95 49.23
Aug 30 16:19:39 INFO >> Loading the cumulative power spectra stack to search
Aug 30 16:20:36 INFO >> DM: 166.56297273102075
Aug 30 16:20:36 INFO >> sigma: 14.18195220188785
Aug 30 16:20:36 INFO >> frequency: 82.65206628042738
Aug 30 16:20:36 INFO >> Injecting 6 harmonics.
Aug 30 16:20:36 INFO >> Starting DM: 165.35742269706046
Aug 30 16:20:36 INFO >> Stopping DM: 167.78617309163172
Aug 30 16:20:36 INFO >> Expected detection at 11.19 sigma with 4 harmonics.
Aug 30 16:20:50 INFO >> Start searching 6558 dm trials using 32 harmonics.
Aug 30 16:20:56 INFO >> Moved power spectra to shared memory.
Aug 30 16:20:56 INFO >> Number of dm trials in single multi processing job: 10
Aug 30 16:21:36 INFO >> Total number of detections=15603
Aug 30 16:21:36 INFO >> Clustering the detections
Aug 30 16:21:36 INFO >> Starting clustering
Aug 30 16:21:36 INFO >> Rogue harmonic power filter reduced detections from 15603 to 8545
Aug 30 16:21:36 INFO >> Filtering out duplicate freq,dm detections at multiple nharms removes 801 detections
Aug 30 16:21:36 INFO >> Duplicate freq,dm filter reduced detections to 7744
Aug 30 16:21:36 INFO >> Number of detections over threshold sigma (6.0): 7744
Aug 30 16:21:36 INFO >> Grouping duplicate frequencies together first
Aug 30 16:21:36 INFO >> Grouping duplicate frequencies removed 7221 detections from the harmonic metric computation
Aug 30 16:21:36 INFO >> Starting freq-DM distance metric computation
Aug 30 16:21:36 INFO >> Finished freq-DM distance metric computation
Aug 30 16:21:37 INFO >> Largest group size for metric computation is 102
Aug 30 16:21:37 INFO >> Starting harmonic distance metric computation
Aug 30 16:21:37 INFO >> Finished harmonic distance metric computation
Aug 30 16:21:37 INFO >> Starting DBSCAN
Aug 30 16:21:37 INFO >> Finished DBSCAN
Aug 30 16:21:37 INFO >> Clusters found: 76
Aug 30 16:21:38 INFO >> Filtered 32 clusters below or equal 2 DM.
Aug 30 16:21:38 INFO >> Total number of candidate clusters=1
Aug 30 16:21:38 INFO >> Candidate Processor of stack (315.95 49.23)
Aug 30 16:21:38 INFO >> Making SinglePointingCandidates from a list of 1 PowerSpectraDetectionClusters
Aug 30 16:21:40 INFO >> saved candidates to ./results//injections/315.95_49.23_cumulative_power_spectra_stack_20220627_11_tpa.yml_(34,)_candidates.npz
Aug 30 16:21:40 INFO >> Injected Pulsars:     1
Aug 30 16:21:40 INFO >> Injection Candidates: 1
Aug 30 16:21:40 INFO >> Recovered Injections: 1
Aug 30 16:21:40 INFO >> 1 candidates.
Aug 30 16:21:40 INFO >> Best candidate: F0: 82.652 DM: 166.57 Sigma: 10.83
Aug 30 16:21:41 INFO >> Unlinked shared memory for cumulative stack.
Aug 30 16:21:41 INFO >> Pipeline execution time: 2.04 minutes
