Aug 30 21:03:26 INFO >> {"message": "Waiting for suitable server to become available", "selector": "Primary()", "operation": "find", "topologyDescription": "<TopologyDescription id: 66d2339edd588550e09ea729, topology_type: Unknown, servers: [<ServerDescription ('localhost', 27017) server_type: Unknown, rtt: None>]>", "clientId": {"$oid": "66d2339edd588550e09ea729"}, "remainingTimeMS": 29}
Aug 30 21:03:26 INFO >> Features initialized as the following:
Aug 30 21:03:26 INFO >> num_unique_dms
Aug 30 21:03:26 INFO >> num_unique_freqs
Aug 30 21:03:26 INFO >> ndetections
Aug 30 21:03:26 INFO >> nharm
Aug 30 21:03:26 INFO >> log_p_dm
Aug 30 21:03:26 INFO >> ['dm_sigma_FitGaussWidth_gauss_sigma', 'dm_sigma_FitGaussWidth_gauss_sigma_rel_err', 'dm_sigma_FitGaussWidth_ndof', 'dm_sigma_FitGaussWidth_rms_err']
Aug 30 21:03:26 INFO >> ['dm_sigma_FitGauss_amplitude', 'dm_sigma_FitGauss_mu', 'dm_sigma_FitGauss_gauss_sigma', 'dm_sigma_FitGauss_amplitude_rel_err', 'dm_sigma_FitGauss_mu_rel_err', 'dm_sigma_FitGauss_gauss_sigma_rel_err', 'dm_sigma_FitGauss_amplitude-detection', 'dm_sigma_FitGauss_mu-detection', 'dm_sigma_FitGauss_ndof', 'dm_sigma_FitGauss_rms_err']
Aug 30 21:03:26 INFO >> ['freq_sigma_FitGaussWidth_gauss_sigma', 'freq_sigma_FitGaussWidth_gauss_sigma_rel_err', 'freq_sigma_FitGaussWidth_ndof', 'freq_sigma_FitGaussWidth_rms_err']
Aug 30 21:03:26 INFO >> ['freq_sigma_FitGauss_amplitude', 'freq_sigma_FitGauss_mu', 'freq_sigma_FitGauss_gauss_sigma', 'freq_sigma_FitGauss_amplitude_rel_err', 'freq_sigma_FitGauss_mu_rel_err', 'freq_sigma_FitGauss_gauss_sigma_rel_err', 'freq_sigma_FitGauss_amplitude-detection', 'freq_sigma_FitGauss_mu-detection', 'freq_sigma_FitGauss_ndof', 'freq_sigma_FitGauss_rms_err']
Aug 30 21:03:26 INFO >> Performing searching on cumulative stack 315.95 49.23
Aug 30 21:03:26 INFO >> Loading the cumulative power spectra stack to search
Aug 30 21:04:23 INFO >> DM: 16.665423839102026
Aug 30 21:04:23 INFO >> sigma: 10.529012887479796
Aug 30 21:04:23 INFO >> frequency: 149.2450682497336
Aug 30 21:04:23 INFO >> Injecting 3 harmonics.
Aug 30 21:04:23 INFO >> Starting DM: 15.989273430927511
Aug 30 21:04:23 INFO >> Stopping DM: 17.304846561320282
Aug 30 21:04:23 INFO >> Expected detection at 4.48 sigma with 2 harmonics.
Aug 30 21:04:37 INFO >> Start searching 6558 dm trials using 32 harmonics.
Aug 30 21:04:43 INFO >> Moved power spectra to shared memory.
Aug 30 21:04:43 INFO >> Number of dm trials in single multi processing job: 10
Aug 30 21:05:24 INFO >> Total number of detections=15577
Aug 30 21:05:24 INFO >> Clustering the detections
Aug 30 21:05:24 INFO >> Starting clustering
Aug 30 21:05:24 INFO >> Rogue harmonic power filter reduced detections from 15577 to 8519
Aug 30 21:05:24 INFO >> Filtering out duplicate freq,dm detections at multiple nharms removes 787 detections
Aug 30 21:05:24 INFO >> Duplicate freq,dm filter reduced detections to 7732
Aug 30 21:05:24 INFO >> Number of detections over threshold sigma (6.0): 7732
Aug 30 21:05:24 INFO >> Grouping duplicate frequencies together first
Aug 30 21:05:24 INFO >> Grouping duplicate frequencies removed 7214 detections from the harmonic metric computation
Aug 30 21:05:24 INFO >> Starting freq-DM distance metric computation
Aug 30 21:05:24 INFO >> Finished freq-DM distance metric computation
Aug 30 21:05:25 INFO >> Largest group size for metric computation is 97
Aug 30 21:05:25 INFO >> Starting harmonic distance metric computation
Aug 30 21:05:25 INFO >> Finished harmonic distance metric computation
Aug 30 21:05:25 INFO >> Starting DBSCAN
Aug 30 21:05:25 INFO >> Finished DBSCAN
Aug 30 21:05:25 INFO >> Clusters found: 75
Aug 30 21:05:25 INFO >> Filtered 32 clusters below or equal 2 DM.
Aug 30 21:05:25 INFO >> Total number of candidate clusters=0
Aug 30 21:05:25 INFO >> Candidate Processor of stack (315.95 49.23)
Aug 30 21:05:25 INFO >> Making SinglePointingCandidates from a list of 0 PowerSpectraDetectionClusters
Aug 30 21:05:27 INFO >> saved candidates to ./results//injections/315.95_49.23_cumulative_power_spectra_stack_20220627_11_tpa.yml_(170,)_candidates.npz
Aug 30 21:05:27 INFO >> Injected Pulsars:     1
Aug 30 21:05:27 INFO >> Injection Candidates: 0
Aug 30 21:05:27 INFO >> Recovered Injections: 0
Aug 30 21:05:27 INFO >> 0 candidates.
Aug 30 21:05:29 INFO >> Unlinked shared memory for cumulative stack.
Aug 30 21:05:29 INFO >> Pipeline execution time: 2.05 minutes
