Aug 30 21:34:47 INFO >> {"message": "Waiting for suitable server to become available", "selector": "Primary()", "operation": "find", "topologyDescription": "<TopologyDescription id: 66d23af7a3639dda6c38fc15, topology_type: Unknown, servers: [<ServerDescription ('localhost', 27017) server_type: Unknown, rtt: None>]>", "clientId": {"$oid": "66d23af7a3639dda6c38fc15"}, "remainingTimeMS": 29}
Aug 30 21:34:47 INFO >> Features initialized as the following:
Aug 30 21:34:47 INFO >> num_unique_dms
Aug 30 21:34:47 INFO >> num_unique_freqs
Aug 30 21:34:47 INFO >> ndetections
Aug 30 21:34:47 INFO >> nharm
Aug 30 21:34:47 INFO >> log_p_dm
Aug 30 21:34:47 INFO >> ['dm_sigma_FitGaussWidth_gauss_sigma', 'dm_sigma_FitGaussWidth_gauss_sigma_rel_err', 'dm_sigma_FitGaussWidth_ndof', 'dm_sigma_FitGaussWidth_rms_err']
Aug 30 21:34:47 INFO >> ['dm_sigma_FitGauss_amplitude', 'dm_sigma_FitGauss_mu', 'dm_sigma_FitGauss_gauss_sigma', 'dm_sigma_FitGauss_amplitude_rel_err', 'dm_sigma_FitGauss_mu_rel_err', 'dm_sigma_FitGauss_gauss_sigma_rel_err', 'dm_sigma_FitGauss_amplitude-detection', 'dm_sigma_FitGauss_mu-detection', 'dm_sigma_FitGauss_ndof', 'dm_sigma_FitGauss_rms_err']
Aug 30 21:34:47 INFO >> ['freq_sigma_FitGaussWidth_gauss_sigma', 'freq_sigma_FitGaussWidth_gauss_sigma_rel_err', 'freq_sigma_FitGaussWidth_ndof', 'freq_sigma_FitGaussWidth_rms_err']
Aug 30 21:34:47 INFO >> ['freq_sigma_FitGauss_amplitude', 'freq_sigma_FitGauss_mu', 'freq_sigma_FitGauss_gauss_sigma', 'freq_sigma_FitGauss_amplitude_rel_err', 'freq_sigma_FitGauss_mu_rel_err', 'freq_sigma_FitGauss_gauss_sigma_rel_err', 'freq_sigma_FitGauss_amplitude-detection', 'freq_sigma_FitGauss_mu-detection', 'freq_sigma_FitGauss_ndof', 'freq_sigma_FitGauss_rms_err']
Aug 30 21:34:47 INFO >> Performing searching on cumulative stack 315.95 49.23
Aug 30 21:34:47 INFO >> Loading the cumulative power spectra stack to search
Aug 30 21:35:45 INFO >> DM: 71.14771497363904
Aug 30 21:35:45 INFO >> sigma: 12.294219967885594
Aug 30 21:35:45 INFO >> frequency: 26.839837793729792
Aug 30 21:35:45 INFO >> Injecting 18 harmonics.
Aug 30 21:35:45 INFO >> Starting DM: 67.29662551624554
Aug 30 21:35:45 INFO >> Stopping DM: 74.98766843238788
Aug 30 21:35:45 INFO >> Expected detection at 9.57 sigma with 16 harmonics.
Aug 30 21:35:59 INFO >> Start searching 6558 dm trials using 32 harmonics.
Aug 30 21:36:05 INFO >> Moved power spectra to shared memory.
Aug 30 21:36:05 INFO >> Number of dm trials in single multi processing job: 10
Aug 30 21:36:46 INFO >> Total number of detections=15588
Aug 30 21:36:46 INFO >> Clustering the detections
Aug 30 21:36:46 INFO >> Starting clustering
Aug 30 21:36:46 INFO >> Rogue harmonic power filter reduced detections from 15588 to 8530
Aug 30 21:36:46 INFO >> Filtering out duplicate freq,dm detections at multiple nharms removes 788 detections
Aug 30 21:36:46 INFO >> Duplicate freq,dm filter reduced detections to 7742
Aug 30 21:36:46 INFO >> Number of detections over threshold sigma (6.0): 7742
Aug 30 21:36:46 INFO >> Grouping duplicate frequencies together first
Aug 30 21:36:46 INFO >> Grouping duplicate frequencies removed 7218 detections from the harmonic metric computation
Aug 30 21:36:46 INFO >> Starting freq-DM distance metric computation
Aug 30 21:36:47 INFO >> Finished freq-DM distance metric computation
Aug 30 21:36:47 INFO >> Largest group size for metric computation is 97
Aug 30 21:36:47 INFO >> Starting harmonic distance metric computation
Aug 30 21:36:47 INFO >> Finished harmonic distance metric computation
Aug 30 21:36:47 INFO >> Starting DBSCAN
Aug 30 21:36:48 INFO >> Finished DBSCAN
Aug 30 21:36:48 INFO >> Clusters found: 76
Aug 30 21:36:48 INFO >> Filtered 32 clusters below or equal 2 DM.
Aug 30 21:36:48 INFO >> Total number of candidate clusters=1
Aug 30 21:36:48 INFO >> Candidate Processor of stack (315.95 49.23)
Aug 30 21:36:48 INFO >> Making SinglePointingCandidates from a list of 1 PowerSpectraDetectionClusters
Aug 30 21:36:50 INFO >> saved candidates to ./results//injections/315.95_49.23_cumulative_power_spectra_stack_20220627_11_tpa.yml_(185,)_candidates.npz
Aug 30 21:36:50 INFO >> Injected Pulsars:     1
Aug 30 21:36:50 INFO >> Injection Candidates: 1
Aug 30 21:36:50 INFO >> Recovered Injections: 1
Aug 30 21:36:50 INFO >> 1 candidates.
Aug 30 21:36:50 INFO >> Best candidate: F0: 26.840 DM: 71.14 Sigma: 9.59
Aug 30 21:36:51 INFO >> Unlinked shared memory for cumulative stack.
Aug 30 21:36:51 INFO >> Pipeline execution time: 2.07 minutes
