Aug 30 22:52:06 INFO >> {"message": "Waiting for suitable server to become available", "selector": "Primary()", "operation": "find", "topologyDescription": "<TopologyDescription id: 66d24d16ed8ebfc5a50c16a3, topology_type: Unknown, servers: [<ServerDescription ('localhost', 27017) server_type: Unknown, rtt: None>]>", "clientId": {"$oid": "66d24d16ed8ebfc5a50c16a3"}, "remainingTimeMS": 29}
Aug 30 22:52:06 INFO >> Features initialized as the following:
Aug 30 22:52:06 INFO >> num_unique_dms
Aug 30 22:52:06 INFO >> num_unique_freqs
Aug 30 22:52:06 INFO >> ndetections
Aug 30 22:52:06 INFO >> nharm
Aug 30 22:52:06 INFO >> log_p_dm
Aug 30 22:52:06 INFO >> ['dm_sigma_FitGaussWidth_gauss_sigma', 'dm_sigma_FitGaussWidth_gauss_sigma_rel_err', 'dm_sigma_FitGaussWidth_ndof', 'dm_sigma_FitGaussWidth_rms_err']
Aug 30 22:52:06 INFO >> ['dm_sigma_FitGauss_amplitude', 'dm_sigma_FitGauss_mu', 'dm_sigma_FitGauss_gauss_sigma', 'dm_sigma_FitGauss_amplitude_rel_err', 'dm_sigma_FitGauss_mu_rel_err', 'dm_sigma_FitGauss_gauss_sigma_rel_err', 'dm_sigma_FitGauss_amplitude-detection', 'dm_sigma_FitGauss_mu-detection', 'dm_sigma_FitGauss_ndof', 'dm_sigma_FitGauss_rms_err']
Aug 30 22:52:06 INFO >> ['freq_sigma_FitGaussWidth_gauss_sigma', 'freq_sigma_FitGaussWidth_gauss_sigma_rel_err', 'freq_sigma_FitGaussWidth_ndof', 'freq_sigma_FitGaussWidth_rms_err']
Aug 30 22:52:06 INFO >> ['freq_sigma_FitGauss_amplitude', 'freq_sigma_FitGauss_mu', 'freq_sigma_FitGauss_gauss_sigma', 'freq_sigma_FitGauss_amplitude_rel_err', 'freq_sigma_FitGauss_mu_rel_err', 'freq_sigma_FitGauss_gauss_sigma_rel_err', 'freq_sigma_FitGauss_amplitude-detection', 'freq_sigma_FitGauss_mu-detection', 'freq_sigma_FitGauss_ndof', 'freq_sigma_FitGauss_rms_err']
Aug 30 22:52:06 INFO >> Performing searching on cumulative stack 315.95 49.23
Aug 30 22:52:06 INFO >> Loading the cumulative power spectra stack to search
Aug 30 22:53:03 INFO >> DM: 3.5205532762227243
Aug 30 22:53:03 INFO >> sigma: 9.735467388888425
Aug 30 22:53:03 INFO >> frequency: 79.78791732068589
Aug 30 22:53:03 INFO >> Injecting 6 harmonics.
Aug 30 22:53:03 INFO >> Starting DM: 2.226354528356995
Aug 30 22:53:03 INFO >> Stopping DM: 4.857500789142536
Aug 30 22:53:03 INFO >> Expected detection at 6.83 sigma with 4 harmonics.
Aug 30 22:53:17 INFO >> Start searching 6558 dm trials using 32 harmonics.
Aug 30 22:53:23 INFO >> Moved power spectra to shared memory.
Aug 30 22:53:23 INFO >> Number of dm trials in single multi processing job: 10
Aug 30 22:54:05 INFO >> Total number of detections=15578
Aug 30 22:54:05 INFO >> Clustering the detections
Aug 30 22:54:05 INFO >> Starting clustering
Aug 30 22:54:05 INFO >> Rogue harmonic power filter reduced detections from 15578 to 8520
Aug 30 22:54:05 INFO >> Filtering out duplicate freq,dm detections at multiple nharms removes 787 detections
Aug 30 22:54:05 INFO >> Duplicate freq,dm filter reduced detections to 7733
Aug 30 22:54:05 INFO >> Number of detections over threshold sigma (6.0): 7733
Aug 30 22:54:05 INFO >> Grouping duplicate frequencies together first
Aug 30 22:54:05 INFO >> Grouping duplicate frequencies removed 7214 detections from the harmonic metric computation
Aug 30 22:54:05 INFO >> Starting freq-DM distance metric computation
Aug 30 22:54:06 INFO >> Finished freq-DM distance metric computation
Aug 30 22:54:06 INFO >> Largest group size for metric computation is 97
Aug 30 22:54:06 INFO >> Starting harmonic distance metric computation
Aug 30 22:54:07 INFO >> Finished harmonic distance metric computation
Aug 30 22:54:07 INFO >> Starting DBSCAN
Aug 30 22:54:07 INFO >> Finished DBSCAN
Aug 30 22:54:07 INFO >> Clusters found: 75
Aug 30 22:54:07 INFO >> Filtered 32 clusters below or equal 2 DM.
Aug 30 22:54:07 INFO >> Total number of candidate clusters=0
Aug 30 22:54:07 INFO >> Candidate Processor of stack (315.95 49.23)
Aug 30 22:54:07 INFO >> Making SinglePointingCandidates from a list of 0 PowerSpectraDetectionClusters
Aug 30 22:54:09 INFO >> saved candidates to ./results//injections/315.95_49.23_cumulative_power_spectra_stack_20220627_11_tpa.yml_(222,)_candidates.npz
Aug 30 22:54:09 INFO >> Injected Pulsars:     1
Aug 30 22:54:09 INFO >> Injection Candidates: 0
Aug 30 22:54:09 INFO >> Recovered Injections: 0
Aug 30 22:54:09 INFO >> 0 candidates.
Aug 30 22:54:10 INFO >> Unlinked shared memory for cumulative stack.
Aug 30 22:54:10 INFO >> Pipeline execution time: 2.07 minutes
