Aug 30 21:05:31 INFO >> {"message": "Waiting for suitable server to become available", "selector": "Primary()", "operation": "find", "topologyDescription": "<TopologyDescription id: 66d2341bdb7eb5734067328d, topology_type: Unknown, servers: [<ServerDescription ('localhost', 27017) server_type: Unknown, rtt: None>]>", "clientId": {"$oid": "66d2341bdb7eb5734067328d"}, "remainingTimeMS": 29}
Aug 30 21:05:31 INFO >> Features initialized as the following:
Aug 30 21:05:31 INFO >> num_unique_dms
Aug 30 21:05:31 INFO >> num_unique_freqs
Aug 30 21:05:31 INFO >> ndetections
Aug 30 21:05:31 INFO >> nharm
Aug 30 21:05:31 INFO >> log_p_dm
Aug 30 21:05:31 INFO >> ['dm_sigma_FitGaussWidth_gauss_sigma', 'dm_sigma_FitGaussWidth_gauss_sigma_rel_err', 'dm_sigma_FitGaussWidth_ndof', 'dm_sigma_FitGaussWidth_rms_err']
Aug 30 21:05:31 INFO >> ['dm_sigma_FitGauss_amplitude', 'dm_sigma_FitGauss_mu', 'dm_sigma_FitGauss_gauss_sigma', 'dm_sigma_FitGauss_amplitude_rel_err', 'dm_sigma_FitGauss_mu_rel_err', 'dm_sigma_FitGauss_gauss_sigma_rel_err', 'dm_sigma_FitGauss_amplitude-detection', 'dm_sigma_FitGauss_mu-detection', 'dm_sigma_FitGauss_ndof', 'dm_sigma_FitGauss_rms_err']
Aug 30 21:05:31 INFO >> ['freq_sigma_FitGaussWidth_gauss_sigma', 'freq_sigma_FitGaussWidth_gauss_sigma_rel_err', 'freq_sigma_FitGaussWidth_ndof', 'freq_sigma_FitGaussWidth_rms_err']
Aug 30 21:05:31 INFO >> ['freq_sigma_FitGauss_amplitude', 'freq_sigma_FitGauss_mu', 'freq_sigma_FitGauss_gauss_sigma', 'freq_sigma_FitGauss_amplitude_rel_err', 'freq_sigma_FitGauss_mu_rel_err', 'freq_sigma_FitGauss_gauss_sigma_rel_err', 'freq_sigma_FitGauss_amplitude-detection', 'freq_sigma_FitGauss_mu-detection', 'freq_sigma_FitGauss_ndof', 'freq_sigma_FitGauss_rms_err']
Aug 30 21:05:31 INFO >> Performing searching on cumulative stack 315.95 49.23
Aug 30 21:05:31 INFO >> Loading the cumulative power spectra stack to search
Aug 30 21:06:29 INFO >> DM: 143.68804911484602
Aug 30 21:06:29 INFO >> sigma: 12.379075251176491
Aug 30 21:06:29 INFO >> frequency: 60.66122784536417
Aug 30 21:06:29 INFO >> Injecting 8 harmonics.
Aug 30 21:06:29 INFO >> Starting DM: 141.980700149312
Aug 30 21:06:29 INFO >> Stopping DM: 145.42142987495467
Aug 30 21:06:29 INFO >> Expected detection at 8.91 sigma with 8 harmonics.
Aug 30 21:06:43 INFO >> Start searching 6558 dm trials using 32 harmonics.
Aug 30 21:06:49 INFO >> Moved power spectra to shared memory.
Aug 30 21:06:49 INFO >> Number of dm trials in single multi processing job: 10
Aug 30 21:07:29 INFO >> Total number of detections=15582
Aug 30 21:07:29 INFO >> Clustering the detections
Aug 30 21:07:29 INFO >> Starting clustering
Aug 30 21:07:29 INFO >> Rogue harmonic power filter reduced detections from 15582 to 8524
Aug 30 21:07:29 INFO >> Filtering out duplicate freq,dm detections at multiple nharms removes 787 detections
Aug 30 21:07:29 INFO >> Duplicate freq,dm filter reduced detections to 7737
Aug 30 21:07:29 INFO >> Number of detections over threshold sigma (6.0): 7737
Aug 30 21:07:29 INFO >> Grouping duplicate frequencies together first
Aug 30 21:07:29 INFO >> Grouping duplicate frequencies removed 7214 detections from the harmonic metric computation
Aug 30 21:07:29 INFO >> Starting freq-DM distance metric computation
Aug 30 21:07:30 INFO >> Finished freq-DM distance metric computation
Aug 30 21:07:30 INFO >> Largest group size for metric computation is 97
Aug 30 21:07:30 INFO >> Starting harmonic distance metric computation
Aug 30 21:07:30 INFO >> Finished harmonic distance metric computation
Aug 30 21:07:30 INFO >> Starting DBSCAN
Aug 30 21:07:31 INFO >> Finished DBSCAN
Aug 30 21:07:31 INFO >> Clusters found: 76
Aug 30 21:07:31 INFO >> Filtered 32 clusters below or equal 2 DM.
Aug 30 21:07:31 INFO >> Total number of candidate clusters=1
Aug 30 21:07:31 INFO >> Candidate Processor of stack (315.95 49.23)
Aug 30 21:07:31 INFO >> Making SinglePointingCandidates from a list of 1 PowerSpectraDetectionClusters
Aug 30 21:07:33 INFO >> saved candidates to ./results//injections/315.95_49.23_cumulative_power_spectra_stack_20220627_11_tpa.yml_(171,)_candidates.npz
Aug 30 21:07:33 INFO >> Injected Pulsars:     1
Aug 30 21:07:33 INFO >> Injection Candidates: 1
Aug 30 21:07:33 INFO >> Recovered Injections: 1
Aug 30 21:07:33 INFO >> 1 candidates.
Aug 30 21:07:33 INFO >> Best candidate: F0: 60.661 DM: 143.70 Sigma: 9.14
Aug 30 21:07:34 INFO >> Unlinked shared memory for cumulative stack.
Aug 30 21:07:34 INFO >> Pipeline execution time: 2.05 minutes
