Aug 30 22:24:54 INFO >> {"message": "Waiting for suitable server to become available", "selector": "Primary()", "operation": "find", "topologyDescription": "<TopologyDescription id: 66d246b616e6dce85bee9a7b, topology_type: Unknown, servers: [<ServerDescription ('localhost', 27017) server_type: Unknown, rtt: None>]>", "clientId": {"$oid": "66d246b616e6dce85bee9a7b"}, "remainingTimeMS": 29}
Aug 30 22:24:54 INFO >> Features initialized as the following:
Aug 30 22:24:54 INFO >> num_unique_dms
Aug 30 22:24:54 INFO >> num_unique_freqs
Aug 30 22:24:54 INFO >> ndetections
Aug 30 22:24:54 INFO >> nharm
Aug 30 22:24:54 INFO >> log_p_dm
Aug 30 22:24:54 INFO >> ['dm_sigma_FitGaussWidth_gauss_sigma', 'dm_sigma_FitGaussWidth_gauss_sigma_rel_err', 'dm_sigma_FitGaussWidth_ndof', 'dm_sigma_FitGaussWidth_rms_err']
Aug 30 22:24:54 INFO >> ['dm_sigma_FitGauss_amplitude', 'dm_sigma_FitGauss_mu', 'dm_sigma_FitGauss_gauss_sigma', 'dm_sigma_FitGauss_amplitude_rel_err', 'dm_sigma_FitGauss_mu_rel_err', 'dm_sigma_FitGauss_gauss_sigma_rel_err', 'dm_sigma_FitGauss_amplitude-detection', 'dm_sigma_FitGauss_mu-detection', 'dm_sigma_FitGauss_ndof', 'dm_sigma_FitGauss_rms_err']
Aug 30 22:24:54 INFO >> ['freq_sigma_FitGaussWidth_gauss_sigma', 'freq_sigma_FitGaussWidth_gauss_sigma_rel_err', 'freq_sigma_FitGaussWidth_ndof', 'freq_sigma_FitGaussWidth_rms_err']
Aug 30 22:24:54 INFO >> ['freq_sigma_FitGauss_amplitude', 'freq_sigma_FitGauss_mu', 'freq_sigma_FitGauss_gauss_sigma', 'freq_sigma_FitGauss_amplitude_rel_err', 'freq_sigma_FitGauss_mu_rel_err', 'freq_sigma_FitGauss_gauss_sigma_rel_err', 'freq_sigma_FitGauss_amplitude-detection', 'freq_sigma_FitGauss_mu-detection', 'freq_sigma_FitGauss_ndof', 'freq_sigma_FitGauss_rms_err']
Aug 30 22:24:54 INFO >> Performing searching on cumulative stack 315.95 49.23
Aug 30 22:24:54 INFO >> Loading the cumulative power spectra stack to search
Aug 30 22:25:52 INFO >> DM: 25.084974029044503
Aug 30 22:25:52 INFO >> sigma: 16.6856522662846
Aug 30 22:25:52 INFO >> frequency: 25.979840063706586
Aug 30 22:25:52 INFO >> Injecting 19 harmonics.
Aug 30 22:25:52 INFO >> Starting DM: 21.150368019391458
Aug 30 22:25:52 INFO >> Stopping DM: 29.04380680174808
Aug 30 22:25:52 INFO >> Expected detection at 11.89 sigma with 8 harmonics.
Aug 30 22:26:06 INFO >> Start searching 6558 dm trials using 32 harmonics.
Aug 30 22:26:12 INFO >> Moved power spectra to shared memory.
Aug 30 22:26:12 INFO >> Number of dm trials in single multi processing job: 10
Aug 30 22:26:54 INFO >> Total number of detections=15755
Aug 30 22:26:54 INFO >> Clustering the detections
Aug 30 22:26:54 INFO >> Starting clustering
Aug 30 22:26:54 INFO >> Rogue harmonic power filter reduced detections from 15755 to 8626
Aug 30 22:26:54 INFO >> Filtering out duplicate freq,dm detections at multiple nharms removes 807 detections
Aug 30 22:26:54 INFO >> Duplicate freq,dm filter reduced detections to 7819
Aug 30 22:26:54 INFO >> Number of detections over threshold sigma (6.0): 7819
Aug 30 22:26:54 INFO >> Grouping duplicate frequencies together first
Aug 30 22:26:54 INFO >> Grouping duplicate frequencies removed 7282 detections from the harmonic metric computation
Aug 30 22:26:54 INFO >> Starting freq-DM distance metric computation
Aug 30 22:26:54 INFO >> Finished freq-DM distance metric computation
Aug 30 22:26:54 INFO >> Largest group size for metric computation is 97
Aug 30 22:26:54 INFO >> Starting harmonic distance metric computation
Aug 30 22:26:55 INFO >> Finished harmonic distance metric computation
Aug 30 22:26:55 INFO >> Starting DBSCAN
Aug 30 22:26:55 INFO >> Finished DBSCAN
Aug 30 22:26:55 INFO >> Clusters found: 76
Aug 30 22:26:55 INFO >> Filtered 32 clusters below or equal 2 DM.
Aug 30 22:26:55 INFO >> Total number of candidate clusters=1
Aug 30 22:26:55 INFO >> Candidate Processor of stack (315.95 49.23)
Aug 30 22:26:55 INFO >> Making SinglePointingCandidates from a list of 1 PowerSpectraDetectionClusters
Aug 30 22:26:58 INFO >> saved candidates to ./results//injections/315.95_49.23_cumulative_power_spectra_stack_20220627_11_tpa.yml_(209,)_candidates.npz
Aug 30 22:26:58 INFO >> Injected Pulsars:     1
Aug 30 22:26:58 INFO >> Injection Candidates: 1
Aug 30 22:26:58 INFO >> Recovered Injections: 1
Aug 30 22:26:58 INFO >> 1 candidates.
Aug 30 22:26:58 INFO >> Best candidate: F0: 25.980 DM: 25.10 Sigma: 12.69
Aug 30 22:26:59 INFO >> Unlinked shared memory for cumulative stack.
Aug 30 22:26:59 INFO >> Pipeline execution time: 2.08 minutes
