Aug 30 17:51:27 INFO >> {"message": "Waiting for suitable server to become available", "selector": "Primary()", "operation": "find", "topologyDescription": "<TopologyDescription id: 66d2069fabae54c62943a0f1, topology_type: Unknown, servers: [<ServerDescription ('localhost', 27017) server_type: Unknown, rtt: None>]>", "clientId": {"$oid": "66d2069fabae54c62943a0f1"}, "remainingTimeMS": 29}
Aug 30 17:51:27 INFO >> Features initialized as the following:
Aug 30 17:51:27 INFO >> num_unique_dms
Aug 30 17:51:27 INFO >> num_unique_freqs
Aug 30 17:51:27 INFO >> ndetections
Aug 30 17:51:27 INFO >> nharm
Aug 30 17:51:27 INFO >> log_p_dm
Aug 30 17:51:27 INFO >> ['dm_sigma_FitGaussWidth_gauss_sigma', 'dm_sigma_FitGaussWidth_gauss_sigma_rel_err', 'dm_sigma_FitGaussWidth_ndof', 'dm_sigma_FitGaussWidth_rms_err']
Aug 30 17:51:27 INFO >> ['dm_sigma_FitGauss_amplitude', 'dm_sigma_FitGauss_mu', 'dm_sigma_FitGauss_gauss_sigma', 'dm_sigma_FitGauss_amplitude_rel_err', 'dm_sigma_FitGauss_mu_rel_err', 'dm_sigma_FitGauss_gauss_sigma_rel_err', 'dm_sigma_FitGauss_amplitude-detection', 'dm_sigma_FitGauss_mu-detection', 'dm_sigma_FitGauss_ndof', 'dm_sigma_FitGauss_rms_err']
Aug 30 17:51:27 INFO >> ['freq_sigma_FitGaussWidth_gauss_sigma', 'freq_sigma_FitGaussWidth_gauss_sigma_rel_err', 'freq_sigma_FitGaussWidth_ndof', 'freq_sigma_FitGaussWidth_rms_err']
Aug 30 17:51:27 INFO >> ['freq_sigma_FitGauss_amplitude', 'freq_sigma_FitGauss_mu', 'freq_sigma_FitGauss_gauss_sigma', 'freq_sigma_FitGauss_amplitude_rel_err', 'freq_sigma_FitGauss_mu_rel_err', 'freq_sigma_FitGauss_gauss_sigma_rel_err', 'freq_sigma_FitGauss_amplitude-detection', 'freq_sigma_FitGauss_mu-detection', 'freq_sigma_FitGauss_ndof', 'freq_sigma_FitGauss_rms_err']
Aug 30 17:51:27 INFO >> Performing searching on cumulative stack 315.95 49.23
Aug 30 17:51:27 INFO >> Loading the cumulative power spectra stack to search
Aug 30 17:52:24 INFO >> DM: 49.02361207396113
Aug 30 17:52:24 INFO >> sigma: 8.876035505444108
Aug 30 17:52:24 INFO >> frequency: 89.23542198126209
Aug 30 17:52:24 INFO >> Injecting 5 harmonics.
Aug 30 17:52:24 INFO >> Starting DM: 47.866622359675404
Aug 30 17:52:24 INFO >> Stopping DM: 50.19417482113953
Aug 30 17:52:24 INFO >> Expected detection at 5.72 sigma with 4 harmonics.
Aug 30 17:52:38 INFO >> Start searching 6558 dm trials using 32 harmonics.
Aug 30 17:52:44 INFO >> Moved power spectra to shared memory.
Aug 30 17:52:44 INFO >> Number of dm trials in single multi processing job: 10
Aug 30 17:53:25 INFO >> Total number of detections=15578
Aug 30 17:53:25 INFO >> Clustering the detections
Aug 30 17:53:25 INFO >> Starting clustering
Aug 30 17:53:25 INFO >> Rogue harmonic power filter reduced detections from 15578 to 8520
Aug 30 17:53:25 INFO >> Filtering out duplicate freq,dm detections at multiple nharms removes 787 detections
Aug 30 17:53:25 INFO >> Duplicate freq,dm filter reduced detections to 7733
Aug 30 17:53:25 INFO >> Number of detections over threshold sigma (6.0): 7733
Aug 30 17:53:25 INFO >> Grouping duplicate frequencies together first
Aug 30 17:53:25 INFO >> Grouping duplicate frequencies removed 7214 detections from the harmonic metric computation
Aug 30 17:53:25 INFO >> Starting freq-DM distance metric computation
Aug 30 17:53:25 INFO >> Finished freq-DM distance metric computation
Aug 30 17:53:26 INFO >> Largest group size for metric computation is 97
Aug 30 17:53:26 INFO >> Starting harmonic distance metric computation
Aug 30 17:53:26 INFO >> Finished harmonic distance metric computation
Aug 30 17:53:26 INFO >> Starting DBSCAN
Aug 30 17:53:27 INFO >> Finished DBSCAN
Aug 30 17:53:27 INFO >> Clusters found: 75
Aug 30 17:53:27 INFO >> Filtered 32 clusters below or equal 2 DM.
Aug 30 17:53:27 INFO >> Total number of candidate clusters=0
Aug 30 17:53:27 INFO >> Candidate Processor of stack (315.95 49.23)
Aug 30 17:53:27 INFO >> Making SinglePointingCandidates from a list of 0 PowerSpectraDetectionClusters
Aug 30 17:53:28 INFO >> saved candidates to ./results//injections/315.95_49.23_cumulative_power_spectra_stack_20220627_11_tpa.yml_(78,)_candidates.npz
Aug 30 17:53:28 INFO >> Injected Pulsars:     1
Aug 30 17:53:28 INFO >> Injection Candidates: 0
Aug 30 17:53:28 INFO >> Recovered Injections: 0
Aug 30 17:53:28 INFO >> 0 candidates.
Aug 30 17:53:30 INFO >> Unlinked shared memory for cumulative stack.
Aug 30 17:53:30 INFO >> Pipeline execution time: 2.05 minutes
