Aug 30 20:11:14 INFO >> {"message": "Waiting for suitable server to become available", "selector": "Primary()", "operation": "find", "topologyDescription": "<TopologyDescription id: 66d2276212c61e98511ce678, topology_type: Unknown, servers: [<ServerDescription ('localhost', 27017) server_type: Unknown, rtt: None>]>", "clientId": {"$oid": "66d2276212c61e98511ce678"}, "remainingTimeMS": 29}
Aug 30 20:11:14 INFO >> Features initialized as the following:
Aug 30 20:11:14 INFO >> num_unique_dms
Aug 30 20:11:14 INFO >> num_unique_freqs
Aug 30 20:11:14 INFO >> ndetections
Aug 30 20:11:14 INFO >> nharm
Aug 30 20:11:14 INFO >> log_p_dm
Aug 30 20:11:14 INFO >> ['dm_sigma_FitGaussWidth_gauss_sigma', 'dm_sigma_FitGaussWidth_gauss_sigma_rel_err', 'dm_sigma_FitGaussWidth_ndof', 'dm_sigma_FitGaussWidth_rms_err']
Aug 30 20:11:14 INFO >> ['dm_sigma_FitGauss_amplitude', 'dm_sigma_FitGauss_mu', 'dm_sigma_FitGauss_gauss_sigma', 'dm_sigma_FitGauss_amplitude_rel_err', 'dm_sigma_FitGauss_mu_rel_err', 'dm_sigma_FitGauss_gauss_sigma_rel_err', 'dm_sigma_FitGauss_amplitude-detection', 'dm_sigma_FitGauss_mu-detection', 'dm_sigma_FitGauss_ndof', 'dm_sigma_FitGauss_rms_err']
Aug 30 20:11:14 INFO >> ['freq_sigma_FitGaussWidth_gauss_sigma', 'freq_sigma_FitGaussWidth_gauss_sigma_rel_err', 'freq_sigma_FitGaussWidth_ndof', 'freq_sigma_FitGaussWidth_rms_err']
Aug 30 20:11:14 INFO >> ['freq_sigma_FitGauss_amplitude', 'freq_sigma_FitGauss_mu', 'freq_sigma_FitGauss_gauss_sigma', 'freq_sigma_FitGauss_amplitude_rel_err', 'freq_sigma_FitGauss_mu_rel_err', 'freq_sigma_FitGauss_gauss_sigma_rel_err', 'freq_sigma_FitGauss_amplitude-detection', 'freq_sigma_FitGauss_mu-detection', 'freq_sigma_FitGauss_ndof', 'freq_sigma_FitGauss_rms_err']
Aug 30 20:11:14 INFO >> Performing searching on cumulative stack 315.95 49.23
Aug 30 20:11:14 INFO >> Loading the cumulative power spectra stack to search
Aug 30 20:12:11 INFO >> DM: 10.372065712785501
Aug 30 20:12:11 INFO >> sigma: 7.691081308447366
Aug 30 20:12:11 INFO >> frequency: 58.72143512893317
Aug 30 20:12:11 INFO >> Injecting 8 harmonics.
Aug 30 20:12:11 INFO >> Starting DM: 8.601824314106572
Aug 30 20:12:11 INFO >> Stopping DM: 12.143751972856338
Aug 30 20:12:11 INFO >> Expected detection at 4.47 sigma with 8 harmonics.
Aug 30 20:12:25 INFO >> Start searching 6558 dm trials using 32 harmonics.
Aug 30 20:12:31 INFO >> Moved power spectra to shared memory.
Aug 30 20:12:31 INFO >> Number of dm trials in single multi processing job: 10
Aug 30 20:13:11 INFO >> Total number of detections=15577
Aug 30 20:13:11 INFO >> Clustering the detections
Aug 30 20:13:11 INFO >> Starting clustering
Aug 30 20:13:11 INFO >> Rogue harmonic power filter reduced detections from 15577 to 8519
Aug 30 20:13:11 INFO >> Filtering out duplicate freq,dm detections at multiple nharms removes 787 detections
Aug 30 20:13:11 INFO >> Duplicate freq,dm filter reduced detections to 7732
Aug 30 20:13:11 INFO >> Number of detections over threshold sigma (6.0): 7732
Aug 30 20:13:11 INFO >> Grouping duplicate frequencies together first
Aug 30 20:13:11 INFO >> Grouping duplicate frequencies removed 7214 detections from the harmonic metric computation
Aug 30 20:13:11 INFO >> Starting freq-DM distance metric computation
Aug 30 20:13:12 INFO >> Finished freq-DM distance metric computation
Aug 30 20:13:12 INFO >> Largest group size for metric computation is 97
Aug 30 20:13:12 INFO >> Starting harmonic distance metric computation
Aug 30 20:13:13 INFO >> Finished harmonic distance metric computation
Aug 30 20:13:13 INFO >> Starting DBSCAN
Aug 30 20:13:13 INFO >> Finished DBSCAN
Aug 30 20:13:13 INFO >> Clusters found: 75
Aug 30 20:13:13 INFO >> Filtered 32 clusters below or equal 2 DM.
Aug 30 20:13:13 INFO >> Total number of candidate clusters=0
Aug 30 20:13:13 INFO >> Candidate Processor of stack (315.95 49.23)
Aug 30 20:13:13 INFO >> Making SinglePointingCandidates from a list of 0 PowerSpectraDetectionClusters
Aug 30 20:13:15 INFO >> saved candidates to ./results//injections/315.95_49.23_cumulative_power_spectra_stack_20220627_11_tpa.yml_(145,)_candidates.npz
Aug 30 20:13:15 INFO >> Injected Pulsars:     1
Aug 30 20:13:15 INFO >> Injection Candidates: 0
Aug 30 20:13:15 INFO >> Recovered Injections: 0
Aug 30 20:13:15 INFO >> 0 candidates.
Aug 30 20:13:16 INFO >> Unlinked shared memory for cumulative stack.
Aug 30 20:13:16 INFO >> Pipeline execution time: 2.04 minutes
