Aug 30 21:49:26 INFO >> {"message": "Waiting for suitable server to become available", "selector": "Primary()", "operation": "find", "topologyDescription": "<TopologyDescription id: 66d23e6647af9e13e2931fd3, topology_type: Unknown, servers: [<ServerDescription ('localhost', 27017) server_type: Unknown, rtt: None>]>", "clientId": {"$oid": "66d23e6647af9e13e2931fd3"}, "remainingTimeMS": 29}
Aug 30 21:49:26 INFO >> Features initialized as the following:
Aug 30 21:49:26 INFO >> num_unique_dms
Aug 30 21:49:26 INFO >> num_unique_freqs
Aug 30 21:49:26 INFO >> ndetections
Aug 30 21:49:26 INFO >> nharm
Aug 30 21:49:26 INFO >> log_p_dm
Aug 30 21:49:26 INFO >> ['dm_sigma_FitGaussWidth_gauss_sigma', 'dm_sigma_FitGaussWidth_gauss_sigma_rel_err', 'dm_sigma_FitGaussWidth_ndof', 'dm_sigma_FitGaussWidth_rms_err']
Aug 30 21:49:26 INFO >> ['dm_sigma_FitGauss_amplitude', 'dm_sigma_FitGauss_mu', 'dm_sigma_FitGauss_gauss_sigma', 'dm_sigma_FitGauss_amplitude_rel_err', 'dm_sigma_FitGauss_mu_rel_err', 'dm_sigma_FitGauss_gauss_sigma_rel_err', 'dm_sigma_FitGauss_amplitude-detection', 'dm_sigma_FitGauss_mu-detection', 'dm_sigma_FitGauss_ndof', 'dm_sigma_FitGauss_rms_err']
Aug 30 21:49:26 INFO >> ['freq_sigma_FitGaussWidth_gauss_sigma', 'freq_sigma_FitGaussWidth_gauss_sigma_rel_err', 'freq_sigma_FitGaussWidth_ndof', 'freq_sigma_FitGaussWidth_rms_err']
Aug 30 21:49:26 INFO >> ['freq_sigma_FitGauss_amplitude', 'freq_sigma_FitGauss_mu', 'freq_sigma_FitGauss_gauss_sigma', 'freq_sigma_FitGauss_amplitude_rel_err', 'freq_sigma_FitGauss_mu_rel_err', 'freq_sigma_FitGauss_gauss_sigma_rel_err', 'freq_sigma_FitGauss_amplitude-detection', 'freq_sigma_FitGauss_mu-detection', 'freq_sigma_FitGauss_ndof', 'freq_sigma_FitGauss_rms_err']
Aug 30 21:49:27 INFO >> Performing searching on cumulative stack 315.95 49.23
Aug 30 21:49:27 INFO >> Loading the cumulative power spectra stack to search
Aug 30 21:50:24 INFO >> DM: 170.13937063518006
Aug 30 21:50:24 INFO >> sigma: 9.622903217919445
Aug 30 21:50:24 INFO >> frequency: 45.17837833339989
Aug 30 21:50:24 INFO >> Injecting 11 harmonics.
Aug 30 21:50:24 INFO >> Starting DM: 167.88737102473888
Aug 30 21:50:24 INFO >> Stopping DM: 172.44127801456
Aug 30 21:50:24 INFO >> Expected detection at 9.20 sigma with 8 harmonics.
Aug 30 21:50:38 INFO >> Start searching 6558 dm trials using 32 harmonics.
Aug 30 21:50:44 INFO >> Moved power spectra to shared memory.
Aug 30 21:50:44 INFO >> Number of dm trials in single multi processing job: 10
Aug 30 21:51:24 INFO >> Total number of detections=15596
Aug 30 21:51:24 INFO >> Clustering the detections
Aug 30 21:51:24 INFO >> Starting clustering
Aug 30 21:51:24 INFO >> Rogue harmonic power filter reduced detections from 15596 to 8538
Aug 30 21:51:24 INFO >> Filtering out duplicate freq,dm detections at multiple nharms removes 794 detections
Aug 30 21:51:24 INFO >> Duplicate freq,dm filter reduced detections to 7744
Aug 30 21:51:24 INFO >> Number of detections over threshold sigma (6.0): 7744
Aug 30 21:51:24 INFO >> Grouping duplicate frequencies together first
Aug 30 21:51:24 INFO >> Grouping duplicate frequencies removed 7218 detections from the harmonic metric computation
Aug 30 21:51:24 INFO >> Starting freq-DM distance metric computation
Aug 30 21:51:24 INFO >> Finished freq-DM distance metric computation
Aug 30 21:51:25 INFO >> Largest group size for metric computation is 97
Aug 30 21:51:25 INFO >> Starting harmonic distance metric computation
Aug 30 21:51:25 INFO >> Finished harmonic distance metric computation
Aug 30 21:51:25 INFO >> Starting DBSCAN
Aug 30 21:51:26 INFO >> Finished DBSCAN
Aug 30 21:51:26 INFO >> Clusters found: 76
Aug 30 21:51:26 INFO >> Filtered 32 clusters below or equal 2 DM.
Aug 30 21:51:26 INFO >> Total number of candidate clusters=1
Aug 30 21:51:26 INFO >> Candidate Processor of stack (315.95 49.23)
Aug 30 21:51:26 INFO >> Making SinglePointingCandidates from a list of 1 PowerSpectraDetectionClusters
Aug 30 21:51:28 INFO >> saved candidates to ./results//injections/315.95_49.23_cumulative_power_spectra_stack_20220627_11_tpa.yml_(192,)_candidates.npz
Aug 30 21:51:28 INFO >> Injected Pulsars:     1
Aug 30 21:51:28 INFO >> Injection Candidates: 1
Aug 30 21:51:28 INFO >> Recovered Injections: 1
Aug 30 21:51:28 INFO >> 1 candidates.
Aug 30 21:51:28 INFO >> Best candidate: F0: 45.178 DM: 170.11 Sigma: 9.23
Aug 30 21:51:29 INFO >> Unlinked shared memory for cumulative stack.
Aug 30 21:51:29 INFO >> Pipeline execution time: 2.05 minutes
