Aug 30 23:15:02 INFO >> {"message": "Waiting for suitable server to become available", "selector": "Primary()", "operation": "find", "topologyDescription": "<TopologyDescription id: 66d25276daf7af28c9f63b37, topology_type: Unknown, servers: [<ServerDescription ('localhost', 27017) server_type: Unknown, rtt: None>]>", "clientId": {"$oid": "66d25276daf7af28c9f63b37"}, "remainingTimeMS": 29}
Aug 30 23:15:02 INFO >> Features initialized as the following:
Aug 30 23:15:02 INFO >> num_unique_dms
Aug 30 23:15:02 INFO >> num_unique_freqs
Aug 30 23:15:02 INFO >> ndetections
Aug 30 23:15:02 INFO >> nharm
Aug 30 23:15:02 INFO >> log_p_dm
Aug 30 23:15:02 INFO >> ['dm_sigma_FitGaussWidth_gauss_sigma', 'dm_sigma_FitGaussWidth_gauss_sigma_rel_err', 'dm_sigma_FitGaussWidth_ndof', 'dm_sigma_FitGaussWidth_rms_err']
Aug 30 23:15:02 INFO >> ['dm_sigma_FitGauss_amplitude', 'dm_sigma_FitGauss_mu', 'dm_sigma_FitGauss_gauss_sigma', 'dm_sigma_FitGauss_amplitude_rel_err', 'dm_sigma_FitGauss_mu_rel_err', 'dm_sigma_FitGauss_gauss_sigma_rel_err', 'dm_sigma_FitGauss_amplitude-detection', 'dm_sigma_FitGauss_mu-detection', 'dm_sigma_FitGauss_ndof', 'dm_sigma_FitGauss_rms_err']
Aug 30 23:15:02 INFO >> ['freq_sigma_FitGaussWidth_gauss_sigma', 'freq_sigma_FitGaussWidth_gauss_sigma_rel_err', 'freq_sigma_FitGaussWidth_ndof', 'freq_sigma_FitGaussWidth_rms_err']
Aug 30 23:15:02 INFO >> ['freq_sigma_FitGauss_amplitude', 'freq_sigma_FitGauss_mu', 'freq_sigma_FitGauss_gauss_sigma', 'freq_sigma_FitGauss_amplitude_rel_err', 'freq_sigma_FitGauss_mu_rel_err', 'freq_sigma_FitGauss_gauss_sigma_rel_err', 'freq_sigma_FitGauss_amplitude-detection', 'freq_sigma_FitGauss_mu-detection', 'freq_sigma_FitGauss_ndof', 'freq_sigma_FitGauss_rms_err']
Aug 30 23:15:02 INFO >> Performing searching on cumulative stack 315.95 49.23
Aug 30 23:15:02 INFO >> Loading the cumulative power spectra stack to search
Aug 30 23:15:59 INFO >> DM: 106.47913875030449
Aug 30 23:15:59 INFO >> sigma: 8.41271336702166
Aug 30 23:15:59 INFO >> frequency: 42.201461372383434
Aug 30 23:15:59 INFO >> Injecting 12 harmonics.
Aug 30 23:15:59 INFO >> Starting DM: 104.03147523413597
Aug 30 23:15:59 INFO >> Stopping DM: 108.88897602327849
Aug 30 23:15:59 INFO >> Expected detection at 8.03 sigma with 8 harmonics.
Aug 30 23:16:13 INFO >> Start searching 6558 dm trials using 32 harmonics.
Aug 30 23:16:19 INFO >> Moved power spectra to shared memory.
Aug 30 23:16:19 INFO >> Number of dm trials in single multi processing job: 10
Aug 30 23:16:59 INFO >> Total number of detections=15580
Aug 30 23:16:59 INFO >> Clustering the detections
Aug 30 23:16:59 INFO >> Starting clustering
Aug 30 23:16:59 INFO >> Rogue harmonic power filter reduced detections from 15580 to 8522
Aug 30 23:16:59 INFO >> Filtering out duplicate freq,dm detections at multiple nharms removes 788 detections
Aug 30 23:16:59 INFO >> Duplicate freq,dm filter reduced detections to 7734
Aug 30 23:16:59 INFO >> Number of detections over threshold sigma (6.0): 7734
Aug 30 23:16:59 INFO >> Grouping duplicate frequencies together first
Aug 30 23:16:59 INFO >> Grouping duplicate frequencies removed 7215 detections from the harmonic metric computation
Aug 30 23:16:59 INFO >> Starting freq-DM distance metric computation
Aug 30 23:16:59 INFO >> Finished freq-DM distance metric computation
Aug 30 23:17:00 INFO >> Largest group size for metric computation is 97
Aug 30 23:17:00 INFO >> Starting harmonic distance metric computation
Aug 30 23:17:00 INFO >> Finished harmonic distance metric computation
Aug 30 23:17:00 INFO >> Starting DBSCAN
Aug 30 23:17:01 INFO >> Finished DBSCAN
Aug 30 23:17:01 INFO >> Clusters found: 75
Aug 30 23:17:01 INFO >> Filtered 32 clusters below or equal 2 DM.
Aug 30 23:17:01 INFO >> Total number of candidate clusters=0
Aug 30 23:17:01 INFO >> Candidate Processor of stack (315.95 49.23)
Aug 30 23:17:01 INFO >> Making SinglePointingCandidates from a list of 0 PowerSpectraDetectionClusters
Aug 30 23:17:03 INFO >> saved candidates to ./results//injections/315.95_49.23_cumulative_power_spectra_stack_20220627_11_tpa.yml_(233,)_candidates.npz
Aug 30 23:17:03 INFO >> Injected Pulsars:     1
Aug 30 23:17:03 INFO >> Injection Candidates: 0
Aug 30 23:17:03 INFO >> Recovered Injections: 0
Aug 30 23:17:03 INFO >> 0 candidates.
Aug 30 23:17:04 INFO >> Unlinked shared memory for cumulative stack.
Aug 30 23:17:04 INFO >> Pipeline execution time: 2.04 minutes
