Aug 30 15:27:32 INFO >> {"message": "Waiting for suitable server to become available", "selector": "Primary()", "operation": "find", "topologyDescription": "<TopologyDescription id: 66d1e4e4af4a4a1d0fdd4f48, topology_type: Unknown, servers: [<ServerDescription ('localhost', 27017) server_type: Unknown, rtt: None>]>", "clientId": {"$oid": "66d1e4e4af4a4a1d0fdd4f48"}, "remainingTimeMS": 29}
Aug 30 15:27:32 INFO >> Features initialized as the following:
Aug 30 15:27:32 INFO >> num_unique_dms
Aug 30 15:27:32 INFO >> num_unique_freqs
Aug 30 15:27:32 INFO >> ndetections
Aug 30 15:27:32 INFO >> nharm
Aug 30 15:27:32 INFO >> log_p_dm
Aug 30 15:27:32 INFO >> ['dm_sigma_FitGaussWidth_gauss_sigma', 'dm_sigma_FitGaussWidth_gauss_sigma_rel_err', 'dm_sigma_FitGaussWidth_ndof', 'dm_sigma_FitGaussWidth_rms_err']
Aug 30 15:27:32 INFO >> ['dm_sigma_FitGauss_amplitude', 'dm_sigma_FitGauss_mu', 'dm_sigma_FitGauss_gauss_sigma', 'dm_sigma_FitGauss_amplitude_rel_err', 'dm_sigma_FitGauss_mu_rel_err', 'dm_sigma_FitGauss_gauss_sigma_rel_err', 'dm_sigma_FitGauss_amplitude-detection', 'dm_sigma_FitGauss_mu-detection', 'dm_sigma_FitGauss_ndof', 'dm_sigma_FitGauss_rms_err']
Aug 30 15:27:32 INFO >> ['freq_sigma_FitGaussWidth_gauss_sigma', 'freq_sigma_FitGaussWidth_gauss_sigma_rel_err', 'freq_sigma_FitGaussWidth_ndof', 'freq_sigma_FitGaussWidth_rms_err']
Aug 30 15:27:32 INFO >> ['freq_sigma_FitGauss_amplitude', 'freq_sigma_FitGauss_mu', 'freq_sigma_FitGauss_gauss_sigma', 'freq_sigma_FitGauss_amplitude_rel_err', 'freq_sigma_FitGauss_mu_rel_err', 'freq_sigma_FitGauss_gauss_sigma_rel_err', 'freq_sigma_FitGauss_amplitude-detection', 'freq_sigma_FitGauss_mu-detection', 'freq_sigma_FitGauss_ndof', 'freq_sigma_FitGauss_rms_err']
Aug 30 15:27:32 INFO >> Performing searching on cumulative stack 315.95 49.23
Aug 30 15:27:32 INFO >> Loading the cumulative power spectra stack to search
Aug 30 15:28:29 INFO >> DM: 133.61854029412166
Aug 30 15:28:29 INFO >> sigma: 13.666583297638441
Aug 30 15:28:29 INFO >> frequency: 194.83151795755018
Aug 30 15:28:29 INFO >> Injecting 2 harmonics.
Aug 30 15:28:29 INFO >> Starting DM: 133.07528203588404
Aug 30 15:28:29 INFO >> Stopping DM: 134.18845930006256
Aug 30 15:28:29 INFO >> Expected detection at 5.94 sigma with 2 harmonics.
Aug 30 15:28:43 INFO >> Start searching 6558 dm trials using 32 harmonics.
Aug 30 15:28:49 INFO >> Moved power spectra to shared memory.
Aug 30 15:28:49 INFO >> Number of dm trials in single multi processing job: 10
Aug 30 15:29:29 INFO >> Total number of detections=15579
Aug 30 15:29:29 INFO >> Clustering the detections
Aug 30 15:29:29 INFO >> Starting clustering
Aug 30 15:29:29 INFO >> Rogue harmonic power filter reduced detections from 15579 to 8521
Aug 30 15:29:29 INFO >> Filtering out duplicate freq,dm detections at multiple nharms removes 788 detections
Aug 30 15:29:29 INFO >> Duplicate freq,dm filter reduced detections to 7733
Aug 30 15:29:29 INFO >> Number of detections over threshold sigma (6.0): 7733
Aug 30 15:29:29 INFO >> Grouping duplicate frequencies together first
Aug 30 15:29:29 INFO >> Grouping duplicate frequencies removed 7214 detections from the harmonic metric computation
Aug 30 15:29:29 INFO >> Starting freq-DM distance metric computation
Aug 30 15:29:30 INFO >> Finished freq-DM distance metric computation
Aug 30 15:29:30 INFO >> Largest group size for metric computation is 97
Aug 30 15:29:30 INFO >> Starting harmonic distance metric computation
Aug 30 15:29:31 INFO >> Finished harmonic distance metric computation
Aug 30 15:29:31 INFO >> Starting DBSCAN
Aug 30 15:29:31 INFO >> Finished DBSCAN
Aug 30 15:29:31 INFO >> Clusters found: 75
Aug 30 15:29:31 INFO >> Filtered 32 clusters below or equal 2 DM.
Aug 30 15:29:31 INFO >> Total number of candidate clusters=0
Aug 30 15:29:31 INFO >> Candidate Processor of stack (315.95 49.23)
Aug 30 15:29:31 INFO >> Making SinglePointingCandidates from a list of 0 PowerSpectraDetectionClusters
Aug 30 15:29:33 INFO >> saved candidates to ./results//injections/315.95_49.23_cumulative_power_spectra_stack_20220627_11_tpa.yml_(9,)_candidates.npz
Aug 30 15:29:33 INFO >> Injected Pulsars:     1
Aug 30 15:29:33 INFO >> Injection Candidates: 0
Aug 30 15:29:33 INFO >> Recovered Injections: 0
Aug 30 15:29:33 INFO >> 0 candidates.
Aug 30 15:29:34 INFO >> Unlinked shared memory for cumulative stack.
Aug 30 15:29:34 INFO >> Pipeline execution time: 2.03 minutes
