Aug 30 19:33:38 INFO >> {"message": "Waiting for suitable server to become available", "selector": "Primary()", "operation": "find", "topologyDescription": "<TopologyDescription id: 66d21e92cdba180388a3c731, topology_type: Unknown, servers: [<ServerDescription ('localhost', 27017) server_type: Unknown, rtt: None>]>", "clientId": {"$oid": "66d21e92cdba180388a3c731"}, "remainingTimeMS": 29}
Aug 30 19:33:38 INFO >> Features initialized as the following:
Aug 30 19:33:38 INFO >> num_unique_dms
Aug 30 19:33:38 INFO >> num_unique_freqs
Aug 30 19:33:38 INFO >> ndetections
Aug 30 19:33:38 INFO >> nharm
Aug 30 19:33:38 INFO >> log_p_dm
Aug 30 19:33:38 INFO >> ['dm_sigma_FitGaussWidth_gauss_sigma', 'dm_sigma_FitGaussWidth_gauss_sigma_rel_err', 'dm_sigma_FitGaussWidth_ndof', 'dm_sigma_FitGaussWidth_rms_err']
Aug 30 19:33:38 INFO >> ['dm_sigma_FitGauss_amplitude', 'dm_sigma_FitGauss_mu', 'dm_sigma_FitGauss_gauss_sigma', 'dm_sigma_FitGauss_amplitude_rel_err', 'dm_sigma_FitGauss_mu_rel_err', 'dm_sigma_FitGauss_gauss_sigma_rel_err', 'dm_sigma_FitGauss_amplitude-detection', 'dm_sigma_FitGauss_mu-detection', 'dm_sigma_FitGauss_ndof', 'dm_sigma_FitGauss_rms_err']
Aug 30 19:33:38 INFO >> ['freq_sigma_FitGaussWidth_gauss_sigma', 'freq_sigma_FitGaussWidth_gauss_sigma_rel_err', 'freq_sigma_FitGaussWidth_ndof', 'freq_sigma_FitGaussWidth_rms_err']
Aug 30 19:33:38 INFO >> ['freq_sigma_FitGauss_amplitude', 'freq_sigma_FitGauss_mu', 'freq_sigma_FitGauss_gauss_sigma', 'freq_sigma_FitGauss_amplitude_rel_err', 'freq_sigma_FitGauss_mu_rel_err', 'freq_sigma_FitGauss_gauss_sigma_rel_err', 'freq_sigma_FitGauss_amplitude-detection', 'freq_sigma_FitGauss_mu-detection', 'freq_sigma_FitGauss_ndof', 'freq_sigma_FitGauss_rms_err']
Aug 30 19:33:38 INFO >> Performing searching on cumulative stack 315.95 49.23
Aug 30 19:33:38 INFO >> Loading the cumulative power spectra stack to search
Aug 30 19:34:36 INFO >> DM: 183.58598463233943
Aug 30 19:34:36 INFO >> sigma: 11.367107579875563
Aug 30 19:34:36 INFO >> frequency: 92.39677442874778
Aug 30 19:34:36 INFO >> Injecting 5 harmonics.
Aug 30 19:34:36 INFO >> Starting DM: 182.4598733921665
Aug 30 19:34:36 INFO >> Stopping DM: 184.6862279205235
Aug 30 19:34:36 INFO >> Expected detection at 7.22 sigma with 4 harmonics.
Aug 30 19:34:50 INFO >> Start searching 6558 dm trials using 32 harmonics.
Aug 30 19:34:56 INFO >> Moved power spectra to shared memory.
Aug 30 19:34:56 INFO >> Number of dm trials in single multi processing job: 10
Aug 30 19:35:37 INFO >> Total number of detections=15582
Aug 30 19:35:37 INFO >> Clustering the detections
Aug 30 19:35:37 INFO >> Starting clustering
Aug 30 19:35:37 INFO >> Rogue harmonic power filter reduced detections from 15582 to 8524
Aug 30 19:35:37 INFO >> Filtering out duplicate freq,dm detections at multiple nharms removes 788 detections
Aug 30 19:35:37 INFO >> Duplicate freq,dm filter reduced detections to 7736
Aug 30 19:35:37 INFO >> Number of detections over threshold sigma (6.0): 7736
Aug 30 19:35:37 INFO >> Grouping duplicate frequencies together first
Aug 30 19:35:37 INFO >> Grouping duplicate frequencies removed 7214 detections from the harmonic metric computation
Aug 30 19:35:37 INFO >> Starting freq-DM distance metric computation
Aug 30 19:35:37 INFO >> Finished freq-DM distance metric computation
Aug 30 19:35:38 INFO >> Largest group size for metric computation is 97
Aug 30 19:35:38 INFO >> Starting harmonic distance metric computation
Aug 30 19:35:38 INFO >> Finished harmonic distance metric computation
Aug 30 19:35:38 INFO >> Starting DBSCAN
Aug 30 19:35:39 INFO >> Finished DBSCAN
Aug 30 19:35:39 INFO >> Clusters found: 75
Aug 30 19:35:39 INFO >> Filtered 32 clusters below or equal 2 DM.
Aug 30 19:35:39 INFO >> Total number of candidate clusters=0
Aug 30 19:35:39 INFO >> Candidate Processor of stack (315.95 49.23)
Aug 30 19:35:39 INFO >> Making SinglePointingCandidates from a list of 0 PowerSpectraDetectionClusters
Aug 30 19:35:41 INFO >> saved candidates to ./results//injections/315.95_49.23_cumulative_power_spectra_stack_20220627_11_tpa.yml_(127,)_candidates.npz
Aug 30 19:35:41 INFO >> Injected Pulsars:     1
Aug 30 19:35:41 INFO >> Injection Candidates: 0
Aug 30 19:35:41 INFO >> Recovered Injections: 0
Aug 30 19:35:41 INFO >> 0 candidates.
Aug 30 19:35:42 INFO >> Unlinked shared memory for cumulative stack.
Aug 30 19:35:42 INFO >> Pipeline execution time: 2.07 minutes
