Aug 30 15:40:02 INFO >> {"message": "Waiting for suitable server to become available", "selector": "Primary()", "operation": "find", "topologyDescription": "<TopologyDescription id: 66d1e7d2c793d079421c3ad4, topology_type: Unknown, servers: [<ServerDescription ('localhost', 27017) server_type: Unknown, rtt: None>]>", "clientId": {"$oid": "66d1e7d2c793d079421c3ad4"}, "remainingTimeMS": 29}
Aug 30 15:40:02 INFO >> Features initialized as the following:
Aug 30 15:40:02 INFO >> num_unique_dms
Aug 30 15:40:02 INFO >> num_unique_freqs
Aug 30 15:40:02 INFO >> ndetections
Aug 30 15:40:02 INFO >> nharm
Aug 30 15:40:02 INFO >> log_p_dm
Aug 30 15:40:02 INFO >> ['dm_sigma_FitGaussWidth_gauss_sigma', 'dm_sigma_FitGaussWidth_gauss_sigma_rel_err', 'dm_sigma_FitGaussWidth_ndof', 'dm_sigma_FitGaussWidth_rms_err']
Aug 30 15:40:02 INFO >> ['dm_sigma_FitGauss_amplitude', 'dm_sigma_FitGauss_mu', 'dm_sigma_FitGauss_gauss_sigma', 'dm_sigma_FitGauss_amplitude_rel_err', 'dm_sigma_FitGauss_mu_rel_err', 'dm_sigma_FitGauss_gauss_sigma_rel_err', 'dm_sigma_FitGauss_amplitude-detection', 'dm_sigma_FitGauss_mu-detection', 'dm_sigma_FitGauss_ndof', 'dm_sigma_FitGauss_rms_err']
Aug 30 15:40:02 INFO >> ['freq_sigma_FitGaussWidth_gauss_sigma', 'freq_sigma_FitGaussWidth_gauss_sigma_rel_err', 'freq_sigma_FitGaussWidth_ndof', 'freq_sigma_FitGaussWidth_rms_err']
Aug 30 15:40:02 INFO >> ['freq_sigma_FitGauss_amplitude', 'freq_sigma_FitGauss_mu', 'freq_sigma_FitGauss_gauss_sigma', 'freq_sigma_FitGauss_amplitude_rel_err', 'freq_sigma_FitGauss_mu_rel_err', 'freq_sigma_FitGauss_gauss_sigma_rel_err', 'freq_sigma_FitGauss_amplitude-detection', 'freq_sigma_FitGauss_mu-detection', 'freq_sigma_FitGauss_ndof', 'freq_sigma_FitGauss_rms_err']
Aug 30 15:40:02 INFO >> Performing searching on cumulative stack 315.95 49.23
Aug 30 15:40:02 INFO >> Loading the cumulative power spectra stack to search
Aug 30 15:40:59 INFO >> DM: 40.68339152041152
Aug 30 15:40:59 INFO >> sigma: 16.787415130793654
Aug 30 15:40:59 INFO >> frequency: 23.661094989011133
Aug 30 15:40:59 INFO >> Injecting 21 harmonics.
Aug 30 15:40:59 INFO >> Starting DM: 36.33005798546188
Aug 30 15:40:59 INFO >> Stopping DM: 45.03308023267559
Aug 30 15:40:59 INFO >> Expected detection at 14.42 sigma with 16 harmonics.
Aug 30 15:41:13 INFO >> Start searching 6558 dm trials using 32 harmonics.
Aug 30 15:41:19 INFO >> Moved power spectra to shared memory.
Aug 30 15:41:19 INFO >> Number of dm trials in single multi processing job: 10
Aug 30 15:41:59 INFO >> Total number of detections=15742
Aug 30 15:41:59 INFO >> Clustering the detections
Aug 30 15:41:59 INFO >> Starting clustering
Aug 30 15:41:59 INFO >> Rogue harmonic power filter reduced detections from 15742 to 8684
Aug 30 15:41:59 INFO >> Filtering out duplicate freq,dm detections at multiple nharms removes 816 detections
Aug 30 15:41:59 INFO >> Duplicate freq,dm filter reduced detections to 7868
Aug 30 15:41:59 INFO >> Number of detections over threshold sigma (6.0): 7868
Aug 30 15:41:59 INFO >> Grouping duplicate frequencies together first
Aug 30 15:41:59 INFO >> Grouping duplicate frequencies removed 7323 detections from the harmonic metric computation
Aug 30 15:41:59 INFO >> Starting freq-DM distance metric computation
Aug 30 15:41:59 INFO >> Finished freq-DM distance metric computation
Aug 30 15:42:00 INFO >> Largest group size for metric computation is 97
Aug 30 15:42:00 INFO >> Starting harmonic distance metric computation
Aug 30 15:42:00 INFO >> Finished harmonic distance metric computation
Aug 30 15:42:00 INFO >> Starting DBSCAN
Aug 30 15:42:01 INFO >> Finished DBSCAN
Aug 30 15:42:01 INFO >> Clusters found: 76
Aug 30 15:42:01 INFO >> Filtered 32 clusters below or equal 2 DM.
Aug 30 15:42:01 INFO >> Total number of candidate clusters=1
Aug 30 15:42:01 INFO >> Candidate Processor of stack (315.95 49.23)
Aug 30 15:42:01 INFO >> Making SinglePointingCandidates from a list of 1 PowerSpectraDetectionClusters
Aug 30 15:42:03 INFO >> saved candidates to ./results//injections/315.95_49.23_cumulative_power_spectra_stack_20220627_11_tpa.yml_(15,)_candidates.npz
Aug 30 15:42:03 INFO >> Injected Pulsars:     1
Aug 30 15:42:03 INFO >> Injection Candidates: 1
Aug 30 15:42:03 INFO >> Recovered Injections: 1
Aug 30 15:42:03 INFO >> 1 candidates.
Aug 30 15:42:03 INFO >> Best candidate: F0: 23.661 DM: 40.68 Sigma: 13.36
Aug 30 15:42:04 INFO >> Unlinked shared memory for cumulative stack.
Aug 30 15:42:04 INFO >> Pipeline execution time: 2.04 minutes
