Aug 30 19:42:01 INFO >> {"message": "Waiting for suitable server to become available", "selector": "Primary()", "operation": "find", "topologyDescription": "<TopologyDescription id: 66d22089a416754e4fed6a86, topology_type: Unknown, servers: [<ServerDescription ('localhost', 27017) server_type: Unknown, rtt: None>]>", "clientId": {"$oid": "66d22089a416754e4fed6a86"}, "remainingTimeMS": 29}
Aug 30 19:42:01 INFO >> Features initialized as the following:
Aug 30 19:42:01 INFO >> num_unique_dms
Aug 30 19:42:01 INFO >> num_unique_freqs
Aug 30 19:42:01 INFO >> ndetections
Aug 30 19:42:01 INFO >> nharm
Aug 30 19:42:01 INFO >> log_p_dm
Aug 30 19:42:01 INFO >> ['dm_sigma_FitGaussWidth_gauss_sigma', 'dm_sigma_FitGaussWidth_gauss_sigma_rel_err', 'dm_sigma_FitGaussWidth_ndof', 'dm_sigma_FitGaussWidth_rms_err']
Aug 30 19:42:01 INFO >> ['dm_sigma_FitGauss_amplitude', 'dm_sigma_FitGauss_mu', 'dm_sigma_FitGauss_gauss_sigma', 'dm_sigma_FitGauss_amplitude_rel_err', 'dm_sigma_FitGauss_mu_rel_err', 'dm_sigma_FitGauss_gauss_sigma_rel_err', 'dm_sigma_FitGauss_amplitude-detection', 'dm_sigma_FitGauss_mu-detection', 'dm_sigma_FitGauss_ndof', 'dm_sigma_FitGauss_rms_err']
Aug 30 19:42:01 INFO >> ['freq_sigma_FitGaussWidth_gauss_sigma', 'freq_sigma_FitGaussWidth_gauss_sigma_rel_err', 'freq_sigma_FitGaussWidth_ndof', 'freq_sigma_FitGaussWidth_rms_err']
Aug 30 19:42:01 INFO >> ['freq_sigma_FitGauss_amplitude', 'freq_sigma_FitGauss_mu', 'freq_sigma_FitGauss_gauss_sigma', 'freq_sigma_FitGauss_amplitude_rel_err', 'freq_sigma_FitGauss_mu_rel_err', 'freq_sigma_FitGauss_gauss_sigma_rel_err', 'freq_sigma_FitGauss_amplitude-detection', 'freq_sigma_FitGauss_mu-detection', 'freq_sigma_FitGauss_ndof', 'freq_sigma_FitGauss_rms_err']
Aug 30 19:42:01 INFO >> Performing searching on cumulative stack 315.95 49.23
Aug 30 19:42:01 INFO >> Loading the cumulative power spectra stack to search
Aug 30 19:42:59 INFO >> DM: 144.84578836947574
Aug 30 19:42:59 INFO >> sigma: 15.902169889911503
Aug 30 19:42:59 INFO >> frequency: 85.07204773176636
Aug 30 19:42:59 INFO >> Injecting 5 harmonics.
Aug 30 19:42:59 INFO >> Starting DM: 143.59986707902618
Aug 30 19:42:59 INFO >> Stopping DM: 146.02861747359745
Aug 30 19:42:59 INFO >> Expected detection at 8.08 sigma with 4 harmonics.
Aug 30 19:43:13 INFO >> Start searching 6558 dm trials using 32 harmonics.
Aug 30 19:43:19 INFO >> Moved power spectra to shared memory.
Aug 30 19:43:19 INFO >> Number of dm trials in single multi processing job: 10
Aug 30 19:44:00 INFO >> Total number of detections=15586
Aug 30 19:44:00 INFO >> Clustering the detections
Aug 30 19:44:00 INFO >> Starting clustering
Aug 30 19:44:00 INFO >> Rogue harmonic power filter reduced detections from 15586 to 8528
Aug 30 19:44:00 INFO >> Filtering out duplicate freq,dm detections at multiple nharms removes 789 detections
Aug 30 19:44:00 INFO >> Duplicate freq,dm filter reduced detections to 7739
Aug 30 19:44:00 INFO >> Number of detections over threshold sigma (6.0): 7739
Aug 30 19:44:00 INFO >> Grouping duplicate frequencies together first
Aug 30 19:44:00 INFO >> Grouping duplicate frequencies removed 7216 detections from the harmonic metric computation
Aug 30 19:44:00 INFO >> Starting freq-DM distance metric computation
Aug 30 19:44:00 INFO >> Finished freq-DM distance metric computation
Aug 30 19:44:01 INFO >> Largest group size for metric computation is 97
Aug 30 19:44:01 INFO >> Starting harmonic distance metric computation
Aug 30 19:44:01 INFO >> Finished harmonic distance metric computation
Aug 30 19:44:01 INFO >> Starting DBSCAN
Aug 30 19:44:02 INFO >> Finished DBSCAN
Aug 30 19:44:02 INFO >> Clusters found: 75
Aug 30 19:44:02 INFO >> Filtered 32 clusters below or equal 2 DM.
Aug 30 19:44:02 INFO >> Total number of candidate clusters=0
Aug 30 19:44:02 INFO >> Candidate Processor of stack (315.95 49.23)
Aug 30 19:44:02 INFO >> Making SinglePointingCandidates from a list of 0 PowerSpectraDetectionClusters
Aug 30 19:44:03 INFO >> saved candidates to ./results//injections/315.95_49.23_cumulative_power_spectra_stack_20220627_11_tpa.yml_(131,)_candidates.npz
Aug 30 19:44:03 INFO >> Injected Pulsars:     1
Aug 30 19:44:03 INFO >> Injection Candidates: 0
Aug 30 19:44:03 INFO >> Recovered Injections: 0
Aug 30 19:44:03 INFO >> 0 candidates.
Aug 30 19:44:05 INFO >> Unlinked shared memory for cumulative stack.
Aug 30 19:44:05 INFO >> Pipeline execution time: 2.07 minutes
