Aug 30 22:31:11 INFO >> {"message": "Waiting for suitable server to become available", "selector": "Primary()", "operation": "find", "topologyDescription": "<TopologyDescription id: 66d2482f1712687423579e6c, topology_type: Unknown, servers: [<ServerDescription ('localhost', 27017) server_type: Unknown, rtt: None>]>", "clientId": {"$oid": "66d2482f1712687423579e6c"}, "remainingTimeMS": 29}
Aug 30 22:31:12 INFO >> Features initialized as the following:
Aug 30 22:31:12 INFO >> num_unique_dms
Aug 30 22:31:12 INFO >> num_unique_freqs
Aug 30 22:31:12 INFO >> ndetections
Aug 30 22:31:12 INFO >> nharm
Aug 30 22:31:12 INFO >> log_p_dm
Aug 30 22:31:12 INFO >> ['dm_sigma_FitGaussWidth_gauss_sigma', 'dm_sigma_FitGaussWidth_gauss_sigma_rel_err', 'dm_sigma_FitGaussWidth_ndof', 'dm_sigma_FitGaussWidth_rms_err']
Aug 30 22:31:12 INFO >> ['dm_sigma_FitGauss_amplitude', 'dm_sigma_FitGauss_mu', 'dm_sigma_FitGauss_gauss_sigma', 'dm_sigma_FitGauss_amplitude_rel_err', 'dm_sigma_FitGauss_mu_rel_err', 'dm_sigma_FitGauss_gauss_sigma_rel_err', 'dm_sigma_FitGauss_amplitude-detection', 'dm_sigma_FitGauss_mu-detection', 'dm_sigma_FitGauss_ndof', 'dm_sigma_FitGauss_rms_err']
Aug 30 22:31:12 INFO >> ['freq_sigma_FitGaussWidth_gauss_sigma', 'freq_sigma_FitGaussWidth_gauss_sigma_rel_err', 'freq_sigma_FitGaussWidth_ndof', 'freq_sigma_FitGaussWidth_rms_err']
Aug 30 22:31:12 INFO >> ['freq_sigma_FitGauss_amplitude', 'freq_sigma_FitGauss_mu', 'freq_sigma_FitGauss_gauss_sigma', 'freq_sigma_FitGauss_amplitude_rel_err', 'freq_sigma_FitGauss_mu_rel_err', 'freq_sigma_FitGauss_gauss_sigma_rel_err', 'freq_sigma_FitGauss_amplitude-detection', 'freq_sigma_FitGauss_mu-detection', 'freq_sigma_FitGauss_ndof', 'freq_sigma_FitGauss_rms_err']
Aug 30 22:31:12 INFO >> Performing searching on cumulative stack 315.95 49.23
Aug 30 22:31:12 INFO >> Loading the cumulative power spectra stack to search
Aug 30 22:32:09 INFO >> DM: 39.500687138052655
Aug 30 22:32:09 INFO >> sigma: 12.428911998394923
Aug 30 22:32:09 INFO >> frequency: 33.292817740838245
Aug 30 22:32:09 INFO >> Injecting 15 harmonics.
Aug 30 22:32:09 INFO >> Starting DM: 36.431255918569015
Aug 30 22:32:09 INFO >> Stopping DM: 42.60432983810432
Aug 30 22:32:09 INFO >> Expected detection at 13.66 sigma with 8 harmonics.
Aug 30 22:32:23 INFO >> Start searching 6558 dm trials using 32 harmonics.
Aug 30 22:32:29 INFO >> Moved power spectra to shared memory.
Aug 30 22:32:29 INFO >> Number of dm trials in single multi processing job: 10
Aug 30 22:33:09 INFO >> Total number of detections=15684
Aug 30 22:33:09 INFO >> Clustering the detections
Aug 30 22:33:09 INFO >> Starting clustering
Aug 30 22:33:09 INFO >> Rogue harmonic power filter reduced detections from 15684 to 8626
Aug 30 22:33:09 INFO >> Filtering out duplicate freq,dm detections at multiple nharms removes 837 detections
Aug 30 22:33:09 INFO >> Duplicate freq,dm filter reduced detections to 7789
Aug 30 22:33:09 INFO >> Number of detections over threshold sigma (6.0): 7789
Aug 30 22:33:09 INFO >> Grouping duplicate frequencies together first
Aug 30 22:33:09 INFO >> Grouping duplicate frequencies removed 7254 detections from the harmonic metric computation
Aug 30 22:33:09 INFO >> Starting freq-DM distance metric computation
Aug 30 22:33:09 INFO >> Finished freq-DM distance metric computation
Aug 30 22:33:10 INFO >> Largest group size for metric computation is 97
Aug 30 22:33:10 INFO >> Starting harmonic distance metric computation
Aug 30 22:33:10 INFO >> Finished harmonic distance metric computation
Aug 30 22:33:10 INFO >> Starting DBSCAN
Aug 30 22:33:11 INFO >> Finished DBSCAN
Aug 30 22:33:11 INFO >> Clusters found: 77
Aug 30 22:33:11 INFO >> Filtered 32 clusters below or equal 2 DM.
Aug 30 22:33:11 INFO >> Total number of candidate clusters=2
Aug 30 22:33:11 INFO >> Candidate Processor of stack (315.95 49.23)
Aug 30 22:33:11 INFO >> Making SinglePointingCandidates from a list of 2 PowerSpectraDetectionClusters
Aug 30 22:33:13 INFO >> saved candidates to ./results//injections/315.95_49.23_cumulative_power_spectra_stack_20220627_11_tpa.yml_(212,)_candidates.npz
Aug 30 22:33:13 INFO >> Injected Pulsars:     1
Aug 30 22:33:13 INFO >> Injection Candidates: 2
Aug 30 22:33:13 INFO >> Recovered Injections: 1
Aug 30 22:33:13 INFO >> 2 candidates.
Aug 30 22:33:13 INFO >> Best candidate: F0: 33.293 DM: 39.47 Sigma: 13.96
Aug 30 22:33:14 INFO >> Unlinked shared memory for cumulative stack.
Aug 30 22:33:14 INFO >> Pipeline execution time: 2.05 minutes
