Aug 30 17:43:06 INFO >> {"message": "Waiting for suitable server to become available", "selector": "Primary()", "operation": "find", "topologyDescription": "<TopologyDescription id: 66d204aa2127362aee2bd482, topology_type: Unknown, servers: [<ServerDescription ('localhost', 27017) server_type: Unknown, rtt: None>]>", "clientId": {"$oid": "66d204aa2127362aee2bd482"}, "remainingTimeMS": 29}
Aug 30 17:43:06 INFO >> Features initialized as the following:
Aug 30 17:43:06 INFO >> num_unique_dms
Aug 30 17:43:06 INFO >> num_unique_freqs
Aug 30 17:43:06 INFO >> ndetections
Aug 30 17:43:06 INFO >> nharm
Aug 30 17:43:06 INFO >> log_p_dm
Aug 30 17:43:06 INFO >> ['dm_sigma_FitGaussWidth_gauss_sigma', 'dm_sigma_FitGaussWidth_gauss_sigma_rel_err', 'dm_sigma_FitGaussWidth_ndof', 'dm_sigma_FitGaussWidth_rms_err']
Aug 30 17:43:06 INFO >> ['dm_sigma_FitGauss_amplitude', 'dm_sigma_FitGauss_mu', 'dm_sigma_FitGauss_gauss_sigma', 'dm_sigma_FitGauss_amplitude_rel_err', 'dm_sigma_FitGauss_mu_rel_err', 'dm_sigma_FitGauss_gauss_sigma_rel_err', 'dm_sigma_FitGauss_amplitude-detection', 'dm_sigma_FitGauss_mu-detection', 'dm_sigma_FitGauss_ndof', 'dm_sigma_FitGauss_rms_err']
Aug 30 17:43:06 INFO >> ['freq_sigma_FitGaussWidth_gauss_sigma', 'freq_sigma_FitGaussWidth_gauss_sigma_rel_err', 'freq_sigma_FitGaussWidth_ndof', 'freq_sigma_FitGaussWidth_rms_err']
Aug 30 17:43:06 INFO >> ['freq_sigma_FitGauss_amplitude', 'freq_sigma_FitGauss_mu', 'freq_sigma_FitGauss_gauss_sigma', 'freq_sigma_FitGauss_amplitude_rel_err', 'freq_sigma_FitGauss_mu_rel_err', 'freq_sigma_FitGauss_gauss_sigma_rel_err', 'freq_sigma_FitGauss_amplitude-detection', 'freq_sigma_FitGauss_mu-detection', 'freq_sigma_FitGauss_ndof', 'freq_sigma_FitGauss_rms_err']
Aug 30 17:43:06 INFO >> Performing searching on cumulative stack 315.95 49.23
Aug 30 17:43:06 INFO >> Loading the cumulative power spectra stack to search
Aug 30 17:44:03 INFO >> DM: 32.94801552426179
Aug 30 17:44:03 INFO >> sigma: 13.058571969795011
Aug 30 17:44:03 INFO >> frequency: 103.62814421290848
Aug 30 17:44:03 INFO >> Injecting 4 harmonics.
Aug 30 17:44:03 INFO >> Starting DM: 31.978546861855023
Aug 30 17:44:03 INFO >> Stopping DM: 33.90130759089061
Aug 30 17:44:03 INFO >> Expected detection at 9.99 sigma with 4 harmonics.
Aug 30 17:44:17 INFO >> Start searching 6558 dm trials using 32 harmonics.
Aug 30 17:44:23 INFO >> Moved power spectra to shared memory.
Aug 30 17:44:23 INFO >> Number of dm trials in single multi processing job: 10
Aug 30 17:45:04 INFO >> Total number of detections=15594
Aug 30 17:45:04 INFO >> Clustering the detections
Aug 30 17:45:04 INFO >> Starting clustering
Aug 30 17:45:04 INFO >> Rogue harmonic power filter reduced detections from 15594 to 8536
Aug 30 17:45:04 INFO >> Filtering out duplicate freq,dm detections at multiple nharms removes 795 detections
Aug 30 17:45:04 INFO >> Duplicate freq,dm filter reduced detections to 7741
Aug 30 17:45:04 INFO >> Number of detections over threshold sigma (6.0): 7741
Aug 30 17:45:04 INFO >> Grouping duplicate frequencies together first
Aug 30 17:45:04 INFO >> Grouping duplicate frequencies removed 7218 detections from the harmonic metric computation
Aug 30 17:45:04 INFO >> Starting freq-DM distance metric computation
Aug 30 17:45:04 INFO >> Finished freq-DM distance metric computation
Aug 30 17:45:04 INFO >> Largest group size for metric computation is 97
Aug 30 17:45:04 INFO >> Starting harmonic distance metric computation
Aug 30 17:45:05 INFO >> Finished harmonic distance metric computation
Aug 30 17:45:05 INFO >> Starting DBSCAN
Aug 30 17:45:05 INFO >> Finished DBSCAN
Aug 30 17:45:05 INFO >> Clusters found: 76
Aug 30 17:45:05 INFO >> Filtered 32 clusters below or equal 2 DM.
Aug 30 17:45:05 INFO >> Total number of candidate clusters=1
Aug 30 17:45:05 INFO >> Candidate Processor of stack (315.95 49.23)
Aug 30 17:45:05 INFO >> Making SinglePointingCandidates from a list of 1 PowerSpectraDetectionClusters
Aug 30 17:45:07 INFO >> saved candidates to ./results//injections/315.95_49.23_cumulative_power_spectra_stack_20220627_11_tpa.yml_(74,)_candidates.npz
Aug 30 17:45:07 INFO >> Injected Pulsars:     1
Aug 30 17:45:07 INFO >> Injection Candidates: 1
Aug 30 17:45:07 INFO >> Recovered Injections: 1
Aug 30 17:45:07 INFO >> 1 candidates.
Aug 30 17:45:07 INFO >> Best candidate: F0: 103.628 DM: 32.99 Sigma: 10.37
Aug 30 17:45:09 INFO >> Unlinked shared memory for cumulative stack.
Aug 30 17:45:09 INFO >> Pipeline execution time: 2.04 minutes
