Aug 30 20:19:33 INFO >> {"message": "Waiting for suitable server to become available", "selector": "Primary()", "operation": "find", "topologyDescription": "<TopologyDescription id: 66d22955c6ce470c2091099e, topology_type: Unknown, servers: [<ServerDescription ('localhost', 27017) server_type: Unknown, rtt: None>]>", "clientId": {"$oid": "66d22955c6ce470c2091099e"}, "remainingTimeMS": 29}
Aug 30 20:19:33 INFO >> Features initialized as the following:
Aug 30 20:19:33 INFO >> num_unique_dms
Aug 30 20:19:33 INFO >> num_unique_freqs
Aug 30 20:19:33 INFO >> ndetections
Aug 30 20:19:33 INFO >> nharm
Aug 30 20:19:33 INFO >> log_p_dm
Aug 30 20:19:33 INFO >> ['dm_sigma_FitGaussWidth_gauss_sigma', 'dm_sigma_FitGaussWidth_gauss_sigma_rel_err', 'dm_sigma_FitGaussWidth_ndof', 'dm_sigma_FitGaussWidth_rms_err']
Aug 30 20:19:33 INFO >> ['dm_sigma_FitGauss_amplitude', 'dm_sigma_FitGauss_mu', 'dm_sigma_FitGauss_gauss_sigma', 'dm_sigma_FitGauss_amplitude_rel_err', 'dm_sigma_FitGauss_mu_rel_err', 'dm_sigma_FitGauss_gauss_sigma_rel_err', 'dm_sigma_FitGauss_amplitude-detection', 'dm_sigma_FitGauss_mu-detection', 'dm_sigma_FitGauss_ndof', 'dm_sigma_FitGauss_rms_err']
Aug 30 20:19:33 INFO >> ['freq_sigma_FitGaussWidth_gauss_sigma', 'freq_sigma_FitGaussWidth_gauss_sigma_rel_err', 'freq_sigma_FitGaussWidth_ndof', 'freq_sigma_FitGaussWidth_rms_err']
Aug 30 20:19:33 INFO >> ['freq_sigma_FitGauss_amplitude', 'freq_sigma_FitGauss_mu', 'freq_sigma_FitGauss_gauss_sigma', 'freq_sigma_FitGauss_amplitude_rel_err', 'freq_sigma_FitGauss_mu_rel_err', 'freq_sigma_FitGauss_gauss_sigma_rel_err', 'freq_sigma_FitGauss_amplitude-detection', 'freq_sigma_FitGauss_mu-detection', 'freq_sigma_FitGauss_ndof', 'freq_sigma_FitGauss_rms_err']
Aug 30 20:19:34 INFO >> Performing searching on cumulative stack 315.95 49.23
Aug 30 20:19:34 INFO >> Loading the cumulative power spectra stack to search
Aug 30 20:20:31 INFO >> DM: 39.15469817453632
Aug 30 20:20:31 INFO >> sigma: 12.645106257286324
Aug 30 20:20:31 INFO >> frequency: 104.14381338670405
Aug 30 20:20:31 INFO >> Injecting 4 harmonics.
Aug 30 20:20:31 INFO >> Starting DM: 38.15162078139033
Aug 30 20:20:31 INFO >> Stopping DM: 40.17557944353305
Aug 30 20:20:31 INFO >> Expected detection at 7.22 sigma with 4 harmonics.
Aug 30 20:20:45 INFO >> Start searching 6558 dm trials using 32 harmonics.
Aug 30 20:20:51 INFO >> Moved power spectra to shared memory.
Aug 30 20:20:51 INFO >> Number of dm trials in single multi processing job: 10
Aug 30 20:21:31 INFO >> Total number of detections=15581
Aug 30 20:21:31 INFO >> Clustering the detections
Aug 30 20:21:31 INFO >> Starting clustering
Aug 30 20:21:31 INFO >> Rogue harmonic power filter reduced detections from 15581 to 8522
Aug 30 20:21:31 INFO >> Filtering out duplicate freq,dm detections at multiple nharms removes 787 detections
Aug 30 20:21:31 INFO >> Duplicate freq,dm filter reduced detections to 7735
Aug 30 20:21:31 INFO >> Number of detections over threshold sigma (6.0): 7735
Aug 30 20:21:31 INFO >> Grouping duplicate frequencies together first
Aug 30 20:21:31 INFO >> Grouping duplicate frequencies removed 7214 detections from the harmonic metric computation
Aug 30 20:21:31 INFO >> Starting freq-DM distance metric computation
Aug 30 20:21:32 INFO >> Finished freq-DM distance metric computation
Aug 30 20:21:32 INFO >> Largest group size for metric computation is 97
Aug 30 20:21:32 INFO >> Starting harmonic distance metric computation
Aug 30 20:21:33 INFO >> Finished harmonic distance metric computation
Aug 30 20:21:33 INFO >> Starting DBSCAN
Aug 30 20:21:33 INFO >> Finished DBSCAN
Aug 30 20:21:33 INFO >> Clusters found: 75
Aug 30 20:21:33 INFO >> Filtered 32 clusters below or equal 2 DM.
Aug 30 20:21:33 INFO >> Total number of candidate clusters=0
Aug 30 20:21:33 INFO >> Candidate Processor of stack (315.95 49.23)
Aug 30 20:21:33 INFO >> Making SinglePointingCandidates from a list of 0 PowerSpectraDetectionClusters
Aug 30 20:21:35 INFO >> saved candidates to ./results//injections/315.95_49.23_cumulative_power_spectra_stack_20220627_11_tpa.yml_(149,)_candidates.npz
Aug 30 20:21:35 INFO >> Injected Pulsars:     1
Aug 30 20:21:35 INFO >> Injection Candidates: 0
Aug 30 20:21:35 INFO >> Recovered Injections: 0
Aug 30 20:21:35 INFO >> 0 candidates.
Aug 30 20:21:36 INFO >> Unlinked shared memory for cumulative stack.
Aug 30 20:21:36 INFO >> Pipeline execution time: 2.04 minutes
