Aug 30 15:02:03 INFO >> {"message": "Waiting for suitable server to become available", "selector": "Primary()", "operation": "find", "topologyDescription": "<TopologyDescription id: 66d1deebfc7f3fc3af92319c, topology_type: Unknown, servers: [<ServerDescription ('localhost', 27017) server_type: Unknown, rtt: None>]>", "clientId": {"$oid": "66d1deebfc7f3fc3af92319c"}, "remainingTimeMS": 29}
Aug 30 15:02:03 INFO >> Features initialized as the following:
Aug 30 15:02:03 INFO >> num_unique_dms
Aug 30 15:02:03 INFO >> num_unique_freqs
Aug 30 15:02:03 INFO >> ndetections
Aug 30 15:02:03 INFO >> nharm
Aug 30 15:02:03 INFO >> log_p_dm
Aug 30 15:02:03 INFO >> ['dm_sigma_FitGaussWidth_gauss_sigma', 'dm_sigma_FitGaussWidth_gauss_sigma_rel_err', 'dm_sigma_FitGaussWidth_ndof', 'dm_sigma_FitGaussWidth_rms_err']
Aug 30 15:02:03 INFO >> ['dm_sigma_FitGauss_amplitude', 'dm_sigma_FitGauss_mu', 'dm_sigma_FitGauss_gauss_sigma', 'dm_sigma_FitGauss_amplitude_rel_err', 'dm_sigma_FitGauss_mu_rel_err', 'dm_sigma_FitGauss_gauss_sigma_rel_err', 'dm_sigma_FitGauss_amplitude-detection', 'dm_sigma_FitGauss_mu-detection', 'dm_sigma_FitGauss_ndof', 'dm_sigma_FitGauss_rms_err']
Aug 30 15:02:03 INFO >> ['freq_sigma_FitGaussWidth_gauss_sigma', 'freq_sigma_FitGaussWidth_gauss_sigma_rel_err', 'freq_sigma_FitGaussWidth_ndof', 'freq_sigma_FitGaussWidth_rms_err']
Aug 30 15:02:03 INFO >> ['freq_sigma_FitGauss_amplitude', 'freq_sigma_FitGauss_mu', 'freq_sigma_FitGauss_gauss_sigma', 'freq_sigma_FitGauss_amplitude_rel_err', 'freq_sigma_FitGauss_mu_rel_err', 'freq_sigma_FitGauss_gauss_sigma_rel_err', 'freq_sigma_FitGauss_amplitude-detection', 'freq_sigma_FitGauss_mu-detection', 'freq_sigma_FitGauss_ndof', 'freq_sigma_FitGauss_rms_err']
Aug 30 15:02:03 INFO >> Performing searching on cumulative stack 315.95 49.23
Aug 30 15:02:03 INFO >> Loading the cumulative power spectra stack to search
Aug 30 15:02:16 INFO >> DM: 13.23985723985723
Aug 30 15:02:16 INFO >> sigma: 12.23857923857
Aug 30 15:02:16 INFO >> frequency: 27.213985729357923
Aug 30 15:02:16 INFO >> Injecting 18 harmonics.
Aug 30 15:02:16 INFO >> Starting DM: 9.411407778963662
Aug 30 15:02:16 INFO >> Stopping DM: 17.00125276199887
Aug 30 15:02:16 INFO >> Expected detection at 12.95 sigma with 4 harmonics.
Aug 30 15:02:30 INFO >> Start searching 6558 dm trials using 32 harmonics.
Aug 30 15:02:36 INFO >> Moved power spectra to shared memory.
Aug 30 15:02:36 INFO >> Number of dm trials in single multi processing job: 10
Aug 30 15:03:16 INFO >> Total number of detections=15809
Aug 30 15:03:16 INFO >> Clustering the detections
Aug 30 15:03:16 INFO >> Starting clustering
Aug 30 15:03:16 INFO >> Rogue harmonic power filter reduced detections from 15809 to 8735
Aug 30 15:03:16 INFO >> Filtering out duplicate freq,dm detections at multiple nharms removes 897 detections
Aug 30 15:03:16 INFO >> Duplicate freq,dm filter reduced detections to 7838
Aug 30 15:03:16 INFO >> Number of detections over threshold sigma (6.0): 7838
Aug 30 15:03:17 INFO >> Grouping duplicate frequencies together first
Aug 30 15:03:17 INFO >> Grouping duplicate frequencies removed 7298 detections from the harmonic metric computation
Aug 30 15:03:17 INFO >> Starting freq-DM distance metric computation
Aug 30 15:03:17 INFO >> Finished freq-DM distance metric computation
Aug 30 15:03:17 INFO >> Largest group size for metric computation is 97
Aug 30 15:03:17 INFO >> Starting harmonic distance metric computation
Aug 30 15:03:18 INFO >> Finished harmonic distance metric computation
Aug 30 15:03:18 INFO >> Starting DBSCAN
Aug 30 15:03:18 INFO >> Finished DBSCAN
Aug 30 15:03:18 INFO >> Clusters found: 77
Aug 30 15:03:18 INFO >> Filtered 32 clusters below or equal 2 DM.
Aug 30 15:03:18 INFO >> Total number of candidate clusters=2
Aug 30 15:03:18 INFO >> Candidate Processor of stack (315.95 49.23)
Aug 30 15:03:18 INFO >> Making SinglePointingCandidates from a list of 2 PowerSpectraDetectionClusters
Aug 30 15:03:20 INFO >> saved candidates to ./results//injections/315.95_49.23_cumulative_power_spectra_stack_20220627_11_random.yml_(0,)_candidates.npz
Aug 30 15:03:20 INFO >> Injected Pulsars:     1
Aug 30 15:03:20 INFO >> Injection Candidates: 2
Aug 30 15:03:20 INFO >> Recovered Injections: 1
Aug 30 15:03:20 INFO >> 2 candidates.
Aug 30 15:03:20 INFO >> Best candidate: F0: 27.214 DM: 13.26 Sigma: 13.24
Aug 30 15:03:22 INFO >> Unlinked shared memory for cumulative stack.
Aug 30 15:03:22 INFO >> Pipeline execution time: 1.31 minutes
