Aug 30 23:56:45 INFO >> {"message": "Waiting for suitable server to become available", "selector": "Primary()", "operation": "find", "topologyDescription": "<TopologyDescription id: 66d25c3d55706bb2d9d421b6, topology_type: Unknown, servers: [<ServerDescription ('localhost', 27017) server_type: Unknown, rtt: None>]>", "clientId": {"$oid": "66d25c3d55706bb2d9d421b6"}, "remainingTimeMS": 29}
Aug 30 23:56:45 INFO >> Features initialized as the following:
Aug 30 23:56:45 INFO >> num_unique_dms
Aug 30 23:56:45 INFO >> num_unique_freqs
Aug 30 23:56:45 INFO >> ndetections
Aug 30 23:56:45 INFO >> nharm
Aug 30 23:56:45 INFO >> log_p_dm
Aug 30 23:56:45 INFO >> ['dm_sigma_FitGaussWidth_gauss_sigma', 'dm_sigma_FitGaussWidth_gauss_sigma_rel_err', 'dm_sigma_FitGaussWidth_ndof', 'dm_sigma_FitGaussWidth_rms_err']
Aug 30 23:56:45 INFO >> ['dm_sigma_FitGauss_amplitude', 'dm_sigma_FitGauss_mu', 'dm_sigma_FitGauss_gauss_sigma', 'dm_sigma_FitGauss_amplitude_rel_err', 'dm_sigma_FitGauss_mu_rel_err', 'dm_sigma_FitGauss_gauss_sigma_rel_err', 'dm_sigma_FitGauss_amplitude-detection', 'dm_sigma_FitGauss_mu-detection', 'dm_sigma_FitGauss_ndof', 'dm_sigma_FitGauss_rms_err']
Aug 30 23:56:45 INFO >> ['freq_sigma_FitGaussWidth_gauss_sigma', 'freq_sigma_FitGaussWidth_gauss_sigma_rel_err', 'freq_sigma_FitGaussWidth_ndof', 'freq_sigma_FitGaussWidth_rms_err']
Aug 30 23:56:45 INFO >> ['freq_sigma_FitGauss_amplitude', 'freq_sigma_FitGauss_mu', 'freq_sigma_FitGauss_gauss_sigma', 'freq_sigma_FitGauss_amplitude_rel_err', 'freq_sigma_FitGauss_mu_rel_err', 'freq_sigma_FitGauss_gauss_sigma_rel_err', 'freq_sigma_FitGauss_amplitude-detection', 'freq_sigma_FitGauss_mu-detection', 'freq_sigma_FitGauss_ndof', 'freq_sigma_FitGauss_rms_err']
Aug 30 23:56:46 INFO >> Performing searching on cumulative stack 315.95 49.23
Aug 30 23:56:46 INFO >> Loading the cumulative power spectra stack to search
Aug 30 23:57:43 INFO >> DM: 128.45497240413022
Aug 30 23:57:43 INFO >> sigma: 6.556330653149773
Aug 30 23:57:43 INFO >> frequency: 169.84872654195274
Aug 30 23:57:43 INFO >> Injecting 2 harmonics.
Aug 30 23:57:43 INFO >> Starting DM: 127.81298951431297
Aug 30 23:57:43 INFO >> Stopping DM: 129.0273647115986
Aug 30 23:57:43 INFO >> Expected detection at 1.56 sigma with 2 harmonics.
Aug 30 23:57:57 INFO >> Start searching 6558 dm trials using 32 harmonics.
Aug 30 23:58:03 INFO >> Moved power spectra to shared memory.
Aug 30 23:58:03 INFO >> Number of dm trials in single multi processing job: 10
Aug 30 23:58:43 INFO >> Total number of detections=15577
Aug 30 23:58:43 INFO >> Clustering the detections
Aug 30 23:58:43 INFO >> Starting clustering
Aug 30 23:58:43 INFO >> Rogue harmonic power filter reduced detections from 15577 to 8519
Aug 30 23:58:43 INFO >> Filtering out duplicate freq,dm detections at multiple nharms removes 787 detections
Aug 30 23:58:43 INFO >> Duplicate freq,dm filter reduced detections to 7732
Aug 30 23:58:43 INFO >> Number of detections over threshold sigma (6.0): 7732
Aug 30 23:58:43 INFO >> Grouping duplicate frequencies together first
Aug 30 23:58:43 INFO >> Grouping duplicate frequencies removed 7214 detections from the harmonic metric computation
Aug 30 23:58:43 INFO >> Starting freq-DM distance metric computation
Aug 30 23:58:44 INFO >> Finished freq-DM distance metric computation
Aug 30 23:58:44 INFO >> Largest group size for metric computation is 97
Aug 30 23:58:44 INFO >> Starting harmonic distance metric computation
Aug 30 23:58:45 INFO >> Finished harmonic distance metric computation
Aug 30 23:58:45 INFO >> Starting DBSCAN
Aug 30 23:58:45 INFO >> Finished DBSCAN
Aug 30 23:58:45 INFO >> Clusters found: 75
Aug 30 23:58:45 INFO >> Filtered 32 clusters below or equal 2 DM.
Aug 30 23:58:45 INFO >> Total number of candidate clusters=0
Aug 30 23:58:45 INFO >> Candidate Processor of stack (315.95 49.23)
Aug 30 23:58:45 INFO >> Making SinglePointingCandidates from a list of 0 PowerSpectraDetectionClusters
Aug 30 23:58:47 INFO >> saved candidates to ./results//injections/315.95_49.23_cumulative_power_spectra_stack_20220627_11_tpa.yml_(253,)_candidates.npz
Aug 30 23:58:47 INFO >> Injected Pulsars:     1
Aug 30 23:58:47 INFO >> Injection Candidates: 0
Aug 30 23:58:47 INFO >> Recovered Injections: 0
Aug 30 23:58:47 INFO >> 0 candidates.
Aug 30 23:58:48 INFO >> Unlinked shared memory for cumulative stack.
Aug 30 23:58:48 INFO >> Pipeline execution time: 2.05 minutes
