Aug 30 15:17:10 INFO >> {"message": "Waiting for suitable server to become available", "selector": "Primary()", "operation": "find", "topologyDescription": "<TopologyDescription id: 66d1e276a43e06bd6b9c08f1, topology_type: Unknown, servers: [<ServerDescription ('localhost', 27017) server_type: Unknown, rtt: None>]>", "clientId": {"$oid": "66d1e276a43e06bd6b9c08f1"}, "remainingTimeMS": 29}
Aug 30 15:17:10 INFO >> Features initialized as the following:
Aug 30 15:17:10 INFO >> num_unique_dms
Aug 30 15:17:10 INFO >> num_unique_freqs
Aug 30 15:17:10 INFO >> ndetections
Aug 30 15:17:10 INFO >> nharm
Aug 30 15:17:10 INFO >> log_p_dm
Aug 30 15:17:10 INFO >> ['dm_sigma_FitGaussWidth_gauss_sigma', 'dm_sigma_FitGaussWidth_gauss_sigma_rel_err', 'dm_sigma_FitGaussWidth_ndof', 'dm_sigma_FitGaussWidth_rms_err']
Aug 30 15:17:10 INFO >> ['dm_sigma_FitGauss_amplitude', 'dm_sigma_FitGauss_mu', 'dm_sigma_FitGauss_gauss_sigma', 'dm_sigma_FitGauss_amplitude_rel_err', 'dm_sigma_FitGauss_mu_rel_err', 'dm_sigma_FitGauss_gauss_sigma_rel_err', 'dm_sigma_FitGauss_amplitude-detection', 'dm_sigma_FitGauss_mu-detection', 'dm_sigma_FitGauss_ndof', 'dm_sigma_FitGauss_rms_err']
Aug 30 15:17:10 INFO >> ['freq_sigma_FitGaussWidth_gauss_sigma', 'freq_sigma_FitGaussWidth_gauss_sigma_rel_err', 'freq_sigma_FitGaussWidth_ndof', 'freq_sigma_FitGaussWidth_rms_err']
Aug 30 15:17:10 INFO >> ['freq_sigma_FitGauss_amplitude', 'freq_sigma_FitGauss_mu', 'freq_sigma_FitGauss_gauss_sigma', 'freq_sigma_FitGauss_amplitude_rel_err', 'freq_sigma_FitGauss_mu_rel_err', 'freq_sigma_FitGauss_gauss_sigma_rel_err', 'freq_sigma_FitGauss_amplitude-detection', 'freq_sigma_FitGauss_mu-detection', 'freq_sigma_FitGauss_ndof', 'freq_sigma_FitGauss_rms_err']
Aug 30 15:17:10 INFO >> Performing searching on cumulative stack 315.95 49.23
Aug 30 15:17:10 INFO >> Loading the cumulative power spectra stack to search
Aug 30 15:18:07 INFO >> DM: 90.95680669287088
Aug 30 15:18:07 INFO >> sigma: 7.877434479038254
Aug 30 15:18:07 INFO >> frequency: 30.170593296686988
Aug 30 15:18:07 INFO >> Injecting 16 harmonics.
Aug 30 15:18:07 INFO >> Starting DM: 87.53621213767278
Aug 30 15:18:07 INFO >> Stopping DM: 94.41767158895803
Aug 30 15:18:07 INFO >> Expected detection at 8.16 sigma with 16 harmonics.
Aug 30 15:18:21 INFO >> Start searching 6558 dm trials using 32 harmonics.
Aug 30 15:18:26 INFO >> Moved power spectra to shared memory.
Aug 30 15:18:26 INFO >> Number of dm trials in single multi processing job: 10
Aug 30 15:19:07 INFO >> Total number of detections=15579
Aug 30 15:19:07 INFO >> Clustering the detections
Aug 30 15:19:07 INFO >> Starting clustering
Aug 30 15:19:07 INFO >> Rogue harmonic power filter reduced detections from 15579 to 8521
Aug 30 15:19:07 INFO >> Filtering out duplicate freq,dm detections at multiple nharms removes 788 detections
Aug 30 15:19:07 INFO >> Duplicate freq,dm filter reduced detections to 7733
Aug 30 15:19:07 INFO >> Number of detections over threshold sigma (6.0): 7733
Aug 30 15:19:07 INFO >> Grouping duplicate frequencies together first
Aug 30 15:19:07 INFO >> Grouping duplicate frequencies removed 7214 detections from the harmonic metric computation
Aug 30 15:19:07 INFO >> Starting freq-DM distance metric computation
Aug 30 15:19:07 INFO >> Finished freq-DM distance metric computation
Aug 30 15:19:08 INFO >> Largest group size for metric computation is 97
Aug 30 15:19:08 INFO >> Starting harmonic distance metric computation
Aug 30 15:19:08 INFO >> Finished harmonic distance metric computation
Aug 30 15:19:08 INFO >> Starting DBSCAN
Aug 30 15:19:08 INFO >> Finished DBSCAN
Aug 30 15:19:08 INFO >> Clusters found: 75
Aug 30 15:19:08 INFO >> Filtered 32 clusters below or equal 2 DM.
Aug 30 15:19:08 INFO >> Total number of candidate clusters=0
Aug 30 15:19:09 INFO >> Candidate Processor of stack (315.95 49.23)
Aug 30 15:19:09 INFO >> Making SinglePointingCandidates from a list of 0 PowerSpectraDetectionClusters
Aug 30 15:19:10 INFO >> saved candidates to ./results//injections/315.95_49.23_cumulative_power_spectra_stack_20220627_11_tpa.yml_(4,)_candidates.npz
Aug 30 15:19:10 INFO >> Injected Pulsars:     1
Aug 30 15:19:10 INFO >> Injection Candidates: 0
Aug 30 15:19:10 INFO >> Recovered Injections: 0
Aug 30 15:19:10 INFO >> 0 candidates.
Aug 30 15:19:12 INFO >> Unlinked shared memory for cumulative stack.
Aug 30 15:19:12 INFO >> Pipeline execution time: 2.03 minutes
