Aug 30 17:15:59 INFO >> {"message": "Waiting for suitable server to become available", "selector": "Primary()", "operation": "find", "topologyDescription": "<TopologyDescription id: 66d1fe4f66fc59ae65e98b76, topology_type: Unknown, servers: [<ServerDescription ('localhost', 27017) server_type: Unknown, rtt: None>]>", "clientId": {"$oid": "66d1fe4f66fc59ae65e98b76"}, "remainingTimeMS": 29}
Aug 30 17:15:59 INFO >> Features initialized as the following:
Aug 30 17:15:59 INFO >> num_unique_dms
Aug 30 17:15:59 INFO >> num_unique_freqs
Aug 30 17:15:59 INFO >> ndetections
Aug 30 17:15:59 INFO >> nharm
Aug 30 17:15:59 INFO >> log_p_dm
Aug 30 17:15:59 INFO >> ['dm_sigma_FitGaussWidth_gauss_sigma', 'dm_sigma_FitGaussWidth_gauss_sigma_rel_err', 'dm_sigma_FitGaussWidth_ndof', 'dm_sigma_FitGaussWidth_rms_err']
Aug 30 17:15:59 INFO >> ['dm_sigma_FitGauss_amplitude', 'dm_sigma_FitGauss_mu', 'dm_sigma_FitGauss_gauss_sigma', 'dm_sigma_FitGauss_amplitude_rel_err', 'dm_sigma_FitGauss_mu_rel_err', 'dm_sigma_FitGauss_gauss_sigma_rel_err', 'dm_sigma_FitGauss_amplitude-detection', 'dm_sigma_FitGauss_mu-detection', 'dm_sigma_FitGauss_ndof', 'dm_sigma_FitGauss_rms_err']
Aug 30 17:15:59 INFO >> ['freq_sigma_FitGaussWidth_gauss_sigma', 'freq_sigma_FitGaussWidth_gauss_sigma_rel_err', 'freq_sigma_FitGaussWidth_ndof', 'freq_sigma_FitGaussWidth_rms_err']
Aug 30 17:15:59 INFO >> ['freq_sigma_FitGauss_amplitude', 'freq_sigma_FitGauss_mu', 'freq_sigma_FitGauss_gauss_sigma', 'freq_sigma_FitGauss_amplitude_rel_err', 'freq_sigma_FitGauss_mu_rel_err', 'freq_sigma_FitGauss_gauss_sigma_rel_err', 'freq_sigma_FitGauss_amplitude-detection', 'freq_sigma_FitGauss_mu-detection', 'freq_sigma_FitGauss_ndof', 'freq_sigma_FitGauss_rms_err']
Aug 30 17:15:59 INFO >> Performing searching on cumulative stack 315.95 49.23
Aug 30 17:15:59 INFO >> Loading the cumulative power spectra stack to search
Aug 30 17:16:56 INFO >> DM: 67.05704973673207
Aug 30 17:16:56 INFO >> sigma: 14.918784116854352
Aug 30 17:16:56 INFO >> frequency: 43.65695915740354
Aug 30 17:16:56 INFO >> Injecting 11 harmonics.
Aug 30 17:16:56 INFO >> Starting DM: 64.66547925546
Aug 30 17:16:56 INFO >> Stopping DM: 69.4217821114954
Aug 30 17:16:56 INFO >> Expected detection at 10.26 sigma with 8 harmonics.
Aug 30 17:17:10 INFO >> Start searching 6558 dm trials using 32 harmonics.
Aug 30 17:17:16 INFO >> Moved power spectra to shared memory.
Aug 30 17:17:16 INFO >> Number of dm trials in single multi processing job: 10
Aug 30 17:17:56 INFO >> Total number of detections=15594
Aug 30 17:17:56 INFO >> Clustering the detections
Aug 30 17:17:56 INFO >> Starting clustering
Aug 30 17:17:57 INFO >> Rogue harmonic power filter reduced detections from 15594 to 8536
Aug 30 17:17:57 INFO >> Filtering out duplicate freq,dm detections at multiple nharms removes 791 detections
Aug 30 17:17:57 INFO >> Duplicate freq,dm filter reduced detections to 7745
Aug 30 17:17:57 INFO >> Number of detections over threshold sigma (6.0): 7745
Aug 30 17:17:57 INFO >> Grouping duplicate frequencies together first
Aug 30 17:17:57 INFO >> Grouping duplicate frequencies removed 7221 detections from the harmonic metric computation
Aug 30 17:17:57 INFO >> Starting freq-DM distance metric computation
Aug 30 17:17:57 INFO >> Finished freq-DM distance metric computation
Aug 30 17:17:57 INFO >> Largest group size for metric computation is 97
Aug 30 17:17:57 INFO >> Starting harmonic distance metric computation
Aug 30 17:17:58 INFO >> Finished harmonic distance metric computation
Aug 30 17:17:58 INFO >> Starting DBSCAN
Aug 30 17:17:58 INFO >> Finished DBSCAN
Aug 30 17:17:58 INFO >> Clusters found: 76
Aug 30 17:17:58 INFO >> Filtered 32 clusters below or equal 2 DM.
Aug 30 17:17:58 INFO >> Total number of candidate clusters=1
Aug 30 17:17:58 INFO >> Candidate Processor of stack (315.95 49.23)
Aug 30 17:17:58 INFO >> Making SinglePointingCandidates from a list of 1 PowerSpectraDetectionClusters
Aug 30 17:18:00 INFO >> saved candidates to ./results//injections/315.95_49.23_cumulative_power_spectra_stack_20220627_11_tpa.yml_(61,)_candidates.npz
Aug 30 17:18:00 INFO >> Injected Pulsars:     1
Aug 30 17:18:00 INFO >> Injection Candidates: 1
Aug 30 17:18:00 INFO >> Recovered Injections: 1
Aug 30 17:18:00 INFO >> 1 candidates.
Aug 30 17:18:00 INFO >> Best candidate: F0: 43.657 DM: 67.09 Sigma: 11.15
Aug 30 17:18:02 INFO >> Unlinked shared memory for cumulative stack.
Aug 30 17:18:02 INFO >> Pipeline execution time: 2.04 minutes
