Aug 30 19:10:41 INFO >> {"message": "Waiting for suitable server to become available", "selector": "Primary()", "operation": "find", "topologyDescription": "<TopologyDescription id: 66d21931b104a1b22163edaa, topology_type: Unknown, servers: [<ServerDescription ('localhost', 27017) server_type: Unknown, rtt: None>]>", "clientId": {"$oid": "66d21931b104a1b22163edaa"}, "remainingTimeMS": 29}
Aug 30 19:10:41 INFO >> Features initialized as the following:
Aug 30 19:10:41 INFO >> num_unique_dms
Aug 30 19:10:41 INFO >> num_unique_freqs
Aug 30 19:10:41 INFO >> ndetections
Aug 30 19:10:41 INFO >> nharm
Aug 30 19:10:41 INFO >> log_p_dm
Aug 30 19:10:41 INFO >> ['dm_sigma_FitGaussWidth_gauss_sigma', 'dm_sigma_FitGaussWidth_gauss_sigma_rel_err', 'dm_sigma_FitGaussWidth_ndof', 'dm_sigma_FitGaussWidth_rms_err']
Aug 30 19:10:41 INFO >> ['dm_sigma_FitGauss_amplitude', 'dm_sigma_FitGauss_mu', 'dm_sigma_FitGauss_gauss_sigma', 'dm_sigma_FitGauss_amplitude_rel_err', 'dm_sigma_FitGauss_mu_rel_err', 'dm_sigma_FitGauss_gauss_sigma_rel_err', 'dm_sigma_FitGauss_amplitude-detection', 'dm_sigma_FitGauss_mu-detection', 'dm_sigma_FitGauss_ndof', 'dm_sigma_FitGauss_rms_err']
Aug 30 19:10:41 INFO >> ['freq_sigma_FitGaussWidth_gauss_sigma', 'freq_sigma_FitGaussWidth_gauss_sigma_rel_err', 'freq_sigma_FitGaussWidth_ndof', 'freq_sigma_FitGaussWidth_rms_err']
Aug 30 19:10:41 INFO >> ['freq_sigma_FitGauss_amplitude', 'freq_sigma_FitGauss_mu', 'freq_sigma_FitGauss_gauss_sigma', 'freq_sigma_FitGauss_amplitude_rel_err', 'freq_sigma_FitGauss_mu_rel_err', 'freq_sigma_FitGauss_gauss_sigma_rel_err', 'freq_sigma_FitGauss_amplitude-detection', 'freq_sigma_FitGauss_mu-detection', 'freq_sigma_FitGauss_ndof', 'freq_sigma_FitGauss_rms_err']
Aug 30 19:10:41 INFO >> Performing searching on cumulative stack 315.95 49.23
Aug 30 19:10:41 INFO >> Loading the cumulative power spectra stack to search
Aug 30 19:11:38 INFO >> DM: 182.90461735444748
Aug 30 19:11:38 INFO >> sigma: 11.305236263683563
Aug 30 19:11:38 INFO >> frequency: 153.26587733761917
Aug 30 19:11:38 INFO >> Injecting 3 harmonics.
Aug 30 19:11:38 INFO >> Starting DM: 182.2574775259522
Aug 30 19:11:38 INFO >> Stopping DM: 183.57305065634498
Aug 30 19:11:38 INFO >> Expected detection at 3.10 sigma with 2 harmonics.
Aug 30 19:11:52 INFO >> Start searching 6558 dm trials using 32 harmonics.
Aug 30 19:11:58 INFO >> Moved power spectra to shared memory.
Aug 30 19:11:58 INFO >> Number of dm trials in single multi processing job: 10
Aug 30 19:12:38 INFO >> Total number of detections=15577
Aug 30 19:12:38 INFO >> Clustering the detections
Aug 30 19:12:38 INFO >> Starting clustering
Aug 30 19:12:38 INFO >> Rogue harmonic power filter reduced detections from 15577 to 8519
Aug 30 19:12:38 INFO >> Filtering out duplicate freq,dm detections at multiple nharms removes 787 detections
Aug 30 19:12:38 INFO >> Duplicate freq,dm filter reduced detections to 7732
Aug 30 19:12:38 INFO >> Number of detections over threshold sigma (6.0): 7732
Aug 30 19:12:38 INFO >> Grouping duplicate frequencies together first
Aug 30 19:12:38 INFO >> Grouping duplicate frequencies removed 7214 detections from the harmonic metric computation
Aug 30 19:12:38 INFO >> Starting freq-DM distance metric computation
Aug 30 19:12:39 INFO >> Finished freq-DM distance metric computation
Aug 30 19:12:39 INFO >> Largest group size for metric computation is 97
Aug 30 19:12:39 INFO >> Starting harmonic distance metric computation
Aug 30 19:12:40 INFO >> Finished harmonic distance metric computation
Aug 30 19:12:40 INFO >> Starting DBSCAN
Aug 30 19:12:40 INFO >> Finished DBSCAN
Aug 30 19:12:40 INFO >> Clusters found: 75
Aug 30 19:12:40 INFO >> Filtered 32 clusters below or equal 2 DM.
Aug 30 19:12:40 INFO >> Total number of candidate clusters=0
Aug 30 19:12:40 INFO >> Candidate Processor of stack (315.95 49.23)
Aug 30 19:12:40 INFO >> Making SinglePointingCandidates from a list of 0 PowerSpectraDetectionClusters
Aug 30 19:12:42 INFO >> saved candidates to ./results//injections/315.95_49.23_cumulative_power_spectra_stack_20220627_11_tpa.yml_(116,)_candidates.npz
Aug 30 19:12:42 INFO >> Injected Pulsars:     1
Aug 30 19:12:42 INFO >> Injection Candidates: 0
Aug 30 19:12:42 INFO >> Recovered Injections: 0
Aug 30 19:12:42 INFO >> 0 candidates.
Aug 30 19:12:43 INFO >> Unlinked shared memory for cumulative stack.
Aug 30 19:12:43 INFO >> Pipeline execution time: 2.04 minutes
