Aug 30 19:35:44 INFO >> {"message": "Waiting for suitable server to become available", "selector": "Primary()", "operation": "find", "topologyDescription": "<TopologyDescription id: 66d21f109d15cdcd2c5c4044, topology_type: Unknown, servers: [<ServerDescription ('localhost', 27017) server_type: Unknown, rtt: None>]>", "clientId": {"$oid": "66d21f109d15cdcd2c5c4044"}, "remainingTimeMS": 29}
Aug 30 19:35:44 INFO >> Features initialized as the following:
Aug 30 19:35:44 INFO >> num_unique_dms
Aug 30 19:35:44 INFO >> num_unique_freqs
Aug 30 19:35:44 INFO >> ndetections
Aug 30 19:35:44 INFO >> nharm
Aug 30 19:35:44 INFO >> log_p_dm
Aug 30 19:35:44 INFO >> ['dm_sigma_FitGaussWidth_gauss_sigma', 'dm_sigma_FitGaussWidth_gauss_sigma_rel_err', 'dm_sigma_FitGaussWidth_ndof', 'dm_sigma_FitGaussWidth_rms_err']
Aug 30 19:35:44 INFO >> ['dm_sigma_FitGauss_amplitude', 'dm_sigma_FitGauss_mu', 'dm_sigma_FitGauss_gauss_sigma', 'dm_sigma_FitGauss_amplitude_rel_err', 'dm_sigma_FitGauss_mu_rel_err', 'dm_sigma_FitGauss_gauss_sigma_rel_err', 'dm_sigma_FitGauss_amplitude-detection', 'dm_sigma_FitGauss_mu-detection', 'dm_sigma_FitGauss_ndof', 'dm_sigma_FitGauss_rms_err']
Aug 30 19:35:44 INFO >> ['freq_sigma_FitGaussWidth_gauss_sigma', 'freq_sigma_FitGaussWidth_gauss_sigma_rel_err', 'freq_sigma_FitGaussWidth_ndof', 'freq_sigma_FitGaussWidth_rms_err']
Aug 30 19:35:44 INFO >> ['freq_sigma_FitGauss_amplitude', 'freq_sigma_FitGauss_mu', 'freq_sigma_FitGauss_gauss_sigma', 'freq_sigma_FitGauss_amplitude_rel_err', 'freq_sigma_FitGauss_mu_rel_err', 'freq_sigma_FitGauss_gauss_sigma_rel_err', 'freq_sigma_FitGauss_amplitude-detection', 'freq_sigma_FitGauss_mu-detection', 'freq_sigma_FitGauss_ndof', 'freq_sigma_FitGauss_rms_err']
Aug 30 19:35:45 INFO >> Performing searching on cumulative stack 315.95 49.23
Aug 30 19:35:45 INFO >> Loading the cumulative power spectra stack to search
Aug 30 19:36:42 INFO >> DM: 39.095180665207955
Aug 30 19:36:42 INFO >> sigma: 8.017986873748773
Aug 30 19:36:42 INFO >> frequency: 26.374382645480345
Aug 30 19:36:42 INFO >> Injecting 19 harmonics.
Aug 30 19:36:42 INFO >> Starting DM: 35.21688072128338
Aug 30 19:36:42 INFO >> Stopping DM: 43.00912157053286
Aug 30 19:36:42 INFO >> Expected detection at 7.32 sigma with 16 harmonics.
Aug 30 19:36:56 INFO >> Start searching 6558 dm trials using 32 harmonics.
Aug 30 19:37:02 INFO >> Moved power spectra to shared memory.
Aug 30 19:37:02 INFO >> Number of dm trials in single multi processing job: 10
Aug 30 19:37:43 INFO >> Total number of detections=15579
Aug 30 19:37:43 INFO >> Clustering the detections
Aug 30 19:37:43 INFO >> Starting clustering
Aug 30 19:37:43 INFO >> Rogue harmonic power filter reduced detections from 15579 to 8521
Aug 30 19:37:43 INFO >> Filtering out duplicate freq,dm detections at multiple nharms removes 787 detections
Aug 30 19:37:43 INFO >> Duplicate freq,dm filter reduced detections to 7734
Aug 30 19:37:43 INFO >> Number of detections over threshold sigma (6.0): 7734
Aug 30 19:37:43 INFO >> Grouping duplicate frequencies together first
Aug 30 19:37:43 INFO >> Grouping duplicate frequencies removed 7215 detections from the harmonic metric computation
Aug 30 19:37:43 INFO >> Starting freq-DM distance metric computation
Aug 30 19:37:43 INFO >> Finished freq-DM distance metric computation
Aug 30 19:37:44 INFO >> Largest group size for metric computation is 97
Aug 30 19:37:44 INFO >> Starting harmonic distance metric computation
Aug 30 19:37:44 INFO >> Finished harmonic distance metric computation
Aug 30 19:37:44 INFO >> Starting DBSCAN
Aug 30 19:37:44 INFO >> Finished DBSCAN
Aug 30 19:37:44 INFO >> Clusters found: 75
Aug 30 19:37:44 INFO >> Filtered 32 clusters below or equal 2 DM.
Aug 30 19:37:44 INFO >> Total number of candidate clusters=0
Aug 30 19:37:45 INFO >> Candidate Processor of stack (315.95 49.23)
Aug 30 19:37:45 INFO >> Making SinglePointingCandidates from a list of 0 PowerSpectraDetectionClusters
Aug 30 19:37:46 INFO >> saved candidates to ./results//injections/315.95_49.23_cumulative_power_spectra_stack_20220627_11_tpa.yml_(128,)_candidates.npz
Aug 30 19:37:46 INFO >> Injected Pulsars:     1
Aug 30 19:37:46 INFO >> Injection Candidates: 0
Aug 30 19:37:46 INFO >> Recovered Injections: 0
Aug 30 19:37:46 INFO >> 0 candidates.
Aug 30 19:37:48 INFO >> Unlinked shared memory for cumulative stack.
Aug 30 19:37:48 INFO >> Pipeline execution time: 2.06 minutes
