Aug 30 20:32:04 INFO >> {"message": "Waiting for suitable server to become available", "selector": "Primary()", "operation": "find", "topologyDescription": "<TopologyDescription id: 66d22c44e615fc32b279a801, topology_type: Unknown, servers: [<ServerDescription ('localhost', 27017) server_type: Unknown, rtt: None>]>", "clientId": {"$oid": "66d22c44e615fc32b279a801"}, "remainingTimeMS": 29}
Aug 30 20:32:05 INFO >> Features initialized as the following:
Aug 30 20:32:05 INFO >> num_unique_dms
Aug 30 20:32:05 INFO >> num_unique_freqs
Aug 30 20:32:05 INFO >> ndetections
Aug 30 20:32:05 INFO >> nharm
Aug 30 20:32:05 INFO >> log_p_dm
Aug 30 20:32:05 INFO >> ['dm_sigma_FitGaussWidth_gauss_sigma', 'dm_sigma_FitGaussWidth_gauss_sigma_rel_err', 'dm_sigma_FitGaussWidth_ndof', 'dm_sigma_FitGaussWidth_rms_err']
Aug 30 20:32:05 INFO >> ['dm_sigma_FitGauss_amplitude', 'dm_sigma_FitGauss_mu', 'dm_sigma_FitGauss_gauss_sigma', 'dm_sigma_FitGauss_amplitude_rel_err', 'dm_sigma_FitGauss_mu_rel_err', 'dm_sigma_FitGauss_gauss_sigma_rel_err', 'dm_sigma_FitGauss_amplitude-detection', 'dm_sigma_FitGauss_mu-detection', 'dm_sigma_FitGauss_ndof', 'dm_sigma_FitGauss_rms_err']
Aug 30 20:32:05 INFO >> ['freq_sigma_FitGaussWidth_gauss_sigma', 'freq_sigma_FitGaussWidth_gauss_sigma_rel_err', 'freq_sigma_FitGaussWidth_ndof', 'freq_sigma_FitGaussWidth_rms_err']
Aug 30 20:32:05 INFO >> ['freq_sigma_FitGauss_amplitude', 'freq_sigma_FitGauss_mu', 'freq_sigma_FitGauss_gauss_sigma', 'freq_sigma_FitGauss_amplitude_rel_err', 'freq_sigma_FitGauss_mu_rel_err', 'freq_sigma_FitGauss_gauss_sigma_rel_err', 'freq_sigma_FitGauss_amplitude-detection', 'freq_sigma_FitGauss_mu-detection', 'freq_sigma_FitGauss_ndof', 'freq_sigma_FitGauss_rms_err']
Aug 30 20:32:05 INFO >> Performing searching on cumulative stack 315.95 49.23
Aug 30 20:32:05 INFO >> Loading the cumulative power spectra stack to search
Aug 30 20:33:02 INFO >> DM: 129.9202543064294
Aug 30 20:33:02 INFO >> sigma: 12.988624673548433
Aug 30 20:33:02 INFO >> frequency: 68.03404945205719
Aug 30 20:33:02 INFO >> Injecting 7 harmonics.
Aug 30 20:33:02 INFO >> Starting DM: 128.4201771129558
Aug 30 20:33:02 INFO >> Stopping DM: 131.45611510616985
Aug 30 20:33:02 INFO >> Expected detection at 10.95 sigma with 4 harmonics.
Aug 30 20:33:16 INFO >> Start searching 6558 dm trials using 32 harmonics.
Aug 30 20:33:22 INFO >> Moved power spectra to shared memory.
Aug 30 20:33:22 INFO >> Number of dm trials in single multi processing job: 10
Aug 30 20:34:02 INFO >> Total number of detections=15616
Aug 30 20:34:02 INFO >> Clustering the detections
Aug 30 20:34:02 INFO >> Starting clustering
Aug 30 20:34:02 INFO >> Rogue harmonic power filter reduced detections from 15616 to 8558
Aug 30 20:34:02 INFO >> Filtering out duplicate freq,dm detections at multiple nharms removes 800 detections
Aug 30 20:34:02 INFO >> Duplicate freq,dm filter reduced detections to 7758
Aug 30 20:34:02 INFO >> Number of detections over threshold sigma (6.0): 7758
Aug 30 20:34:02 INFO >> Grouping duplicate frequencies together first
Aug 30 20:34:02 INFO >> Grouping duplicate frequencies removed 7228 detections from the harmonic metric computation
Aug 30 20:34:02 INFO >> Starting freq-DM distance metric computation
Aug 30 20:34:03 INFO >> Finished freq-DM distance metric computation
Aug 30 20:34:03 INFO >> Largest group size for metric computation is 97
Aug 30 20:34:03 INFO >> Starting harmonic distance metric computation
Aug 30 20:34:04 INFO >> Finished harmonic distance metric computation
Aug 30 20:34:04 INFO >> Starting DBSCAN
Aug 30 20:34:04 INFO >> Finished DBSCAN
Aug 30 20:34:04 INFO >> Clusters found: 76
Aug 30 20:34:04 INFO >> Filtered 32 clusters below or equal 2 DM.
Aug 30 20:34:04 INFO >> Total number of candidate clusters=1
Aug 30 20:34:04 INFO >> Candidate Processor of stack (315.95 49.23)
Aug 30 20:34:04 INFO >> Making SinglePointingCandidates from a list of 1 PowerSpectraDetectionClusters
Aug 30 20:34:06 INFO >> saved candidates to ./results//injections/315.95_49.23_cumulative_power_spectra_stack_20220627_11_tpa.yml_(155,)_candidates.npz
Aug 30 20:34:06 INFO >> Injected Pulsars:     1
Aug 30 20:34:06 INFO >> Injection Candidates: 1
Aug 30 20:34:06 INFO >> Recovered Injections: 1
Aug 30 20:34:06 INFO >> 1 candidates.
Aug 30 20:34:06 INFO >> Best candidate: F0: 68.034 DM: 129.94 Sigma: 11.34
Aug 30 20:34:07 INFO >> Unlinked shared memory for cumulative stack.
Aug 30 20:34:07 INFO >> Pipeline execution time: 2.05 minutes
