Aug 30 19:29:27 INFO >> {"message": "Waiting for suitable server to become available", "selector": "Primary()", "operation": "find", "topologyDescription": "<TopologyDescription id: 66d21d973a016a392087e236, topology_type: Unknown, servers: [<ServerDescription ('localhost', 27017) server_type: Unknown, rtt: None>]>", "clientId": {"$oid": "66d21d973a016a392087e236"}, "remainingTimeMS": 29}
Aug 30 19:29:27 INFO >> Features initialized as the following:
Aug 30 19:29:27 INFO >> num_unique_dms
Aug 30 19:29:27 INFO >> num_unique_freqs
Aug 30 19:29:27 INFO >> ndetections
Aug 30 19:29:27 INFO >> nharm
Aug 30 19:29:27 INFO >> log_p_dm
Aug 30 19:29:27 INFO >> ['dm_sigma_FitGaussWidth_gauss_sigma', 'dm_sigma_FitGaussWidth_gauss_sigma_rel_err', 'dm_sigma_FitGaussWidth_ndof', 'dm_sigma_FitGaussWidth_rms_err']
Aug 30 19:29:27 INFO >> ['dm_sigma_FitGauss_amplitude', 'dm_sigma_FitGauss_mu', 'dm_sigma_FitGauss_gauss_sigma', 'dm_sigma_FitGauss_amplitude_rel_err', 'dm_sigma_FitGauss_mu_rel_err', 'dm_sigma_FitGauss_gauss_sigma_rel_err', 'dm_sigma_FitGauss_amplitude-detection', 'dm_sigma_FitGauss_mu-detection', 'dm_sigma_FitGauss_ndof', 'dm_sigma_FitGauss_rms_err']
Aug 30 19:29:27 INFO >> ['freq_sigma_FitGaussWidth_gauss_sigma', 'freq_sigma_FitGaussWidth_gauss_sigma_rel_err', 'freq_sigma_FitGaussWidth_ndof', 'freq_sigma_FitGaussWidth_rms_err']
Aug 30 19:29:27 INFO >> ['freq_sigma_FitGauss_amplitude', 'freq_sigma_FitGauss_mu', 'freq_sigma_FitGauss_gauss_sigma', 'freq_sigma_FitGauss_amplitude_rel_err', 'freq_sigma_FitGauss_mu_rel_err', 'freq_sigma_FitGauss_gauss_sigma_rel_err', 'freq_sigma_FitGauss_amplitude-detection', 'freq_sigma_FitGauss_mu-detection', 'freq_sigma_FitGauss_ndof', 'freq_sigma_FitGauss_rms_err']
Aug 30 19:29:27 INFO >> Performing searching on cumulative stack 315.95 49.23
Aug 30 19:29:27 INFO >> Loading the cumulative power spectra stack to search
Aug 30 19:30:24 INFO >> DM: 111.60595647771157
Aug 30 19:30:24 INFO >> sigma: 16.574942720212935
Aug 30 19:30:24 INFO >> frequency: 14.86166072369185
Aug 30 19:30:24 INFO >> Injecting 34 harmonics.
Aug 30 19:30:24 INFO >> Starting DM: 104.63866283277878
Aug 30 19:30:24 INFO >> Stopping DM: 118.50277966845644
Aug 30 19:30:24 INFO >> Expected detection at 13.67 sigma with 4 harmonics.
Aug 30 19:30:38 INFO >> Start searching 6558 dm trials using 32 harmonics.
Aug 30 19:30:44 INFO >> Moved power spectra to shared memory.
Aug 30 19:30:44 INFO >> Number of dm trials in single multi processing job: 10
Aug 30 19:31:26 INFO >> Total number of detections=16648
Aug 30 19:31:26 INFO >> Clustering the detections
Aug 30 19:31:26 INFO >> Starting clustering
Aug 30 19:31:26 INFO >> Rogue harmonic power filter reduced detections from 16648 to 8803
Aug 30 19:31:26 INFO >> Filtering out duplicate freq,dm detections at multiple nharms removes 867 detections
Aug 30 19:31:26 INFO >> Duplicate freq,dm filter reduced detections to 7936
Aug 30 19:31:26 INFO >> Number of detections over threshold sigma (6.0): 7936
Aug 30 19:31:26 INFO >> Grouping duplicate frequencies together first
Aug 30 19:31:26 INFO >> Grouping duplicate frequencies removed 7388 detections from the harmonic metric computation
Aug 30 19:31:26 INFO >> Starting freq-DM distance metric computation
Aug 30 19:31:26 INFO >> Finished freq-DM distance metric computation
Aug 30 19:31:26 INFO >> Largest group size for metric computation is 97
Aug 30 19:31:26 INFO >> Starting harmonic distance metric computation
Aug 30 19:31:27 INFO >> Finished harmonic distance metric computation
Aug 30 19:31:27 INFO >> Starting DBSCAN
Aug 30 19:31:27 INFO >> Finished DBSCAN
Aug 30 19:31:27 INFO >> Clusters found: 76
Aug 30 19:31:27 INFO >> Filtered 32 clusters below or equal 2 DM.
Aug 30 19:31:27 INFO >> Total number of candidate clusters=1
Aug 30 19:31:27 INFO >> Candidate Processor of stack (315.95 49.23)
Aug 30 19:31:27 INFO >> Making SinglePointingCandidates from a list of 1 PowerSpectraDetectionClusters
Aug 30 19:31:30 INFO >> saved candidates to ./results//injections/315.95_49.23_cumulative_power_spectra_stack_20220627_11_tpa.yml_(125,)_candidates.npz
Aug 30 19:31:30 INFO >> Injected Pulsars:     1
Aug 30 19:31:30 INFO >> Injection Candidates: 1
Aug 30 19:31:30 INFO >> Recovered Injections: 1
Aug 30 19:31:30 INFO >> 1 candidates.
Aug 30 19:31:30 INFO >> Best candidate: F0: 14.862 DM: 111.62 Sigma: 13.57
Aug 30 19:31:31 INFO >> Unlinked shared memory for cumulative stack.
Aug 30 19:31:31 INFO >> Pipeline execution time: 2.07 minutes
