Aug 30 14:40:45 INFO >> {"message": "Waiting for suitable server to become available", "selector": "Primary()", "operation": "find", "topologyDescription": "<TopologyDescription id: 66d1d9edcdac6483e483fdd5, topology_type: Unknown, servers: [<ServerDescription ('localhost', 27017) server_type: Unknown, rtt: None>]>", "clientId": {"$oid": "66d1d9edcdac6483e483fdd5"}, "remainingTimeMS": 29}
Aug 30 14:40:45 INFO >> Features initialized as the following:
Aug 30 14:40:45 INFO >> num_unique_dms
Aug 30 14:40:45 INFO >> num_unique_freqs
Aug 30 14:40:45 INFO >> ndetections
Aug 30 14:40:45 INFO >> nharm
Aug 30 14:40:45 INFO >> log_p_dm
Aug 30 14:40:45 INFO >> ['dm_sigma_FitGaussWidth_gauss_sigma', 'dm_sigma_FitGaussWidth_gauss_sigma_rel_err', 'dm_sigma_FitGaussWidth_ndof', 'dm_sigma_FitGaussWidth_rms_err']
Aug 30 14:40:45 INFO >> ['dm_sigma_FitGauss_amplitude', 'dm_sigma_FitGauss_mu', 'dm_sigma_FitGauss_gauss_sigma', 'dm_sigma_FitGauss_amplitude_rel_err', 'dm_sigma_FitGauss_mu_rel_err', 'dm_sigma_FitGauss_gauss_sigma_rel_err', 'dm_sigma_FitGauss_amplitude-detection', 'dm_sigma_FitGauss_mu-detection', 'dm_sigma_FitGauss_ndof', 'dm_sigma_FitGauss_rms_err']
Aug 30 14:40:45 INFO >> ['freq_sigma_FitGaussWidth_gauss_sigma', 'freq_sigma_FitGaussWidth_gauss_sigma_rel_err', 'freq_sigma_FitGaussWidth_ndof', 'freq_sigma_FitGaussWidth_rms_err']
Aug 30 14:40:45 INFO >> ['freq_sigma_FitGauss_amplitude', 'freq_sigma_FitGauss_mu', 'freq_sigma_FitGauss_gauss_sigma', 'freq_sigma_FitGauss_amplitude_rel_err', 'freq_sigma_FitGauss_mu_rel_err', 'freq_sigma_FitGauss_gauss_sigma_rel_err', 'freq_sigma_FitGauss_amplitude-detection', 'freq_sigma_FitGauss_mu-detection', 'freq_sigma_FitGauss_ndof', 'freq_sigma_FitGauss_rms_err']
Aug 30 14:40:45 INFO >> Performing searching on cumulative stack 315.95 49.23
Aug 30 14:40:45 INFO >> Loading the cumulative power spectra stack to search
Aug 30 14:41:09 INFO >> DM: 79.66441071350665
Aug 30 14:41:09 INFO >> sigma: 6.372966134361531
Aug 30 14:41:09 INFO >> frequency: 56.14970163446432
Aug 30 14:41:09 INFO >> Injecting 9 harmonics.
Aug 30 14:41:09 INFO >> Starting DM: 77.82121055938771
Aug 30 14:41:09 INFO >> Stopping DM: 81.46433615124461
Aug 30 14:41:09 INFO >> Expected detection at 5.10 sigma with 8 harmonics.
Aug 30 14:41:23 INFO >> Start searching 6558 dm trials using 32 harmonics.
Aug 30 14:41:29 INFO >> Moved power spectra to shared memory.
Aug 30 14:41:29 INFO >> Number of dm trials in single multi processing job: 10
Aug 30 14:42:10 INFO >> Total number of detections=15577
Aug 30 14:42:10 INFO >> Clustering the detections
Aug 30 14:42:10 INFO >> Starting clustering
Aug 30 14:42:10 INFO >> Rogue harmonic power filter reduced detections from 15577 to 8519
Aug 30 14:42:10 INFO >> Filtering out duplicate freq,dm detections at multiple nharms removes 787 detections
Aug 30 14:42:10 INFO >> Duplicate freq,dm filter reduced detections to 7732
Aug 30 14:42:10 INFO >> Number of detections over threshold sigma (6.0): 7732
Aug 30 14:42:10 INFO >> Grouping duplicate frequencies together first
Aug 30 14:42:10 INFO >> Grouping duplicate frequencies removed 7214 detections from the harmonic metric computation
Aug 30 14:42:10 INFO >> Starting freq-DM distance metric computation
Aug 30 14:42:10 INFO >> Finished freq-DM distance metric computation
Aug 30 14:42:11 INFO >> Largest group size for metric computation is 97
Aug 30 14:42:11 INFO >> Starting harmonic distance metric computation
Aug 30 14:42:11 INFO >> Finished harmonic distance metric computation
Aug 30 14:42:11 INFO >> Starting DBSCAN
Aug 30 14:42:12 INFO >> Finished DBSCAN
Aug 30 14:42:12 INFO >> Clusters found: 75
Aug 30 14:42:12 INFO >> Filtered 32 clusters below or equal 2 DM.
Aug 30 14:42:12 INFO >> Total number of candidate clusters=0
Aug 30 14:42:12 INFO >> Candidate Processor of stack (315.95 49.23)
Aug 30 14:42:12 INFO >> Making SinglePointingCandidates from a list of 0 PowerSpectraDetectionClusters
Aug 30 14:42:13 INFO >> saved candidates to ./results//injections/315.95_49.23_cumulative_power_spectra_stack_20220627_11_random.yml_(0,)_candidates.npz
Aug 30 14:42:13 INFO >> Injected Pulsars:     1
Aug 30 14:42:13 INFO >> Injection Candidates: 0
Aug 30 14:42:13 INFO >> Recovered Injections: 0
Aug 30 14:42:13 INFO >> 0 candidates.
Aug 30 14:42:15 INFO >> Unlinked shared memory for cumulative stack.
Aug 30 14:42:15 INFO >> Pipeline execution time: 1.50 minutes
