Aug 30 16:07:08 INFO >> {"message": "Waiting for suitable server to become available", "selector": "Primary()", "operation": "find", "topologyDescription": "<TopologyDescription id: 66d1ee2c734cdd6807f5a4a9, topology_type: Unknown, servers: [<ServerDescription ('localhost', 27017) server_type: Unknown, rtt: None>]>", "clientId": {"$oid": "66d1ee2c734cdd6807f5a4a9"}, "remainingTimeMS": 29}
Aug 30 16:07:08 INFO >> Features initialized as the following:
Aug 30 16:07:08 INFO >> num_unique_dms
Aug 30 16:07:08 INFO >> num_unique_freqs
Aug 30 16:07:08 INFO >> ndetections
Aug 30 16:07:08 INFO >> nharm
Aug 30 16:07:08 INFO >> log_p_dm
Aug 30 16:07:08 INFO >> ['dm_sigma_FitGaussWidth_gauss_sigma', 'dm_sigma_FitGaussWidth_gauss_sigma_rel_err', 'dm_sigma_FitGaussWidth_ndof', 'dm_sigma_FitGaussWidth_rms_err']
Aug 30 16:07:08 INFO >> ['dm_sigma_FitGauss_amplitude', 'dm_sigma_FitGauss_mu', 'dm_sigma_FitGauss_gauss_sigma', 'dm_sigma_FitGauss_amplitude_rel_err', 'dm_sigma_FitGauss_mu_rel_err', 'dm_sigma_FitGauss_gauss_sigma_rel_err', 'dm_sigma_FitGauss_amplitude-detection', 'dm_sigma_FitGauss_mu-detection', 'dm_sigma_FitGauss_ndof', 'dm_sigma_FitGauss_rms_err']
Aug 30 16:07:08 INFO >> ['freq_sigma_FitGaussWidth_gauss_sigma', 'freq_sigma_FitGaussWidth_gauss_sigma_rel_err', 'freq_sigma_FitGaussWidth_ndof', 'freq_sigma_FitGaussWidth_rms_err']
Aug 30 16:07:08 INFO >> ['freq_sigma_FitGauss_amplitude', 'freq_sigma_FitGauss_mu', 'freq_sigma_FitGauss_gauss_sigma', 'freq_sigma_FitGauss_amplitude_rel_err', 'freq_sigma_FitGauss_mu_rel_err', 'freq_sigma_FitGauss_gauss_sigma_rel_err', 'freq_sigma_FitGauss_amplitude-detection', 'freq_sigma_FitGauss_mu-detection', 'freq_sigma_FitGauss_ndof', 'freq_sigma_FitGauss_rms_err']
Aug 30 16:07:09 INFO >> Performing searching on cumulative stack 315.95 49.23
Aug 30 16:07:09 INFO >> Loading the cumulative power spectra stack to search
Aug 30 16:08:05 INFO >> DM: 86.98634558452959
Aug 30 16:08:05 INFO >> sigma: 12.16408402167164
Aug 30 16:08:05 INFO >> frequency: 56.99111214321735
Aug 30 16:08:05 INFO >> Injecting 8 harmonics.
Aug 30 16:08:05 INFO >> Starting DM: 85.20865967620864
Aug 30 16:08:05 INFO >> Stopping DM: 88.7505873349584
Aug 30 16:08:05 INFO >> Expected detection at 9.43 sigma with 8 harmonics.
Aug 30 16:08:20 INFO >> Start searching 6558 dm trials using 32 harmonics.
Aug 30 16:08:25 INFO >> Moved power spectra to shared memory.
Aug 30 16:08:25 INFO >> Number of dm trials in single multi processing job: 10
Aug 30 16:09:06 INFO >> Total number of detections=15587
Aug 30 16:09:06 INFO >> Clustering the detections
Aug 30 16:09:06 INFO >> Starting clustering
Aug 30 16:09:06 INFO >> Rogue harmonic power filter reduced detections from 15587 to 8529
Aug 30 16:09:06 INFO >> Filtering out duplicate freq,dm detections at multiple nharms removes 791 detections
Aug 30 16:09:06 INFO >> Duplicate freq,dm filter reduced detections to 7738
Aug 30 16:09:06 INFO >> Number of detections over threshold sigma (6.0): 7738
Aug 30 16:09:06 INFO >> Grouping duplicate frequencies together first
Aug 30 16:09:06 INFO >> Grouping duplicate frequencies removed 7216 detections from the harmonic metric computation
Aug 30 16:09:06 INFO >> Starting freq-DM distance metric computation
Aug 30 16:09:06 INFO >> Finished freq-DM distance metric computation
Aug 30 16:09:07 INFO >> Largest group size for metric computation is 97
Aug 30 16:09:07 INFO >> Starting harmonic distance metric computation
Aug 30 16:09:07 INFO >> Finished harmonic distance metric computation
Aug 30 16:09:07 INFO >> Starting DBSCAN
Aug 30 16:09:07 INFO >> Finished DBSCAN
Aug 30 16:09:07 INFO >> Clusters found: 76
Aug 30 16:09:07 INFO >> Filtered 32 clusters below or equal 2 DM.
Aug 30 16:09:07 INFO >> Total number of candidate clusters=1
Aug 30 16:09:07 INFO >> Candidate Processor of stack (315.95 49.23)
Aug 30 16:09:07 INFO >> Making SinglePointingCandidates from a list of 1 PowerSpectraDetectionClusters
Aug 30 16:09:10 INFO >> saved candidates to ./results//injections/315.95_49.23_cumulative_power_spectra_stack_20220627_11_tpa.yml_(28,)_candidates.npz
Aug 30 16:09:10 INFO >> Injected Pulsars:     1
Aug 30 16:09:10 INFO >> Injection Candidates: 1
Aug 30 16:09:10 INFO >> Recovered Injections: 1
Aug 30 16:09:10 INFO >> 1 candidates.
Aug 30 16:09:10 INFO >> Best candidate: F0: 56.991 DM: 87.03 Sigma: 8.74
Aug 30 16:09:11 INFO >> Unlinked shared memory for cumulative stack.
Aug 30 16:09:11 INFO >> Pipeline execution time: 2.04 minutes
