Aug 30 23:02:32 INFO >> {"message": "Waiting for suitable server to become available", "selector": "Primary()", "operation": "find", "topologyDescription": "<TopologyDescription id: 66d24f885bdc02830fccd0bf, topology_type: Unknown, servers: [<ServerDescription ('localhost', 27017) server_type: Unknown, rtt: None>]>", "clientId": {"$oid": "66d24f885bdc02830fccd0bf"}, "remainingTimeMS": 29}
Aug 30 23:02:33 INFO >> Features initialized as the following:
Aug 30 23:02:33 INFO >> num_unique_dms
Aug 30 23:02:33 INFO >> num_unique_freqs
Aug 30 23:02:33 INFO >> ndetections
Aug 30 23:02:33 INFO >> nharm
Aug 30 23:02:33 INFO >> log_p_dm
Aug 30 23:02:33 INFO >> ['dm_sigma_FitGaussWidth_gauss_sigma', 'dm_sigma_FitGaussWidth_gauss_sigma_rel_err', 'dm_sigma_FitGaussWidth_ndof', 'dm_sigma_FitGaussWidth_rms_err']
Aug 30 23:02:33 INFO >> ['dm_sigma_FitGauss_amplitude', 'dm_sigma_FitGauss_mu', 'dm_sigma_FitGauss_gauss_sigma', 'dm_sigma_FitGauss_amplitude_rel_err', 'dm_sigma_FitGauss_mu_rel_err', 'dm_sigma_FitGauss_gauss_sigma_rel_err', 'dm_sigma_FitGauss_amplitude-detection', 'dm_sigma_FitGauss_mu-detection', 'dm_sigma_FitGauss_ndof', 'dm_sigma_FitGauss_rms_err']
Aug 30 23:02:33 INFO >> ['freq_sigma_FitGaussWidth_gauss_sigma', 'freq_sigma_FitGaussWidth_gauss_sigma_rel_err', 'freq_sigma_FitGaussWidth_ndof', 'freq_sigma_FitGaussWidth_rms_err']
Aug 30 23:02:33 INFO >> ['freq_sigma_FitGauss_amplitude', 'freq_sigma_FitGauss_mu', 'freq_sigma_FitGauss_gauss_sigma', 'freq_sigma_FitGauss_amplitude_rel_err', 'freq_sigma_FitGauss_mu_rel_err', 'freq_sigma_FitGauss_gauss_sigma_rel_err', 'freq_sigma_FitGauss_amplitude-detection', 'freq_sigma_FitGauss_mu-detection', 'freq_sigma_FitGauss_ndof', 'freq_sigma_FitGauss_rms_err']
Aug 30 23:02:33 INFO >> Performing searching on cumulative stack 315.95 49.23
Aug 30 23:02:33 INFO >> Loading the cumulative power spectra stack to search
Aug 30 23:03:30 INFO >> DM: 12.28342155704484
Aug 30 23:03:30 INFO >> sigma: 16.73865502956229
Aug 30 23:03:30 INFO >> frequency: 108.70525213220058
Aug 30 23:03:30 INFO >> Injecting 4 harmonics.
Aug 30 23:03:30 INFO >> Starting DM: 11.334168507999248
Aug 30 23:03:30 INFO >> Stopping DM: 13.256929237034837
Aug 30 23:03:30 INFO >> Expected detection at 8.49 sigma with 4 harmonics.
Aug 30 23:03:44 INFO >> Start searching 6558 dm trials using 32 harmonics.
Aug 30 23:03:50 INFO >> Moved power spectra to shared memory.
Aug 30 23:03:50 INFO >> Number of dm trials in single multi processing job: 10
Aug 30 23:04:30 INFO >> Total number of detections=15583
Aug 30 23:04:30 INFO >> Clustering the detections
Aug 30 23:04:30 INFO >> Starting clustering
Aug 30 23:04:30 INFO >> Rogue harmonic power filter reduced detections from 15583 to 8525
Aug 30 23:04:30 INFO >> Filtering out duplicate freq,dm detections at multiple nharms removes 789 detections
Aug 30 23:04:30 INFO >> Duplicate freq,dm filter reduced detections to 7736
Aug 30 23:04:30 INFO >> Number of detections over threshold sigma (6.0): 7736
Aug 30 23:04:30 INFO >> Grouping duplicate frequencies together first
Aug 30 23:04:30 INFO >> Grouping duplicate frequencies removed 7215 detections from the harmonic metric computation
Aug 30 23:04:30 INFO >> Starting freq-DM distance metric computation
Aug 30 23:04:31 INFO >> Finished freq-DM distance metric computation
Aug 30 23:04:31 INFO >> Largest group size for metric computation is 97
Aug 30 23:04:31 INFO >> Starting harmonic distance metric computation
Aug 30 23:04:31 INFO >> Finished harmonic distance metric computation
Aug 30 23:04:31 INFO >> Starting DBSCAN
Aug 30 23:04:32 INFO >> Finished DBSCAN
Aug 30 23:04:32 INFO >> Clusters found: 75
Aug 30 23:04:32 INFO >> Filtered 32 clusters below or equal 2 DM.
Aug 30 23:04:32 INFO >> Total number of candidate clusters=0
Aug 30 23:04:32 INFO >> Candidate Processor of stack (315.95 49.23)
Aug 30 23:04:32 INFO >> Making SinglePointingCandidates from a list of 0 PowerSpectraDetectionClusters
Aug 30 23:04:34 INFO >> saved candidates to ./results//injections/315.95_49.23_cumulative_power_spectra_stack_20220627_11_tpa.yml_(227,)_candidates.npz
Aug 30 23:04:34 INFO >> Injected Pulsars:     1
Aug 30 23:04:34 INFO >> Injection Candidates: 0
Aug 30 23:04:34 INFO >> Recovered Injections: 0
Aug 30 23:04:34 INFO >> 0 candidates.
Aug 30 23:04:35 INFO >> Unlinked shared memory for cumulative stack.
Aug 30 23:04:35 INFO >> Pipeline execution time: 2.04 minutes
