Aug 30 21:43:11 INFO >> {"message": "Waiting for suitable server to become available", "selector": "Primary()", "operation": "find", "topologyDescription": "<TopologyDescription id: 66d23cef5cdf2a541969fa32, topology_type: Unknown, servers: [<ServerDescription ('localhost', 27017) server_type: Unknown, rtt: None>]>", "clientId": {"$oid": "66d23cef5cdf2a541969fa32"}, "remainingTimeMS": 29}
Aug 30 21:43:11 INFO >> Features initialized as the following:
Aug 30 21:43:11 INFO >> num_unique_dms
Aug 30 21:43:11 INFO >> num_unique_freqs
Aug 30 21:43:11 INFO >> ndetections
Aug 30 21:43:11 INFO >> nharm
Aug 30 21:43:11 INFO >> log_p_dm
Aug 30 21:43:11 INFO >> ['dm_sigma_FitGaussWidth_gauss_sigma', 'dm_sigma_FitGaussWidth_gauss_sigma_rel_err', 'dm_sigma_FitGaussWidth_ndof', 'dm_sigma_FitGaussWidth_rms_err']
Aug 30 21:43:11 INFO >> ['dm_sigma_FitGauss_amplitude', 'dm_sigma_FitGauss_mu', 'dm_sigma_FitGauss_gauss_sigma', 'dm_sigma_FitGauss_amplitude_rel_err', 'dm_sigma_FitGauss_mu_rel_err', 'dm_sigma_FitGauss_gauss_sigma_rel_err', 'dm_sigma_FitGauss_amplitude-detection', 'dm_sigma_FitGauss_mu-detection', 'dm_sigma_FitGauss_ndof', 'dm_sigma_FitGauss_rms_err']
Aug 30 21:43:11 INFO >> ['freq_sigma_FitGaussWidth_gauss_sigma', 'freq_sigma_FitGaussWidth_gauss_sigma_rel_err', 'freq_sigma_FitGaussWidth_ndof', 'freq_sigma_FitGaussWidth_rms_err']
Aug 30 21:43:11 INFO >> ['freq_sigma_FitGauss_amplitude', 'freq_sigma_FitGauss_mu', 'freq_sigma_FitGauss_gauss_sigma', 'freq_sigma_FitGauss_amplitude_rel_err', 'freq_sigma_FitGauss_mu_rel_err', 'freq_sigma_FitGauss_gauss_sigma_rel_err', 'freq_sigma_FitGauss_amplitude-detection', 'freq_sigma_FitGauss_mu-detection', 'freq_sigma_FitGauss_ndof', 'freq_sigma_FitGauss_rms_err']
Aug 30 21:43:11 INFO >> Performing searching on cumulative stack 315.95 49.23
Aug 30 21:43:11 INFO >> Loading the cumulative power spectra stack to search
Aug 30 21:44:08 INFO >> DM: 53.972049568537535
Aug 30 21:44:08 INFO >> sigma: 10.480816384761845
Aug 30 21:44:08 INFO >> frequency: 49.89965623940955
Aug 30 21:44:08 INFO >> Injecting 10 harmonics.
Aug 30 21:44:08 INFO >> Starting DM: 51.91453968396085
Aug 30 21:44:08 INFO >> Stopping DM: 56.06365494135343
Aug 30 21:44:08 INFO >> Expected detection at 6.92 sigma with 8 harmonics.
Aug 30 21:44:22 INFO >> Start searching 6558 dm trials using 32 harmonics.
Aug 30 21:44:28 INFO >> Moved power spectra to shared memory.
Aug 30 21:44:28 INFO >> Number of dm trials in single multi processing job: 10
Aug 30 21:45:08 INFO >> Total number of detections=15584
Aug 30 21:45:08 INFO >> Clustering the detections
Aug 30 21:45:08 INFO >> Starting clustering
Aug 30 21:45:09 INFO >> Rogue harmonic power filter reduced detections from 15584 to 8526
Aug 30 21:45:09 INFO >> Filtering out duplicate freq,dm detections at multiple nharms removes 787 detections
Aug 30 21:45:09 INFO >> Duplicate freq,dm filter reduced detections to 7739
Aug 30 21:45:09 INFO >> Number of detections over threshold sigma (6.0): 7739
Aug 30 21:45:09 INFO >> Grouping duplicate frequencies together first
Aug 30 21:45:09 INFO >> Grouping duplicate frequencies removed 7216 detections from the harmonic metric computation
Aug 30 21:45:09 INFO >> Starting freq-DM distance metric computation
Aug 30 21:45:09 INFO >> Finished freq-DM distance metric computation
Aug 30 21:45:09 INFO >> Largest group size for metric computation is 97
Aug 30 21:45:09 INFO >> Starting harmonic distance metric computation
Aug 30 21:45:10 INFO >> Finished harmonic distance metric computation
Aug 30 21:45:10 INFO >> Starting DBSCAN
Aug 30 21:45:10 INFO >> Finished DBSCAN
Aug 30 21:45:10 INFO >> Clusters found: 76
Aug 30 21:45:10 INFO >> Filtered 32 clusters below or equal 2 DM.
Aug 30 21:45:10 INFO >> Total number of candidate clusters=1
Aug 30 21:45:10 INFO >> Candidate Processor of stack (315.95 49.23)
Aug 30 21:45:10 INFO >> Making SinglePointingCandidates from a list of 1 PowerSpectraDetectionClusters
Aug 30 21:45:12 INFO >> saved candidates to ./results//injections/315.95_49.23_cumulative_power_spectra_stack_20220627_11_tpa.yml_(189,)_candidates.npz
Aug 30 21:45:12 INFO >> Injected Pulsars:     1
Aug 30 21:45:12 INFO >> Injection Candidates: 1
Aug 30 21:45:12 INFO >> Recovered Injections: 1
Aug 30 21:45:12 INFO >> 1 candidates.
Aug 30 21:45:12 INFO >> Best candidate: F0: 49.900 DM: 53.94 Sigma: 8.04
Aug 30 21:45:14 INFO >> Unlinked shared memory for cumulative stack.
Aug 30 21:45:14 INFO >> Pipeline execution time: 2.05 minutes
