Aug 30 20:15:24 INFO >> {"message": "Waiting for suitable server to become available", "selector": "Primary()", "operation": "find", "topologyDescription": "<TopologyDescription id: 66d2285c44294ae96469fe75, topology_type: Unknown, servers: [<ServerDescription ('localhost', 27017) server_type: Unknown, rtt: None>]>", "clientId": {"$oid": "66d2285c44294ae96469fe75"}, "remainingTimeMS": 29}
Aug 30 20:15:24 INFO >> Features initialized as the following:
Aug 30 20:15:24 INFO >> num_unique_dms
Aug 30 20:15:24 INFO >> num_unique_freqs
Aug 30 20:15:24 INFO >> ndetections
Aug 30 20:15:24 INFO >> nharm
Aug 30 20:15:24 INFO >> log_p_dm
Aug 30 20:15:24 INFO >> ['dm_sigma_FitGaussWidth_gauss_sigma', 'dm_sigma_FitGaussWidth_gauss_sigma_rel_err', 'dm_sigma_FitGaussWidth_ndof', 'dm_sigma_FitGaussWidth_rms_err']
Aug 30 20:15:24 INFO >> ['dm_sigma_FitGauss_amplitude', 'dm_sigma_FitGauss_mu', 'dm_sigma_FitGauss_gauss_sigma', 'dm_sigma_FitGauss_amplitude_rel_err', 'dm_sigma_FitGauss_mu_rel_err', 'dm_sigma_FitGauss_gauss_sigma_rel_err', 'dm_sigma_FitGauss_amplitude-detection', 'dm_sigma_FitGauss_mu-detection', 'dm_sigma_FitGauss_ndof', 'dm_sigma_FitGauss_rms_err']
Aug 30 20:15:24 INFO >> ['freq_sigma_FitGaussWidth_gauss_sigma', 'freq_sigma_FitGaussWidth_gauss_sigma_rel_err', 'freq_sigma_FitGaussWidth_ndof', 'freq_sigma_FitGaussWidth_rms_err']
Aug 30 20:15:24 INFO >> ['freq_sigma_FitGauss_amplitude', 'freq_sigma_FitGauss_mu', 'freq_sigma_FitGauss_gauss_sigma', 'freq_sigma_FitGauss_amplitude_rel_err', 'freq_sigma_FitGauss_mu_rel_err', 'freq_sigma_FitGauss_gauss_sigma_rel_err', 'freq_sigma_FitGauss_amplitude-detection', 'freq_sigma_FitGauss_mu-detection', 'freq_sigma_FitGauss_ndof', 'freq_sigma_FitGauss_rms_err']
Aug 30 20:15:24 INFO >> Performing searching on cumulative stack 315.95 49.23
Aug 30 20:15:24 INFO >> Loading the cumulative power spectra stack to search
Aug 30 20:16:21 INFO >> DM: 195.13345679444788
Aug 30 20:16:21 INFO >> sigma: 15.706847596260266
Aug 30 20:16:21 INFO >> frequency: 180.58163820746472
Aug 30 20:16:21 INFO >> Injecting 2 harmonics.
Aug 30 20:16:21 INFO >> Starting DM: 194.60362536502282
Aug 30 20:16:21 INFO >> Stopping DM: 195.71680262920134
Aug 30 20:16:21 INFO >> Expected detection at 9.15 sigma with 2 harmonics.
Aug 30 20:16:35 INFO >> Start searching 6558 dm trials using 32 harmonics.
Aug 30 20:16:41 INFO >> Moved power spectra to shared memory.
Aug 30 20:16:41 INFO >> Number of dm trials in single multi processing job: 10
Aug 30 20:17:21 INFO >> Total number of detections=15584
Aug 30 20:17:21 INFO >> Clustering the detections
Aug 30 20:17:21 INFO >> Starting clustering
Aug 30 20:17:21 INFO >> Rogue harmonic power filter reduced detections from 15584 to 8526
Aug 30 20:17:21 INFO >> Filtering out duplicate freq,dm detections at multiple nharms removes 790 detections
Aug 30 20:17:21 INFO >> Duplicate freq,dm filter reduced detections to 7736
Aug 30 20:17:21 INFO >> Number of detections over threshold sigma (6.0): 7736
Aug 30 20:17:21 INFO >> Grouping duplicate frequencies together first
Aug 30 20:17:21 INFO >> Grouping duplicate frequencies removed 7215 detections from the harmonic metric computation
Aug 30 20:17:21 INFO >> Starting freq-DM distance metric computation
Aug 30 20:17:22 INFO >> Finished freq-DM distance metric computation
Aug 30 20:17:22 INFO >> Largest group size for metric computation is 97
Aug 30 20:17:22 INFO >> Starting harmonic distance metric computation
Aug 30 20:17:23 INFO >> Finished harmonic distance metric computation
Aug 30 20:17:23 INFO >> Starting DBSCAN
Aug 30 20:17:23 INFO >> Finished DBSCAN
Aug 30 20:17:23 INFO >> Clusters found: 75
Aug 30 20:17:23 INFO >> Filtered 32 clusters below or equal 2 DM.
Aug 30 20:17:23 INFO >> Total number of candidate clusters=0
Aug 30 20:17:23 INFO >> Candidate Processor of stack (315.95 49.23)
Aug 30 20:17:23 INFO >> Making SinglePointingCandidates from a list of 0 PowerSpectraDetectionClusters
Aug 30 20:17:25 INFO >> saved candidates to ./results//injections/315.95_49.23_cumulative_power_spectra_stack_20220627_11_tpa.yml_(147,)_candidates.npz
Aug 30 20:17:25 INFO >> Injected Pulsars:     1
Aug 30 20:17:25 INFO >> Injection Candidates: 0
Aug 30 20:17:25 INFO >> Recovered Injections: 0
Aug 30 20:17:25 INFO >> 0 candidates.
Aug 30 20:17:26 INFO >> Unlinked shared memory for cumulative stack.
Aug 30 20:17:26 INFO >> Pipeline execution time: 2.04 minutes
