Aug 30 20:02:54 INFO >> {"message": "Waiting for suitable server to become available", "selector": "Primary()", "operation": "find", "topologyDescription": "<TopologyDescription id: 66d2256e2127c18871a1256d, topology_type: Unknown, servers: [<ServerDescription ('localhost', 27017) server_type: Unknown, rtt: None>]>", "clientId": {"$oid": "66d2256e2127c18871a1256d"}, "remainingTimeMS": 29}
Aug 30 20:02:54 INFO >> Features initialized as the following:
Aug 30 20:02:54 INFO >> num_unique_dms
Aug 30 20:02:54 INFO >> num_unique_freqs
Aug 30 20:02:54 INFO >> ndetections
Aug 30 20:02:54 INFO >> nharm
Aug 30 20:02:54 INFO >> log_p_dm
Aug 30 20:02:54 INFO >> ['dm_sigma_FitGaussWidth_gauss_sigma', 'dm_sigma_FitGaussWidth_gauss_sigma_rel_err', 'dm_sigma_FitGaussWidth_ndof', 'dm_sigma_FitGaussWidth_rms_err']
Aug 30 20:02:54 INFO >> ['dm_sigma_FitGauss_amplitude', 'dm_sigma_FitGauss_mu', 'dm_sigma_FitGauss_gauss_sigma', 'dm_sigma_FitGauss_amplitude_rel_err', 'dm_sigma_FitGauss_mu_rel_err', 'dm_sigma_FitGauss_gauss_sigma_rel_err', 'dm_sigma_FitGauss_amplitude-detection', 'dm_sigma_FitGauss_mu-detection', 'dm_sigma_FitGauss_ndof', 'dm_sigma_FitGauss_rms_err']
Aug 30 20:02:54 INFO >> ['freq_sigma_FitGaussWidth_gauss_sigma', 'freq_sigma_FitGaussWidth_gauss_sigma_rel_err', 'freq_sigma_FitGaussWidth_ndof', 'freq_sigma_FitGaussWidth_rms_err']
Aug 30 20:02:54 INFO >> ['freq_sigma_FitGauss_amplitude', 'freq_sigma_FitGauss_mu', 'freq_sigma_FitGauss_gauss_sigma', 'freq_sigma_FitGauss_amplitude_rel_err', 'freq_sigma_FitGauss_mu_rel_err', 'freq_sigma_FitGauss_gauss_sigma_rel_err', 'freq_sigma_FitGauss_amplitude-detection', 'freq_sigma_FitGauss_mu-detection', 'freq_sigma_FitGauss_ndof', 'freq_sigma_FitGauss_rms_err']
Aug 30 20:02:55 INFO >> Performing searching on cumulative stack 315.95 49.23
Aug 30 20:02:55 INFO >> Loading the cumulative power spectra stack to search
Aug 30 20:03:52 INFO >> DM: 30.248878728899047
Aug 30 20:03:52 INFO >> sigma: 8.861821877072318
Aug 30 20:03:52 INFO >> frequency: 10.132601520481625
Aug 30 20:03:52 INFO >> Injecting 50 harmonics.
Aug 30 20:03:52 INFO >> Starting DM: 20.138388688320095
Aug 30 20:03:52 INFO >> Stopping DM: 40.37797530974732
Aug 30 20:03:52 INFO >> Expected detection at 7.41 sigma with 16 harmonics.
Aug 30 20:04:06 INFO >> Start searching 6558 dm trials using 32 harmonics.
Aug 30 20:04:12 INFO >> Moved power spectra to shared memory.
Aug 30 20:04:12 INFO >> Number of dm trials in single multi processing job: 10
Aug 30 20:04:52 INFO >> Total number of detections=15589
Aug 30 20:04:52 INFO >> Clustering the detections
Aug 30 20:04:52 INFO >> Starting clustering
Aug 30 20:04:52 INFO >> Rogue harmonic power filter reduced detections from 15589 to 8531
Aug 30 20:04:52 INFO >> Filtering out duplicate freq,dm detections at multiple nharms removes 791 detections
Aug 30 20:04:52 INFO >> Duplicate freq,dm filter reduced detections to 7740
Aug 30 20:04:52 INFO >> Number of detections over threshold sigma (6.0): 7740
Aug 30 20:04:52 INFO >> Grouping duplicate frequencies together first
Aug 30 20:04:52 INFO >> Grouping duplicate frequencies removed 7220 detections from the harmonic metric computation
Aug 30 20:04:52 INFO >> Starting freq-DM distance metric computation
Aug 30 20:04:53 INFO >> Finished freq-DM distance metric computation
Aug 30 20:04:53 INFO >> Largest group size for metric computation is 97
Aug 30 20:04:53 INFO >> Starting harmonic distance metric computation
Aug 30 20:04:54 INFO >> Finished harmonic distance metric computation
Aug 30 20:04:54 INFO >> Starting DBSCAN
Aug 30 20:04:54 INFO >> Finished DBSCAN
Aug 30 20:04:54 INFO >> Clusters found: 76
Aug 30 20:04:54 INFO >> Filtered 32 clusters below or equal 2 DM.
Aug 30 20:04:54 INFO >> Total number of candidate clusters=1
Aug 30 20:04:54 INFO >> Candidate Processor of stack (315.95 49.23)
Aug 30 20:04:54 INFO >> Making SinglePointingCandidates from a list of 1 PowerSpectraDetectionClusters
Aug 30 20:04:56 INFO >> saved candidates to ./results//injections/315.95_49.23_cumulative_power_spectra_stack_20220627_11_tpa.yml_(141,)_candidates.npz
Aug 30 20:04:56 INFO >> Injected Pulsars:     1
Aug 30 20:04:56 INFO >> Injection Candidates: 1
Aug 30 20:04:56 INFO >> Recovered Injections: 1
Aug 30 20:04:56 INFO >> 1 candidates.
Aug 30 20:04:56 INFO >> Best candidate: F0: 10.133 DM: 30.16 Sigma: 7.51
Aug 30 20:04:57 INFO >> Unlinked shared memory for cumulative stack.
Aug 30 20:04:57 INFO >> Pipeline execution time: 2.05 minutes
