Aug 30 21:01:18 INFO >> {"message": "Waiting for suitable server to become available", "selector": "Primary()", "operation": "find", "topologyDescription": "<TopologyDescription id: 66d2331e350a04a7d12ccafa, topology_type: Unknown, servers: [<ServerDescription ('localhost', 27017) server_type: Unknown, rtt: None>]>", "clientId": {"$oid": "66d2331e350a04a7d12ccafa"}, "remainingTimeMS": 29}
Aug 30 21:01:18 INFO >> Features initialized as the following:
Aug 30 21:01:18 INFO >> num_unique_dms
Aug 30 21:01:18 INFO >> num_unique_freqs
Aug 30 21:01:18 INFO >> ndetections
Aug 30 21:01:18 INFO >> nharm
Aug 30 21:01:18 INFO >> log_p_dm
Aug 30 21:01:18 INFO >> ['dm_sigma_FitGaussWidth_gauss_sigma', 'dm_sigma_FitGaussWidth_gauss_sigma_rel_err', 'dm_sigma_FitGaussWidth_ndof', 'dm_sigma_FitGaussWidth_rms_err']
Aug 30 21:01:18 INFO >> ['dm_sigma_FitGauss_amplitude', 'dm_sigma_FitGauss_mu', 'dm_sigma_FitGauss_gauss_sigma', 'dm_sigma_FitGauss_amplitude_rel_err', 'dm_sigma_FitGauss_mu_rel_err', 'dm_sigma_FitGauss_gauss_sigma_rel_err', 'dm_sigma_FitGauss_amplitude-detection', 'dm_sigma_FitGauss_mu-detection', 'dm_sigma_FitGauss_ndof', 'dm_sigma_FitGauss_rms_err']
Aug 30 21:01:18 INFO >> ['freq_sigma_FitGaussWidth_gauss_sigma', 'freq_sigma_FitGaussWidth_gauss_sigma_rel_err', 'freq_sigma_FitGaussWidth_ndof', 'freq_sigma_FitGaussWidth_rms_err']
Aug 30 21:01:18 INFO >> ['freq_sigma_FitGauss_amplitude', 'freq_sigma_FitGauss_mu', 'freq_sigma_FitGauss_gauss_sigma', 'freq_sigma_FitGauss_amplitude_rel_err', 'freq_sigma_FitGauss_mu_rel_err', 'freq_sigma_FitGauss_gauss_sigma_rel_err', 'freq_sigma_FitGauss_amplitude-detection', 'freq_sigma_FitGauss_mu-detection', 'freq_sigma_FitGauss_ndof', 'freq_sigma_FitGauss_rms_err']
Aug 30 21:01:18 INFO >> Performing searching on cumulative stack 315.95 49.23
Aug 30 21:01:18 INFO >> Loading the cumulative power spectra stack to search
Aug 30 21:02:16 INFO >> DM: 197.46435035645806
Aug 30 21:02:16 INFO >> sigma: 15.234025855460022
Aug 30 21:02:16 INFO >> frequency: 189.31180007034112
Aug 30 21:02:16 INFO >> Injecting 2 harmonics.
Aug 30 21:02:16 INFO >> Starting DM: 196.93117782648696
Aug 30 21:02:16 INFO >> Stopping DM: 198.04435509066545
Aug 30 21:02:16 INFO >> Expected detection at 8.60 sigma with 2 harmonics.
Aug 30 21:02:30 INFO >> Start searching 6558 dm trials using 32 harmonics.
Aug 30 21:02:36 INFO >> Moved power spectra to shared memory.
Aug 30 21:02:36 INFO >> Number of dm trials in single multi processing job: 10
Aug 30 21:03:19 INFO >> Total number of detections=15580
Aug 30 21:03:19 INFO >> Clustering the detections
Aug 30 21:03:19 INFO >> Starting clustering
Aug 30 21:03:19 INFO >> Rogue harmonic power filter reduced detections from 15580 to 8522
Aug 30 21:03:19 INFO >> Filtering out duplicate freq,dm detections at multiple nharms removes 788 detections
Aug 30 21:03:19 INFO >> Duplicate freq,dm filter reduced detections to 7734
Aug 30 21:03:19 INFO >> Number of detections over threshold sigma (6.0): 7734
Aug 30 21:03:19 INFO >> Grouping duplicate frequencies together first
Aug 30 21:03:19 INFO >> Grouping duplicate frequencies removed 7214 detections from the harmonic metric computation
Aug 30 21:03:19 INFO >> Starting freq-DM distance metric computation
Aug 30 21:03:19 INFO >> Finished freq-DM distance metric computation
Aug 30 21:03:19 INFO >> Largest group size for metric computation is 97
Aug 30 21:03:19 INFO >> Starting harmonic distance metric computation
Aug 30 21:03:20 INFO >> Finished harmonic distance metric computation
Aug 30 21:03:20 INFO >> Starting DBSCAN
Aug 30 21:03:20 INFO >> Finished DBSCAN
Aug 30 21:03:20 INFO >> Clusters found: 75
Aug 30 21:03:20 INFO >> Filtered 32 clusters below or equal 2 DM.
Aug 30 21:03:20 INFO >> Total number of candidate clusters=0
Aug 30 21:03:20 INFO >> Candidate Processor of stack (315.95 49.23)
Aug 30 21:03:20 INFO >> Making SinglePointingCandidates from a list of 0 PowerSpectraDetectionClusters
Aug 30 21:03:22 INFO >> saved candidates to ./results//injections/315.95_49.23_cumulative_power_spectra_stack_20220627_11_tpa.yml_(169,)_candidates.npz
Aug 30 21:03:22 INFO >> Injected Pulsars:     1
Aug 30 21:03:22 INFO >> Injection Candidates: 0
Aug 30 21:03:22 INFO >> Recovered Injections: 0
Aug 30 21:03:22 INFO >> 0 candidates.
Aug 30 21:03:23 INFO >> Unlinked shared memory for cumulative stack.
Aug 30 21:03:23 INFO >> Pipeline execution time: 2.09 minutes
