Aug 30 18:12:18 INFO >> {"message": "Waiting for suitable server to become available", "selector": "Primary()", "operation": "find", "topologyDescription": "<TopologyDescription id: 66d20b82f5117b189c1d20e1, topology_type: Unknown, servers: [<ServerDescription ('localhost', 27017) server_type: Unknown, rtt: None>]>", "clientId": {"$oid": "66d20b82f5117b189c1d20e1"}, "remainingTimeMS": 29}
Aug 30 18:12:18 INFO >> Features initialized as the following:
Aug 30 18:12:18 INFO >> num_unique_dms
Aug 30 18:12:18 INFO >> num_unique_freqs
Aug 30 18:12:18 INFO >> ndetections
Aug 30 18:12:18 INFO >> nharm
Aug 30 18:12:18 INFO >> log_p_dm
Aug 30 18:12:18 INFO >> ['dm_sigma_FitGaussWidth_gauss_sigma', 'dm_sigma_FitGaussWidth_gauss_sigma_rel_err', 'dm_sigma_FitGaussWidth_ndof', 'dm_sigma_FitGaussWidth_rms_err']
Aug 30 18:12:18 INFO >> ['dm_sigma_FitGauss_amplitude', 'dm_sigma_FitGauss_mu', 'dm_sigma_FitGauss_gauss_sigma', 'dm_sigma_FitGauss_amplitude_rel_err', 'dm_sigma_FitGauss_mu_rel_err', 'dm_sigma_FitGauss_gauss_sigma_rel_err', 'dm_sigma_FitGauss_amplitude-detection', 'dm_sigma_FitGauss_mu-detection', 'dm_sigma_FitGauss_ndof', 'dm_sigma_FitGauss_rms_err']
Aug 30 18:12:18 INFO >> ['freq_sigma_FitGaussWidth_gauss_sigma', 'freq_sigma_FitGaussWidth_gauss_sigma_rel_err', 'freq_sigma_FitGaussWidth_ndof', 'freq_sigma_FitGaussWidth_rms_err']
Aug 30 18:12:18 INFO >> ['freq_sigma_FitGauss_amplitude', 'freq_sigma_FitGauss_mu', 'freq_sigma_FitGauss_gauss_sigma', 'freq_sigma_FitGauss_amplitude_rel_err', 'freq_sigma_FitGauss_mu_rel_err', 'freq_sigma_FitGauss_gauss_sigma_rel_err', 'freq_sigma_FitGauss_amplitude-detection', 'freq_sigma_FitGauss_mu-detection', 'freq_sigma_FitGauss_ndof', 'freq_sigma_FitGauss_rms_err']
Aug 30 18:12:18 INFO >> Performing searching on cumulative stack 315.95 49.23
Aug 30 18:12:18 INFO >> Loading the cumulative power spectra stack to search
Aug 30 18:13:15 INFO >> DM: 146.60162915257834
Aug 30 18:13:15 INFO >> sigma: 9.211183660652946
Aug 30 18:13:15 INFO >> frequency: 54.034316852057685
Aug 30 18:13:15 INFO >> Injecting 9 harmonics.
Aug 30 18:13:15 INFO >> Starting DM: 144.71304434320467
Aug 30 18:13:15 INFO >> Stopping DM: 148.45736786816875
Aug 30 18:13:15 INFO >> Expected detection at 7.32 sigma with 8 harmonics.
Aug 30 18:13:29 INFO >> Start searching 6558 dm trials using 32 harmonics.
Aug 30 18:13:35 INFO >> Moved power spectra to shared memory.
Aug 30 18:13:35 INFO >> Number of dm trials in single multi processing job: 10
Aug 30 18:14:16 INFO >> Total number of detections=15586
Aug 30 18:14:16 INFO >> Clustering the detections
Aug 30 18:14:16 INFO >> Starting clustering
Aug 30 18:14:16 INFO >> Rogue harmonic power filter reduced detections from 15586 to 8528
Aug 30 18:14:16 INFO >> Filtering out duplicate freq,dm detections at multiple nharms removes 787 detections
Aug 30 18:14:16 INFO >> Duplicate freq,dm filter reduced detections to 7741
Aug 30 18:14:16 INFO >> Number of detections over threshold sigma (6.0): 7741
Aug 30 18:14:16 INFO >> Grouping duplicate frequencies together first
Aug 30 18:14:16 INFO >> Grouping duplicate frequencies removed 7219 detections from the harmonic metric computation
Aug 30 18:14:16 INFO >> Starting freq-DM distance metric computation
Aug 30 18:14:16 INFO >> Finished freq-DM distance metric computation
Aug 30 18:14:16 INFO >> Largest group size for metric computation is 97
Aug 30 18:14:16 INFO >> Starting harmonic distance metric computation
Aug 30 18:14:17 INFO >> Finished harmonic distance metric computation
Aug 30 18:14:17 INFO >> Starting DBSCAN
Aug 30 18:14:17 INFO >> Finished DBSCAN
Aug 30 18:14:17 INFO >> Clusters found: 76
Aug 30 18:14:17 INFO >> Filtered 32 clusters below or equal 2 DM.
Aug 30 18:14:17 INFO >> Total number of candidate clusters=1
Aug 30 18:14:17 INFO >> Candidate Processor of stack (315.95 49.23)
Aug 30 18:14:17 INFO >> Making SinglePointingCandidates from a list of 1 PowerSpectraDetectionClusters
Aug 30 18:14:19 INFO >> saved candidates to ./results//injections/315.95_49.23_cumulative_power_spectra_stack_20220627_11_tpa.yml_(88,)_candidates.npz
Aug 30 18:14:19 INFO >> Injected Pulsars:     1
Aug 30 18:14:19 INFO >> Injection Candidates: 1
Aug 30 18:14:19 INFO >> Recovered Injections: 1
Aug 30 18:14:19 INFO >> 1 candidates.
Aug 30 18:14:19 INFO >> Best candidate: F0: 54.034 DM: 146.64 Sigma: 7.91
Aug 30 18:14:21 INFO >> Unlinked shared memory for cumulative stack.
Aug 30 18:14:21 INFO >> Pipeline execution time: 2.05 minutes
