Aug 30 18:08:08 INFO >> {"message": "Waiting for suitable server to become available", "selector": "Primary()", "operation": "find", "topologyDescription": "<TopologyDescription id: 66d20a8829cac9a10ca44ca6, topology_type: Unknown, servers: [<ServerDescription ('localhost', 27017) server_type: Unknown, rtt: None>]>", "clientId": {"$oid": "66d20a8829cac9a10ca44ca6"}, "remainingTimeMS": 29}
Aug 30 18:08:08 INFO >> Features initialized as the following:
Aug 30 18:08:08 INFO >> num_unique_dms
Aug 30 18:08:08 INFO >> num_unique_freqs
Aug 30 18:08:08 INFO >> ndetections
Aug 30 18:08:08 INFO >> nharm
Aug 30 18:08:08 INFO >> log_p_dm
Aug 30 18:08:08 INFO >> ['dm_sigma_FitGaussWidth_gauss_sigma', 'dm_sigma_FitGaussWidth_gauss_sigma_rel_err', 'dm_sigma_FitGaussWidth_ndof', 'dm_sigma_FitGaussWidth_rms_err']
Aug 30 18:08:08 INFO >> ['dm_sigma_FitGauss_amplitude', 'dm_sigma_FitGauss_mu', 'dm_sigma_FitGauss_gauss_sigma', 'dm_sigma_FitGauss_amplitude_rel_err', 'dm_sigma_FitGauss_mu_rel_err', 'dm_sigma_FitGauss_gauss_sigma_rel_err', 'dm_sigma_FitGauss_amplitude-detection', 'dm_sigma_FitGauss_mu-detection', 'dm_sigma_FitGauss_ndof', 'dm_sigma_FitGauss_rms_err']
Aug 30 18:08:08 INFO >> ['freq_sigma_FitGaussWidth_gauss_sigma', 'freq_sigma_FitGaussWidth_gauss_sigma_rel_err', 'freq_sigma_FitGaussWidth_ndof', 'freq_sigma_FitGaussWidth_rms_err']
Aug 30 18:08:08 INFO >> ['freq_sigma_FitGauss_amplitude', 'freq_sigma_FitGauss_mu', 'freq_sigma_FitGauss_gauss_sigma', 'freq_sigma_FitGauss_amplitude_rel_err', 'freq_sigma_FitGauss_mu_rel_err', 'freq_sigma_FitGauss_gauss_sigma_rel_err', 'freq_sigma_FitGauss_amplitude-detection', 'freq_sigma_FitGauss_mu-detection', 'freq_sigma_FitGauss_ndof', 'freq_sigma_FitGauss_rms_err']
Aug 30 18:08:08 INFO >> Performing searching on cumulative stack 315.95 49.23
Aug 30 18:08:08 INFO >> Loading the cumulative power spectra stack to search
Aug 30 18:09:06 INFO >> DM: 73.6097205900021
Aug 30 18:09:06 INFO >> sigma: 14.863489728278621
Aug 30 18:09:06 INFO >> frequency: 41.47191671285084
Aug 30 18:09:06 INFO >> Injecting 12 harmonics.
Aug 30 18:09:06 INFO >> Starting DM: 71.14214697431672
Aug 30 18:09:06 INFO >> Stopping DM: 76.1008456965664
Aug 30 18:09:06 INFO >> Expected detection at 11.50 sigma with 8 harmonics.
Aug 30 18:09:20 INFO >> Start searching 6558 dm trials using 32 harmonics.
Aug 30 18:09:25 INFO >> Moved power spectra to shared memory.
Aug 30 18:09:25 INFO >> Number of dm trials in single multi processing job: 10
Aug 30 18:10:05 INFO >> Total number of detections=15638
Aug 30 18:10:05 INFO >> Clustering the detections
Aug 30 18:10:05 INFO >> Starting clustering
Aug 30 18:10:05 INFO >> Rogue harmonic power filter reduced detections from 15638 to 8580
Aug 30 18:10:06 INFO >> Filtering out duplicate freq,dm detections at multiple nharms removes 813 detections
Aug 30 18:10:06 INFO >> Duplicate freq,dm filter reduced detections to 7767
Aug 30 18:10:06 INFO >> Number of detections over threshold sigma (6.0): 7767
Aug 30 18:10:06 INFO >> Grouping duplicate frequencies together first
Aug 30 18:10:06 INFO >> Grouping duplicate frequencies removed 7233 detections from the harmonic metric computation
Aug 30 18:10:06 INFO >> Starting freq-DM distance metric computation
Aug 30 18:10:06 INFO >> Finished freq-DM distance metric computation
Aug 30 18:10:06 INFO >> Largest group size for metric computation is 97
Aug 30 18:10:06 INFO >> Starting harmonic distance metric computation
Aug 30 18:10:07 INFO >> Finished harmonic distance metric computation
Aug 30 18:10:07 INFO >> Starting DBSCAN
Aug 30 18:10:07 INFO >> Finished DBSCAN
Aug 30 18:10:07 INFO >> Clusters found: 76
Aug 30 18:10:07 INFO >> Filtered 32 clusters below or equal 2 DM.
Aug 30 18:10:07 INFO >> Total number of candidate clusters=1
Aug 30 18:10:07 INFO >> Candidate Processor of stack (315.95 49.23)
Aug 30 18:10:07 INFO >> Making SinglePointingCandidates from a list of 1 PowerSpectraDetectionClusters
Aug 30 18:10:09 INFO >> saved candidates to ./results//injections/315.95_49.23_cumulative_power_spectra_stack_20220627_11_tpa.yml_(86,)_candidates.npz
Aug 30 18:10:09 INFO >> Injected Pulsars:     1
Aug 30 18:10:09 INFO >> Injection Candidates: 1
Aug 30 18:10:09 INFO >> Recovered Injections: 1
Aug 30 18:10:09 INFO >> 1 candidates.
Aug 30 18:10:09 INFO >> Best candidate: F0: 41.472 DM: 73.57 Sigma: 12.25
Aug 30 18:10:11 INFO >> Unlinked shared memory for cumulative stack.
Aug 30 18:10:11 INFO >> Pipeline execution time: 2.04 minutes
