Aug 30 21:07:37 INFO >> {"message": "Waiting for suitable server to become available", "selector": "Primary()", "operation": "find", "topologyDescription": "<TopologyDescription id: 66d234993f658a89bce72fa0, topology_type: Unknown, servers: [<ServerDescription ('localhost', 27017) server_type: Unknown, rtt: None>]>", "clientId": {"$oid": "66d234993f658a89bce72fa0"}, "remainingTimeMS": 29}
Aug 30 21:07:37 INFO >> Features initialized as the following:
Aug 30 21:07:37 INFO >> num_unique_dms
Aug 30 21:07:37 INFO >> num_unique_freqs
Aug 30 21:07:37 INFO >> ndetections
Aug 30 21:07:37 INFO >> nharm
Aug 30 21:07:37 INFO >> log_p_dm
Aug 30 21:07:37 INFO >> ['dm_sigma_FitGaussWidth_gauss_sigma', 'dm_sigma_FitGaussWidth_gauss_sigma_rel_err', 'dm_sigma_FitGaussWidth_ndof', 'dm_sigma_FitGaussWidth_rms_err']
Aug 30 21:07:37 INFO >> ['dm_sigma_FitGauss_amplitude', 'dm_sigma_FitGauss_mu', 'dm_sigma_FitGauss_gauss_sigma', 'dm_sigma_FitGauss_amplitude_rel_err', 'dm_sigma_FitGauss_mu_rel_err', 'dm_sigma_FitGauss_gauss_sigma_rel_err', 'dm_sigma_FitGauss_amplitude-detection', 'dm_sigma_FitGauss_mu-detection', 'dm_sigma_FitGauss_ndof', 'dm_sigma_FitGauss_rms_err']
Aug 30 21:07:37 INFO >> ['freq_sigma_FitGaussWidth_gauss_sigma', 'freq_sigma_FitGaussWidth_gauss_sigma_rel_err', 'freq_sigma_FitGaussWidth_ndof', 'freq_sigma_FitGaussWidth_rms_err']
Aug 30 21:07:37 INFO >> ['freq_sigma_FitGauss_amplitude', 'freq_sigma_FitGauss_mu', 'freq_sigma_FitGauss_gauss_sigma', 'freq_sigma_FitGauss_amplitude_rel_err', 'freq_sigma_FitGauss_mu_rel_err', 'freq_sigma_FitGauss_gauss_sigma_rel_err', 'freq_sigma_FitGauss_amplitude-detection', 'freq_sigma_FitGauss_mu-detection', 'freq_sigma_FitGauss_ndof', 'freq_sigma_FitGauss_rms_err']
Aug 30 21:07:37 INFO >> Performing searching on cumulative stack 315.95 49.23
Aug 30 21:07:37 INFO >> Loading the cumulative power spectra stack to search
Aug 30 21:08:34 INFO >> DM: 190.25462022886694
Aug 30 21:08:34 INFO >> sigma: 11.363864175173394
Aug 30 21:08:34 INFO >> frequency: 28.790589412605758
Aug 30 21:08:34 INFO >> Injecting 17 harmonics.
Aug 30 21:08:34 INFO >> Starting DM: 186.7101865826662
Aug 30 21:08:34 INFO >> Stopping DM: 193.79404190016572
Aug 30 21:08:34 INFO >> Expected detection at 10.92 sigma with 8 harmonics.
Aug 30 21:08:48 INFO >> Start searching 6558 dm trials using 32 harmonics.
Aug 30 21:08:54 INFO >> Moved power spectra to shared memory.
Aug 30 21:08:54 INFO >> Number of dm trials in single multi processing job: 10
Aug 30 21:09:34 INFO >> Total number of detections=15628
Aug 30 21:09:34 INFO >> Clustering the detections
Aug 30 21:09:34 INFO >> Starting clustering
Aug 30 21:09:34 INFO >> Rogue harmonic power filter reduced detections from 15628 to 8570
Aug 30 21:09:35 INFO >> Filtering out duplicate freq,dm detections at multiple nharms removes 803 detections
Aug 30 21:09:35 INFO >> Duplicate freq,dm filter reduced detections to 7767
Aug 30 21:09:35 INFO >> Number of detections over threshold sigma (6.0): 7767
Aug 30 21:09:35 INFO >> Grouping duplicate frequencies together first
Aug 30 21:09:35 INFO >> Grouping duplicate frequencies removed 7236 detections from the harmonic metric computation
Aug 30 21:09:35 INFO >> Starting freq-DM distance metric computation
Aug 30 21:09:35 INFO >> Finished freq-DM distance metric computation
Aug 30 21:09:35 INFO >> Largest group size for metric computation is 97
Aug 30 21:09:35 INFO >> Starting harmonic distance metric computation
Aug 30 21:09:36 INFO >> Finished harmonic distance metric computation
Aug 30 21:09:36 INFO >> Starting DBSCAN
Aug 30 21:09:36 INFO >> Finished DBSCAN
Aug 30 21:09:36 INFO >> Clusters found: 76
Aug 30 21:09:36 INFO >> Filtered 32 clusters below or equal 2 DM.
Aug 30 21:09:36 INFO >> Total number of candidate clusters=1
Aug 30 21:09:36 INFO >> Candidate Processor of stack (315.95 49.23)
Aug 30 21:09:36 INFO >> Making SinglePointingCandidates from a list of 1 PowerSpectraDetectionClusters
Aug 30 21:09:38 INFO >> saved candidates to ./results//injections/315.95_49.23_cumulative_power_spectra_stack_20220627_11_tpa.yml_(172,)_candidates.npz
Aug 30 21:09:38 INFO >> Injected Pulsars:     1
Aug 30 21:09:38 INFO >> Injection Candidates: 1
Aug 30 21:09:38 INFO >> Recovered Injections: 1
Aug 30 21:09:38 INFO >> 1 candidates.
Aug 30 21:09:38 INFO >> Best candidate: F0: 28.791 DM: 190.25 Sigma: 10.79
Aug 30 21:09:40 INFO >> Unlinked shared memory for cumulative stack.
Aug 30 21:09:40 INFO >> Pipeline execution time: 2.05 minutes
