Aug 30 22:33:17 INFO >> {"message": "Waiting for suitable server to become available", "selector": "Primary()", "operation": "find", "topologyDescription": "<TopologyDescription id: 66d248ad0bf19e03c41f9d76, topology_type: Unknown, servers: [<ServerDescription ('localhost', 27017) server_type: Unknown, rtt: None>]>", "clientId": {"$oid": "66d248ad0bf19e03c41f9d76"}, "remainingTimeMS": 29}
Aug 30 22:33:17 INFO >> Features initialized as the following:
Aug 30 22:33:17 INFO >> num_unique_dms
Aug 30 22:33:17 INFO >> num_unique_freqs
Aug 30 22:33:17 INFO >> ndetections
Aug 30 22:33:17 INFO >> nharm
Aug 30 22:33:17 INFO >> log_p_dm
Aug 30 22:33:17 INFO >> ['dm_sigma_FitGaussWidth_gauss_sigma', 'dm_sigma_FitGaussWidth_gauss_sigma_rel_err', 'dm_sigma_FitGaussWidth_ndof', 'dm_sigma_FitGaussWidth_rms_err']
Aug 30 22:33:17 INFO >> ['dm_sigma_FitGauss_amplitude', 'dm_sigma_FitGauss_mu', 'dm_sigma_FitGauss_gauss_sigma', 'dm_sigma_FitGauss_amplitude_rel_err', 'dm_sigma_FitGauss_mu_rel_err', 'dm_sigma_FitGauss_gauss_sigma_rel_err', 'dm_sigma_FitGauss_amplitude-detection', 'dm_sigma_FitGauss_mu-detection', 'dm_sigma_FitGauss_ndof', 'dm_sigma_FitGauss_rms_err']
Aug 30 22:33:17 INFO >> ['freq_sigma_FitGaussWidth_gauss_sigma', 'freq_sigma_FitGaussWidth_gauss_sigma_rel_err', 'freq_sigma_FitGaussWidth_ndof', 'freq_sigma_FitGaussWidth_rms_err']
Aug 30 22:33:17 INFO >> ['freq_sigma_FitGauss_amplitude', 'freq_sigma_FitGauss_mu', 'freq_sigma_FitGauss_gauss_sigma', 'freq_sigma_FitGauss_amplitude_rel_err', 'freq_sigma_FitGauss_mu_rel_err', 'freq_sigma_FitGauss_gauss_sigma_rel_err', 'freq_sigma_FitGauss_amplitude-detection', 'freq_sigma_FitGauss_mu-detection', 'freq_sigma_FitGauss_ndof', 'freq_sigma_FitGauss_rms_err']
Aug 30 22:33:17 INFO >> Performing searching on cumulative stack 315.95 49.23
Aug 30 22:33:17 INFO >> Loading the cumulative power spectra stack to search
Aug 30 22:34:15 INFO >> DM: 22.89806050093717
Aug 30 22:34:15 INFO >> sigma: 13.207231856823974
Aug 30 22:34:15 INFO >> frequency: 42.969936420244
Aug 30 22:34:15 INFO >> Injecting 11 harmonics.
Aug 30 22:34:15 INFO >> Starting DM: 20.54318042074864
Aug 30 22:34:15 INFO >> Stopping DM: 25.299483276784038
Aug 30 22:34:15 INFO >> Expected detection at 12.23 sigma with 4 harmonics.
Aug 30 22:34:29 INFO >> Start searching 6558 dm trials using 32 harmonics.
Aug 30 22:34:35 INFO >> Moved power spectra to shared memory.
Aug 30 22:34:35 INFO >> Number of dm trials in single multi processing job: 10
Aug 30 22:35:15 INFO >> Total number of detections=15617
Aug 30 22:35:15 INFO >> Clustering the detections
Aug 30 22:35:15 INFO >> Starting clustering
Aug 30 22:35:15 INFO >> Rogue harmonic power filter reduced detections from 15617 to 8559
Aug 30 22:35:15 INFO >> Filtering out duplicate freq,dm detections at multiple nharms removes 809 detections
Aug 30 22:35:15 INFO >> Duplicate freq,dm filter reduced detections to 7750
Aug 30 22:35:15 INFO >> Number of detections over threshold sigma (6.0): 7750
Aug 30 22:35:15 INFO >> Grouping duplicate frequencies together first
Aug 30 22:35:15 INFO >> Grouping duplicate frequencies removed 7227 detections from the harmonic metric computation
Aug 30 22:35:15 INFO >> Starting freq-DM distance metric computation
Aug 30 22:35:15 INFO >> Finished freq-DM distance metric computation
Aug 30 22:35:16 INFO >> Largest group size for metric computation is 97
Aug 30 22:35:16 INFO >> Starting harmonic distance metric computation
Aug 30 22:35:16 INFO >> Finished harmonic distance metric computation
Aug 30 22:35:16 INFO >> Starting DBSCAN
Aug 30 22:35:16 INFO >> Finished DBSCAN
Aug 30 22:35:16 INFO >> Clusters found: 76
Aug 30 22:35:16 INFO >> Filtered 32 clusters below or equal 2 DM.
Aug 30 22:35:16 INFO >> Total number of candidate clusters=1
Aug 30 22:35:17 INFO >> Candidate Processor of stack (315.95 49.23)
Aug 30 22:35:17 INFO >> Making SinglePointingCandidates from a list of 1 PowerSpectraDetectionClusters
Aug 30 22:35:19 INFO >> saved candidates to ./results//injections/315.95_49.23_cumulative_power_spectra_stack_20220627_11_tpa.yml_(213,)_candidates.npz
Aug 30 22:35:19 INFO >> Injected Pulsars:     1
Aug 30 22:35:19 INFO >> Injection Candidates: 1
Aug 30 22:35:19 INFO >> Recovered Injections: 1
Aug 30 22:35:19 INFO >> 1 candidates.
Aug 30 22:35:19 INFO >> Best candidate: F0: 42.970 DM: 22.97 Sigma: 9.37
Aug 30 22:35:20 INFO >> Unlinked shared memory for cumulative stack.
Aug 30 22:35:20 INFO >> Pipeline execution time: 2.06 minutes
