Aug 30 20:36:15 INFO >> {"message": "Waiting for suitable server to become available", "selector": "Primary()", "operation": "find", "topologyDescription": "<TopologyDescription id: 66d22d3fe5c96ca8383781a8, topology_type: Unknown, servers: [<ServerDescription ('localhost', 27017) server_type: Unknown, rtt: None>]>", "clientId": {"$oid": "66d22d3fe5c96ca8383781a8"}, "remainingTimeMS": 29}
Aug 30 20:36:15 INFO >> Features initialized as the following:
Aug 30 20:36:15 INFO >> num_unique_dms
Aug 30 20:36:15 INFO >> num_unique_freqs
Aug 30 20:36:15 INFO >> ndetections
Aug 30 20:36:15 INFO >> nharm
Aug 30 20:36:15 INFO >> log_p_dm
Aug 30 20:36:15 INFO >> ['dm_sigma_FitGaussWidth_gauss_sigma', 'dm_sigma_FitGaussWidth_gauss_sigma_rel_err', 'dm_sigma_FitGaussWidth_ndof', 'dm_sigma_FitGaussWidth_rms_err']
Aug 30 20:36:15 INFO >> ['dm_sigma_FitGauss_amplitude', 'dm_sigma_FitGauss_mu', 'dm_sigma_FitGauss_gauss_sigma', 'dm_sigma_FitGauss_amplitude_rel_err', 'dm_sigma_FitGauss_mu_rel_err', 'dm_sigma_FitGauss_gauss_sigma_rel_err', 'dm_sigma_FitGauss_amplitude-detection', 'dm_sigma_FitGauss_mu-detection', 'dm_sigma_FitGauss_ndof', 'dm_sigma_FitGauss_rms_err']
Aug 30 20:36:15 INFO >> ['freq_sigma_FitGaussWidth_gauss_sigma', 'freq_sigma_FitGaussWidth_gauss_sigma_rel_err', 'freq_sigma_FitGaussWidth_ndof', 'freq_sigma_FitGaussWidth_rms_err']
Aug 30 20:36:15 INFO >> ['freq_sigma_FitGauss_amplitude', 'freq_sigma_FitGauss_mu', 'freq_sigma_FitGauss_gauss_sigma', 'freq_sigma_FitGauss_amplitude_rel_err', 'freq_sigma_FitGauss_mu_rel_err', 'freq_sigma_FitGauss_gauss_sigma_rel_err', 'freq_sigma_FitGauss_amplitude-detection', 'freq_sigma_FitGauss_mu-detection', 'freq_sigma_FitGauss_ndof', 'freq_sigma_FitGauss_rms_err']
Aug 30 20:36:15 INFO >> Performing searching on cumulative stack 315.95 49.23
Aug 30 20:36:15 INFO >> Loading the cumulative power spectra stack to search
Aug 30 20:37:12 INFO >> DM: 58.04613639225127
Aug 30 20:37:12 INFO >> sigma: 11.062303477313998
Aug 30 20:37:12 INFO >> frequency: 31.964359205665335
Aug 30 20:37:12 INFO >> Injecting 15 harmonics.
Aug 30 20:37:12 INFO >> Starting DM: 54.84927974406779
Aug 30 20:37:12 INFO >> Stopping DM: 61.224749529817366
Aug 30 20:37:12 INFO >> Expected detection at 7.44 sigma with 8 harmonics.
Aug 30 20:37:26 INFO >> Start searching 6558 dm trials using 32 harmonics.
Aug 30 20:37:32 INFO >> Moved power spectra to shared memory.
Aug 30 20:37:32 INFO >> Number of dm trials in single multi processing job: 10
Aug 30 20:38:13 INFO >> Total number of detections=15581
Aug 30 20:38:13 INFO >> Clustering the detections
Aug 30 20:38:13 INFO >> Starting clustering
Aug 30 20:38:13 INFO >> Rogue harmonic power filter reduced detections from 15581 to 8523
Aug 30 20:38:13 INFO >> Filtering out duplicate freq,dm detections at multiple nharms removes 787 detections
Aug 30 20:38:13 INFO >> Duplicate freq,dm filter reduced detections to 7736
Aug 30 20:38:13 INFO >> Number of detections over threshold sigma (6.0): 7736
Aug 30 20:38:13 INFO >> Grouping duplicate frequencies together first
Aug 30 20:38:13 INFO >> Grouping duplicate frequencies removed 7216 detections from the harmonic metric computation
Aug 30 20:38:13 INFO >> Starting freq-DM distance metric computation
Aug 30 20:38:13 INFO >> Finished freq-DM distance metric computation
Aug 30 20:38:13 INFO >> Largest group size for metric computation is 97
Aug 30 20:38:13 INFO >> Starting harmonic distance metric computation
Aug 30 20:38:14 INFO >> Finished harmonic distance metric computation
Aug 30 20:38:14 INFO >> Starting DBSCAN
Aug 30 20:38:14 INFO >> Finished DBSCAN
Aug 30 20:38:14 INFO >> Clusters found: 75
Aug 30 20:38:14 INFO >> Filtered 32 clusters below or equal 2 DM.
Aug 30 20:38:14 INFO >> Total number of candidate clusters=0
Aug 30 20:38:14 INFO >> Candidate Processor of stack (315.95 49.23)
Aug 30 20:38:14 INFO >> Making SinglePointingCandidates from a list of 0 PowerSpectraDetectionClusters
Aug 30 20:38:16 INFO >> saved candidates to ./results//injections/315.95_49.23_cumulative_power_spectra_stack_20220627_11_tpa.yml_(157,)_candidates.npz
Aug 30 20:38:16 INFO >> Injected Pulsars:     1
Aug 30 20:38:16 INFO >> Injection Candidates: 0
Aug 30 20:38:16 INFO >> Recovered Injections: 0
Aug 30 20:38:16 INFO >> 0 candidates.
Aug 30 20:38:17 INFO >> Unlinked shared memory for cumulative stack.
Aug 30 20:38:17 INFO >> Pipeline execution time: 2.04 minutes
