Aug 30 19:37:50 INFO >> {"message": "Waiting for suitable server to become available", "selector": "Primary()", "operation": "find", "topologyDescription": "<TopologyDescription id: 66d21f8ef4be53114a075384, topology_type: Unknown, servers: [<ServerDescription ('localhost', 27017) server_type: Unknown, rtt: None>]>", "clientId": {"$oid": "66d21f8ef4be53114a075384"}, "remainingTimeMS": 29}
Aug 30 19:37:50 INFO >> Features initialized as the following:
Aug 30 19:37:50 INFO >> num_unique_dms
Aug 30 19:37:50 INFO >> num_unique_freqs
Aug 30 19:37:50 INFO >> ndetections
Aug 30 19:37:50 INFO >> nharm
Aug 30 19:37:50 INFO >> log_p_dm
Aug 30 19:37:50 INFO >> ['dm_sigma_FitGaussWidth_gauss_sigma', 'dm_sigma_FitGaussWidth_gauss_sigma_rel_err', 'dm_sigma_FitGaussWidth_ndof', 'dm_sigma_FitGaussWidth_rms_err']
Aug 30 19:37:50 INFO >> ['dm_sigma_FitGauss_amplitude', 'dm_sigma_FitGauss_mu', 'dm_sigma_FitGauss_gauss_sigma', 'dm_sigma_FitGauss_amplitude_rel_err', 'dm_sigma_FitGauss_mu_rel_err', 'dm_sigma_FitGauss_gauss_sigma_rel_err', 'dm_sigma_FitGauss_amplitude-detection', 'dm_sigma_FitGauss_mu-detection', 'dm_sigma_FitGauss_ndof', 'dm_sigma_FitGauss_rms_err']
Aug 30 19:37:50 INFO >> ['freq_sigma_FitGaussWidth_gauss_sigma', 'freq_sigma_FitGaussWidth_gauss_sigma_rel_err', 'freq_sigma_FitGaussWidth_ndof', 'freq_sigma_FitGaussWidth_rms_err']
Aug 30 19:37:50 INFO >> ['freq_sigma_FitGauss_amplitude', 'freq_sigma_FitGauss_mu', 'freq_sigma_FitGauss_gauss_sigma', 'freq_sigma_FitGauss_amplitude_rel_err', 'freq_sigma_FitGauss_mu_rel_err', 'freq_sigma_FitGauss_gauss_sigma_rel_err', 'freq_sigma_FitGauss_amplitude-detection', 'freq_sigma_FitGauss_mu-detection', 'freq_sigma_FitGauss_ndof', 'freq_sigma_FitGauss_rms_err']
Aug 30 19:37:50 INFO >> Performing searching on cumulative stack 315.95 49.23
Aug 30 19:37:50 INFO >> Loading the cumulative power spectra stack to search
Aug 30 19:38:48 INFO >> DM: 131.1005276878686
Aug 30 19:38:48 INFO >> sigma: 15.596604017790808
Aug 30 19:38:48 INFO >> frequency: 95.38032165615307
Aug 30 19:38:48 INFO >> Injecting 5 harmonics.
Aug 30 19:38:48 INFO >> Starting DM: 130.03934404266994
Aug 30 19:38:48 INFO >> Stopping DM: 132.16450063791982
Aug 30 19:38:48 INFO >> Expected detection at 9.42 sigma with 4 harmonics.
Aug 30 19:39:02 INFO >> Start searching 6558 dm trials using 32 harmonics.
Aug 30 19:39:08 INFO >> Moved power spectra to shared memory.
Aug 30 19:39:08 INFO >> Number of dm trials in single multi processing job: 10
Aug 30 19:39:48 INFO >> Total number of detections=15585
Aug 30 19:39:48 INFO >> Clustering the detections
Aug 30 19:39:48 INFO >> Starting clustering
Aug 30 19:39:48 INFO >> Rogue harmonic power filter reduced detections from 15585 to 8527
Aug 30 19:39:48 INFO >> Filtering out duplicate freq,dm detections at multiple nharms removes 787 detections
Aug 30 19:39:48 INFO >> Duplicate freq,dm filter reduced detections to 7740
Aug 30 19:39:48 INFO >> Number of detections over threshold sigma (6.0): 7740
Aug 30 19:39:48 INFO >> Grouping duplicate frequencies together first
Aug 30 19:39:48 INFO >> Grouping duplicate frequencies removed 7217 detections from the harmonic metric computation
Aug 30 19:39:48 INFO >> Starting freq-DM distance metric computation
Aug 30 19:39:48 INFO >> Finished freq-DM distance metric computation
Aug 30 19:39:49 INFO >> Largest group size for metric computation is 97
Aug 30 19:39:49 INFO >> Starting harmonic distance metric computation
Aug 30 19:39:49 INFO >> Finished harmonic distance metric computation
Aug 30 19:39:49 INFO >> Starting DBSCAN
Aug 30 19:39:50 INFO >> Finished DBSCAN
Aug 30 19:39:50 INFO >> Clusters found: 76
Aug 30 19:39:50 INFO >> Filtered 32 clusters below or equal 2 DM.
Aug 30 19:39:50 INFO >> Total number of candidate clusters=1
Aug 30 19:39:50 INFO >> Candidate Processor of stack (315.95 49.23)
Aug 30 19:39:50 INFO >> Making SinglePointingCandidates from a list of 1 PowerSpectraDetectionClusters
Aug 30 19:39:52 INFO >> saved candidates to ./results//injections/315.95_49.23_cumulative_power_spectra_stack_20220627_11_tpa.yml_(129,)_candidates.npz
Aug 30 19:39:52 INFO >> Injected Pulsars:     1
Aug 30 19:39:52 INFO >> Injection Candidates: 1
Aug 30 19:39:52 INFO >> Recovered Injections: 1
Aug 30 19:39:52 INFO >> 1 candidates.
Aug 30 19:39:52 INFO >> Best candidate: F0: 95.380 DM: 131.15 Sigma: 9.63
Aug 30 19:39:53 INFO >> Unlinked shared memory for cumulative stack.
Aug 30 19:39:53 INFO >> Pipeline execution time: 2.05 minutes
