Aug 30 18:06:03 INFO >> {"message": "Waiting for suitable server to become available", "selector": "Primary()", "operation": "find", "topologyDescription": "<TopologyDescription id: 66d20a0b15bc38860eeaefe2, topology_type: Unknown, servers: [<ServerDescription ('localhost', 27017) server_type: Unknown, rtt: None>]>", "clientId": {"$oid": "66d20a0b15bc38860eeaefe2"}, "remainingTimeMS": 29}
Aug 30 18:06:03 INFO >> Features initialized as the following:
Aug 30 18:06:03 INFO >> num_unique_dms
Aug 30 18:06:03 INFO >> num_unique_freqs
Aug 30 18:06:03 INFO >> ndetections
Aug 30 18:06:03 INFO >> nharm
Aug 30 18:06:03 INFO >> log_p_dm
Aug 30 18:06:03 INFO >> ['dm_sigma_FitGaussWidth_gauss_sigma', 'dm_sigma_FitGaussWidth_gauss_sigma_rel_err', 'dm_sigma_FitGaussWidth_ndof', 'dm_sigma_FitGaussWidth_rms_err']
Aug 30 18:06:03 INFO >> ['dm_sigma_FitGauss_amplitude', 'dm_sigma_FitGauss_mu', 'dm_sigma_FitGauss_gauss_sigma', 'dm_sigma_FitGauss_amplitude_rel_err', 'dm_sigma_FitGauss_mu_rel_err', 'dm_sigma_FitGauss_gauss_sigma_rel_err', 'dm_sigma_FitGauss_amplitude-detection', 'dm_sigma_FitGauss_mu-detection', 'dm_sigma_FitGauss_ndof', 'dm_sigma_FitGauss_rms_err']
Aug 30 18:06:03 INFO >> ['freq_sigma_FitGaussWidth_gauss_sigma', 'freq_sigma_FitGaussWidth_gauss_sigma_rel_err', 'freq_sigma_FitGaussWidth_ndof', 'freq_sigma_FitGaussWidth_rms_err']
Aug 30 18:06:03 INFO >> ['freq_sigma_FitGauss_amplitude', 'freq_sigma_FitGauss_mu', 'freq_sigma_FitGauss_gauss_sigma', 'freq_sigma_FitGauss_amplitude_rel_err', 'freq_sigma_FitGauss_mu_rel_err', 'freq_sigma_FitGauss_gauss_sigma_rel_err', 'freq_sigma_FitGauss_amplitude-detection', 'freq_sigma_FitGauss_mu-detection', 'freq_sigma_FitGauss_ndof', 'freq_sigma_FitGauss_rms_err']
Aug 30 18:06:03 INFO >> Performing searching on cumulative stack 315.95 49.23
Aug 30 18:06:03 INFO >> Loading the cumulative power spectra stack to search
Aug 30 18:07:01 INFO >> DM: 113.88277281676771
Aug 30 18:07:01 INFO >> sigma: 16.3404797173214
Aug 30 18:07:01 INFO >> frequency: 45.595293507131935
Aug 30 18:07:01 INFO >> Injecting 11 harmonics.
Aug 30 18:07:01 INFO >> Starting DM: 111.62132021717117
Aug 30 18:07:01 INFO >> Stopping DM: 116.17522720699232
Aug 30 18:07:01 INFO >> Expected detection at 14.98 sigma with 8 harmonics.
Aug 30 18:07:15 INFO >> Start searching 6558 dm trials using 32 harmonics.
Aug 30 18:07:20 INFO >> Moved power spectra to shared memory.
Aug 30 18:07:20 INFO >> Number of dm trials in single multi processing job: 10
Aug 30 18:08:00 INFO >> Total number of detections=15720
Aug 30 18:08:00 INFO >> Clustering the detections
Aug 30 18:08:00 INFO >> Starting clustering
Aug 30 18:08:00 INFO >> Rogue harmonic power filter reduced detections from 15720 to 8634
Aug 30 18:08:00 INFO >> Filtering out duplicate freq,dm detections at multiple nharms removes 825 detections
Aug 30 18:08:00 INFO >> Duplicate freq,dm filter reduced detections to 7809
Aug 30 18:08:00 INFO >> Number of detections over threshold sigma (6.0): 7809
Aug 30 18:08:00 INFO >> Grouping duplicate frequencies together first
Aug 30 18:08:00 INFO >> Grouping duplicate frequencies removed 7268 detections from the harmonic metric computation
Aug 30 18:08:00 INFO >> Starting freq-DM distance metric computation
Aug 30 18:08:01 INFO >> Finished freq-DM distance metric computation
Aug 30 18:08:01 INFO >> Largest group size for metric computation is 97
Aug 30 18:08:01 INFO >> Starting harmonic distance metric computation
Aug 30 18:08:02 INFO >> Finished harmonic distance metric computation
Aug 30 18:08:02 INFO >> Starting DBSCAN
Aug 30 18:08:02 INFO >> Finished DBSCAN
Aug 30 18:08:02 INFO >> Clusters found: 76
Aug 30 18:08:02 INFO >> Filtered 32 clusters below or equal 2 DM.
Aug 30 18:08:02 INFO >> Total number of candidate clusters=1
Aug 30 18:08:02 INFO >> Candidate Processor of stack (315.95 49.23)
Aug 30 18:08:02 INFO >> Making SinglePointingCandidates from a list of 1 PowerSpectraDetectionClusters
Aug 30 18:08:04 INFO >> saved candidates to ./results//injections/315.95_49.23_cumulative_power_spectra_stack_20220627_11_tpa.yml_(85,)_candidates.npz
Aug 30 18:08:04 INFO >> Injected Pulsars:     1
Aug 30 18:08:04 INFO >> Injection Candidates: 1
Aug 30 18:08:04 INFO >> Recovered Injections: 1
Aug 30 18:08:04 INFO >> 1 candidates.
Aug 30 18:08:04 INFO >> Best candidate: F0: 45.595 DM: 113.85 Sigma: 14.76
Aug 30 18:08:06 INFO >> Unlinked shared memory for cumulative stack.
Aug 30 18:08:06 INFO >> Pipeline execution time: 2.05 minutes
