Aug 30 22:37:27 INFO >> {"message": "Waiting for suitable server to become available", "selector": "Primary()", "operation": "find", "topologyDescription": "<TopologyDescription id: 66d249a79bd1bead31e7138d, topology_type: Unknown, servers: [<ServerDescription ('localhost', 27017) server_type: Unknown, rtt: None>]>", "clientId": {"$oid": "66d249a79bd1bead31e7138d"}, "remainingTimeMS": 29}
Aug 30 22:37:28 INFO >> Features initialized as the following:
Aug 30 22:37:28 INFO >> num_unique_dms
Aug 30 22:37:28 INFO >> num_unique_freqs
Aug 30 22:37:28 INFO >> ndetections
Aug 30 22:37:28 INFO >> nharm
Aug 30 22:37:28 INFO >> log_p_dm
Aug 30 22:37:28 INFO >> ['dm_sigma_FitGaussWidth_gauss_sigma', 'dm_sigma_FitGaussWidth_gauss_sigma_rel_err', 'dm_sigma_FitGaussWidth_ndof', 'dm_sigma_FitGaussWidth_rms_err']
Aug 30 22:37:28 INFO >> ['dm_sigma_FitGauss_amplitude', 'dm_sigma_FitGauss_mu', 'dm_sigma_FitGauss_gauss_sigma', 'dm_sigma_FitGauss_amplitude_rel_err', 'dm_sigma_FitGauss_mu_rel_err', 'dm_sigma_FitGauss_gauss_sigma_rel_err', 'dm_sigma_FitGauss_amplitude-detection', 'dm_sigma_FitGauss_mu-detection', 'dm_sigma_FitGauss_ndof', 'dm_sigma_FitGauss_rms_err']
Aug 30 22:37:28 INFO >> ['freq_sigma_FitGaussWidth_gauss_sigma', 'freq_sigma_FitGaussWidth_gauss_sigma_rel_err', 'freq_sigma_FitGaussWidth_ndof', 'freq_sigma_FitGaussWidth_rms_err']
Aug 30 22:37:28 INFO >> ['freq_sigma_FitGauss_amplitude', 'freq_sigma_FitGauss_mu', 'freq_sigma_FitGauss_gauss_sigma', 'freq_sigma_FitGauss_amplitude_rel_err', 'freq_sigma_FitGauss_mu_rel_err', 'freq_sigma_FitGauss_gauss_sigma_rel_err', 'freq_sigma_FitGauss_amplitude-detection', 'freq_sigma_FitGauss_mu-detection', 'freq_sigma_FitGauss_ndof', 'freq_sigma_FitGauss_rms_err']
Aug 30 22:37:28 INFO >> Performing searching on cumulative stack 315.95 49.23
Aug 30 22:37:28 INFO >> Loading the cumulative power spectra stack to search
Aug 30 22:38:27 INFO >> DM: 24.438099770160118
Aug 30 22:38:27 INFO >> sigma: 8.401327265403092
Aug 30 22:38:27 INFO >> frequency: 199.41743561751903
Aug 30 22:38:27 INFO >> Injecting 2 harmonics.
Aug 30 22:38:27 INFO >> Starting DM: 23.882712213284133
Aug 30 22:38:27 INFO >> Stopping DM: 24.99588947746263
Aug 30 22:38:27 INFO >> Expected detection at 3.06 sigma with 2 harmonics.
Aug 30 22:38:41 INFO >> Start searching 6558 dm trials using 32 harmonics.
Aug 30 22:38:46 INFO >> Moved power spectra to shared memory.
Aug 30 22:38:46 INFO >> Number of dm trials in single multi processing job: 10
Aug 30 22:39:26 INFO >> Total number of detections=15577
Aug 30 22:39:26 INFO >> Clustering the detections
Aug 30 22:39:26 INFO >> Starting clustering
Aug 30 22:39:27 INFO >> Rogue harmonic power filter reduced detections from 15577 to 8519
Aug 30 22:39:27 INFO >> Filtering out duplicate freq,dm detections at multiple nharms removes 787 detections
Aug 30 22:39:27 INFO >> Duplicate freq,dm filter reduced detections to 7732
Aug 30 22:39:27 INFO >> Number of detections over threshold sigma (6.0): 7732
Aug 30 22:39:27 INFO >> Grouping duplicate frequencies together first
Aug 30 22:39:27 INFO >> Grouping duplicate frequencies removed 7214 detections from the harmonic metric computation
Aug 30 22:39:27 INFO >> Starting freq-DM distance metric computation
Aug 30 22:39:27 INFO >> Finished freq-DM distance metric computation
Aug 30 22:39:27 INFO >> Largest group size for metric computation is 97
Aug 30 22:39:27 INFO >> Starting harmonic distance metric computation
Aug 30 22:39:28 INFO >> Finished harmonic distance metric computation
Aug 30 22:39:28 INFO >> Starting DBSCAN
Aug 30 22:39:28 INFO >> Finished DBSCAN
Aug 30 22:39:28 INFO >> Clusters found: 75
Aug 30 22:39:28 INFO >> Filtered 32 clusters below or equal 2 DM.
Aug 30 22:39:28 INFO >> Total number of candidate clusters=0
Aug 30 22:39:28 INFO >> Candidate Processor of stack (315.95 49.23)
Aug 30 22:39:28 INFO >> Making SinglePointingCandidates from a list of 0 PowerSpectraDetectionClusters
Aug 30 22:39:30 INFO >> saved candidates to ./results//injections/315.95_49.23_cumulative_power_spectra_stack_20220627_11_tpa.yml_(215,)_candidates.npz
Aug 30 22:39:30 INFO >> Injected Pulsars:     1
Aug 30 22:39:30 INFO >> Injection Candidates: 0
Aug 30 22:39:30 INFO >> Recovered Injections: 0
Aug 30 22:39:30 INFO >> 0 candidates.
Aug 30 22:39:31 INFO >> Unlinked shared memory for cumulative stack.
Aug 30 22:39:31 INFO >> Pipeline execution time: 2.07 minutes
