Aug 30 17:30:34 INFO >> {"message": "Waiting for suitable server to become available", "selector": "Primary()", "operation": "find", "topologyDescription": "<TopologyDescription id: 66d201baca764905acedf822, topology_type: Unknown, servers: [<ServerDescription ('localhost', 27017) server_type: Unknown, rtt: None>]>", "clientId": {"$oid": "66d201baca764905acedf822"}, "remainingTimeMS": 29}
Aug 30 17:30:34 INFO >> Features initialized as the following:
Aug 30 17:30:34 INFO >> num_unique_dms
Aug 30 17:30:34 INFO >> num_unique_freqs
Aug 30 17:30:34 INFO >> ndetections
Aug 30 17:30:34 INFO >> nharm
Aug 30 17:30:34 INFO >> log_p_dm
Aug 30 17:30:34 INFO >> ['dm_sigma_FitGaussWidth_gauss_sigma', 'dm_sigma_FitGaussWidth_gauss_sigma_rel_err', 'dm_sigma_FitGaussWidth_ndof', 'dm_sigma_FitGaussWidth_rms_err']
Aug 30 17:30:34 INFO >> ['dm_sigma_FitGauss_amplitude', 'dm_sigma_FitGauss_mu', 'dm_sigma_FitGauss_gauss_sigma', 'dm_sigma_FitGauss_amplitude_rel_err', 'dm_sigma_FitGauss_mu_rel_err', 'dm_sigma_FitGauss_gauss_sigma_rel_err', 'dm_sigma_FitGauss_amplitude-detection', 'dm_sigma_FitGauss_mu-detection', 'dm_sigma_FitGauss_ndof', 'dm_sigma_FitGauss_rms_err']
Aug 30 17:30:34 INFO >> ['freq_sigma_FitGaussWidth_gauss_sigma', 'freq_sigma_FitGaussWidth_gauss_sigma_rel_err', 'freq_sigma_FitGaussWidth_ndof', 'freq_sigma_FitGaussWidth_rms_err']
Aug 30 17:30:34 INFO >> ['freq_sigma_FitGauss_amplitude', 'freq_sigma_FitGauss_mu', 'freq_sigma_FitGauss_gauss_sigma', 'freq_sigma_FitGauss_amplitude_rel_err', 'freq_sigma_FitGauss_mu_rel_err', 'freq_sigma_FitGauss_gauss_sigma_rel_err', 'freq_sigma_FitGauss_amplitude-detection', 'freq_sigma_FitGauss_mu-detection', 'freq_sigma_FitGauss_ndof', 'freq_sigma_FitGauss_rms_err']
Aug 30 17:30:35 INFO >> Performing searching on cumulative stack 315.95 49.23
Aug 30 17:30:35 INFO >> Loading the cumulative power spectra stack to search
Aug 30 17:31:32 INFO >> DM: 153.3926923438322
Aug 30 17:31:32 INFO >> sigma: 6.519794156936182
Aug 30 17:31:32 INFO >> frequency: 162.60724912892604
Aug 30 17:31:32 INFO >> Injecting 3 harmonics.
Aug 30 17:31:32 INFO >> Starting DM: 152.8088789917756
Aug 30 17:31:32 INFO >> Stopping DM: 154.02325418906122
Aug 30 17:31:32 INFO >> Expected detection at 4.14 sigma with 2 harmonics.
Aug 30 17:31:46 INFO >> Start searching 6558 dm trials using 32 harmonics.
Aug 30 17:31:51 INFO >> Moved power spectra to shared memory.
Aug 30 17:31:51 INFO >> Number of dm trials in single multi processing job: 10
Aug 30 17:32:32 INFO >> Total number of detections=15577
Aug 30 17:32:32 INFO >> Clustering the detections
Aug 30 17:32:32 INFO >> Starting clustering
Aug 30 17:32:33 INFO >> Rogue harmonic power filter reduced detections from 15577 to 8519
Aug 30 17:32:33 INFO >> Filtering out duplicate freq,dm detections at multiple nharms removes 787 detections
Aug 30 17:32:33 INFO >> Duplicate freq,dm filter reduced detections to 7732
Aug 30 17:32:33 INFO >> Number of detections over threshold sigma (6.0): 7732
Aug 30 17:32:33 INFO >> Grouping duplicate frequencies together first
Aug 30 17:32:33 INFO >> Grouping duplicate frequencies removed 7214 detections from the harmonic metric computation
Aug 30 17:32:33 INFO >> Starting freq-DM distance metric computation
Aug 30 17:32:33 INFO >> Finished freq-DM distance metric computation
Aug 30 17:32:33 INFO >> Largest group size for metric computation is 97
Aug 30 17:32:33 INFO >> Starting harmonic distance metric computation
Aug 30 17:32:34 INFO >> Finished harmonic distance metric computation
Aug 30 17:32:34 INFO >> Starting DBSCAN
Aug 30 17:32:34 INFO >> Finished DBSCAN
Aug 30 17:32:34 INFO >> Clusters found: 75
Aug 30 17:32:34 INFO >> Filtered 32 clusters below or equal 2 DM.
Aug 30 17:32:34 INFO >> Total number of candidate clusters=0
Aug 30 17:32:34 INFO >> Candidate Processor of stack (315.95 49.23)
Aug 30 17:32:34 INFO >> Making SinglePointingCandidates from a list of 0 PowerSpectraDetectionClusters
Aug 30 17:32:36 INFO >> saved candidates to ./results//injections/315.95_49.23_cumulative_power_spectra_stack_20220627_11_tpa.yml_(68,)_candidates.npz
Aug 30 17:32:36 INFO >> Injected Pulsars:     1
Aug 30 17:32:36 INFO >> Injection Candidates: 0
Aug 30 17:32:36 INFO >> Recovered Injections: 0
Aug 30 17:32:36 INFO >> 0 candidates.
Aug 30 17:32:37 INFO >> Unlinked shared memory for cumulative stack.
Aug 30 17:32:37 INFO >> Pipeline execution time: 2.05 minutes
