Aug 30 16:50:54 INFO >> {"message": "Waiting for suitable server to become available", "selector": "Primary()", "operation": "find", "topologyDescription": "<TopologyDescription id: 66d1f86e2b236f54652e0468, topology_type: Unknown, servers: [<ServerDescription ('localhost', 27017) server_type: Unknown, rtt: None>]>", "clientId": {"$oid": "66d1f86e2b236f54652e0468"}, "remainingTimeMS": 29}
Aug 30 16:50:54 INFO >> Features initialized as the following:
Aug 30 16:50:54 INFO >> num_unique_dms
Aug 30 16:50:54 INFO >> num_unique_freqs
Aug 30 16:50:54 INFO >> ndetections
Aug 30 16:50:54 INFO >> nharm
Aug 30 16:50:54 INFO >> log_p_dm
Aug 30 16:50:54 INFO >> ['dm_sigma_FitGaussWidth_gauss_sigma', 'dm_sigma_FitGaussWidth_gauss_sigma_rel_err', 'dm_sigma_FitGaussWidth_ndof', 'dm_sigma_FitGaussWidth_rms_err']
Aug 30 16:50:54 INFO >> ['dm_sigma_FitGauss_amplitude', 'dm_sigma_FitGauss_mu', 'dm_sigma_FitGauss_gauss_sigma', 'dm_sigma_FitGauss_amplitude_rel_err', 'dm_sigma_FitGauss_mu_rel_err', 'dm_sigma_FitGauss_gauss_sigma_rel_err', 'dm_sigma_FitGauss_amplitude-detection', 'dm_sigma_FitGauss_mu-detection', 'dm_sigma_FitGauss_ndof', 'dm_sigma_FitGauss_rms_err']
Aug 30 16:50:54 INFO >> ['freq_sigma_FitGaussWidth_gauss_sigma', 'freq_sigma_FitGaussWidth_gauss_sigma_rel_err', 'freq_sigma_FitGaussWidth_ndof', 'freq_sigma_FitGaussWidth_rms_err']
Aug 30 16:50:54 INFO >> ['freq_sigma_FitGauss_amplitude', 'freq_sigma_FitGauss_mu', 'freq_sigma_FitGauss_gauss_sigma', 'freq_sigma_FitGauss_amplitude_rel_err', 'freq_sigma_FitGauss_mu_rel_err', 'freq_sigma_FitGauss_gauss_sigma_rel_err', 'freq_sigma_FitGauss_amplitude-detection', 'freq_sigma_FitGauss_mu-detection', 'freq_sigma_FitGauss_ndof', 'freq_sigma_FitGauss_rms_err']
Aug 30 16:50:54 INFO >> Performing searching on cumulative stack 315.95 49.23
Aug 30 16:50:54 INFO >> Loading the cumulative power spectra stack to search
Aug 30 16:51:53 INFO >> DM: 144.3046492659467
Aug 30 16:51:53 INFO >> sigma: 13.403758715127374
Aug 30 16:51:53 INFO >> frequency: 25.492943638861956
Aug 30 16:51:53 INFO >> Injecting 19 harmonics.
Aug 30 16:51:53 INFO >> Starting DM: 140.2603352864907
Aug 30 16:51:53 INFO >> Stopping DM: 148.35616993506162
Aug 30 16:51:53 INFO >> Expected detection at 10.72 sigma with 16 harmonics.
Aug 30 16:52:07 INFO >> Start searching 6558 dm trials using 32 harmonics.
Aug 30 16:52:12 INFO >> Moved power spectra to shared memory.
Aug 30 16:52:12 INFO >> Number of dm trials in single multi processing job: 10
Aug 30 16:52:53 INFO >> Total number of detections=15589
Aug 30 16:52:53 INFO >> Clustering the detections
Aug 30 16:52:53 INFO >> Starting clustering
Aug 30 16:52:53 INFO >> Rogue harmonic power filter reduced detections from 15589 to 8531
Aug 30 16:52:53 INFO >> Filtering out duplicate freq,dm detections at multiple nharms removes 790 detections
Aug 30 16:52:53 INFO >> Duplicate freq,dm filter reduced detections to 7741
Aug 30 16:52:53 INFO >> Number of detections over threshold sigma (6.0): 7741
Aug 30 16:52:53 INFO >> Grouping duplicate frequencies together first
Aug 30 16:52:53 INFO >> Grouping duplicate frequencies removed 7218 detections from the harmonic metric computation
Aug 30 16:52:53 INFO >> Starting freq-DM distance metric computation
Aug 30 16:52:53 INFO >> Finished freq-DM distance metric computation
Aug 30 16:52:53 INFO >> Largest group size for metric computation is 97
Aug 30 16:52:53 INFO >> Starting harmonic distance metric computation
Aug 30 16:52:54 INFO >> Finished harmonic distance metric computation
Aug 30 16:52:54 INFO >> Starting DBSCAN
Aug 30 16:52:54 INFO >> Finished DBSCAN
Aug 30 16:52:54 INFO >> Clusters found: 76
Aug 30 16:52:54 INFO >> Filtered 32 clusters below or equal 2 DM.
Aug 30 16:52:54 INFO >> Total number of candidate clusters=1
Aug 30 16:52:54 INFO >> Candidate Processor of stack (315.95 49.23)
Aug 30 16:52:54 INFO >> Making SinglePointingCandidates from a list of 1 PowerSpectraDetectionClusters
Aug 30 16:52:56 INFO >> saved candidates to ./results//injections/315.95_49.23_cumulative_power_spectra_stack_20220627_11_tpa.yml_(49,)_candidates.npz
Aug 30 16:52:56 INFO >> Injected Pulsars:     1
Aug 30 16:52:56 INFO >> Injection Candidates: 1
Aug 30 16:52:56 INFO >> Recovered Injections: 1
Aug 30 16:52:56 INFO >> 1 candidates.
Aug 30 16:52:56 INFO >> Best candidate: F0: 25.493 DM: 144.31 Sigma: 10.94
Aug 30 16:52:58 INFO >> Unlinked shared memory for cumulative stack.
Aug 30 16:52:58 INFO >> Pipeline execution time: 2.06 minutes
