Aug 30 22:39:34 INFO >> {"message": "Waiting for suitable server to become available", "selector": "Primary()", "operation": "find", "topologyDescription": "<TopologyDescription id: 66d24a266c288266bbb6b85a, topology_type: Unknown, servers: [<ServerDescription ('localhost', 27017) server_type: Unknown, rtt: None>]>", "clientId": {"$oid": "66d24a266c288266bbb6b85a"}, "remainingTimeMS": 29}
Aug 30 22:39:34 INFO >> Features initialized as the following:
Aug 30 22:39:34 INFO >> num_unique_dms
Aug 30 22:39:34 INFO >> num_unique_freqs
Aug 30 22:39:34 INFO >> ndetections
Aug 30 22:39:34 INFO >> nharm
Aug 30 22:39:34 INFO >> log_p_dm
Aug 30 22:39:34 INFO >> ['dm_sigma_FitGaussWidth_gauss_sigma', 'dm_sigma_FitGaussWidth_gauss_sigma_rel_err', 'dm_sigma_FitGaussWidth_ndof', 'dm_sigma_FitGaussWidth_rms_err']
Aug 30 22:39:34 INFO >> ['dm_sigma_FitGauss_amplitude', 'dm_sigma_FitGauss_mu', 'dm_sigma_FitGauss_gauss_sigma', 'dm_sigma_FitGauss_amplitude_rel_err', 'dm_sigma_FitGauss_mu_rel_err', 'dm_sigma_FitGauss_gauss_sigma_rel_err', 'dm_sigma_FitGauss_amplitude-detection', 'dm_sigma_FitGauss_mu-detection', 'dm_sigma_FitGauss_ndof', 'dm_sigma_FitGauss_rms_err']
Aug 30 22:39:34 INFO >> ['freq_sigma_FitGaussWidth_gauss_sigma', 'freq_sigma_FitGaussWidth_gauss_sigma_rel_err', 'freq_sigma_FitGaussWidth_ndof', 'freq_sigma_FitGaussWidth_rms_err']
Aug 30 22:39:34 INFO >> ['freq_sigma_FitGauss_amplitude', 'freq_sigma_FitGauss_mu', 'freq_sigma_FitGauss_gauss_sigma', 'freq_sigma_FitGauss_amplitude_rel_err', 'freq_sigma_FitGauss_mu_rel_err', 'freq_sigma_FitGauss_gauss_sigma_rel_err', 'freq_sigma_FitGauss_amplitude-detection', 'freq_sigma_FitGauss_mu-detection', 'freq_sigma_FitGauss_ndof', 'freq_sigma_FitGauss_rms_err']
Aug 30 22:39:34 INFO >> Performing searching on cumulative stack 315.95 49.23
Aug 30 22:39:34 INFO >> Loading the cumulative power spectra stack to search
Aug 30 22:40:31 INFO >> DM: 5.903768207644021
Aug 30 22:40:31 INFO >> sigma: 12.529888889448237
Aug 30 22:40:31 INFO >> frequency: 56.11433284499582
Aug 30 22:40:31 INFO >> Injecting 9 harmonics.
Aug 30 22:40:31 INFO >> Starting DM: 4.047917324285446
Aug 30 22:40:31 INFO >> Stopping DM: 7.691042916142347
Aug 30 22:40:31 INFO >> Expected detection at 8.45 sigma with 8 harmonics.
Aug 30 22:40:45 INFO >> Start searching 6558 dm trials using 32 harmonics.
Aug 30 22:40:51 INFO >> Moved power spectra to shared memory.
Aug 30 22:40:51 INFO >> Number of dm trials in single multi processing job: 10
Aug 30 22:41:32 INFO >> Total number of detections=15590
Aug 30 22:41:32 INFO >> Clustering the detections
Aug 30 22:41:32 INFO >> Starting clustering
Aug 30 22:41:32 INFO >> Rogue harmonic power filter reduced detections from 15590 to 8532
Aug 30 22:41:32 INFO >> Filtering out duplicate freq,dm detections at multiple nharms removes 791 detections
Aug 30 22:41:32 INFO >> Duplicate freq,dm filter reduced detections to 7741
Aug 30 22:41:32 INFO >> Number of detections over threshold sigma (6.0): 7741
Aug 30 22:41:32 INFO >> Grouping duplicate frequencies together first
Aug 30 22:41:32 INFO >> Grouping duplicate frequencies removed 7218 detections from the harmonic metric computation
Aug 30 22:41:32 INFO >> Starting freq-DM distance metric computation
Aug 30 22:41:32 INFO >> Finished freq-DM distance metric computation
Aug 30 22:41:32 INFO >> Largest group size for metric computation is 97
Aug 30 22:41:32 INFO >> Starting harmonic distance metric computation
Aug 30 22:41:33 INFO >> Finished harmonic distance metric computation
Aug 30 22:41:33 INFO >> Starting DBSCAN
Aug 30 22:41:33 INFO >> Finished DBSCAN
Aug 30 22:41:33 INFO >> Clusters found: 76
Aug 30 22:41:33 INFO >> Filtered 32 clusters below or equal 2 DM.
Aug 30 22:41:33 INFO >> Total number of candidate clusters=1
Aug 30 22:41:33 INFO >> Candidate Processor of stack (315.95 49.23)
Aug 30 22:41:33 INFO >> Making SinglePointingCandidates from a list of 1 PowerSpectraDetectionClusters
Aug 30 22:41:35 INFO >> saved candidates to ./results//injections/315.95_49.23_cumulative_power_spectra_stack_20220627_11_tpa.yml_(216,)_candidates.npz
Aug 30 22:41:35 INFO >> Injected Pulsars:     1
Aug 30 22:41:35 INFO >> Injection Candidates: 1
Aug 30 22:41:35 INFO >> Recovered Injections: 1
Aug 30 22:41:35 INFO >> 1 candidates.
Aug 30 22:41:35 INFO >> Best candidate: F0: 56.114 DM: 5.87 Sigma: 8.98
Aug 30 22:41:37 INFO >> Unlinked shared memory for cumulative stack.
Aug 30 22:41:37 INFO >> Pipeline execution time: 2.05 minutes
