Sep 03 01:17:21 INFO >> {"message": "Waiting for suitable server to become available", "selector": "Primary()", "operation": "find", "topologyDescription": "<TopologyDescription id: 66d663a1ad7adcc1c2d3d319, topology_type: Unknown, servers: [<ServerDescription ('localhost', 27017) server_type: Unknown, rtt: None>]>", "clientId": {"$oid": "66d663a1ad7adcc1c2d3d319"}, "remainingTimeMS": 29}
Sep 03 01:17:21 INFO >> Features initialized as the following:
Sep 03 01:17:21 INFO >> num_unique_dms
Sep 03 01:17:21 INFO >> num_unique_freqs
Sep 03 01:17:21 INFO >> ndetections
Sep 03 01:17:21 INFO >> nharm
Sep 03 01:17:21 INFO >> log_p_dm
Sep 03 01:17:21 INFO >> ['dm_sigma_FitGaussWidth_gauss_sigma', 'dm_sigma_FitGaussWidth_gauss_sigma_rel_err', 'dm_sigma_FitGaussWidth_ndof', 'dm_sigma_FitGaussWidth_rms_err']
Sep 03 01:17:21 INFO >> ['dm_sigma_FitGauss_amplitude', 'dm_sigma_FitGauss_mu', 'dm_sigma_FitGauss_gauss_sigma', 'dm_sigma_FitGauss_amplitude_rel_err', 'dm_sigma_FitGauss_mu_rel_err', 'dm_sigma_FitGauss_gauss_sigma_rel_err', 'dm_sigma_FitGauss_amplitude-detection', 'dm_sigma_FitGauss_mu-detection', 'dm_sigma_FitGauss_ndof', 'dm_sigma_FitGauss_rms_err']
Sep 03 01:17:21 INFO >> ['freq_sigma_FitGaussWidth_gauss_sigma', 'freq_sigma_FitGaussWidth_gauss_sigma_rel_err', 'freq_sigma_FitGaussWidth_ndof', 'freq_sigma_FitGaussWidth_rms_err']
Sep 03 01:17:21 INFO >> ['freq_sigma_FitGauss_amplitude', 'freq_sigma_FitGauss_mu', 'freq_sigma_FitGauss_gauss_sigma', 'freq_sigma_FitGauss_amplitude_rel_err', 'freq_sigma_FitGauss_mu_rel_err', 'freq_sigma_FitGauss_gauss_sigma_rel_err', 'freq_sigma_FitGauss_amplitude-detection', 'freq_sigma_FitGauss_mu-detection', 'freq_sigma_FitGauss_ndof', 'freq_sigma_FitGauss_rms_err']
Sep 03 01:17:21 INFO >> Performing searching on cumulative stack 315.95 49.23
Sep 03 01:17:21 INFO >> Loading the cumulative power spectra stack to search
Sep 03 01:18:19 INFO >> DM: 120.25002388842294
Sep 03 01:18:19 INFO >> sigma: 10.100383389318187
Sep 03 01:18:19 INFO >> frequency: 95.22873616403399
Sep 03 01:18:19 INFO >> Injecting 5 harmonics.
Sep 03 01:18:19 INFO >> Starting DM: 119.21116520020638
Sep 03 01:18:19 INFO >> Stopping DM: 121.33632179545626
Sep 03 01:18:19 INFO >> Expected detection at 5.36 sigma with 4 harmonics.
Sep 03 01:18:33 INFO >> Start searching 6558 dm trials using 32 harmonics.
Sep 03 01:18:39 INFO >> Moved power spectra to shared memory.
Sep 03 01:18:39 INFO >> Number of dm trials in single multi processing job: 10
Sep 03 01:19:19 INFO >> Total number of detections=15578
Sep 03 01:19:19 INFO >> Clustering the detections
Sep 03 01:19:19 INFO >> Starting clustering
Sep 03 01:19:19 INFO >> Rogue harmonic power filter reduced detections from 15578 to 8520
Sep 03 01:19:19 INFO >> Filtering out duplicate freq,dm detections at multiple nharms removes 787 detections
Sep 03 01:19:19 INFO >> Duplicate freq,dm filter reduced detections to 7733
Sep 03 01:19:19 INFO >> Number of detections over threshold sigma (6.0): 7733
Sep 03 01:19:19 INFO >> Grouping duplicate frequencies together first
Sep 03 01:19:19 INFO >> Grouping duplicate frequencies removed 7214 detections from the harmonic metric computation
Sep 03 01:19:19 INFO >> Starting freq-DM distance metric computation
Sep 03 01:19:20 INFO >> Finished freq-DM distance metric computation
Sep 03 01:19:20 INFO >> Largest group size for metric computation is 97
Sep 03 01:19:20 INFO >> Starting harmonic distance metric computation
Sep 03 01:19:21 INFO >> Finished harmonic distance metric computation
Sep 03 01:19:21 INFO >> Starting DBSCAN
Sep 03 01:19:21 INFO >> Finished DBSCAN
Sep 03 01:19:21 INFO >> Clusters found: 75
Sep 03 01:19:21 INFO >> Filtered 32 clusters below or equal 2 DM.
Sep 03 01:19:21 INFO >> Total number of candidate clusters=0
Sep 03 01:19:21 INFO >> Candidate Processor of stack (315.95 49.23)
Sep 03 01:19:21 INFO >> Making SinglePointingCandidates from a list of 0 PowerSpectraDetectionClusters
Sep 03 01:19:23 INFO >> saved candidates to ./results//injections/315.95_49.23_cumulative_power_spectra_stack_20220627_11_tpa.yml_(648,)_candidates.npz
Sep 03 01:19:23 INFO >> Injected Pulsars:     1
Sep 03 01:19:23 INFO >> Injection Candidates: 0
Sep 03 01:19:23 INFO >> Recovered Injections: 0
Sep 03 01:19:23 INFO >> 0 candidates.
Sep 03 01:19:24 INFO >> Unlinked shared memory for cumulative stack.
Sep 03 01:19:24 INFO >> Pipeline execution time: 2.05 minutes
