Sep 03 00:43:50 INFO >> {"message": "Waiting for suitable server to become available", "selector": "Primary()", "operation": "find", "topologyDescription": "<TopologyDescription id: 66d65bc6d382b92006081040, topology_type: Unknown, servers: [<ServerDescription ('localhost', 27017) server_type: Unknown, rtt: None>]>", "clientId": {"$oid": "66d65bc6d382b92006081040"}, "remainingTimeMS": 29}
Sep 03 00:43:50 INFO >> Features initialized as the following:
Sep 03 00:43:50 INFO >> num_unique_dms
Sep 03 00:43:50 INFO >> num_unique_freqs
Sep 03 00:43:50 INFO >> ndetections
Sep 03 00:43:50 INFO >> nharm
Sep 03 00:43:50 INFO >> log_p_dm
Sep 03 00:43:50 INFO >> ['dm_sigma_FitGaussWidth_gauss_sigma', 'dm_sigma_FitGaussWidth_gauss_sigma_rel_err', 'dm_sigma_FitGaussWidth_ndof', 'dm_sigma_FitGaussWidth_rms_err']
Sep 03 00:43:50 INFO >> ['dm_sigma_FitGauss_amplitude', 'dm_sigma_FitGauss_mu', 'dm_sigma_FitGauss_gauss_sigma', 'dm_sigma_FitGauss_amplitude_rel_err', 'dm_sigma_FitGauss_mu_rel_err', 'dm_sigma_FitGauss_gauss_sigma_rel_err', 'dm_sigma_FitGauss_amplitude-detection', 'dm_sigma_FitGauss_mu-detection', 'dm_sigma_FitGauss_ndof', 'dm_sigma_FitGauss_rms_err']
Sep 03 00:43:50 INFO >> ['freq_sigma_FitGaussWidth_gauss_sigma', 'freq_sigma_FitGaussWidth_gauss_sigma_rel_err', 'freq_sigma_FitGaussWidth_ndof', 'freq_sigma_FitGaussWidth_rms_err']
Sep 03 00:43:50 INFO >> ['freq_sigma_FitGauss_amplitude', 'freq_sigma_FitGauss_mu', 'freq_sigma_FitGauss_gauss_sigma', 'freq_sigma_FitGauss_amplitude_rel_err', 'freq_sigma_FitGauss_mu_rel_err', 'freq_sigma_FitGauss_gauss_sigma_rel_err', 'freq_sigma_FitGauss_amplitude-detection', 'freq_sigma_FitGauss_mu-detection', 'freq_sigma_FitGauss_ndof', 'freq_sigma_FitGauss_rms_err']
Sep 03 00:43:50 INFO >> Performing searching on cumulative stack 315.95 49.23
Sep 03 00:43:50 INFO >> Loading the cumulative power spectra stack to search
Sep 03 00:44:48 INFO >> DM: 147.5412502108206
Sep 03 00:44:48 INFO >> sigma: 15.162822107815995
Sep 03 00:44:48 INFO >> frequency: 27.759903399270147
Sep 03 00:44:48 INFO >> Injecting 18 harmonics.
Sep 03 00:44:48 INFO >> Starting DM: 143.80226294524047
Sep 03 00:44:48 INFO >> Stopping DM: 151.29090999516853
Sep 03 00:44:48 INFO >> Expected detection at 14.63 sigma with 16 harmonics.
Sep 03 00:45:02 INFO >> Start searching 6558 dm trials using 32 harmonics.
Sep 03 00:45:08 INFO >> Moved power spectra to shared memory.
Sep 03 00:45:08 INFO >> Number of dm trials in single multi processing job: 10
Sep 03 00:45:48 INFO >> Total number of detections=15613
Sep 03 00:45:48 INFO >> Clustering the detections
Sep 03 00:45:48 INFO >> Starting clustering
Sep 03 00:45:48 INFO >> Rogue harmonic power filter reduced detections from 15613 to 8555
Sep 03 00:45:48 INFO >> Filtering out duplicate freq,dm detections at multiple nharms removes 793 detections
Sep 03 00:45:48 INFO >> Duplicate freq,dm filter reduced detections to 7762
Sep 03 00:45:48 INFO >> Number of detections over threshold sigma (6.0): 7762
Sep 03 00:45:48 INFO >> Grouping duplicate frequencies together first
Sep 03 00:45:48 INFO >> Grouping duplicate frequencies removed 7231 detections from the harmonic metric computation
Sep 03 00:45:48 INFO >> Starting freq-DM distance metric computation
Sep 03 00:45:49 INFO >> Finished freq-DM distance metric computation
Sep 03 00:45:49 INFO >> Largest group size for metric computation is 97
Sep 03 00:45:49 INFO >> Starting harmonic distance metric computation
Sep 03 00:45:50 INFO >> Finished harmonic distance metric computation
Sep 03 00:45:50 INFO >> Starting DBSCAN
Sep 03 00:45:50 INFO >> Finished DBSCAN
Sep 03 00:45:50 INFO >> Clusters found: 77
Sep 03 00:45:50 INFO >> Filtered 32 clusters below or equal 2 DM.
Sep 03 00:45:50 INFO >> Total number of candidate clusters=2
Sep 03 00:45:50 INFO >> Candidate Processor of stack (315.95 49.23)
Sep 03 00:45:50 INFO >> Making SinglePointingCandidates from a list of 2 PowerSpectraDetectionClusters
Sep 03 00:45:52 INFO >> saved candidates to ./results//injections/315.95_49.23_cumulative_power_spectra_stack_20220627_11_tpa.yml_(632,)_candidates.npz
Sep 03 00:45:52 INFO >> Injected Pulsars:     1
Sep 03 00:45:52 INFO >> Injection Candidates: 2
Sep 03 00:45:52 INFO >> Recovered Injections: 1
Sep 03 00:45:52 INFO >> 2 candidates.
Sep 03 00:45:52 INFO >> Best candidate: F0: 27.760 DM: 147.55 Sigma: 14.15
Sep 03 00:45:54 INFO >> Unlinked shared memory for cumulative stack.
Sep 03 00:45:54 INFO >> Pipeline execution time: 2.06 minutes
