Sep 03 01:08:57 INFO >> {"message": "Waiting for suitable server to become available", "selector": "Primary()", "operation": "find", "topologyDescription": "<TopologyDescription id: 66d661a9cfd94a7fe5d9dc82, topology_type: Unknown, servers: [<ServerDescription ('localhost', 27017) server_type: Unknown, rtt: None>]>", "clientId": {"$oid": "66d661a9cfd94a7fe5d9dc82"}, "remainingTimeMS": 29}
Sep 03 01:08:57 INFO >> Features initialized as the following:
Sep 03 01:08:57 INFO >> num_unique_dms
Sep 03 01:08:57 INFO >> num_unique_freqs
Sep 03 01:08:57 INFO >> ndetections
Sep 03 01:08:57 INFO >> nharm
Sep 03 01:08:57 INFO >> log_p_dm
Sep 03 01:08:57 INFO >> ['dm_sigma_FitGaussWidth_gauss_sigma', 'dm_sigma_FitGaussWidth_gauss_sigma_rel_err', 'dm_sigma_FitGaussWidth_ndof', 'dm_sigma_FitGaussWidth_rms_err']
Sep 03 01:08:57 INFO >> ['dm_sigma_FitGauss_amplitude', 'dm_sigma_FitGauss_mu', 'dm_sigma_FitGauss_gauss_sigma', 'dm_sigma_FitGauss_amplitude_rel_err', 'dm_sigma_FitGauss_mu_rel_err', 'dm_sigma_FitGauss_gauss_sigma_rel_err', 'dm_sigma_FitGauss_amplitude-detection', 'dm_sigma_FitGauss_mu-detection', 'dm_sigma_FitGauss_ndof', 'dm_sigma_FitGauss_rms_err']
Sep 03 01:08:57 INFO >> ['freq_sigma_FitGaussWidth_gauss_sigma', 'freq_sigma_FitGaussWidth_gauss_sigma_rel_err', 'freq_sigma_FitGaussWidth_ndof', 'freq_sigma_FitGaussWidth_rms_err']
Sep 03 01:08:57 INFO >> ['freq_sigma_FitGauss_amplitude', 'freq_sigma_FitGauss_mu', 'freq_sigma_FitGauss_gauss_sigma', 'freq_sigma_FitGauss_amplitude_rel_err', 'freq_sigma_FitGauss_mu_rel_err', 'freq_sigma_FitGauss_gauss_sigma_rel_err', 'freq_sigma_FitGauss_amplitude-detection', 'freq_sigma_FitGauss_mu-detection', 'freq_sigma_FitGauss_ndof', 'freq_sigma_FitGauss_rms_err']
Sep 03 01:08:57 INFO >> Performing searching on cumulative stack 315.95 49.23
Sep 03 01:08:57 INFO >> Loading the cumulative power spectra stack to search
Sep 03 01:09:54 INFO >> DM: 197.57986848191143
Sep 03 01:09:54 INFO >> sigma: 16.979518561423454
Sep 03 01:09:54 INFO >> frequency: 31.886076959348387
Sep 03 01:09:54 INFO >> Injecting 15 harmonics.
Sep 03 01:09:54 INFO >> Starting DM: 194.40122949880856
Sep 03 01:09:54 INFO >> Stopping DM: 200.77669928455813
Sep 03 01:09:55 INFO >> Expected detection at 16.14 sigma with 4 harmonics.
Sep 03 01:10:09 INFO >> Start searching 6558 dm trials using 32 harmonics.
Sep 03 01:10:14 INFO >> Moved power spectra to shared memory.
Sep 03 01:10:14 INFO >> Number of dm trials in single multi processing job: 10
Sep 03 01:10:55 INFO >> Total number of detections=15948
Sep 03 01:10:55 INFO >> Clustering the detections
Sep 03 01:10:55 INFO >> Starting clustering
Sep 03 01:10:55 INFO >> Rogue harmonic power filter reduced detections from 15948 to 8834
Sep 03 01:10:55 INFO >> Filtering out duplicate freq,dm detections at multiple nharms removes 908 detections
Sep 03 01:10:55 INFO >> Duplicate freq,dm filter reduced detections to 7926
Sep 03 01:10:55 INFO >> Number of detections over threshold sigma (6.0): 7926
Sep 03 01:10:55 INFO >> Grouping duplicate frequencies together first
Sep 03 01:10:55 INFO >> Grouping duplicate frequencies removed 7368 detections from the harmonic metric computation
Sep 03 01:10:55 INFO >> Starting freq-DM distance metric computation
Sep 03 01:10:55 INFO >> Finished freq-DM distance metric computation
Sep 03 01:10:56 INFO >> Largest group size for metric computation is 97
Sep 03 01:10:56 INFO >> Starting harmonic distance metric computation
Sep 03 01:10:56 INFO >> Finished harmonic distance metric computation
Sep 03 01:10:56 INFO >> Starting DBSCAN
Sep 03 01:10:57 INFO >> Finished DBSCAN
Sep 03 01:10:57 INFO >> Clusters found: 81
Sep 03 01:10:57 INFO >> Filtered 32 clusters below or equal 2 DM.
Sep 03 01:10:57 INFO >> Total number of candidate clusters=6
Sep 03 01:10:57 INFO >> Candidate Processor of stack (315.95 49.23)
Sep 03 01:10:57 INFO >> Making SinglePointingCandidates from a list of 6 PowerSpectraDetectionClusters
Sep 03 01:11:00 INFO >> saved candidates to ./results//injections/315.95_49.23_cumulative_power_spectra_stack_20220627_11_tpa.yml_(644,)_candidates.npz
Sep 03 01:11:00 INFO >> Injected Pulsars:     1
Sep 03 01:11:00 INFO >> Injection Candidates: 6
Sep 03 01:11:00 INFO >> Recovered Injections: 1
Sep 03 01:11:00 INFO >> 6 candidates.
Sep 03 01:11:00 INFO >> Best candidate: F0: 31.886 DM: 197.54 Sigma: 16.09
Sep 03 01:11:01 INFO >> Unlinked shared memory for cumulative stack.
Sep 03 01:11:01 INFO >> Pipeline execution time: 2.08 minutes
