Sep 03 00:39:39 INFO >> {"message": "Waiting for suitable server to become available", "selector": "Primary()", "operation": "find", "topologyDescription": "<TopologyDescription id: 66d65acb161bd31c4e15ef9c, topology_type: Unknown, servers: [<ServerDescription ('localhost', 27017) server_type: Unknown, rtt: None>]>", "clientId": {"$oid": "66d65acb161bd31c4e15ef9c"}, "remainingTimeMS": 29}
Sep 03 00:39:39 INFO >> Features initialized as the following:
Sep 03 00:39:39 INFO >> num_unique_dms
Sep 03 00:39:39 INFO >> num_unique_freqs
Sep 03 00:39:39 INFO >> ndetections
Sep 03 00:39:39 INFO >> nharm
Sep 03 00:39:39 INFO >> log_p_dm
Sep 03 00:39:39 INFO >> ['dm_sigma_FitGaussWidth_gauss_sigma', 'dm_sigma_FitGaussWidth_gauss_sigma_rel_err', 'dm_sigma_FitGaussWidth_ndof', 'dm_sigma_FitGaussWidth_rms_err']
Sep 03 00:39:39 INFO >> ['dm_sigma_FitGauss_amplitude', 'dm_sigma_FitGauss_mu', 'dm_sigma_FitGauss_gauss_sigma', 'dm_sigma_FitGauss_amplitude_rel_err', 'dm_sigma_FitGauss_mu_rel_err', 'dm_sigma_FitGauss_gauss_sigma_rel_err', 'dm_sigma_FitGauss_amplitude-detection', 'dm_sigma_FitGauss_mu-detection', 'dm_sigma_FitGauss_ndof', 'dm_sigma_FitGauss_rms_err']
Sep 03 00:39:39 INFO >> ['freq_sigma_FitGaussWidth_gauss_sigma', 'freq_sigma_FitGaussWidth_gauss_sigma_rel_err', 'freq_sigma_FitGaussWidth_ndof', 'freq_sigma_FitGaussWidth_rms_err']
Sep 03 00:39:39 INFO >> ['freq_sigma_FitGauss_amplitude', 'freq_sigma_FitGauss_mu', 'freq_sigma_FitGauss_gauss_sigma', 'freq_sigma_FitGauss_amplitude_rel_err', 'freq_sigma_FitGauss_mu_rel_err', 'freq_sigma_FitGauss_gauss_sigma_rel_err', 'freq_sigma_FitGauss_amplitude-detection', 'freq_sigma_FitGauss_mu-detection', 'freq_sigma_FitGauss_ndof', 'freq_sigma_FitGauss_rms_err']
Sep 03 00:39:39 INFO >> Performing searching on cumulative stack 315.95 49.23
Sep 03 00:39:39 INFO >> Loading the cumulative power spectra stack to search
Sep 03 00:40:37 INFO >> DM: 123.29774174378086
Sep 03 00:40:37 INFO >> sigma: 12.219634308309935
Sep 03 00:40:37 INFO >> frequency: 75.55533647457905
Sep 03 00:40:37 INFO >> Injecting 6 harmonics.
Sep 03 00:40:37 INFO >> Starting DM: 121.94350939409908
Sep 03 00:40:37 INFO >> Stopping DM: 124.67585358799174
Sep 03 00:40:37 INFO >> Expected detection at 6.68 sigma with 4 harmonics.
Sep 03 00:40:51 INFO >> Start searching 6558 dm trials using 32 harmonics.
Sep 03 00:40:57 INFO >> Moved power spectra to shared memory.
Sep 03 00:40:57 INFO >> Number of dm trials in single multi processing job: 10
Sep 03 00:41:37 INFO >> Total number of detections=15580
Sep 03 00:41:37 INFO >> Clustering the detections
Sep 03 00:41:37 INFO >> Starting clustering
Sep 03 00:41:37 INFO >> Rogue harmonic power filter reduced detections from 15580 to 8522
Sep 03 00:41:37 INFO >> Filtering out duplicate freq,dm detections at multiple nharms removes 787 detections
Sep 03 00:41:37 INFO >> Duplicate freq,dm filter reduced detections to 7735
Sep 03 00:41:37 INFO >> Number of detections over threshold sigma (6.0): 7735
Sep 03 00:41:37 INFO >> Grouping duplicate frequencies together first
Sep 03 00:41:37 INFO >> Grouping duplicate frequencies removed 7215 detections from the harmonic metric computation
Sep 03 00:41:37 INFO >> Starting freq-DM distance metric computation
Sep 03 00:41:38 INFO >> Finished freq-DM distance metric computation
Sep 03 00:41:38 INFO >> Largest group size for metric computation is 97
Sep 03 00:41:38 INFO >> Starting harmonic distance metric computation
Sep 03 00:41:39 INFO >> Finished harmonic distance metric computation
Sep 03 00:41:39 INFO >> Starting DBSCAN
Sep 03 00:41:39 INFO >> Finished DBSCAN
Sep 03 00:41:39 INFO >> Clusters found: 75
Sep 03 00:41:39 INFO >> Filtered 32 clusters below or equal 2 DM.
Sep 03 00:41:39 INFO >> Total number of candidate clusters=0
Sep 03 00:41:39 INFO >> Candidate Processor of stack (315.95 49.23)
Sep 03 00:41:39 INFO >> Making SinglePointingCandidates from a list of 0 PowerSpectraDetectionClusters
Sep 03 00:41:41 INFO >> saved candidates to ./results//injections/315.95_49.23_cumulative_power_spectra_stack_20220627_11_tpa.yml_(630,)_candidates.npz
Sep 03 00:41:41 INFO >> Injected Pulsars:     1
Sep 03 00:41:41 INFO >> Injection Candidates: 0
Sep 03 00:41:41 INFO >> Recovered Injections: 0
Sep 03 00:41:41 INFO >> 0 candidates.
Sep 03 00:41:42 INFO >> Unlinked shared memory for cumulative stack.
Sep 03 00:41:42 INFO >> Pipeline execution time: 2.06 minutes
