Sep 03 04:21:34 INFO >> {"message": "Waiting for suitable server to become available", "selector": "Primary()", "operation": "find", "topologyDescription": "<TopologyDescription id: 66d68ece4fb208035e521636, topology_type: Unknown, servers: [<ServerDescription ('localhost', 27017) server_type: Unknown, rtt: None>]>", "clientId": {"$oid": "66d68ece4fb208035e521636"}, "remainingTimeMS": 29}
Sep 03 04:21:34 INFO >> Features initialized as the following:
Sep 03 04:21:34 INFO >> num_unique_dms
Sep 03 04:21:34 INFO >> num_unique_freqs
Sep 03 04:21:34 INFO >> ndetections
Sep 03 04:21:34 INFO >> nharm
Sep 03 04:21:34 INFO >> log_p_dm
Sep 03 04:21:34 INFO >> ['dm_sigma_FitGaussWidth_gauss_sigma', 'dm_sigma_FitGaussWidth_gauss_sigma_rel_err', 'dm_sigma_FitGaussWidth_ndof', 'dm_sigma_FitGaussWidth_rms_err']
Sep 03 04:21:34 INFO >> ['dm_sigma_FitGauss_amplitude', 'dm_sigma_FitGauss_mu', 'dm_sigma_FitGauss_gauss_sigma', 'dm_sigma_FitGauss_amplitude_rel_err', 'dm_sigma_FitGauss_mu_rel_err', 'dm_sigma_FitGauss_gauss_sigma_rel_err', 'dm_sigma_FitGauss_amplitude-detection', 'dm_sigma_FitGauss_mu-detection', 'dm_sigma_FitGauss_ndof', 'dm_sigma_FitGauss_rms_err']
Sep 03 04:21:34 INFO >> ['freq_sigma_FitGaussWidth_gauss_sigma', 'freq_sigma_FitGaussWidth_gauss_sigma_rel_err', 'freq_sigma_FitGaussWidth_ndof', 'freq_sigma_FitGaussWidth_rms_err']
Sep 03 04:21:34 INFO >> ['freq_sigma_FitGauss_amplitude', 'freq_sigma_FitGauss_mu', 'freq_sigma_FitGauss_gauss_sigma', 'freq_sigma_FitGauss_amplitude_rel_err', 'freq_sigma_FitGauss_mu_rel_err', 'freq_sigma_FitGauss_gauss_sigma_rel_err', 'freq_sigma_FitGauss_amplitude-detection', 'freq_sigma_FitGauss_mu-detection', 'freq_sigma_FitGauss_ndof', 'freq_sigma_FitGauss_rms_err']
Sep 03 04:21:35 INFO >> Performing searching on cumulative stack 315.95 49.23
Sep 03 04:21:35 INFO >> Loading the cumulative power spectra stack to search
Sep 03 04:22:32 INFO >> DM: 6.905118036596079
Sep 03 04:22:32 INFO >> sigma: 10.511030545461063
Sep 03 04:22:32 INFO >> frequency: 28.458208665674427
Sep 03 04:22:32 INFO >> Injecting 17 harmonics.
Sep 03 04:22:32 INFO >> Starting DM: 3.238333859428357
Sep 03 04:22:32 INFO >> Stopping DM: 10.52458504314216
Sep 03 04:22:32 INFO >> Expected detection at 8.82 sigma with 16 harmonics.
Sep 03 04:22:46 INFO >> Start searching 6558 dm trials using 32 harmonics.
Sep 03 04:22:52 INFO >> Moved power spectra to shared memory.
Sep 03 04:22:52 INFO >> Number of dm trials in single multi processing job: 10
Sep 03 04:23:32 INFO >> Total number of detections=15587
Sep 03 04:23:32 INFO >> Clustering the detections
Sep 03 04:23:32 INFO >> Starting clustering
Sep 03 04:23:33 INFO >> Rogue harmonic power filter reduced detections from 15587 to 8529
Sep 03 04:23:33 INFO >> Filtering out duplicate freq,dm detections at multiple nharms removes 791 detections
Sep 03 04:23:33 INFO >> Duplicate freq,dm filter reduced detections to 7738
Sep 03 04:23:33 INFO >> Number of detections over threshold sigma (6.0): 7738
Sep 03 04:23:33 INFO >> Grouping duplicate frequencies together first
Sep 03 04:23:33 INFO >> Grouping duplicate frequencies removed 7217 detections from the harmonic metric computation
Sep 03 04:23:33 INFO >> Starting freq-DM distance metric computation
Sep 03 04:23:33 INFO >> Finished freq-DM distance metric computation
Sep 03 04:23:33 INFO >> Largest group size for metric computation is 97
Sep 03 04:23:33 INFO >> Starting harmonic distance metric computation
Sep 03 04:23:34 INFO >> Finished harmonic distance metric computation
Sep 03 04:23:34 INFO >> Starting DBSCAN
Sep 03 04:23:34 INFO >> Finished DBSCAN
Sep 03 04:23:34 INFO >> Clusters found: 75
Sep 03 04:23:34 INFO >> Filtered 32 clusters below or equal 2 DM.
Sep 03 04:23:34 INFO >> Total number of candidate clusters=0
Sep 03 04:23:34 INFO >> Candidate Processor of stack (315.95 49.23)
Sep 03 04:23:34 INFO >> Making SinglePointingCandidates from a list of 0 PowerSpectraDetectionClusters
Sep 03 04:23:36 INFO >> saved candidates to ./results//injections/315.95_49.23_cumulative_power_spectra_stack_20220627_11_tpa.yml_(736,)_candidates.npz
Sep 03 04:23:36 INFO >> Injected Pulsars:     1
Sep 03 04:23:36 INFO >> Injection Candidates: 0
Sep 03 04:23:36 INFO >> Recovered Injections: 0
Sep 03 04:23:36 INFO >> 0 candidates.
Sep 03 04:23:37 INFO >> Unlinked shared memory for cumulative stack.
Sep 03 04:23:37 INFO >> Pipeline execution time: 2.05 minutes
