Sep 03 03:43:51 INFO >> {"message": "Waiting for suitable server to become available", "selector": "Primary()", "operation": "find", "topologyDescription": "<TopologyDescription id: 66d685f709547c9198decab4, topology_type: Unknown, servers: [<ServerDescription ('localhost', 27017) server_type: Unknown, rtt: None>]>", "clientId": {"$oid": "66d685f709547c9198decab4"}, "remainingTimeMS": 29}
Sep 03 03:43:51 INFO >> Features initialized as the following:
Sep 03 03:43:51 INFO >> num_unique_dms
Sep 03 03:43:51 INFO >> num_unique_freqs
Sep 03 03:43:51 INFO >> ndetections
Sep 03 03:43:51 INFO >> nharm
Sep 03 03:43:51 INFO >> log_p_dm
Sep 03 03:43:51 INFO >> ['dm_sigma_FitGaussWidth_gauss_sigma', 'dm_sigma_FitGaussWidth_gauss_sigma_rel_err', 'dm_sigma_FitGaussWidth_ndof', 'dm_sigma_FitGaussWidth_rms_err']
Sep 03 03:43:51 INFO >> ['dm_sigma_FitGauss_amplitude', 'dm_sigma_FitGauss_mu', 'dm_sigma_FitGauss_gauss_sigma', 'dm_sigma_FitGauss_amplitude_rel_err', 'dm_sigma_FitGauss_mu_rel_err', 'dm_sigma_FitGauss_gauss_sigma_rel_err', 'dm_sigma_FitGauss_amplitude-detection', 'dm_sigma_FitGauss_mu-detection', 'dm_sigma_FitGauss_ndof', 'dm_sigma_FitGauss_rms_err']
Sep 03 03:43:51 INFO >> ['freq_sigma_FitGaussWidth_gauss_sigma', 'freq_sigma_FitGaussWidth_gauss_sigma_rel_err', 'freq_sigma_FitGaussWidth_ndof', 'freq_sigma_FitGaussWidth_rms_err']
Sep 03 03:43:51 INFO >> ['freq_sigma_FitGauss_amplitude', 'freq_sigma_FitGauss_mu', 'freq_sigma_FitGauss_gauss_sigma', 'freq_sigma_FitGauss_amplitude_rel_err', 'freq_sigma_FitGauss_mu_rel_err', 'freq_sigma_FitGauss_gauss_sigma_rel_err', 'freq_sigma_FitGauss_amplitude-detection', 'freq_sigma_FitGauss_mu-detection', 'freq_sigma_FitGauss_ndof', 'freq_sigma_FitGauss_rms_err']
Sep 03 03:43:52 INFO >> Performing searching on cumulative stack 315.95 49.23
Sep 03 03:43:52 INFO >> Loading the cumulative power spectra stack to search
Sep 03 03:44:49 INFO >> DM: 29.375394669906274
Sep 03 03:44:49 INFO >> sigma: 14.859062468649666
Sep 03 03:44:49 INFO >> frequency: 17.103739565970614
Sep 03 03:44:49 INFO >> Injecting 29 harmonics.
Sep 03 03:44:49 INFO >> Starting DM: 23.37672254774845
Sep 03 03:44:49 INFO >> Stopping DM: 35.419276587497656
Sep 03 03:44:49 INFO >> Expected detection at 11.78 sigma with 16 harmonics.
Sep 03 03:45:03 INFO >> Start searching 6558 dm trials using 32 harmonics.
Sep 03 03:45:09 INFO >> Moved power spectra to shared memory.
Sep 03 03:45:09 INFO >> Number of dm trials in single multi processing job: 10
Sep 03 03:45:49 INFO >> Total number of detections=15622
Sep 03 03:45:49 INFO >> Clustering the detections
Sep 03 03:45:49 INFO >> Starting clustering
Sep 03 03:45:49 INFO >> Rogue harmonic power filter reduced detections from 15622 to 8564
Sep 03 03:45:49 INFO >> Filtering out duplicate freq,dm detections at multiple nharms removes 801 detections
Sep 03 03:45:49 INFO >> Duplicate freq,dm filter reduced detections to 7763
Sep 03 03:45:49 INFO >> Number of detections over threshold sigma (6.0): 7763
Sep 03 03:45:49 INFO >> Grouping duplicate frequencies together first
Sep 03 03:45:49 INFO >> Grouping duplicate frequencies removed 7234 detections from the harmonic metric computation
Sep 03 03:45:49 INFO >> Starting freq-DM distance metric computation
Sep 03 03:45:50 INFO >> Finished freq-DM distance metric computation
Sep 03 03:45:50 INFO >> Largest group size for metric computation is 97
Sep 03 03:45:50 INFO >> Starting harmonic distance metric computation
Sep 03 03:45:51 INFO >> Finished harmonic distance metric computation
Sep 03 03:45:51 INFO >> Starting DBSCAN
Sep 03 03:45:51 INFO >> Finished DBSCAN
Sep 03 03:45:51 INFO >> Clusters found: 76
Sep 03 03:45:51 INFO >> Filtered 32 clusters below or equal 2 DM.
Sep 03 03:45:51 INFO >> Total number of candidate clusters=1
Sep 03 03:45:51 INFO >> Candidate Processor of stack (315.95 49.23)
Sep 03 03:45:51 INFO >> Making SinglePointingCandidates from a list of 1 PowerSpectraDetectionClusters
Sep 03 03:45:53 INFO >> saved candidates to ./results//injections/315.95_49.23_cumulative_power_spectra_stack_20220627_11_tpa.yml_(718,)_candidates.npz
Sep 03 03:45:53 INFO >> Injected Pulsars:     1
Sep 03 03:45:53 INFO >> Injection Candidates: 1
Sep 03 03:45:53 INFO >> Recovered Injections: 1
Sep 03 03:45:53 INFO >> 1 candidates.
Sep 03 03:45:53 INFO >> Best candidate: F0: 17.104 DM: 29.35 Sigma: 11.85
Sep 03 03:45:54 INFO >> Unlinked shared memory for cumulative stack.
Sep 03 03:45:54 INFO >> Pipeline execution time: 2.05 minutes
