Sep 03 03:56:23 INFO >> {"message": "Waiting for suitable server to become available", "selector": "Primary()", "operation": "find", "topologyDescription": "<TopologyDescription id: 66d688e73220810a9f1e1253, topology_type: Unknown, servers: [<ServerDescription ('localhost', 27017) server_type: Unknown, rtt: None>]>", "clientId": {"$oid": "66d688e73220810a9f1e1253"}, "remainingTimeMS": 29}
Sep 03 03:56:24 INFO >> Features initialized as the following:
Sep 03 03:56:24 INFO >> num_unique_dms
Sep 03 03:56:24 INFO >> num_unique_freqs
Sep 03 03:56:24 INFO >> ndetections
Sep 03 03:56:24 INFO >> nharm
Sep 03 03:56:24 INFO >> log_p_dm
Sep 03 03:56:24 INFO >> ['dm_sigma_FitGaussWidth_gauss_sigma', 'dm_sigma_FitGaussWidth_gauss_sigma_rel_err', 'dm_sigma_FitGaussWidth_ndof', 'dm_sigma_FitGaussWidth_rms_err']
Sep 03 03:56:24 INFO >> ['dm_sigma_FitGauss_amplitude', 'dm_sigma_FitGauss_mu', 'dm_sigma_FitGauss_gauss_sigma', 'dm_sigma_FitGauss_amplitude_rel_err', 'dm_sigma_FitGauss_mu_rel_err', 'dm_sigma_FitGauss_gauss_sigma_rel_err', 'dm_sigma_FitGauss_amplitude-detection', 'dm_sigma_FitGauss_mu-detection', 'dm_sigma_FitGauss_ndof', 'dm_sigma_FitGauss_rms_err']
Sep 03 03:56:24 INFO >> ['freq_sigma_FitGaussWidth_gauss_sigma', 'freq_sigma_FitGaussWidth_gauss_sigma_rel_err', 'freq_sigma_FitGaussWidth_ndof', 'freq_sigma_FitGaussWidth_rms_err']
Sep 03 03:56:24 INFO >> ['freq_sigma_FitGauss_amplitude', 'freq_sigma_FitGauss_mu', 'freq_sigma_FitGauss_gauss_sigma', 'freq_sigma_FitGauss_amplitude_rel_err', 'freq_sigma_FitGauss_mu_rel_err', 'freq_sigma_FitGauss_gauss_sigma_rel_err', 'freq_sigma_FitGauss_amplitude-detection', 'freq_sigma_FitGauss_mu-detection', 'freq_sigma_FitGauss_ndof', 'freq_sigma_FitGauss_rms_err']
Sep 03 03:56:24 INFO >> Performing searching on cumulative stack 315.95 49.23
Sep 03 03:56:24 INFO >> Loading the cumulative power spectra stack to search
Sep 03 03:57:21 INFO >> DM: 38.64863556237489
Sep 03 03:57:21 INFO >> sigma: 15.431036556798949
Sep 03 03:57:21 INFO >> frequency: 99.8502990428851
Sep 03 03:57:21 INFO >> Injecting 5 harmonics.
Sep 03 03:57:21 INFO >> Starting DM: 37.64563111585465
Sep 03 03:57:21 INFO >> Stopping DM: 39.66958977799737
Sep 03 03:57:21 INFO >> Expected detection at 15.37 sigma with 4 harmonics.
Sep 03 03:57:35 INFO >> Start searching 6558 dm trials using 32 harmonics.
Sep 03 03:57:41 INFO >> Moved power spectra to shared memory.
Sep 03 03:57:41 INFO >> Number of dm trials in single multi processing job: 10
Sep 03 03:58:22 INFO >> Total number of detections=15671
Sep 03 03:58:22 INFO >> Clustering the detections
Sep 03 03:58:22 INFO >> Starting clustering
Sep 03 03:58:22 INFO >> Rogue harmonic power filter reduced detections from 15671 to 8594
Sep 03 03:58:22 INFO >> Filtering out duplicate freq,dm detections at multiple nharms removes 814 detections
Sep 03 03:58:22 INFO >> Duplicate freq,dm filter reduced detections to 7780
Sep 03 03:58:22 INFO >> Number of detections over threshold sigma (6.0): 7780
Sep 03 03:58:22 INFO >> Grouping duplicate frequencies together first
Sep 03 03:58:22 INFO >> Grouping duplicate frequencies removed 7241 detections from the harmonic metric computation
Sep 03 03:58:22 INFO >> Starting freq-DM distance metric computation
Sep 03 03:58:22 INFO >> Finished freq-DM distance metric computation
Sep 03 03:58:23 INFO >> Largest group size for metric computation is 97
Sep 03 03:58:23 INFO >> Starting harmonic distance metric computation
Sep 03 03:58:23 INFO >> Finished harmonic distance metric computation
Sep 03 03:58:23 INFO >> Starting DBSCAN
Sep 03 03:58:23 INFO >> Finished DBSCAN
Sep 03 03:58:23 INFO >> Clusters found: 79
Sep 03 03:58:23 INFO >> Filtered 32 clusters below or equal 2 DM.
Sep 03 03:58:23 INFO >> Total number of candidate clusters=4
Sep 03 03:58:24 INFO >> Candidate Processor of stack (315.95 49.23)
Sep 03 03:58:24 INFO >> Making SinglePointingCandidates from a list of 4 PowerSpectraDetectionClusters
Sep 03 03:58:27 INFO >> saved candidates to ./results//injections/315.95_49.23_cumulative_power_spectra_stack_20220627_11_tpa.yml_(724,)_candidates.npz
Sep 03 03:58:27 INFO >> Injected Pulsars:     1
Sep 03 03:58:27 INFO >> Injection Candidates: 4
Sep 03 03:58:27 INFO >> Recovered Injections: 1
Sep 03 03:58:27 INFO >> 4 candidates.
Sep 03 03:58:27 INFO >> Best candidate: F0: 99.850 DM: 38.66 Sigma: 15.38
Sep 03 03:58:28 INFO >> Unlinked shared memory for cumulative stack.
Sep 03 03:58:28 INFO >> Pipeline execution time: 2.07 minutes
