Sep 03 01:52:55 INFO >> {"message": "Waiting for suitable server to become available", "selector": "Primary()", "operation": "find", "topologyDescription": "<TopologyDescription id: 66d66bf79f2faba3f236117e, topology_type: Unknown, servers: [<ServerDescription ('localhost', 27017) server_type: Unknown, rtt: None>]>", "clientId": {"$oid": "66d66bf79f2faba3f236117e"}, "remainingTimeMS": 29}
Sep 03 01:52:55 INFO >> Features initialized as the following:
Sep 03 01:52:55 INFO >> num_unique_dms
Sep 03 01:52:55 INFO >> num_unique_freqs
Sep 03 01:52:55 INFO >> ndetections
Sep 03 01:52:55 INFO >> nharm
Sep 03 01:52:55 INFO >> log_p_dm
Sep 03 01:52:55 INFO >> ['dm_sigma_FitGaussWidth_gauss_sigma', 'dm_sigma_FitGaussWidth_gauss_sigma_rel_err', 'dm_sigma_FitGaussWidth_ndof', 'dm_sigma_FitGaussWidth_rms_err']
Sep 03 01:52:55 INFO >> ['dm_sigma_FitGauss_amplitude', 'dm_sigma_FitGauss_mu', 'dm_sigma_FitGauss_gauss_sigma', 'dm_sigma_FitGauss_amplitude_rel_err', 'dm_sigma_FitGauss_mu_rel_err', 'dm_sigma_FitGauss_gauss_sigma_rel_err', 'dm_sigma_FitGauss_amplitude-detection', 'dm_sigma_FitGauss_mu-detection', 'dm_sigma_FitGauss_ndof', 'dm_sigma_FitGauss_rms_err']
Sep 03 01:52:55 INFO >> ['freq_sigma_FitGaussWidth_gauss_sigma', 'freq_sigma_FitGaussWidth_gauss_sigma_rel_err', 'freq_sigma_FitGaussWidth_ndof', 'freq_sigma_FitGaussWidth_rms_err']
Sep 03 01:52:55 INFO >> ['freq_sigma_FitGauss_amplitude', 'freq_sigma_FitGauss_mu', 'freq_sigma_FitGauss_gauss_sigma', 'freq_sigma_FitGauss_amplitude_rel_err', 'freq_sigma_FitGauss_mu_rel_err', 'freq_sigma_FitGauss_gauss_sigma_rel_err', 'freq_sigma_FitGauss_amplitude-detection', 'freq_sigma_FitGauss_mu-detection', 'freq_sigma_FitGauss_ndof', 'freq_sigma_FitGauss_rms_err']
Sep 03 01:52:55 INFO >> Performing searching on cumulative stack 315.95 49.23
Sep 03 01:52:55 INFO >> Loading the cumulative power spectra stack to search
Sep 03 01:53:54 INFO >> DM: 161.27636495171538
Sep 03 01:53:54 INFO >> sigma: 13.310009828122343
Sep 03 01:53:54 INFO >> frequency: 59.96665254731826
Sep 03 01:53:54 INFO >> Injecting 8 harmonics.
Sep 03 01:53:54 INFO >> Starting DM: 159.5891405099537
Sep 03 01:53:54 INFO >> Stopping DM: 163.02987023559635
Sep 03 01:53:54 INFO >> Expected detection at 11.07 sigma with 8 harmonics.
Sep 03 01:54:08 INFO >> Start searching 6558 dm trials using 32 harmonics.
Sep 03 01:54:13 INFO >> Moved power spectra to shared memory.
Sep 03 01:54:13 INFO >> Number of dm trials in single multi processing job: 10
Sep 03 01:54:54 INFO >> Total number of detections=15592
Sep 03 01:54:54 INFO >> Clustering the detections
Sep 03 01:54:54 INFO >> Starting clustering
Sep 03 01:54:54 INFO >> Rogue harmonic power filter reduced detections from 15592 to 8534
Sep 03 01:54:54 INFO >> Filtering out duplicate freq,dm detections at multiple nharms removes 788 detections
Sep 03 01:54:54 INFO >> Duplicate freq,dm filter reduced detections to 7746
Sep 03 01:54:54 INFO >> Number of detections over threshold sigma (6.0): 7746
Sep 03 01:54:54 INFO >> Grouping duplicate frequencies together first
Sep 03 01:54:54 INFO >> Grouping duplicate frequencies removed 7220 detections from the harmonic metric computation
Sep 03 01:54:54 INFO >> Starting freq-DM distance metric computation
Sep 03 01:54:54 INFO >> Finished freq-DM distance metric computation
Sep 03 01:54:55 INFO >> Largest group size for metric computation is 97
Sep 03 01:54:55 INFO >> Starting harmonic distance metric computation
Sep 03 01:54:55 INFO >> Finished harmonic distance metric computation
Sep 03 01:54:55 INFO >> Starting DBSCAN
Sep 03 01:54:55 INFO >> Finished DBSCAN
Sep 03 01:54:55 INFO >> Clusters found: 76
Sep 03 01:54:55 INFO >> Filtered 32 clusters below or equal 2 DM.
Sep 03 01:54:55 INFO >> Total number of candidate clusters=1
Sep 03 01:54:56 INFO >> Candidate Processor of stack (315.95 49.23)
Sep 03 01:54:56 INFO >> Making SinglePointingCandidates from a list of 1 PowerSpectraDetectionClusters
Sep 03 01:54:58 INFO >> saved candidates to ./results//injections/315.95_49.23_cumulative_power_spectra_stack_20220627_11_tpa.yml_(665,)_candidates.npz
Sep 03 01:54:58 INFO >> Injected Pulsars:     1
Sep 03 01:54:58 INFO >> Injection Candidates: 1
Sep 03 01:54:58 INFO >> Recovered Injections: 1
Sep 03 01:54:58 INFO >> 1 candidates.
Sep 03 01:54:58 INFO >> Best candidate: F0: 59.967 DM: 161.31 Sigma: 11.01
Sep 03 01:54:59 INFO >> Unlinked shared memory for cumulative stack.
Sep 03 01:54:59 INFO >> Pipeline execution time: 2.07 minutes
