Sep 03 04:48:42 INFO >> {"message": "Waiting for suitable server to become available", "selector": "Primary()", "operation": "find", "topologyDescription": "<TopologyDescription id: 66d6952a62d3eeada2b54faf, topology_type: Unknown, servers: [<ServerDescription ('localhost', 27017) server_type: Unknown, rtt: None>]>", "clientId": {"$oid": "66d6952a62d3eeada2b54faf"}, "remainingTimeMS": 29}
Sep 03 04:48:43 INFO >> Features initialized as the following:
Sep 03 04:48:43 INFO >> num_unique_dms
Sep 03 04:48:43 INFO >> num_unique_freqs
Sep 03 04:48:43 INFO >> ndetections
Sep 03 04:48:43 INFO >> nharm
Sep 03 04:48:43 INFO >> log_p_dm
Sep 03 04:48:43 INFO >> ['dm_sigma_FitGaussWidth_gauss_sigma', 'dm_sigma_FitGaussWidth_gauss_sigma_rel_err', 'dm_sigma_FitGaussWidth_ndof', 'dm_sigma_FitGaussWidth_rms_err']
Sep 03 04:48:43 INFO >> ['dm_sigma_FitGauss_amplitude', 'dm_sigma_FitGauss_mu', 'dm_sigma_FitGauss_gauss_sigma', 'dm_sigma_FitGauss_amplitude_rel_err', 'dm_sigma_FitGauss_mu_rel_err', 'dm_sigma_FitGauss_gauss_sigma_rel_err', 'dm_sigma_FitGauss_amplitude-detection', 'dm_sigma_FitGauss_mu-detection', 'dm_sigma_FitGauss_ndof', 'dm_sigma_FitGauss_rms_err']
Sep 03 04:48:43 INFO >> ['freq_sigma_FitGaussWidth_gauss_sigma', 'freq_sigma_FitGaussWidth_gauss_sigma_rel_err', 'freq_sigma_FitGaussWidth_ndof', 'freq_sigma_FitGaussWidth_rms_err']
Sep 03 04:48:43 INFO >> ['freq_sigma_FitGauss_amplitude', 'freq_sigma_FitGauss_mu', 'freq_sigma_FitGauss_gauss_sigma', 'freq_sigma_FitGauss_amplitude_rel_err', 'freq_sigma_FitGauss_mu_rel_err', 'freq_sigma_FitGauss_gauss_sigma_rel_err', 'freq_sigma_FitGauss_amplitude-detection', 'freq_sigma_FitGauss_mu-detection', 'freq_sigma_FitGauss_ndof', 'freq_sigma_FitGauss_rms_err']
Sep 03 04:48:43 INFO >> Performing searching on cumulative stack 315.95 49.23
Sep 03 04:48:43 INFO >> Loading the cumulative power spectra stack to search
Sep 03 04:49:40 INFO >> DM: 62.563892287954815
Sep 03 04:49:40 INFO >> sigma: 12.952996236700496
Sep 03 04:49:40 INFO >> frequency: 68.78276644321838
Sep 03 04:49:40 INFO >> Injecting 7 harmonics.
Sep 03 04:49:40 INFO >> Starting DM: 61.022353663603106
Sep 03 04:49:40 INFO >> Stopping DM: 64.05829165681718
Sep 03 04:49:40 INFO >> Expected detection at 5.83 sigma with 4 harmonics.
Sep 03 04:49:54 INFO >> Start searching 6558 dm trials using 32 harmonics.
Sep 03 04:50:00 INFO >> Moved power spectra to shared memory.
Sep 03 04:50:00 INFO >> Number of dm trials in single multi processing job: 10
Sep 03 04:50:40 INFO >> Total number of detections=15577
Sep 03 04:50:40 INFO >> Clustering the detections
Sep 03 04:50:40 INFO >> Starting clustering
Sep 03 04:50:40 INFO >> Rogue harmonic power filter reduced detections from 15577 to 8519
Sep 03 04:50:40 INFO >> Filtering out duplicate freq,dm detections at multiple nharms removes 787 detections
Sep 03 04:50:40 INFO >> Duplicate freq,dm filter reduced detections to 7732
Sep 03 04:50:40 INFO >> Number of detections over threshold sigma (6.0): 7732
Sep 03 04:50:40 INFO >> Grouping duplicate frequencies together first
Sep 03 04:50:40 INFO >> Grouping duplicate frequencies removed 7214 detections from the harmonic metric computation
Sep 03 04:50:40 INFO >> Starting freq-DM distance metric computation
Sep 03 04:50:41 INFO >> Finished freq-DM distance metric computation
Sep 03 04:50:41 INFO >> Largest group size for metric computation is 97
Sep 03 04:50:41 INFO >> Starting harmonic distance metric computation
Sep 03 04:50:42 INFO >> Finished harmonic distance metric computation
Sep 03 04:50:42 INFO >> Starting DBSCAN
Sep 03 04:50:42 INFO >> Finished DBSCAN
Sep 03 04:50:42 INFO >> Clusters found: 75
Sep 03 04:50:42 INFO >> Filtered 32 clusters below or equal 2 DM.
Sep 03 04:50:42 INFO >> Total number of candidate clusters=0
Sep 03 04:50:42 INFO >> Candidate Processor of stack (315.95 49.23)
Sep 03 04:50:42 INFO >> Making SinglePointingCandidates from a list of 0 PowerSpectraDetectionClusters
Sep 03 04:50:44 INFO >> saved candidates to ./results//injections/315.95_49.23_cumulative_power_spectra_stack_20220627_11_tpa.yml_(749,)_candidates.npz
Sep 03 04:50:44 INFO >> Injected Pulsars:     1
Sep 03 04:50:44 INFO >> Injection Candidates: 0
Sep 03 04:50:44 INFO >> Recovered Injections: 0
Sep 03 04:50:44 INFO >> 0 candidates.
Sep 03 04:50:45 INFO >> Unlinked shared memory for cumulative stack.
Sep 03 04:50:45 INFO >> Pipeline execution time: 2.05 minutes
