Sep 03 00:54:17 INFO >> {"message": "Waiting for suitable server to become available", "selector": "Primary()", "operation": "find", "topologyDescription": "<TopologyDescription id: 66d65e3931f7cc96be515c2d, topology_type: Unknown, servers: [<ServerDescription ('localhost', 27017) server_type: Unknown, rtt: None>]>", "clientId": {"$oid": "66d65e3931f7cc96be515c2d"}, "remainingTimeMS": 29}
Sep 03 00:54:17 INFO >> Features initialized as the following:
Sep 03 00:54:17 INFO >> num_unique_dms
Sep 03 00:54:17 INFO >> num_unique_freqs
Sep 03 00:54:17 INFO >> ndetections
Sep 03 00:54:17 INFO >> nharm
Sep 03 00:54:17 INFO >> log_p_dm
Sep 03 00:54:17 INFO >> ['dm_sigma_FitGaussWidth_gauss_sigma', 'dm_sigma_FitGaussWidth_gauss_sigma_rel_err', 'dm_sigma_FitGaussWidth_ndof', 'dm_sigma_FitGaussWidth_rms_err']
Sep 03 00:54:17 INFO >> ['dm_sigma_FitGauss_amplitude', 'dm_sigma_FitGauss_mu', 'dm_sigma_FitGauss_gauss_sigma', 'dm_sigma_FitGauss_amplitude_rel_err', 'dm_sigma_FitGauss_mu_rel_err', 'dm_sigma_FitGauss_gauss_sigma_rel_err', 'dm_sigma_FitGauss_amplitude-detection', 'dm_sigma_FitGauss_mu-detection', 'dm_sigma_FitGauss_ndof', 'dm_sigma_FitGauss_rms_err']
Sep 03 00:54:17 INFO >> ['freq_sigma_FitGaussWidth_gauss_sigma', 'freq_sigma_FitGaussWidth_gauss_sigma_rel_err', 'freq_sigma_FitGaussWidth_ndof', 'freq_sigma_FitGaussWidth_rms_err']
Sep 03 00:54:17 INFO >> ['freq_sigma_FitGauss_amplitude', 'freq_sigma_FitGauss_mu', 'freq_sigma_FitGauss_gauss_sigma', 'freq_sigma_FitGauss_amplitude_rel_err', 'freq_sigma_FitGauss_mu_rel_err', 'freq_sigma_FitGauss_gauss_sigma_rel_err', 'freq_sigma_FitGauss_amplitude-detection', 'freq_sigma_FitGauss_mu-detection', 'freq_sigma_FitGauss_ndof', 'freq_sigma_FitGauss_rms_err']
Sep 03 00:54:17 INFO >> Performing searching on cumulative stack 315.95 49.23
Sep 03 00:54:17 INFO >> Loading the cumulative power spectra stack to search
Sep 03 00:55:14 INFO >> DM: 28.116681235775154
Sep 03 00:55:14 INFO >> sigma: 10.675318484021068
Sep 03 00:55:14 INFO >> frequency: 60.23563582996206
Sep 03 00:55:14 INFO >> Injecting 8 harmonics.
Sep 03 00:55:14 INFO >> Starting DM: 26.412660540962534
Sep 03 00:55:14 INFO >> Stopping DM: 29.853390266605167
Sep 03 00:55:14 INFO >> Expected detection at 8.90 sigma with 8 harmonics.
Sep 03 00:55:28 INFO >> Start searching 6558 dm trials using 32 harmonics.
Sep 03 00:55:34 INFO >> Moved power spectra to shared memory.
Sep 03 00:55:34 INFO >> Number of dm trials in single multi processing job: 10
Sep 03 00:56:15 INFO >> Total number of detections=15579
Sep 03 00:56:15 INFO >> Clustering the detections
Sep 03 00:56:15 INFO >> Starting clustering
Sep 03 00:56:15 INFO >> Rogue harmonic power filter reduced detections from 15579 to 8521
Sep 03 00:56:15 INFO >> Filtering out duplicate freq,dm detections at multiple nharms removes 787 detections
Sep 03 00:56:15 INFO >> Duplicate freq,dm filter reduced detections to 7734
Sep 03 00:56:15 INFO >> Number of detections over threshold sigma (6.0): 7734
Sep 03 00:56:15 INFO >> Grouping duplicate frequencies together first
Sep 03 00:56:15 INFO >> Grouping duplicate frequencies removed 7214 detections from the harmonic metric computation
Sep 03 00:56:15 INFO >> Starting freq-DM distance metric computation
Sep 03 00:56:15 INFO >> Finished freq-DM distance metric computation
Sep 03 00:56:16 INFO >> Largest group size for metric computation is 97
Sep 03 00:56:16 INFO >> Starting harmonic distance metric computation
Sep 03 00:56:16 INFO >> Finished harmonic distance metric computation
Sep 03 00:56:16 INFO >> Starting DBSCAN
Sep 03 00:56:17 INFO >> Finished DBSCAN
Sep 03 00:56:17 INFO >> Clusters found: 75
Sep 03 00:56:17 INFO >> Filtered 32 clusters below or equal 2 DM.
Sep 03 00:56:17 INFO >> Total number of candidate clusters=0
Sep 03 00:56:17 INFO >> Candidate Processor of stack (315.95 49.23)
Sep 03 00:56:17 INFO >> Making SinglePointingCandidates from a list of 0 PowerSpectraDetectionClusters
Sep 03 00:56:19 INFO >> saved candidates to ./results//injections/315.95_49.23_cumulative_power_spectra_stack_20220627_11_tpa.yml_(637,)_candidates.npz
Sep 03 00:56:19 INFO >> Injected Pulsars:     1
Sep 03 00:56:19 INFO >> Injection Candidates: 0
Sep 03 00:56:19 INFO >> Recovered Injections: 0
Sep 03 00:56:19 INFO >> 0 candidates.
Sep 03 00:56:20 INFO >> Unlinked shared memory for cumulative stack.
Sep 03 00:56:20 INFO >> Pipeline execution time: 2.05 minutes
