Sep 03 04:11:06 INFO >> {"message": "Waiting for suitable server to become available", "selector": "Primary()", "operation": "find", "topologyDescription": "<TopologyDescription id: 66d68c5ae86943a4c29e0a58, topology_type: Unknown, servers: [<ServerDescription ('localhost', 27017) server_type: Unknown, rtt: None>]>", "clientId": {"$oid": "66d68c5ae86943a4c29e0a58"}, "remainingTimeMS": 29}
Sep 03 04:11:06 INFO >> Features initialized as the following:
Sep 03 04:11:06 INFO >> num_unique_dms
Sep 03 04:11:06 INFO >> num_unique_freqs
Sep 03 04:11:06 INFO >> ndetections
Sep 03 04:11:06 INFO >> nharm
Sep 03 04:11:06 INFO >> log_p_dm
Sep 03 04:11:06 INFO >> ['dm_sigma_FitGaussWidth_gauss_sigma', 'dm_sigma_FitGaussWidth_gauss_sigma_rel_err', 'dm_sigma_FitGaussWidth_ndof', 'dm_sigma_FitGaussWidth_rms_err']
Sep 03 04:11:06 INFO >> ['dm_sigma_FitGauss_amplitude', 'dm_sigma_FitGauss_mu', 'dm_sigma_FitGauss_gauss_sigma', 'dm_sigma_FitGauss_amplitude_rel_err', 'dm_sigma_FitGauss_mu_rel_err', 'dm_sigma_FitGauss_gauss_sigma_rel_err', 'dm_sigma_FitGauss_amplitude-detection', 'dm_sigma_FitGauss_mu-detection', 'dm_sigma_FitGauss_ndof', 'dm_sigma_FitGauss_rms_err']
Sep 03 04:11:06 INFO >> ['freq_sigma_FitGaussWidth_gauss_sigma', 'freq_sigma_FitGaussWidth_gauss_sigma_rel_err', 'freq_sigma_FitGaussWidth_ndof', 'freq_sigma_FitGaussWidth_rms_err']
Sep 03 04:11:06 INFO >> ['freq_sigma_FitGauss_amplitude', 'freq_sigma_FitGauss_mu', 'freq_sigma_FitGauss_gauss_sigma', 'freq_sigma_FitGauss_amplitude_rel_err', 'freq_sigma_FitGauss_mu_rel_err', 'freq_sigma_FitGauss_gauss_sigma_rel_err', 'freq_sigma_FitGauss_amplitude-detection', 'freq_sigma_FitGauss_mu-detection', 'freq_sigma_FitGauss_ndof', 'freq_sigma_FitGauss_rms_err']
Sep 03 04:11:06 INFO >> Performing searching on cumulative stack 315.95 49.23
Sep 03 04:11:06 INFO >> Loading the cumulative power spectra stack to search
Sep 03 04:12:04 INFO >> DM: 104.57177436136593
Sep 03 04:12:04 INFO >> sigma: 13.380635042368809
Sep 03 04:12:04 INFO >> frequency: 21.122722786061242
Sep 03 04:12:04 INFO >> Injecting 24 harmonics.
Sep 03 04:12:04 INFO >> Starting DM: 99.6799641105291
Sep 03 04:12:04 INFO >> Stopping DM: 109.39496568881418
Sep 03 04:12:04 INFO >> Expected detection at 12.57 sigma with 16 harmonics.
Sep 03 04:12:18 INFO >> Start searching 6558 dm trials using 32 harmonics.
Sep 03 04:12:23 INFO >> Moved power spectra to shared memory.
Sep 03 04:12:23 INFO >> Number of dm trials in single multi processing job: 10
Sep 03 04:13:04 INFO >> Total number of detections=15604
Sep 03 04:13:04 INFO >> Clustering the detections
Sep 03 04:13:04 INFO >> Starting clustering
Sep 03 04:13:04 INFO >> Rogue harmonic power filter reduced detections from 15604 to 8546
Sep 03 04:13:04 INFO >> Filtering out duplicate freq,dm detections at multiple nharms removes 795 detections
Sep 03 04:13:04 INFO >> Duplicate freq,dm filter reduced detections to 7751
Sep 03 04:13:04 INFO >> Number of detections over threshold sigma (6.0): 7751
Sep 03 04:13:04 INFO >> Grouping duplicate frequencies together first
Sep 03 04:13:04 INFO >> Grouping duplicate frequencies removed 7225 detections from the harmonic metric computation
Sep 03 04:13:04 INFO >> Starting freq-DM distance metric computation
Sep 03 04:13:04 INFO >> Finished freq-DM distance metric computation
Sep 03 04:13:05 INFO >> Largest group size for metric computation is 97
Sep 03 04:13:05 INFO >> Starting harmonic distance metric computation
Sep 03 04:13:05 INFO >> Finished harmonic distance metric computation
Sep 03 04:13:05 INFO >> Starting DBSCAN
Sep 03 04:13:06 INFO >> Finished DBSCAN
Sep 03 04:13:06 INFO >> Clusters found: 76
Sep 03 04:13:06 INFO >> Filtered 32 clusters below or equal 2 DM.
Sep 03 04:13:06 INFO >> Total number of candidate clusters=1
Sep 03 04:13:06 INFO >> Candidate Processor of stack (315.95 49.23)
Sep 03 04:13:06 INFO >> Making SinglePointingCandidates from a list of 1 PowerSpectraDetectionClusters
Sep 03 04:13:08 INFO >> saved candidates to ./results//injections/315.95_49.23_cumulative_power_spectra_stack_20220627_11_tpa.yml_(731,)_candidates.npz
Sep 03 04:13:08 INFO >> Injected Pulsars:     1
Sep 03 04:13:08 INFO >> Injection Candidates: 1
Sep 03 04:13:08 INFO >> Recovered Injections: 1
Sep 03 04:13:08 INFO >> 1 candidates.
Sep 03 04:13:08 INFO >> Best candidate: F0: 21.123 DM: 104.54 Sigma: 12.33
Sep 03 04:13:09 INFO >> Unlinked shared memory for cumulative stack.
Sep 03 04:13:09 INFO >> Pipeline execution time: 2.06 minutes
