Sep 03 00:50:06 INFO >> {"message": "Waiting for suitable server to become available", "selector": "Primary()", "operation": "find", "topologyDescription": "<TopologyDescription id: 66d65d3eb809c0990fe188fd, topology_type: Unknown, servers: [<ServerDescription ('localhost', 27017) server_type: Unknown, rtt: None>]>", "clientId": {"$oid": "66d65d3eb809c0990fe188fd"}, "remainingTimeMS": 29}
Sep 03 00:50:06 INFO >> Features initialized as the following:
Sep 03 00:50:06 INFO >> num_unique_dms
Sep 03 00:50:06 INFO >> num_unique_freqs
Sep 03 00:50:06 INFO >> ndetections
Sep 03 00:50:06 INFO >> nharm
Sep 03 00:50:06 INFO >> log_p_dm
Sep 03 00:50:06 INFO >> ['dm_sigma_FitGaussWidth_gauss_sigma', 'dm_sigma_FitGaussWidth_gauss_sigma_rel_err', 'dm_sigma_FitGaussWidth_ndof', 'dm_sigma_FitGaussWidth_rms_err']
Sep 03 00:50:06 INFO >> ['dm_sigma_FitGauss_amplitude', 'dm_sigma_FitGauss_mu', 'dm_sigma_FitGauss_gauss_sigma', 'dm_sigma_FitGauss_amplitude_rel_err', 'dm_sigma_FitGauss_mu_rel_err', 'dm_sigma_FitGauss_gauss_sigma_rel_err', 'dm_sigma_FitGauss_amplitude-detection', 'dm_sigma_FitGauss_mu-detection', 'dm_sigma_FitGauss_ndof', 'dm_sigma_FitGauss_rms_err']
Sep 03 00:50:06 INFO >> ['freq_sigma_FitGaussWidth_gauss_sigma', 'freq_sigma_FitGaussWidth_gauss_sigma_rel_err', 'freq_sigma_FitGaussWidth_ndof', 'freq_sigma_FitGaussWidth_rms_err']
Sep 03 00:50:06 INFO >> ['freq_sigma_FitGauss_amplitude', 'freq_sigma_FitGauss_mu', 'freq_sigma_FitGauss_gauss_sigma', 'freq_sigma_FitGauss_amplitude_rel_err', 'freq_sigma_FitGauss_mu_rel_err', 'freq_sigma_FitGauss_gauss_sigma_rel_err', 'freq_sigma_FitGauss_amplitude-detection', 'freq_sigma_FitGauss_mu-detection', 'freq_sigma_FitGauss_ndof', 'freq_sigma_FitGauss_rms_err']
Sep 03 00:50:07 INFO >> Performing searching on cumulative stack 315.95 49.23
Sep 03 00:50:07 INFO >> Loading the cumulative power spectra stack to search
Sep 03 00:51:04 INFO >> DM: 98.99376041925571
Sep 03 00:51:04 INFO >> sigma: 16.1021346358908
Sep 03 00:51:04 INFO >> frequency: 55.37376690780552
Sep 03 00:51:04 INFO >> Injecting 9 harmonics.
Sep 03 00:51:04 INFO >> Starting DM: 97.1500157828507
Sep 03 00:51:04 INFO >> Stopping DM: 100.89433930781473
Sep 03 00:51:04 INFO >> Expected detection at 10.10 sigma with 8 harmonics.
Sep 03 00:51:18 INFO >> Start searching 6558 dm trials using 32 harmonics.
Sep 03 00:51:24 INFO >> Moved power spectra to shared memory.
Sep 03 00:51:24 INFO >> Number of dm trials in single multi processing job: 10
Sep 03 00:52:04 INFO >> Total number of detections=15585
Sep 03 00:52:04 INFO >> Clustering the detections
Sep 03 00:52:04 INFO >> Starting clustering
Sep 03 00:52:04 INFO >> Rogue harmonic power filter reduced detections from 15585 to 8527
Sep 03 00:52:04 INFO >> Filtering out duplicate freq,dm detections at multiple nharms removes 787 detections
Sep 03 00:52:04 INFO >> Duplicate freq,dm filter reduced detections to 7740
Sep 03 00:52:04 INFO >> Number of detections over threshold sigma (6.0): 7740
Sep 03 00:52:04 INFO >> Grouping duplicate frequencies together first
Sep 03 00:52:04 INFO >> Grouping duplicate frequencies removed 7216 detections from the harmonic metric computation
Sep 03 00:52:04 INFO >> Starting freq-DM distance metric computation
Sep 03 00:52:05 INFO >> Finished freq-DM distance metric computation
Sep 03 00:52:05 INFO >> Largest group size for metric computation is 97
Sep 03 00:52:05 INFO >> Starting harmonic distance metric computation
Sep 03 00:52:06 INFO >> Finished harmonic distance metric computation
Sep 03 00:52:06 INFO >> Starting DBSCAN
Sep 03 00:52:06 INFO >> Finished DBSCAN
Sep 03 00:52:06 INFO >> Clusters found: 76
Sep 03 00:52:06 INFO >> Filtered 32 clusters below or equal 2 DM.
Sep 03 00:52:06 INFO >> Total number of candidate clusters=1
Sep 03 00:52:06 INFO >> Candidate Processor of stack (315.95 49.23)
Sep 03 00:52:06 INFO >> Making SinglePointingCandidates from a list of 1 PowerSpectraDetectionClusters
Sep 03 00:52:08 INFO >> saved candidates to ./results//injections/315.95_49.23_cumulative_power_spectra_stack_20220627_11_tpa.yml_(635,)_candidates.npz
Sep 03 00:52:08 INFO >> Injected Pulsars:     1
Sep 03 00:52:08 INFO >> Injection Candidates: 1
Sep 03 00:52:08 INFO >> Recovered Injections: 1
Sep 03 00:52:08 INFO >> 1 candidates.
Sep 03 00:52:08 INFO >> Best candidate: F0: 55.374 DM: 98.97 Sigma: 9.69
Sep 03 00:52:09 INFO >> Unlinked shared memory for cumulative stack.
Sep 03 00:52:09 INFO >> Pipeline execution time: 2.05 minutes
