Sep 03 04:57:03 INFO >> {"message": "Waiting for suitable server to become available", "selector": "Primary()", "operation": "find", "topologyDescription": "<TopologyDescription id: 66d6971f76d057a1fb97d1e4, topology_type: Unknown, servers: [<ServerDescription ('localhost', 27017) server_type: Unknown, rtt: None>]>", "clientId": {"$oid": "66d6971f76d057a1fb97d1e4"}, "remainingTimeMS": 29}
Sep 03 04:57:03 INFO >> Features initialized as the following:
Sep 03 04:57:03 INFO >> num_unique_dms
Sep 03 04:57:03 INFO >> num_unique_freqs
Sep 03 04:57:03 INFO >> ndetections
Sep 03 04:57:03 INFO >> nharm
Sep 03 04:57:03 INFO >> log_p_dm
Sep 03 04:57:03 INFO >> ['dm_sigma_FitGaussWidth_gauss_sigma', 'dm_sigma_FitGaussWidth_gauss_sigma_rel_err', 'dm_sigma_FitGaussWidth_ndof', 'dm_sigma_FitGaussWidth_rms_err']
Sep 03 04:57:03 INFO >> ['dm_sigma_FitGauss_amplitude', 'dm_sigma_FitGauss_mu', 'dm_sigma_FitGauss_gauss_sigma', 'dm_sigma_FitGauss_amplitude_rel_err', 'dm_sigma_FitGauss_mu_rel_err', 'dm_sigma_FitGauss_gauss_sigma_rel_err', 'dm_sigma_FitGauss_amplitude-detection', 'dm_sigma_FitGauss_mu-detection', 'dm_sigma_FitGauss_ndof', 'dm_sigma_FitGauss_rms_err']
Sep 03 04:57:03 INFO >> ['freq_sigma_FitGaussWidth_gauss_sigma', 'freq_sigma_FitGaussWidth_gauss_sigma_rel_err', 'freq_sigma_FitGaussWidth_ndof', 'freq_sigma_FitGaussWidth_rms_err']
Sep 03 04:57:03 INFO >> ['freq_sigma_FitGauss_amplitude', 'freq_sigma_FitGauss_mu', 'freq_sigma_FitGauss_gauss_sigma', 'freq_sigma_FitGauss_amplitude_rel_err', 'freq_sigma_FitGauss_mu_rel_err', 'freq_sigma_FitGauss_gauss_sigma_rel_err', 'freq_sigma_FitGauss_amplitude-detection', 'freq_sigma_FitGauss_mu-detection', 'freq_sigma_FitGauss_ndof', 'freq_sigma_FitGauss_rms_err']
Sep 03 04:57:04 INFO >> Performing searching on cumulative stack 315.95 49.23
Sep 03 04:57:04 INFO >> Loading the cumulative power spectra stack to search
Sep 03 04:58:01 INFO >> DM: 127.866175345105
Sep 03 04:58:01 INFO >> sigma: 11.479189365492784
Sep 03 04:58:01 INFO >> frequency: 61.683191391296944
Sep 03 04:58:01 INFO >> Injecting 8 harmonics.
Sep 03 04:58:01 INFO >> Starting DM: 126.19382258459878
Sep 03 04:58:01 INFO >> Stopping DM: 129.53335437713426
Sep 03 04:58:01 INFO >> Expected detection at 8.73 sigma with 8 harmonics.
Sep 03 04:58:15 INFO >> Start searching 6558 dm trials using 32 harmonics.
Sep 03 04:58:21 INFO >> Moved power spectra to shared memory.
Sep 03 04:58:21 INFO >> Number of dm trials in single multi processing job: 10
Sep 03 04:59:01 INFO >> Total number of detections=15599
Sep 03 04:59:01 INFO >> Clustering the detections
Sep 03 04:59:01 INFO >> Starting clustering
Sep 03 04:59:01 INFO >> Rogue harmonic power filter reduced detections from 15599 to 8541
Sep 03 04:59:01 INFO >> Filtering out duplicate freq,dm detections at multiple nharms removes 794 detections
Sep 03 04:59:01 INFO >> Duplicate freq,dm filter reduced detections to 7747
Sep 03 04:59:01 INFO >> Number of detections over threshold sigma (6.0): 7747
Sep 03 04:59:01 INFO >> Grouping duplicate frequencies together first
Sep 03 04:59:01 INFO >> Grouping duplicate frequencies removed 7221 detections from the harmonic metric computation
Sep 03 04:59:01 INFO >> Starting freq-DM distance metric computation
Sep 03 04:59:02 INFO >> Finished freq-DM distance metric computation
Sep 03 04:59:02 INFO >> Largest group size for metric computation is 97
Sep 03 04:59:02 INFO >> Starting harmonic distance metric computation
Sep 03 04:59:03 INFO >> Finished harmonic distance metric computation
Sep 03 04:59:03 INFO >> Starting DBSCAN
Sep 03 04:59:03 INFO >> Finished DBSCAN
Sep 03 04:59:03 INFO >> Clusters found: 76
Sep 03 04:59:03 INFO >> Filtered 32 clusters below or equal 2 DM.
Sep 03 04:59:03 INFO >> Total number of candidate clusters=1
Sep 03 04:59:03 INFO >> Candidate Processor of stack (315.95 49.23)
Sep 03 04:59:03 INFO >> Making SinglePointingCandidates from a list of 1 PowerSpectraDetectionClusters
Sep 03 04:59:05 INFO >> saved candidates to ./results//injections/315.95_49.23_cumulative_power_spectra_stack_20220627_11_tpa.yml_(753,)_candidates.npz
Sep 03 04:59:05 INFO >> Injected Pulsars:     1
Sep 03 04:59:05 INFO >> Injection Candidates: 1
Sep 03 04:59:05 INFO >> Recovered Injections: 1
Sep 03 04:59:05 INFO >> 1 candidates.
Sep 03 04:59:05 INFO >> Best candidate: F0: 61.683 DM: 127.91 Sigma: 8.90
Sep 03 04:59:06 INFO >> Unlinked shared memory for cumulative stack.
Sep 03 04:59:06 INFO >> Pipeline execution time: 2.05 minutes
