Sep 03 03:29:14 INFO >> {"message": "Waiting for suitable server to become available", "selector": "Primary()", "operation": "find", "topologyDescription": "<TopologyDescription id: 66d6828a85d4fa2cf09ef39b, topology_type: Unknown, servers: [<ServerDescription ('localhost', 27017) server_type: Unknown, rtt: None>]>", "clientId": {"$oid": "66d6828a85d4fa2cf09ef39b"}, "remainingTimeMS": 29}
Sep 03 03:29:14 INFO >> Features initialized as the following:
Sep 03 03:29:14 INFO >> num_unique_dms
Sep 03 03:29:14 INFO >> num_unique_freqs
Sep 03 03:29:14 INFO >> ndetections
Sep 03 03:29:14 INFO >> nharm
Sep 03 03:29:14 INFO >> log_p_dm
Sep 03 03:29:14 INFO >> ['dm_sigma_FitGaussWidth_gauss_sigma', 'dm_sigma_FitGaussWidth_gauss_sigma_rel_err', 'dm_sigma_FitGaussWidth_ndof', 'dm_sigma_FitGaussWidth_rms_err']
Sep 03 03:29:14 INFO >> ['dm_sigma_FitGauss_amplitude', 'dm_sigma_FitGauss_mu', 'dm_sigma_FitGauss_gauss_sigma', 'dm_sigma_FitGauss_amplitude_rel_err', 'dm_sigma_FitGauss_mu_rel_err', 'dm_sigma_FitGauss_gauss_sigma_rel_err', 'dm_sigma_FitGauss_amplitude-detection', 'dm_sigma_FitGauss_mu-detection', 'dm_sigma_FitGauss_ndof', 'dm_sigma_FitGauss_rms_err']
Sep 03 03:29:14 INFO >> ['freq_sigma_FitGaussWidth_gauss_sigma', 'freq_sigma_FitGaussWidth_gauss_sigma_rel_err', 'freq_sigma_FitGaussWidth_ndof', 'freq_sigma_FitGaussWidth_rms_err']
Sep 03 03:29:14 INFO >> ['freq_sigma_FitGauss_amplitude', 'freq_sigma_FitGauss_mu', 'freq_sigma_FitGauss_gauss_sigma', 'freq_sigma_FitGauss_amplitude_rel_err', 'freq_sigma_FitGauss_mu_rel_err', 'freq_sigma_FitGauss_gauss_sigma_rel_err', 'freq_sigma_FitGauss_amplitude-detection', 'freq_sigma_FitGauss_mu-detection', 'freq_sigma_FitGauss_ndof', 'freq_sigma_FitGauss_rms_err']
Sep 03 03:29:14 INFO >> Performing searching on cumulative stack 315.95 49.23
Sep 03 03:29:14 INFO >> Loading the cumulative power spectra stack to search
Sep 03 03:30:11 INFO >> DM: 81.72628283032114
Sep 03 03:30:11 INFO >> sigma: 16.440333709881198
Sep 03 03:30:11 INFO >> frequency: 34.24010662225443
Sep 03 03:30:11 INFO >> Injecting 14 harmonics.
Sep 03 03:30:11 INFO >> Starting DM: 78.73199195735194
Sep 03 03:30:11 INFO >> Stopping DM: 84.70267001067296
Sep 03 03:30:11 INFO >> Expected detection at 14.92 sigma with 8 harmonics.
Sep 03 03:30:25 INFO >> Start searching 6558 dm trials using 32 harmonics.
Sep 03 03:30:31 INFO >> Moved power spectra to shared memory.
Sep 03 03:30:31 INFO >> Number of dm trials in single multi processing job: 10
Sep 03 03:31:11 INFO >> Total number of detections=15667
Sep 03 03:31:11 INFO >> Clustering the detections
Sep 03 03:31:11 INFO >> Starting clustering
Sep 03 03:31:11 INFO >> Rogue harmonic power filter reduced detections from 15667 to 8609
Sep 03 03:31:11 INFO >> Filtering out duplicate freq,dm detections at multiple nharms removes 812 detections
Sep 03 03:31:11 INFO >> Duplicate freq,dm filter reduced detections to 7797
Sep 03 03:31:11 INFO >> Number of detections over threshold sigma (6.0): 7797
Sep 03 03:31:11 INFO >> Grouping duplicate frequencies together first
Sep 03 03:31:11 INFO >> Grouping duplicate frequencies removed 7256 detections from the harmonic metric computation
Sep 03 03:31:11 INFO >> Starting freq-DM distance metric computation
Sep 03 03:31:12 INFO >> Finished freq-DM distance metric computation
Sep 03 03:31:12 INFO >> Largest group size for metric computation is 97
Sep 03 03:31:12 INFO >> Starting harmonic distance metric computation
Sep 03 03:31:13 INFO >> Finished harmonic distance metric computation
Sep 03 03:31:13 INFO >> Starting DBSCAN
Sep 03 03:31:13 INFO >> Finished DBSCAN
Sep 03 03:31:13 INFO >> Clusters found: 76
Sep 03 03:31:13 INFO >> Filtered 32 clusters below or equal 2 DM.
Sep 03 03:31:13 INFO >> Total number of candidate clusters=1
Sep 03 03:31:13 INFO >> Candidate Processor of stack (315.95 49.23)
Sep 03 03:31:13 INFO >> Making SinglePointingCandidates from a list of 1 PowerSpectraDetectionClusters
Sep 03 03:31:15 INFO >> saved candidates to ./results//injections/315.95_49.23_cumulative_power_spectra_stack_20220627_11_tpa.yml_(711,)_candidates.npz
Sep 03 03:31:15 INFO >> Injected Pulsars:     1
Sep 03 03:31:15 INFO >> Injection Candidates: 1
Sep 03 03:31:15 INFO >> Recovered Injections: 1
Sep 03 03:31:15 INFO >> 1 candidates.
Sep 03 03:31:15 INFO >> Best candidate: F0: 34.240 DM: 81.77 Sigma: 14.67
Sep 03 03:31:16 INFO >> Unlinked shared memory for cumulative stack.
Sep 03 03:31:16 INFO >> Pipeline execution time: 2.04 minutes
