Sep 03 01:36:11 INFO >> {"message": "Waiting for suitable server to become available", "selector": "Primary()", "operation": "find", "topologyDescription": "<TopologyDescription id: 66d6680bd4f8f30f16f4f19a, topology_type: Unknown, servers: [<ServerDescription ('localhost', 27017) server_type: Unknown, rtt: None>]>", "clientId": {"$oid": "66d6680bd4f8f30f16f4f19a"}, "remainingTimeMS": 29}
Sep 03 01:36:11 INFO >> Features initialized as the following:
Sep 03 01:36:11 INFO >> num_unique_dms
Sep 03 01:36:11 INFO >> num_unique_freqs
Sep 03 01:36:11 INFO >> ndetections
Sep 03 01:36:11 INFO >> nharm
Sep 03 01:36:11 INFO >> log_p_dm
Sep 03 01:36:11 INFO >> ['dm_sigma_FitGaussWidth_gauss_sigma', 'dm_sigma_FitGaussWidth_gauss_sigma_rel_err', 'dm_sigma_FitGaussWidth_ndof', 'dm_sigma_FitGaussWidth_rms_err']
Sep 03 01:36:11 INFO >> ['dm_sigma_FitGauss_amplitude', 'dm_sigma_FitGauss_mu', 'dm_sigma_FitGauss_gauss_sigma', 'dm_sigma_FitGauss_amplitude_rel_err', 'dm_sigma_FitGauss_mu_rel_err', 'dm_sigma_FitGauss_gauss_sigma_rel_err', 'dm_sigma_FitGauss_amplitude-detection', 'dm_sigma_FitGauss_mu-detection', 'dm_sigma_FitGauss_ndof', 'dm_sigma_FitGauss_rms_err']
Sep 03 01:36:11 INFO >> ['freq_sigma_FitGaussWidth_gauss_sigma', 'freq_sigma_FitGaussWidth_gauss_sigma_rel_err', 'freq_sigma_FitGaussWidth_ndof', 'freq_sigma_FitGaussWidth_rms_err']
Sep 03 01:36:11 INFO >> ['freq_sigma_FitGauss_amplitude', 'freq_sigma_FitGauss_mu', 'freq_sigma_FitGauss_gauss_sigma', 'freq_sigma_FitGauss_amplitude_rel_err', 'freq_sigma_FitGauss_mu_rel_err', 'freq_sigma_FitGauss_gauss_sigma_rel_err', 'freq_sigma_FitGauss_amplitude-detection', 'freq_sigma_FitGauss_mu-detection', 'freq_sigma_FitGauss_ndof', 'freq_sigma_FitGauss_rms_err']
Sep 03 01:36:11 INFO >> Performing searching on cumulative stack 315.95 49.23
Sep 03 01:36:11 INFO >> Loading the cumulative power spectra stack to search
Sep 03 01:37:09 INFO >> DM: 42.52051241388379
Sep 03 01:37:09 INFO >> sigma: 14.520685338606047
Sep 03 01:37:09 INFO >> frequency: 31.188407210203124
Sep 03 01:37:09 INFO >> Injecting 16 harmonics.
Sep 03 01:37:09 INFO >> Starting DM: 39.264798045568824
Sep 03 01:37:09 INFO >> Stopping DM: 45.84266369753267
Sep 03 01:37:09 INFO >> Expected detection at 10.45 sigma with 16 harmonics.
Sep 03 01:37:23 INFO >> Start searching 6558 dm trials using 32 harmonics.
Sep 03 01:37:29 INFO >> Moved power spectra to shared memory.
Sep 03 01:37:29 INFO >> Number of dm trials in single multi processing job: 10
Sep 03 01:38:09 INFO >> Total number of detections=15588
Sep 03 01:38:09 INFO >> Clustering the detections
Sep 03 01:38:09 INFO >> Starting clustering
Sep 03 01:38:09 INFO >> Rogue harmonic power filter reduced detections from 15588 to 8530
Sep 03 01:38:09 INFO >> Filtering out duplicate freq,dm detections at multiple nharms removes 790 detections
Sep 03 01:38:09 INFO >> Duplicate freq,dm filter reduced detections to 7740
Sep 03 01:38:09 INFO >> Number of detections over threshold sigma (6.0): 7740
Sep 03 01:38:09 INFO >> Grouping duplicate frequencies together first
Sep 03 01:38:09 INFO >> Grouping duplicate frequencies removed 7216 detections from the harmonic metric computation
Sep 03 01:38:09 INFO >> Starting freq-DM distance metric computation
Sep 03 01:38:09 INFO >> Finished freq-DM distance metric computation
Sep 03 01:38:10 INFO >> Largest group size for metric computation is 97
Sep 03 01:38:10 INFO >> Starting harmonic distance metric computation
Sep 03 01:38:10 INFO >> Finished harmonic distance metric computation
Sep 03 01:38:10 INFO >> Starting DBSCAN
Sep 03 01:38:11 INFO >> Finished DBSCAN
Sep 03 01:38:11 INFO >> Clusters found: 76
Sep 03 01:38:11 INFO >> Filtered 32 clusters below or equal 2 DM.
Sep 03 01:38:11 INFO >> Total number of candidate clusters=1
Sep 03 01:38:11 INFO >> Candidate Processor of stack (315.95 49.23)
Sep 03 01:38:11 INFO >> Making SinglePointingCandidates from a list of 1 PowerSpectraDetectionClusters
Sep 03 01:38:13 INFO >> saved candidates to ./results//injections/315.95_49.23_cumulative_power_spectra_stack_20220627_11_tpa.yml_(657,)_candidates.npz
Sep 03 01:38:13 INFO >> Injected Pulsars:     1
Sep 03 01:38:13 INFO >> Injection Candidates: 1
Sep 03 01:38:13 INFO >> Recovered Injections: 1
Sep 03 01:38:13 INFO >> 1 candidates.
Sep 03 01:38:13 INFO >> Best candidate: F0: 31.188 DM: 42.50 Sigma: 9.84
Sep 03 01:38:14 INFO >> Unlinked shared memory for cumulative stack.
Sep 03 01:38:14 INFO >> Pipeline execution time: 2.06 minutes
