Sep 03 00:08:17 INFO >> {"message": "Waiting for suitable server to become available", "selector": "Primary()", "operation": "find", "topologyDescription": "<TopologyDescription id: 66d653711ed4b1ab380d7b0d, topology_type: Unknown, servers: [<ServerDescription ('localhost', 27017) server_type: Unknown, rtt: None>]>", "clientId": {"$oid": "66d653711ed4b1ab380d7b0d"}, "remainingTimeMS": 29}
Sep 03 00:08:17 INFO >> Features initialized as the following:
Sep 03 00:08:17 INFO >> num_unique_dms
Sep 03 00:08:17 INFO >> num_unique_freqs
Sep 03 00:08:17 INFO >> ndetections
Sep 03 00:08:17 INFO >> nharm
Sep 03 00:08:17 INFO >> log_p_dm
Sep 03 00:08:17 INFO >> ['dm_sigma_FitGaussWidth_gauss_sigma', 'dm_sigma_FitGaussWidth_gauss_sigma_rel_err', 'dm_sigma_FitGaussWidth_ndof', 'dm_sigma_FitGaussWidth_rms_err']
Sep 03 00:08:17 INFO >> ['dm_sigma_FitGauss_amplitude', 'dm_sigma_FitGauss_mu', 'dm_sigma_FitGauss_gauss_sigma', 'dm_sigma_FitGauss_amplitude_rel_err', 'dm_sigma_FitGauss_mu_rel_err', 'dm_sigma_FitGauss_gauss_sigma_rel_err', 'dm_sigma_FitGauss_amplitude-detection', 'dm_sigma_FitGauss_mu-detection', 'dm_sigma_FitGauss_ndof', 'dm_sigma_FitGauss_rms_err']
Sep 03 00:08:17 INFO >> ['freq_sigma_FitGaussWidth_gauss_sigma', 'freq_sigma_FitGaussWidth_gauss_sigma_rel_err', 'freq_sigma_FitGaussWidth_ndof', 'freq_sigma_FitGaussWidth_rms_err']
Sep 03 00:08:17 INFO >> ['freq_sigma_FitGauss_amplitude', 'freq_sigma_FitGauss_mu', 'freq_sigma_FitGauss_gauss_sigma', 'freq_sigma_FitGauss_amplitude_rel_err', 'freq_sigma_FitGauss_mu_rel_err', 'freq_sigma_FitGauss_gauss_sigma_rel_err', 'freq_sigma_FitGauss_amplitude-detection', 'freq_sigma_FitGauss_mu-detection', 'freq_sigma_FitGauss_ndof', 'freq_sigma_FitGauss_rms_err']
Sep 03 00:08:17 INFO >> Performing searching on cumulative stack 315.95 49.23
Sep 03 00:08:17 INFO >> Loading the cumulative power spectra stack to search
Sep 03 00:09:15 INFO >> DM: 42.443498403746304
Sep 03 00:09:15 INFO >> sigma: 14.565250074869482
Sep 03 00:09:15 INFO >> frequency: 67.97098235385921
Sep 03 00:09:15 INFO >> Injecting 7 harmonics.
Sep 03 00:09:15 INFO >> Starting DM: 40.883964975283
Sep 03 00:09:15 INFO >> Stopping DM: 43.91990296849709
Sep 03 00:09:15 INFO >> Expected detection at 15.97 sigma with 4 harmonics.
Sep 03 00:09:29 INFO >> Start searching 6558 dm trials using 32 harmonics.
Sep 03 00:09:35 INFO >> Moved power spectra to shared memory.
Sep 03 00:09:35 INFO >> Number of dm trials in single multi processing job: 10
Sep 03 00:10:15 INFO >> Total number of detections=15794
Sep 03 00:10:15 INFO >> Clustering the detections
Sep 03 00:10:15 INFO >> Starting clustering
Sep 03 00:10:15 INFO >> Rogue harmonic power filter reduced detections from 15794 to 8555
Sep 03 00:10:15 INFO >> Filtering out duplicate freq,dm detections at multiple nharms removes 791 detections
Sep 03 00:10:15 INFO >> Duplicate freq,dm filter reduced detections to 7764
Sep 03 00:10:15 INFO >> Number of detections over threshold sigma (6.0): 7764
Sep 03 00:10:15 INFO >> Grouping duplicate frequencies together first
Sep 03 00:10:15 INFO >> Grouping duplicate frequencies removed 7241 detections from the harmonic metric computation
Sep 03 00:10:15 INFO >> Starting freq-DM distance metric computation
Sep 03 00:10:15 INFO >> Finished freq-DM distance metric computation
Sep 03 00:10:16 INFO >> Largest group size for metric computation is 97
Sep 03 00:10:16 INFO >> Starting harmonic distance metric computation
Sep 03 00:10:16 INFO >> Finished harmonic distance metric computation
Sep 03 00:10:16 INFO >> Starting DBSCAN
Sep 03 00:10:17 INFO >> Finished DBSCAN
Sep 03 00:10:17 INFO >> Clusters found: 76
Sep 03 00:10:17 INFO >> Filtered 32 clusters below or equal 2 DM.
Sep 03 00:10:17 INFO >> Total number of candidate clusters=1
Sep 03 00:10:17 INFO >> Candidate Processor of stack (315.95 49.23)
Sep 03 00:10:17 INFO >> Making SinglePointingCandidates from a list of 1 PowerSpectraDetectionClusters
Sep 03 00:10:19 INFO >> saved candidates to ./results//injections/315.95_49.23_cumulative_power_spectra_stack_20220627_11_tpa.yml_(615,)_candidates.npz
Sep 03 00:10:19 INFO >> Injected Pulsars:     1
Sep 03 00:10:19 INFO >> Injection Candidates: 1
Sep 03 00:10:19 INFO >> Recovered Injections: 1
Sep 03 00:10:19 INFO >> 1 candidates.
Sep 03 00:10:19 INFO >> Best candidate: F0: 67.971 DM: 42.50 Sigma: 12.96
Sep 03 00:10:20 INFO >> Unlinked shared memory for cumulative stack.
Sep 03 00:10:20 INFO >> Pipeline execution time: 2.05 minutes
