Sep 03 04:40:23 INFO >> {"message": "Waiting for suitable server to become available", "selector": "Primary()", "operation": "find", "topologyDescription": "<TopologyDescription id: 66d69337131a3aba20619ff6, topology_type: Unknown, servers: [<ServerDescription ('localhost', 27017) server_type: Unknown, rtt: None>]>", "clientId": {"$oid": "66d69337131a3aba20619ff6"}, "remainingTimeMS": 29}
Sep 03 04:40:23 INFO >> Features initialized as the following:
Sep 03 04:40:23 INFO >> num_unique_dms
Sep 03 04:40:23 INFO >> num_unique_freqs
Sep 03 04:40:23 INFO >> ndetections
Sep 03 04:40:23 INFO >> nharm
Sep 03 04:40:23 INFO >> log_p_dm
Sep 03 04:40:23 INFO >> ['dm_sigma_FitGaussWidth_gauss_sigma', 'dm_sigma_FitGaussWidth_gauss_sigma_rel_err', 'dm_sigma_FitGaussWidth_ndof', 'dm_sigma_FitGaussWidth_rms_err']
Sep 03 04:40:23 INFO >> ['dm_sigma_FitGauss_amplitude', 'dm_sigma_FitGauss_mu', 'dm_sigma_FitGauss_gauss_sigma', 'dm_sigma_FitGauss_amplitude_rel_err', 'dm_sigma_FitGauss_mu_rel_err', 'dm_sigma_FitGauss_gauss_sigma_rel_err', 'dm_sigma_FitGauss_amplitude-detection', 'dm_sigma_FitGauss_mu-detection', 'dm_sigma_FitGauss_ndof', 'dm_sigma_FitGauss_rms_err']
Sep 03 04:40:23 INFO >> ['freq_sigma_FitGaussWidth_gauss_sigma', 'freq_sigma_FitGaussWidth_gauss_sigma_rel_err', 'freq_sigma_FitGaussWidth_ndof', 'freq_sigma_FitGaussWidth_rms_err']
Sep 03 04:40:23 INFO >> ['freq_sigma_FitGauss_amplitude', 'freq_sigma_FitGauss_mu', 'freq_sigma_FitGauss_gauss_sigma', 'freq_sigma_FitGauss_amplitude_rel_err', 'freq_sigma_FitGauss_mu_rel_err', 'freq_sigma_FitGauss_gauss_sigma_rel_err', 'freq_sigma_FitGauss_amplitude-detection', 'freq_sigma_FitGauss_mu-detection', 'freq_sigma_FitGauss_ndof', 'freq_sigma_FitGauss_rms_err']
Sep 03 04:40:24 INFO >> Performing searching on cumulative stack 315.95 49.23
Sep 03 04:40:24 INFO >> Loading the cumulative power spectra stack to search
Sep 03 04:41:21 INFO >> DM: 142.71225926511977
Sep 03 04:41:21 INFO >> sigma: 14.13699402842898
Sep 03 04:41:21 INFO >> frequency: 52.98481652381322
Sep 03 04:41:21 INFO >> Injecting 9 harmonics.
Sep 03 04:41:21 INFO >> Starting DM: 140.7663249520264
Sep 03 04:41:21 INFO >> Stopping DM: 144.61184641009757
Sep 03 04:41:21 INFO >> Expected detection at 11.04 sigma with 8 harmonics.
Sep 03 04:41:35 INFO >> Start searching 6558 dm trials using 32 harmonics.
Sep 03 04:41:41 INFO >> Moved power spectra to shared memory.
Sep 03 04:41:41 INFO >> Number of dm trials in single multi processing job: 10
Sep 03 04:42:21 INFO >> Total number of detections=15654
Sep 03 04:42:21 INFO >> Clustering the detections
Sep 03 04:42:21 INFO >> Starting clustering
Sep 03 04:42:21 INFO >> Rogue harmonic power filter reduced detections from 15654 to 8593
Sep 03 04:42:21 INFO >> Filtering out duplicate freq,dm detections at multiple nharms removes 793 detections
Sep 03 04:42:21 INFO >> Duplicate freq,dm filter reduced detections to 7800
Sep 03 04:42:21 INFO >> Number of detections over threshold sigma (6.0): 7800
Sep 03 04:42:21 INFO >> Grouping duplicate frequencies together first
Sep 03 04:42:21 INFO >> Grouping duplicate frequencies removed 7264 detections from the harmonic metric computation
Sep 03 04:42:21 INFO >> Starting freq-DM distance metric computation
Sep 03 04:42:21 INFO >> Finished freq-DM distance metric computation
Sep 03 04:42:22 INFO >> Largest group size for metric computation is 97
Sep 03 04:42:22 INFO >> Starting harmonic distance metric computation
Sep 03 04:42:22 INFO >> Finished harmonic distance metric computation
Sep 03 04:42:22 INFO >> Starting DBSCAN
Sep 03 04:42:23 INFO >> Finished DBSCAN
Sep 03 04:42:23 INFO >> Clusters found: 76
Sep 03 04:42:23 INFO >> Filtered 32 clusters below or equal 2 DM.
Sep 03 04:42:23 INFO >> Total number of candidate clusters=1
Sep 03 04:42:23 INFO >> Candidate Processor of stack (315.95 49.23)
Sep 03 04:42:23 INFO >> Making SinglePointingCandidates from a list of 1 PowerSpectraDetectionClusters
Sep 03 04:42:25 INFO >> saved candidates to ./results//injections/315.95_49.23_cumulative_power_spectra_stack_20220627_11_tpa.yml_(745,)_candidates.npz
Sep 03 04:42:25 INFO >> Injected Pulsars:     1
Sep 03 04:42:25 INFO >> Injection Candidates: 1
Sep 03 04:42:25 INFO >> Recovered Injections: 1
Sep 03 04:42:25 INFO >> 1 candidates.
Sep 03 04:42:25 INFO >> Best candidate: F0: 52.985 DM: 142.69 Sigma: 10.76
Sep 03 04:42:26 INFO >> Unlinked shared memory for cumulative stack.
Sep 03 04:42:26 INFO >> Pipeline execution time: 2.05 minutes
