Sep 03 03:14:35 INFO >> {"message": "Waiting for suitable server to become available", "selector": "Primary()", "operation": "find", "topologyDescription": "<TopologyDescription id: 66d67f1b8d3e0f98f37b55f5, topology_type: Unknown, servers: [<ServerDescription ('localhost', 27017) server_type: Unknown, rtt: None>]>", "clientId": {"$oid": "66d67f1b8d3e0f98f37b55f5"}, "remainingTimeMS": 29}
Sep 03 03:14:35 INFO >> Features initialized as the following:
Sep 03 03:14:35 INFO >> num_unique_dms
Sep 03 03:14:35 INFO >> num_unique_freqs
Sep 03 03:14:35 INFO >> ndetections
Sep 03 03:14:35 INFO >> nharm
Sep 03 03:14:35 INFO >> log_p_dm
Sep 03 03:14:35 INFO >> ['dm_sigma_FitGaussWidth_gauss_sigma', 'dm_sigma_FitGaussWidth_gauss_sigma_rel_err', 'dm_sigma_FitGaussWidth_ndof', 'dm_sigma_FitGaussWidth_rms_err']
Sep 03 03:14:35 INFO >> ['dm_sigma_FitGauss_amplitude', 'dm_sigma_FitGauss_mu', 'dm_sigma_FitGauss_gauss_sigma', 'dm_sigma_FitGauss_amplitude_rel_err', 'dm_sigma_FitGauss_mu_rel_err', 'dm_sigma_FitGauss_gauss_sigma_rel_err', 'dm_sigma_FitGauss_amplitude-detection', 'dm_sigma_FitGauss_mu-detection', 'dm_sigma_FitGauss_ndof', 'dm_sigma_FitGauss_rms_err']
Sep 03 03:14:35 INFO >> ['freq_sigma_FitGaussWidth_gauss_sigma', 'freq_sigma_FitGaussWidth_gauss_sigma_rel_err', 'freq_sigma_FitGaussWidth_ndof', 'freq_sigma_FitGaussWidth_rms_err']
Sep 03 03:14:35 INFO >> ['freq_sigma_FitGauss_amplitude', 'freq_sigma_FitGauss_mu', 'freq_sigma_FitGauss_gauss_sigma', 'freq_sigma_FitGauss_amplitude_rel_err', 'freq_sigma_FitGauss_mu_rel_err', 'freq_sigma_FitGauss_gauss_sigma_rel_err', 'freq_sigma_FitGauss_amplitude-detection', 'freq_sigma_FitGauss_mu-detection', 'freq_sigma_FitGauss_ndof', 'freq_sigma_FitGauss_rms_err']
Sep 03 03:14:36 INFO >> Performing searching on cumulative stack 315.95 49.23
Sep 03 03:14:36 INFO >> Loading the cumulative power spectra stack to search
Sep 03 03:15:34 INFO >> DM: 66.92953978202294
Sep 03 03:15:34 INFO >> sigma: 14.105034120340997
Sep 03 03:15:34 INFO >> frequency: 19.384943747987673
Sep 03 03:15:34 INFO >> Injecting 26 harmonics.
Sep 03 03:15:34 INFO >> Starting DM: 61.62954126224592
Sep 03 03:15:34 INFO >> Stopping DM: 72.2553242384952
Sep 03 03:15:34 INFO >> Expected detection at 10.51 sigma with 16 harmonics.
Sep 03 03:15:48 INFO >> Start searching 6558 dm trials using 32 harmonics.
Sep 03 03:15:54 INFO >> Moved power spectra to shared memory.
Sep 03 03:15:54 INFO >> Number of dm trials in single multi processing job: 10
Sep 03 03:16:35 INFO >> Total number of detections=15588
Sep 03 03:16:35 INFO >> Clustering the detections
Sep 03 03:16:35 INFO >> Starting clustering
Sep 03 03:16:35 INFO >> Rogue harmonic power filter reduced detections from 15588 to 8530
Sep 03 03:16:35 INFO >> Filtering out duplicate freq,dm detections at multiple nharms removes 790 detections
Sep 03 03:16:35 INFO >> Duplicate freq,dm filter reduced detections to 7740
Sep 03 03:16:35 INFO >> Number of detections over threshold sigma (6.0): 7740
Sep 03 03:16:35 INFO >> Grouping duplicate frequencies together first
Sep 03 03:16:35 INFO >> Grouping duplicate frequencies removed 7219 detections from the harmonic metric computation
Sep 03 03:16:35 INFO >> Starting freq-DM distance metric computation
Sep 03 03:16:35 INFO >> Finished freq-DM distance metric computation
Sep 03 03:16:36 INFO >> Largest group size for metric computation is 97
Sep 03 03:16:36 INFO >> Starting harmonic distance metric computation
Sep 03 03:16:36 INFO >> Finished harmonic distance metric computation
Sep 03 03:16:36 INFO >> Starting DBSCAN
Sep 03 03:16:37 INFO >> Finished DBSCAN
Sep 03 03:16:37 INFO >> Clusters found: 76
Sep 03 03:16:37 INFO >> Filtered 32 clusters below or equal 2 DM.
Sep 03 03:16:37 INFO >> Total number of candidate clusters=1
Sep 03 03:16:37 INFO >> Candidate Processor of stack (315.95 49.23)
Sep 03 03:16:37 INFO >> Making SinglePointingCandidates from a list of 1 PowerSpectraDetectionClusters
Sep 03 03:16:39 INFO >> saved candidates to ./results//injections/315.95_49.23_cumulative_power_spectra_stack_20220627_11_tpa.yml_(704,)_candidates.npz
Sep 03 03:16:39 INFO >> Injected Pulsars:     1
Sep 03 03:16:39 INFO >> Injection Candidates: 1
Sep 03 03:16:39 INFO >> Recovered Injections: 1
Sep 03 03:16:39 INFO >> 1 candidates.
Sep 03 03:16:39 INFO >> Best candidate: F0: 19.385 DM: 66.89 Sigma: 10.72
Sep 03 03:16:40 INFO >> Unlinked shared memory for cumulative stack.
Sep 03 03:16:40 INFO >> Pipeline execution time: 2.08 minutes
