Sep 03 00:10:23 INFO >> {"message": "Waiting for suitable server to become available", "selector": "Primary()", "operation": "find", "topologyDescription": "<TopologyDescription id: 66d653eff7b9b2e272b2ca4a, topology_type: Unknown, servers: [<ServerDescription ('localhost', 27017) server_type: Unknown, rtt: None>]>", "clientId": {"$oid": "66d653eff7b9b2e272b2ca4a"}, "remainingTimeMS": 29}
Sep 03 00:10:23 INFO >> Features initialized as the following:
Sep 03 00:10:23 INFO >> num_unique_dms
Sep 03 00:10:23 INFO >> num_unique_freqs
Sep 03 00:10:23 INFO >> ndetections
Sep 03 00:10:23 INFO >> nharm
Sep 03 00:10:23 INFO >> log_p_dm
Sep 03 00:10:23 INFO >> ['dm_sigma_FitGaussWidth_gauss_sigma', 'dm_sigma_FitGaussWidth_gauss_sigma_rel_err', 'dm_sigma_FitGaussWidth_ndof', 'dm_sigma_FitGaussWidth_rms_err']
Sep 03 00:10:23 INFO >> ['dm_sigma_FitGauss_amplitude', 'dm_sigma_FitGauss_mu', 'dm_sigma_FitGauss_gauss_sigma', 'dm_sigma_FitGauss_amplitude_rel_err', 'dm_sigma_FitGauss_mu_rel_err', 'dm_sigma_FitGauss_gauss_sigma_rel_err', 'dm_sigma_FitGauss_amplitude-detection', 'dm_sigma_FitGauss_mu-detection', 'dm_sigma_FitGauss_ndof', 'dm_sigma_FitGauss_rms_err']
Sep 03 00:10:23 INFO >> ['freq_sigma_FitGaussWidth_gauss_sigma', 'freq_sigma_FitGaussWidth_gauss_sigma_rel_err', 'freq_sigma_FitGaussWidth_ndof', 'freq_sigma_FitGaussWidth_rms_err']
Sep 03 00:10:23 INFO >> ['freq_sigma_FitGauss_amplitude', 'freq_sigma_FitGauss_mu', 'freq_sigma_FitGauss_gauss_sigma', 'freq_sigma_FitGauss_amplitude_rel_err', 'freq_sigma_FitGauss_mu_rel_err', 'freq_sigma_FitGauss_gauss_sigma_rel_err', 'freq_sigma_FitGauss_amplitude-detection', 'freq_sigma_FitGauss_mu-detection', 'freq_sigma_FitGauss_ndof', 'freq_sigma_FitGauss_rms_err']
Sep 03 00:10:23 INFO >> Performing searching on cumulative stack 315.95 49.23
Sep 03 00:10:23 INFO >> Loading the cumulative power spectra stack to search
Sep 03 00:11:20 INFO >> DM: 18.43009973038192
Sep 03 00:11:20 INFO >> sigma: 15.782917818254106
Sep 03 00:11:20 INFO >> frequency: 50.49191376680077
Sep 03 00:11:20 INFO >> Injecting 10 harmonics.
Sep 03 00:11:20 INFO >> Starting DM: 16.394065163356057
Sep 03 00:11:20 INFO >> Stopping DM: 20.4419824876415
Sep 03 00:11:20 INFO >> Expected detection at 12.06 sigma with 8 harmonics.
Sep 03 00:11:34 INFO >> Start searching 6558 dm trials using 32 harmonics.
Sep 03 00:11:40 INFO >> Moved power spectra to shared memory.
Sep 03 00:11:40 INFO >> Number of dm trials in single multi processing job: 10
Sep 03 00:12:21 INFO >> Total number of detections=15619
Sep 03 00:12:21 INFO >> Clustering the detections
Sep 03 00:12:21 INFO >> Starting clustering
Sep 03 00:12:21 INFO >> Rogue harmonic power filter reduced detections from 15619 to 8561
Sep 03 00:12:21 INFO >> Filtering out duplicate freq,dm detections at multiple nharms removes 793 detections
Sep 03 00:12:21 INFO >> Duplicate freq,dm filter reduced detections to 7768
Sep 03 00:12:21 INFO >> Number of detections over threshold sigma (6.0): 7768
Sep 03 00:12:21 INFO >> Grouping duplicate frequencies together first
Sep 03 00:12:21 INFO >> Grouping duplicate frequencies removed 7234 detections from the harmonic metric computation
Sep 03 00:12:21 INFO >> Starting freq-DM distance metric computation
Sep 03 00:12:21 INFO >> Finished freq-DM distance metric computation
Sep 03 00:12:22 INFO >> Largest group size for metric computation is 97
Sep 03 00:12:22 INFO >> Starting harmonic distance metric computation
Sep 03 00:12:22 INFO >> Finished harmonic distance metric computation
Sep 03 00:12:22 INFO >> Starting DBSCAN
Sep 03 00:12:23 INFO >> Finished DBSCAN
Sep 03 00:12:23 INFO >> Clusters found: 76
Sep 03 00:12:23 INFO >> Filtered 32 clusters below or equal 2 DM.
Sep 03 00:12:23 INFO >> Total number of candidate clusters=1
Sep 03 00:12:23 INFO >> Candidate Processor of stack (315.95 49.23)
Sep 03 00:12:23 INFO >> Making SinglePointingCandidates from a list of 1 PowerSpectraDetectionClusters
Sep 03 00:12:25 INFO >> saved candidates to ./results//injections/315.95_49.23_cumulative_power_spectra_stack_20220627_11_tpa.yml_(616,)_candidates.npz
Sep 03 00:12:25 INFO >> Injected Pulsars:     1
Sep 03 00:12:25 INFO >> Injection Candidates: 1
Sep 03 00:12:25 INFO >> Recovered Injections: 1
Sep 03 00:12:25 INFO >> 1 candidates.
Sep 03 00:12:25 INFO >> Best candidate: F0: 50.492 DM: 18.42 Sigma: 12.45
Sep 03 00:12:26 INFO >> Unlinked shared memory for cumulative stack.
Sep 03 00:12:26 INFO >> Pipeline execution time: 2.06 minutes
