Sep 03 01:50:50 INFO >> {"message": "Waiting for suitable server to become available", "selector": "Primary()", "operation": "find", "topologyDescription": "<TopologyDescription id: 66d66b7a611d74c04562eb82, topology_type: Unknown, servers: [<ServerDescription ('localhost', 27017) server_type: Unknown, rtt: None>]>", "clientId": {"$oid": "66d66b7a611d74c04562eb82"}, "remainingTimeMS": 29}
Sep 03 01:50:50 INFO >> Features initialized as the following:
Sep 03 01:50:50 INFO >> num_unique_dms
Sep 03 01:50:50 INFO >> num_unique_freqs
Sep 03 01:50:50 INFO >> ndetections
Sep 03 01:50:50 INFO >> nharm
Sep 03 01:50:50 INFO >> log_p_dm
Sep 03 01:50:50 INFO >> ['dm_sigma_FitGaussWidth_gauss_sigma', 'dm_sigma_FitGaussWidth_gauss_sigma_rel_err', 'dm_sigma_FitGaussWidth_ndof', 'dm_sigma_FitGaussWidth_rms_err']
Sep 03 01:50:50 INFO >> ['dm_sigma_FitGauss_amplitude', 'dm_sigma_FitGauss_mu', 'dm_sigma_FitGauss_gauss_sigma', 'dm_sigma_FitGauss_amplitude_rel_err', 'dm_sigma_FitGauss_mu_rel_err', 'dm_sigma_FitGauss_gauss_sigma_rel_err', 'dm_sigma_FitGauss_amplitude-detection', 'dm_sigma_FitGauss_mu-detection', 'dm_sigma_FitGauss_ndof', 'dm_sigma_FitGauss_rms_err']
Sep 03 01:50:50 INFO >> ['freq_sigma_FitGaussWidth_gauss_sigma', 'freq_sigma_FitGaussWidth_gauss_sigma_rel_err', 'freq_sigma_FitGaussWidth_ndof', 'freq_sigma_FitGaussWidth_rms_err']
Sep 03 01:50:50 INFO >> ['freq_sigma_FitGauss_amplitude', 'freq_sigma_FitGauss_mu', 'freq_sigma_FitGauss_gauss_sigma', 'freq_sigma_FitGauss_amplitude_rel_err', 'freq_sigma_FitGauss_mu_rel_err', 'freq_sigma_FitGauss_gauss_sigma_rel_err', 'freq_sigma_FitGauss_amplitude-detection', 'freq_sigma_FitGauss_mu-detection', 'freq_sigma_FitGauss_ndof', 'freq_sigma_FitGauss_rms_err']
Sep 03 01:50:50 INFO >> Performing searching on cumulative stack 315.95 49.23
Sep 03 01:50:50 INFO >> Loading the cumulative power spectra stack to search
Sep 03 01:51:47 INFO >> DM: 123.65982045708274
Sep 03 01:51:47 INFO >> sigma: 14.701423668220315
Sep 03 01:51:47 INFO >> frequency: 51.63917893260768
Sep 03 01:51:47 INFO >> Injecting 9 harmonics.
Sep 03 01:51:47 INFO >> Starting DM: 121.63991559477765
Sep 03 01:51:47 INFO >> Stopping DM: 125.6878329190631
Sep 03 01:51:47 INFO >> Expected detection at 8.83 sigma with 8 harmonics.
Sep 03 01:52:01 INFO >> Start searching 6558 dm trials using 32 harmonics.
Sep 03 01:52:07 INFO >> Moved power spectra to shared memory.
Sep 03 01:52:07 INFO >> Number of dm trials in single multi processing job: 10
Sep 03 01:52:48 INFO >> Total number of detections=15583
Sep 03 01:52:48 INFO >> Clustering the detections
Sep 03 01:52:48 INFO >> Starting clustering
Sep 03 01:52:48 INFO >> Rogue harmonic power filter reduced detections from 15583 to 8525
Sep 03 01:52:48 INFO >> Filtering out duplicate freq,dm detections at multiple nharms removes 787 detections
Sep 03 01:52:48 INFO >> Duplicate freq,dm filter reduced detections to 7738
Sep 03 01:52:48 INFO >> Number of detections over threshold sigma (6.0): 7738
Sep 03 01:52:48 INFO >> Grouping duplicate frequencies together first
Sep 03 01:52:48 INFO >> Grouping duplicate frequencies removed 7215 detections from the harmonic metric computation
Sep 03 01:52:48 INFO >> Starting freq-DM distance metric computation
Sep 03 01:52:48 INFO >> Finished freq-DM distance metric computation
Sep 03 01:52:49 INFO >> Largest group size for metric computation is 97
Sep 03 01:52:49 INFO >> Starting harmonic distance metric computation
Sep 03 01:52:49 INFO >> Finished harmonic distance metric computation
Sep 03 01:52:49 INFO >> Starting DBSCAN
Sep 03 01:52:50 INFO >> Finished DBSCAN
Sep 03 01:52:50 INFO >> Clusters found: 76
Sep 03 01:52:50 INFO >> Filtered 32 clusters below or equal 2 DM.
Sep 03 01:52:50 INFO >> Total number of candidate clusters=1
Sep 03 01:52:50 INFO >> Candidate Processor of stack (315.95 49.23)
Sep 03 01:52:50 INFO >> Making SinglePointingCandidates from a list of 1 PowerSpectraDetectionClusters
Sep 03 01:52:52 INFO >> saved candidates to ./results//injections/315.95_49.23_cumulative_power_spectra_stack_20220627_11_tpa.yml_(664,)_candidates.npz
Sep 03 01:52:52 INFO >> Injected Pulsars:     1
Sep 03 01:52:52 INFO >> Injection Candidates: 1
Sep 03 01:52:52 INFO >> Recovered Injections: 1
Sep 03 01:52:52 INFO >> 1 candidates.
Sep 03 01:52:52 INFO >> Best candidate: F0: 51.639 DM: 123.66 Sigma: 10.08
Sep 03 01:52:53 INFO >> Unlinked shared memory for cumulative stack.
Sep 03 01:52:53 INFO >> Pipeline execution time: 2.05 minutes
