Sep 03 04:27:50 INFO >> {"message": "Waiting for suitable server to become available", "selector": "Primary()", "operation": "find", "topologyDescription": "<TopologyDescription id: 66d690463dc39df19f709c8a, topology_type: Unknown, servers: [<ServerDescription ('localhost', 27017) server_type: Unknown, rtt: None>]>", "clientId": {"$oid": "66d690463dc39df19f709c8a"}, "remainingTimeMS": 29}
Sep 03 04:27:50 INFO >> Features initialized as the following:
Sep 03 04:27:50 INFO >> num_unique_dms
Sep 03 04:27:50 INFO >> num_unique_freqs
Sep 03 04:27:50 INFO >> ndetections
Sep 03 04:27:50 INFO >> nharm
Sep 03 04:27:50 INFO >> log_p_dm
Sep 03 04:27:50 INFO >> ['dm_sigma_FitGaussWidth_gauss_sigma', 'dm_sigma_FitGaussWidth_gauss_sigma_rel_err', 'dm_sigma_FitGaussWidth_ndof', 'dm_sigma_FitGaussWidth_rms_err']
Sep 03 04:27:50 INFO >> ['dm_sigma_FitGauss_amplitude', 'dm_sigma_FitGauss_mu', 'dm_sigma_FitGauss_gauss_sigma', 'dm_sigma_FitGauss_amplitude_rel_err', 'dm_sigma_FitGauss_mu_rel_err', 'dm_sigma_FitGauss_gauss_sigma_rel_err', 'dm_sigma_FitGauss_amplitude-detection', 'dm_sigma_FitGauss_mu-detection', 'dm_sigma_FitGauss_ndof', 'dm_sigma_FitGauss_rms_err']
Sep 03 04:27:50 INFO >> ['freq_sigma_FitGaussWidth_gauss_sigma', 'freq_sigma_FitGaussWidth_gauss_sigma_rel_err', 'freq_sigma_FitGaussWidth_ndof', 'freq_sigma_FitGaussWidth_rms_err']
Sep 03 04:27:50 INFO >> ['freq_sigma_FitGauss_amplitude', 'freq_sigma_FitGauss_mu', 'freq_sigma_FitGauss_gauss_sigma', 'freq_sigma_FitGauss_amplitude_rel_err', 'freq_sigma_FitGauss_mu_rel_err', 'freq_sigma_FitGauss_gauss_sigma_rel_err', 'freq_sigma_FitGauss_amplitude-detection', 'freq_sigma_FitGauss_mu-detection', 'freq_sigma_FitGauss_ndof', 'freq_sigma_FitGauss_rms_err']
Sep 03 04:27:50 INFO >> Performing searching on cumulative stack 315.95 49.23
Sep 03 04:27:50 INFO >> Loading the cumulative power spectra stack to search
Sep 03 04:28:47 INFO >> DM: 127.83756655558703
Sep 03 04:28:47 INFO >> sigma: 16.383572288518543
Sep 03 04:28:47 INFO >> frequency: 23.004082631484074
Sep 03 04:28:47 INFO >> Injecting 22 harmonics.
Sep 03 04:28:47 INFO >> Starting DM: 123.36028045759898
Sep 03 04:28:47 INFO >> Stopping DM: 132.26569857102695
Sep 03 04:28:47 INFO >> Expected detection at 14.23 sigma with 16 harmonics.
Sep 03 04:29:01 INFO >> Start searching 6558 dm trials using 32 harmonics.
Sep 03 04:29:07 INFO >> Moved power spectra to shared memory.
Sep 03 04:29:07 INFO >> Number of dm trials in single multi processing job: 10
Sep 03 04:29:48 INFO >> Total number of detections=15667
Sep 03 04:29:48 INFO >> Clustering the detections
Sep 03 04:29:48 INFO >> Starting clustering
Sep 03 04:29:48 INFO >> Rogue harmonic power filter reduced detections from 15667 to 8609
Sep 03 04:29:48 INFO >> Filtering out duplicate freq,dm detections at multiple nharms removes 814 detections
Sep 03 04:29:48 INFO >> Duplicate freq,dm filter reduced detections to 7795
Sep 03 04:29:48 INFO >> Number of detections over threshold sigma (6.0): 7795
Sep 03 04:29:48 INFO >> Grouping duplicate frequencies together first
Sep 03 04:29:48 INFO >> Grouping duplicate frequencies removed 7261 detections from the harmonic metric computation
Sep 03 04:29:48 INFO >> Starting freq-DM distance metric computation
Sep 03 04:29:48 INFO >> Finished freq-DM distance metric computation
Sep 03 04:29:49 INFO >> Largest group size for metric computation is 97
Sep 03 04:29:49 INFO >> Starting harmonic distance metric computation
Sep 03 04:29:49 INFO >> Finished harmonic distance metric computation
Sep 03 04:29:49 INFO >> Starting DBSCAN
Sep 03 04:29:50 INFO >> Finished DBSCAN
Sep 03 04:29:50 INFO >> Clusters found: 76
Sep 03 04:29:50 INFO >> Filtered 32 clusters below or equal 2 DM.
Sep 03 04:29:50 INFO >> Total number of candidate clusters=1
Sep 03 04:29:50 INFO >> Candidate Processor of stack (315.95 49.23)
Sep 03 04:29:50 INFO >> Making SinglePointingCandidates from a list of 1 PowerSpectraDetectionClusters
Sep 03 04:29:52 INFO >> saved candidates to ./results//injections/315.95_49.23_cumulative_power_spectra_stack_20220627_11_tpa.yml_(739,)_candidates.npz
Sep 03 04:29:52 INFO >> Injected Pulsars:     1
Sep 03 04:29:52 INFO >> Injection Candidates: 1
Sep 03 04:29:52 INFO >> Recovered Injections: 1
Sep 03 04:29:52 INFO >> 1 candidates.
Sep 03 04:29:52 INFO >> Best candidate: F0: 23.004 DM: 127.81 Sigma: 13.14
Sep 03 04:29:53 INFO >> Unlinked shared memory for cumulative stack.
Sep 03 04:29:53 INFO >> Pipeline execution time: 2.06 minutes
