Sep 03 03:10:23 INFO >> {"message": "Waiting for suitable server to become available", "selector": "Primary()", "operation": "find", "topologyDescription": "<TopologyDescription id: 66d67e1f60603c4c091dd03a, topology_type: Unknown, servers: [<ServerDescription ('localhost', 27017) server_type: Unknown, rtt: None>]>", "clientId": {"$oid": "66d67e1f60603c4c091dd03a"}, "remainingTimeMS": 29}
Sep 03 03:10:23 INFO >> Features initialized as the following:
Sep 03 03:10:23 INFO >> num_unique_dms
Sep 03 03:10:23 INFO >> num_unique_freqs
Sep 03 03:10:23 INFO >> ndetections
Sep 03 03:10:23 INFO >> nharm
Sep 03 03:10:23 INFO >> log_p_dm
Sep 03 03:10:23 INFO >> ['dm_sigma_FitGaussWidth_gauss_sigma', 'dm_sigma_FitGaussWidth_gauss_sigma_rel_err', 'dm_sigma_FitGaussWidth_ndof', 'dm_sigma_FitGaussWidth_rms_err']
Sep 03 03:10:23 INFO >> ['dm_sigma_FitGauss_amplitude', 'dm_sigma_FitGauss_mu', 'dm_sigma_FitGauss_gauss_sigma', 'dm_sigma_FitGauss_amplitude_rel_err', 'dm_sigma_FitGauss_mu_rel_err', 'dm_sigma_FitGauss_gauss_sigma_rel_err', 'dm_sigma_FitGauss_amplitude-detection', 'dm_sigma_FitGauss_mu-detection', 'dm_sigma_FitGauss_ndof', 'dm_sigma_FitGauss_rms_err']
Sep 03 03:10:23 INFO >> ['freq_sigma_FitGaussWidth_gauss_sigma', 'freq_sigma_FitGaussWidth_gauss_sigma_rel_err', 'freq_sigma_FitGaussWidth_ndof', 'freq_sigma_FitGaussWidth_rms_err']
Sep 03 03:10:23 INFO >> ['freq_sigma_FitGauss_amplitude', 'freq_sigma_FitGauss_mu', 'freq_sigma_FitGauss_gauss_sigma', 'freq_sigma_FitGauss_amplitude_rel_err', 'freq_sigma_FitGauss_mu_rel_err', 'freq_sigma_FitGauss_gauss_sigma_rel_err', 'freq_sigma_FitGauss_amplitude-detection', 'freq_sigma_FitGauss_mu-detection', 'freq_sigma_FitGauss_ndof', 'freq_sigma_FitGauss_rms_err']
Sep 03 03:10:24 INFO >> Performing searching on cumulative stack 315.95 49.23
Sep 03 03:10:24 INFO >> Loading the cumulative power spectra stack to search
Sep 03 03:11:21 INFO >> DM: 173.43217990509237
Sep 03 03:11:21 INFO >> sigma: 11.80477488111531
Sep 03 03:11:21 INFO >> frequency: 18.7743670115828
Sep 03 03:11:21 INFO >> Injecting 27 harmonics.
Sep 03 03:11:21 INFO >> Starting DM: 167.98856895784598
Sep 03 03:11:21 INFO >> Stopping DM: 178.91794573341673
Sep 03 03:11:21 INFO >> Expected detection at 9.55 sigma with 16 harmonics.
Sep 03 03:11:35 INFO >> Start searching 6558 dm trials using 32 harmonics.
Sep 03 03:11:40 INFO >> Moved power spectra to shared memory.
Sep 03 03:11:40 INFO >> Number of dm trials in single multi processing job: 10
Sep 03 03:12:22 INFO >> Total number of detections=15683
Sep 03 03:12:22 INFO >> Clustering the detections
Sep 03 03:12:22 INFO >> Starting clustering
Sep 03 03:12:22 INFO >> Rogue harmonic power filter reduced detections from 15683 to 8625
Sep 03 03:12:22 INFO >> Filtering out duplicate freq,dm detections at multiple nharms removes 822 detections
Sep 03 03:12:22 INFO >> Duplicate freq,dm filter reduced detections to 7803
Sep 03 03:12:22 INFO >> Number of detections over threshold sigma (6.0): 7803
Sep 03 03:12:22 INFO >> Grouping duplicate frequencies together first
Sep 03 03:12:22 INFO >> Grouping duplicate frequencies removed 7274 detections from the harmonic metric computation
Sep 03 03:12:22 INFO >> Starting freq-DM distance metric computation
Sep 03 03:12:23 INFO >> Finished freq-DM distance metric computation
Sep 03 03:12:23 INFO >> Largest group size for metric computation is 97
Sep 03 03:12:23 INFO >> Starting harmonic distance metric computation
Sep 03 03:12:24 INFO >> Finished harmonic distance metric computation
Sep 03 03:12:24 INFO >> Starting DBSCAN
Sep 03 03:12:24 INFO >> Finished DBSCAN
Sep 03 03:12:24 INFO >> Clusters found: 76
Sep 03 03:12:24 INFO >> Filtered 32 clusters below or equal 2 DM.
Sep 03 03:12:24 INFO >> Total number of candidate clusters=1
Sep 03 03:12:24 INFO >> Candidate Processor of stack (315.95 49.23)
Sep 03 03:12:24 INFO >> Making SinglePointingCandidates from a list of 1 PowerSpectraDetectionClusters
Sep 03 03:12:26 INFO >> saved candidates to ./results//injections/315.95_49.23_cumulative_power_spectra_stack_20220627_11_tpa.yml_(702,)_candidates.npz
Sep 03 03:12:26 INFO >> Injected Pulsars:     1
Sep 03 03:12:26 INFO >> Injection Candidates: 1
Sep 03 03:12:26 INFO >> Recovered Injections: 1
Sep 03 03:12:26 INFO >> 1 candidates.
Sep 03 03:12:26 INFO >> Best candidate: F0: 18.774 DM: 173.45 Sigma: 9.78
Sep 03 03:12:27 INFO >> Unlinked shared memory for cumulative stack.
Sep 03 03:12:27 INFO >> Pipeline execution time: 2.07 minutes
