Sep 03 04:02:42 INFO >> {"message": "Waiting for suitable server to become available", "selector": "Primary()", "operation": "find", "topologyDescription": "<TopologyDescription id: 66d68a623efd63353305fd8c, topology_type: Unknown, servers: [<ServerDescription ('localhost', 27017) server_type: Unknown, rtt: None>]>", "clientId": {"$oid": "66d68a623efd63353305fd8c"}, "remainingTimeMS": 29}
Sep 03 04:02:42 INFO >> Features initialized as the following:
Sep 03 04:02:42 INFO >> num_unique_dms
Sep 03 04:02:42 INFO >> num_unique_freqs
Sep 03 04:02:42 INFO >> ndetections
Sep 03 04:02:42 INFO >> nharm
Sep 03 04:02:42 INFO >> log_p_dm
Sep 03 04:02:42 INFO >> ['dm_sigma_FitGaussWidth_gauss_sigma', 'dm_sigma_FitGaussWidth_gauss_sigma_rel_err', 'dm_sigma_FitGaussWidth_ndof', 'dm_sigma_FitGaussWidth_rms_err']
Sep 03 04:02:42 INFO >> ['dm_sigma_FitGauss_amplitude', 'dm_sigma_FitGauss_mu', 'dm_sigma_FitGauss_gauss_sigma', 'dm_sigma_FitGauss_amplitude_rel_err', 'dm_sigma_FitGauss_mu_rel_err', 'dm_sigma_FitGauss_gauss_sigma_rel_err', 'dm_sigma_FitGauss_amplitude-detection', 'dm_sigma_FitGauss_mu-detection', 'dm_sigma_FitGauss_ndof', 'dm_sigma_FitGauss_rms_err']
Sep 03 04:02:42 INFO >> ['freq_sigma_FitGaussWidth_gauss_sigma', 'freq_sigma_FitGaussWidth_gauss_sigma_rel_err', 'freq_sigma_FitGaussWidth_ndof', 'freq_sigma_FitGaussWidth_rms_err']
Sep 03 04:02:42 INFO >> ['freq_sigma_FitGauss_amplitude', 'freq_sigma_FitGauss_mu', 'freq_sigma_FitGauss_gauss_sigma', 'freq_sigma_FitGauss_amplitude_rel_err', 'freq_sigma_FitGauss_mu_rel_err', 'freq_sigma_FitGauss_gauss_sigma_rel_err', 'freq_sigma_FitGauss_amplitude-detection', 'freq_sigma_FitGauss_mu-detection', 'freq_sigma_FitGauss_ndof', 'freq_sigma_FitGauss_rms_err']
Sep 03 04:02:42 INFO >> Performing searching on cumulative stack 315.95 49.23
Sep 03 04:02:42 INFO >> Loading the cumulative power spectra stack to search
Sep 03 04:03:40 INFO >> DM: 148.56491763727786
Sep 03 04:03:40 INFO >> sigma: 12.464946934825951
Sep 03 04:03:40 INFO >> frequency: 14.389063448339538
Sep 03 04:03:40 INFO >> Injecting 35 harmonics.
Sep 03 04:03:40 INFO >> Starting DM: 141.3735125506692
Sep 03 04:03:40 INFO >> Stopping DM: 155.74361905188252
Sep 03 04:03:40 INFO >> Expected detection at 13.45 sigma with 16 harmonics.
Sep 03 04:03:54 INFO >> Start searching 6558 dm trials using 32 harmonics.
Sep 03 04:04:00 INFO >> Moved power spectra to shared memory.
Sep 03 04:04:00 INFO >> Number of dm trials in single multi processing job: 10
Sep 03 04:04:40 INFO >> Total number of detections=15644
Sep 03 04:04:40 INFO >> Clustering the detections
Sep 03 04:04:40 INFO >> Starting clustering
Sep 03 04:04:40 INFO >> Rogue harmonic power filter reduced detections from 15644 to 8586
Sep 03 04:04:40 INFO >> Filtering out duplicate freq,dm detections at multiple nharms removes 806 detections
Sep 03 04:04:40 INFO >> Duplicate freq,dm filter reduced detections to 7780
Sep 03 04:04:40 INFO >> Number of detections over threshold sigma (6.0): 7780
Sep 03 04:04:40 INFO >> Grouping duplicate frequencies together first
Sep 03 04:04:40 INFO >> Grouping duplicate frequencies removed 7248 detections from the harmonic metric computation
Sep 03 04:04:40 INFO >> Starting freq-DM distance metric computation
Sep 03 04:04:41 INFO >> Finished freq-DM distance metric computation
Sep 03 04:04:41 INFO >> Largest group size for metric computation is 97
Sep 03 04:04:41 INFO >> Starting harmonic distance metric computation
Sep 03 04:04:42 INFO >> Finished harmonic distance metric computation
Sep 03 04:04:42 INFO >> Starting DBSCAN
Sep 03 04:04:42 INFO >> Finished DBSCAN
Sep 03 04:04:42 INFO >> Clusters found: 77
Sep 03 04:04:42 INFO >> Filtered 32 clusters below or equal 2 DM.
Sep 03 04:04:42 INFO >> Total number of candidate clusters=2
Sep 03 04:04:42 INFO >> Candidate Processor of stack (315.95 49.23)
Sep 03 04:04:42 INFO >> Making SinglePointingCandidates from a list of 2 PowerSpectraDetectionClusters
Sep 03 04:04:44 INFO >> saved candidates to ./results//injections/315.95_49.23_cumulative_power_spectra_stack_20220627_11_tpa.yml_(727,)_candidates.npz
Sep 03 04:04:44 INFO >> Injected Pulsars:     1
Sep 03 04:04:44 INFO >> Injection Candidates: 2
Sep 03 04:04:44 INFO >> Recovered Injections: 1
Sep 03 04:04:44 INFO >> 2 candidates.
Sep 03 04:04:44 INFO >> Best candidate: F0: 14.389 DM: 148.56 Sigma: 14.10
Sep 03 04:04:46 INFO >> Unlinked shared memory for cumulative stack.
Sep 03 04:04:46 INFO >> Pipeline execution time: 2.07 minutes
