Sep 03 04:50:48 INFO >> {"message": "Waiting for suitable server to become available", "selector": "Primary()", "operation": "find", "topologyDescription": "<TopologyDescription id: 66d695a86095a1f2b78c23d9, topology_type: Unknown, servers: [<ServerDescription ('localhost', 27017) server_type: Unknown, rtt: None>]>", "clientId": {"$oid": "66d695a86095a1f2b78c23d9"}, "remainingTimeMS": 29}
Sep 03 04:50:48 INFO >> Features initialized as the following:
Sep 03 04:50:48 INFO >> num_unique_dms
Sep 03 04:50:48 INFO >> num_unique_freqs
Sep 03 04:50:48 INFO >> ndetections
Sep 03 04:50:48 INFO >> nharm
Sep 03 04:50:48 INFO >> log_p_dm
Sep 03 04:50:48 INFO >> ['dm_sigma_FitGaussWidth_gauss_sigma', 'dm_sigma_FitGaussWidth_gauss_sigma_rel_err', 'dm_sigma_FitGaussWidth_ndof', 'dm_sigma_FitGaussWidth_rms_err']
Sep 03 04:50:48 INFO >> ['dm_sigma_FitGauss_amplitude', 'dm_sigma_FitGauss_mu', 'dm_sigma_FitGauss_gauss_sigma', 'dm_sigma_FitGauss_amplitude_rel_err', 'dm_sigma_FitGauss_mu_rel_err', 'dm_sigma_FitGauss_gauss_sigma_rel_err', 'dm_sigma_FitGauss_amplitude-detection', 'dm_sigma_FitGauss_mu-detection', 'dm_sigma_FitGauss_ndof', 'dm_sigma_FitGauss_rms_err']
Sep 03 04:50:48 INFO >> ['freq_sigma_FitGaussWidth_gauss_sigma', 'freq_sigma_FitGaussWidth_gauss_sigma_rel_err', 'freq_sigma_FitGaussWidth_ndof', 'freq_sigma_FitGaussWidth_rms_err']
Sep 03 04:50:48 INFO >> ['freq_sigma_FitGauss_amplitude', 'freq_sigma_FitGauss_mu', 'freq_sigma_FitGauss_gauss_sigma', 'freq_sigma_FitGauss_amplitude_rel_err', 'freq_sigma_FitGauss_mu_rel_err', 'freq_sigma_FitGauss_gauss_sigma_rel_err', 'freq_sigma_FitGauss_amplitude-detection', 'freq_sigma_FitGauss_mu-detection', 'freq_sigma_FitGauss_ndof', 'freq_sigma_FitGauss_rms_err']
Sep 03 04:50:48 INFO >> Performing searching on cumulative stack 315.95 49.23
Sep 03 04:50:48 INFO >> Loading the cumulative power spectra stack to search
Sep 03 04:51:45 INFO >> DM: 72.36845431464077
Sep 03 04:51:45 INFO >> sigma: 11.64161741063264
Sep 03 04:51:45 INFO >> frequency: 34.73639512553234
Sep 03 04:51:45 INFO >> Injecting 14 harmonics.
Sep 03 04:51:45 INFO >> Starting DM: 69.4217821114954
Sep 03 04:51:45 INFO >> Stopping DM: 75.2912622317093
Sep 03 04:51:45 INFO >> Expected detection at 10.75 sigma with 8 harmonics.
Sep 03 04:51:59 INFO >> Start searching 6558 dm trials using 32 harmonics.
Sep 03 04:52:05 INFO >> Moved power spectra to shared memory.
Sep 03 04:52:05 INFO >> Number of dm trials in single multi processing job: 10
Sep 03 04:52:45 INFO >> Total number of detections=15593
Sep 03 04:52:45 INFO >> Clustering the detections
Sep 03 04:52:45 INFO >> Starting clustering
Sep 03 04:52:45 INFO >> Rogue harmonic power filter reduced detections from 15593 to 8535
Sep 03 04:52:45 INFO >> Filtering out duplicate freq,dm detections at multiple nharms removes 792 detections
Sep 03 04:52:45 INFO >> Duplicate freq,dm filter reduced detections to 7743
Sep 03 04:52:45 INFO >> Number of detections over threshold sigma (6.0): 7743
Sep 03 04:52:45 INFO >> Grouping duplicate frequencies together first
Sep 03 04:52:45 INFO >> Grouping duplicate frequencies removed 7218 detections from the harmonic metric computation
Sep 03 04:52:45 INFO >> Starting freq-DM distance metric computation
Sep 03 04:52:45 INFO >> Finished freq-DM distance metric computation
Sep 03 04:52:46 INFO >> Largest group size for metric computation is 97
Sep 03 04:52:46 INFO >> Starting harmonic distance metric computation
Sep 03 04:52:46 INFO >> Finished harmonic distance metric computation
Sep 03 04:52:46 INFO >> Starting DBSCAN
Sep 03 04:52:46 INFO >> Finished DBSCAN
Sep 03 04:52:46 INFO >> Clusters found: 76
Sep 03 04:52:46 INFO >> Filtered 32 clusters below or equal 2 DM.
Sep 03 04:52:46 INFO >> Total number of candidate clusters=1
Sep 03 04:52:47 INFO >> Candidate Processor of stack (315.95 49.23)
Sep 03 04:52:47 INFO >> Making SinglePointingCandidates from a list of 1 PowerSpectraDetectionClusters
Sep 03 04:52:49 INFO >> saved candidates to ./results//injections/315.95_49.23_cumulative_power_spectra_stack_20220627_11_tpa.yml_(750,)_candidates.npz
Sep 03 04:52:49 INFO >> Injected Pulsars:     1
Sep 03 04:52:49 INFO >> Injection Candidates: 1
Sep 03 04:52:49 INFO >> Recovered Injections: 1
Sep 03 04:52:49 INFO >> 1 candidates.
Sep 03 04:52:49 INFO >> Best candidate: F0: 34.736 DM: 72.36 Sigma: 10.15
Sep 03 04:52:50 INFO >> Unlinked shared memory for cumulative stack.
Sep 03 04:52:50 INFO >> Pipeline execution time: 2.04 minutes
