Sep 03 01:00:34 INFO >> {"message": "Waiting for suitable server to become available", "selector": "Primary()", "operation": "find", "topologyDescription": "<TopologyDescription id: 66d65fb2885d372a64a7c9f0, topology_type: Unknown, servers: [<ServerDescription ('localhost', 27017) server_type: Unknown, rtt: None>]>", "clientId": {"$oid": "66d65fb2885d372a64a7c9f0"}, "remainingTimeMS": 29}
Sep 03 01:00:34 INFO >> Features initialized as the following:
Sep 03 01:00:34 INFO >> num_unique_dms
Sep 03 01:00:34 INFO >> num_unique_freqs
Sep 03 01:00:34 INFO >> ndetections
Sep 03 01:00:34 INFO >> nharm
Sep 03 01:00:34 INFO >> log_p_dm
Sep 03 01:00:34 INFO >> ['dm_sigma_FitGaussWidth_gauss_sigma', 'dm_sigma_FitGaussWidth_gauss_sigma_rel_err', 'dm_sigma_FitGaussWidth_ndof', 'dm_sigma_FitGaussWidth_rms_err']
Sep 03 01:00:34 INFO >> ['dm_sigma_FitGauss_amplitude', 'dm_sigma_FitGauss_mu', 'dm_sigma_FitGauss_gauss_sigma', 'dm_sigma_FitGauss_amplitude_rel_err', 'dm_sigma_FitGauss_mu_rel_err', 'dm_sigma_FitGauss_gauss_sigma_rel_err', 'dm_sigma_FitGauss_amplitude-detection', 'dm_sigma_FitGauss_mu-detection', 'dm_sigma_FitGauss_ndof', 'dm_sigma_FitGauss_rms_err']
Sep 03 01:00:34 INFO >> ['freq_sigma_FitGaussWidth_gauss_sigma', 'freq_sigma_FitGaussWidth_gauss_sigma_rel_err', 'freq_sigma_FitGaussWidth_ndof', 'freq_sigma_FitGaussWidth_rms_err']
Sep 03 01:00:34 INFO >> ['freq_sigma_FitGauss_amplitude', 'freq_sigma_FitGauss_mu', 'freq_sigma_FitGauss_gauss_sigma', 'freq_sigma_FitGauss_amplitude_rel_err', 'freq_sigma_FitGauss_mu_rel_err', 'freq_sigma_FitGauss_gauss_sigma_rel_err', 'freq_sigma_FitGauss_amplitude-detection', 'freq_sigma_FitGauss_mu-detection', 'freq_sigma_FitGauss_ndof', 'freq_sigma_FitGauss_rms_err']
Sep 03 01:00:34 INFO >> Performing searching on cumulative stack 315.95 49.23
Sep 03 01:00:34 INFO >> Loading the cumulative power spectra stack to search
Sep 03 01:01:31 INFO >> DM: 69.81041426334455
Sep 03 01:01:31 INFO >> sigma: 13.189049737618618
Sep 03 01:01:31 INFO >> frequency: 10.351540819169319
Sep 03 01:01:31 INFO >> Injecting 49 harmonics.
Sep 03 01:01:31 INFO >> Starting DM: 59.9091763994246
Sep 03 01:01:31 INFO >> Stopping DM: 79.74397128842328
Sep 03 01:01:31 INFO >> Expected detection at 12.46 sigma with 32 harmonics.
Sep 03 01:01:45 INFO >> Start searching 6558 dm trials using 32 harmonics.
Sep 03 01:01:51 INFO >> Moved power spectra to shared memory.
Sep 03 01:01:51 INFO >> Number of dm trials in single multi processing job: 10
Sep 03 01:02:32 INFO >> Total number of detections=15650
Sep 03 01:02:32 INFO >> Clustering the detections
Sep 03 01:02:32 INFO >> Starting clustering
Sep 03 01:02:32 INFO >> Rogue harmonic power filter reduced detections from 15650 to 8592
Sep 03 01:02:32 INFO >> Filtering out duplicate freq,dm detections at multiple nharms removes 805 detections
Sep 03 01:02:32 INFO >> Duplicate freq,dm filter reduced detections to 7787
Sep 03 01:02:32 INFO >> Number of detections over threshold sigma (6.0): 7787
Sep 03 01:02:32 INFO >> Grouping duplicate frequencies together first
Sep 03 01:02:32 INFO >> Grouping duplicate frequencies removed 7256 detections from the harmonic metric computation
Sep 03 01:02:32 INFO >> Starting freq-DM distance metric computation
Sep 03 01:02:32 INFO >> Finished freq-DM distance metric computation
Sep 03 01:02:33 INFO >> Largest group size for metric computation is 97
Sep 03 01:02:33 INFO >> Starting harmonic distance metric computation
Sep 03 01:02:33 INFO >> Finished harmonic distance metric computation
Sep 03 01:02:33 INFO >> Starting DBSCAN
Sep 03 01:02:34 INFO >> Finished DBSCAN
Sep 03 01:02:34 INFO >> Clusters found: 77
Sep 03 01:02:34 INFO >> Filtered 32 clusters below or equal 2 DM.
Sep 03 01:02:34 INFO >> Total number of candidate clusters=2
Sep 03 01:02:34 INFO >> Candidate Processor of stack (315.95 49.23)
Sep 03 01:02:34 INFO >> Making SinglePointingCandidates from a list of 2 PowerSpectraDetectionClusters
Sep 03 01:02:36 INFO >> saved candidates to ./results//injections/315.95_49.23_cumulative_power_spectra_stack_20220627_11_tpa.yml_(640,)_candidates.npz
Sep 03 01:02:36 INFO >> Injected Pulsars:     1
Sep 03 01:02:36 INFO >> Injection Candidates: 2
Sep 03 01:02:36 INFO >> Recovered Injections: 1
Sep 03 01:02:36 INFO >> 2 candidates.
Sep 03 01:02:36 INFO >> Best candidate: F0: 10.352 DM: 69.83 Sigma: 10.96
Sep 03 01:02:37 INFO >> Unlinked shared memory for cumulative stack.
Sep 03 01:02:37 INFO >> Pipeline execution time: 2.06 minutes
