Sep 03 01:59:11 INFO >> {"message": "Waiting for suitable server to become available", "selector": "Primary()", "operation": "find", "topologyDescription": "<TopologyDescription id: 66d66d6fc5c73085860d85c9, topology_type: Unknown, servers: [<ServerDescription ('localhost', 27017) server_type: Unknown, rtt: None>]>", "clientId": {"$oid": "66d66d6fc5c73085860d85c9"}, "remainingTimeMS": 29}
Sep 03 01:59:11 INFO >> Features initialized as the following:
Sep 03 01:59:11 INFO >> num_unique_dms
Sep 03 01:59:11 INFO >> num_unique_freqs
Sep 03 01:59:11 INFO >> ndetections
Sep 03 01:59:11 INFO >> nharm
Sep 03 01:59:11 INFO >> log_p_dm
Sep 03 01:59:11 INFO >> ['dm_sigma_FitGaussWidth_gauss_sigma', 'dm_sigma_FitGaussWidth_gauss_sigma_rel_err', 'dm_sigma_FitGaussWidth_ndof', 'dm_sigma_FitGaussWidth_rms_err']
Sep 03 01:59:11 INFO >> ['dm_sigma_FitGauss_amplitude', 'dm_sigma_FitGauss_mu', 'dm_sigma_FitGauss_gauss_sigma', 'dm_sigma_FitGauss_amplitude_rel_err', 'dm_sigma_FitGauss_mu_rel_err', 'dm_sigma_FitGauss_gauss_sigma_rel_err', 'dm_sigma_FitGauss_amplitude-detection', 'dm_sigma_FitGauss_mu-detection', 'dm_sigma_FitGauss_ndof', 'dm_sigma_FitGauss_rms_err']
Sep 03 01:59:11 INFO >> ['freq_sigma_FitGaussWidth_gauss_sigma', 'freq_sigma_FitGaussWidth_gauss_sigma_rel_err', 'freq_sigma_FitGaussWidth_ndof', 'freq_sigma_FitGaussWidth_rms_err']
Sep 03 01:59:11 INFO >> ['freq_sigma_FitGauss_amplitude', 'freq_sigma_FitGauss_mu', 'freq_sigma_FitGauss_gauss_sigma', 'freq_sigma_FitGauss_amplitude_rel_err', 'freq_sigma_FitGauss_mu_rel_err', 'freq_sigma_FitGauss_gauss_sigma_rel_err', 'freq_sigma_FitGauss_amplitude-detection', 'freq_sigma_FitGauss_mu-detection', 'freq_sigma_FitGauss_ndof', 'freq_sigma_FitGauss_rms_err']
Sep 03 01:59:12 INFO >> Performing searching on cumulative stack 315.95 49.23
Sep 03 01:59:12 INFO >> Loading the cumulative power spectra stack to search
Sep 03 02:00:09 INFO >> DM: 70.99617758832426
Sep 03 02:00:09 INFO >> sigma: 10.762587046754552
Sep 03 02:00:09 INFO >> frequency: 47.686917965220985
Sep 03 02:00:09 INFO >> Injecting 10 harmonics.
Sep 03 02:00:09 INFO >> Starting DM: 68.81459451285258
Sep 03 02:00:09 INFO >> Stopping DM: 73.16610563645945
Sep 03 02:00:09 INFO >> Expected detection at 4.72 sigma with 8 harmonics.
Sep 03 02:00:23 INFO >> Start searching 6558 dm trials using 32 harmonics.
Sep 03 02:00:29 INFO >> Moved power spectra to shared memory.
Sep 03 02:00:29 INFO >> Number of dm trials in single multi processing job: 10
Sep 03 02:01:10 INFO >> Total number of detections=15577
Sep 03 02:01:10 INFO >> Clustering the detections
Sep 03 02:01:10 INFO >> Starting clustering
Sep 03 02:01:10 INFO >> Rogue harmonic power filter reduced detections from 15577 to 8519
Sep 03 02:01:10 INFO >> Filtering out duplicate freq,dm detections at multiple nharms removes 787 detections
Sep 03 02:01:10 INFO >> Duplicate freq,dm filter reduced detections to 7732
Sep 03 02:01:10 INFO >> Number of detections over threshold sigma (6.0): 7732
Sep 03 02:01:10 INFO >> Grouping duplicate frequencies together first
Sep 03 02:01:10 INFO >> Grouping duplicate frequencies removed 7214 detections from the harmonic metric computation
Sep 03 02:01:10 INFO >> Starting freq-DM distance metric computation
Sep 03 02:01:10 INFO >> Finished freq-DM distance metric computation
Sep 03 02:01:11 INFO >> Largest group size for metric computation is 97
Sep 03 02:01:11 INFO >> Starting harmonic distance metric computation
Sep 03 02:01:11 INFO >> Finished harmonic distance metric computation
Sep 03 02:01:11 INFO >> Starting DBSCAN
Sep 03 02:01:11 INFO >> Finished DBSCAN
Sep 03 02:01:11 INFO >> Clusters found: 75
Sep 03 02:01:11 INFO >> Filtered 32 clusters below or equal 2 DM.
Sep 03 02:01:11 INFO >> Total number of candidate clusters=0
Sep 03 02:01:12 INFO >> Candidate Processor of stack (315.95 49.23)
Sep 03 02:01:12 INFO >> Making SinglePointingCandidates from a list of 0 PowerSpectraDetectionClusters
Sep 03 02:01:13 INFO >> saved candidates to ./results//injections/315.95_49.23_cumulative_power_spectra_stack_20220627_11_tpa.yml_(668,)_candidates.npz
Sep 03 02:01:13 INFO >> Injected Pulsars:     1
Sep 03 02:01:13 INFO >> Injection Candidates: 0
Sep 03 02:01:13 INFO >> Recovered Injections: 0
Sep 03 02:01:13 INFO >> 0 candidates.
Sep 03 02:01:15 INFO >> Unlinked shared memory for cumulative stack.
Sep 03 02:01:15 INFO >> Pipeline execution time: 2.06 minutes
