Sep 03 00:20:50 INFO >> {"message": "Waiting for suitable server to become available", "selector": "Primary()", "operation": "find", "topologyDescription": "<TopologyDescription id: 66d65662e315d0679c2ed21a, topology_type: Unknown, servers: [<ServerDescription ('localhost', 27017) server_type: Unknown, rtt: None>]>", "clientId": {"$oid": "66d65662e315d0679c2ed21a"}, "remainingTimeMS": 29}
Sep 03 00:20:50 INFO >> Features initialized as the following:
Sep 03 00:20:50 INFO >> num_unique_dms
Sep 03 00:20:50 INFO >> num_unique_freqs
Sep 03 00:20:50 INFO >> ndetections
Sep 03 00:20:50 INFO >> nharm
Sep 03 00:20:50 INFO >> log_p_dm
Sep 03 00:20:50 INFO >> ['dm_sigma_FitGaussWidth_gauss_sigma', 'dm_sigma_FitGaussWidth_gauss_sigma_rel_err', 'dm_sigma_FitGaussWidth_ndof', 'dm_sigma_FitGaussWidth_rms_err']
Sep 03 00:20:50 INFO >> ['dm_sigma_FitGauss_amplitude', 'dm_sigma_FitGauss_mu', 'dm_sigma_FitGauss_gauss_sigma', 'dm_sigma_FitGauss_amplitude_rel_err', 'dm_sigma_FitGauss_mu_rel_err', 'dm_sigma_FitGauss_gauss_sigma_rel_err', 'dm_sigma_FitGauss_amplitude-detection', 'dm_sigma_FitGauss_mu-detection', 'dm_sigma_FitGauss_ndof', 'dm_sigma_FitGauss_rms_err']
Sep 03 00:20:50 INFO >> ['freq_sigma_FitGaussWidth_gauss_sigma', 'freq_sigma_FitGaussWidth_gauss_sigma_rel_err', 'freq_sigma_FitGaussWidth_ndof', 'freq_sigma_FitGaussWidth_rms_err']
Sep 03 00:20:50 INFO >> ['freq_sigma_FitGauss_amplitude', 'freq_sigma_FitGauss_mu', 'freq_sigma_FitGauss_gauss_sigma', 'freq_sigma_FitGauss_amplitude_rel_err', 'freq_sigma_FitGauss_mu_rel_err', 'freq_sigma_FitGauss_gauss_sigma_rel_err', 'freq_sigma_FitGauss_amplitude-detection', 'freq_sigma_FitGauss_mu-detection', 'freq_sigma_FitGauss_ndof', 'freq_sigma_FitGauss_rms_err']
Sep 03 00:20:50 INFO >> Performing searching on cumulative stack 315.95 49.23
Sep 03 00:20:50 INFO >> Loading the cumulative power spectra stack to search
Sep 03 00:21:47 INFO >> DM: 192.88343455028442
Sep 03 00:21:47 INFO >> sigma: 12.485190025275163
Sep 03 00:21:47 INFO >> frequency: 71.10535594931929
Sep 03 00:21:47 INFO >> Injecting 7 harmonics.
Sep 03 00:21:47 INFO >> Starting DM: 191.46648943870161
Sep 03 00:21:47 INFO >> Stopping DM: 194.3000315657014
Sep 03 00:21:47 INFO >> Expected detection at 5.77 sigma with 4 harmonics.
Sep 03 00:22:01 INFO >> Start searching 6558 dm trials using 32 harmonics.
Sep 03 00:22:07 INFO >> Moved power spectra to shared memory.
Sep 03 00:22:07 INFO >> Number of dm trials in single multi processing job: 10
Sep 03 00:22:47 INFO >> Total number of detections=15577
Sep 03 00:22:47 INFO >> Clustering the detections
Sep 03 00:22:47 INFO >> Starting clustering
Sep 03 00:22:47 INFO >> Rogue harmonic power filter reduced detections from 15577 to 8519
Sep 03 00:22:47 INFO >> Filtering out duplicate freq,dm detections at multiple nharms removes 787 detections
Sep 03 00:22:47 INFO >> Duplicate freq,dm filter reduced detections to 7732
Sep 03 00:22:47 INFO >> Number of detections over threshold sigma (6.0): 7732
Sep 03 00:22:47 INFO >> Grouping duplicate frequencies together first
Sep 03 00:22:47 INFO >> Grouping duplicate frequencies removed 7214 detections from the harmonic metric computation
Sep 03 00:22:47 INFO >> Starting freq-DM distance metric computation
Sep 03 00:22:47 INFO >> Finished freq-DM distance metric computation
Sep 03 00:22:48 INFO >> Largest group size for metric computation is 97
Sep 03 00:22:48 INFO >> Starting harmonic distance metric computation
Sep 03 00:22:48 INFO >> Finished harmonic distance metric computation
Sep 03 00:22:48 INFO >> Starting DBSCAN
Sep 03 00:22:48 INFO >> Finished DBSCAN
Sep 03 00:22:48 INFO >> Clusters found: 75
Sep 03 00:22:48 INFO >> Filtered 32 clusters below or equal 2 DM.
Sep 03 00:22:48 INFO >> Total number of candidate clusters=0
Sep 03 00:22:49 INFO >> Candidate Processor of stack (315.95 49.23)
Sep 03 00:22:49 INFO >> Making SinglePointingCandidates from a list of 0 PowerSpectraDetectionClusters
Sep 03 00:22:50 INFO >> saved candidates to ./results//injections/315.95_49.23_cumulative_power_spectra_stack_20220627_11_tpa.yml_(621,)_candidates.npz
Sep 03 00:22:50 INFO >> Injected Pulsars:     1
Sep 03 00:22:50 INFO >> Injection Candidates: 0
Sep 03 00:22:50 INFO >> Recovered Injections: 0
Sep 03 00:22:50 INFO >> 0 candidates.
Sep 03 00:22:52 INFO >> Unlinked shared memory for cumulative stack.
Sep 03 00:22:52 INFO >> Pipeline execution time: 2.04 minutes
