Sep 03 01:23:38 INFO >> {"message": "Waiting for suitable server to become available", "selector": "Primary()", "operation": "find", "topologyDescription": "<TopologyDescription id: 66d6651abcb7d77c81c85ee5, topology_type: Unknown, servers: [<ServerDescription ('localhost', 27017) server_type: Unknown, rtt: None>]>", "clientId": {"$oid": "66d6651abcb7d77c81c85ee5"}, "remainingTimeMS": 29}
Sep 03 01:23:38 INFO >> Features initialized as the following:
Sep 03 01:23:38 INFO >> num_unique_dms
Sep 03 01:23:38 INFO >> num_unique_freqs
Sep 03 01:23:38 INFO >> ndetections
Sep 03 01:23:38 INFO >> nharm
Sep 03 01:23:38 INFO >> log_p_dm
Sep 03 01:23:38 INFO >> ['dm_sigma_FitGaussWidth_gauss_sigma', 'dm_sigma_FitGaussWidth_gauss_sigma_rel_err', 'dm_sigma_FitGaussWidth_ndof', 'dm_sigma_FitGaussWidth_rms_err']
Sep 03 01:23:38 INFO >> ['dm_sigma_FitGauss_amplitude', 'dm_sigma_FitGauss_mu', 'dm_sigma_FitGauss_gauss_sigma', 'dm_sigma_FitGauss_amplitude_rel_err', 'dm_sigma_FitGauss_mu_rel_err', 'dm_sigma_FitGauss_gauss_sigma_rel_err', 'dm_sigma_FitGauss_amplitude-detection', 'dm_sigma_FitGauss_mu-detection', 'dm_sigma_FitGauss_ndof', 'dm_sigma_FitGauss_rms_err']
Sep 03 01:23:38 INFO >> ['freq_sigma_FitGaussWidth_gauss_sigma', 'freq_sigma_FitGaussWidth_gauss_sigma_rel_err', 'freq_sigma_FitGaussWidth_ndof', 'freq_sigma_FitGaussWidth_rms_err']
Sep 03 01:23:38 INFO >> ['freq_sigma_FitGauss_amplitude', 'freq_sigma_FitGauss_mu', 'freq_sigma_FitGauss_gauss_sigma', 'freq_sigma_FitGauss_amplitude_rel_err', 'freq_sigma_FitGauss_mu_rel_err', 'freq_sigma_FitGauss_gauss_sigma_rel_err', 'freq_sigma_FitGauss_amplitude-detection', 'freq_sigma_FitGauss_mu-detection', 'freq_sigma_FitGauss_ndof', 'freq_sigma_FitGauss_rms_err']
Sep 03 01:23:38 INFO >> Performing searching on cumulative stack 315.95 49.23
Sep 03 01:23:38 INFO >> Loading the cumulative power spectra stack to search
Sep 03 01:24:35 INFO >> DM: 160.52546935970668
Sep 03 01:24:35 INFO >> sigma: 11.235638108658975
Sep 03 01:24:35 INFO >> frequency: 87.68432784762653
Sep 03 01:24:35 INFO >> Injecting 5 harmonics.
Sep 03 01:24:35 INFO >> Starting DM: 159.38674464373943
Sep 03 01:24:35 INFO >> Stopping DM: 161.7142971052036
Sep 03 01:24:35 INFO >> Expected detection at 4.64 sigma with 4 harmonics.
Sep 03 01:24:49 INFO >> Start searching 6558 dm trials using 32 harmonics.
Sep 03 01:24:55 INFO >> Moved power spectra to shared memory.
Sep 03 01:24:55 INFO >> Number of dm trials in single multi processing job: 10
Sep 03 01:25:35 INFO >> Total number of detections=15578
Sep 03 01:25:35 INFO >> Clustering the detections
Sep 03 01:25:35 INFO >> Starting clustering
Sep 03 01:25:35 INFO >> Rogue harmonic power filter reduced detections from 15578 to 8520
Sep 03 01:25:36 INFO >> Filtering out duplicate freq,dm detections at multiple nharms removes 787 detections
Sep 03 01:25:36 INFO >> Duplicate freq,dm filter reduced detections to 7733
Sep 03 01:25:36 INFO >> Number of detections over threshold sigma (6.0): 7733
Sep 03 01:25:36 INFO >> Grouping duplicate frequencies together first
Sep 03 01:25:36 INFO >> Grouping duplicate frequencies removed 7214 detections from the harmonic metric computation
Sep 03 01:25:36 INFO >> Starting freq-DM distance metric computation
Sep 03 01:25:36 INFO >> Finished freq-DM distance metric computation
Sep 03 01:25:36 INFO >> Largest group size for metric computation is 97
Sep 03 01:25:36 INFO >> Starting harmonic distance metric computation
Sep 03 01:25:37 INFO >> Finished harmonic distance metric computation
Sep 03 01:25:37 INFO >> Starting DBSCAN
Sep 03 01:25:37 INFO >> Finished DBSCAN
Sep 03 01:25:37 INFO >> Clusters found: 75
Sep 03 01:25:37 INFO >> Filtered 32 clusters below or equal 2 DM.
Sep 03 01:25:37 INFO >> Total number of candidate clusters=0
Sep 03 01:25:37 INFO >> Candidate Processor of stack (315.95 49.23)
Sep 03 01:25:37 INFO >> Making SinglePointingCandidates from a list of 0 PowerSpectraDetectionClusters
Sep 03 01:25:39 INFO >> saved candidates to ./results//injections/315.95_49.23_cumulative_power_spectra_stack_20220627_11_tpa.yml_(651,)_candidates.npz
Sep 03 01:25:39 INFO >> Injected Pulsars:     1
Sep 03 01:25:39 INFO >> Injection Candidates: 0
Sep 03 01:25:39 INFO >> Recovered Injections: 0
Sep 03 01:25:39 INFO >> 0 candidates.
Sep 03 01:25:40 INFO >> Unlinked shared memory for cumulative stack.
Sep 03 01:25:40 INFO >> Pipeline execution time: 2.04 minutes
