Sep 03 04:46:38 INFO >> {"message": "Waiting for suitable server to become available", "selector": "Primary()", "operation": "find", "topologyDescription": "<TopologyDescription id: 66d694aee43d129e3aaa1ed3, topology_type: Unknown, servers: [<ServerDescription ('localhost', 27017) server_type: Unknown, rtt: None>]>", "clientId": {"$oid": "66d694aee43d129e3aaa1ed3"}, "remainingTimeMS": 29}
Sep 03 04:46:38 INFO >> Features initialized as the following:
Sep 03 04:46:38 INFO >> num_unique_dms
Sep 03 04:46:38 INFO >> num_unique_freqs
Sep 03 04:46:38 INFO >> ndetections
Sep 03 04:46:38 INFO >> nharm
Sep 03 04:46:38 INFO >> log_p_dm
Sep 03 04:46:38 INFO >> ['dm_sigma_FitGaussWidth_gauss_sigma', 'dm_sigma_FitGaussWidth_gauss_sigma_rel_err', 'dm_sigma_FitGaussWidth_ndof', 'dm_sigma_FitGaussWidth_rms_err']
Sep 03 04:46:38 INFO >> ['dm_sigma_FitGauss_amplitude', 'dm_sigma_FitGauss_mu', 'dm_sigma_FitGauss_gauss_sigma', 'dm_sigma_FitGauss_amplitude_rel_err', 'dm_sigma_FitGauss_mu_rel_err', 'dm_sigma_FitGauss_gauss_sigma_rel_err', 'dm_sigma_FitGauss_amplitude-detection', 'dm_sigma_FitGauss_mu-detection', 'dm_sigma_FitGauss_ndof', 'dm_sigma_FitGauss_rms_err']
Sep 03 04:46:38 INFO >> ['freq_sigma_FitGaussWidth_gauss_sigma', 'freq_sigma_FitGaussWidth_gauss_sigma_rel_err', 'freq_sigma_FitGaussWidth_ndof', 'freq_sigma_FitGaussWidth_rms_err']
Sep 03 04:46:38 INFO >> ['freq_sigma_FitGauss_amplitude', 'freq_sigma_FitGauss_mu', 'freq_sigma_FitGauss_gauss_sigma', 'freq_sigma_FitGauss_amplitude_rel_err', 'freq_sigma_FitGauss_mu_rel_err', 'freq_sigma_FitGauss_gauss_sigma_rel_err', 'freq_sigma_FitGauss_amplitude-detection', 'freq_sigma_FitGauss_mu-detection', 'freq_sigma_FitGauss_ndof', 'freq_sigma_FitGauss_rms_err']
Sep 03 04:46:38 INFO >> Performing searching on cumulative stack 315.95 49.23
Sep 03 04:46:38 INFO >> Loading the cumulative power spectra stack to search
Sep 03 04:47:35 INFO >> DM: 170.39970159526393
Sep 03 04:47:35 INFO >> sigma: 16.93050099951449
Sep 03 04:47:35 INFO >> frequency: 52.06357371992186
Sep 03 04:47:35 INFO >> Injecting 9 harmonics.
Sep 03 04:47:35 INFO >> Starting DM: 168.39336069027456
Sep 03 04:47:35 INFO >> Stopping DM: 172.34008008145287
Sep 03 04:47:35 INFO >> Expected detection at 12.85 sigma with 8 harmonics.
Sep 03 04:47:49 INFO >> Start searching 6558 dm trials using 32 harmonics.
Sep 03 04:47:55 INFO >> Moved power spectra to shared memory.
Sep 03 04:47:55 INFO >> Number of dm trials in single multi processing job: 10
Sep 03 04:48:35 INFO >> Total number of detections=15593
Sep 03 04:48:35 INFO >> Clustering the detections
Sep 03 04:48:35 INFO >> Starting clustering
Sep 03 04:48:35 INFO >> Rogue harmonic power filter reduced detections from 15593 to 8535
Sep 03 04:48:35 INFO >> Filtering out duplicate freq,dm detections at multiple nharms removes 792 detections
Sep 03 04:48:35 INFO >> Duplicate freq,dm filter reduced detections to 7743
Sep 03 04:48:35 INFO >> Number of detections over threshold sigma (6.0): 7743
Sep 03 04:48:35 INFO >> Grouping duplicate frequencies together first
Sep 03 04:48:35 INFO >> Grouping duplicate frequencies removed 7217 detections from the harmonic metric computation
Sep 03 04:48:35 INFO >> Starting freq-DM distance metric computation
Sep 03 04:48:35 INFO >> Finished freq-DM distance metric computation
Sep 03 04:48:36 INFO >> Largest group size for metric computation is 97
Sep 03 04:48:36 INFO >> Starting harmonic distance metric computation
Sep 03 04:48:36 INFO >> Finished harmonic distance metric computation
Sep 03 04:48:36 INFO >> Starting DBSCAN
Sep 03 04:48:37 INFO >> Finished DBSCAN
Sep 03 04:48:37 INFO >> Clusters found: 76
Sep 03 04:48:37 INFO >> Filtered 32 clusters below or equal 2 DM.
Sep 03 04:48:37 INFO >> Total number of candidate clusters=1
Sep 03 04:48:37 INFO >> Candidate Processor of stack (315.95 49.23)
Sep 03 04:48:37 INFO >> Making SinglePointingCandidates from a list of 1 PowerSpectraDetectionClusters
Sep 03 04:48:39 INFO >> saved candidates to ./results//injections/315.95_49.23_cumulative_power_spectra_stack_20220627_11_tpa.yml_(748,)_candidates.npz
Sep 03 04:48:39 INFO >> Injected Pulsars:     1
Sep 03 04:48:39 INFO >> Injection Candidates: 1
Sep 03 04:48:39 INFO >> Recovered Injections: 1
Sep 03 04:48:39 INFO >> 1 candidates.
Sep 03 04:48:39 INFO >> Best candidate: F0: 52.064 DM: 170.42 Sigma: 12.46
Sep 03 04:48:40 INFO >> Unlinked shared memory for cumulative stack.
Sep 03 04:48:40 INFO >> Pipeline execution time: 2.04 minutes
