Sep 03 02:36:55 INFO >> {"message": "Waiting for suitable server to become available", "selector": "Primary()", "operation": "find", "topologyDescription": "<TopologyDescription id: 66d67647f9830ae26a98b554, topology_type: Unknown, servers: [<ServerDescription ('localhost', 27017) server_type: Unknown, rtt: None>]>", "clientId": {"$oid": "66d67647f9830ae26a98b554"}, "remainingTimeMS": 29}
Sep 03 02:36:55 INFO >> Features initialized as the following:
Sep 03 02:36:55 INFO >> num_unique_dms
Sep 03 02:36:55 INFO >> num_unique_freqs
Sep 03 02:36:55 INFO >> ndetections
Sep 03 02:36:55 INFO >> nharm
Sep 03 02:36:55 INFO >> log_p_dm
Sep 03 02:36:55 INFO >> ['dm_sigma_FitGaussWidth_gauss_sigma', 'dm_sigma_FitGaussWidth_gauss_sigma_rel_err', 'dm_sigma_FitGaussWidth_ndof', 'dm_sigma_FitGaussWidth_rms_err']
Sep 03 02:36:55 INFO >> ['dm_sigma_FitGauss_amplitude', 'dm_sigma_FitGauss_mu', 'dm_sigma_FitGauss_gauss_sigma', 'dm_sigma_FitGauss_amplitude_rel_err', 'dm_sigma_FitGauss_mu_rel_err', 'dm_sigma_FitGauss_gauss_sigma_rel_err', 'dm_sigma_FitGauss_amplitude-detection', 'dm_sigma_FitGauss_mu-detection', 'dm_sigma_FitGauss_ndof', 'dm_sigma_FitGauss_rms_err']
Sep 03 02:36:55 INFO >> ['freq_sigma_FitGaussWidth_gauss_sigma', 'freq_sigma_FitGaussWidth_gauss_sigma_rel_err', 'freq_sigma_FitGaussWidth_ndof', 'freq_sigma_FitGaussWidth_rms_err']
Sep 03 02:36:55 INFO >> ['freq_sigma_FitGauss_amplitude', 'freq_sigma_FitGauss_mu', 'freq_sigma_FitGauss_gauss_sigma', 'freq_sigma_FitGauss_amplitude_rel_err', 'freq_sigma_FitGauss_mu_rel_err', 'freq_sigma_FitGauss_gauss_sigma_rel_err', 'freq_sigma_FitGauss_amplitude-detection', 'freq_sigma_FitGauss_mu-detection', 'freq_sigma_FitGauss_ndof', 'freq_sigma_FitGauss_rms_err']
Sep 03 02:36:55 INFO >> Performing searching on cumulative stack 315.95 49.23
Sep 03 02:36:55 INFO >> Loading the cumulative power spectra stack to search
Sep 03 02:37:52 INFO >> DM: 139.99084034954
Sep 03 02:37:52 INFO >> sigma: 15.265182819508688
Sep 03 02:37:52 INFO >> frequency: 77.03267292597596
Sep 03 02:37:52 INFO >> Injecting 6 harmonics.
Sep 03 02:37:52 INFO >> Starting DM: 138.64116835677655
Sep 03 02:37:52 INFO >> Stopping DM: 141.3735125506692
Sep 03 02:37:52 INFO >> Expected detection at 9.07 sigma with 4 harmonics.
Sep 03 02:38:06 INFO >> Start searching 6558 dm trials using 32 harmonics.
Sep 03 02:38:12 INFO >> Moved power spectra to shared memory.
Sep 03 02:38:12 INFO >> Number of dm trials in single multi processing job: 10
Sep 03 02:38:52 INFO >> Total number of detections=15585
Sep 03 02:38:52 INFO >> Clustering the detections
Sep 03 02:38:52 INFO >> Starting clustering
Sep 03 02:38:52 INFO >> Rogue harmonic power filter reduced detections from 15585 to 8527
Sep 03 02:38:52 INFO >> Filtering out duplicate freq,dm detections at multiple nharms removes 787 detections
Sep 03 02:38:52 INFO >> Duplicate freq,dm filter reduced detections to 7740
Sep 03 02:38:52 INFO >> Number of detections over threshold sigma (6.0): 7740
Sep 03 02:38:52 INFO >> Grouping duplicate frequencies together first
Sep 03 02:38:52 INFO >> Grouping duplicate frequencies removed 7215 detections from the harmonic metric computation
Sep 03 02:38:52 INFO >> Starting freq-DM distance metric computation
Sep 03 02:38:53 INFO >> Finished freq-DM distance metric computation
Sep 03 02:38:53 INFO >> Largest group size for metric computation is 97
Sep 03 02:38:53 INFO >> Starting harmonic distance metric computation
Sep 03 02:38:54 INFO >> Finished harmonic distance metric computation
Sep 03 02:38:54 INFO >> Starting DBSCAN
Sep 03 02:38:54 INFO >> Finished DBSCAN
Sep 03 02:38:54 INFO >> Clusters found: 75
Sep 03 02:38:54 INFO >> Filtered 32 clusters below or equal 2 DM.
Sep 03 02:38:54 INFO >> Total number of candidate clusters=0
Sep 03 02:38:54 INFO >> Candidate Processor of stack (315.95 49.23)
Sep 03 02:38:54 INFO >> Making SinglePointingCandidates from a list of 0 PowerSpectraDetectionClusters
Sep 03 02:38:56 INFO >> saved candidates to ./results//injections/315.95_49.23_cumulative_power_spectra_stack_20220627_11_tpa.yml_(686,)_candidates.npz
Sep 03 02:38:56 INFO >> Injected Pulsars:     1
Sep 03 02:38:56 INFO >> Injection Candidates: 0
Sep 03 02:38:56 INFO >> Recovered Injections: 0
Sep 03 02:38:56 INFO >> 0 candidates.
Sep 03 02:38:57 INFO >> Unlinked shared memory for cumulative stack.
Sep 03 02:38:57 INFO >> Pipeline execution time: 2.04 minutes
