Sep 03 02:57:50 INFO >> {"message": "Waiting for suitable server to become available", "selector": "Primary()", "operation": "find", "topologyDescription": "<TopologyDescription id: 66d67b2e60a15d83ff1e34fc, topology_type: Unknown, servers: [<ServerDescription ('localhost', 27017) server_type: Unknown, rtt: None>]>", "clientId": {"$oid": "66d67b2e60a15d83ff1e34fc"}, "remainingTimeMS": 29}
Sep 03 02:57:50 INFO >> Features initialized as the following:
Sep 03 02:57:50 INFO >> num_unique_dms
Sep 03 02:57:50 INFO >> num_unique_freqs
Sep 03 02:57:50 INFO >> ndetections
Sep 03 02:57:50 INFO >> nharm
Sep 03 02:57:50 INFO >> log_p_dm
Sep 03 02:57:50 INFO >> ['dm_sigma_FitGaussWidth_gauss_sigma', 'dm_sigma_FitGaussWidth_gauss_sigma_rel_err', 'dm_sigma_FitGaussWidth_ndof', 'dm_sigma_FitGaussWidth_rms_err']
Sep 03 02:57:50 INFO >> ['dm_sigma_FitGauss_amplitude', 'dm_sigma_FitGauss_mu', 'dm_sigma_FitGauss_gauss_sigma', 'dm_sigma_FitGauss_amplitude_rel_err', 'dm_sigma_FitGauss_mu_rel_err', 'dm_sigma_FitGauss_gauss_sigma_rel_err', 'dm_sigma_FitGauss_amplitude-detection', 'dm_sigma_FitGauss_mu-detection', 'dm_sigma_FitGauss_ndof', 'dm_sigma_FitGauss_rms_err']
Sep 03 02:57:50 INFO >> ['freq_sigma_FitGaussWidth_gauss_sigma', 'freq_sigma_FitGaussWidth_gauss_sigma_rel_err', 'freq_sigma_FitGaussWidth_ndof', 'freq_sigma_FitGaussWidth_rms_err']
Sep 03 02:57:50 INFO >> ['freq_sigma_FitGauss_amplitude', 'freq_sigma_FitGauss_mu', 'freq_sigma_FitGauss_gauss_sigma', 'freq_sigma_FitGauss_amplitude_rel_err', 'freq_sigma_FitGauss_mu_rel_err', 'freq_sigma_FitGauss_gauss_sigma_rel_err', 'freq_sigma_FitGauss_amplitude-detection', 'freq_sigma_FitGauss_mu-detection', 'freq_sigma_FitGauss_ndof', 'freq_sigma_FitGauss_rms_err']
Sep 03 02:57:50 INFO >> Performing searching on cumulative stack 315.95 49.23
Sep 03 02:57:50 INFO >> Loading the cumulative power spectra stack to search
Sep 03 02:58:47 INFO >> DM: 36.291731985562514
Sep 03 02:58:47 INFO >> sigma: 15.200244316188826
Sep 03 02:58:47 INFO >> frequency: 66.53130067859578
Sep 03 02:58:47 INFO >> Injecting 7 harmonics.
Sep 03 02:58:47 INFO >> Starting DM: 34.7108910557477
Sep 03 02:58:47 INFO >> Stopping DM: 37.84802698206892
Sep 03 02:58:48 INFO >> Expected detection at 5.97 sigma with 4 harmonics.
Sep 03 02:59:02 INFO >> Start searching 6558 dm trials using 32 harmonics.
Sep 03 02:59:07 INFO >> Moved power spectra to shared memory.
Sep 03 02:59:07 INFO >> Number of dm trials in single multi processing job: 10
Sep 03 02:59:48 INFO >> Total number of detections=15579
Sep 03 02:59:48 INFO >> Clustering the detections
Sep 03 02:59:48 INFO >> Starting clustering
Sep 03 02:59:48 INFO >> Rogue harmonic power filter reduced detections from 15579 to 8521
Sep 03 02:59:48 INFO >> Filtering out duplicate freq,dm detections at multiple nharms removes 787 detections
Sep 03 02:59:48 INFO >> Duplicate freq,dm filter reduced detections to 7734
Sep 03 02:59:48 INFO >> Number of detections over threshold sigma (6.0): 7734
Sep 03 02:59:48 INFO >> Grouping duplicate frequencies together first
Sep 03 02:59:48 INFO >> Grouping duplicate frequencies removed 7215 detections from the harmonic metric computation
Sep 03 02:59:48 INFO >> Starting freq-DM distance metric computation
Sep 03 02:59:48 INFO >> Finished freq-DM distance metric computation
Sep 03 02:59:48 INFO >> Largest group size for metric computation is 97
Sep 03 02:59:48 INFO >> Starting harmonic distance metric computation
Sep 03 02:59:49 INFO >> Finished harmonic distance metric computation
Sep 03 02:59:49 INFO >> Starting DBSCAN
Sep 03 02:59:49 INFO >> Finished DBSCAN
Sep 03 02:59:49 INFO >> Clusters found: 75
Sep 03 02:59:49 INFO >> Filtered 32 clusters below or equal 2 DM.
Sep 03 02:59:49 INFO >> Total number of candidate clusters=0
Sep 03 02:59:49 INFO >> Candidate Processor of stack (315.95 49.23)
Sep 03 02:59:49 INFO >> Making SinglePointingCandidates from a list of 0 PowerSpectraDetectionClusters
Sep 03 02:59:51 INFO >> saved candidates to ./results//injections/315.95_49.23_cumulative_power_spectra_stack_20220627_11_tpa.yml_(696,)_candidates.npz
Sep 03 02:59:51 INFO >> Injected Pulsars:     1
Sep 03 02:59:51 INFO >> Injection Candidates: 0
Sep 03 02:59:51 INFO >> Recovered Injections: 0
Sep 03 02:59:51 INFO >> 0 candidates.
Sep 03 02:59:52 INFO >> Unlinked shared memory for cumulative stack.
Sep 03 02:59:52 INFO >> Pipeline execution time: 2.05 minutes
