Sep 03 02:20:09 INFO >> {"message": "Waiting for suitable server to become available", "selector": "Primary()", "operation": "find", "topologyDescription": "<TopologyDescription id: 66d67259c94a823a5c39391b, topology_type: Unknown, servers: [<ServerDescription ('localhost', 27017) server_type: Unknown, rtt: None>]>", "clientId": {"$oid": "66d67259c94a823a5c39391b"}, "remainingTimeMS": 29}
Sep 03 02:20:09 INFO >> Features initialized as the following:
Sep 03 02:20:09 INFO >> num_unique_dms
Sep 03 02:20:09 INFO >> num_unique_freqs
Sep 03 02:20:09 INFO >> ndetections
Sep 03 02:20:09 INFO >> nharm
Sep 03 02:20:09 INFO >> log_p_dm
Sep 03 02:20:09 INFO >> ['dm_sigma_FitGaussWidth_gauss_sigma', 'dm_sigma_FitGaussWidth_gauss_sigma_rel_err', 'dm_sigma_FitGaussWidth_ndof', 'dm_sigma_FitGaussWidth_rms_err']
Sep 03 02:20:09 INFO >> ['dm_sigma_FitGauss_amplitude', 'dm_sigma_FitGauss_mu', 'dm_sigma_FitGauss_gauss_sigma', 'dm_sigma_FitGauss_amplitude_rel_err', 'dm_sigma_FitGauss_mu_rel_err', 'dm_sigma_FitGauss_gauss_sigma_rel_err', 'dm_sigma_FitGauss_amplitude-detection', 'dm_sigma_FitGauss_mu-detection', 'dm_sigma_FitGauss_ndof', 'dm_sigma_FitGauss_rms_err']
Sep 03 02:20:09 INFO >> ['freq_sigma_FitGaussWidth_gauss_sigma', 'freq_sigma_FitGaussWidth_gauss_sigma_rel_err', 'freq_sigma_FitGaussWidth_ndof', 'freq_sigma_FitGaussWidth_rms_err']
Sep 03 02:20:09 INFO >> ['freq_sigma_FitGauss_amplitude', 'freq_sigma_FitGauss_mu', 'freq_sigma_FitGauss_gauss_sigma', 'freq_sigma_FitGauss_amplitude_rel_err', 'freq_sigma_FitGauss_mu_rel_err', 'freq_sigma_FitGauss_gauss_sigma_rel_err', 'freq_sigma_FitGauss_amplitude-detection', 'freq_sigma_FitGauss_mu-detection', 'freq_sigma_FitGauss_ndof', 'freq_sigma_FitGauss_rms_err']
Sep 03 02:20:09 INFO >> Performing searching on cumulative stack 315.95 49.23
Sep 03 02:20:09 INFO >> Loading the cumulative power spectra stack to search
Sep 03 02:21:06 INFO >> DM: 121.6638188658836
Sep 03 02:21:06 INFO >> sigma: 14.818773513860116
Sep 03 02:21:06 INFO >> frequency: 42.950098070613016
Sep 03 02:21:06 INFO >> Injecting 11 harmonics.
Sep 03 02:21:06 INFO >> Starting DM: 119.31236313331351
Sep 03 02:21:06 INFO >> Stopping DM: 124.06866598934893
Sep 03 02:21:06 INFO >> Expected detection at 11.45 sigma with 8 harmonics.
Sep 03 02:21:20 INFO >> Start searching 6558 dm trials using 32 harmonics.
Sep 03 02:21:26 INFO >> Moved power spectra to shared memory.
Sep 03 02:21:26 INFO >> Number of dm trials in single multi processing job: 10
Sep 03 02:22:08 INFO >> Total number of detections=15588
Sep 03 02:22:08 INFO >> Clustering the detections
Sep 03 02:22:08 INFO >> Starting clustering
Sep 03 02:22:08 INFO >> Rogue harmonic power filter reduced detections from 15588 to 8530
Sep 03 02:22:08 INFO >> Filtering out duplicate freq,dm detections at multiple nharms removes 787 detections
Sep 03 02:22:08 INFO >> Duplicate freq,dm filter reduced detections to 7743
Sep 03 02:22:08 INFO >> Number of detections over threshold sigma (6.0): 7743
Sep 03 02:22:08 INFO >> Grouping duplicate frequencies together first
Sep 03 02:22:08 INFO >> Grouping duplicate frequencies removed 7217 detections from the harmonic metric computation
Sep 03 02:22:08 INFO >> Starting freq-DM distance metric computation
Sep 03 02:22:08 INFO >> Finished freq-DM distance metric computation
Sep 03 02:22:09 INFO >> Largest group size for metric computation is 97
Sep 03 02:22:09 INFO >> Starting harmonic distance metric computation
Sep 03 02:22:09 INFO >> Finished harmonic distance metric computation
Sep 03 02:22:09 INFO >> Starting DBSCAN
Sep 03 02:22:09 INFO >> Finished DBSCAN
Sep 03 02:22:09 INFO >> Clusters found: 76
Sep 03 02:22:09 INFO >> Filtered 32 clusters below or equal 2 DM.
Sep 03 02:22:09 INFO >> Total number of candidate clusters=1
Sep 03 02:22:10 INFO >> Candidate Processor of stack (315.95 49.23)
Sep 03 02:22:10 INFO >> Making SinglePointingCandidates from a list of 1 PowerSpectraDetectionClusters
Sep 03 02:22:12 INFO >> saved candidates to ./results//injections/315.95_49.23_cumulative_power_spectra_stack_20220627_11_tpa.yml_(678,)_candidates.npz
Sep 03 02:22:12 INFO >> Injected Pulsars:     1
Sep 03 02:22:12 INFO >> Injection Candidates: 1
Sep 03 02:22:12 INFO >> Recovered Injections: 1
Sep 03 02:22:12 INFO >> 1 candidates.
Sep 03 02:22:12 INFO >> Best candidate: F0: 42.950 DM: 121.64 Sigma: 10.68
Sep 03 02:22:13 INFO >> Unlinked shared memory for cumulative stack.
Sep 03 02:22:13 INFO >> Pipeline execution time: 2.07 minutes
