Sep 03 03:12:30 INFO >> {"message": "Waiting for suitable server to become available", "selector": "Primary()", "operation": "find", "topologyDescription": "<TopologyDescription id: 66d67e9e45be2b0d1cfa6beb, topology_type: Unknown, servers: [<ServerDescription ('localhost', 27017) server_type: Unknown, rtt: None>]>", "clientId": {"$oid": "66d67e9e45be2b0d1cfa6beb"}, "remainingTimeMS": 29}
Sep 03 03:12:30 INFO >> Features initialized as the following:
Sep 03 03:12:30 INFO >> num_unique_dms
Sep 03 03:12:30 INFO >> num_unique_freqs
Sep 03 03:12:30 INFO >> ndetections
Sep 03 03:12:30 INFO >> nharm
Sep 03 03:12:30 INFO >> log_p_dm
Sep 03 03:12:30 INFO >> ['dm_sigma_FitGaussWidth_gauss_sigma', 'dm_sigma_FitGaussWidth_gauss_sigma_rel_err', 'dm_sigma_FitGaussWidth_ndof', 'dm_sigma_FitGaussWidth_rms_err']
Sep 03 03:12:30 INFO >> ['dm_sigma_FitGauss_amplitude', 'dm_sigma_FitGauss_mu', 'dm_sigma_FitGauss_gauss_sigma', 'dm_sigma_FitGauss_amplitude_rel_err', 'dm_sigma_FitGauss_mu_rel_err', 'dm_sigma_FitGauss_gauss_sigma_rel_err', 'dm_sigma_FitGauss_amplitude-detection', 'dm_sigma_FitGauss_mu-detection', 'dm_sigma_FitGauss_ndof', 'dm_sigma_FitGauss_rms_err']
Sep 03 03:12:30 INFO >> ['freq_sigma_FitGaussWidth_gauss_sigma', 'freq_sigma_FitGaussWidth_gauss_sigma_rel_err', 'freq_sigma_FitGaussWidth_ndof', 'freq_sigma_FitGaussWidth_rms_err']
Sep 03 03:12:30 INFO >> ['freq_sigma_FitGauss_amplitude', 'freq_sigma_FitGauss_mu', 'freq_sigma_FitGauss_gauss_sigma', 'freq_sigma_FitGauss_amplitude_rel_err', 'freq_sigma_FitGauss_mu_rel_err', 'freq_sigma_FitGauss_gauss_sigma_rel_err', 'freq_sigma_FitGauss_amplitude-detection', 'freq_sigma_FitGauss_mu-detection', 'freq_sigma_FitGauss_ndof', 'freq_sigma_FitGauss_rms_err']
Sep 03 03:12:30 INFO >> Performing searching on cumulative stack 315.95 49.23
Sep 03 03:12:30 INFO >> Loading the cumulative power spectra stack to search
Sep 03 03:13:27 INFO >> DM: 197.09645647289705
Sep 03 03:13:27 INFO >> sigma: 12.895136647011618
Sep 03 03:13:27 INFO >> frequency: 24.74721939537865
Sep 03 03:13:27 INFO >> Injecting 20 harmonics.
Sep 03 03:13:27 INFO >> Starting DM: 192.98445843530868
Sep 03 03:13:27 INFO >> Stopping DM: 201.28268895009379
Sep 03 03:13:27 INFO >> Expected detection at 9.58 sigma with 16 harmonics.
Sep 03 03:13:41 INFO >> Start searching 6558 dm trials using 32 harmonics.
Sep 03 03:13:47 INFO >> Moved power spectra to shared memory.
Sep 03 03:13:47 INFO >> Number of dm trials in single multi processing job: 10
Sep 03 03:14:27 INFO >> Total number of detections=15594
Sep 03 03:14:27 INFO >> Clustering the detections
Sep 03 03:14:27 INFO >> Starting clustering
Sep 03 03:14:28 INFO >> Rogue harmonic power filter reduced detections from 15594 to 8536
Sep 03 03:14:28 INFO >> Filtering out duplicate freq,dm detections at multiple nharms removes 795 detections
Sep 03 03:14:28 INFO >> Duplicate freq,dm filter reduced detections to 7741
Sep 03 03:14:28 INFO >> Number of detections over threshold sigma (6.0): 7741
Sep 03 03:14:28 INFO >> Grouping duplicate frequencies together first
Sep 03 03:14:28 INFO >> Grouping duplicate frequencies removed 7219 detections from the harmonic metric computation
Sep 03 03:14:28 INFO >> Starting freq-DM distance metric computation
Sep 03 03:14:28 INFO >> Finished freq-DM distance metric computation
Sep 03 03:14:28 INFO >> Largest group size for metric computation is 97
Sep 03 03:14:28 INFO >> Starting harmonic distance metric computation
Sep 03 03:14:29 INFO >> Finished harmonic distance metric computation
Sep 03 03:14:29 INFO >> Starting DBSCAN
Sep 03 03:14:29 INFO >> Finished DBSCAN
Sep 03 03:14:29 INFO >> Clusters found: 76
Sep 03 03:14:29 INFO >> Filtered 32 clusters below or equal 2 DM.
Sep 03 03:14:29 INFO >> Total number of candidate clusters=1
Sep 03 03:14:29 INFO >> Candidate Processor of stack (315.95 49.23)
Sep 03 03:14:29 INFO >> Making SinglePointingCandidates from a list of 1 PowerSpectraDetectionClusters
Sep 03 03:14:32 INFO >> saved candidates to ./results//injections/315.95_49.23_cumulative_power_spectra_stack_20220627_11_tpa.yml_(703,)_candidates.npz
Sep 03 03:14:32 INFO >> Injected Pulsars:     1
Sep 03 03:14:32 INFO >> Injection Candidates: 1
Sep 03 03:14:32 INFO >> Recovered Injections: 1
Sep 03 03:14:32 INFO >> 1 candidates.
Sep 03 03:14:32 INFO >> Best candidate: F0: 24.747 DM: 197.13 Sigma: 10.83
Sep 03 03:14:33 INFO >> Unlinked shared memory for cumulative stack.
Sep 03 03:14:33 INFO >> Pipeline execution time: 2.05 minutes
