Sep 03 01:42:29 INFO >> {"message": "Waiting for suitable server to become available", "selector": "Primary()", "operation": "find", "topologyDescription": "<TopologyDescription id: 66d6698577c5090f25676abe, topology_type: Unknown, servers: [<ServerDescription ('localhost', 27017) server_type: Unknown, rtt: None>]>", "clientId": {"$oid": "66d6698577c5090f25676abe"}, "remainingTimeMS": 29}
Sep 03 01:42:29 INFO >> Features initialized as the following:
Sep 03 01:42:29 INFO >> num_unique_dms
Sep 03 01:42:29 INFO >> num_unique_freqs
Sep 03 01:42:29 INFO >> ndetections
Sep 03 01:42:29 INFO >> nharm
Sep 03 01:42:29 INFO >> log_p_dm
Sep 03 01:42:29 INFO >> ['dm_sigma_FitGaussWidth_gauss_sigma', 'dm_sigma_FitGaussWidth_gauss_sigma_rel_err', 'dm_sigma_FitGaussWidth_ndof', 'dm_sigma_FitGaussWidth_rms_err']
Sep 03 01:42:29 INFO >> ['dm_sigma_FitGauss_amplitude', 'dm_sigma_FitGauss_mu', 'dm_sigma_FitGauss_gauss_sigma', 'dm_sigma_FitGauss_amplitude_rel_err', 'dm_sigma_FitGauss_mu_rel_err', 'dm_sigma_FitGauss_gauss_sigma_rel_err', 'dm_sigma_FitGauss_amplitude-detection', 'dm_sigma_FitGauss_mu-detection', 'dm_sigma_FitGauss_ndof', 'dm_sigma_FitGauss_rms_err']
Sep 03 01:42:29 INFO >> ['freq_sigma_FitGaussWidth_gauss_sigma', 'freq_sigma_FitGaussWidth_gauss_sigma_rel_err', 'freq_sigma_FitGaussWidth_ndof', 'freq_sigma_FitGaussWidth_rms_err']
Sep 03 01:42:29 INFO >> ['freq_sigma_FitGauss_amplitude', 'freq_sigma_FitGauss_mu', 'freq_sigma_FitGauss_gauss_sigma', 'freq_sigma_FitGauss_amplitude_rel_err', 'freq_sigma_FitGauss_mu_rel_err', 'freq_sigma_FitGauss_gauss_sigma_rel_err', 'freq_sigma_FitGauss_amplitude-detection', 'freq_sigma_FitGauss_mu-detection', 'freq_sigma_FitGauss_ndof', 'freq_sigma_FitGauss_rms_err']
Sep 03 01:42:29 INFO >> Performing searching on cumulative stack 315.95 49.23
Sep 03 01:42:29 INFO >> Loading the cumulative power spectra stack to search
Sep 03 01:43:26 INFO >> DM: 160.21748692572973
Sep 03 01:43:26 INFO >> sigma: 15.981471411274889
Sep 03 01:43:26 INFO >> frequency: 37.45886930242351
Sep 03 01:43:26 INFO >> Injecting 13 harmonics.
Sep 03 01:43:26 INFO >> Starting DM: 157.46398391470387
Sep 03 01:43:26 INFO >> Stopping DM: 162.92867230248922
Sep 03 01:43:26 INFO >> Expected detection at 12.59 sigma with 8 harmonics.
Sep 03 01:43:40 INFO >> Start searching 6558 dm trials using 32 harmonics.
Sep 03 01:43:46 INFO >> Moved power spectra to shared memory.
Sep 03 01:43:46 INFO >> Number of dm trials in single multi processing job: 10
Sep 03 01:44:27 INFO >> Total number of detections=15629
Sep 03 01:44:27 INFO >> Clustering the detections
Sep 03 01:44:27 INFO >> Starting clustering
Sep 03 01:44:27 INFO >> Rogue harmonic power filter reduced detections from 15629 to 8571
Sep 03 01:44:27 INFO >> Filtering out duplicate freq,dm detections at multiple nharms removes 802 detections
Sep 03 01:44:27 INFO >> Duplicate freq,dm filter reduced detections to 7769
Sep 03 01:44:27 INFO >> Number of detections over threshold sigma (6.0): 7769
Sep 03 01:44:27 INFO >> Grouping duplicate frequencies together first
Sep 03 01:44:27 INFO >> Grouping duplicate frequencies removed 7237 detections from the harmonic metric computation
Sep 03 01:44:27 INFO >> Starting freq-DM distance metric computation
Sep 03 01:44:28 INFO >> Finished freq-DM distance metric computation
Sep 03 01:44:28 INFO >> Largest group size for metric computation is 97
Sep 03 01:44:28 INFO >> Starting harmonic distance metric computation
Sep 03 01:44:28 INFO >> Finished harmonic distance metric computation
Sep 03 01:44:28 INFO >> Starting DBSCAN
Sep 03 01:44:29 INFO >> Finished DBSCAN
Sep 03 01:44:29 INFO >> Clusters found: 77
Sep 03 01:44:29 INFO >> Filtered 32 clusters below or equal 2 DM.
Sep 03 01:44:29 INFO >> Total number of candidate clusters=2
Sep 03 01:44:29 INFO >> Candidate Processor of stack (315.95 49.23)
Sep 03 01:44:29 INFO >> Making SinglePointingCandidates from a list of 2 PowerSpectraDetectionClusters
Sep 03 01:44:31 INFO >> saved candidates to ./results//injections/315.95_49.23_cumulative_power_spectra_stack_20220627_11_tpa.yml_(660,)_candidates.npz
Sep 03 01:44:31 INFO >> Injected Pulsars:     1
Sep 03 01:44:31 INFO >> Injection Candidates: 2
Sep 03 01:44:31 INFO >> Recovered Injections: 1
Sep 03 01:44:31 INFO >> 2 candidates.
Sep 03 01:44:31 INFO >> Best candidate: F0: 37.459 DM: 160.20 Sigma: 12.53
Sep 03 01:44:32 INFO >> Unlinked shared memory for cumulative stack.
Sep 03 01:44:32 INFO >> Pipeline execution time: 2.07 minutes
