Sep 03 00:33:23 INFO >> {"message": "Waiting for suitable server to become available", "selector": "Primary()", "operation": "find", "topologyDescription": "<TopologyDescription id: 66d65953f4ee946941643aae, topology_type: Unknown, servers: [<ServerDescription ('localhost', 27017) server_type: Unknown, rtt: None>]>", "clientId": {"$oid": "66d65953f4ee946941643aae"}, "remainingTimeMS": 29}
Sep 03 00:33:23 INFO >> Features initialized as the following:
Sep 03 00:33:23 INFO >> num_unique_dms
Sep 03 00:33:23 INFO >> num_unique_freqs
Sep 03 00:33:23 INFO >> ndetections
Sep 03 00:33:23 INFO >> nharm
Sep 03 00:33:23 INFO >> log_p_dm
Sep 03 00:33:23 INFO >> ['dm_sigma_FitGaussWidth_gauss_sigma', 'dm_sigma_FitGaussWidth_gauss_sigma_rel_err', 'dm_sigma_FitGaussWidth_ndof', 'dm_sigma_FitGaussWidth_rms_err']
Sep 03 00:33:23 INFO >> ['dm_sigma_FitGauss_amplitude', 'dm_sigma_FitGauss_mu', 'dm_sigma_FitGauss_gauss_sigma', 'dm_sigma_FitGauss_amplitude_rel_err', 'dm_sigma_FitGauss_mu_rel_err', 'dm_sigma_FitGauss_gauss_sigma_rel_err', 'dm_sigma_FitGauss_amplitude-detection', 'dm_sigma_FitGauss_mu-detection', 'dm_sigma_FitGauss_ndof', 'dm_sigma_FitGauss_rms_err']
Sep 03 00:33:23 INFO >> ['freq_sigma_FitGaussWidth_gauss_sigma', 'freq_sigma_FitGaussWidth_gauss_sigma_rel_err', 'freq_sigma_FitGaussWidth_ndof', 'freq_sigma_FitGaussWidth_rms_err']
Sep 03 00:33:23 INFO >> ['freq_sigma_FitGauss_amplitude', 'freq_sigma_FitGauss_mu', 'freq_sigma_FitGauss_gauss_sigma', 'freq_sigma_FitGauss_amplitude_rel_err', 'freq_sigma_FitGauss_mu_rel_err', 'freq_sigma_FitGauss_gauss_sigma_rel_err', 'freq_sigma_FitGauss_amplitude-detection', 'freq_sigma_FitGauss_mu-detection', 'freq_sigma_FitGauss_ndof', 'freq_sigma_FitGauss_rms_err']
Sep 03 00:33:23 INFO >> Performing searching on cumulative stack 315.95 49.23
Sep 03 00:33:23 INFO >> Loading the cumulative power spectra stack to search
Sep 03 00:34:20 INFO >> DM: 12.398495608094727
Sep 03 00:34:20 INFO >> sigma: 11.629195363759539
Sep 03 00:34:20 INFO >> frequency: 93.21581900619387
Sep 03 00:34:20 INFO >> Injecting 5 harmonics.
Sep 03 00:34:20 INFO >> Starting DM: 11.334168507999248
Sep 03 00:34:20 INFO >> Stopping DM: 13.459325103249107
Sep 03 00:34:20 INFO >> Expected detection at 9.17 sigma with 4 harmonics.
Sep 03 00:34:34 INFO >> Start searching 6558 dm trials using 32 harmonics.
Sep 03 00:34:40 INFO >> Moved power spectra to shared memory.
Sep 03 00:34:40 INFO >> Number of dm trials in single multi processing job: 10
Sep 03 00:35:20 INFO >> Total number of detections=15600
Sep 03 00:35:20 INFO >> Clustering the detections
Sep 03 00:35:20 INFO >> Starting clustering
Sep 03 00:35:21 INFO >> Rogue harmonic power filter reduced detections from 15600 to 8542
Sep 03 00:35:21 INFO >> Filtering out duplicate freq,dm detections at multiple nharms removes 795 detections
Sep 03 00:35:21 INFO >> Duplicate freq,dm filter reduced detections to 7747
Sep 03 00:35:21 INFO >> Number of detections over threshold sigma (6.0): 7747
Sep 03 00:35:21 INFO >> Grouping duplicate frequencies together first
Sep 03 00:35:21 INFO >> Grouping duplicate frequencies removed 7220 detections from the harmonic metric computation
Sep 03 00:35:21 INFO >> Starting freq-DM distance metric computation
Sep 03 00:35:21 INFO >> Finished freq-DM distance metric computation
Sep 03 00:35:21 INFO >> Largest group size for metric computation is 106
Sep 03 00:35:21 INFO >> Starting harmonic distance metric computation
Sep 03 00:35:22 INFO >> Finished harmonic distance metric computation
Sep 03 00:35:22 INFO >> Starting DBSCAN
Sep 03 00:35:22 INFO >> Finished DBSCAN
Sep 03 00:35:22 INFO >> Clusters found: 76
Sep 03 00:35:22 INFO >> Filtered 32 clusters below or equal 2 DM.
Sep 03 00:35:22 INFO >> Total number of candidate clusters=1
Sep 03 00:35:22 INFO >> Candidate Processor of stack (315.95 49.23)
Sep 03 00:35:22 INFO >> Making SinglePointingCandidates from a list of 1 PowerSpectraDetectionClusters
Sep 03 00:35:24 INFO >> saved candidates to ./results//injections/315.95_49.23_cumulative_power_spectra_stack_20220627_11_tpa.yml_(627,)_candidates.npz
Sep 03 00:35:24 INFO >> Injected Pulsars:     1
Sep 03 00:35:24 INFO >> Injection Candidates: 1
Sep 03 00:35:24 INFO >> Recovered Injections: 1
Sep 03 00:35:24 INFO >> 1 candidates.
Sep 03 00:35:24 INFO >> Best candidate: F0: 93.216 DM: 12.45 Sigma: 9.16
Sep 03 00:35:26 INFO >> Unlinked shared memory for cumulative stack.
Sep 03 00:35:26 INFO >> Pipeline execution time: 2.05 minutes
