Sep 03 02:34:50 INFO >> {"message": "Waiting for suitable server to become available", "selector": "Primary()", "operation": "find", "topologyDescription": "<TopologyDescription id: 66d675cabb82808cb9e17a90, topology_type: Unknown, servers: [<ServerDescription ('localhost', 27017) server_type: Unknown, rtt: None>]>", "clientId": {"$oid": "66d675cabb82808cb9e17a90"}, "remainingTimeMS": 29}
Sep 03 02:34:50 INFO >> Features initialized as the following:
Sep 03 02:34:50 INFO >> num_unique_dms
Sep 03 02:34:50 INFO >> num_unique_freqs
Sep 03 02:34:50 INFO >> ndetections
Sep 03 02:34:50 INFO >> nharm
Sep 03 02:34:50 INFO >> log_p_dm
Sep 03 02:34:50 INFO >> ['dm_sigma_FitGaussWidth_gauss_sigma', 'dm_sigma_FitGaussWidth_gauss_sigma_rel_err', 'dm_sigma_FitGaussWidth_ndof', 'dm_sigma_FitGaussWidth_rms_err']
Sep 03 02:34:50 INFO >> ['dm_sigma_FitGauss_amplitude', 'dm_sigma_FitGauss_mu', 'dm_sigma_FitGauss_gauss_sigma', 'dm_sigma_FitGauss_amplitude_rel_err', 'dm_sigma_FitGauss_mu_rel_err', 'dm_sigma_FitGauss_gauss_sigma_rel_err', 'dm_sigma_FitGauss_amplitude-detection', 'dm_sigma_FitGauss_mu-detection', 'dm_sigma_FitGauss_ndof', 'dm_sigma_FitGauss_rms_err']
Sep 03 02:34:50 INFO >> ['freq_sigma_FitGaussWidth_gauss_sigma', 'freq_sigma_FitGaussWidth_gauss_sigma_rel_err', 'freq_sigma_FitGaussWidth_ndof', 'freq_sigma_FitGaussWidth_rms_err']
Sep 03 02:34:50 INFO >> ['freq_sigma_FitGauss_amplitude', 'freq_sigma_FitGauss_mu', 'freq_sigma_FitGauss_gauss_sigma', 'freq_sigma_FitGauss_amplitude_rel_err', 'freq_sigma_FitGauss_mu_rel_err', 'freq_sigma_FitGauss_gauss_sigma_rel_err', 'freq_sigma_FitGauss_amplitude-detection', 'freq_sigma_FitGauss_mu-detection', 'freq_sigma_FitGauss_ndof', 'freq_sigma_FitGauss_rms_err']
Sep 03 02:34:50 INFO >> Performing searching on cumulative stack 315.95 49.23
Sep 03 02:34:50 INFO >> Loading the cumulative power spectra stack to search
Sep 03 02:35:47 INFO >> DM: 129.80883229547595
Sep 03 02:35:47 INFO >> sigma: 15.354582054969082
Sep 03 02:35:47 INFO >> frequency: 47.00399868748631
Sep 03 02:35:47 INFO >> Injecting 10 harmonics.
Sep 03 02:35:47 INFO >> Starting DM: 127.61059364809869
Sep 03 02:35:47 INFO >> Stopping DM: 131.96210477170553
Sep 03 02:35:47 INFO >> Expected detection at 11.40 sigma with 8 harmonics.
Sep 03 02:36:01 INFO >> Start searching 6558 dm trials using 32 harmonics.
Sep 03 02:36:07 INFO >> Moved power spectra to shared memory.
Sep 03 02:36:07 INFO >> Number of dm trials in single multi processing job: 10
Sep 03 02:36:47 INFO >> Total number of detections=15596
Sep 03 02:36:47 INFO >> Clustering the detections
Sep 03 02:36:47 INFO >> Starting clustering
Sep 03 02:36:47 INFO >> Rogue harmonic power filter reduced detections from 15596 to 8538
Sep 03 02:36:47 INFO >> Filtering out duplicate freq,dm detections at multiple nharms removes 787 detections
Sep 03 02:36:47 INFO >> Duplicate freq,dm filter reduced detections to 7751
Sep 03 02:36:47 INFO >> Number of detections over threshold sigma (6.0): 7751
Sep 03 02:36:47 INFO >> Grouping duplicate frequencies together first
Sep 03 02:36:47 INFO >> Grouping duplicate frequencies removed 7224 detections from the harmonic metric computation
Sep 03 02:36:47 INFO >> Starting freq-DM distance metric computation
Sep 03 02:36:48 INFO >> Finished freq-DM distance metric computation
Sep 03 02:36:48 INFO >> Largest group size for metric computation is 97
Sep 03 02:36:48 INFO >> Starting harmonic distance metric computation
Sep 03 02:36:48 INFO >> Finished harmonic distance metric computation
Sep 03 02:36:48 INFO >> Starting DBSCAN
Sep 03 02:36:49 INFO >> Finished DBSCAN
Sep 03 02:36:49 INFO >> Clusters found: 76
Sep 03 02:36:49 INFO >> Filtered 32 clusters below or equal 2 DM.
Sep 03 02:36:49 INFO >> Total number of candidate clusters=1
Sep 03 02:36:49 INFO >> Candidate Processor of stack (315.95 49.23)
Sep 03 02:36:49 INFO >> Making SinglePointingCandidates from a list of 1 PowerSpectraDetectionClusters
Sep 03 02:36:51 INFO >> saved candidates to ./results//injections/315.95_49.23_cumulative_power_spectra_stack_20220627_11_tpa.yml_(685,)_candidates.npz
Sep 03 02:36:51 INFO >> Injected Pulsars:     1
Sep 03 02:36:51 INFO >> Injection Candidates: 1
Sep 03 02:36:51 INFO >> Recovered Injections: 1
Sep 03 02:36:51 INFO >> 1 candidates.
Sep 03 02:36:51 INFO >> Best candidate: F0: 47.004 DM: 129.84 Sigma: 11.14
Sep 03 02:36:52 INFO >> Unlinked shared memory for cumulative stack.
Sep 03 02:36:52 INFO >> Pipeline execution time: 2.04 minutes
