Sep 03 01:57:07 INFO >> {"message": "Waiting for suitable server to become available", "selector": "Primary()", "operation": "find", "topologyDescription": "<TopologyDescription id: 66d66cf28c9e18bd971fb6b2, topology_type: Unknown, servers: [<ServerDescription ('localhost', 27017) server_type: Unknown, rtt: None>]>", "clientId": {"$oid": "66d66cf28c9e18bd971fb6b2"}, "remainingTimeMS": 29}
Sep 03 01:57:07 INFO >> Features initialized as the following:
Sep 03 01:57:07 INFO >> num_unique_dms
Sep 03 01:57:07 INFO >> num_unique_freqs
Sep 03 01:57:07 INFO >> ndetections
Sep 03 01:57:07 INFO >> nharm
Sep 03 01:57:07 INFO >> log_p_dm
Sep 03 01:57:07 INFO >> ['dm_sigma_FitGaussWidth_gauss_sigma', 'dm_sigma_FitGaussWidth_gauss_sigma_rel_err', 'dm_sigma_FitGaussWidth_ndof', 'dm_sigma_FitGaussWidth_rms_err']
Sep 03 01:57:07 INFO >> ['dm_sigma_FitGauss_amplitude', 'dm_sigma_FitGauss_mu', 'dm_sigma_FitGauss_gauss_sigma', 'dm_sigma_FitGauss_amplitude_rel_err', 'dm_sigma_FitGauss_mu_rel_err', 'dm_sigma_FitGauss_gauss_sigma_rel_err', 'dm_sigma_FitGauss_amplitude-detection', 'dm_sigma_FitGauss_mu-detection', 'dm_sigma_FitGauss_ndof', 'dm_sigma_FitGauss_rms_err']
Sep 03 01:57:07 INFO >> ['freq_sigma_FitGaussWidth_gauss_sigma', 'freq_sigma_FitGaussWidth_gauss_sigma_rel_err', 'freq_sigma_FitGaussWidth_ndof', 'freq_sigma_FitGaussWidth_rms_err']
Sep 03 01:57:07 INFO >> ['freq_sigma_FitGauss_amplitude', 'freq_sigma_FitGauss_mu', 'freq_sigma_FitGauss_gauss_sigma', 'freq_sigma_FitGauss_amplitude_rel_err', 'freq_sigma_FitGauss_mu_rel_err', 'freq_sigma_FitGauss_gauss_sigma_rel_err', 'freq_sigma_FitGauss_amplitude-detection', 'freq_sigma_FitGauss_mu-detection', 'freq_sigma_FitGauss_ndof', 'freq_sigma_FitGauss_rms_err']
Sep 03 01:57:07 INFO >> Performing searching on cumulative stack 315.95 49.23
Sep 03 01:57:07 INFO >> Loading the cumulative power spectra stack to search
Sep 03 01:58:04 INFO >> DM: 39.48170708997692
Sep 03 01:58:04 INFO >> sigma: 14.361878391442183
Sep 03 01:58:04 INFO >> frequency: 18.389357096451562
Sep 03 01:58:04 INFO >> Injecting 27 harmonics.
Sep 03 01:58:04 INFO >> Starting DM: 33.90130759089061
Sep 03 01:58:04 INFO >> Stopping DM: 45.03308023267559
Sep 03 01:58:04 INFO >> Expected detection at 12.67 sigma with 8 harmonics.
Sep 03 01:58:18 INFO >> Start searching 6558 dm trials using 32 harmonics.
Sep 03 01:58:24 INFO >> Moved power spectra to shared memory.
Sep 03 01:58:24 INFO >> Number of dm trials in single multi processing job: 10
Sep 03 01:59:04 INFO >> Total number of detections=15662
Sep 03 01:59:04 INFO >> Clustering the detections
Sep 03 01:59:04 INFO >> Starting clustering
Sep 03 01:59:04 INFO >> Rogue harmonic power filter reduced detections from 15662 to 8604
Sep 03 01:59:04 INFO >> Filtering out duplicate freq,dm detections at multiple nharms removes 801 detections
Sep 03 01:59:04 INFO >> Duplicate freq,dm filter reduced detections to 7803
Sep 03 01:59:04 INFO >> Number of detections over threshold sigma (6.0): 7803
Sep 03 01:59:04 INFO >> Grouping duplicate frequencies together first
Sep 03 01:59:04 INFO >> Grouping duplicate frequencies removed 7270 detections from the harmonic metric computation
Sep 03 01:59:04 INFO >> Starting freq-DM distance metric computation
Sep 03 01:59:04 INFO >> Finished freq-DM distance metric computation
Sep 03 01:59:05 INFO >> Largest group size for metric computation is 97
Sep 03 01:59:05 INFO >> Starting harmonic distance metric computation
Sep 03 01:59:05 INFO >> Finished harmonic distance metric computation
Sep 03 01:59:05 INFO >> Starting DBSCAN
Sep 03 01:59:05 INFO >> Finished DBSCAN
Sep 03 01:59:05 INFO >> Clusters found: 76
Sep 03 01:59:05 INFO >> Filtered 32 clusters below or equal 2 DM.
Sep 03 01:59:05 INFO >> Total number of candidate clusters=1
Sep 03 01:59:05 INFO >> Candidate Processor of stack (315.95 49.23)
Sep 03 01:59:05 INFO >> Making SinglePointingCandidates from a list of 1 PowerSpectraDetectionClusters
Sep 03 01:59:08 INFO >> saved candidates to ./results//injections/315.95_49.23_cumulative_power_spectra_stack_20220627_11_tpa.yml_(667,)_candidates.npz
Sep 03 01:59:08 INFO >> Injected Pulsars:     1
Sep 03 01:59:08 INFO >> Injection Candidates: 1
Sep 03 01:59:08 INFO >> Recovered Injections: 1
Sep 03 01:59:08 INFO >> 1 candidates.
Sep 03 01:59:08 INFO >> Best candidate: F0: 18.389 DM: 39.47 Sigma: 12.65
Sep 03 01:59:09 INFO >> Unlinked shared memory for cumulative stack.
Sep 03 01:59:09 INFO >> Pipeline execution time: 2.04 minutes
