Sep 03 02:38:59 INFO >> {"message": "Waiting for suitable server to become available", "selector": "Primary()", "operation": "find", "topologyDescription": "<TopologyDescription id: 66d676c30cd8b6c68fb1dfd0, topology_type: Unknown, servers: [<ServerDescription ('localhost', 27017) server_type: Unknown, rtt: None>]>", "clientId": {"$oid": "66d676c30cd8b6c68fb1dfd0"}, "remainingTimeMS": 29}
Sep 03 02:38:59 INFO >> Features initialized as the following:
Sep 03 02:38:59 INFO >> num_unique_dms
Sep 03 02:38:59 INFO >> num_unique_freqs
Sep 03 02:38:59 INFO >> ndetections
Sep 03 02:38:59 INFO >> nharm
Sep 03 02:38:59 INFO >> log_p_dm
Sep 03 02:38:59 INFO >> ['dm_sigma_FitGaussWidth_gauss_sigma', 'dm_sigma_FitGaussWidth_gauss_sigma_rel_err', 'dm_sigma_FitGaussWidth_ndof', 'dm_sigma_FitGaussWidth_rms_err']
Sep 03 02:38:59 INFO >> ['dm_sigma_FitGauss_amplitude', 'dm_sigma_FitGauss_mu', 'dm_sigma_FitGauss_gauss_sigma', 'dm_sigma_FitGauss_amplitude_rel_err', 'dm_sigma_FitGauss_mu_rel_err', 'dm_sigma_FitGauss_gauss_sigma_rel_err', 'dm_sigma_FitGauss_amplitude-detection', 'dm_sigma_FitGauss_mu-detection', 'dm_sigma_FitGauss_ndof', 'dm_sigma_FitGauss_rms_err']
Sep 03 02:38:59 INFO >> ['freq_sigma_FitGaussWidth_gauss_sigma', 'freq_sigma_FitGaussWidth_gauss_sigma_rel_err', 'freq_sigma_FitGaussWidth_ndof', 'freq_sigma_FitGaussWidth_rms_err']
Sep 03 02:38:59 INFO >> ['freq_sigma_FitGauss_amplitude', 'freq_sigma_FitGauss_mu', 'freq_sigma_FitGauss_gauss_sigma', 'freq_sigma_FitGauss_amplitude_rel_err', 'freq_sigma_FitGauss_mu_rel_err', 'freq_sigma_FitGauss_gauss_sigma_rel_err', 'freq_sigma_FitGauss_amplitude-detection', 'freq_sigma_FitGauss_mu-detection', 'freq_sigma_FitGauss_ndof', 'freq_sigma_FitGauss_rms_err']
Sep 03 02:39:00 INFO >> Performing searching on cumulative stack 315.95 49.23
Sep 03 02:39:00 INFO >> Loading the cumulative power spectra stack to search
Sep 03 02:39:57 INFO >> DM: 9.916135396047519
Sep 03 02:39:57 INFO >> sigma: 16.039016677320323
Sep 03 02:39:57 INFO >> frequency: 36.653922295333615
Sep 03 02:39:57 INFO >> Injecting 13 harmonics.
Sep 03 02:39:57 INFO >> Starting DM: 7.0838553174995305
Sep 03 02:39:57 INFO >> Stopping DM: 12.750939571499154
Sep 03 02:39:57 INFO >> Expected detection at 13.28 sigma with 8 harmonics.
Sep 03 02:40:11 INFO >> Start searching 6558 dm trials using 32 harmonics.
Sep 03 02:40:16 INFO >> Moved power spectra to shared memory.
Sep 03 02:40:16 INFO >> Number of dm trials in single multi processing job: 10
Sep 03 02:40:57 INFO >> Total number of detections=15633
Sep 03 02:40:57 INFO >> Clustering the detections
Sep 03 02:40:57 INFO >> Starting clustering
Sep 03 02:40:57 INFO >> Rogue harmonic power filter reduced detections from 15633 to 8575
Sep 03 02:40:57 INFO >> Filtering out duplicate freq,dm detections at multiple nharms removes 798 detections
Sep 03 02:40:57 INFO >> Duplicate freq,dm filter reduced detections to 7777
Sep 03 02:40:57 INFO >> Number of detections over threshold sigma (6.0): 7777
Sep 03 02:40:57 INFO >> Grouping duplicate frequencies together first
Sep 03 02:40:57 INFO >> Grouping duplicate frequencies removed 7239 detections from the harmonic metric computation
Sep 03 02:40:57 INFO >> Starting freq-DM distance metric computation
Sep 03 02:40:57 INFO >> Finished freq-DM distance metric computation
Sep 03 02:40:57 INFO >> Largest group size for metric computation is 97
Sep 03 02:40:57 INFO >> Starting harmonic distance metric computation
Sep 03 02:40:58 INFO >> Finished harmonic distance metric computation
Sep 03 02:40:58 INFO >> Starting DBSCAN
Sep 03 02:40:58 INFO >> Finished DBSCAN
Sep 03 02:40:58 INFO >> Clusters found: 76
Sep 03 02:40:58 INFO >> Filtered 32 clusters below or equal 2 DM.
Sep 03 02:40:58 INFO >> Total number of candidate clusters=1
Sep 03 02:40:58 INFO >> Candidate Processor of stack (315.95 49.23)
Sep 03 02:40:58 INFO >> Making SinglePointingCandidates from a list of 1 PowerSpectraDetectionClusters
Sep 03 02:41:00 INFO >> saved candidates to ./results//injections/315.95_49.23_cumulative_power_spectra_stack_20220627_11_tpa.yml_(687,)_candidates.npz
Sep 03 02:41:00 INFO >> Injected Pulsars:     1
Sep 03 02:41:00 INFO >> Injection Candidates: 1
Sep 03 02:41:00 INFO >> Recovered Injections: 1
Sep 03 02:41:00 INFO >> 1 candidates.
Sep 03 02:41:00 INFO >> Best candidate: F0: 36.654 DM: 9.92 Sigma: 13.05
Sep 03 02:41:02 INFO >> Unlinked shared memory for cumulative stack.
Sep 03 02:41:02 INFO >> Pipeline execution time: 2.04 minutes
