Sep 03 00:48:01 INFO >> {"message": "Waiting for suitable server to become available", "selector": "Primary()", "operation": "find", "topologyDescription": "<TopologyDescription id: 66d65cc1f831758f2edc7238, topology_type: Unknown, servers: [<ServerDescription ('localhost', 27017) server_type: Unknown, rtt: None>]>", "clientId": {"$oid": "66d65cc1f831758f2edc7238"}, "remainingTimeMS": 29}
Sep 03 00:48:01 INFO >> Features initialized as the following:
Sep 03 00:48:01 INFO >> num_unique_dms
Sep 03 00:48:01 INFO >> num_unique_freqs
Sep 03 00:48:01 INFO >> ndetections
Sep 03 00:48:01 INFO >> nharm
Sep 03 00:48:01 INFO >> log_p_dm
Sep 03 00:48:01 INFO >> ['dm_sigma_FitGaussWidth_gauss_sigma', 'dm_sigma_FitGaussWidth_gauss_sigma_rel_err', 'dm_sigma_FitGaussWidth_ndof', 'dm_sigma_FitGaussWidth_rms_err']
Sep 03 00:48:01 INFO >> ['dm_sigma_FitGauss_amplitude', 'dm_sigma_FitGauss_mu', 'dm_sigma_FitGauss_gauss_sigma', 'dm_sigma_FitGauss_amplitude_rel_err', 'dm_sigma_FitGauss_mu_rel_err', 'dm_sigma_FitGauss_gauss_sigma_rel_err', 'dm_sigma_FitGauss_amplitude-detection', 'dm_sigma_FitGauss_mu-detection', 'dm_sigma_FitGauss_ndof', 'dm_sigma_FitGauss_rms_err']
Sep 03 00:48:01 INFO >> ['freq_sigma_FitGaussWidth_gauss_sigma', 'freq_sigma_FitGaussWidth_gauss_sigma_rel_err', 'freq_sigma_FitGaussWidth_ndof', 'freq_sigma_FitGaussWidth_rms_err']
Sep 03 00:48:01 INFO >> ['freq_sigma_FitGauss_amplitude', 'freq_sigma_FitGauss_mu', 'freq_sigma_FitGauss_gauss_sigma', 'freq_sigma_FitGauss_amplitude_rel_err', 'freq_sigma_FitGauss_mu_rel_err', 'freq_sigma_FitGauss_gauss_sigma_rel_err', 'freq_sigma_FitGauss_amplitude-detection', 'freq_sigma_FitGauss_mu-detection', 'freq_sigma_FitGauss_ndof', 'freq_sigma_FitGauss_rms_err']
Sep 03 00:48:01 INFO >> Performing searching on cumulative stack 315.95 49.23
Sep 03 00:48:01 INFO >> Loading the cumulative power spectra stack to search
Sep 03 00:48:59 INFO >> DM: 46.759172814981504
Sep 03 00:48:59 INFO >> sigma: 16.619199836302258
Sep 03 00:48:59 INFO >> frequency: 12.10195491754873
Sep 03 00:48:59 INFO >> Injecting 42 harmonics.
Sep 03 00:48:59 INFO >> Starting DM: 38.252818714497465
Sep 03 00:48:59 INFO >> Stopping DM: 55.25407147649634
Sep 03 00:48:59 INFO >> Expected detection at 15.80 sigma with 32 harmonics.
Sep 03 00:49:13 INFO >> Start searching 6558 dm trials using 32 harmonics.
Sep 03 00:49:19 INFO >> Moved power spectra to shared memory.
Sep 03 00:49:19 INFO >> Number of dm trials in single multi processing job: 10
Sep 03 00:49:59 INFO >> Total number of detections=15633
Sep 03 00:49:59 INFO >> Clustering the detections
Sep 03 00:49:59 INFO >> Starting clustering
Sep 03 00:49:59 INFO >> Rogue harmonic power filter reduced detections from 15633 to 8575
Sep 03 00:49:59 INFO >> Filtering out duplicate freq,dm detections at multiple nharms removes 804 detections
Sep 03 00:49:59 INFO >> Duplicate freq,dm filter reduced detections to 7771
Sep 03 00:49:59 INFO >> Number of detections over threshold sigma (6.0): 7771
Sep 03 00:49:59 INFO >> Grouping duplicate frequencies together first
Sep 03 00:49:59 INFO >> Grouping duplicate frequencies removed 7239 detections from the harmonic metric computation
Sep 03 00:49:59 INFO >> Starting freq-DM distance metric computation
Sep 03 00:49:59 INFO >> Finished freq-DM distance metric computation
Sep 03 00:50:00 INFO >> Largest group size for metric computation is 97
Sep 03 00:50:00 INFO >> Starting harmonic distance metric computation
Sep 03 00:50:00 INFO >> Finished harmonic distance metric computation
Sep 03 00:50:00 INFO >> Starting DBSCAN
Sep 03 00:50:01 INFO >> Finished DBSCAN
Sep 03 00:50:01 INFO >> Clusters found: 77
Sep 03 00:50:01 INFO >> Filtered 32 clusters below or equal 2 DM.
Sep 03 00:50:01 INFO >> Total number of candidate clusters=2
Sep 03 00:50:01 INFO >> Candidate Processor of stack (315.95 49.23)
Sep 03 00:50:01 INFO >> Making SinglePointingCandidates from a list of 2 PowerSpectraDetectionClusters
Sep 03 00:50:03 INFO >> saved candidates to ./results//injections/315.95_49.23_cumulative_power_spectra_stack_20220627_11_tpa.yml_(634,)_candidates.npz
Sep 03 00:50:03 INFO >> Injected Pulsars:     1
Sep 03 00:50:03 INFO >> Injection Candidates: 2
Sep 03 00:50:03 INFO >> Recovered Injections: 1
Sep 03 00:50:03 INFO >> 2 candidates.
Sep 03 00:50:03 INFO >> Best candidate: F0: 12.102 DM: 46.75 Sigma: 16.15
Sep 03 00:50:04 INFO >> Unlinked shared memory for cumulative stack.
Sep 03 00:50:04 INFO >> Pipeline execution time: 2.05 minutes
