Sep 03 04:54:58 INFO >> {"message": "Waiting for suitable server to become available", "selector": "Primary()", "operation": "find", "topologyDescription": "<TopologyDescription id: 66d696a2c0278fd9ce3e310c, topology_type: Unknown, servers: [<ServerDescription ('localhost', 27017) server_type: Unknown, rtt: None>]>", "clientId": {"$oid": "66d696a2c0278fd9ce3e310c"}, "remainingTimeMS": 29}
Sep 03 04:54:58 INFO >> Features initialized as the following:
Sep 03 04:54:58 INFO >> num_unique_dms
Sep 03 04:54:58 INFO >> num_unique_freqs
Sep 03 04:54:58 INFO >> ndetections
Sep 03 04:54:58 INFO >> nharm
Sep 03 04:54:58 INFO >> log_p_dm
Sep 03 04:54:58 INFO >> ['dm_sigma_FitGaussWidth_gauss_sigma', 'dm_sigma_FitGaussWidth_gauss_sigma_rel_err', 'dm_sigma_FitGaussWidth_ndof', 'dm_sigma_FitGaussWidth_rms_err']
Sep 03 04:54:58 INFO >> ['dm_sigma_FitGauss_amplitude', 'dm_sigma_FitGauss_mu', 'dm_sigma_FitGauss_gauss_sigma', 'dm_sigma_FitGauss_amplitude_rel_err', 'dm_sigma_FitGauss_mu_rel_err', 'dm_sigma_FitGauss_gauss_sigma_rel_err', 'dm_sigma_FitGauss_amplitude-detection', 'dm_sigma_FitGauss_mu-detection', 'dm_sigma_FitGauss_ndof', 'dm_sigma_FitGauss_rms_err']
Sep 03 04:54:58 INFO >> ['freq_sigma_FitGaussWidth_gauss_sigma', 'freq_sigma_FitGaussWidth_gauss_sigma_rel_err', 'freq_sigma_FitGaussWidth_ndof', 'freq_sigma_FitGaussWidth_rms_err']
Sep 03 04:54:58 INFO >> ['freq_sigma_FitGauss_amplitude', 'freq_sigma_FitGauss_mu', 'freq_sigma_FitGauss_gauss_sigma', 'freq_sigma_FitGauss_amplitude_rel_err', 'freq_sigma_FitGauss_mu_rel_err', 'freq_sigma_FitGauss_gauss_sigma_rel_err', 'freq_sigma_FitGauss_amplitude-detection', 'freq_sigma_FitGauss_mu-detection', 'freq_sigma_FitGauss_ndof', 'freq_sigma_FitGauss_rms_err']
Sep 03 04:54:58 INFO >> Performing searching on cumulative stack 315.95 49.23
Sep 03 04:54:58 INFO >> Loading the cumulative power spectra stack to search
Sep 03 04:55:55 INFO >> DM: 15.998008149029795
Sep 03 04:55:55 INFO >> sigma: 11.43137428789631
Sep 03 04:55:55 INFO >> frequency: 41.20367033866262
Sep 03 04:55:55 INFO >> Injecting 12 harmonics.
Sep 03 04:55:55 INFO >> Starting DM: 13.459325103249107
Sep 03 04:55:55 INFO >> Stopping DM: 18.519221758605916
Sep 03 04:55:55 INFO >> Expected detection at 9.83 sigma with 8 harmonics.
Sep 03 04:56:09 INFO >> Start searching 6558 dm trials using 32 harmonics.
Sep 03 04:56:15 INFO >> Moved power spectra to shared memory.
Sep 03 04:56:15 INFO >> Number of dm trials in single multi processing job: 10
Sep 03 04:56:56 INFO >> Total number of detections=15592
Sep 03 04:56:56 INFO >> Clustering the detections
Sep 03 04:56:56 INFO >> Starting clustering
Sep 03 04:56:56 INFO >> Rogue harmonic power filter reduced detections from 15592 to 8534
Sep 03 04:56:56 INFO >> Filtering out duplicate freq,dm detections at multiple nharms removes 788 detections
Sep 03 04:56:56 INFO >> Duplicate freq,dm filter reduced detections to 7746
Sep 03 04:56:56 INFO >> Number of detections over threshold sigma (6.0): 7746
Sep 03 04:56:56 INFO >> Grouping duplicate frequencies together first
Sep 03 04:56:56 INFO >> Grouping duplicate frequencies removed 7220 detections from the harmonic metric computation
Sep 03 04:56:56 INFO >> Starting freq-DM distance metric computation
Sep 03 04:56:56 INFO >> Finished freq-DM distance metric computation
Sep 03 04:56:57 INFO >> Largest group size for metric computation is 97
Sep 03 04:56:57 INFO >> Starting harmonic distance metric computation
Sep 03 04:56:57 INFO >> Finished harmonic distance metric computation
Sep 03 04:56:57 INFO >> Starting DBSCAN
Sep 03 04:56:57 INFO >> Finished DBSCAN
Sep 03 04:56:57 INFO >> Clusters found: 76
Sep 03 04:56:57 INFO >> Filtered 32 clusters below or equal 2 DM.
Sep 03 04:56:57 INFO >> Total number of candidate clusters=1
Sep 03 04:56:58 INFO >> Candidate Processor of stack (315.95 49.23)
Sep 03 04:56:58 INFO >> Making SinglePointingCandidates from a list of 1 PowerSpectraDetectionClusters
Sep 03 04:57:00 INFO >> saved candidates to ./results//injections/315.95_49.23_cumulative_power_spectra_stack_20220627_11_tpa.yml_(752,)_candidates.npz
Sep 03 04:57:00 INFO >> Injected Pulsars:     1
Sep 03 04:57:00 INFO >> Injection Candidates: 1
Sep 03 04:57:00 INFO >> Recovered Injections: 1
Sep 03 04:57:00 INFO >> 1 candidates.
Sep 03 04:57:00 INFO >> Best candidate: F0: 41.204 DM: 15.99 Sigma: 9.71
Sep 03 04:57:01 INFO >> Unlinked shared memory for cumulative stack.
Sep 03 04:57:01 INFO >> Pipeline execution time: 2.05 minutes
