Sep 03 04:23:40 INFO >> {"message": "Waiting for suitable server to become available", "selector": "Primary()", "operation": "find", "topologyDescription": "<TopologyDescription id: 66d68f4c51e689ed2df91c68, topology_type: Unknown, servers: [<ServerDescription ('localhost', 27017) server_type: Unknown, rtt: None>]>", "clientId": {"$oid": "66d68f4c51e689ed2df91c68"}, "remainingTimeMS": 29}
Sep 03 04:23:40 INFO >> Features initialized as the following:
Sep 03 04:23:40 INFO >> num_unique_dms
Sep 03 04:23:40 INFO >> num_unique_freqs
Sep 03 04:23:40 INFO >> ndetections
Sep 03 04:23:40 INFO >> nharm
Sep 03 04:23:40 INFO >> log_p_dm
Sep 03 04:23:40 INFO >> ['dm_sigma_FitGaussWidth_gauss_sigma', 'dm_sigma_FitGaussWidth_gauss_sigma_rel_err', 'dm_sigma_FitGaussWidth_ndof', 'dm_sigma_FitGaussWidth_rms_err']
Sep 03 04:23:40 INFO >> ['dm_sigma_FitGauss_amplitude', 'dm_sigma_FitGauss_mu', 'dm_sigma_FitGauss_gauss_sigma', 'dm_sigma_FitGauss_amplitude_rel_err', 'dm_sigma_FitGauss_mu_rel_err', 'dm_sigma_FitGauss_gauss_sigma_rel_err', 'dm_sigma_FitGauss_amplitude-detection', 'dm_sigma_FitGauss_mu-detection', 'dm_sigma_FitGauss_ndof', 'dm_sigma_FitGauss_rms_err']
Sep 03 04:23:40 INFO >> ['freq_sigma_FitGaussWidth_gauss_sigma', 'freq_sigma_FitGaussWidth_gauss_sigma_rel_err', 'freq_sigma_FitGaussWidth_ndof', 'freq_sigma_FitGaussWidth_rms_err']
Sep 03 04:23:40 INFO >> ['freq_sigma_FitGauss_amplitude', 'freq_sigma_FitGauss_mu', 'freq_sigma_FitGauss_gauss_sigma', 'freq_sigma_FitGauss_amplitude_rel_err', 'freq_sigma_FitGauss_mu_rel_err', 'freq_sigma_FitGauss_gauss_sigma_rel_err', 'freq_sigma_FitGauss_amplitude-detection', 'freq_sigma_FitGauss_mu-detection', 'freq_sigma_FitGauss_ndof', 'freq_sigma_FitGauss_rms_err']
Sep 03 04:23:40 INFO >> Performing searching on cumulative stack 315.95 49.23
Sep 03 04:23:40 INFO >> Loading the cumulative power spectra stack to search
Sep 03 04:24:37 INFO >> DM: 80.32491707598571
Sep 03 04:24:37 INFO >> sigma: 11.191800193742905
Sep 03 04:24:37 INFO >> frequency: 59.33292882625374
Sep 03 04:24:37 INFO >> Injecting 8 harmonics.
Sep 03 04:24:37 INFO >> Starting DM: 78.63079402424479
Sep 03 04:24:37 INFO >> Stopping DM: 82.07152374988742
Sep 03 04:24:37 INFO >> Expected detection at 8.82 sigma with 8 harmonics.
Sep 03 04:24:51 INFO >> Start searching 6558 dm trials using 32 harmonics.
Sep 03 04:24:57 INFO >> Moved power spectra to shared memory.
Sep 03 04:24:57 INFO >> Number of dm trials in single multi processing job: 10
Sep 03 04:25:37 INFO >> Total number of detections=15598
Sep 03 04:25:37 INFO >> Clustering the detections
Sep 03 04:25:37 INFO >> Starting clustering
Sep 03 04:25:37 INFO >> Rogue harmonic power filter reduced detections from 15598 to 8540
Sep 03 04:25:37 INFO >> Filtering out duplicate freq,dm detections at multiple nharms removes 795 detections
Sep 03 04:25:37 INFO >> Duplicate freq,dm filter reduced detections to 7745
Sep 03 04:25:37 INFO >> Number of detections over threshold sigma (6.0): 7745
Sep 03 04:25:37 INFO >> Grouping duplicate frequencies together first
Sep 03 04:25:37 INFO >> Grouping duplicate frequencies removed 7220 detections from the harmonic metric computation
Sep 03 04:25:37 INFO >> Starting freq-DM distance metric computation
Sep 03 04:25:38 INFO >> Finished freq-DM distance metric computation
Sep 03 04:25:38 INFO >> Largest group size for metric computation is 97
Sep 03 04:25:38 INFO >> Starting harmonic distance metric computation
Sep 03 04:25:39 INFO >> Finished harmonic distance metric computation
Sep 03 04:25:39 INFO >> Starting DBSCAN
Sep 03 04:25:39 INFO >> Finished DBSCAN
Sep 03 04:25:39 INFO >> Clusters found: 76
Sep 03 04:25:39 INFO >> Filtered 32 clusters below or equal 2 DM.
Sep 03 04:25:39 INFO >> Total number of candidate clusters=1
Sep 03 04:25:39 INFO >> Candidate Processor of stack (315.95 49.23)
Sep 03 04:25:39 INFO >> Making SinglePointingCandidates from a list of 1 PowerSpectraDetectionClusters
Sep 03 04:25:41 INFO >> saved candidates to ./results//injections/315.95_49.23_cumulative_power_spectra_stack_20220627_11_tpa.yml_(737,)_candidates.npz
Sep 03 04:25:41 INFO >> Injected Pulsars:     1
Sep 03 04:25:41 INFO >> Injection Candidates: 1
Sep 03 04:25:41 INFO >> Recovered Injections: 1
Sep 03 04:25:41 INFO >> 1 candidates.
Sep 03 04:25:41 INFO >> Best candidate: F0: 59.333 DM: 80.35 Sigma: 9.34
Sep 03 04:25:43 INFO >> Unlinked shared memory for cumulative stack.
Sep 03 04:25:43 INFO >> Pipeline execution time: 2.05 minutes
