Sep 03 02:55:43 INFO >> {"message": "Waiting for suitable server to become available", "selector": "Primary()", "operation": "find", "topologyDescription": "<TopologyDescription id: 66d67aafd5910ba8503eb44b, topology_type: Unknown, servers: [<ServerDescription ('localhost', 27017) server_type: Unknown, rtt: None>]>", "clientId": {"$oid": "66d67aafd5910ba8503eb44b"}, "remainingTimeMS": 29}
Sep 03 02:55:44 INFO >> Features initialized as the following:
Sep 03 02:55:44 INFO >> num_unique_dms
Sep 03 02:55:44 INFO >> num_unique_freqs
Sep 03 02:55:44 INFO >> ndetections
Sep 03 02:55:44 INFO >> nharm
Sep 03 02:55:44 INFO >> log_p_dm
Sep 03 02:55:44 INFO >> ['dm_sigma_FitGaussWidth_gauss_sigma', 'dm_sigma_FitGaussWidth_gauss_sigma_rel_err', 'dm_sigma_FitGaussWidth_ndof', 'dm_sigma_FitGaussWidth_rms_err']
Sep 03 02:55:44 INFO >> ['dm_sigma_FitGauss_amplitude', 'dm_sigma_FitGauss_mu', 'dm_sigma_FitGauss_gauss_sigma', 'dm_sigma_FitGauss_amplitude_rel_err', 'dm_sigma_FitGauss_mu_rel_err', 'dm_sigma_FitGauss_gauss_sigma_rel_err', 'dm_sigma_FitGauss_amplitude-detection', 'dm_sigma_FitGauss_mu-detection', 'dm_sigma_FitGauss_ndof', 'dm_sigma_FitGauss_rms_err']
Sep 03 02:55:44 INFO >> ['freq_sigma_FitGaussWidth_gauss_sigma', 'freq_sigma_FitGaussWidth_gauss_sigma_rel_err', 'freq_sigma_FitGaussWidth_ndof', 'freq_sigma_FitGaussWidth_rms_err']
Sep 03 02:55:44 INFO >> ['freq_sigma_FitGauss_amplitude', 'freq_sigma_FitGauss_mu', 'freq_sigma_FitGauss_gauss_sigma', 'freq_sigma_FitGauss_amplitude_rel_err', 'freq_sigma_FitGauss_mu_rel_err', 'freq_sigma_FitGauss_gauss_sigma_rel_err', 'freq_sigma_FitGauss_amplitude-detection', 'freq_sigma_FitGauss_mu-detection', 'freq_sigma_FitGauss_ndof', 'freq_sigma_FitGauss_rms_err']
Sep 03 02:55:44 INFO >> Performing searching on cumulative stack 315.95 49.23
Sep 03 02:55:44 INFO >> Loading the cumulative power spectra stack to search
Sep 03 02:56:42 INFO >> DM: 8.5265542201833
Sep 03 02:56:42 INFO >> sigma: 15.873493495689193
Sep 03 02:56:42 INFO >> frequency: 89.94658985281713
Sep 03 02:56:42 INFO >> Injecting 5 harmonics.
Sep 03 02:56:42 INFO >> Starting DM: 7.38744911682094
Sep 03 02:56:42 INFO >> Stopping DM: 9.715001578285072
Sep 03 02:56:42 INFO >> Expected detection at 9.69 sigma with 4 harmonics.
Sep 03 02:56:56 INFO >> Start searching 6558 dm trials using 32 harmonics.
Sep 03 02:57:01 INFO >> Moved power spectra to shared memory.
Sep 03 02:57:01 INFO >> Number of dm trials in single multi processing job: 10
Sep 03 02:57:42 INFO >> Total number of detections=15592
Sep 03 02:57:42 INFO >> Clustering the detections
Sep 03 02:57:42 INFO >> Starting clustering
Sep 03 02:57:42 INFO >> Rogue harmonic power filter reduced detections from 15592 to 8534
Sep 03 02:57:42 INFO >> Filtering out duplicate freq,dm detections at multiple nharms removes 789 detections
Sep 03 02:57:42 INFO >> Duplicate freq,dm filter reduced detections to 7745
Sep 03 02:57:42 INFO >> Number of detections over threshold sigma (6.0): 7745
Sep 03 02:57:42 INFO >> Grouping duplicate frequencies together first
Sep 03 02:57:42 INFO >> Grouping duplicate frequencies removed 7218 detections from the harmonic metric computation
Sep 03 02:57:42 INFO >> Starting freq-DM distance metric computation
Sep 03 02:57:43 INFO >> Finished freq-DM distance metric computation
Sep 03 02:57:43 INFO >> Largest group size for metric computation is 97
Sep 03 02:57:43 INFO >> Starting harmonic distance metric computation
Sep 03 02:57:44 INFO >> Finished harmonic distance metric computation
Sep 03 02:57:44 INFO >> Starting DBSCAN
Sep 03 02:57:44 INFO >> Finished DBSCAN
Sep 03 02:57:44 INFO >> Clusters found: 76
Sep 03 02:57:44 INFO >> Filtered 32 clusters below or equal 2 DM.
Sep 03 02:57:44 INFO >> Total number of candidate clusters=1
Sep 03 02:57:44 INFO >> Candidate Processor of stack (315.95 49.23)
Sep 03 02:57:44 INFO >> Making SinglePointingCandidates from a list of 1 PowerSpectraDetectionClusters
Sep 03 02:57:46 INFO >> saved candidates to ./results//injections/315.95_49.23_cumulative_power_spectra_stack_20220627_11_tpa.yml_(695,)_candidates.npz
Sep 03 02:57:46 INFO >> Injected Pulsars:     1
Sep 03 02:57:46 INFO >> Injection Candidates: 1
Sep 03 02:57:46 INFO >> Recovered Injections: 1
Sep 03 02:57:46 INFO >> 1 candidates.
Sep 03 02:57:46 INFO >> Best candidate: F0: 89.947 DM: 8.50 Sigma: 10.77
Sep 03 02:57:48 INFO >> Unlinked shared memory for cumulative stack.
Sep 03 02:57:48 INFO >> Pipeline execution time: 2.07 minutes
