Sep 03 02:32:43 INFO >> {"message": "Waiting for suitable server to become available", "selector": "Primary()", "operation": "find", "topologyDescription": "<TopologyDescription id: 66d6754b92d381cc5d450a28, topology_type: Unknown, servers: [<ServerDescription ('localhost', 27017) server_type: Unknown, rtt: None>]>", "clientId": {"$oid": "66d6754b92d381cc5d450a28"}, "remainingTimeMS": 29}
Sep 03 02:32:43 INFO >> Features initialized as the following:
Sep 03 02:32:43 INFO >> num_unique_dms
Sep 03 02:32:43 INFO >> num_unique_freqs
Sep 03 02:32:43 INFO >> ndetections
Sep 03 02:32:43 INFO >> nharm
Sep 03 02:32:43 INFO >> log_p_dm
Sep 03 02:32:43 INFO >> ['dm_sigma_FitGaussWidth_gauss_sigma', 'dm_sigma_FitGaussWidth_gauss_sigma_rel_err', 'dm_sigma_FitGaussWidth_ndof', 'dm_sigma_FitGaussWidth_rms_err']
Sep 03 02:32:43 INFO >> ['dm_sigma_FitGauss_amplitude', 'dm_sigma_FitGauss_mu', 'dm_sigma_FitGauss_gauss_sigma', 'dm_sigma_FitGauss_amplitude_rel_err', 'dm_sigma_FitGauss_mu_rel_err', 'dm_sigma_FitGauss_gauss_sigma_rel_err', 'dm_sigma_FitGauss_amplitude-detection', 'dm_sigma_FitGauss_mu-detection', 'dm_sigma_FitGauss_ndof', 'dm_sigma_FitGauss_rms_err']
Sep 03 02:32:43 INFO >> ['freq_sigma_FitGaussWidth_gauss_sigma', 'freq_sigma_FitGaussWidth_gauss_sigma_rel_err', 'freq_sigma_FitGaussWidth_ndof', 'freq_sigma_FitGaussWidth_rms_err']
Sep 03 02:32:43 INFO >> ['freq_sigma_FitGauss_amplitude', 'freq_sigma_FitGauss_mu', 'freq_sigma_FitGauss_gauss_sigma', 'freq_sigma_FitGauss_amplitude_rel_err', 'freq_sigma_FitGauss_mu_rel_err', 'freq_sigma_FitGauss_gauss_sigma_rel_err', 'freq_sigma_FitGauss_amplitude-detection', 'freq_sigma_FitGauss_mu-detection', 'freq_sigma_FitGauss_ndof', 'freq_sigma_FitGauss_rms_err']
Sep 03 02:32:43 INFO >> Performing searching on cumulative stack 315.95 49.23
Sep 03 02:32:43 INFO >> Loading the cumulative power spectra stack to search
Sep 03 02:33:40 INFO >> DM: 60.8001281509346
Sep 03 02:33:40 INFO >> sigma: 13.120367969474959
Sep 03 02:33:40 INFO >> frequency: 30.18174389524242
Sep 03 02:33:40 INFO >> Injecting 16 harmonics.
Sep 03 02:33:40 INFO >> Starting DM: 57.37922807174619
Sep 03 02:33:40 INFO >> Stopping DM: 64.26068752303146
Sep 03 02:33:40 INFO >> Expected detection at 11.21 sigma with 8 harmonics.
Sep 03 02:33:54 INFO >> Start searching 6558 dm trials using 32 harmonics.
Sep 03 02:34:00 INFO >> Moved power spectra to shared memory.
Sep 03 02:34:00 INFO >> Number of dm trials in single multi processing job: 10
Sep 03 02:34:42 INFO >> Total number of detections=15636
Sep 03 02:34:42 INFO >> Clustering the detections
Sep 03 02:34:42 INFO >> Starting clustering
Sep 03 02:34:42 INFO >> Rogue harmonic power filter reduced detections from 15636 to 8578
Sep 03 02:34:42 INFO >> Filtering out duplicate freq,dm detections at multiple nharms removes 810 detections
Sep 03 02:34:42 INFO >> Duplicate freq,dm filter reduced detections to 7768
Sep 03 02:34:42 INFO >> Number of detections over threshold sigma (6.0): 7768
Sep 03 02:34:42 INFO >> Grouping duplicate frequencies together first
Sep 03 02:34:42 INFO >> Grouping duplicate frequencies removed 7240 detections from the harmonic metric computation
Sep 03 02:34:42 INFO >> Starting freq-DM distance metric computation
Sep 03 02:34:43 INFO >> Finished freq-DM distance metric computation
Sep 03 02:34:43 INFO >> Largest group size for metric computation is 97
Sep 03 02:34:43 INFO >> Starting harmonic distance metric computation
Sep 03 02:34:43 INFO >> Finished harmonic distance metric computation
Sep 03 02:34:43 INFO >> Starting DBSCAN
Sep 03 02:34:44 INFO >> Finished DBSCAN
Sep 03 02:34:44 INFO >> Clusters found: 76
Sep 03 02:34:44 INFO >> Filtered 32 clusters below or equal 2 DM.
Sep 03 02:34:44 INFO >> Total number of candidate clusters=1
Sep 03 02:34:44 INFO >> Candidate Processor of stack (315.95 49.23)
Sep 03 02:34:44 INFO >> Making SinglePointingCandidates from a list of 1 PowerSpectraDetectionClusters
Sep 03 02:34:46 INFO >> saved candidates to ./results//injections/315.95_49.23_cumulative_power_spectra_stack_20220627_11_tpa.yml_(684,)_candidates.npz
Sep 03 02:34:46 INFO >> Injected Pulsars:     1
Sep 03 02:34:46 INFO >> Injection Candidates: 1
Sep 03 02:34:46 INFO >> Recovered Injections: 1
Sep 03 02:34:46 INFO >> 1 candidates.
Sep 03 02:34:46 INFO >> Best candidate: F0: 30.182 DM: 60.82 Sigma: 10.34
Sep 03 02:34:47 INFO >> Unlinked shared memory for cumulative stack.
Sep 03 02:34:47 INFO >> Pipeline execution time: 2.08 minutes
