Sep 03 02:28:31 INFO >> {"message": "Waiting for suitable server to become available", "selector": "Primary()", "operation": "find", "topologyDescription": "<TopologyDescription id: 66d6744f9efa3bbd77a53fa0, topology_type: Unknown, servers: [<ServerDescription ('localhost', 27017) server_type: Unknown, rtt: None>]>", "clientId": {"$oid": "66d6744f9efa3bbd77a53fa0"}, "remainingTimeMS": 29}
Sep 03 02:28:31 INFO >> Features initialized as the following:
Sep 03 02:28:31 INFO >> num_unique_dms
Sep 03 02:28:31 INFO >> num_unique_freqs
Sep 03 02:28:31 INFO >> ndetections
Sep 03 02:28:31 INFO >> nharm
Sep 03 02:28:31 INFO >> log_p_dm
Sep 03 02:28:31 INFO >> ['dm_sigma_FitGaussWidth_gauss_sigma', 'dm_sigma_FitGaussWidth_gauss_sigma_rel_err', 'dm_sigma_FitGaussWidth_ndof', 'dm_sigma_FitGaussWidth_rms_err']
Sep 03 02:28:31 INFO >> ['dm_sigma_FitGauss_amplitude', 'dm_sigma_FitGauss_mu', 'dm_sigma_FitGauss_gauss_sigma', 'dm_sigma_FitGauss_amplitude_rel_err', 'dm_sigma_FitGauss_mu_rel_err', 'dm_sigma_FitGauss_gauss_sigma_rel_err', 'dm_sigma_FitGauss_amplitude-detection', 'dm_sigma_FitGauss_mu-detection', 'dm_sigma_FitGauss_ndof', 'dm_sigma_FitGauss_rms_err']
Sep 03 02:28:31 INFO >> ['freq_sigma_FitGaussWidth_gauss_sigma', 'freq_sigma_FitGaussWidth_gauss_sigma_rel_err', 'freq_sigma_FitGaussWidth_ndof', 'freq_sigma_FitGaussWidth_rms_err']
Sep 03 02:28:31 INFO >> ['freq_sigma_FitGauss_amplitude', 'freq_sigma_FitGauss_mu', 'freq_sigma_FitGauss_gauss_sigma', 'freq_sigma_FitGauss_amplitude_rel_err', 'freq_sigma_FitGauss_mu_rel_err', 'freq_sigma_FitGauss_gauss_sigma_rel_err', 'freq_sigma_FitGauss_amplitude-detection', 'freq_sigma_FitGauss_mu-detection', 'freq_sigma_FitGauss_ndof', 'freq_sigma_FitGauss_rms_err']
Sep 03 02:28:31 INFO >> Performing searching on cumulative stack 315.95 49.23
Sep 03 02:28:31 INFO >> Loading the cumulative power spectra stack to search
Sep 03 02:29:29 INFO >> DM: 77.98622411553171
Sep 03 02:29:29 INFO >> sigma: 11.872582415212252
Sep 03 02:29:29 INFO >> frequency: 21.32589462660364
Sep 03 02:29:29 INFO >> Injecting 23 harmonics.
Sep 03 02:29:29 INFO >> Starting DM: 73.16610563645945
Sep 03 02:29:29 INFO >> Stopping DM: 82.77990928163737
Sep 03 02:29:29 INFO >> Expected detection at 9.97 sigma with 16 harmonics.
Sep 03 02:29:43 INFO >> Start searching 6558 dm trials using 32 harmonics.
Sep 03 02:29:48 INFO >> Moved power spectra to shared memory.
Sep 03 02:29:48 INFO >> Number of dm trials in single multi processing job: 10
Sep 03 02:30:29 INFO >> Total number of detections=15614
Sep 03 02:30:29 INFO >> Clustering the detections
Sep 03 02:30:29 INFO >> Starting clustering
Sep 03 02:30:29 INFO >> Rogue harmonic power filter reduced detections from 15614 to 8556
Sep 03 02:30:29 INFO >> Filtering out duplicate freq,dm detections at multiple nharms removes 790 detections
Sep 03 02:30:29 INFO >> Duplicate freq,dm filter reduced detections to 7766
Sep 03 02:30:29 INFO >> Number of detections over threshold sigma (6.0): 7766
Sep 03 02:30:29 INFO >> Grouping duplicate frequencies together first
Sep 03 02:30:29 INFO >> Grouping duplicate frequencies removed 7239 detections from the harmonic metric computation
Sep 03 02:30:29 INFO >> Starting freq-DM distance metric computation
Sep 03 02:30:30 INFO >> Finished freq-DM distance metric computation
Sep 03 02:30:30 INFO >> Largest group size for metric computation is 97
Sep 03 02:30:30 INFO >> Starting harmonic distance metric computation
Sep 03 02:30:31 INFO >> Finished harmonic distance metric computation
Sep 03 02:30:31 INFO >> Starting DBSCAN
Sep 03 02:30:31 INFO >> Finished DBSCAN
Sep 03 02:30:31 INFO >> Clusters found: 76
Sep 03 02:30:31 INFO >> Filtered 32 clusters below or equal 2 DM.
Sep 03 02:30:31 INFO >> Total number of candidate clusters=1
Sep 03 02:30:31 INFO >> Candidate Processor of stack (315.95 49.23)
Sep 03 02:30:31 INFO >> Making SinglePointingCandidates from a list of 1 PowerSpectraDetectionClusters
Sep 03 02:30:33 INFO >> saved candidates to ./results//injections/315.95_49.23_cumulative_power_spectra_stack_20220627_11_tpa.yml_(682,)_candidates.npz
Sep 03 02:30:33 INFO >> Injected Pulsars:     1
Sep 03 02:30:33 INFO >> Injection Candidates: 1
Sep 03 02:30:33 INFO >> Recovered Injections: 1
Sep 03 02:30:33 INFO >> 1 candidates.
Sep 03 02:30:33 INFO >> Best candidate: F0: 21.326 DM: 78.02 Sigma: 9.84
Sep 03 02:30:35 INFO >> Unlinked shared memory for cumulative stack.
Sep 03 02:30:35 INFO >> Pipeline execution time: 2.06 minutes
