Sep 03 02:22:15 INFO >> {"message": "Waiting for suitable server to become available", "selector": "Primary()", "operation": "find", "topologyDescription": "<TopologyDescription id: 66d672d7aab0bfc7b2a79786, topology_type: Unknown, servers: [<ServerDescription ('localhost', 27017) server_type: Unknown, rtt: None>]>", "clientId": {"$oid": "66d672d7aab0bfc7b2a79786"}, "remainingTimeMS": 29}
Sep 03 02:22:15 INFO >> Features initialized as the following:
Sep 03 02:22:15 INFO >> num_unique_dms
Sep 03 02:22:15 INFO >> num_unique_freqs
Sep 03 02:22:15 INFO >> ndetections
Sep 03 02:22:15 INFO >> nharm
Sep 03 02:22:15 INFO >> log_p_dm
Sep 03 02:22:15 INFO >> ['dm_sigma_FitGaussWidth_gauss_sigma', 'dm_sigma_FitGaussWidth_gauss_sigma_rel_err', 'dm_sigma_FitGaussWidth_ndof', 'dm_sigma_FitGaussWidth_rms_err']
Sep 03 02:22:15 INFO >> ['dm_sigma_FitGauss_amplitude', 'dm_sigma_FitGauss_mu', 'dm_sigma_FitGauss_gauss_sigma', 'dm_sigma_FitGauss_amplitude_rel_err', 'dm_sigma_FitGauss_mu_rel_err', 'dm_sigma_FitGauss_gauss_sigma_rel_err', 'dm_sigma_FitGauss_amplitude-detection', 'dm_sigma_FitGauss_mu-detection', 'dm_sigma_FitGauss_ndof', 'dm_sigma_FitGauss_rms_err']
Sep 03 02:22:15 INFO >> ['freq_sigma_FitGaussWidth_gauss_sigma', 'freq_sigma_FitGaussWidth_gauss_sigma_rel_err', 'freq_sigma_FitGaussWidth_ndof', 'freq_sigma_FitGaussWidth_rms_err']
Sep 03 02:22:15 INFO >> ['freq_sigma_FitGauss_amplitude', 'freq_sigma_FitGauss_mu', 'freq_sigma_FitGauss_gauss_sigma', 'freq_sigma_FitGauss_amplitude_rel_err', 'freq_sigma_FitGauss_mu_rel_err', 'freq_sigma_FitGauss_gauss_sigma_rel_err', 'freq_sigma_FitGauss_amplitude-detection', 'freq_sigma_FitGauss_mu-detection', 'freq_sigma_FitGauss_ndof', 'freq_sigma_FitGauss_rms_err']
Sep 03 02:22:16 INFO >> Performing searching on cumulative stack 315.95 49.23
Sep 03 02:22:16 INFO >> Loading the cumulative power spectra stack to search
Sep 03 02:23:13 INFO >> DM: 64.33345656841988
Sep 03 02:23:13 INFO >> sigma: 13.353648232408197
Sep 03 02:23:13 INFO >> frequency: 38.05552751386451
Sep 03 02:23:13 INFO >> Injecting 13 harmonics.
Sep 03 02:23:13 INFO >> Starting DM: 61.62954126224592
Sep 03 02:23:13 INFO >> Stopping DM: 66.99303171692412
Sep 03 02:23:13 INFO >> Expected detection at 11.40 sigma with 8 harmonics.
Sep 03 02:23:27 INFO >> Start searching 6558 dm trials using 32 harmonics.
Sep 03 02:23:33 INFO >> Moved power spectra to shared memory.
Sep 03 02:23:33 INFO >> Number of dm trials in single multi processing job: 10
Sep 03 02:24:13 INFO >> Total number of detections=15608
Sep 03 02:24:13 INFO >> Clustering the detections
Sep 03 02:24:13 INFO >> Starting clustering
Sep 03 02:24:13 INFO >> Rogue harmonic power filter reduced detections from 15608 to 8550
Sep 03 02:24:13 INFO >> Filtering out duplicate freq,dm detections at multiple nharms removes 790 detections
Sep 03 02:24:13 INFO >> Duplicate freq,dm filter reduced detections to 7760
Sep 03 02:24:13 INFO >> Number of detections over threshold sigma (6.0): 7760
Sep 03 02:24:13 INFO >> Grouping duplicate frequencies together first
Sep 03 02:24:13 INFO >> Grouping duplicate frequencies removed 7227 detections from the harmonic metric computation
Sep 03 02:24:13 INFO >> Starting freq-DM distance metric computation
Sep 03 02:24:13 INFO >> Finished freq-DM distance metric computation
Sep 03 02:24:14 INFO >> Largest group size for metric computation is 97
Sep 03 02:24:14 INFO >> Starting harmonic distance metric computation
Sep 03 02:24:14 INFO >> Finished harmonic distance metric computation
Sep 03 02:24:14 INFO >> Starting DBSCAN
Sep 03 02:24:14 INFO >> Finished DBSCAN
Sep 03 02:24:14 INFO >> Clusters found: 77
Sep 03 02:24:14 INFO >> Filtered 32 clusters below or equal 2 DM.
Sep 03 02:24:14 INFO >> Total number of candidate clusters=2
Sep 03 02:24:14 INFO >> Candidate Processor of stack (315.95 49.23)
Sep 03 02:24:14 INFO >> Making SinglePointingCandidates from a list of 2 PowerSpectraDetectionClusters
Sep 03 02:24:17 INFO >> saved candidates to ./results//injections/315.95_49.23_cumulative_power_spectra_stack_20220627_11_tpa.yml_(679,)_candidates.npz
Sep 03 02:24:17 INFO >> Injected Pulsars:     1
Sep 03 02:24:17 INFO >> Injection Candidates: 2
Sep 03 02:24:17 INFO >> Recovered Injections: 1
Sep 03 02:24:17 INFO >> 2 candidates.
Sep 03 02:24:17 INFO >> Best candidate: F0: 38.056 DM: 64.36 Sigma: 11.25
Sep 03 02:24:18 INFO >> Unlinked shared memory for cumulative stack.
Sep 03 02:24:18 INFO >> Pipeline execution time: 2.05 minutes
