Sep 03 02:49:26 INFO >> {"message": "Waiting for suitable server to become available", "selector": "Primary()", "operation": "find", "topologyDescription": "<TopologyDescription id: 66d67936351dfbe8e494583e, topology_type: Unknown, servers: [<ServerDescription ('localhost', 27017) server_type: Unknown, rtt: None>]>", "clientId": {"$oid": "66d67936351dfbe8e494583e"}, "remainingTimeMS": 29}
Sep 03 02:49:26 INFO >> Features initialized as the following:
Sep 03 02:49:26 INFO >> num_unique_dms
Sep 03 02:49:26 INFO >> num_unique_freqs
Sep 03 02:49:26 INFO >> ndetections
Sep 03 02:49:26 INFO >> nharm
Sep 03 02:49:26 INFO >> log_p_dm
Sep 03 02:49:26 INFO >> ['dm_sigma_FitGaussWidth_gauss_sigma', 'dm_sigma_FitGaussWidth_gauss_sigma_rel_err', 'dm_sigma_FitGaussWidth_ndof', 'dm_sigma_FitGaussWidth_rms_err']
Sep 03 02:49:26 INFO >> ['dm_sigma_FitGauss_amplitude', 'dm_sigma_FitGauss_mu', 'dm_sigma_FitGauss_gauss_sigma', 'dm_sigma_FitGauss_amplitude_rel_err', 'dm_sigma_FitGauss_mu_rel_err', 'dm_sigma_FitGauss_gauss_sigma_rel_err', 'dm_sigma_FitGauss_amplitude-detection', 'dm_sigma_FitGauss_mu-detection', 'dm_sigma_FitGauss_ndof', 'dm_sigma_FitGauss_rms_err']
Sep 03 02:49:26 INFO >> ['freq_sigma_FitGaussWidth_gauss_sigma', 'freq_sigma_FitGaussWidth_gauss_sigma_rel_err', 'freq_sigma_FitGaussWidth_ndof', 'freq_sigma_FitGaussWidth_rms_err']
Sep 03 02:49:26 INFO >> ['freq_sigma_FitGauss_amplitude', 'freq_sigma_FitGauss_mu', 'freq_sigma_FitGauss_gauss_sigma', 'freq_sigma_FitGauss_amplitude_rel_err', 'freq_sigma_FitGauss_mu_rel_err', 'freq_sigma_FitGauss_gauss_sigma_rel_err', 'freq_sigma_FitGauss_amplitude-detection', 'freq_sigma_FitGauss_mu-detection', 'freq_sigma_FitGauss_ndof', 'freq_sigma_FitGauss_rms_err']
Sep 03 02:49:26 INFO >> Performing searching on cumulative stack 315.95 49.23
Sep 03 02:49:26 INFO >> Loading the cumulative power spectra stack to search
Sep 03 02:50:24 INFO >> DM: 56.49771301661835
Sep 03 02:50:24 INFO >> sigma: 16.974956459347794
Sep 03 02:50:24 INFO >> frequency: 94.07954015727154
Sep 03 02:50:24 INFO >> Injecting 5 harmonics.
Sep 03 02:50:24 INFO >> Starting DM: 55.35526940960348
Sep 03 02:50:24 INFO >> Stopping DM: 57.58162393796047
Sep 03 02:50:24 INFO >> Expected detection at 10.63 sigma with 4 harmonics.
Sep 03 02:50:38 INFO >> Start searching 6558 dm trials using 32 harmonics.
Sep 03 02:50:44 INFO >> Moved power spectra to shared memory.
Sep 03 02:50:44 INFO >> Number of dm trials in single multi processing job: 10
Sep 03 02:51:24 INFO >> Total number of detections=15597
Sep 03 02:51:24 INFO >> Clustering the detections
Sep 03 02:51:24 INFO >> Starting clustering
Sep 03 02:51:24 INFO >> Rogue harmonic power filter reduced detections from 15597 to 8539
Sep 03 02:51:24 INFO >> Filtering out duplicate freq,dm detections at multiple nharms removes 795 detections
Sep 03 02:51:24 INFO >> Duplicate freq,dm filter reduced detections to 7744
Sep 03 02:51:24 INFO >> Number of detections over threshold sigma (6.0): 7744
Sep 03 02:51:24 INFO >> Grouping duplicate frequencies together first
Sep 03 02:51:24 INFO >> Grouping duplicate frequencies removed 7219 detections from the harmonic metric computation
Sep 03 02:51:24 INFO >> Starting freq-DM distance metric computation
Sep 03 02:51:25 INFO >> Finished freq-DM distance metric computation
Sep 03 02:51:25 INFO >> Largest group size for metric computation is 97
Sep 03 02:51:25 INFO >> Starting harmonic distance metric computation
Sep 03 02:51:26 INFO >> Finished harmonic distance metric computation
Sep 03 02:51:26 INFO >> Starting DBSCAN
Sep 03 02:51:26 INFO >> Finished DBSCAN
Sep 03 02:51:26 INFO >> Clusters found: 76
Sep 03 02:51:26 INFO >> Filtered 32 clusters below or equal 2 DM.
Sep 03 02:51:26 INFO >> Total number of candidate clusters=1
Sep 03 02:51:26 INFO >> Candidate Processor of stack (315.95 49.23)
Sep 03 02:51:26 INFO >> Making SinglePointingCandidates from a list of 1 PowerSpectraDetectionClusters
Sep 03 02:51:28 INFO >> saved candidates to ./results//injections/315.95_49.23_cumulative_power_spectra_stack_20220627_11_tpa.yml_(692,)_candidates.npz
Sep 03 02:51:28 INFO >> Injected Pulsars:     1
Sep 03 02:51:28 INFO >> Injection Candidates: 1
Sep 03 02:51:28 INFO >> Recovered Injections: 1
Sep 03 02:51:28 INFO >> 1 candidates.
Sep 03 02:51:28 INFO >> Best candidate: F0: 94.080 DM: 56.47 Sigma: 10.22
Sep 03 02:51:29 INFO >> Unlinked shared memory for cumulative stack.
Sep 03 02:51:29 INFO >> Pipeline execution time: 2.06 minutes
