Sep 03 02:05:30 INFO >> {"message": "Waiting for suitable server to become available", "selector": "Primary()", "operation": "find", "topologyDescription": "<TopologyDescription id: 66d66eeadb7f26ed87d21558, topology_type: Unknown, servers: [<ServerDescription ('localhost', 27017) server_type: Unknown, rtt: None>]>", "clientId": {"$oid": "66d66eeadb7f26ed87d21558"}, "remainingTimeMS": 29}
Sep 03 02:05:30 INFO >> Features initialized as the following:
Sep 03 02:05:30 INFO >> num_unique_dms
Sep 03 02:05:30 INFO >> num_unique_freqs
Sep 03 02:05:30 INFO >> ndetections
Sep 03 02:05:30 INFO >> nharm
Sep 03 02:05:30 INFO >> log_p_dm
Sep 03 02:05:30 INFO >> ['dm_sigma_FitGaussWidth_gauss_sigma', 'dm_sigma_FitGaussWidth_gauss_sigma_rel_err', 'dm_sigma_FitGaussWidth_ndof', 'dm_sigma_FitGaussWidth_rms_err']
Sep 03 02:05:30 INFO >> ['dm_sigma_FitGauss_amplitude', 'dm_sigma_FitGauss_mu', 'dm_sigma_FitGauss_gauss_sigma', 'dm_sigma_FitGauss_amplitude_rel_err', 'dm_sigma_FitGauss_mu_rel_err', 'dm_sigma_FitGauss_gauss_sigma_rel_err', 'dm_sigma_FitGauss_amplitude-detection', 'dm_sigma_FitGauss_mu-detection', 'dm_sigma_FitGauss_ndof', 'dm_sigma_FitGauss_rms_err']
Sep 03 02:05:30 INFO >> ['freq_sigma_FitGaussWidth_gauss_sigma', 'freq_sigma_FitGaussWidth_gauss_sigma_rel_err', 'freq_sigma_FitGaussWidth_ndof', 'freq_sigma_FitGaussWidth_rms_err']
Sep 03 02:05:30 INFO >> ['freq_sigma_FitGauss_amplitude', 'freq_sigma_FitGauss_mu', 'freq_sigma_FitGauss_gauss_sigma', 'freq_sigma_FitGauss_amplitude_rel_err', 'freq_sigma_FitGauss_mu_rel_err', 'freq_sigma_FitGauss_gauss_sigma_rel_err', 'freq_sigma_FitGauss_amplitude-detection', 'freq_sigma_FitGauss_mu-detection', 'freq_sigma_FitGauss_ndof', 'freq_sigma_FitGauss_rms_err']
Sep 03 02:05:31 INFO >> Performing searching on cumulative stack 315.95 49.23
Sep 03 02:05:31 INFO >> Loading the cumulative power spectra stack to search
Sep 03 02:06:28 INFO >> DM: 131.63380729351044
Sep 03 02:06:28 INFO >> sigma: 10.670163328877482
Sep 03 02:06:28 INFO >> frequency: 29.811642679750136
Sep 03 02:06:28 INFO >> Injecting 17 harmonics.
Sep 03 02:06:28 INFO >> Starting DM: 128.21778124674148
Sep 03 02:06:28 INFO >> Stopping DM: 135.09924069802676
Sep 03 02:06:28 INFO >> Expected detection at 9.61 sigma with 8 harmonics.
Sep 03 02:06:42 INFO >> Start searching 6558 dm trials using 32 harmonics.
Sep 03 02:06:48 INFO >> Moved power spectra to shared memory.
Sep 03 02:06:48 INFO >> Number of dm trials in single multi processing job: 10
Sep 03 02:07:28 INFO >> Total number of detections=15592
Sep 03 02:07:28 INFO >> Clustering the detections
Sep 03 02:07:28 INFO >> Starting clustering
Sep 03 02:07:28 INFO >> Rogue harmonic power filter reduced detections from 15592 to 8534
Sep 03 02:07:28 INFO >> Filtering out duplicate freq,dm detections at multiple nharms removes 791 detections
Sep 03 02:07:28 INFO >> Duplicate freq,dm filter reduced detections to 7743
Sep 03 02:07:28 INFO >> Number of detections over threshold sigma (6.0): 7743
Sep 03 02:07:28 INFO >> Grouping duplicate frequencies together first
Sep 03 02:07:28 INFO >> Grouping duplicate frequencies removed 7219 detections from the harmonic metric computation
Sep 03 02:07:28 INFO >> Starting freq-DM distance metric computation
Sep 03 02:07:28 INFO >> Finished freq-DM distance metric computation
Sep 03 02:07:29 INFO >> Largest group size for metric computation is 97
Sep 03 02:07:29 INFO >> Starting harmonic distance metric computation
Sep 03 02:07:29 INFO >> Finished harmonic distance metric computation
Sep 03 02:07:29 INFO >> Starting DBSCAN
Sep 03 02:07:29 INFO >> Finished DBSCAN
Sep 03 02:07:29 INFO >> Clusters found: 76
Sep 03 02:07:29 INFO >> Filtered 32 clusters below or equal 2 DM.
Sep 03 02:07:29 INFO >> Total number of candidate clusters=1
Sep 03 02:07:29 INFO >> Candidate Processor of stack (315.95 49.23)
Sep 03 02:07:29 INFO >> Making SinglePointingCandidates from a list of 1 PowerSpectraDetectionClusters
Sep 03 02:07:32 INFO >> saved candidates to ./results//injections/315.95_49.23_cumulative_power_spectra_stack_20220627_11_tpa.yml_(671,)_candidates.npz
Sep 03 02:07:32 INFO >> Injected Pulsars:     1
Sep 03 02:07:32 INFO >> Injection Candidates: 1
Sep 03 02:07:32 INFO >> Recovered Injections: 1
Sep 03 02:07:32 INFO >> 1 candidates.
Sep 03 02:07:32 INFO >> Best candidate: F0: 29.812 DM: 131.66 Sigma: 9.77
Sep 03 02:07:33 INFO >> Unlinked shared memory for cumulative stack.
Sep 03 02:07:33 INFO >> Pipeline execution time: 2.05 minutes
