Sep 03 04:52:52 INFO >> {"message": "Waiting for suitable server to become available", "selector": "Primary()", "operation": "find", "topologyDescription": "<TopologyDescription id: 66d69624576eee6fc664b39f, topology_type: Unknown, servers: [<ServerDescription ('localhost', 27017) server_type: Unknown, rtt: None>]>", "clientId": {"$oid": "66d69624576eee6fc664b39f"}, "remainingTimeMS": 29}
Sep 03 04:52:53 INFO >> Features initialized as the following:
Sep 03 04:52:53 INFO >> num_unique_dms
Sep 03 04:52:53 INFO >> num_unique_freqs
Sep 03 04:52:53 INFO >> ndetections
Sep 03 04:52:53 INFO >> nharm
Sep 03 04:52:53 INFO >> log_p_dm
Sep 03 04:52:53 INFO >> ['dm_sigma_FitGaussWidth_gauss_sigma', 'dm_sigma_FitGaussWidth_gauss_sigma_rel_err', 'dm_sigma_FitGaussWidth_ndof', 'dm_sigma_FitGaussWidth_rms_err']
Sep 03 04:52:53 INFO >> ['dm_sigma_FitGauss_amplitude', 'dm_sigma_FitGauss_mu', 'dm_sigma_FitGauss_gauss_sigma', 'dm_sigma_FitGauss_amplitude_rel_err', 'dm_sigma_FitGauss_mu_rel_err', 'dm_sigma_FitGauss_gauss_sigma_rel_err', 'dm_sigma_FitGauss_amplitude-detection', 'dm_sigma_FitGauss_mu-detection', 'dm_sigma_FitGauss_ndof', 'dm_sigma_FitGauss_rms_err']
Sep 03 04:52:53 INFO >> ['freq_sigma_FitGaussWidth_gauss_sigma', 'freq_sigma_FitGaussWidth_gauss_sigma_rel_err', 'freq_sigma_FitGaussWidth_ndof', 'freq_sigma_FitGaussWidth_rms_err']
Sep 03 04:52:53 INFO >> ['freq_sigma_FitGauss_amplitude', 'freq_sigma_FitGauss_mu', 'freq_sigma_FitGauss_gauss_sigma', 'freq_sigma_FitGauss_amplitude_rel_err', 'freq_sigma_FitGauss_mu_rel_err', 'freq_sigma_FitGauss_gauss_sigma_rel_err', 'freq_sigma_FitGauss_amplitude-detection', 'freq_sigma_FitGauss_mu-detection', 'freq_sigma_FitGauss_ndof', 'freq_sigma_FitGauss_rms_err']
Sep 03 04:52:53 INFO >> Performing searching on cumulative stack 315.95 49.23
Sep 03 04:52:53 INFO >> Loading the cumulative power spectra stack to search
Sep 03 04:53:50 INFO >> DM: 150.21899801938426
Sep 03 04:53:50 INFO >> sigma: 13.402105744544652
Sep 03 04:53:50 INFO >> frequency: 14.891330477959425
Sep 03 04:53:50 INFO >> Injecting 34 harmonics.
Sep 03 04:53:50 INFO >> Starting DM: 143.2962732797048
Sep 03 04:53:50 INFO >> Stopping DM: 157.16039011538246
Sep 03 04:53:50 INFO >> Expected detection at 12.80 sigma with 32 harmonics.
Sep 03 04:54:04 INFO >> Start searching 6558 dm trials using 32 harmonics.
Sep 03 04:54:10 INFO >> Moved power spectra to shared memory.
Sep 03 04:54:10 INFO >> Number of dm trials in single multi processing job: 10
Sep 03 04:54:51 INFO >> Total number of detections=15625
Sep 03 04:54:51 INFO >> Clustering the detections
Sep 03 04:54:51 INFO >> Starting clustering
Sep 03 04:54:51 INFO >> Rogue harmonic power filter reduced detections from 15625 to 8567
Sep 03 04:54:51 INFO >> Filtering out duplicate freq,dm detections at multiple nharms removes 807 detections
Sep 03 04:54:51 INFO >> Duplicate freq,dm filter reduced detections to 7760
Sep 03 04:54:51 INFO >> Number of detections over threshold sigma (6.0): 7760
Sep 03 04:54:51 INFO >> Grouping duplicate frequencies together first
Sep 03 04:54:51 INFO >> Grouping duplicate frequencies removed 7235 detections from the harmonic metric computation
Sep 03 04:54:51 INFO >> Starting freq-DM distance metric computation
Sep 03 04:54:51 INFO >> Finished freq-DM distance metric computation
Sep 03 04:54:51 INFO >> Largest group size for metric computation is 97
Sep 03 04:54:51 INFO >> Starting harmonic distance metric computation
Sep 03 04:54:52 INFO >> Finished harmonic distance metric computation
Sep 03 04:54:52 INFO >> Starting DBSCAN
Sep 03 04:54:52 INFO >> Finished DBSCAN
Sep 03 04:54:52 INFO >> Clusters found: 76
Sep 03 04:54:52 INFO >> Filtered 32 clusters below or equal 2 DM.
Sep 03 04:54:52 INFO >> Total number of candidate clusters=1
Sep 03 04:54:52 INFO >> Candidate Processor of stack (315.95 49.23)
Sep 03 04:54:52 INFO >> Making SinglePointingCandidates from a list of 1 PowerSpectraDetectionClusters
Sep 03 04:54:54 INFO >> saved candidates to ./results//injections/315.95_49.23_cumulative_power_spectra_stack_20220627_11_tpa.yml_(751,)_candidates.npz
Sep 03 04:54:54 INFO >> Injected Pulsars:     1
Sep 03 04:54:54 INFO >> Injection Candidates: 1
Sep 03 04:54:54 INFO >> Recovered Injections: 1
Sep 03 04:54:54 INFO >> 1 candidates.
Sep 03 04:54:54 INFO >> Best candidate: F0: 14.891 DM: 150.18 Sigma: 12.43
Sep 03 04:54:56 INFO >> Unlinked shared memory for cumulative stack.
Sep 03 04:54:56 INFO >> Pipeline execution time: 2.06 minutes
