Sep 03 03:22:59 INFO >> {"message": "Waiting for suitable server to become available", "selector": "Primary()", "operation": "find", "topologyDescription": "<TopologyDescription id: 66d681138bc97f6f5a9dda03, topology_type: Unknown, servers: [<ServerDescription ('localhost', 27017) server_type: Unknown, rtt: None>]>", "clientId": {"$oid": "66d681138bc97f6f5a9dda03"}, "remainingTimeMS": 29}
Sep 03 03:23:00 INFO >> Features initialized as the following:
Sep 03 03:23:00 INFO >> num_unique_dms
Sep 03 03:23:00 INFO >> num_unique_freqs
Sep 03 03:23:00 INFO >> ndetections
Sep 03 03:23:00 INFO >> nharm
Sep 03 03:23:00 INFO >> log_p_dm
Sep 03 03:23:00 INFO >> ['dm_sigma_FitGaussWidth_gauss_sigma', 'dm_sigma_FitGaussWidth_gauss_sigma_rel_err', 'dm_sigma_FitGaussWidth_ndof', 'dm_sigma_FitGaussWidth_rms_err']
Sep 03 03:23:00 INFO >> ['dm_sigma_FitGauss_amplitude', 'dm_sigma_FitGauss_mu', 'dm_sigma_FitGauss_gauss_sigma', 'dm_sigma_FitGauss_amplitude_rel_err', 'dm_sigma_FitGauss_mu_rel_err', 'dm_sigma_FitGauss_gauss_sigma_rel_err', 'dm_sigma_FitGauss_amplitude-detection', 'dm_sigma_FitGauss_mu-detection', 'dm_sigma_FitGauss_ndof', 'dm_sigma_FitGauss_rms_err']
Sep 03 03:23:00 INFO >> ['freq_sigma_FitGaussWidth_gauss_sigma', 'freq_sigma_FitGaussWidth_gauss_sigma_rel_err', 'freq_sigma_FitGaussWidth_ndof', 'freq_sigma_FitGaussWidth_rms_err']
Sep 03 03:23:00 INFO >> ['freq_sigma_FitGauss_amplitude', 'freq_sigma_FitGauss_mu', 'freq_sigma_FitGauss_gauss_sigma', 'freq_sigma_FitGauss_amplitude_rel_err', 'freq_sigma_FitGauss_mu_rel_err', 'freq_sigma_FitGauss_gauss_sigma_rel_err', 'freq_sigma_FitGauss_amplitude-detection', 'freq_sigma_FitGauss_mu-detection', 'freq_sigma_FitGauss_ndof', 'freq_sigma_FitGauss_rms_err']
Sep 03 03:23:00 INFO >> Performing searching on cumulative stack 315.95 49.23
Sep 03 03:23:00 INFO >> Loading the cumulative power spectra stack to search
Sep 03 03:23:57 INFO >> DM: 39.985267261562214
Sep 03 03:23:57 INFO >> sigma: 16.84131131165729
Sep 03 03:23:57 INFO >> frequency: 39.28597057434136
Sep 03 03:23:57 INFO >> Injecting 12 harmonics.
Sep 03 03:23:57 INFO >> Starting DM: 37.342037316533236
Sep 03 03:23:57 INFO >> Stopping DM: 42.60432983810432
Sep 03 03:23:57 INFO >> Expected detection at 12.70 sigma with 8 harmonics.
Sep 03 03:24:11 INFO >> Start searching 6558 dm trials using 32 harmonics.
Sep 03 03:24:17 INFO >> Moved power spectra to shared memory.
Sep 03 03:24:17 INFO >> Number of dm trials in single multi processing job: 10
Sep 03 03:24:57 INFO >> Total number of detections=15741
Sep 03 03:24:57 INFO >> Clustering the detections
Sep 03 03:24:57 INFO >> Starting clustering
Sep 03 03:24:57 INFO >> Rogue harmonic power filter reduced detections from 15741 to 8675
Sep 03 03:24:57 INFO >> Filtering out duplicate freq,dm detections at multiple nharms removes 803 detections
Sep 03 03:24:57 INFO >> Duplicate freq,dm filter reduced detections to 7872
Sep 03 03:24:57 INFO >> Number of detections over threshold sigma (6.0): 7872
Sep 03 03:24:57 INFO >> Grouping duplicate frequencies together first
Sep 03 03:24:57 INFO >> Grouping duplicate frequencies removed 7325 detections from the harmonic metric computation
Sep 03 03:24:57 INFO >> Starting freq-DM distance metric computation
Sep 03 03:24:58 INFO >> Finished freq-DM distance metric computation
Sep 03 03:24:58 INFO >> Largest group size for metric computation is 97
Sep 03 03:24:58 INFO >> Starting harmonic distance metric computation
Sep 03 03:24:59 INFO >> Finished harmonic distance metric computation
Sep 03 03:24:59 INFO >> Starting DBSCAN
Sep 03 03:24:59 INFO >> Finished DBSCAN
Sep 03 03:24:59 INFO >> Clusters found: 76
Sep 03 03:24:59 INFO >> Filtered 32 clusters below or equal 2 DM.
Sep 03 03:24:59 INFO >> Total number of candidate clusters=1
Sep 03 03:24:59 INFO >> Candidate Processor of stack (315.95 49.23)
Sep 03 03:24:59 INFO >> Making SinglePointingCandidates from a list of 1 PowerSpectraDetectionClusters
Sep 03 03:25:01 INFO >> saved candidates to ./results//injections/315.95_49.23_cumulative_power_spectra_stack_20220627_11_tpa.yml_(708,)_candidates.npz
Sep 03 03:25:01 INFO >> Injected Pulsars:     1
Sep 03 03:25:01 INFO >> Injection Candidates: 1
Sep 03 03:25:01 INFO >> Recovered Injections: 1
Sep 03 03:25:01 INFO >> 1 candidates.
Sep 03 03:25:01 INFO >> Best candidate: F0: 39.286 DM: 40.07 Sigma: 13.13
Sep 03 03:25:02 INFO >> Unlinked shared memory for cumulative stack.
Sep 03 03:25:02 INFO >> Pipeline execution time: 2.05 minutes
