Sep 03 00:37:34 INFO >> {"message": "Waiting for suitable server to become available", "selector": "Primary()", "operation": "find", "topologyDescription": "<TopologyDescription id: 66d65a4e0aab0690c2f8c9a9, topology_type: Unknown, servers: [<ServerDescription ('localhost', 27017) server_type: Unknown, rtt: None>]>", "clientId": {"$oid": "66d65a4e0aab0690c2f8c9a9"}, "remainingTimeMS": 29}
Sep 03 00:37:34 INFO >> Features initialized as the following:
Sep 03 00:37:34 INFO >> num_unique_dms
Sep 03 00:37:34 INFO >> num_unique_freqs
Sep 03 00:37:34 INFO >> ndetections
Sep 03 00:37:34 INFO >> nharm
Sep 03 00:37:34 INFO >> log_p_dm
Sep 03 00:37:34 INFO >> ['dm_sigma_FitGaussWidth_gauss_sigma', 'dm_sigma_FitGaussWidth_gauss_sigma_rel_err', 'dm_sigma_FitGaussWidth_ndof', 'dm_sigma_FitGaussWidth_rms_err']
Sep 03 00:37:34 INFO >> ['dm_sigma_FitGauss_amplitude', 'dm_sigma_FitGauss_mu', 'dm_sigma_FitGauss_gauss_sigma', 'dm_sigma_FitGauss_amplitude_rel_err', 'dm_sigma_FitGauss_mu_rel_err', 'dm_sigma_FitGauss_gauss_sigma_rel_err', 'dm_sigma_FitGauss_amplitude-detection', 'dm_sigma_FitGauss_mu-detection', 'dm_sigma_FitGauss_ndof', 'dm_sigma_FitGauss_rms_err']
Sep 03 00:37:34 INFO >> ['freq_sigma_FitGaussWidth_gauss_sigma', 'freq_sigma_FitGaussWidth_gauss_sigma_rel_err', 'freq_sigma_FitGaussWidth_ndof', 'freq_sigma_FitGaussWidth_rms_err']
Sep 03 00:37:34 INFO >> ['freq_sigma_FitGauss_amplitude', 'freq_sigma_FitGauss_mu', 'freq_sigma_FitGauss_gauss_sigma', 'freq_sigma_FitGauss_amplitude_rel_err', 'freq_sigma_FitGauss_mu_rel_err', 'freq_sigma_FitGauss_gauss_sigma_rel_err', 'freq_sigma_FitGauss_amplitude-detection', 'freq_sigma_FitGauss_mu-detection', 'freq_sigma_FitGauss_ndof', 'freq_sigma_FitGauss_rms_err']
Sep 03 00:37:35 INFO >> Performing searching on cumulative stack 315.95 49.23
Sep 03 00:37:35 INFO >> Loading the cumulative power spectra stack to search
Sep 03 00:38:31 INFO >> DM: 38.65746679176933
Sep 03 00:38:31 INFO >> sigma: 11.834931671056362
Sep 03 00:38:31 INFO >> frequency: 56.029713104929506
Sep 03 00:38:31 INFO >> Injecting 9 harmonics.
Sep 03 00:38:31 INFO >> Starting DM: 36.83604765099756
Sep 03 00:38:31 INFO >> Stopping DM: 40.479173242854465
Sep 03 00:38:31 INFO >> Expected detection at 14.08 sigma with 8 harmonics.
Sep 03 00:38:45 INFO >> Start searching 6558 dm trials using 32 harmonics.
Sep 03 00:38:51 INFO >> Moved power spectra to shared memory.
Sep 03 00:38:51 INFO >> Number of dm trials in single multi processing job: 10
Sep 03 00:39:31 INFO >> Total number of detections=15621
Sep 03 00:39:31 INFO >> Clustering the detections
Sep 03 00:39:31 INFO >> Starting clustering
Sep 03 00:39:31 INFO >> Rogue harmonic power filter reduced detections from 15621 to 8563
Sep 03 00:39:31 INFO >> Filtering out duplicate freq,dm detections at multiple nharms removes 808 detections
Sep 03 00:39:31 INFO >> Duplicate freq,dm filter reduced detections to 7755
Sep 03 00:39:31 INFO >> Number of detections over threshold sigma (6.0): 7755
Sep 03 00:39:31 INFO >> Grouping duplicate frequencies together first
Sep 03 00:39:31 INFO >> Grouping duplicate frequencies removed 7225 detections from the harmonic metric computation
Sep 03 00:39:31 INFO >> Starting freq-DM distance metric computation
Sep 03 00:39:32 INFO >> Finished freq-DM distance metric computation
Sep 03 00:39:32 INFO >> Largest group size for metric computation is 97
Sep 03 00:39:32 INFO >> Starting harmonic distance metric computation
Sep 03 00:39:33 INFO >> Finished harmonic distance metric computation
Sep 03 00:39:33 INFO >> Starting DBSCAN
Sep 03 00:39:33 INFO >> Finished DBSCAN
Sep 03 00:39:33 INFO >> Clusters found: 76
Sep 03 00:39:33 INFO >> Filtered 32 clusters below or equal 2 DM.
Sep 03 00:39:33 INFO >> Total number of candidate clusters=1
Sep 03 00:39:33 INFO >> Candidate Processor of stack (315.95 49.23)
Sep 03 00:39:33 INFO >> Making SinglePointingCandidates from a list of 1 PowerSpectraDetectionClusters
Sep 03 00:39:35 INFO >> saved candidates to ./results//injections/315.95_49.23_cumulative_power_spectra_stack_20220627_11_tpa.yml_(629,)_candidates.npz
Sep 03 00:39:35 INFO >> Injected Pulsars:     1
Sep 03 00:39:35 INFO >> Injection Candidates: 1
Sep 03 00:39:35 INFO >> Recovered Injections: 1
Sep 03 00:39:35 INFO >> 1 candidates.
Sep 03 00:39:35 INFO >> Best candidate: F0: 56.030 DM: 38.66 Sigma: 13.78
Sep 03 00:39:36 INFO >> Unlinked shared memory for cumulative stack.
Sep 03 00:39:36 INFO >> Pipeline execution time: 2.04 minutes
