Sep 03 00:58:29 INFO >> {"message": "Waiting for suitable server to become available", "selector": "Primary()", "operation": "find", "topologyDescription": "<TopologyDescription id: 66d65f3526a8adc613316ad5, topology_type: Unknown, servers: [<ServerDescription ('localhost', 27017) server_type: Unknown, rtt: None>]>", "clientId": {"$oid": "66d65f3526a8adc613316ad5"}, "remainingTimeMS": 29}
Sep 03 00:58:29 INFO >> Features initialized as the following:
Sep 03 00:58:29 INFO >> num_unique_dms
Sep 03 00:58:29 INFO >> num_unique_freqs
Sep 03 00:58:29 INFO >> ndetections
Sep 03 00:58:29 INFO >> nharm
Sep 03 00:58:29 INFO >> log_p_dm
Sep 03 00:58:29 INFO >> ['dm_sigma_FitGaussWidth_gauss_sigma', 'dm_sigma_FitGaussWidth_gauss_sigma_rel_err', 'dm_sigma_FitGaussWidth_ndof', 'dm_sigma_FitGaussWidth_rms_err']
Sep 03 00:58:29 INFO >> ['dm_sigma_FitGauss_amplitude', 'dm_sigma_FitGauss_mu', 'dm_sigma_FitGauss_gauss_sigma', 'dm_sigma_FitGauss_amplitude_rel_err', 'dm_sigma_FitGauss_mu_rel_err', 'dm_sigma_FitGauss_gauss_sigma_rel_err', 'dm_sigma_FitGauss_amplitude-detection', 'dm_sigma_FitGauss_mu-detection', 'dm_sigma_FitGauss_ndof', 'dm_sigma_FitGauss_rms_err']
Sep 03 00:58:29 INFO >> ['freq_sigma_FitGaussWidth_gauss_sigma', 'freq_sigma_FitGaussWidth_gauss_sigma_rel_err', 'freq_sigma_FitGaussWidth_ndof', 'freq_sigma_FitGaussWidth_rms_err']
Sep 03 00:58:29 INFO >> ['freq_sigma_FitGauss_amplitude', 'freq_sigma_FitGauss_mu', 'freq_sigma_FitGauss_gauss_sigma', 'freq_sigma_FitGauss_amplitude_rel_err', 'freq_sigma_FitGauss_mu_rel_err', 'freq_sigma_FitGauss_gauss_sigma_rel_err', 'freq_sigma_FitGauss_amplitude-detection', 'freq_sigma_FitGauss_mu-detection', 'freq_sigma_FitGauss_ndof', 'freq_sigma_FitGauss_rms_err']
Sep 03 00:58:29 INFO >> Performing searching on cumulative stack 315.95 49.23
Sep 03 00:58:29 INFO >> Loading the cumulative power spectra stack to search
Sep 03 00:59:26 INFO >> DM: 112.94683158631679
Sep 03 00:59:26 INFO >> sigma: 13.010585738683538
Sep 03 00:59:26 INFO >> frequency: 51.87640335450526
Sep 03 00:59:26 INFO >> Injecting 9 harmonics.
Sep 03 00:59:26 INFO >> Starting DM: 110.91293468542122
Sep 03 00:59:26 INFO >> Stopping DM: 114.96085200970668
Sep 03 00:59:26 INFO >> Expected detection at 11.06 sigma with 8 harmonics.
Sep 03 00:59:40 INFO >> Start searching 6558 dm trials using 32 harmonics.
Sep 03 00:59:46 INFO >> Moved power spectra to shared memory.
Sep 03 00:59:46 INFO >> Number of dm trials in single multi processing job: 10
Sep 03 01:00:26 INFO >> Total number of detections=15628
Sep 03 01:00:26 INFO >> Clustering the detections
Sep 03 01:00:26 INFO >> Starting clustering
Sep 03 01:00:26 INFO >> Rogue harmonic power filter reduced detections from 15628 to 8570
Sep 03 01:00:26 INFO >> Filtering out duplicate freq,dm detections at multiple nharms removes 806 detections
Sep 03 01:00:26 INFO >> Duplicate freq,dm filter reduced detections to 7764
Sep 03 01:00:26 INFO >> Number of detections over threshold sigma (6.0): 7764
Sep 03 01:00:26 INFO >> Grouping duplicate frequencies together first
Sep 03 01:00:27 INFO >> Grouping duplicate frequencies removed 7233 detections from the harmonic metric computation
Sep 03 01:00:27 INFO >> Starting freq-DM distance metric computation
Sep 03 01:00:27 INFO >> Finished freq-DM distance metric computation
Sep 03 01:00:27 INFO >> Largest group size for metric computation is 97
Sep 03 01:00:27 INFO >> Starting harmonic distance metric computation
Sep 03 01:00:28 INFO >> Finished harmonic distance metric computation
Sep 03 01:00:28 INFO >> Starting DBSCAN
Sep 03 01:00:28 INFO >> Finished DBSCAN
Sep 03 01:00:28 INFO >> Clusters found: 76
Sep 03 01:00:28 INFO >> Filtered 32 clusters below or equal 2 DM.
Sep 03 01:00:28 INFO >> Total number of candidate clusters=1
Sep 03 01:00:28 INFO >> Candidate Processor of stack (315.95 49.23)
Sep 03 01:00:28 INFO >> Making SinglePointingCandidates from a list of 1 PowerSpectraDetectionClusters
Sep 03 01:00:30 INFO >> saved candidates to ./results//injections/315.95_49.23_cumulative_power_spectra_stack_20220627_11_tpa.yml_(639,)_candidates.npz
Sep 03 01:00:30 INFO >> Injected Pulsars:     1
Sep 03 01:00:30 INFO >> Injection Candidates: 1
Sep 03 01:00:30 INFO >> Recovered Injections: 1
Sep 03 01:00:30 INFO >> 1 candidates.
Sep 03 01:00:30 INFO >> Best candidate: F0: 51.876 DM: 112.94 Sigma: 10.76
Sep 03 01:00:32 INFO >> Unlinked shared memory for cumulative stack.
Sep 03 01:00:32 INFO >> Pipeline execution time: 2.05 minutes
