Sep 03 03:35:29 INFO >> {"message": "Waiting for suitable server to become available", "selector": "Primary()", "operation": "find", "topologyDescription": "<TopologyDescription id: 66d6840158d0ea2f7e35a9ab, topology_type: Unknown, servers: [<ServerDescription ('localhost', 27017) server_type: Unknown, rtt: None>]>", "clientId": {"$oid": "66d6840158d0ea2f7e35a9ab"}, "remainingTimeMS": 29}
Sep 03 03:35:29 INFO >> Features initialized as the following:
Sep 03 03:35:29 INFO >> num_unique_dms
Sep 03 03:35:29 INFO >> num_unique_freqs
Sep 03 03:35:29 INFO >> ndetections
Sep 03 03:35:29 INFO >> nharm
Sep 03 03:35:29 INFO >> log_p_dm
Sep 03 03:35:29 INFO >> ['dm_sigma_FitGaussWidth_gauss_sigma', 'dm_sigma_FitGaussWidth_gauss_sigma_rel_err', 'dm_sigma_FitGaussWidth_ndof', 'dm_sigma_FitGaussWidth_rms_err']
Sep 03 03:35:29 INFO >> ['dm_sigma_FitGauss_amplitude', 'dm_sigma_FitGauss_mu', 'dm_sigma_FitGauss_gauss_sigma', 'dm_sigma_FitGauss_amplitude_rel_err', 'dm_sigma_FitGauss_mu_rel_err', 'dm_sigma_FitGauss_gauss_sigma_rel_err', 'dm_sigma_FitGauss_amplitude-detection', 'dm_sigma_FitGauss_mu-detection', 'dm_sigma_FitGauss_ndof', 'dm_sigma_FitGauss_rms_err']
Sep 03 03:35:29 INFO >> ['freq_sigma_FitGaussWidth_gauss_sigma', 'freq_sigma_FitGaussWidth_gauss_sigma_rel_err', 'freq_sigma_FitGaussWidth_ndof', 'freq_sigma_FitGaussWidth_rms_err']
Sep 03 03:35:29 INFO >> ['freq_sigma_FitGauss_amplitude', 'freq_sigma_FitGauss_mu', 'freq_sigma_FitGauss_gauss_sigma', 'freq_sigma_FitGauss_amplitude_rel_err', 'freq_sigma_FitGauss_mu_rel_err', 'freq_sigma_FitGauss_gauss_sigma_rel_err', 'freq_sigma_FitGauss_amplitude-detection', 'freq_sigma_FitGauss_mu-detection', 'freq_sigma_FitGauss_ndof', 'freq_sigma_FitGauss_rms_err']
Sep 03 03:35:29 INFO >> Performing searching on cumulative stack 315.95 49.23
Sep 03 03:35:29 INFO >> Loading the cumulative power spectra stack to search
Sep 03 03:36:26 INFO >> DM: 51.800755349256406
Sep 03 03:36:26 INFO >> sigma: 13.222580929354192
Sep 03 03:36:26 INFO >> frequency: 30.7682943040193
Sep 03 03:36:26 INFO >> Injecting 16 harmonics.
Sep 03 03:36:26 INFO >> Starting DM: 48.47380995831822
Sep 03 03:36:26 INFO >> Stopping DM: 55.1528735433892
Sep 03 03:36:26 INFO >> Expected detection at 12.55 sigma with 8 harmonics.
Sep 03 03:36:40 INFO >> Start searching 6558 dm trials using 32 harmonics.
Sep 03 03:36:46 INFO >> Moved power spectra to shared memory.
Sep 03 03:36:46 INFO >> Number of dm trials in single multi processing job: 10
Sep 03 03:37:27 INFO >> Total number of detections=15692
Sep 03 03:37:27 INFO >> Clustering the detections
Sep 03 03:37:27 INFO >> Starting clustering
Sep 03 03:37:27 INFO >> Rogue harmonic power filter reduced detections from 15692 to 8634
Sep 03 03:37:27 INFO >> Filtering out duplicate freq,dm detections at multiple nharms removes 813 detections
Sep 03 03:37:27 INFO >> Duplicate freq,dm filter reduced detections to 7821
Sep 03 03:37:27 INFO >> Number of detections over threshold sigma (6.0): 7821
Sep 03 03:37:27 INFO >> Grouping duplicate frequencies together first
Sep 03 03:37:27 INFO >> Grouping duplicate frequencies removed 7276 detections from the harmonic metric computation
Sep 03 03:37:27 INFO >> Starting freq-DM distance metric computation
Sep 03 03:37:28 INFO >> Finished freq-DM distance metric computation
Sep 03 03:37:28 INFO >> Largest group size for metric computation is 97
Sep 03 03:37:28 INFO >> Starting harmonic distance metric computation
Sep 03 03:37:29 INFO >> Finished harmonic distance metric computation
Sep 03 03:37:29 INFO >> Starting DBSCAN
Sep 03 03:37:29 INFO >> Finished DBSCAN
Sep 03 03:37:29 INFO >> Clusters found: 76
Sep 03 03:37:29 INFO >> Filtered 32 clusters below or equal 2 DM.
Sep 03 03:37:29 INFO >> Total number of candidate clusters=1
Sep 03 03:37:29 INFO >> Candidate Processor of stack (315.95 49.23)
Sep 03 03:37:29 INFO >> Making SinglePointingCandidates from a list of 1 PowerSpectraDetectionClusters
Sep 03 03:37:31 INFO >> saved candidates to ./results//injections/315.95_49.23_cumulative_power_spectra_stack_20220627_11_tpa.yml_(714,)_candidates.npz
Sep 03 03:37:31 INFO >> Injected Pulsars:     1
Sep 03 03:37:31 INFO >> Injection Candidates: 1
Sep 03 03:37:31 INFO >> Recovered Injections: 1
Sep 03 03:37:31 INFO >> 1 candidates.
Sep 03 03:37:31 INFO >> Best candidate: F0: 30.768 DM: 51.81 Sigma: 13.29
Sep 03 03:37:32 INFO >> Unlinked shared memory for cumulative stack.
Sep 03 03:37:32 INFO >> Pipeline execution time: 2.06 minutes
