Sep 03 02:24:20 INFO >> {"message": "Waiting for suitable server to become available", "selector": "Primary()", "operation": "find", "topologyDescription": "<TopologyDescription id: 66d67354d319568520aab3e2, topology_type: Unknown, servers: [<ServerDescription ('localhost', 27017) server_type: Unknown, rtt: None>]>", "clientId": {"$oid": "66d67354d319568520aab3e2"}, "remainingTimeMS": 29}
Sep 03 02:24:21 INFO >> Features initialized as the following:
Sep 03 02:24:21 INFO >> num_unique_dms
Sep 03 02:24:21 INFO >> num_unique_freqs
Sep 03 02:24:21 INFO >> ndetections
Sep 03 02:24:21 INFO >> nharm
Sep 03 02:24:21 INFO >> log_p_dm
Sep 03 02:24:21 INFO >> ['dm_sigma_FitGaussWidth_gauss_sigma', 'dm_sigma_FitGaussWidth_gauss_sigma_rel_err', 'dm_sigma_FitGaussWidth_ndof', 'dm_sigma_FitGaussWidth_rms_err']
Sep 03 02:24:21 INFO >> ['dm_sigma_FitGauss_amplitude', 'dm_sigma_FitGauss_mu', 'dm_sigma_FitGauss_gauss_sigma', 'dm_sigma_FitGauss_amplitude_rel_err', 'dm_sigma_FitGauss_mu_rel_err', 'dm_sigma_FitGauss_gauss_sigma_rel_err', 'dm_sigma_FitGauss_amplitude-detection', 'dm_sigma_FitGauss_mu-detection', 'dm_sigma_FitGauss_ndof', 'dm_sigma_FitGauss_rms_err']
Sep 03 02:24:21 INFO >> ['freq_sigma_FitGaussWidth_gauss_sigma', 'freq_sigma_FitGaussWidth_gauss_sigma_rel_err', 'freq_sigma_FitGaussWidth_ndof', 'freq_sigma_FitGaussWidth_rms_err']
Sep 03 02:24:21 INFO >> ['freq_sigma_FitGauss_amplitude', 'freq_sigma_FitGauss_mu', 'freq_sigma_FitGauss_gauss_sigma', 'freq_sigma_FitGauss_amplitude_rel_err', 'freq_sigma_FitGauss_mu_rel_err', 'freq_sigma_FitGauss_gauss_sigma_rel_err', 'freq_sigma_FitGauss_amplitude-detection', 'freq_sigma_FitGauss_mu-detection', 'freq_sigma_FitGauss_ndof', 'freq_sigma_FitGauss_rms_err']
Sep 03 02:24:21 INFO >> Performing searching on cumulative stack 315.95 49.23
Sep 03 02:24:21 INFO >> Loading the cumulative power spectra stack to search
Sep 03 02:25:18 INFO >> DM: 110.08107249984772
Sep 03 02:25:18 INFO >> sigma: 16.2732733695608
Sep 03 02:25:18 INFO >> frequency: 92.75726549773047
Sep 03 02:25:18 INFO >> Injecting 5 harmonics.
Sep 03 02:25:18 INFO >> Starting DM: 108.99017395638563
Sep 03 02:25:18 INFO >> Stopping DM: 111.21652848474264
Sep 03 02:25:18 INFO >> Expected detection at 8.70 sigma with 4 harmonics.
Sep 03 02:25:32 INFO >> Start searching 6558 dm trials using 32 harmonics.
Sep 03 02:25:37 INFO >> Moved power spectra to shared memory.
Sep 03 02:25:37 INFO >> Number of dm trials in single multi processing job: 10
Sep 03 02:26:18 INFO >> Total number of detections=15585
Sep 03 02:26:18 INFO >> Clustering the detections
Sep 03 02:26:18 INFO >> Starting clustering
Sep 03 02:26:18 INFO >> Rogue harmonic power filter reduced detections from 15585 to 8527
Sep 03 02:26:18 INFO >> Filtering out duplicate freq,dm detections at multiple nharms removes 789 detections
Sep 03 02:26:18 INFO >> Duplicate freq,dm filter reduced detections to 7738
Sep 03 02:26:18 INFO >> Number of detections over threshold sigma (6.0): 7738
Sep 03 02:26:18 INFO >> Grouping duplicate frequencies together first
Sep 03 02:26:18 INFO >> Grouping duplicate frequencies removed 7214 detections from the harmonic metric computation
Sep 03 02:26:18 INFO >> Starting freq-DM distance metric computation
Sep 03 02:26:19 INFO >> Finished freq-DM distance metric computation
Sep 03 02:26:19 INFO >> Largest group size for metric computation is 97
Sep 03 02:26:19 INFO >> Starting harmonic distance metric computation
Sep 03 02:26:20 INFO >> Finished harmonic distance metric computation
Sep 03 02:26:20 INFO >> Starting DBSCAN
Sep 03 02:26:20 INFO >> Finished DBSCAN
Sep 03 02:26:20 INFO >> Clusters found: 76
Sep 03 02:26:20 INFO >> Filtered 32 clusters below or equal 2 DM.
Sep 03 02:26:20 INFO >> Total number of candidate clusters=1
Sep 03 02:26:20 INFO >> Candidate Processor of stack (315.95 49.23)
Sep 03 02:26:20 INFO >> Making SinglePointingCandidates from a list of 1 PowerSpectraDetectionClusters
Sep 03 02:26:22 INFO >> saved candidates to ./results//injections/315.95_49.23_cumulative_power_spectra_stack_20220627_11_tpa.yml_(680,)_candidates.npz
Sep 03 02:26:22 INFO >> Injected Pulsars:     1
Sep 03 02:26:22 INFO >> Injection Candidates: 1
Sep 03 02:26:22 INFO >> Recovered Injections: 1
Sep 03 02:26:22 INFO >> 1 candidates.
Sep 03 02:26:22 INFO >> Best candidate: F0: 92.757 DM: 110.10 Sigma: 8.52
Sep 03 02:26:23 INFO >> Unlinked shared memory for cumulative stack.
Sep 03 02:26:23 INFO >> Pipeline execution time: 2.05 minutes
