Sep 03 04:06:54 INFO >> {"message": "Waiting for suitable server to become available", "selector": "Primary()", "operation": "find", "topologyDescription": "<TopologyDescription id: 66d68b5eba0e90dc72c7c6bc, topology_type: Unknown, servers: [<ServerDescription ('localhost', 27017) server_type: Unknown, rtt: None>]>", "clientId": {"$oid": "66d68b5eba0e90dc72c7c6bc"}, "remainingTimeMS": 29}
Sep 03 04:06:54 INFO >> Features initialized as the following:
Sep 03 04:06:54 INFO >> num_unique_dms
Sep 03 04:06:54 INFO >> num_unique_freqs
Sep 03 04:06:54 INFO >> ndetections
Sep 03 04:06:54 INFO >> nharm
Sep 03 04:06:54 INFO >> log_p_dm
Sep 03 04:06:54 INFO >> ['dm_sigma_FitGaussWidth_gauss_sigma', 'dm_sigma_FitGaussWidth_gauss_sigma_rel_err', 'dm_sigma_FitGaussWidth_ndof', 'dm_sigma_FitGaussWidth_rms_err']
Sep 03 04:06:54 INFO >> ['dm_sigma_FitGauss_amplitude', 'dm_sigma_FitGauss_mu', 'dm_sigma_FitGauss_gauss_sigma', 'dm_sigma_FitGauss_amplitude_rel_err', 'dm_sigma_FitGauss_mu_rel_err', 'dm_sigma_FitGauss_gauss_sigma_rel_err', 'dm_sigma_FitGauss_amplitude-detection', 'dm_sigma_FitGauss_mu-detection', 'dm_sigma_FitGauss_ndof', 'dm_sigma_FitGauss_rms_err']
Sep 03 04:06:54 INFO >> ['freq_sigma_FitGaussWidth_gauss_sigma', 'freq_sigma_FitGaussWidth_gauss_sigma_rel_err', 'freq_sigma_FitGaussWidth_ndof', 'freq_sigma_FitGaussWidth_rms_err']
Sep 03 04:06:54 INFO >> ['freq_sigma_FitGauss_amplitude', 'freq_sigma_FitGauss_mu', 'freq_sigma_FitGauss_gauss_sigma', 'freq_sigma_FitGauss_amplitude_rel_err', 'freq_sigma_FitGauss_mu_rel_err', 'freq_sigma_FitGauss_gauss_sigma_rel_err', 'freq_sigma_FitGauss_amplitude-detection', 'freq_sigma_FitGauss_mu-detection', 'freq_sigma_FitGauss_ndof', 'freq_sigma_FitGauss_rms_err']
Sep 03 04:06:55 INFO >> Performing searching on cumulative stack 315.95 49.23
Sep 03 04:06:55 INFO >> Loading the cumulative power spectra stack to search
Sep 03 04:07:52 INFO >> DM: 154.57894612509253
Sep 03 04:07:52 INFO >> sigma: 11.178686873853879
Sep 03 04:07:52 INFO >> frequency: 32.288164685374525
Sep 03 04:07:52 INFO >> Injecting 15 harmonics.
Sep 03 04:07:52 INFO >> Starting DM: 151.3921079282757
Sep 03 04:07:52 INFO >> Stopping DM: 157.76757771402524
Sep 03 04:07:52 INFO >> Expected detection at 10.01 sigma with 8 harmonics.
Sep 03 04:08:06 INFO >> Start searching 6558 dm trials using 32 harmonics.
Sep 03 04:08:12 INFO >> Moved power spectra to shared memory.
Sep 03 04:08:12 INFO >> Number of dm trials in single multi processing job: 10
Sep 03 04:08:52 INFO >> Total number of detections=15604
Sep 03 04:08:52 INFO >> Clustering the detections
Sep 03 04:08:52 INFO >> Starting clustering
Sep 03 04:08:52 INFO >> Rogue harmonic power filter reduced detections from 15604 to 8546
Sep 03 04:08:52 INFO >> Filtering out duplicate freq,dm detections at multiple nharms removes 796 detections
Sep 03 04:08:52 INFO >> Duplicate freq,dm filter reduced detections to 7750
Sep 03 04:08:52 INFO >> Number of detections over threshold sigma (6.0): 7750
Sep 03 04:08:52 INFO >> Grouping duplicate frequencies together first
Sep 03 04:08:52 INFO >> Grouping duplicate frequencies removed 7227 detections from the harmonic metric computation
Sep 03 04:08:52 INFO >> Starting freq-DM distance metric computation
Sep 03 04:08:53 INFO >> Finished freq-DM distance metric computation
Sep 03 04:08:53 INFO >> Largest group size for metric computation is 97
Sep 03 04:08:53 INFO >> Starting harmonic distance metric computation
Sep 03 04:08:54 INFO >> Finished harmonic distance metric computation
Sep 03 04:08:54 INFO >> Starting DBSCAN
Sep 03 04:08:54 INFO >> Finished DBSCAN
Sep 03 04:08:54 INFO >> Clusters found: 76
Sep 03 04:08:54 INFO >> Filtered 32 clusters below or equal 2 DM.
Sep 03 04:08:54 INFO >> Total number of candidate clusters=1
Sep 03 04:08:54 INFO >> Candidate Processor of stack (315.95 49.23)
Sep 03 04:08:54 INFO >> Making SinglePointingCandidates from a list of 1 PowerSpectraDetectionClusters
Sep 03 04:08:56 INFO >> saved candidates to ./results//injections/315.95_49.23_cumulative_power_spectra_stack_20220627_11_tpa.yml_(729,)_candidates.npz
Sep 03 04:08:56 INFO >> Injected Pulsars:     1
Sep 03 04:08:56 INFO >> Injection Candidates: 1
Sep 03 04:08:56 INFO >> Recovered Injections: 1
Sep 03 04:08:56 INFO >> 1 candidates.
Sep 03 04:08:56 INFO >> Best candidate: F0: 32.288 DM: 154.63 Sigma: 9.66
Sep 03 04:08:57 INFO >> Unlinked shared memory for cumulative stack.
Sep 03 04:08:57 INFO >> Pipeline execution time: 2.05 minutes
