Sep 03 01:34:05 INFO >> {"message": "Waiting for suitable server to become available", "selector": "Primary()", "operation": "find", "topologyDescription": "<TopologyDescription id: 66d6678d19837dcb56cc3cc5, topology_type: Unknown, servers: [<ServerDescription ('localhost', 27017) server_type: Unknown, rtt: None>]>", "clientId": {"$oid": "66d6678d19837dcb56cc3cc5"}, "remainingTimeMS": 29}
Sep 03 01:34:05 INFO >> Features initialized as the following:
Sep 03 01:34:05 INFO >> num_unique_dms
Sep 03 01:34:05 INFO >> num_unique_freqs
Sep 03 01:34:05 INFO >> ndetections
Sep 03 01:34:05 INFO >> nharm
Sep 03 01:34:05 INFO >> log_p_dm
Sep 03 01:34:05 INFO >> ['dm_sigma_FitGaussWidth_gauss_sigma', 'dm_sigma_FitGaussWidth_gauss_sigma_rel_err', 'dm_sigma_FitGaussWidth_ndof', 'dm_sigma_FitGaussWidth_rms_err']
Sep 03 01:34:05 INFO >> ['dm_sigma_FitGauss_amplitude', 'dm_sigma_FitGauss_mu', 'dm_sigma_FitGauss_gauss_sigma', 'dm_sigma_FitGauss_amplitude_rel_err', 'dm_sigma_FitGauss_mu_rel_err', 'dm_sigma_FitGauss_gauss_sigma_rel_err', 'dm_sigma_FitGauss_amplitude-detection', 'dm_sigma_FitGauss_mu-detection', 'dm_sigma_FitGauss_ndof', 'dm_sigma_FitGauss_rms_err']
Sep 03 01:34:05 INFO >> ['freq_sigma_FitGaussWidth_gauss_sigma', 'freq_sigma_FitGaussWidth_gauss_sigma_rel_err', 'freq_sigma_FitGaussWidth_ndof', 'freq_sigma_FitGaussWidth_rms_err']
Sep 03 01:34:05 INFO >> ['freq_sigma_FitGauss_amplitude', 'freq_sigma_FitGauss_mu', 'freq_sigma_FitGauss_gauss_sigma', 'freq_sigma_FitGauss_amplitude_rel_err', 'freq_sigma_FitGauss_mu_rel_err', 'freq_sigma_FitGauss_gauss_sigma_rel_err', 'freq_sigma_FitGauss_amplitude-detection', 'freq_sigma_FitGauss_mu-detection', 'freq_sigma_FitGauss_ndof', 'freq_sigma_FitGauss_rms_err']
Sep 03 01:34:05 INFO >> Performing searching on cumulative stack 315.95 49.23
Sep 03 01:34:05 INFO >> Loading the cumulative power spectra stack to search
Sep 03 01:35:03 INFO >> DM: 56.002351894070756
Sep 03 01:35:03 INFO >> sigma: 16.618911712539358
Sep 03 01:35:03 INFO >> frequency: 54.221270749441146
Sep 03 01:35:03 INFO >> Injecting 9 harmonics.
Sep 03 01:35:03 INFO >> Starting DM: 54.14089421231784
Sep 03 01:35:03 INFO >> Stopping DM: 57.88521773728188
Sep 03 01:35:03 INFO >> Expected detection at 16.58 sigma with 2 harmonics.
Sep 03 01:35:17 INFO >> Start searching 6558 dm trials using 32 harmonics.
Sep 03 01:35:23 INFO >> Moved power spectra to shared memory.
Sep 03 01:35:23 INFO >> Number of dm trials in single multi processing job: 10
Sep 03 01:36:03 INFO >> Total number of detections=15934
Sep 03 01:36:03 INFO >> Clustering the detections
Sep 03 01:36:03 INFO >> Starting clustering
Sep 03 01:36:03 INFO >> Rogue harmonic power filter reduced detections from 15934 to 8656
Sep 03 01:36:03 INFO >> Filtering out duplicate freq,dm detections at multiple nharms removes 832 detections
Sep 03 01:36:03 INFO >> Duplicate freq,dm filter reduced detections to 7824
Sep 03 01:36:03 INFO >> Number of detections over threshold sigma (6.0): 7824
Sep 03 01:36:03 INFO >> Grouping duplicate frequencies together first
Sep 03 01:36:03 INFO >> Grouping duplicate frequencies removed 7275 detections from the harmonic metric computation
Sep 03 01:36:03 INFO >> Starting freq-DM distance metric computation
Sep 03 01:36:03 INFO >> Finished freq-DM distance metric computation
Sep 03 01:36:04 INFO >> Largest group size for metric computation is 97
Sep 03 01:36:04 INFO >> Starting harmonic distance metric computation
Sep 03 01:36:04 INFO >> Finished harmonic distance metric computation
Sep 03 01:36:04 INFO >> Starting DBSCAN
Sep 03 01:36:05 INFO >> Finished DBSCAN
Sep 03 01:36:05 INFO >> Clusters found: 76
Sep 03 01:36:05 INFO >> Filtered 32 clusters below or equal 2 DM.
Sep 03 01:36:05 INFO >> Total number of candidate clusters=1
Sep 03 01:36:05 INFO >> Candidate Processor of stack (315.95 49.23)
Sep 03 01:36:05 INFO >> Making SinglePointingCandidates from a list of 1 PowerSpectraDetectionClusters
Sep 03 01:36:07 INFO >> saved candidates to ./results//injections/315.95_49.23_cumulative_power_spectra_stack_20220627_11_tpa.yml_(656,)_candidates.npz
Sep 03 01:36:07 INFO >> Injected Pulsars:     1
Sep 03 01:36:07 INFO >> Injection Candidates: 1
Sep 03 01:36:07 INFO >> Recovered Injections: 1
Sep 03 01:36:07 INFO >> 1 candidates.
Sep 03 01:36:07 INFO >> Best candidate: F0: 54.221 DM: 55.96 Sigma: 16.30
Sep 03 01:36:08 INFO >> Unlinked shared memory for cumulative stack.
Sep 03 01:36:08 INFO >> Pipeline execution time: 2.05 minutes
