Sep 03 03:16:42 INFO >> {"message": "Waiting for suitable server to become available", "selector": "Primary()", "operation": "find", "topologyDescription": "<TopologyDescription id: 66d67f9a88754994569aff35, topology_type: Unknown, servers: [<ServerDescription ('localhost', 27017) server_type: Unknown, rtt: None>]>", "clientId": {"$oid": "66d67f9a88754994569aff35"}, "remainingTimeMS": 29}
Sep 03 03:16:43 INFO >> Features initialized as the following:
Sep 03 03:16:43 INFO >> num_unique_dms
Sep 03 03:16:43 INFO >> num_unique_freqs
Sep 03 03:16:43 INFO >> ndetections
Sep 03 03:16:43 INFO >> nharm
Sep 03 03:16:43 INFO >> log_p_dm
Sep 03 03:16:43 INFO >> ['dm_sigma_FitGaussWidth_gauss_sigma', 'dm_sigma_FitGaussWidth_gauss_sigma_rel_err', 'dm_sigma_FitGaussWidth_ndof', 'dm_sigma_FitGaussWidth_rms_err']
Sep 03 03:16:43 INFO >> ['dm_sigma_FitGauss_amplitude', 'dm_sigma_FitGauss_mu', 'dm_sigma_FitGauss_gauss_sigma', 'dm_sigma_FitGauss_amplitude_rel_err', 'dm_sigma_FitGauss_mu_rel_err', 'dm_sigma_FitGauss_gauss_sigma_rel_err', 'dm_sigma_FitGauss_amplitude-detection', 'dm_sigma_FitGauss_mu-detection', 'dm_sigma_FitGauss_ndof', 'dm_sigma_FitGauss_rms_err']
Sep 03 03:16:43 INFO >> ['freq_sigma_FitGaussWidth_gauss_sigma', 'freq_sigma_FitGaussWidth_gauss_sigma_rel_err', 'freq_sigma_FitGaussWidth_ndof', 'freq_sigma_FitGaussWidth_rms_err']
Sep 03 03:16:43 INFO >> ['freq_sigma_FitGauss_amplitude', 'freq_sigma_FitGauss_mu', 'freq_sigma_FitGauss_gauss_sigma', 'freq_sigma_FitGauss_amplitude_rel_err', 'freq_sigma_FitGauss_mu_rel_err', 'freq_sigma_FitGauss_gauss_sigma_rel_err', 'freq_sigma_FitGauss_amplitude-detection', 'freq_sigma_FitGauss_mu-detection', 'freq_sigma_FitGauss_ndof', 'freq_sigma_FitGauss_rms_err']
Sep 03 03:16:43 INFO >> Performing searching on cumulative stack 315.95 49.23
Sep 03 03:16:43 INFO >> Loading the cumulative power spectra stack to search
Sep 03 03:17:40 INFO >> DM: 95.1501044474423
Sep 03 03:17:40 INFO >> sigma: 14.342475178730425
Sep 03 03:17:40 INFO >> frequency: 91.99378871371889
Sep 03 03:17:40 INFO >> Injecting 5 harmonics.
Sep 03 03:17:40 INFO >> Starting DM: 94.01287985652948
Sep 03 03:17:40 INFO >> Stopping DM: 96.23923438488649
Sep 03 03:17:40 INFO >> Expected detection at 9.17 sigma with 4 harmonics.
Sep 03 03:17:54 INFO >> Start searching 6558 dm trials using 32 harmonics.
Sep 03 03:18:00 INFO >> Moved power spectra to shared memory.
Sep 03 03:18:00 INFO >> Number of dm trials in single multi processing job: 10
Sep 03 03:18:40 INFO >> Total number of detections=15588
Sep 03 03:18:40 INFO >> Clustering the detections
Sep 03 03:18:40 INFO >> Starting clustering
Sep 03 03:18:40 INFO >> Rogue harmonic power filter reduced detections from 15588 to 8530
Sep 03 03:18:40 INFO >> Filtering out duplicate freq,dm detections at multiple nharms removes 790 detections
Sep 03 03:18:40 INFO >> Duplicate freq,dm filter reduced detections to 7740
Sep 03 03:18:40 INFO >> Number of detections over threshold sigma (6.0): 7740
Sep 03 03:18:40 INFO >> Grouping duplicate frequencies together first
Sep 03 03:18:41 INFO >> Grouping duplicate frequencies removed 7216 detections from the harmonic metric computation
Sep 03 03:18:41 INFO >> Starting freq-DM distance metric computation
Sep 03 03:18:41 INFO >> Finished freq-DM distance metric computation
Sep 03 03:18:41 INFO >> Largest group size for metric computation is 97
Sep 03 03:18:41 INFO >> Starting harmonic distance metric computation
Sep 03 03:18:42 INFO >> Finished harmonic distance metric computation
Sep 03 03:18:42 INFO >> Starting DBSCAN
Sep 03 03:18:42 INFO >> Finished DBSCAN
Sep 03 03:18:42 INFO >> Clusters found: 76
Sep 03 03:18:42 INFO >> Filtered 32 clusters below or equal 2 DM.
Sep 03 03:18:42 INFO >> Total number of candidate clusters=1
Sep 03 03:18:42 INFO >> Candidate Processor of stack (315.95 49.23)
Sep 03 03:18:42 INFO >> Making SinglePointingCandidates from a list of 1 PowerSpectraDetectionClusters
Sep 03 03:18:44 INFO >> saved candidates to ./results//injections/315.95_49.23_cumulative_power_spectra_stack_20220627_11_tpa.yml_(705,)_candidates.npz
Sep 03 03:18:44 INFO >> Injected Pulsars:     1
Sep 03 03:18:44 INFO >> Injection Candidates: 1
Sep 03 03:18:44 INFO >> Recovered Injections: 1
Sep 03 03:18:44 INFO >> 1 candidates.
Sep 03 03:18:44 INFO >> Best candidate: F0: 183.988 DM: 95.13 Sigma: 9.03
Sep 03 03:18:46 INFO >> Unlinked shared memory for cumulative stack.
Sep 03 03:18:46 INFO >> Pipeline execution time: 2.05 minutes
