Sep 03 01:21:32 INFO >> {"message": "Waiting for suitable server to become available", "selector": "Primary()", "operation": "find", "topologyDescription": "<TopologyDescription id: 66d6649c18b3d07462b5f2d4, topology_type: Unknown, servers: [<ServerDescription ('localhost', 27017) server_type: Unknown, rtt: None>]>", "clientId": {"$oid": "66d6649c18b3d07462b5f2d4"}, "remainingTimeMS": 29}
Sep 03 01:21:32 INFO >> Features initialized as the following:
Sep 03 01:21:32 INFO >> num_unique_dms
Sep 03 01:21:32 INFO >> num_unique_freqs
Sep 03 01:21:32 INFO >> ndetections
Sep 03 01:21:32 INFO >> nharm
Sep 03 01:21:32 INFO >> log_p_dm
Sep 03 01:21:32 INFO >> ['dm_sigma_FitGaussWidth_gauss_sigma', 'dm_sigma_FitGaussWidth_gauss_sigma_rel_err', 'dm_sigma_FitGaussWidth_ndof', 'dm_sigma_FitGaussWidth_rms_err']
Sep 03 01:21:32 INFO >> ['dm_sigma_FitGauss_amplitude', 'dm_sigma_FitGauss_mu', 'dm_sigma_FitGauss_gauss_sigma', 'dm_sigma_FitGauss_amplitude_rel_err', 'dm_sigma_FitGauss_mu_rel_err', 'dm_sigma_FitGauss_gauss_sigma_rel_err', 'dm_sigma_FitGauss_amplitude-detection', 'dm_sigma_FitGauss_mu-detection', 'dm_sigma_FitGauss_ndof', 'dm_sigma_FitGauss_rms_err']
Sep 03 01:21:32 INFO >> ['freq_sigma_FitGaussWidth_gauss_sigma', 'freq_sigma_FitGaussWidth_gauss_sigma_rel_err', 'freq_sigma_FitGaussWidth_ndof', 'freq_sigma_FitGaussWidth_rms_err']
Sep 03 01:21:32 INFO >> ['freq_sigma_FitGauss_amplitude', 'freq_sigma_FitGauss_mu', 'freq_sigma_FitGauss_gauss_sigma', 'freq_sigma_FitGauss_amplitude_rel_err', 'freq_sigma_FitGauss_mu_rel_err', 'freq_sigma_FitGauss_gauss_sigma_rel_err', 'freq_sigma_FitGauss_amplitude-detection', 'freq_sigma_FitGauss_mu-detection', 'freq_sigma_FitGauss_ndof', 'freq_sigma_FitGauss_rms_err']
Sep 03 01:21:33 INFO >> Performing searching on cumulative stack 315.95 49.23
Sep 03 01:21:33 INFO >> Loading the cumulative power spectra stack to search
Sep 03 01:22:30 INFO >> DM: 188.55703057980097
Sep 03 01:22:30 INFO >> sigma: 12.818899758937704
Sep 03 01:22:30 INFO >> frequency: 10.722004605412046
Sep 03 01:22:30 INFO >> Injecting 47 harmonics.
Sep 03 01:22:30 INFO >> Starting DM: 178.91794573341673
Sep 03 01:22:30 INFO >> Stopping DM: 198.1455530237726
Sep 03 01:22:30 INFO >> Expected detection at 13.19 sigma with 32 harmonics.
Sep 03 01:22:44 INFO >> Start searching 6558 dm trials using 32 harmonics.
Sep 03 01:22:50 INFO >> Moved power spectra to shared memory.
Sep 03 01:22:50 INFO >> Number of dm trials in single multi processing job: 10
Sep 03 01:23:30 INFO >> Total number of detections=15867
Sep 03 01:23:30 INFO >> Clustering the detections
Sep 03 01:23:30 INFO >> Starting clustering
Sep 03 01:23:30 INFO >> Rogue harmonic power filter reduced detections from 15867 to 8808
Sep 03 01:23:31 INFO >> Filtering out duplicate freq,dm detections at multiple nharms removes 850 detections
Sep 03 01:23:31 INFO >> Duplicate freq,dm filter reduced detections to 7958
Sep 03 01:23:31 INFO >> Number of detections over threshold sigma (6.0): 7958
Sep 03 01:23:31 INFO >> Grouping duplicate frequencies together first
Sep 03 01:23:31 INFO >> Grouping duplicate frequencies removed 7415 detections from the harmonic metric computation
Sep 03 01:23:31 INFO >> Starting freq-DM distance metric computation
Sep 03 01:23:31 INFO >> Finished freq-DM distance metric computation
Sep 03 01:23:31 INFO >> Largest group size for metric computation is 97
Sep 03 01:23:31 INFO >> Starting harmonic distance metric computation
Sep 03 01:23:32 INFO >> Finished harmonic distance metric computation
Sep 03 01:23:32 INFO >> Starting DBSCAN
Sep 03 01:23:32 INFO >> Finished DBSCAN
Sep 03 01:23:32 INFO >> Clusters found: 76
Sep 03 01:23:32 INFO >> Filtered 32 clusters below or equal 2 DM.
Sep 03 01:23:32 INFO >> Total number of candidate clusters=1
Sep 03 01:23:32 INFO >> Candidate Processor of stack (315.95 49.23)
Sep 03 01:23:32 INFO >> Making SinglePointingCandidates from a list of 1 PowerSpectraDetectionClusters
Sep 03 01:23:35 INFO >> saved candidates to ./results//injections/315.95_49.23_cumulative_power_spectra_stack_20220627_11_tpa.yml_(650,)_candidates.npz
Sep 03 01:23:35 INFO >> Injected Pulsars:     1
Sep 03 01:23:35 INFO >> Injection Candidates: 1
Sep 03 01:23:35 INFO >> Recovered Injections: 1
Sep 03 01:23:35 INFO >> 1 candidates.
Sep 03 01:23:35 INFO >> Best candidate: F0: 10.722 DM: 188.63 Sigma: 11.18
Sep 03 01:23:36 INFO >> Unlinked shared memory for cumulative stack.
Sep 03 01:23:36 INFO >> Pipeline execution time: 2.06 minutes
