Sep 03 03:20:53 INFO >> {"message": "Waiting for suitable server to become available", "selector": "Primary()", "operation": "find", "topologyDescription": "<TopologyDescription id: 66d680959d218712347017c2, topology_type: Unknown, servers: [<ServerDescription ('localhost', 27017) server_type: Unknown, rtt: None>]>", "clientId": {"$oid": "66d680959d218712347017c2"}, "remainingTimeMS": 29}
Sep 03 03:20:53 INFO >> Features initialized as the following:
Sep 03 03:20:53 INFO >> num_unique_dms
Sep 03 03:20:53 INFO >> num_unique_freqs
Sep 03 03:20:53 INFO >> ndetections
Sep 03 03:20:53 INFO >> nharm
Sep 03 03:20:53 INFO >> log_p_dm
Sep 03 03:20:53 INFO >> ['dm_sigma_FitGaussWidth_gauss_sigma', 'dm_sigma_FitGaussWidth_gauss_sigma_rel_err', 'dm_sigma_FitGaussWidth_ndof', 'dm_sigma_FitGaussWidth_rms_err']
Sep 03 03:20:53 INFO >> ['dm_sigma_FitGauss_amplitude', 'dm_sigma_FitGauss_mu', 'dm_sigma_FitGauss_gauss_sigma', 'dm_sigma_FitGauss_amplitude_rel_err', 'dm_sigma_FitGauss_mu_rel_err', 'dm_sigma_FitGauss_gauss_sigma_rel_err', 'dm_sigma_FitGauss_amplitude-detection', 'dm_sigma_FitGauss_mu-detection', 'dm_sigma_FitGauss_ndof', 'dm_sigma_FitGauss_rms_err']
Sep 03 03:20:53 INFO >> ['freq_sigma_FitGaussWidth_gauss_sigma', 'freq_sigma_FitGaussWidth_gauss_sigma_rel_err', 'freq_sigma_FitGaussWidth_ndof', 'freq_sigma_FitGaussWidth_rms_err']
Sep 03 03:20:53 INFO >> ['freq_sigma_FitGauss_amplitude', 'freq_sigma_FitGauss_mu', 'freq_sigma_FitGauss_gauss_sigma', 'freq_sigma_FitGauss_amplitude_rel_err', 'freq_sigma_FitGauss_mu_rel_err', 'freq_sigma_FitGauss_gauss_sigma_rel_err', 'freq_sigma_FitGauss_amplitude-detection', 'freq_sigma_FitGauss_mu-detection', 'freq_sigma_FitGauss_ndof', 'freq_sigma_FitGauss_rms_err']
Sep 03 03:20:53 INFO >> Performing searching on cumulative stack 315.95 49.23
Sep 03 03:20:53 INFO >> Loading the cumulative power spectra stack to search
Sep 03 03:21:50 INFO >> DM: 71.82817113196951
Sep 03 03:21:50 INFO >> sigma: 15.507956286108676
Sep 03 03:21:50 INFO >> frequency: 13.559389662922822
Sep 03 03:21:50 INFO >> Injecting 37 harmonics.
Sep 03 03:21:50 INFO >> Starting DM: 64.26068752303146
Sep 03 03:21:50 INFO >> Stopping DM: 79.44037748910188
Sep 03 03:21:51 INFO >> Expected detection at 12.61 sigma with 16 harmonics.
Sep 03 03:22:05 INFO >> Start searching 6558 dm trials using 32 harmonics.
Sep 03 03:22:10 INFO >> Moved power spectra to shared memory.
Sep 03 03:22:10 INFO >> Number of dm trials in single multi processing job: 10
Sep 03 03:22:52 INFO >> Total number of detections=15859
Sep 03 03:22:52 INFO >> Clustering the detections
Sep 03 03:22:52 INFO >> Starting clustering
Sep 03 03:22:52 INFO >> Rogue harmonic power filter reduced detections from 15859 to 8801
Sep 03 03:22:52 INFO >> Filtering out duplicate freq,dm detections at multiple nharms removes 903 detections
Sep 03 03:22:52 INFO >> Duplicate freq,dm filter reduced detections to 7898
Sep 03 03:22:52 INFO >> Number of detections over threshold sigma (6.0): 7898
Sep 03 03:22:52 INFO >> Grouping duplicate frequencies together first
Sep 03 03:22:52 INFO >> Grouping duplicate frequencies removed 7351 detections from the harmonic metric computation
Sep 03 03:22:52 INFO >> Starting freq-DM distance metric computation
Sep 03 03:22:52 INFO >> Finished freq-DM distance metric computation
Sep 03 03:22:52 INFO >> Largest group size for metric computation is 126
Sep 03 03:22:52 INFO >> Starting harmonic distance metric computation
Sep 03 03:22:53 INFO >> Finished harmonic distance metric computation
Sep 03 03:22:53 INFO >> Starting DBSCAN
Sep 03 03:22:53 INFO >> Finished DBSCAN
Sep 03 03:22:53 INFO >> Clusters found: 76
Sep 03 03:22:53 INFO >> Filtered 32 clusters below or equal 2 DM.
Sep 03 03:22:53 INFO >> Total number of candidate clusters=1
Sep 03 03:22:53 INFO >> Candidate Processor of stack (315.95 49.23)
Sep 03 03:22:53 INFO >> Making SinglePointingCandidates from a list of 1 PowerSpectraDetectionClusters
Sep 03 03:22:56 INFO >> saved candidates to ./results//injections/315.95_49.23_cumulative_power_spectra_stack_20220627_11_tpa.yml_(707,)_candidates.npz
Sep 03 03:22:56 INFO >> Injected Pulsars:     1
Sep 03 03:22:56 INFO >> Injection Candidates: 1
Sep 03 03:22:56 INFO >> Recovered Injections: 1
Sep 03 03:22:56 INFO >> 1 candidates.
Sep 03 03:22:56 INFO >> Best candidate: F0: 13.559 DM: 71.85 Sigma: 12.78
Sep 03 03:22:57 INFO >> Unlinked shared memory for cumulative stack.
Sep 03 03:22:57 INFO >> Pipeline execution time: 2.07 minutes
