Sep 03 03:33:24 INFO >> {"message": "Waiting for suitable server to become available", "selector": "Primary()", "operation": "find", "topologyDescription": "<TopologyDescription id: 66d683849e38c89fda310a10, topology_type: Unknown, servers: [<ServerDescription ('localhost', 27017) server_type: Unknown, rtt: None>]>", "clientId": {"$oid": "66d683849e38c89fda310a10"}, "remainingTimeMS": 29}
Sep 03 03:33:24 INFO >> Features initialized as the following:
Sep 03 03:33:24 INFO >> num_unique_dms
Sep 03 03:33:24 INFO >> num_unique_freqs
Sep 03 03:33:24 INFO >> ndetections
Sep 03 03:33:24 INFO >> nharm
Sep 03 03:33:24 INFO >> log_p_dm
Sep 03 03:33:24 INFO >> ['dm_sigma_FitGaussWidth_gauss_sigma', 'dm_sigma_FitGaussWidth_gauss_sigma_rel_err', 'dm_sigma_FitGaussWidth_ndof', 'dm_sigma_FitGaussWidth_rms_err']
Sep 03 03:33:24 INFO >> ['dm_sigma_FitGauss_amplitude', 'dm_sigma_FitGauss_mu', 'dm_sigma_FitGauss_gauss_sigma', 'dm_sigma_FitGauss_amplitude_rel_err', 'dm_sigma_FitGauss_mu_rel_err', 'dm_sigma_FitGauss_gauss_sigma_rel_err', 'dm_sigma_FitGauss_amplitude-detection', 'dm_sigma_FitGauss_mu-detection', 'dm_sigma_FitGauss_ndof', 'dm_sigma_FitGauss_rms_err']
Sep 03 03:33:24 INFO >> ['freq_sigma_FitGaussWidth_gauss_sigma', 'freq_sigma_FitGaussWidth_gauss_sigma_rel_err', 'freq_sigma_FitGaussWidth_ndof', 'freq_sigma_FitGaussWidth_rms_err']
Sep 03 03:33:24 INFO >> ['freq_sigma_FitGauss_amplitude', 'freq_sigma_FitGauss_mu', 'freq_sigma_FitGauss_gauss_sigma', 'freq_sigma_FitGauss_amplitude_rel_err', 'freq_sigma_FitGauss_mu_rel_err', 'freq_sigma_FitGauss_gauss_sigma_rel_err', 'freq_sigma_FitGauss_amplitude-detection', 'freq_sigma_FitGauss_mu-detection', 'freq_sigma_FitGauss_ndof', 'freq_sigma_FitGauss_rms_err']
Sep 03 03:33:24 INFO >> Performing searching on cumulative stack 315.95 49.23
Sep 03 03:33:24 INFO >> Loading the cumulative power spectra stack to search
Sep 03 03:34:21 INFO >> DM: 102.21575682469911
Sep 03 03:34:21 INFO >> sigma: 15.851176292095897
Sep 03 03:34:21 INFO >> frequency: 89.14457367606619
Sep 03 03:34:21 INFO >> Injecting 5 harmonics.
Sep 03 03:34:21 INFO >> Starting DM: 101.09673517402902
Sep 03 03:34:21 INFO >> Stopping DM: 103.32308970238601
Sep 03 03:34:21 INFO >> Expected detection at 10.85 sigma with 4 harmonics.
Sep 03 03:34:35 INFO >> Start searching 6558 dm trials using 32 harmonics.
Sep 03 03:34:41 INFO >> Moved power spectra to shared memory.
Sep 03 03:34:41 INFO >> Number of dm trials in single multi processing job: 10
Sep 03 03:35:22 INFO >> Total number of detections=15596
Sep 03 03:35:22 INFO >> Clustering the detections
Sep 03 03:35:22 INFO >> Starting clustering
Sep 03 03:35:22 INFO >> Rogue harmonic power filter reduced detections from 15596 to 8538
Sep 03 03:35:22 INFO >> Filtering out duplicate freq,dm detections at multiple nharms removes 793 detections
Sep 03 03:35:22 INFO >> Duplicate freq,dm filter reduced detections to 7745
Sep 03 03:35:22 INFO >> Number of detections over threshold sigma (6.0): 7745
Sep 03 03:35:22 INFO >> Grouping duplicate frequencies together first
Sep 03 03:35:22 INFO >> Grouping duplicate frequencies removed 7220 detections from the harmonic metric computation
Sep 03 03:35:22 INFO >> Starting freq-DM distance metric computation
Sep 03 03:35:22 INFO >> Finished freq-DM distance metric computation
Sep 03 03:35:22 INFO >> Largest group size for metric computation is 97
Sep 03 03:35:22 INFO >> Starting harmonic distance metric computation
Sep 03 03:35:23 INFO >> Finished harmonic distance metric computation
Sep 03 03:35:23 INFO >> Starting DBSCAN
Sep 03 03:35:23 INFO >> Finished DBSCAN
Sep 03 03:35:23 INFO >> Clusters found: 76
Sep 03 03:35:23 INFO >> Filtered 32 clusters below or equal 2 DM.
Sep 03 03:35:23 INFO >> Total number of candidate clusters=1
Sep 03 03:35:23 INFO >> Candidate Processor of stack (315.95 49.23)
Sep 03 03:35:23 INFO >> Making SinglePointingCandidates from a list of 1 PowerSpectraDetectionClusters
Sep 03 03:35:25 INFO >> saved candidates to ./results//injections/315.95_49.23_cumulative_power_spectra_stack_20220627_11_tpa.yml_(713,)_candidates.npz
Sep 03 03:35:25 INFO >> Injected Pulsars:     1
Sep 03 03:35:25 INFO >> Injection Candidates: 1
Sep 03 03:35:25 INFO >> Recovered Injections: 1
Sep 03 03:35:25 INFO >> 1 candidates.
Sep 03 03:35:25 INFO >> Best candidate: F0: 89.145 DM: 102.21 Sigma: 10.50
Sep 03 03:35:27 INFO >> Unlinked shared memory for cumulative stack.
Sep 03 03:35:27 INFO >> Pipeline execution time: 2.05 minutes
