Sep 03 04:29:56 INFO >> {"message": "Waiting for suitable server to become available", "selector": "Primary()", "operation": "find", "topologyDescription": "<TopologyDescription id: 66d690c4ed519b5f87f244be, topology_type: Unknown, servers: [<ServerDescription ('localhost', 27017) server_type: Unknown, rtt: None>]>", "clientId": {"$oid": "66d690c4ed519b5f87f244be"}, "remainingTimeMS": 29}
Sep 03 04:29:56 INFO >> Features initialized as the following:
Sep 03 04:29:56 INFO >> num_unique_dms
Sep 03 04:29:56 INFO >> num_unique_freqs
Sep 03 04:29:56 INFO >> ndetections
Sep 03 04:29:56 INFO >> nharm
Sep 03 04:29:56 INFO >> log_p_dm
Sep 03 04:29:56 INFO >> ['dm_sigma_FitGaussWidth_gauss_sigma', 'dm_sigma_FitGaussWidth_gauss_sigma_rel_err', 'dm_sigma_FitGaussWidth_ndof', 'dm_sigma_FitGaussWidth_rms_err']
Sep 03 04:29:56 INFO >> ['dm_sigma_FitGauss_amplitude', 'dm_sigma_FitGauss_mu', 'dm_sigma_FitGauss_gauss_sigma', 'dm_sigma_FitGauss_amplitude_rel_err', 'dm_sigma_FitGauss_mu_rel_err', 'dm_sigma_FitGauss_gauss_sigma_rel_err', 'dm_sigma_FitGauss_amplitude-detection', 'dm_sigma_FitGauss_mu-detection', 'dm_sigma_FitGauss_ndof', 'dm_sigma_FitGauss_rms_err']
Sep 03 04:29:56 INFO >> ['freq_sigma_FitGaussWidth_gauss_sigma', 'freq_sigma_FitGaussWidth_gauss_sigma_rel_err', 'freq_sigma_FitGaussWidth_ndof', 'freq_sigma_FitGaussWidth_rms_err']
Sep 03 04:29:56 INFO >> ['freq_sigma_FitGauss_amplitude', 'freq_sigma_FitGauss_mu', 'freq_sigma_FitGauss_gauss_sigma', 'freq_sigma_FitGauss_amplitude_rel_err', 'freq_sigma_FitGauss_mu_rel_err', 'freq_sigma_FitGauss_gauss_sigma_rel_err', 'freq_sigma_FitGauss_amplitude-detection', 'freq_sigma_FitGauss_mu-detection', 'freq_sigma_FitGauss_ndof', 'freq_sigma_FitGauss_rms_err']
Sep 03 04:29:56 INFO >> Performing searching on cumulative stack 315.95 49.23
Sep 03 04:29:56 INFO >> Loading the cumulative power spectra stack to search
Sep 03 04:30:53 INFO >> DM: 24.87945063449192
Sep 03 04:30:53 INFO >> sigma: 14.308006290594662
Sep 03 04:30:53 INFO >> frequency: 27.71083676572106
Sep 03 04:30:53 INFO >> Injecting 18 harmonics.
Sep 03 04:30:53 INFO >> Starting DM: 21.150368019391458
Sep 03 04:30:53 INFO >> Stopping DM: 28.63901506931953
Sep 03 04:30:54 INFO >> Expected detection at 11.93 sigma with 16 harmonics.
Sep 03 04:31:08 INFO >> Start searching 6558 dm trials using 32 harmonics.
Sep 03 04:31:13 INFO >> Moved power spectra to shared memory.
Sep 03 04:31:13 INFO >> Number of dm trials in single multi processing job: 10
Sep 03 04:31:54 INFO >> Total number of detections=15617
Sep 03 04:31:54 INFO >> Clustering the detections
Sep 03 04:31:54 INFO >> Starting clustering
Sep 03 04:31:54 INFO >> Rogue harmonic power filter reduced detections from 15617 to 8559
Sep 03 04:31:54 INFO >> Filtering out duplicate freq,dm detections at multiple nharms removes 802 detections
Sep 03 04:31:54 INFO >> Duplicate freq,dm filter reduced detections to 7757
Sep 03 04:31:54 INFO >> Number of detections over threshold sigma (6.0): 7757
Sep 03 04:31:54 INFO >> Grouping duplicate frequencies together first
Sep 03 04:31:54 INFO >> Grouping duplicate frequencies removed 7230 detections from the harmonic metric computation
Sep 03 04:31:54 INFO >> Starting freq-DM distance metric computation
Sep 03 04:31:55 INFO >> Finished freq-DM distance metric computation
Sep 03 04:31:55 INFO >> Largest group size for metric computation is 97
Sep 03 04:31:55 INFO >> Starting harmonic distance metric computation
Sep 03 04:31:55 INFO >> Finished harmonic distance metric computation
Sep 03 04:31:55 INFO >> Starting DBSCAN
Sep 03 04:31:56 INFO >> Finished DBSCAN
Sep 03 04:31:56 INFO >> Clusters found: 76
Sep 03 04:31:56 INFO >> Filtered 32 clusters below or equal 2 DM.
Sep 03 04:31:56 INFO >> Total number of candidate clusters=1
Sep 03 04:31:56 INFO >> Candidate Processor of stack (315.95 49.23)
Sep 03 04:31:56 INFO >> Making SinglePointingCandidates from a list of 1 PowerSpectraDetectionClusters
Sep 03 04:31:58 INFO >> saved candidates to ./results//injections/315.95_49.23_cumulative_power_spectra_stack_20220627_11_tpa.yml_(740,)_candidates.npz
Sep 03 04:31:58 INFO >> Injected Pulsars:     1
Sep 03 04:31:58 INFO >> Injection Candidates: 1
Sep 03 04:31:58 INFO >> Recovered Injections: 1
Sep 03 04:31:58 INFO >> 1 candidates.
Sep 03 04:31:58 INFO >> Best candidate: F0: 27.711 DM: 24.89 Sigma: 11.36
Sep 03 04:31:59 INFO >> Unlinked shared memory for cumulative stack.
Sep 03 04:31:59 INFO >> Pipeline execution time: 2.06 minutes
