Sep 03 00:31:17 INFO >> {"message": "Waiting for suitable server to become available", "selector": "Primary()", "operation": "find", "topologyDescription": "<TopologyDescription id: 66d658d549162790c6467ca2, topology_type: Unknown, servers: [<ServerDescription ('localhost', 27017) server_type: Unknown, rtt: None>]>", "clientId": {"$oid": "66d658d549162790c6467ca2"}, "remainingTimeMS": 29}
Sep 03 00:31:17 INFO >> Features initialized as the following:
Sep 03 00:31:17 INFO >> num_unique_dms
Sep 03 00:31:17 INFO >> num_unique_freqs
Sep 03 00:31:17 INFO >> ndetections
Sep 03 00:31:17 INFO >> nharm
Sep 03 00:31:17 INFO >> log_p_dm
Sep 03 00:31:17 INFO >> ['dm_sigma_FitGaussWidth_gauss_sigma', 'dm_sigma_FitGaussWidth_gauss_sigma_rel_err', 'dm_sigma_FitGaussWidth_ndof', 'dm_sigma_FitGaussWidth_rms_err']
Sep 03 00:31:17 INFO >> ['dm_sigma_FitGauss_amplitude', 'dm_sigma_FitGauss_mu', 'dm_sigma_FitGauss_gauss_sigma', 'dm_sigma_FitGauss_amplitude_rel_err', 'dm_sigma_FitGauss_mu_rel_err', 'dm_sigma_FitGauss_gauss_sigma_rel_err', 'dm_sigma_FitGauss_amplitude-detection', 'dm_sigma_FitGauss_mu-detection', 'dm_sigma_FitGauss_ndof', 'dm_sigma_FitGauss_rms_err']
Sep 03 00:31:17 INFO >> ['freq_sigma_FitGaussWidth_gauss_sigma', 'freq_sigma_FitGaussWidth_gauss_sigma_rel_err', 'freq_sigma_FitGaussWidth_ndof', 'freq_sigma_FitGaussWidth_rms_err']
Sep 03 00:31:17 INFO >> ['freq_sigma_FitGauss_amplitude', 'freq_sigma_FitGauss_mu', 'freq_sigma_FitGauss_gauss_sigma', 'freq_sigma_FitGauss_amplitude_rel_err', 'freq_sigma_FitGauss_mu_rel_err', 'freq_sigma_FitGauss_gauss_sigma_rel_err', 'freq_sigma_FitGauss_amplitude-detection', 'freq_sigma_FitGauss_mu-detection', 'freq_sigma_FitGauss_ndof', 'freq_sigma_FitGauss_rms_err']
Sep 03 00:31:17 INFO >> Performing searching on cumulative stack 315.95 49.23
Sep 03 00:31:17 INFO >> Loading the cumulative power spectra stack to search
Sep 03 00:32:14 INFO >> DM: 34.68949334452432
Sep 03 00:32:14 INFO >> sigma: 10.684573510153665
Sep 03 00:32:14 INFO >> frequency: 12.29828257040758
Sep 03 00:32:14 INFO >> Injecting 41 harmonics.
Sep 03 00:32:14 INFO >> Starting DM: 26.3114626078554
Sep 03 00:32:14 INFO >> Stopping DM: 43.11031950364
Sep 03 00:32:14 INFO >> Expected detection at 13.07 sigma with 4 harmonics.
Sep 03 00:32:28 INFO >> Start searching 6558 dm trials using 32 harmonics.
Sep 03 00:32:34 INFO >> Moved power spectra to shared memory.
Sep 03 00:32:34 INFO >> Number of dm trials in single multi processing job: 10
Sep 03 00:33:14 INFO >> Total number of detections=16265
Sep 03 00:33:14 INFO >> Clustering the detections
Sep 03 00:33:14 INFO >> Starting clustering
Sep 03 00:33:14 INFO >> Rogue harmonic power filter reduced detections from 16265 to 9042
Sep 03 00:33:14 INFO >> Filtering out duplicate freq,dm detections at multiple nharms removes 1022 detections
Sep 03 00:33:14 INFO >> Duplicate freq,dm filter reduced detections to 8020
Sep 03 00:33:14 INFO >> Number of detections over threshold sigma (6.0): 8020
Sep 03 00:33:14 INFO >> Grouping duplicate frequencies together first
Sep 03 00:33:14 INFO >> Grouping duplicate frequencies removed 7467 detections from the harmonic metric computation
Sep 03 00:33:14 INFO >> Starting freq-DM distance metric computation
Sep 03 00:33:15 INFO >> Finished freq-DM distance metric computation
Sep 03 00:33:15 INFO >> Largest group size for metric computation is 97
Sep 03 00:33:15 INFO >> Starting harmonic distance metric computation
Sep 03 00:33:16 INFO >> Finished harmonic distance metric computation
Sep 03 00:33:16 INFO >> Starting DBSCAN
Sep 03 00:33:16 INFO >> Finished DBSCAN
Sep 03 00:33:16 INFO >> Clusters found: 78
Sep 03 00:33:16 INFO >> Filtered 32 clusters below or equal 2 DM.
Sep 03 00:33:16 INFO >> Total number of candidate clusters=3
Sep 03 00:33:16 INFO >> Candidate Processor of stack (315.95 49.23)
Sep 03 00:33:16 INFO >> Making SinglePointingCandidates from a list of 3 PowerSpectraDetectionClusters
Sep 03 00:33:19 INFO >> saved candidates to ./results//injections/315.95_49.23_cumulative_power_spectra_stack_20220627_11_tpa.yml_(626,)_candidates.npz
Sep 03 00:33:19 INFO >> Injected Pulsars:     1
Sep 03 00:33:19 INFO >> Injection Candidates: 3
Sep 03 00:33:19 INFO >> Recovered Injections: 1
Sep 03 00:33:19 INFO >> 3 candidates.
Sep 03 00:33:19 INFO >> Best candidate: F0: 12.298 DM: 34.61 Sigma: 12.72
Sep 03 00:33:20 INFO >> Unlinked shared memory for cumulative stack.
Sep 03 00:33:20 INFO >> Pipeline execution time: 2.06 minutes
