Sep 03 21:02:49 INFO >> {"message": "Waiting for suitable server to become available", "selector": "Primary()", "operation": "find", "topologyDescription": "<TopologyDescription id: 66d779793e981f259109c782, topology_type: Unknown, servers: [<ServerDescription ('localhost', 27017) server_type: Unknown, rtt: None>]>", "clientId": {"$oid": "66d779793e981f259109c782"}, "remainingTimeMS": 29}
Sep 03 21:02:50 INFO >> Features initialized as the following:
Sep 03 21:02:50 INFO >> num_unique_dms
Sep 03 21:02:50 INFO >> num_unique_freqs
Sep 03 21:02:50 INFO >> ndetections
Sep 03 21:02:50 INFO >> nharm
Sep 03 21:02:50 INFO >> log_p_dm
Sep 03 21:02:50 INFO >> ['dm_sigma_FitGaussWidth_gauss_sigma', 'dm_sigma_FitGaussWidth_gauss_sigma_rel_err', 'dm_sigma_FitGaussWidth_ndof', 'dm_sigma_FitGaussWidth_rms_err']
Sep 03 21:02:50 INFO >> ['dm_sigma_FitGauss_amplitude', 'dm_sigma_FitGauss_mu', 'dm_sigma_FitGauss_gauss_sigma', 'dm_sigma_FitGauss_amplitude_rel_err', 'dm_sigma_FitGauss_mu_rel_err', 'dm_sigma_FitGauss_gauss_sigma_rel_err', 'dm_sigma_FitGauss_amplitude-detection', 'dm_sigma_FitGauss_mu-detection', 'dm_sigma_FitGauss_ndof', 'dm_sigma_FitGauss_rms_err']
Sep 03 21:02:50 INFO >> ['freq_sigma_FitGaussWidth_gauss_sigma', 'freq_sigma_FitGaussWidth_gauss_sigma_rel_err', 'freq_sigma_FitGaussWidth_ndof', 'freq_sigma_FitGaussWidth_rms_err']
Sep 03 21:02:50 INFO >> ['freq_sigma_FitGauss_amplitude', 'freq_sigma_FitGauss_mu', 'freq_sigma_FitGauss_gauss_sigma', 'freq_sigma_FitGauss_amplitude_rel_err', 'freq_sigma_FitGauss_mu_rel_err', 'freq_sigma_FitGauss_gauss_sigma_rel_err', 'freq_sigma_FitGauss_amplitude-detection', 'freq_sigma_FitGauss_mu-detection', 'freq_sigma_FitGauss_ndof', 'freq_sigma_FitGauss_rms_err']
Sep 03 21:02:50 INFO >> Performing searching on cumulative stack 315.95 49.23
Sep 03 21:02:50 INFO >> Loading the cumulative power spectra stack to search
Sep 03 21:03:47 INFO >> DM: 176.10222358190686
Sep 03 21:03:47 INFO >> sigma: 15.152531708654184
Sep 03 21:03:47 INFO >> frequency: 50.262298818731686
Sep 03 21:03:47 INFO >> Injecting 10 harmonics.
Sep 03 21:03:47 INFO >> Starting DM: 174.06044494427417
Sep 03 21:03:47 INFO >> Stopping DM: 178.10836226855963
Sep 03 21:03:47 INFO >> Expected detection at 16.16 sigma with 8 harmonics.
Sep 03 21:04:01 INFO >> Start searching 6558 dm trials using 32 harmonics.
Sep 03 21:04:07 INFO >> Moved power spectra to shared memory.
Sep 03 21:04:07 INFO >> Number of dm trials in single multi processing job: 10
Sep 03 21:04:48 INFO >> Total number of detections=15697
Sep 03 21:04:48 INFO >> Clustering the detections
Sep 03 21:04:48 INFO >> Starting clustering
Sep 03 21:04:48 INFO >> Rogue harmonic power filter reduced detections from 15697 to 8638
Sep 03 21:04:48 INFO >> Filtering out duplicate freq,dm detections at multiple nharms removes 853 detections
Sep 03 21:04:48 INFO >> Duplicate freq,dm filter reduced detections to 7785
Sep 03 21:04:48 INFO >> Number of detections over threshold sigma (6.0): 7785
Sep 03 21:04:48 INFO >> Grouping duplicate frequencies together first
Sep 03 21:04:48 INFO >> Grouping duplicate frequencies removed 7250 detections from the harmonic metric computation
Sep 03 21:04:48 INFO >> Starting freq-DM distance metric computation
Sep 03 21:04:48 INFO >> Finished freq-DM distance metric computation
Sep 03 21:04:48 INFO >> Largest group size for metric computation is 97
Sep 03 21:04:48 INFO >> Starting harmonic distance metric computation
Sep 03 21:04:49 INFO >> Finished harmonic distance metric computation
Sep 03 21:04:49 INFO >> Starting DBSCAN
Sep 03 21:04:49 INFO >> Finished DBSCAN
Sep 03 21:04:49 INFO >> Clusters found: 77
Sep 03 21:04:49 INFO >> Filtered 32 clusters below or equal 2 DM.
Sep 03 21:04:49 INFO >> Total number of candidate clusters=2
Sep 03 21:04:49 INFO >> Candidate Processor of stack (315.95 49.23)
Sep 03 21:04:49 INFO >> Making SinglePointingCandidates from a list of 2 PowerSpectraDetectionClusters
Sep 03 21:04:52 INFO >> saved candidates to ./results//injections/315.95_49.23_cumulative_power_spectra_stack_20220627_11_tpa.yml_(0,)_candidates.npz
Sep 03 21:04:52 INFO >> Injected Pulsars:     1
Sep 03 21:04:52 INFO >> Injection Candidates: 2
Sep 03 21:04:52 INFO >> Recovered Injections: 1
Sep 03 21:04:52 INFO >> 2 candidates.
Sep 03 21:04:52 INFO >> Best candidate: F0: 50.262 DM: 176.08 Sigma: 15.95
Sep 03 21:04:53 INFO >> Unlinked shared memory for cumulative stack.
Sep 03 21:04:53 INFO >> Pipeline execution time: 2.06 minutes
