Sep 03 04:09:00 INFO >> {"message": "Waiting for suitable server to become available", "selector": "Primary()", "operation": "find", "topologyDescription": "<TopologyDescription id: 66d68bdc6f10ba4e4be3f42f, topology_type: Unknown, servers: [<ServerDescription ('localhost', 27017) server_type: Unknown, rtt: None>]>", "clientId": {"$oid": "66d68bdc6f10ba4e4be3f42f"}, "remainingTimeMS": 29}
Sep 03 04:09:00 INFO >> Features initialized as the following:
Sep 03 04:09:00 INFO >> num_unique_dms
Sep 03 04:09:00 INFO >> num_unique_freqs
Sep 03 04:09:00 INFO >> ndetections
Sep 03 04:09:00 INFO >> nharm
Sep 03 04:09:00 INFO >> log_p_dm
Sep 03 04:09:00 INFO >> ['dm_sigma_FitGaussWidth_gauss_sigma', 'dm_sigma_FitGaussWidth_gauss_sigma_rel_err', 'dm_sigma_FitGaussWidth_ndof', 'dm_sigma_FitGaussWidth_rms_err']
Sep 03 04:09:00 INFO >> ['dm_sigma_FitGauss_amplitude', 'dm_sigma_FitGauss_mu', 'dm_sigma_FitGauss_gauss_sigma', 'dm_sigma_FitGauss_amplitude_rel_err', 'dm_sigma_FitGauss_mu_rel_err', 'dm_sigma_FitGauss_gauss_sigma_rel_err', 'dm_sigma_FitGauss_amplitude-detection', 'dm_sigma_FitGauss_mu-detection', 'dm_sigma_FitGauss_ndof', 'dm_sigma_FitGauss_rms_err']
Sep 03 04:09:00 INFO >> ['freq_sigma_FitGaussWidth_gauss_sigma', 'freq_sigma_FitGaussWidth_gauss_sigma_rel_err', 'freq_sigma_FitGaussWidth_ndof', 'freq_sigma_FitGaussWidth_rms_err']
Sep 03 04:09:00 INFO >> ['freq_sigma_FitGauss_amplitude', 'freq_sigma_FitGauss_mu', 'freq_sigma_FitGauss_gauss_sigma', 'freq_sigma_FitGauss_amplitude_rel_err', 'freq_sigma_FitGauss_mu_rel_err', 'freq_sigma_FitGauss_gauss_sigma_rel_err', 'freq_sigma_FitGauss_amplitude-detection', 'freq_sigma_FitGauss_mu-detection', 'freq_sigma_FitGauss_ndof', 'freq_sigma_FitGauss_rms_err']
Sep 03 04:09:00 INFO >> Performing searching on cumulative stack 315.95 49.23
Sep 03 04:09:00 INFO >> Loading the cumulative power spectra stack to search
Sep 03 04:09:58 INFO >> DM: 148.8670959870073
Sep 03 04:09:58 INFO >> sigma: 13.793218488182333
Sep 03 04:09:58 INFO >> frequency: 27.024976262779724
Sep 03 04:09:58 INFO >> Injecting 18 harmonics.
Sep 03 04:09:58 INFO >> Starting DM: 145.01663814252612
Sep 03 04:09:58 INFO >> Stopping DM: 152.70768105866847
Sep 03 04:09:58 INFO >> Expected detection at 13.35 sigma with 16 harmonics.
Sep 03 04:10:12 INFO >> Start searching 6558 dm trials using 32 harmonics.
Sep 03 04:10:17 INFO >> Moved power spectra to shared memory.
Sep 03 04:10:17 INFO >> Number of dm trials in single multi processing job: 10
Sep 03 04:10:58 INFO >> Total number of detections=15728
Sep 03 04:10:58 INFO >> Clustering the detections
Sep 03 04:10:58 INFO >> Starting clustering
Sep 03 04:10:58 INFO >> Rogue harmonic power filter reduced detections from 15728 to 8670
Sep 03 04:10:58 INFO >> Filtering out duplicate freq,dm detections at multiple nharms removes 843 detections
Sep 03 04:10:58 INFO >> Duplicate freq,dm filter reduced detections to 7827
Sep 03 04:10:58 INFO >> Number of detections over threshold sigma (6.0): 7827
Sep 03 04:10:58 INFO >> Grouping duplicate frequencies together first
Sep 03 04:10:58 INFO >> Grouping duplicate frequencies removed 7286 detections from the harmonic metric computation
Sep 03 04:10:58 INFO >> Starting freq-DM distance metric computation
Sep 03 04:10:58 INFO >> Finished freq-DM distance metric computation
Sep 03 04:10:59 INFO >> Largest group size for metric computation is 97
Sep 03 04:10:59 INFO >> Starting harmonic distance metric computation
Sep 03 04:10:59 INFO >> Finished harmonic distance metric computation
Sep 03 04:10:59 INFO >> Starting DBSCAN
Sep 03 04:11:00 INFO >> Finished DBSCAN
Sep 03 04:11:00 INFO >> Clusters found: 77
Sep 03 04:11:00 INFO >> Filtered 32 clusters below or equal 2 DM.
Sep 03 04:11:00 INFO >> Total number of candidate clusters=2
Sep 03 04:11:00 INFO >> Candidate Processor of stack (315.95 49.23)
Sep 03 04:11:00 INFO >> Making SinglePointingCandidates from a list of 2 PowerSpectraDetectionClusters
Sep 03 04:11:02 INFO >> saved candidates to ./results//injections/315.95_49.23_cumulative_power_spectra_stack_20220627_11_tpa.yml_(730,)_candidates.npz
Sep 03 04:11:02 INFO >> Injected Pulsars:     1
Sep 03 04:11:02 INFO >> Injection Candidates: 2
Sep 03 04:11:02 INFO >> Recovered Injections: 1
Sep 03 04:11:02 INFO >> 2 candidates.
Sep 03 04:11:02 INFO >> Best candidate: F0: 27.025 DM: 148.86 Sigma: 13.23
Sep 03 04:11:03 INFO >> Unlinked shared memory for cumulative stack.
Sep 03 04:11:03 INFO >> Pipeline execution time: 2.06 minutes
