Sep 03 02:18:03 INFO >> {"message": "Waiting for suitable server to become available", "selector": "Primary()", "operation": "find", "topologyDescription": "<TopologyDescription id: 66d671db9cdee0d24b62bcdd, topology_type: Unknown, servers: [<ServerDescription ('localhost', 27017) server_type: Unknown, rtt: None>]>", "clientId": {"$oid": "66d671db9cdee0d24b62bcdd"}, "remainingTimeMS": 29}
Sep 03 02:18:04 INFO >> Features initialized as the following:
Sep 03 02:18:04 INFO >> num_unique_dms
Sep 03 02:18:04 INFO >> num_unique_freqs
Sep 03 02:18:04 INFO >> ndetections
Sep 03 02:18:04 INFO >> nharm
Sep 03 02:18:04 INFO >> log_p_dm
Sep 03 02:18:04 INFO >> ['dm_sigma_FitGaussWidth_gauss_sigma', 'dm_sigma_FitGaussWidth_gauss_sigma_rel_err', 'dm_sigma_FitGaussWidth_ndof', 'dm_sigma_FitGaussWidth_rms_err']
Sep 03 02:18:04 INFO >> ['dm_sigma_FitGauss_amplitude', 'dm_sigma_FitGauss_mu', 'dm_sigma_FitGauss_gauss_sigma', 'dm_sigma_FitGauss_amplitude_rel_err', 'dm_sigma_FitGauss_mu_rel_err', 'dm_sigma_FitGauss_gauss_sigma_rel_err', 'dm_sigma_FitGauss_amplitude-detection', 'dm_sigma_FitGauss_mu-detection', 'dm_sigma_FitGauss_ndof', 'dm_sigma_FitGauss_rms_err']
Sep 03 02:18:04 INFO >> ['freq_sigma_FitGaussWidth_gauss_sigma', 'freq_sigma_FitGaussWidth_gauss_sigma_rel_err', 'freq_sigma_FitGaussWidth_ndof', 'freq_sigma_FitGaussWidth_rms_err']
Sep 03 02:18:04 INFO >> ['freq_sigma_FitGauss_amplitude', 'freq_sigma_FitGauss_mu', 'freq_sigma_FitGauss_gauss_sigma', 'freq_sigma_FitGauss_amplitude_rel_err', 'freq_sigma_FitGauss_mu_rel_err', 'freq_sigma_FitGauss_gauss_sigma_rel_err', 'freq_sigma_FitGauss_amplitude-detection', 'freq_sigma_FitGauss_mu-detection', 'freq_sigma_FitGauss_ndof', 'freq_sigma_FitGauss_rms_err']
Sep 03 02:18:04 INFO >> Performing searching on cumulative stack 315.95 49.23
Sep 03 02:18:04 INFO >> Loading the cumulative power spectra stack to search
Sep 03 02:19:01 INFO >> DM: 67.85028356193679
Sep 03 02:19:01 INFO >> sigma: 16.132907013875677
Sep 03 02:19:01 INFO >> frequency: 60.747353520023076
Sep 03 02:19:01 INFO >> Injecting 8 harmonics.
Sep 03 02:19:01 INFO >> Starting DM: 66.18344825206705
Sep 03 02:19:01 INFO >> Stopping DM: 69.52298004460253
Sep 03 02:19:01 INFO >> Expected detection at 7.54 sigma with 8 harmonics.
Sep 03 02:19:15 INFO >> Start searching 6558 dm trials using 32 harmonics.
Sep 03 02:19:21 INFO >> Moved power spectra to shared memory.
Sep 03 02:19:21 INFO >> Number of dm trials in single multi processing job: 10
Sep 03 02:20:01 INFO >> Total number of detections=15581
Sep 03 02:20:01 INFO >> Clustering the detections
Sep 03 02:20:01 INFO >> Starting clustering
Sep 03 02:20:01 INFO >> Rogue harmonic power filter reduced detections from 15581 to 8523
Sep 03 02:20:01 INFO >> Filtering out duplicate freq,dm detections at multiple nharms removes 787 detections
Sep 03 02:20:01 INFO >> Duplicate freq,dm filter reduced detections to 7736
Sep 03 02:20:01 INFO >> Number of detections over threshold sigma (6.0): 7736
Sep 03 02:20:01 INFO >> Grouping duplicate frequencies together first
Sep 03 02:20:01 INFO >> Grouping duplicate frequencies removed 7216 detections from the harmonic metric computation
Sep 03 02:20:01 INFO >> Starting freq-DM distance metric computation
Sep 03 02:20:02 INFO >> Finished freq-DM distance metric computation
Sep 03 02:20:02 INFO >> Largest group size for metric computation is 97
Sep 03 02:20:02 INFO >> Starting harmonic distance metric computation
Sep 03 02:20:03 INFO >> Finished harmonic distance metric computation
Sep 03 02:20:03 INFO >> Starting DBSCAN
Sep 03 02:20:03 INFO >> Finished DBSCAN
Sep 03 02:20:03 INFO >> Clusters found: 75
Sep 03 02:20:03 INFO >> Filtered 32 clusters below or equal 2 DM.
Sep 03 02:20:03 INFO >> Total number of candidate clusters=0
Sep 03 02:20:03 INFO >> Candidate Processor of stack (315.95 49.23)
Sep 03 02:20:03 INFO >> Making SinglePointingCandidates from a list of 0 PowerSpectraDetectionClusters
Sep 03 02:20:05 INFO >> saved candidates to ./results//injections/315.95_49.23_cumulative_power_spectra_stack_20220627_11_tpa.yml_(677,)_candidates.npz
Sep 03 02:20:05 INFO >> Injected Pulsars:     1
Sep 03 02:20:05 INFO >> Injection Candidates: 0
Sep 03 02:20:05 INFO >> Recovered Injections: 0
Sep 03 02:20:05 INFO >> 0 candidates.
Sep 03 02:20:06 INFO >> Unlinked shared memory for cumulative stack.
Sep 03 02:20:06 INFO >> Pipeline execution time: 2.05 minutes
