Sep 03 00:12:28 INFO >> {"message": "Waiting for suitable server to become available", "selector": "Primary()", "operation": "find", "topologyDescription": "<TopologyDescription id: 66d6546ca34b96e3cfafa8ea, topology_type: Unknown, servers: [<ServerDescription ('localhost', 27017) server_type: Unknown, rtt: None>]>", "clientId": {"$oid": "66d6546ca34b96e3cfafa8ea"}, "remainingTimeMS": 29}
Sep 03 00:12:28 INFO >> Features initialized as the following:
Sep 03 00:12:28 INFO >> num_unique_dms
Sep 03 00:12:28 INFO >> num_unique_freqs
Sep 03 00:12:28 INFO >> ndetections
Sep 03 00:12:28 INFO >> nharm
Sep 03 00:12:28 INFO >> log_p_dm
Sep 03 00:12:28 INFO >> ['dm_sigma_FitGaussWidth_gauss_sigma', 'dm_sigma_FitGaussWidth_gauss_sigma_rel_err', 'dm_sigma_FitGaussWidth_ndof', 'dm_sigma_FitGaussWidth_rms_err']
Sep 03 00:12:28 INFO >> ['dm_sigma_FitGauss_amplitude', 'dm_sigma_FitGauss_mu', 'dm_sigma_FitGauss_gauss_sigma', 'dm_sigma_FitGauss_amplitude_rel_err', 'dm_sigma_FitGauss_mu_rel_err', 'dm_sigma_FitGauss_gauss_sigma_rel_err', 'dm_sigma_FitGauss_amplitude-detection', 'dm_sigma_FitGauss_mu-detection', 'dm_sigma_FitGauss_ndof', 'dm_sigma_FitGauss_rms_err']
Sep 03 00:12:28 INFO >> ['freq_sigma_FitGaussWidth_gauss_sigma', 'freq_sigma_FitGaussWidth_gauss_sigma_rel_err', 'freq_sigma_FitGaussWidth_ndof', 'freq_sigma_FitGaussWidth_rms_err']
Sep 03 00:12:28 INFO >> ['freq_sigma_FitGauss_amplitude', 'freq_sigma_FitGauss_mu', 'freq_sigma_FitGauss_gauss_sigma', 'freq_sigma_FitGauss_amplitude_rel_err', 'freq_sigma_FitGauss_mu_rel_err', 'freq_sigma_FitGauss_gauss_sigma_rel_err', 'freq_sigma_FitGauss_amplitude-detection', 'freq_sigma_FitGauss_mu-detection', 'freq_sigma_FitGauss_ndof', 'freq_sigma_FitGauss_rms_err']
Sep 03 00:12:29 INFO >> Performing searching on cumulative stack 315.95 49.23
Sep 03 00:12:29 INFO >> Loading the cumulative power spectra stack to search
Sep 03 00:13:26 INFO >> DM: 171.98288771274403
Sep 03 00:13:26 INFO >> sigma: 16.20543143347539
Sep 03 00:13:26 INFO >> frequency: 79.37764227302989
Sep 03 00:13:26 INFO >> Injecting 6 harmonics.
Sep 03 00:13:26 INFO >> Starting DM: 170.7209131517387
Sep 03 00:13:26 INFO >> Stopping DM: 173.2508614794171
Sep 03 00:13:26 INFO >> Expected detection at 13.19 sigma with 4 harmonics.
Sep 03 00:13:40 INFO >> Start searching 6558 dm trials using 32 harmonics.
Sep 03 00:13:46 INFO >> Moved power spectra to shared memory.
Sep 03 00:13:46 INFO >> Number of dm trials in single multi processing job: 10
Sep 03 00:14:26 INFO >> Total number of detections=15688
Sep 03 00:14:26 INFO >> Clustering the detections
Sep 03 00:14:26 INFO >> Starting clustering
Sep 03 00:14:26 INFO >> Rogue harmonic power filter reduced detections from 15688 to 8592
Sep 03 00:14:26 INFO >> Filtering out duplicate freq,dm detections at multiple nharms removes 805 detections
Sep 03 00:14:26 INFO >> Duplicate freq,dm filter reduced detections to 7787
Sep 03 00:14:26 INFO >> Number of detections over threshold sigma (6.0): 7787
Sep 03 00:14:26 INFO >> Grouping duplicate frequencies together first
Sep 03 00:14:26 INFO >> Grouping duplicate frequencies removed 7247 detections from the harmonic metric computation
Sep 03 00:14:26 INFO >> Starting freq-DM distance metric computation
Sep 03 00:14:26 INFO >> Finished freq-DM distance metric computation
Sep 03 00:14:27 INFO >> Largest group size for metric computation is 97
Sep 03 00:14:27 INFO >> Starting harmonic distance metric computation
Sep 03 00:14:27 INFO >> Finished harmonic distance metric computation
Sep 03 00:14:27 INFO >> Starting DBSCAN
Sep 03 00:14:27 INFO >> Finished DBSCAN
Sep 03 00:14:27 INFO >> Clusters found: 76
Sep 03 00:14:27 INFO >> Filtered 32 clusters below or equal 2 DM.
Sep 03 00:14:27 INFO >> Total number of candidate clusters=1
Sep 03 00:14:27 INFO >> Candidate Processor of stack (315.95 49.23)
Sep 03 00:14:27 INFO >> Making SinglePointingCandidates from a list of 1 PowerSpectraDetectionClusters
Sep 03 00:14:30 INFO >> saved candidates to ./results//injections/315.95_49.23_cumulative_power_spectra_stack_20220627_11_tpa.yml_(617,)_candidates.npz
Sep 03 00:14:30 INFO >> Injected Pulsars:     1
Sep 03 00:14:30 INFO >> Injection Candidates: 1
Sep 03 00:14:30 INFO >> Recovered Injections: 1
Sep 03 00:14:30 INFO >> 1 candidates.
Sep 03 00:14:30 INFO >> Best candidate: F0: 79.378 DM: 172.04 Sigma: 13.05
Sep 03 00:14:31 INFO >> Unlinked shared memory for cumulative stack.
Sep 03 00:14:31 INFO >> Pipeline execution time: 2.05 minutes
