Sep 03 04:38:18 INFO >> {"message": "Waiting for suitable server to become available", "selector": "Primary()", "operation": "find", "topologyDescription": "<TopologyDescription id: 66d692bae546c718b8994333, topology_type: Unknown, servers: [<ServerDescription ('localhost', 27017) server_type: Unknown, rtt: None>]>", "clientId": {"$oid": "66d692bae546c718b8994333"}, "remainingTimeMS": 29}
Sep 03 04:38:18 INFO >> Features initialized as the following:
Sep 03 04:38:18 INFO >> num_unique_dms
Sep 03 04:38:18 INFO >> num_unique_freqs
Sep 03 04:38:18 INFO >> ndetections
Sep 03 04:38:18 INFO >> nharm
Sep 03 04:38:18 INFO >> log_p_dm
Sep 03 04:38:18 INFO >> ['dm_sigma_FitGaussWidth_gauss_sigma', 'dm_sigma_FitGaussWidth_gauss_sigma_rel_err', 'dm_sigma_FitGaussWidth_ndof', 'dm_sigma_FitGaussWidth_rms_err']
Sep 03 04:38:18 INFO >> ['dm_sigma_FitGauss_amplitude', 'dm_sigma_FitGauss_mu', 'dm_sigma_FitGauss_gauss_sigma', 'dm_sigma_FitGauss_amplitude_rel_err', 'dm_sigma_FitGauss_mu_rel_err', 'dm_sigma_FitGauss_gauss_sigma_rel_err', 'dm_sigma_FitGauss_amplitude-detection', 'dm_sigma_FitGauss_mu-detection', 'dm_sigma_FitGauss_ndof', 'dm_sigma_FitGauss_rms_err']
Sep 03 04:38:18 INFO >> ['freq_sigma_FitGaussWidth_gauss_sigma', 'freq_sigma_FitGaussWidth_gauss_sigma_rel_err', 'freq_sigma_FitGaussWidth_ndof', 'freq_sigma_FitGaussWidth_rms_err']
Sep 03 04:38:18 INFO >> ['freq_sigma_FitGauss_amplitude', 'freq_sigma_FitGauss_mu', 'freq_sigma_FitGauss_gauss_sigma', 'freq_sigma_FitGauss_amplitude_rel_err', 'freq_sigma_FitGauss_mu_rel_err', 'freq_sigma_FitGauss_gauss_sigma_rel_err', 'freq_sigma_FitGauss_amplitude-detection', 'freq_sigma_FitGauss_mu-detection', 'freq_sigma_FitGauss_ndof', 'freq_sigma_FitGauss_rms_err']
Sep 03 04:38:18 INFO >> Performing searching on cumulative stack 315.95 49.23
Sep 03 04:38:18 INFO >> Loading the cumulative power spectra stack to search
Sep 03 04:39:15 INFO >> DM: 18.538133843449785
Sep 03 04:39:15 INFO >> sigma: 12.113081874431394
Sep 03 04:39:15 INFO >> frequency: 63.54398135941928
Sep 03 04:39:15 INFO >> Injecting 8 harmonics.
Sep 03 04:39:15 INFO >> Starting DM: 16.90005482889174
Sep 03 04:39:15 INFO >> Stopping DM: 20.138388688320095
Sep 03 04:39:15 INFO >> Expected detection at 7.02 sigma with 8 harmonics.
Sep 03 04:39:29 INFO >> Start searching 6558 dm trials using 32 harmonics.
Sep 03 04:39:35 INFO >> Moved power spectra to shared memory.
Sep 03 04:39:35 INFO >> Number of dm trials in single multi processing job: 10
Sep 03 04:40:16 INFO >> Total number of detections=15578
Sep 03 04:40:16 INFO >> Clustering the detections
Sep 03 04:40:16 INFO >> Starting clustering
Sep 03 04:40:16 INFO >> Rogue harmonic power filter reduced detections from 15578 to 8520
Sep 03 04:40:16 INFO >> Filtering out duplicate freq,dm detections at multiple nharms removes 787 detections
Sep 03 04:40:16 INFO >> Duplicate freq,dm filter reduced detections to 7733
Sep 03 04:40:16 INFO >> Number of detections over threshold sigma (6.0): 7733
Sep 03 04:40:16 INFO >> Grouping duplicate frequencies together first
Sep 03 04:40:16 INFO >> Grouping duplicate frequencies removed 7214 detections from the harmonic metric computation
Sep 03 04:40:16 INFO >> Starting freq-DM distance metric computation
Sep 03 04:40:16 INFO >> Finished freq-DM distance metric computation
Sep 03 04:40:17 INFO >> Largest group size for metric computation is 97
Sep 03 04:40:17 INFO >> Starting harmonic distance metric computation
Sep 03 04:40:17 INFO >> Finished harmonic distance metric computation
Sep 03 04:40:17 INFO >> Starting DBSCAN
Sep 03 04:40:17 INFO >> Finished DBSCAN
Sep 03 04:40:17 INFO >> Clusters found: 75
Sep 03 04:40:17 INFO >> Filtered 32 clusters below or equal 2 DM.
Sep 03 04:40:17 INFO >> Total number of candidate clusters=0
Sep 03 04:40:18 INFO >> Candidate Processor of stack (315.95 49.23)
Sep 03 04:40:18 INFO >> Making SinglePointingCandidates from a list of 0 PowerSpectraDetectionClusters
Sep 03 04:40:19 INFO >> saved candidates to ./results//injections/315.95_49.23_cumulative_power_spectra_stack_20220627_11_tpa.yml_(744,)_candidates.npz
Sep 03 04:40:19 INFO >> Injected Pulsars:     1
Sep 03 04:40:19 INFO >> Injection Candidates: 0
Sep 03 04:40:19 INFO >> Recovered Injections: 0
Sep 03 04:40:19 INFO >> 0 candidates.
Sep 03 04:40:21 INFO >> Unlinked shared memory for cumulative stack.
Sep 03 04:40:21 INFO >> Pipeline execution time: 2.05 minutes
