Sep 03 03:37:35 INFO >> {"message": "Waiting for suitable server to become available", "selector": "Primary()", "operation": "find", "topologyDescription": "<TopologyDescription id: 66d6847f04654a3434ab422d, topology_type: Unknown, servers: [<ServerDescription ('localhost', 27017) server_type: Unknown, rtt: None>]>", "clientId": {"$oid": "66d6847f04654a3434ab422d"}, "remainingTimeMS": 29}
Sep 03 03:37:35 INFO >> Features initialized as the following:
Sep 03 03:37:35 INFO >> num_unique_dms
Sep 03 03:37:35 INFO >> num_unique_freqs
Sep 03 03:37:35 INFO >> ndetections
Sep 03 03:37:35 INFO >> nharm
Sep 03 03:37:35 INFO >> log_p_dm
Sep 03 03:37:35 INFO >> ['dm_sigma_FitGaussWidth_gauss_sigma', 'dm_sigma_FitGaussWidth_gauss_sigma_rel_err', 'dm_sigma_FitGaussWidth_ndof', 'dm_sigma_FitGaussWidth_rms_err']
Sep 03 03:37:35 INFO >> ['dm_sigma_FitGauss_amplitude', 'dm_sigma_FitGauss_mu', 'dm_sigma_FitGauss_gauss_sigma', 'dm_sigma_FitGauss_amplitude_rel_err', 'dm_sigma_FitGauss_mu_rel_err', 'dm_sigma_FitGauss_gauss_sigma_rel_err', 'dm_sigma_FitGauss_amplitude-detection', 'dm_sigma_FitGauss_mu-detection', 'dm_sigma_FitGauss_ndof', 'dm_sigma_FitGauss_rms_err']
Sep 03 03:37:35 INFO >> ['freq_sigma_FitGaussWidth_gauss_sigma', 'freq_sigma_FitGaussWidth_gauss_sigma_rel_err', 'freq_sigma_FitGaussWidth_ndof', 'freq_sigma_FitGaussWidth_rms_err']
Sep 03 03:37:35 INFO >> ['freq_sigma_FitGauss_amplitude', 'freq_sigma_FitGauss_mu', 'freq_sigma_FitGauss_gauss_sigma', 'freq_sigma_FitGauss_amplitude_rel_err', 'freq_sigma_FitGauss_mu_rel_err', 'freq_sigma_FitGauss_gauss_sigma_rel_err', 'freq_sigma_FitGauss_amplitude-detection', 'freq_sigma_FitGauss_mu-detection', 'freq_sigma_FitGauss_ndof', 'freq_sigma_FitGauss_rms_err']
Sep 03 03:37:35 INFO >> Performing searching on cumulative stack 315.95 49.23
Sep 03 03:37:35 INFO >> Loading the cumulative power spectra stack to search
Sep 03 03:38:32 INFO >> DM: 164.7072703637432
Sep 03 03:38:32 INFO >> sigma: 14.746865843189106
Sep 03 03:38:32 INFO >> frequency: 76.79095272810042
Sep 03 03:38:32 INFO >> Injecting 6 harmonics.
Sep 03 03:38:32 INFO >> Starting DM: 163.33346403491774
Sep 03 03:38:32 INFO >> Stopping DM: 166.06580822881043
Sep 03 03:38:32 INFO >> Expected detection at 10.23 sigma with 4 harmonics.
Sep 03 03:38:46 INFO >> Start searching 6558 dm trials using 32 harmonics.
Sep 03 03:38:52 INFO >> Moved power spectra to shared memory.
Sep 03 03:38:52 INFO >> Number of dm trials in single multi processing job: 10
Sep 03 03:39:33 INFO >> Total number of detections=15594
Sep 03 03:39:33 INFO >> Clustering the detections
Sep 03 03:39:33 INFO >> Starting clustering
Sep 03 03:39:33 INFO >> Rogue harmonic power filter reduced detections from 15594 to 8535
Sep 03 03:39:33 INFO >> Filtering out duplicate freq,dm detections at multiple nharms removes 792 detections
Sep 03 03:39:33 INFO >> Duplicate freq,dm filter reduced detections to 7743
Sep 03 03:39:33 INFO >> Number of detections over threshold sigma (6.0): 7743
Sep 03 03:39:33 INFO >> Grouping duplicate frequencies together first
Sep 03 03:39:33 INFO >> Grouping duplicate frequencies removed 7219 detections from the harmonic metric computation
Sep 03 03:39:33 INFO >> Starting freq-DM distance metric computation
Sep 03 03:39:34 INFO >> Finished freq-DM distance metric computation
Sep 03 03:39:34 INFO >> Largest group size for metric computation is 97
Sep 03 03:39:34 INFO >> Starting harmonic distance metric computation
Sep 03 03:39:35 INFO >> Finished harmonic distance metric computation
Sep 03 03:39:35 INFO >> Starting DBSCAN
Sep 03 03:39:35 INFO >> Finished DBSCAN
Sep 03 03:39:35 INFO >> Clusters found: 76
Sep 03 03:39:35 INFO >> Filtered 32 clusters below or equal 2 DM.
Sep 03 03:39:35 INFO >> Total number of candidate clusters=1
Sep 03 03:39:35 INFO >> Candidate Processor of stack (315.95 49.23)
Sep 03 03:39:35 INFO >> Making SinglePointingCandidates from a list of 1 PowerSpectraDetectionClusters
Sep 03 03:39:37 INFO >> saved candidates to ./results//injections/315.95_49.23_cumulative_power_spectra_stack_20220627_11_tpa.yml_(715,)_candidates.npz
Sep 03 03:39:37 INFO >> Injected Pulsars:     1
Sep 03 03:39:37 INFO >> Injection Candidates: 1
Sep 03 03:39:37 INFO >> Recovered Injections: 1
Sep 03 03:39:37 INFO >> 1 candidates.
Sep 03 03:39:37 INFO >> Best candidate: F0: 76.791 DM: 164.75 Sigma: 9.28
Sep 03 03:39:38 INFO >> Unlinked shared memory for cumulative stack.
Sep 03 03:39:38 INFO >> Pipeline execution time: 2.06 minutes
